<?xml version="1.0" encoding="UTF-8"?>
<testsuite name="io.jbotsim.core.ClockTicksToCallbacksRelationshipTest" tests="3" skipped="0" failures="0" errors="0" timestamp="2020-06-16T15:10:14" hostname="runner-72989761-project-19412425-concurrent-0" time="2.004">
  <properties/>
  <testcase name="hundredClockTicks_roundsIncrement_onStartOnce_onClocksIncrement()" classname="io.jbotsim.core.ClockTicksToCallbacksRelationshipTest" time="1.979"/>
  <testcase name="beforeStart_roundZero_noCallbackCalled()" classname="io.jbotsim.core.ClockTicksToCallbacksRelationshipTest" time="0.006"/>
  <testcase name="firstClockTick_roundZero_callbacksCalledOnce()" classname="io.jbotsim.core.ClockTicksToCallbacksRelationshipTest" time="0.01"/>
  <system-out><![CDATA[]]></system-out>
  <system-err><![CDATA[]]></system-err>
</testsuite>
<?xml version="1.0" encoding="UTF-8"?>
<testsuite name="io.jbotsim.core.ColorTest" tests="19" skipped="0" failures="0" errors="0" timestamp="2020-06-16T15:10:14" hostname="runner-72989761-project-19412425-concurrent-0" time="0.277">
  <properties/>
  <testcase name="indexOf_constantIndexes_sameResult()" classname="io.jbotsim.core.ColorTest" time="0.007"/>
  <testcase name="constructor_intValueWithoutAlpha_matchesAWT()" classname="io.jbotsim.core.ColorTest" time="0.141"/>
  <testcase name="equals_sameObject_equal()" classname="io.jbotsim.core.ColorTest" time="0.002"/>
  <testcase name="copyConstructor_equal()" classname="io.jbotsim.core.ColorTest" time="0.004"/>
  <testcase name="equals_differentG_notEqual()" classname="io.jbotsim.core.ColorTest" time="0.001"/>
  <testcase name="getRandomColor_sameSeeds_sameResult()" classname="io.jbotsim.core.ColorTest" time="0.004"/>
  <testcase name="indexOf_notPresent_returnMinus1()" classname="io.jbotsim.core.ColorTest" time="0.001"/>
  <testcase name="constructor_rgbaValues_matchesAWT()" classname="io.jbotsim.core.ColorTest" time="0.01"/>
  <testcase name="equals_differentB_notEqual()" classname="io.jbotsim.core.ColorTest" time="0.002"/>
  <testcase name="equals_sameValues_equal()" classname="io.jbotsim.core.ColorTest" time="0.001"/>
  <testcase name="getRandomColor_differentSeeds_differentResult()" classname="io.jbotsim.core.ColorTest" time="0.004"/>
  <testcase name="equals_null_notEqual()" classname="io.jbotsim.core.ColorTest" time="0.002"/>
  <testcase name="constructor_rgbValues_matchesAWT()" classname="io.jbotsim.core.ColorTest" time="0.003"/>
  <testcase name="equals_differentR_notEqual()" classname="io.jbotsim.core.ColorTest" time="0.001"/>
  <testcase name="constructor_incorrectComponents_throwsIllegalArgumentException()" classname="io.jbotsim.core.ColorTest" time="0.032"/>
  <testcase name="constructor_intValueWithAlpha_matchesAWT()" classname="io.jbotsim.core.ColorTest" time="0.001"/>
  <testcase name="getColorAt_constantIndexes_sameResult()" classname="io.jbotsim.core.ColorTest" time="0.01"/>
  <testcase name="equals_differentAlpha_notEqual()" classname="io.jbotsim.core.ColorTest" time="0.001"/>
  <testcase name="getRandomColor_consecutiveCalls_differentResults()" classname="io.jbotsim.core.ColorTest" time="0.001"/>
  <system-out><![CDATA[]]></system-out>
  <system-err><![CDATA[4
]]></system-err>
</testsuite>
<?xml version="1.0" encoding="UTF-8"?>
<testsuite name="io.jbotsim.core.LinkResolverTest" tests="14" skipped="0" failures="0" errors="0" timestamp="2020-06-16T15:10:14" hostname="runner-72989761-project-19412425-concurrent-0" time="0.05">
  <properties/>
  <testcase name="isHeardBy_n1n2NoWireless_notHeard()" classname="io.jbotsim.core.LinkResolverTest" time="0.001"/>
  <testcase name="isHeardBy_properNodesNotInRange_notHeard()" classname="io.jbotsim.core.LinkResolverTest" time="0.003"/>
  <testcase name="isHeardBy_n1Null_throwsNullPointerException()" classname="io.jbotsim.core.LinkResolverTest" time="0.004"/>
  <testcase name="isHeardBy_n2NoWireless_notHeard()" classname="io.jbotsim.core.LinkResolverTest" time="0.003"/>
  <testcase name="isHeardBy_atLimitOnYaxis_heard()" classname="io.jbotsim.core.LinkResolverTest" time="0.001"/>
  <testcase name="isHeardBy_n1NoWireless_notHeard()" classname="io.jbotsim.core.LinkResolverTest" time="0.001"/>
  <testcase name="isHeardBy_n2AwayOnZaxis_notHeard()" classname="io.jbotsim.core.LinkResolverTest" time="0.0"/>
  <testcase name="isHeardBy_atLimintOnXaxis_heard()" classname="io.jbotsim.core.LinkResolverTest" time="0.001"/>
  <testcase name="isHeardBy_n1n2Null_throwsNullPointerException()" classname="io.jbotsim.core.LinkResolverTest" time="0.002"/>
  <testcase name="isHeardBy_n2AwayOnYaxis_notHeard()" classname="io.jbotsim.core.LinkResolverTest" time="0.001"/>
  <testcase name="isHeardBy_properNodesInRange_heard()" classname="io.jbotsim.core.LinkResolverTest" time="0.003"/>
  <testcase name="isHeardBy_atLimintOnZaxis_heard()" classname="io.jbotsim.core.LinkResolverTest" time="0.0"/>
  <testcase name="isHeardBy_n2AwayOnXaxis_notHeard()" classname="io.jbotsim.core.LinkResolverTest" time="0.002"/>
  <testcase name="isHeardBy_n2Null_throwsNullPointerException()" classname="io.jbotsim.core.LinkResolverTest" time="0.0"/>
  <system-out><![CDATA[]]></system-out>
  <system-err><![CDATA[]]></system-err>
</testsuite>
<?xml version="1.0" encoding="UTF-8"?>
<testsuite name="io.jbotsim.core.LinkTest" tests="4" skipped="0" failures="0" errors="0" timestamp="2020-06-16T15:10:14" hostname="runner-72989761-project-19412425-concurrent-0" time="0.008">
  <properties/>
  <testcase name="equals_sameObject_equal()" classname="io.jbotsim.core.LinkTest" time="0.0"/>
  <testcase name="equals_differentNodes_notEqual()" classname="io.jbotsim.core.LinkTest" time="0.001"/>
  <testcase name="equals_sameValues_equal()" classname="io.jbotsim.core.LinkTest" time="0.0"/>
  <testcase name="equals_null_notEqual()" classname="io.jbotsim.core.LinkTest" time="0.001"/>
  <system-out><![CDATA[]]></system-out>
  <system-err><![CDATA[]]></system-err>
</testsuite>
<?xml version="1.0" encoding="UTF-8"?>
<testsuite name="io.jbotsim.core.NodeTest" tests="5" skipped="0" failures="0" errors="0" timestamp="2020-06-16T15:10:14" hostname="runner-72989761-project-19412425-concurrent-0" time="0.023">
  <properties/>
  <testcase name="iconSize_defaultValue_ok()" classname="io.jbotsim.core.NodeTest" time="0.002"/>
  <testcase name="iconSize_setZero_ok()" classname="io.jbotsim.core.NodeTest" time="0.003"/>
  <testcase name="iconSize_setPositive_ok()" classname="io.jbotsim.core.NodeTest" time="0.002"/>
  <testcase name="iconSize_setNegative_ok()" classname="io.jbotsim.core.NodeTest" time="0.001"/>
  <testcase name="equals_null_notEqual()" classname="io.jbotsim.core.NodeTest" time="0.001"/>
  <system-out><![CDATA[]]></system-out>
  <system-err><![CDATA[]]></system-err>
</testsuite>
<?xml version="1.0" encoding="UTF-8"?>
<testsuite name="io.jbotsim.core.OrientationTest" tests="37" skipped="0" failures="0" errors="0" timestamp="2020-06-16T15:10:14" hostname="runner-72989761-project-19412425-concurrent-0" time="0.334">
  <properties/>
  <testcase name="checkMixedDirectedUndirectedTopology(int[][])[1]" classname="io.jbotsim.core.OrientationTest" time="0.077"/>
  <testcase name="checkMixedDirectedUndirectedTopology(int[][])[2]" classname="io.jbotsim.core.OrientationTest" time="0.001"/>
  <testcase name="checkMixedDirectedUndirectedTopology(int[][])[3]" classname="io.jbotsim.core.OrientationTest" time="0.002"/>
  <testcase name="checkMixedDirectedUndirectedTopology(int[][])[4]" classname="io.jbotsim.core.OrientationTest" time="0.001"/>
  <testcase name="checkMixedDirectedUndirectedTopology(int[][])[5]" classname="io.jbotsim.core.OrientationTest" time="0.001"/>
  <testcase name="checkMixedDirectedUndirectedTopology(int[][])[6]" classname="io.jbotsim.core.OrientationTest" time="0.001"/>
  <testcase name="checkSimpleDirectedTopology(int[][])[1]" classname="io.jbotsim.core.OrientationTest" time="0.005"/>
  <testcase name="checkSimpleDirectedTopology(int[][])[2]" classname="io.jbotsim.core.OrientationTest" time="0.003"/>
  <testcase name="checkSimpleDirectedTopology(int[][])[3]" classname="io.jbotsim.core.OrientationTest" time="0.002"/>
  <testcase name="checkSimpleDirectedTopology(int[][])[4]" classname="io.jbotsim.core.OrientationTest" time="0.004"/>
  <testcase name="checkMixedUndirectedDirectedTopology(int[][])[1]" classname="io.jbotsim.core.OrientationTest" time="0.002"/>
  <testcase name="checkMixedUndirectedDirectedTopology(int[][])[2]" classname="io.jbotsim.core.OrientationTest" time="0.002"/>
  <testcase name="checkMixedUndirectedDirectedTopology(int[][])[3]" classname="io.jbotsim.core.OrientationTest" time="0.006"/>
  <testcase name="checkMixedUndirectedDirectedTopology(int[][])[4]" classname="io.jbotsim.core.OrientationTest" time="0.002"/>
  <testcase name="checkMixedUndirectedDirectedTopologyWithLoops(int[][])[1]" classname="io.jbotsim.core.OrientationTest" time="0.001"/>
  <testcase name="checkMixedUndirectedDirectedEmptyTopology()" classname="io.jbotsim.core.OrientationTest" time="0.001"/>
  <testcase name="checkBothWaysEdgesUndirectedTopology(int[][])[1]" classname="io.jbotsim.core.OrientationTest" time="0.002"/>
  <testcase name="checkBothWaysEdgesUndirectedTopology(int[][])[2]" classname="io.jbotsim.core.OrientationTest" time="0.002"/>
  <testcase name="checkBothWaysEdgesUndirectedTopology(int[][])[3]" classname="io.jbotsim.core.OrientationTest" time="0.004"/>
  <testcase name="checkBothWaysEdgesUndirectedTopology(int[][])[4]" classname="io.jbotsim.core.OrientationTest" time="0.001"/>
  <testcase name="checkBothWaysEdgesUndirectedTopology(int[][])[5]" classname="io.jbotsim.core.OrientationTest" time="0.004"/>
  <testcase name="checkBothWaysEdgesUndirectedTopology(int[][])[6]" classname="io.jbotsim.core.OrientationTest" time="0.002"/>
  <testcase name="checkEnforcedLinksOrientation(int[][])[1]" classname="io.jbotsim.core.OrientationTest" time="0.003"/>
  <testcase name="checkEnforcedLinksOrientation(int[][])[2]" classname="io.jbotsim.core.OrientationTest" time="0.008"/>
  <testcase name="checkEnforcedLinksOrientation(int[][])[3]" classname="io.jbotsim.core.OrientationTest" time="0.004"/>
  <testcase name="checkEnforcedLinksOrientation(int[][])[4]" classname="io.jbotsim.core.OrientationTest" time="0.002"/>
  <testcase name="checkEnforcedLinksOrientation(int[][])[5]" classname="io.jbotsim.core.OrientationTest" time="0.005"/>
  <testcase name="checkEnforcedLinksOrientation(int[][])[6]" classname="io.jbotsim.core.OrientationTest" time="0.001"/>
  <testcase name="checkSimpleDirectedEmptyTopology()" classname="io.jbotsim.core.OrientationTest" time="0.002"/>
  <testcase name="checkDefaultOrientation()" classname="io.jbotsim.core.OrientationTest" time="0.001"/>
  <testcase name="checkSimpleDirectedTopologyWithLoops(int[][])[1]" classname="io.jbotsim.core.OrientationTest" time="0.004"/>
  <testcase name="checkSimpleUndirectedTopology(int[][])[1]" classname="io.jbotsim.core.OrientationTest" time="0.003"/>
  <testcase name="checkSimpleUndirectedTopology(int[][])[2]" classname="io.jbotsim.core.OrientationTest" time="0.002"/>
  <testcase name="checkSimpleUndirectedTopology(int[][])[3]" classname="io.jbotsim.core.OrientationTest" time="0.002"/>
  <testcase name="checkSimpleUndirectedTopology(int[][])[4]" classname="io.jbotsim.core.OrientationTest" time="0.002"/>
  <testcase name="checkSimpleUndirectedTopology(int[][])[5]" classname="io.jbotsim.core.OrientationTest" time="0.001"/>
  <testcase name="checkSimpleUndirectedTopology(int[][])[6]" classname="io.jbotsim.core.OrientationTest" time="0.004"/>
  <system-out><![CDATA[]]></system-out>
  <system-err><![CDATA[]]></system-err>
</testsuite>
<?xml version="1.0" encoding="UTF-8"?>
<testsuite name="io.jbotsim.contrib.messaging.AsyncMessageEngineTest" tests="2" skipped="0" failures="0" errors="0" timestamp="2020-06-16T15:10:19" hostname="runner-72989761-project-19412425-concurrent-0" time="2.909">
  <properties/>
  <testcase name="computeDelayFunction_meansOk()" classname="io.jbotsim.contrib.messaging.AsyncMessageEngineTest" time="2.571"/>
  <testcase name="computeDelayFunction_minOk()" classname="io.jbotsim.contrib.messaging.AsyncMessageEngineTest" time="0.335"/>
  <system-out><![CDATA[]]></system-out>
  <system-err><![CDATA[]]></system-err>
</testsuite>
<?xml version="1.0" encoding="UTF-8"?>
<testsuite name="io.jbotsim.gen.basic.TopologyLayoutsTest" tests="12" skipped="0" failures="0" errors="0" timestamp="2020-06-16T15:10:19" hostname="runner-72989761-project-19412425-concurrent-0" time="0.203">
  <properties/>
  <testcase name="autoscale_default_minimal_ok()" classname="io.jbotsim.gen.basic.TopologyLayoutsTest" time="0.052"/>
  <testcase name="center_single_centeredPoint()" classname="io.jbotsim.gen.basic.TopologyLayoutsTest" time="0.002"/>
  <testcase name="computeBoundaries_basicEnvelope_ok()" classname="io.jbotsim.gen.basic.TopologyLayoutsTest" time="0.002"/>
  <testcase name="center_minimal_ok()" classname="io.jbotsim.gen.basic.TopologyLayoutsTest" time="0.002"/>
  <testcase name="autoscale_default_line_ok()" classname="io.jbotsim.gen.basic.TopologyLayoutsTest" time="0.002"/>
  <testcase name="autoscale_default_single_centeredPoint()" classname="io.jbotsim.gen.basic.TopologyLayoutsTest" time="0.001"/>
  <testcase name="topologyBoundaries_defaultValues()" classname="io.jbotsim.gen.basic.TopologyLayoutsTest" time="0.002"/>
  <testcase name="computeBoundaries_emptyTopology_ok()" classname="io.jbotsim.gen.basic.TopologyLayoutsTest" time="0.005"/>
  <testcase name="autoscale_default_emptyTopology_ok()" classname="io.jbotsim.gen.basic.TopologyLayoutsTest" time="0.005"/>
  <testcase name="center_severalOnSamePoint_allCentered()" classname="io.jbotsim.gen.basic.TopologyLayoutsTest" time="0.041"/>
  <testcase name="center_emptyTopology_ok()" classname="io.jbotsim.gen.basic.TopologyLayoutsTest" time="0.004"/>
  <testcase name="autoscale_default_severalOnSamePoint_allCentered()" classname="io.jbotsim.gen.basic.TopologyLayoutsTest" time="0.026"/>
  <system-out><![CDATA[]]></system-out>
  <system-err><![CDATA[]]></system-err>
</testsuite>
<?xml version="1.0" encoding="UTF-8"?>
<testsuite name="io.jbotsim.io.format.dot.DotImportExportCoherencyTest" tests="200" skipped="0" failures="0" errors="0" timestamp="2020-06-16T15:10:39" hostname="runner-72989761-project-19412425-concurrent-0" time="13.861">
  <properties/>
  <testcase name="importExportCoherencyTest[0: seed=5,347,183]" classname="io.jbotsim.io.format.dot.DotImportExportCoherencyTest" time="0.387"/>
  <testcase name="importExportCoherencyTest[1: seed=-1,491,663,627]" classname="io.jbotsim.io.format.dot.DotImportExportCoherencyTest" time="0.008"/>
  <testcase name="importExportCoherencyTest[2: seed=283,600,594]" classname="io.jbotsim.io.format.dot.DotImportExportCoherencyTest" time="0.019"/>
  <testcase name="importExportCoherencyTest[3: seed=-219,420,804]" classname="io.jbotsim.io.format.dot.DotImportExportCoherencyTest" time="0.114"/>
  <testcase name="importExportCoherencyTest[4: seed=26,959,058]" classname="io.jbotsim.io.format.dot.DotImportExportCoherencyTest" time="0.136"/>
  <testcase name="importExportCoherencyTest[5: seed=-170,886,898]" classname="io.jbotsim.io.format.dot.DotImportExportCoherencyTest" time="0.05"/>
  <testcase name="importExportCoherencyTest[6: seed=-575,495,563]" classname="io.jbotsim.io.format.dot.DotImportExportCoherencyTest" time="0.129"/>
  <testcase name="importExportCoherencyTest[7: seed=-1,833,418,373]" classname="io.jbotsim.io.format.dot.DotImportExportCoherencyTest" time="0.011"/>
  <testcase name="importExportCoherencyTest[8: seed=1,658,065,234]" classname="io.jbotsim.io.format.dot.DotImportExportCoherencyTest" time="0.063"/>
  <testcase name="importExportCoherencyTest[9: seed=-608,496,941]" classname="io.jbotsim.io.format.dot.DotImportExportCoherencyTest" time="0.032"/>
  <testcase name="importExportCoherencyTest[10: seed=-22,265,155]" classname="io.jbotsim.io.format.dot.DotImportExportCoherencyTest" time="0.053"/>
  <testcase name="importExportCoherencyTest[11: seed=957,132,328]" classname="io.jbotsim.io.format.dot.DotImportExportCoherencyTest" time="0.003"/>
  <testcase name="importExportCoherencyTest[12: seed=-80,395,344]" classname="io.jbotsim.io.format.dot.DotImportExportCoherencyTest" time="0.049"/>
  <testcase name="importExportCoherencyTest[13: seed=-709,434,684]" classname="io.jbotsim.io.format.dot.DotImportExportCoherencyTest" time="0.044"/>
  <testcase name="importExportCoherencyTest[14: seed=-978,601,947]" classname="io.jbotsim.io.format.dot.DotImportExportCoherencyTest" time="0.013"/>
  <testcase name="importExportCoherencyTest[15: seed=-1,089,732,935]" classname="io.jbotsim.io.format.dot.DotImportExportCoherencyTest" time="0.192"/>
  <testcase name="importExportCoherencyTest[16: seed=772,537,439]" classname="io.jbotsim.io.format.dot.DotImportExportCoherencyTest" time="0.085"/>
  <testcase name="importExportCoherencyTest[17: seed=2,123,040,799]" classname="io.jbotsim.io.format.dot.DotImportExportCoherencyTest" time="0.119"/>
  <testcase name="importExportCoherencyTest[18: seed=-1,664,754,808]" classname="io.jbotsim.io.format.dot.DotImportExportCoherencyTest" time="0.055"/>
  <testcase name="importExportCoherencyTest[19: seed=953,723,877]" classname="io.jbotsim.io.format.dot.DotImportExportCoherencyTest" time="0.003"/>
  <testcase name="importExportCoherencyTest[20: seed=-1,294,447,279]" classname="io.jbotsim.io.format.dot.DotImportExportCoherencyTest" time="0.032"/>
  <testcase name="importExportCoherencyTest[21: seed=262,390,379]" classname="io.jbotsim.io.format.dot.DotImportExportCoherencyTest" time="0.008"/>
  <testcase name="importExportCoherencyTest[22: seed=-1,942,243,961]" classname="io.jbotsim.io.format.dot.DotImportExportCoherencyTest" time="0.038"/>
  <testcase name="importExportCoherencyTest[23: seed=-71,529,500]" classname="io.jbotsim.io.format.dot.DotImportExportCoherencyTest" time="0.045"/>
  <testcase name="importExportCoherencyTest[24: seed=-754,700,295]" classname="io.jbotsim.io.format.dot.DotImportExportCoherencyTest" time="0.233"/>
  <testcase name="importExportCoherencyTest[25: seed=1,255,975,891]" classname="io.jbotsim.io.format.dot.DotImportExportCoherencyTest" time="0.121"/>
  <testcase name="importExportCoherencyTest[26: seed=-108,510,380]" classname="io.jbotsim.io.format.dot.DotImportExportCoherencyTest" time="0.025"/>
  <testcase name="importExportCoherencyTest[27: seed=-1,024,391,049]" classname="io.jbotsim.io.format.dot.DotImportExportCoherencyTest" time="0.058"/>
  <testcase name="importExportCoherencyTest[28: seed=2,034,845,292]" classname="io.jbotsim.io.format.dot.DotImportExportCoherencyTest" time="0.002"/>
  <testcase name="importExportCoherencyTest[29: seed=-650,498,106]" classname="io.jbotsim.io.format.dot.DotImportExportCoherencyTest" time="0.048"/>
  <testcase name="importExportCoherencyTest[30: seed=-692,439,389]" classname="io.jbotsim.io.format.dot.DotImportExportCoherencyTest" time="0.046"/>
  <testcase name="importExportCoherencyTest[31: seed=1,761,180,060]" classname="io.jbotsim.io.format.dot.DotImportExportCoherencyTest" time="0.015"/>
  <testcase name="importExportCoherencyTest[32: seed=214,893,920]" classname="io.jbotsim.io.format.dot.DotImportExportCoherencyTest" time="0.044"/>
  <testcase name="importExportCoherencyTest[33: seed=438,184,614]" classname="io.jbotsim.io.format.dot.DotImportExportCoherencyTest" time="0.025"/>
  <testcase name="importExportCoherencyTest[34: seed=-852,761,979]" classname="io.jbotsim.io.format.dot.DotImportExportCoherencyTest" time="0.008"/>
  <testcase name="importExportCoherencyTest[35: seed=560,298,926]" classname="io.jbotsim.io.format.dot.DotImportExportCoherencyTest" time="0.142"/>
  <testcase name="importExportCoherencyTest[36: seed=177,685,717]" classname="io.jbotsim.io.format.dot.DotImportExportCoherencyTest" time="0.133"/>
  <testcase name="importExportCoherencyTest[37: seed=-1,798,053,362]" classname="io.jbotsim.io.format.dot.DotImportExportCoherencyTest" time="0.223"/>
  <testcase name="importExportCoherencyTest[38: seed=-641,436,942]" classname="io.jbotsim.io.format.dot.DotImportExportCoherencyTest" time="0.061"/>
  <testcase name="importExportCoherencyTest[39: seed=121,819,169]" classname="io.jbotsim.io.format.dot.DotImportExportCoherencyTest" time="0.022"/>
  <testcase name="importExportCoherencyTest[40: seed=-1,870,271,137]" classname="io.jbotsim.io.format.dot.DotImportExportCoherencyTest" time="0.117"/>
  <testcase name="importExportCoherencyTest[41: seed=-2,055,050,459]" classname="io.jbotsim.io.format.dot.DotImportExportCoherencyTest" time="0.168"/>
  <testcase name="importExportCoherencyTest[42: seed=490,970,258]" classname="io.jbotsim.io.format.dot.DotImportExportCoherencyTest" time="0.018"/>
  <testcase name="importExportCoherencyTest[43: seed=-255,795,531]" classname="io.jbotsim.io.format.dot.DotImportExportCoherencyTest" time="0.175"/>
  <testcase name="importExportCoherencyTest[44: seed=262,614,461]" classname="io.jbotsim.io.format.dot.DotImportExportCoherencyTest" time="0.097"/>
  <testcase name="importExportCoherencyTest[45: seed=1,922,129,324]" classname="io.jbotsim.io.format.dot.DotImportExportCoherencyTest" time="0.066"/>
  <testcase name="importExportCoherencyTest[46: seed=-279,209,024]" classname="io.jbotsim.io.format.dot.DotImportExportCoherencyTest" time="0.007"/>
  <testcase name="importExportCoherencyTest[47: seed=-988,580,465]" classname="io.jbotsim.io.format.dot.DotImportExportCoherencyTest" time="0.126"/>
  <testcase name="importExportCoherencyTest[48: seed=1,951,314,500]" classname="io.jbotsim.io.format.dot.DotImportExportCoherencyTest" time="0.02"/>
  <testcase name="importExportCoherencyTest[49: seed=-819,849,354]" classname="io.jbotsim.io.format.dot.DotImportExportCoherencyTest" time="0.007"/>
  <testcase name="importExportCoherencyTest[50: seed=-723,895,259]" classname="io.jbotsim.io.format.dot.DotImportExportCoherencyTest" time="0.012"/>
  <testcase name="importExportCoherencyTest[51: seed=469,567,876]" classname="io.jbotsim.io.format.dot.DotImportExportCoherencyTest" time="0.058"/>
  <testcase name="importExportCoherencyTest[52: seed=-179,653,108]" classname="io.jbotsim.io.format.dot.DotImportExportCoherencyTest" time="0.176"/>
  <testcase name="importExportCoherencyTest[53: seed=-712,476,022]" classname="io.jbotsim.io.format.dot.DotImportExportCoherencyTest" time="0.019"/>
  <testcase name="importExportCoherencyTest[54: seed=500,861,936]" classname="io.jbotsim.io.format.dot.DotImportExportCoherencyTest" time="0.091"/>
  <testcase name="importExportCoherencyTest[55: seed=-901,827,034]" classname="io.jbotsim.io.format.dot.DotImportExportCoherencyTest" time="0.057"/>
  <testcase name="importExportCoherencyTest[56: seed=740,402,337]" classname="io.jbotsim.io.format.dot.DotImportExportCoherencyTest" time="0.028"/>
  <testcase name="importExportCoherencyTest[57: seed=-317,332,964]" classname="io.jbotsim.io.format.dot.DotImportExportCoherencyTest" time="0.01"/>
  <testcase name="importExportCoherencyTest[58: seed=-450,529,604]" classname="io.jbotsim.io.format.dot.DotImportExportCoherencyTest" time="0.006"/>
  <testcase name="importExportCoherencyTest[59: seed=-230,503,007]" classname="io.jbotsim.io.format.dot.DotImportExportCoherencyTest" time="0.008"/>
  <testcase name="importExportCoherencyTest[60: seed=-1,482,239,745]" classname="io.jbotsim.io.format.dot.DotImportExportCoherencyTest" time="0.042"/>
  <testcase name="importExportCoherencyTest[61: seed=-103,902,054]" classname="io.jbotsim.io.format.dot.DotImportExportCoherencyTest" time="0.093"/>
  <testcase name="importExportCoherencyTest[62: seed=452,823,358]" classname="io.jbotsim.io.format.dot.DotImportExportCoherencyTest" time="0.007"/>
  <testcase name="importExportCoherencyTest[63: seed=947,127,898]" classname="io.jbotsim.io.format.dot.DotImportExportCoherencyTest" time="0.154"/>
  <testcase name="importExportCoherencyTest[64: seed=-314,551,120]" classname="io.jbotsim.io.format.dot.DotImportExportCoherencyTest" time="0.18"/>
  <testcase name="importExportCoherencyTest[65: seed=1,047,915,279]" classname="io.jbotsim.io.format.dot.DotImportExportCoherencyTest" time="0.034"/>
  <testcase name="importExportCoherencyTest[66: seed=1,379,200,932]" classname="io.jbotsim.io.format.dot.DotImportExportCoherencyTest" time="0.093"/>
  <testcase name="importExportCoherencyTest[67: seed=960,305,532]" classname="io.jbotsim.io.format.dot.DotImportExportCoherencyTest" time="0.052"/>
  <testcase name="importExportCoherencyTest[68: seed=-990,704,619]" classname="io.jbotsim.io.format.dot.DotImportExportCoherencyTest" time="0.004"/>
  <testcase name="importExportCoherencyTest[69: seed=523,151,102]" classname="io.jbotsim.io.format.dot.DotImportExportCoherencyTest" time="0.054"/>
  <testcase name="importExportCoherencyTest[70: seed=967,236,109]" classname="io.jbotsim.io.format.dot.DotImportExportCoherencyTest" time="0.004"/>
  <testcase name="importExportCoherencyTest[71: seed=568,165,786]" classname="io.jbotsim.io.format.dot.DotImportExportCoherencyTest" time="0.003"/>
  <testcase name="importExportCoherencyTest[72: seed=890,652,021]" classname="io.jbotsim.io.format.dot.DotImportExportCoherencyTest" time="0.017"/>
  <testcase name="importExportCoherencyTest[73: seed=2,035,627,897]" classname="io.jbotsim.io.format.dot.DotImportExportCoherencyTest" time="0.141"/>
  <testcase name="importExportCoherencyTest[74: seed=91,841,484]" classname="io.jbotsim.io.format.dot.DotImportExportCoherencyTest" time="0.11"/>
  <testcase name="importExportCoherencyTest[75: seed=607,528,086]" classname="io.jbotsim.io.format.dot.DotImportExportCoherencyTest" time="0.052"/>
  <testcase name="importExportCoherencyTest[76: seed=360,063,558]" classname="io.jbotsim.io.format.dot.DotImportExportCoherencyTest" time="0.028"/>
  <testcase name="importExportCoherencyTest[77: seed=-325,611,000]" classname="io.jbotsim.io.format.dot.DotImportExportCoherencyTest" time="0.021"/>
  <testcase name="importExportCoherencyTest[78: seed=-32,491,349]" classname="io.jbotsim.io.format.dot.DotImportExportCoherencyTest" time="0.078"/>
  <testcase name="importExportCoherencyTest[79: seed=1,944,209,209]" classname="io.jbotsim.io.format.dot.DotImportExportCoherencyTest" time="0.063"/>
  <testcase name="importExportCoherencyTest[80: seed=-1,804,621,160]" classname="io.jbotsim.io.format.dot.DotImportExportCoherencyTest" time="0.046"/>
  <testcase name="importExportCoherencyTest[81: seed=-1,024,631,847]" classname="io.jbotsim.io.format.dot.DotImportExportCoherencyTest" time="0.075"/>
  <testcase name="importExportCoherencyTest[82: seed=-474,778,948]" classname="io.jbotsim.io.format.dot.DotImportExportCoherencyTest" time="0.137"/>
  <testcase name="importExportCoherencyTest[83: seed=356,664,710]" classname="io.jbotsim.io.format.dot.DotImportExportCoherencyTest" time="0.102"/>
  <testcase name="importExportCoherencyTest[84: seed=-186,749,902]" classname="io.jbotsim.io.format.dot.DotImportExportCoherencyTest" time="0.334"/>
  <testcase name="importExportCoherencyTest[85: seed=416,422,508]" classname="io.jbotsim.io.format.dot.DotImportExportCoherencyTest" time="0.148"/>
  <testcase name="importExportCoherencyTest[86: seed=-184,423,639]" classname="io.jbotsim.io.format.dot.DotImportExportCoherencyTest" time="0.006"/>
  <testcase name="importExportCoherencyTest[87: seed=2,141,605,142]" classname="io.jbotsim.io.format.dot.DotImportExportCoherencyTest" time="0.066"/>
  <testcase name="importExportCoherencyTest[88: seed=92,989,249]" classname="io.jbotsim.io.format.dot.DotImportExportCoherencyTest" time="0.063"/>
  <testcase name="importExportCoherencyTest[89: seed=1,506,291,405]" classname="io.jbotsim.io.format.dot.DotImportExportCoherencyTest" time="0.015"/>
  <testcase name="importExportCoherencyTest[90: seed=1,186,690,273]" classname="io.jbotsim.io.format.dot.DotImportExportCoherencyTest" time="0.123"/>
  <testcase name="importExportCoherencyTest[91: seed=-1,708,086,570]" classname="io.jbotsim.io.format.dot.DotImportExportCoherencyTest" time="0.059"/>
  <testcase name="importExportCoherencyTest[92: seed=292,288,924]" classname="io.jbotsim.io.format.dot.DotImportExportCoherencyTest" time="0.071"/>
  <testcase name="importExportCoherencyTest[93: seed=-657,380,655]" classname="io.jbotsim.io.format.dot.DotImportExportCoherencyTest" time="0.15"/>
  <testcase name="importExportCoherencyTest[94: seed=1,912,248,921]" classname="io.jbotsim.io.format.dot.DotImportExportCoherencyTest" time="0.051"/>
  <testcase name="importExportCoherencyTest[95: seed=-234,627,060]" classname="io.jbotsim.io.format.dot.DotImportExportCoherencyTest" time="0.065"/>
  <testcase name="importExportCoherencyTest[96: seed=1,043,595,827]" classname="io.jbotsim.io.format.dot.DotImportExportCoherencyTest" time="0.026"/>
  <testcase name="importExportCoherencyTest[97: seed=-2,026,663,983]" classname="io.jbotsim.io.format.dot.DotImportExportCoherencyTest" time="0.126"/>
  <testcase name="importExportCoherencyTest[98: seed=1,586,756,331]" classname="io.jbotsim.io.format.dot.DotImportExportCoherencyTest" time="0.065"/>
  <testcase name="importExportCoherencyTest[99: seed=2,086,636,687]" classname="io.jbotsim.io.format.dot.DotImportExportCoherencyTest" time="0.062"/>
  <testcase name="importExportCoherencyTest[100: seed=-1,599,529,548]" classname="io.jbotsim.io.format.dot.DotImportExportCoherencyTest" time="0.334"/>
  <testcase name="importExportCoherencyTest[101: seed=-524,454,101]" classname="io.jbotsim.io.format.dot.DotImportExportCoherencyTest" time="0.019"/>
  <testcase name="importExportCoherencyTest[102: seed=-684,346,460]" classname="io.jbotsim.io.format.dot.DotImportExportCoherencyTest" time="0.037"/>
  <testcase name="importExportCoherencyTest[103: seed=-904,509,750]" classname="io.jbotsim.io.format.dot.DotImportExportCoherencyTest" time="0.008"/>
  <testcase name="importExportCoherencyTest[104: seed=211,875,283]" classname="io.jbotsim.io.format.dot.DotImportExportCoherencyTest" time="0.113"/>
  <testcase name="importExportCoherencyTest[105: seed=-712,270,175]" classname="io.jbotsim.io.format.dot.DotImportExportCoherencyTest" time="0.013"/>
  <testcase name="importExportCoherencyTest[106: seed=-1,571,422,858]" classname="io.jbotsim.io.format.dot.DotImportExportCoherencyTest" time="0.079"/>
  <testcase name="importExportCoherencyTest[107: seed=331,773,604]" classname="io.jbotsim.io.format.dot.DotImportExportCoherencyTest" time="0.205"/>
  <testcase name="importExportCoherencyTest[108: seed=-626,284,171]" classname="io.jbotsim.io.format.dot.DotImportExportCoherencyTest" time="0.019"/>
  <testcase name="importExportCoherencyTest[109: seed=427,003,937]" classname="io.jbotsim.io.format.dot.DotImportExportCoherencyTest" time="0.083"/>
  <testcase name="importExportCoherencyTest[110: seed=-1,205,932,962]" classname="io.jbotsim.io.format.dot.DotImportExportCoherencyTest" time="0.012"/>
  <testcase name="importExportCoherencyTest[111: seed=1,058,657,493]" classname="io.jbotsim.io.format.dot.DotImportExportCoherencyTest" time="0.099"/>
  <testcase name="importExportCoherencyTest[112: seed=848,245,898]" classname="io.jbotsim.io.format.dot.DotImportExportCoherencyTest" time="0.088"/>
  <testcase name="importExportCoherencyTest[113: seed=-334,566,757]" classname="io.jbotsim.io.format.dot.DotImportExportCoherencyTest" time="0.005"/>
  <testcase name="importExportCoherencyTest[114: seed=-1,152,211,792]" classname="io.jbotsim.io.format.dot.DotImportExportCoherencyTest" time="0.001"/>
  <testcase name="importExportCoherencyTest[115: seed=-454,845,859]" classname="io.jbotsim.io.format.dot.DotImportExportCoherencyTest" time="0.033"/>
  <testcase name="importExportCoherencyTest[116: seed=240,180,398]" classname="io.jbotsim.io.format.dot.DotImportExportCoherencyTest" time="0.048"/>
  <testcase name="importExportCoherencyTest[117: seed=-194,754,152]" classname="io.jbotsim.io.format.dot.DotImportExportCoherencyTest" time="0.094"/>
  <testcase name="importExportCoherencyTest[118: seed=990,947,122]" classname="io.jbotsim.io.format.dot.DotImportExportCoherencyTest" time="0.041"/>
  <testcase name="importExportCoherencyTest[119: seed=944,611,485]" classname="io.jbotsim.io.format.dot.DotImportExportCoherencyTest" time="0.189"/>
  <testcase name="importExportCoherencyTest[120: seed=-557,314,637]" classname="io.jbotsim.io.format.dot.DotImportExportCoherencyTest" time="0.039"/>
  <testcase name="importExportCoherencyTest[121: seed=-855,771,793]" classname="io.jbotsim.io.format.dot.DotImportExportCoherencyTest" time="0.003"/>
  <testcase name="importExportCoherencyTest[122: seed=-101,402,132]" classname="io.jbotsim.io.format.dot.DotImportExportCoherencyTest" time="0.063"/>
  <testcase name="importExportCoherencyTest[123: seed=851,889,543]" classname="io.jbotsim.io.format.dot.DotImportExportCoherencyTest" time="0.067"/>
  <testcase name="importExportCoherencyTest[124: seed=-478,884,581]" classname="io.jbotsim.io.format.dot.DotImportExportCoherencyTest" time="0.004"/>
  <testcase name="importExportCoherencyTest[125: seed=-49,687,668]" classname="io.jbotsim.io.format.dot.DotImportExportCoherencyTest" time="0.104"/>
  <testcase name="importExportCoherencyTest[126: seed=684,252,328]" classname="io.jbotsim.io.format.dot.DotImportExportCoherencyTest" time="0.122"/>
  <testcase name="importExportCoherencyTest[127: seed=-94,996,405]" classname="io.jbotsim.io.format.dot.DotImportExportCoherencyTest" time="0.086"/>
  <testcase name="importExportCoherencyTest[128: seed=444,824,099]" classname="io.jbotsim.io.format.dot.DotImportExportCoherencyTest" time="0.176"/>
  <testcase name="importExportCoherencyTest[129: seed=1,580,783,076]" classname="io.jbotsim.io.format.dot.DotImportExportCoherencyTest" time="0.012"/>
  <testcase name="importExportCoherencyTest[130: seed=-1,048,574,233]" classname="io.jbotsim.io.format.dot.DotImportExportCoherencyTest" time="0.099"/>
  <testcase name="importExportCoherencyTest[131: seed=1,621,171,190]" classname="io.jbotsim.io.format.dot.DotImportExportCoherencyTest" time="0.16"/>
  <testcase name="importExportCoherencyTest[132: seed=741,955,293]" classname="io.jbotsim.io.format.dot.DotImportExportCoherencyTest" time="0.042"/>
  <testcase name="importExportCoherencyTest[133: seed=1,556,866,582]" classname="io.jbotsim.io.format.dot.DotImportExportCoherencyTest" time="0.004"/>
  <testcase name="importExportCoherencyTest[134: seed=42,567,905]" classname="io.jbotsim.io.format.dot.DotImportExportCoherencyTest" time="0.056"/>
  <testcase name="importExportCoherencyTest[135: seed=1,104,791,267]" classname="io.jbotsim.io.format.dot.DotImportExportCoherencyTest" time="0.097"/>
  <testcase name="importExportCoherencyTest[136: seed=2,096,276,085]" classname="io.jbotsim.io.format.dot.DotImportExportCoherencyTest" time="0.082"/>
  <testcase name="importExportCoherencyTest[137: seed=774,511,759]" classname="io.jbotsim.io.format.dot.DotImportExportCoherencyTest" time="0.059"/>
  <testcase name="importExportCoherencyTest[138: seed=-345,835,007]" classname="io.jbotsim.io.format.dot.DotImportExportCoherencyTest" time="0.165"/>
  <testcase name="importExportCoherencyTest[139: seed=1,693,477,702]" classname="io.jbotsim.io.format.dot.DotImportExportCoherencyTest" time="0.082"/>
  <testcase name="importExportCoherencyTest[140: seed=-922,964,116]" classname="io.jbotsim.io.format.dot.DotImportExportCoherencyTest" time="0.03"/>
  <testcase name="importExportCoherencyTest[141: seed=-167,868,872]" classname="io.jbotsim.io.format.dot.DotImportExportCoherencyTest" time="0.001"/>
  <testcase name="importExportCoherencyTest[142: seed=1,034,292,242]" classname="io.jbotsim.io.format.dot.DotImportExportCoherencyTest" time="0.05"/>
  <testcase name="importExportCoherencyTest[143: seed=-881,254,974]" classname="io.jbotsim.io.format.dot.DotImportExportCoherencyTest" time="0.087"/>
  <testcase name="importExportCoherencyTest[144: seed=-809,137,234]" classname="io.jbotsim.io.format.dot.DotImportExportCoherencyTest" time="0.029"/>
  <testcase name="importExportCoherencyTest[145: seed=210,117,977]" classname="io.jbotsim.io.format.dot.DotImportExportCoherencyTest" time="0.008"/>
  <testcase name="importExportCoherencyTest[146: seed=347,290,413]" classname="io.jbotsim.io.format.dot.DotImportExportCoherencyTest" time="0.055"/>
  <testcase name="importExportCoherencyTest[147: seed=1,926,617,042]" classname="io.jbotsim.io.format.dot.DotImportExportCoherencyTest" time="0.017"/>
  <testcase name="importExportCoherencyTest[148: seed=42,437,780]" classname="io.jbotsim.io.format.dot.DotImportExportCoherencyTest" time="0.064"/>
  <testcase name="importExportCoherencyTest[149: seed=-604,702,806]" classname="io.jbotsim.io.format.dot.DotImportExportCoherencyTest" time="0.049"/>
  <testcase name="importExportCoherencyTest[150: seed=510,386,527]" classname="io.jbotsim.io.format.dot.DotImportExportCoherencyTest" time="0.001"/>
  <testcase name="importExportCoherencyTest[151: seed=-1,307,661,337]" classname="io.jbotsim.io.format.dot.DotImportExportCoherencyTest" time="0.057"/>
  <testcase name="importExportCoherencyTest[152: seed=-240,693,608]" classname="io.jbotsim.io.format.dot.DotImportExportCoherencyTest" time="0.084"/>
  <testcase name="importExportCoherencyTest[153: seed=335,242,234]" classname="io.jbotsim.io.format.dot.DotImportExportCoherencyTest" time="0.154"/>
  <testcase name="importExportCoherencyTest[154: seed=648,605,186]" classname="io.jbotsim.io.format.dot.DotImportExportCoherencyTest" time="0.112"/>
  <testcase name="importExportCoherencyTest[155: seed=115,186,004]" classname="io.jbotsim.io.format.dot.DotImportExportCoherencyTest" time="0.125"/>
  <testcase name="importExportCoherencyTest[156: seed=753,880,001]" classname="io.jbotsim.io.format.dot.DotImportExportCoherencyTest" time="0.128"/>
  <testcase name="importExportCoherencyTest[157: seed=-1,156,943,155]" classname="io.jbotsim.io.format.dot.DotImportExportCoherencyTest" time="0.014"/>
  <testcase name="importExportCoherencyTest[158: seed=299,932,775]" classname="io.jbotsim.io.format.dot.DotImportExportCoherencyTest" time="0.055"/>
  <testcase name="importExportCoherencyTest[159: seed=-902,091,230]" classname="io.jbotsim.io.format.dot.DotImportExportCoherencyTest" time="0.007"/>
  <testcase name="importExportCoherencyTest[160: seed=-925,291,951]" classname="io.jbotsim.io.format.dot.DotImportExportCoherencyTest" time="0.024"/>
  <testcase name="importExportCoherencyTest[161: seed=-721,820,929]" classname="io.jbotsim.io.format.dot.DotImportExportCoherencyTest" time="0.017"/>
  <testcase name="importExportCoherencyTest[162: seed=606,411,233]" classname="io.jbotsim.io.format.dot.DotImportExportCoherencyTest" time="0.215"/>
  <testcase name="importExportCoherencyTest[163: seed=-494,644,297]" classname="io.jbotsim.io.format.dot.DotImportExportCoherencyTest" time="0.049"/>
  <testcase name="importExportCoherencyTest[164: seed=1,284,002,397]" classname="io.jbotsim.io.format.dot.DotImportExportCoherencyTest" time="0.062"/>
  <testcase name="importExportCoherencyTest[165: seed=599,876,883]" classname="io.jbotsim.io.format.dot.DotImportExportCoherencyTest" time="0.003"/>
  <testcase name="importExportCoherencyTest[166: seed=-1,770,560,439]" classname="io.jbotsim.io.format.dot.DotImportExportCoherencyTest" time="0.018"/>
  <testcase name="importExportCoherencyTest[167: seed=-700,392,231]" classname="io.jbotsim.io.format.dot.DotImportExportCoherencyTest" time="0.097"/>
  <testcase name="importExportCoherencyTest[168: seed=-2,089,794,326]" classname="io.jbotsim.io.format.dot.DotImportExportCoherencyTest" time="0.006"/>
  <testcase name="importExportCoherencyTest[169: seed=383,402,405]" classname="io.jbotsim.io.format.dot.DotImportExportCoherencyTest" time="0.041"/>
  <testcase name="importExportCoherencyTest[170: seed=-1,340,386,520]" classname="io.jbotsim.io.format.dot.DotImportExportCoherencyTest" time="0.04"/>
  <testcase name="importExportCoherencyTest[171: seed=-6,464,355]" classname="io.jbotsim.io.format.dot.DotImportExportCoherencyTest" time="0.046"/>
  <testcase name="importExportCoherencyTest[172: seed=1,775,566,282]" classname="io.jbotsim.io.format.dot.DotImportExportCoherencyTest" time="0.015"/>
  <testcase name="importExportCoherencyTest[173: seed=-441,349,627]" classname="io.jbotsim.io.format.dot.DotImportExportCoherencyTest" time="0.049"/>
  <testcase name="importExportCoherencyTest[174: seed=-1,483,742,352]" classname="io.jbotsim.io.format.dot.DotImportExportCoherencyTest" time="0.038"/>
  <testcase name="importExportCoherencyTest[175: seed=-397,873,534]" classname="io.jbotsim.io.format.dot.DotImportExportCoherencyTest" time="0.035"/>
  <testcase name="importExportCoherencyTest[176: seed=-933,843,945]" classname="io.jbotsim.io.format.dot.DotImportExportCoherencyTest" time="0.031"/>
  <testcase name="importExportCoherencyTest[177: seed=-861,884,499]" classname="io.jbotsim.io.format.dot.DotImportExportCoherencyTest" time="0.219"/>
  <testcase name="importExportCoherencyTest[178: seed=-502,012,775]" classname="io.jbotsim.io.format.dot.DotImportExportCoherencyTest" time="0.018"/>
  <testcase name="importExportCoherencyTest[179: seed=-299,290,373]" classname="io.jbotsim.io.format.dot.DotImportExportCoherencyTest" time="0.048"/>
  <testcase name="importExportCoherencyTest[180: seed=600,676,395]" classname="io.jbotsim.io.format.dot.DotImportExportCoherencyTest" time="0.124"/>
  <testcase name="importExportCoherencyTest[181: seed=-1,555,178,720]" classname="io.jbotsim.io.format.dot.DotImportExportCoherencyTest" time="0.061"/>
  <testcase name="importExportCoherencyTest[182: seed=621,391,985]" classname="io.jbotsim.io.format.dot.DotImportExportCoherencyTest" time="0.016"/>
  <testcase name="importExportCoherencyTest[183: seed=-851,909,322]" classname="io.jbotsim.io.format.dot.DotImportExportCoherencyTest" time="0.009"/>
  <testcase name="importExportCoherencyTest[184: seed=-804,858,886]" classname="io.jbotsim.io.format.dot.DotImportExportCoherencyTest" time="0.006"/>
  <testcase name="importExportCoherencyTest[185: seed=686,540,722]" classname="io.jbotsim.io.format.dot.DotImportExportCoherencyTest" time="0.088"/>
  <testcase name="importExportCoherencyTest[186: seed=-657,789,881]" classname="io.jbotsim.io.format.dot.DotImportExportCoherencyTest" time="0.011"/>
  <testcase name="importExportCoherencyTest[187: seed=1,215,342,427]" classname="io.jbotsim.io.format.dot.DotImportExportCoherencyTest" time="0.04"/>
  <testcase name="importExportCoherencyTest[188: seed=-1,203,008,091]" classname="io.jbotsim.io.format.dot.DotImportExportCoherencyTest" time="0.144"/>
  <testcase name="importExportCoherencyTest[189: seed=-1,975,867,283]" classname="io.jbotsim.io.format.dot.DotImportExportCoherencyTest" time="0.021"/>
  <testcase name="importExportCoherencyTest[190: seed=-1,589,003,438]" classname="io.jbotsim.io.format.dot.DotImportExportCoherencyTest" time="0.03"/>
  <testcase name="importExportCoherencyTest[191: seed=-505,005,200]" classname="io.jbotsim.io.format.dot.DotImportExportCoherencyTest" time="0.006"/>
  <testcase name="importExportCoherencyTest[192: seed=90,698,408]" classname="io.jbotsim.io.format.dot.DotImportExportCoherencyTest" time="0.093"/>
  <testcase name="importExportCoherencyTest[193: seed=950,233,423]" classname="io.jbotsim.io.format.dot.DotImportExportCoherencyTest" time="0.088"/>
  <testcase name="importExportCoherencyTest[194: seed=-1,296,647,057]" classname="io.jbotsim.io.format.dot.DotImportExportCoherencyTest" time="0.066"/>
  <testcase name="importExportCoherencyTest[195: seed=851,968,841]" classname="io.jbotsim.io.format.dot.DotImportExportCoherencyTest" time="0.046"/>
  <testcase name="importExportCoherencyTest[196: seed=-440,101,137]" classname="io.jbotsim.io.format.dot.DotImportExportCoherencyTest" time="0.077"/>
  <testcase name="importExportCoherencyTest[197: seed=-808,446,807]" classname="io.jbotsim.io.format.dot.DotImportExportCoherencyTest" time="0.004"/>
  <testcase name="importExportCoherencyTest[198: seed=-1,687,061,158]" classname="io.jbotsim.io.format.dot.DotImportExportCoherencyTest" time="0.003"/>
  <testcase name="importExportCoherencyTest[199: seed=-567,537,224]" classname="io.jbotsim.io.format.dot.DotImportExportCoherencyTest" time="0.108"/>
  <system-out><![CDATA[]]></system-out>
  <system-err><![CDATA[]]></system-err>
</testsuite>
<?xml version="1.0" encoding="UTF-8"?>
<testsuite name="io.jbotsim.io.format.dot.DotTopologySerializerTest" tests="16" skipped="0" failures="0" errors="0" timestamp="2020-06-16T15:10:53" hostname="runner-72989761-project-19412425-concurrent-0" time="0.602">
  <properties/>
  <testcase name="dotParserTest[0: syntax-04.xdot]" classname="io.jbotsim.io.format.dot.DotTopologySerializerTest" time="0.304"/>
  <testcase name="dotParserTest[1: syntax-02.xdot]" classname="io.jbotsim.io.format.dot.DotTopologySerializerTest" time="0.05"/>
  <testcase name="dotParserTest[2: syntax-01.gv]" classname="io.jbotsim.io.format.dot.DotTopologySerializerTest" time="0.013"/>
  <testcase name="dotParserTest[3: syntax-02.gv]" classname="io.jbotsim.io.format.dot.DotTopologySerializerTest" time="0.028"/>
  <testcase name="dotParserTest[4: syntax-03.gv]" classname="io.jbotsim.io.format.dot.DotTopologySerializerTest" time="0.015"/>
  <testcase name="dotParserTest[5: syntax-01.xdot]" classname="io.jbotsim.io.format.dot.DotTopologySerializerTest" time="0.009"/>
  <testcase name="dotParserTest[6: syntax-03.xdot]" classname="io.jbotsim.io.format.dot.DotTopologySerializerTest" time="0.016"/>
  <testcase name="dotParserTest[7: hm-01.gv]" classname="io.jbotsim.io.format.dot.DotTopologySerializerTest" time="0.006"/>
  <testcase name="dotParserTest[8: arboricity-100-2.gv]" classname="io.jbotsim.io.format.dot.DotTopologySerializerTest" time="0.053"/>
  <testcase name="dotParserTest[9: barbell-6-5-4.gv]" classname="io.jbotsim.io.format.dot.DotTopologySerializerTest" time="0.013"/>
  <testcase name="dotParserTest[10: cactus-20.gv]" classname="io.jbotsim.io.format.dot.DotTopologySerializerTest" time="0.005"/>
  <testcase name="dotParserTest[11: kstar-20-2.gv]" classname="io.jbotsim.io.format.dot.DotTopologySerializerTest" time="0.01"/>
  <testcase name="dotParserTest[12: gabriel-50.gv]" classname="io.jbotsim.io.format.dot.DotTopologySerializerTest" time="0.018"/>
  <testcase name="dotParserTest[13: paley-10.gv]" classname="io.jbotsim.io.format.dot.DotTopologySerializerTest" time="0.01"/>
  <testcase name="dotParserTest[14: paley-10.xdot]" classname="io.jbotsim.io.format.dot.DotTopologySerializerTest" time="0.007"/>
  <testcase name="dotParserTest[15: sunlet-10-directed.gv]" classname="io.jbotsim.io.format.dot.DotTopologySerializerTest" time="0.012"/>
  <system-out><![CDATA[]]></system-out>
  <system-err><![CDATA[]]></system-err>
</testsuite>
<?xml version="1.0" encoding="UTF-8"?>
<testsuite name="io.jbotsim.io.format.graph6.BitVectorTest" tests="1000" skipped="0" failures="0" errors="0" timestamp="2020-06-16T15:10:26" hostname="runner-72989761-project-19412425-concurrent-0" time="2.594">
  <properties/>
  <testcase name="randomGetSet(int, int)[1]" classname="io.jbotsim.io.format.graph6.BitVectorTest" time="0.002"/>
  <testcase name="randomGetSet(int, int)[2]" classname="io.jbotsim.io.format.graph6.BitVectorTest" time="0.007"/>
  <testcase name="randomGetSet(int, int)[3]" classname="io.jbotsim.io.format.graph6.BitVectorTest" time="0.001"/>
  <testcase name="randomGetSet(int, int)[4]" classname="io.jbotsim.io.format.graph6.BitVectorTest" time="0.001"/>
  <testcase name="randomGetSet(int, int)[5]" classname="io.jbotsim.io.format.graph6.BitVectorTest" time="0.0"/>
  <testcase name="randomGetSet(int, int)[6]" classname="io.jbotsim.io.format.graph6.BitVectorTest" time="0.002"/>
  <testcase name="randomGetSet(int, int)[7]" classname="io.jbotsim.io.format.graph6.BitVectorTest" time="0.0"/>
  <testcase name="randomGetSet(int, int)[8]" classname="io.jbotsim.io.format.graph6.BitVectorTest" time="0.001"/>
  <testcase name="randomGetSet(int, int)[9]" classname="io.jbotsim.io.format.graph6.BitVectorTest" time="0.001"/>
  <testcase name="randomGetSet(int, int)[10]" classname="io.jbotsim.io.format.graph6.BitVectorTest" time="0.001"/>
  <testcase name="randomGetSet(int, int)[11]" classname="io.jbotsim.io.format.graph6.BitVectorTest" time="0.001"/>
  <testcase name="randomGetSet(int, int)[12]" classname="io.jbotsim.io.format.graph6.BitVectorTest" time="0.001"/>
  <testcase name="randomGetSet(int, int)[13]" classname="io.jbotsim.io.format.graph6.BitVectorTest" time="0.004"/>
  <testcase name="randomGetSet(int, int)[14]" classname="io.jbotsim.io.format.graph6.BitVectorTest" time="0.001"/>
  <testcase name="randomGetSet(int, int)[15]" classname="io.jbotsim.io.format.graph6.BitVectorTest" time="0.005"/>
  <testcase name="randomGetSet(int, int)[16]" classname="io.jbotsim.io.format.graph6.BitVectorTest" time="0.003"/>
  <testcase name="randomGetSet(int, int)[17]" classname="io.jbotsim.io.format.graph6.BitVectorTest" time="0.002"/>
  <testcase name="randomGetSet(int, int)[18]" classname="io.jbotsim.io.format.graph6.BitVectorTest" time="0.002"/>
  <testcase name="randomGetSet(int, int)[19]" classname="io.jbotsim.io.format.graph6.BitVectorTest" time="0.001"/>
  <testcase name="randomGetSet(int, int)[20]" classname="io.jbotsim.io.format.graph6.BitVectorTest" time="0.001"/>
  <testcase name="randomGetSet(int, int)[21]" classname="io.jbotsim.io.format.graph6.BitVectorTest" time="0.001"/>
  <testcase name="randomGetSet(int, int)[22]" classname="io.jbotsim.io.format.graph6.BitVectorTest" time="0.003"/>
  <testcase name="randomGetSet(int, int)[23]" classname="io.jbotsim.io.format.graph6.BitVectorTest" time="0.0"/>
  <testcase name="randomGetSet(int, int)[24]" classname="io.jbotsim.io.format.graph6.BitVectorTest" time="0.003"/>
  <testcase name="randomGetSet(int, int)[25]" classname="io.jbotsim.io.format.graph6.BitVectorTest" time="0.002"/>
  <testcase name="randomGetSet(int, int)[26]" classname="io.jbotsim.io.format.graph6.BitVectorTest" time="0.001"/>
  <testcase name="randomGetSet(int, int)[27]" classname="io.jbotsim.io.format.graph6.BitVectorTest" time="0.001"/>
  <testcase name="randomGetSet(int, int)[28]" classname="io.jbotsim.io.format.graph6.BitVectorTest" time="0.002"/>
  <testcase name="randomGetSet(int, int)[29]" classname="io.jbotsim.io.format.graph6.BitVectorTest" time="0.005"/>
  <testcase name="randomGetSet(int, int)[30]" classname="io.jbotsim.io.format.graph6.BitVectorTest" time="0.001"/>
  <testcase name="randomGetSet(int, int)[31]" classname="io.jbotsim.io.format.graph6.BitVectorTest" time="0.001"/>
  <testcase name="randomGetSet(int, int)[32]" classname="io.jbotsim.io.format.graph6.BitVectorTest" time="0.001"/>
  <testcase name="randomGetSet(int, int)[33]" classname="io.jbotsim.io.format.graph6.BitVectorTest" time="0.003"/>
  <testcase name="randomGetSet(int, int)[34]" classname="io.jbotsim.io.format.graph6.BitVectorTest" time="0.002"/>
  <testcase name="randomGetSet(int, int)[35]" classname="io.jbotsim.io.format.graph6.BitVectorTest" time="0.002"/>
  <testcase name="randomGetSet(int, int)[36]" classname="io.jbotsim.io.format.graph6.BitVectorTest" time="0.004"/>
  <testcase name="randomGetSet(int, int)[37]" classname="io.jbotsim.io.format.graph6.BitVectorTest" time="0.005"/>
  <testcase name="randomGetSet(int, int)[38]" classname="io.jbotsim.io.format.graph6.BitVectorTest" time="0.001"/>
  <testcase name="randomGetSet(int, int)[39]" classname="io.jbotsim.io.format.graph6.BitVectorTest" time="0.001"/>
  <testcase name="randomGetSet(int, int)[40]" classname="io.jbotsim.io.format.graph6.BitVectorTest" time="0.0"/>
  <testcase name="randomGetSet(int, int)[41]" classname="io.jbotsim.io.format.graph6.BitVectorTest" time="0.005"/>
  <testcase name="randomGetSet(int, int)[42]" classname="io.jbotsim.io.format.graph6.BitVectorTest" time="0.001"/>
  <testcase name="randomGetSet(int, int)[43]" classname="io.jbotsim.io.format.graph6.BitVectorTest" time="0.004"/>
  <testcase name="randomGetSet(int, int)[44]" classname="io.jbotsim.io.format.graph6.BitVectorTest" time="0.001"/>
  <testcase name="randomGetSet(int, int)[45]" classname="io.jbotsim.io.format.graph6.BitVectorTest" time="0.003"/>
  <testcase name="randomGetSet(int, int)[46]" classname="io.jbotsim.io.format.graph6.BitVectorTest" time="0.001"/>
  <testcase name="randomGetSet(int, int)[47]" classname="io.jbotsim.io.format.graph6.BitVectorTest" time="0.001"/>
  <testcase name="randomGetSet(int, int)[48]" classname="io.jbotsim.io.format.graph6.BitVectorTest" time="0.001"/>
  <testcase name="randomGetSet(int, int)[49]" classname="io.jbotsim.io.format.graph6.BitVectorTest" time="0.004"/>
  <testcase name="randomGetSet(int, int)[50]" classname="io.jbotsim.io.format.graph6.BitVectorTest" time="0.001"/>
  <testcase name="randomGetSet(int, int)[51]" classname="io.jbotsim.io.format.graph6.BitVectorTest" time="0.001"/>
  <testcase name="randomGetSet(int, int)[52]" classname="io.jbotsim.io.format.graph6.BitVectorTest" time="0.0"/>
  <testcase name="randomGetSet(int, int)[53]" classname="io.jbotsim.io.format.graph6.BitVectorTest" time="0.003"/>
  <testcase name="randomGetSet(int, int)[54]" classname="io.jbotsim.io.format.graph6.BitVectorTest" time="0.003"/>
  <testcase name="randomGetSet(int, int)[55]" classname="io.jbotsim.io.format.graph6.BitVectorTest" time="0.003"/>
  <testcase name="randomGetSet(int, int)[56]" classname="io.jbotsim.io.format.graph6.BitVectorTest" time="0.005"/>
  <testcase name="randomGetSet(int, int)[57]" classname="io.jbotsim.io.format.graph6.BitVectorTest" time="0.001"/>
  <testcase name="randomGetSet(int, int)[58]" classname="io.jbotsim.io.format.graph6.BitVectorTest" time="0.0"/>
  <testcase name="randomGetSet(int, int)[59]" classname="io.jbotsim.io.format.graph6.BitVectorTest" time="0.003"/>
  <testcase name="randomGetSet(int, int)[60]" classname="io.jbotsim.io.format.graph6.BitVectorTest" time="0.0"/>
  <testcase name="randomGetSet(int, int)[61]" classname="io.jbotsim.io.format.graph6.BitVectorTest" time="0.002"/>
  <testcase name="randomGetSet(int, int)[62]" classname="io.jbotsim.io.format.graph6.BitVectorTest" time="0.001"/>
  <testcase name="randomGetSet(int, int)[63]" classname="io.jbotsim.io.format.graph6.BitVectorTest" time="0.006"/>
  <testcase name="randomGetSet(int, int)[64]" classname="io.jbotsim.io.format.graph6.BitVectorTest" time="0.003"/>
  <testcase name="randomGetSet(int, int)[65]" classname="io.jbotsim.io.format.graph6.BitVectorTest" time="0.001"/>
  <testcase name="randomGetSet(int, int)[66]" classname="io.jbotsim.io.format.graph6.BitVectorTest" time="0.008"/>
  <testcase name="randomGetSet(int, int)[67]" classname="io.jbotsim.io.format.graph6.BitVectorTest" time="0.005"/>
  <testcase name="randomGetSet(int, int)[68]" classname="io.jbotsim.io.format.graph6.BitVectorTest" time="0.004"/>
  <testcase name="randomGetSet(int, int)[69]" classname="io.jbotsim.io.format.graph6.BitVectorTest" time="0.006"/>
  <testcase name="randomGetSet(int, int)[70]" classname="io.jbotsim.io.format.graph6.BitVectorTest" time="0.007"/>
  <testcase name="randomGetSet(int, int)[71]" classname="io.jbotsim.io.format.graph6.BitVectorTest" time="0.001"/>
  <testcase name="randomGetSet(int, int)[72]" classname="io.jbotsim.io.format.graph6.BitVectorTest" time="0.002"/>
  <testcase name="randomGetSet(int, int)[73]" classname="io.jbotsim.io.format.graph6.BitVectorTest" time="0.003"/>
  <testcase name="randomGetSet(int, int)[74]" classname="io.jbotsim.io.format.graph6.BitVectorTest" time="0.001"/>
  <testcase name="randomGetSet(int, int)[75]" classname="io.jbotsim.io.format.graph6.BitVectorTest" time="0.001"/>
  <testcase name="randomGetSet(int, int)[76]" classname="io.jbotsim.io.format.graph6.BitVectorTest" time="0.001"/>
  <testcase name="randomGetSet(int, int)[77]" classname="io.jbotsim.io.format.graph6.BitVectorTest" time="0.001"/>
  <testcase name="randomGetSet(int, int)[78]" classname="io.jbotsim.io.format.graph6.BitVectorTest" time="0.001"/>
  <testcase name="randomGetSet(int, int)[79]" classname="io.jbotsim.io.format.graph6.BitVectorTest" time="0.005"/>
  <testcase name="randomGetSet(int, int)[80]" classname="io.jbotsim.io.format.graph6.BitVectorTest" time="0.003"/>
  <testcase name="randomGetSet(int, int)[81]" classname="io.jbotsim.io.format.graph6.BitVectorTest" time="0.002"/>
  <testcase name="randomGetSet(int, int)[82]" classname="io.jbotsim.io.format.graph6.BitVectorTest" time="0.005"/>
  <testcase name="randomGetSet(int, int)[83]" classname="io.jbotsim.io.format.graph6.BitVectorTest" time="0.0"/>
  <testcase name="randomGetSet(int, int)[84]" classname="io.jbotsim.io.format.graph6.BitVectorTest" time="0.006"/>
  <testcase name="randomGetSet(int, int)[85]" classname="io.jbotsim.io.format.graph6.BitVectorTest" time="0.004"/>
  <testcase name="randomGetSet(int, int)[86]" classname="io.jbotsim.io.format.graph6.BitVectorTest" time="0.001"/>
  <testcase name="randomGetSet(int, int)[87]" classname="io.jbotsim.io.format.graph6.BitVectorTest" time="0.005"/>
  <testcase name="randomGetSet(int, int)[88]" classname="io.jbotsim.io.format.graph6.BitVectorTest" time="0.001"/>
  <testcase name="randomGetSet(int, int)[89]" classname="io.jbotsim.io.format.graph6.BitVectorTest" time="0.0"/>
  <testcase name="randomGetSet(int, int)[90]" classname="io.jbotsim.io.format.graph6.BitVectorTest" time="0.003"/>
  <testcase name="randomGetSet(int, int)[91]" classname="io.jbotsim.io.format.graph6.BitVectorTest" time="0.003"/>
  <testcase name="randomGetSet(int, int)[92]" classname="io.jbotsim.io.format.graph6.BitVectorTest" time="0.001"/>
  <testcase name="randomGetSet(int, int)[93]" classname="io.jbotsim.io.format.graph6.BitVectorTest" time="0.001"/>
  <testcase name="randomGetSet(int, int)[94]" classname="io.jbotsim.io.format.graph6.BitVectorTest" time="0.003"/>
  <testcase name="randomGetSet(int, int)[95]" classname="io.jbotsim.io.format.graph6.BitVectorTest" time="0.002"/>
  <testcase name="randomGetSet(int, int)[96]" classname="io.jbotsim.io.format.graph6.BitVectorTest" time="0.004"/>
  <testcase name="randomGetSet(int, int)[97]" classname="io.jbotsim.io.format.graph6.BitVectorTest" time="0.0"/>
  <testcase name="randomGetSet(int, int)[98]" classname="io.jbotsim.io.format.graph6.BitVectorTest" time="0.001"/>
  <testcase name="randomGetSet(int, int)[99]" classname="io.jbotsim.io.format.graph6.BitVectorTest" time="0.002"/>
  <testcase name="randomGetSet(int, int)[100]" classname="io.jbotsim.io.format.graph6.BitVectorTest" time="0.002"/>
  <testcase name="randomGetSet(int, int)[101]" classname="io.jbotsim.io.format.graph6.BitVectorTest" time="0.0"/>
  <testcase name="randomGetSet(int, int)[102]" classname="io.jbotsim.io.format.graph6.BitVectorTest" time="0.003"/>
  <testcase name="randomGetSet(int, int)[103]" classname="io.jbotsim.io.format.graph6.BitVectorTest" time="0.001"/>
  <testcase name="randomGetSet(int, int)[104]" classname="io.jbotsim.io.format.graph6.BitVectorTest" time="0.005"/>
  <testcase name="randomGetSet(int, int)[105]" classname="io.jbotsim.io.format.graph6.BitVectorTest" time="0.0"/>
  <testcase name="randomGetSet(int, int)[106]" classname="io.jbotsim.io.format.graph6.BitVectorTest" time="0.001"/>
  <testcase name="randomGetSet(int, int)[107]" classname="io.jbotsim.io.format.graph6.BitVectorTest" time="0.001"/>
  <testcase name="randomGetSet(int, int)[108]" classname="io.jbotsim.io.format.graph6.BitVectorTest" time="0.002"/>
  <testcase name="randomGetSet(int, int)[109]" classname="io.jbotsim.io.format.graph6.BitVectorTest" time="0.006"/>
  <testcase name="randomGetSet(int, int)[110]" classname="io.jbotsim.io.format.graph6.BitVectorTest" time="0.003"/>
  <testcase name="randomGetSet(int, int)[111]" classname="io.jbotsim.io.format.graph6.BitVectorTest" time="0.0"/>
  <testcase name="randomGetSet(int, int)[112]" classname="io.jbotsim.io.format.graph6.BitVectorTest" time="0.005"/>
  <testcase name="randomGetSet(int, int)[113]" classname="io.jbotsim.io.format.graph6.BitVectorTest" time="0.001"/>
  <testcase name="randomGetSet(int, int)[114]" classname="io.jbotsim.io.format.graph6.BitVectorTest" time="0.004"/>
  <testcase name="randomGetSet(int, int)[115]" classname="io.jbotsim.io.format.graph6.BitVectorTest" time="0.001"/>
  <testcase name="randomGetSet(int, int)[116]" classname="io.jbotsim.io.format.graph6.BitVectorTest" time="0.002"/>
  <testcase name="randomGetSet(int, int)[117]" classname="io.jbotsim.io.format.graph6.BitVectorTest" time="0.001"/>
  <testcase name="randomGetSet(int, int)[118]" classname="io.jbotsim.io.format.graph6.BitVectorTest" time="0.003"/>
  <testcase name="randomGetSet(int, int)[119]" classname="io.jbotsim.io.format.graph6.BitVectorTest" time="0.001"/>
  <testcase name="randomGetSet(int, int)[120]" classname="io.jbotsim.io.format.graph6.BitVectorTest" time="0.003"/>
  <testcase name="randomGetSet(int, int)[121]" classname="io.jbotsim.io.format.graph6.BitVectorTest" time="0.001"/>
  <testcase name="randomGetSet(int, int)[122]" classname="io.jbotsim.io.format.graph6.BitVectorTest" time="0.001"/>
  <testcase name="randomGetSet(int, int)[123]" classname="io.jbotsim.io.format.graph6.BitVectorTest" time="0.001"/>
  <testcase name="randomGetSet(int, int)[124]" classname="io.jbotsim.io.format.graph6.BitVectorTest" time="0.001"/>
  <testcase name="randomGetSet(int, int)[125]" classname="io.jbotsim.io.format.graph6.BitVectorTest" time="0.002"/>
  <testcase name="randomGetSet(int, int)[126]" classname="io.jbotsim.io.format.graph6.BitVectorTest" time="0.005"/>
  <testcase name="randomGetSet(int, int)[127]" classname="io.jbotsim.io.format.graph6.BitVectorTest" time="0.0"/>
  <testcase name="randomGetSet(int, int)[128]" classname="io.jbotsim.io.format.graph6.BitVectorTest" time="0.008"/>
  <testcase name="randomGetSet(int, int)[129]" classname="io.jbotsim.io.format.graph6.BitVectorTest" time="0.001"/>
  <testcase name="randomGetSet(int, int)[130]" classname="io.jbotsim.io.format.graph6.BitVectorTest" time="0.005"/>
  <testcase name="randomGetSet(int, int)[131]" classname="io.jbotsim.io.format.graph6.BitVectorTest" time="0.007"/>
  <testcase name="randomGetSet(int, int)[132]" classname="io.jbotsim.io.format.graph6.BitVectorTest" time="0.001"/>
  <testcase name="randomGetSet(int, int)[133]" classname="io.jbotsim.io.format.graph6.BitVectorTest" time="0.0"/>
  <testcase name="randomGetSet(int, int)[134]" classname="io.jbotsim.io.format.graph6.BitVectorTest" time="0.007"/>
  <testcase name="randomGetSet(int, int)[135]" classname="io.jbotsim.io.format.graph6.BitVectorTest" time="0.001"/>
  <testcase name="randomGetSet(int, int)[136]" classname="io.jbotsim.io.format.graph6.BitVectorTest" time="0.002"/>
  <testcase name="randomGetSet(int, int)[137]" classname="io.jbotsim.io.format.graph6.BitVectorTest" time="0.006"/>
  <testcase name="randomGetSet(int, int)[138]" classname="io.jbotsim.io.format.graph6.BitVectorTest" time="0.001"/>
  <testcase name="randomGetSet(int, int)[139]" classname="io.jbotsim.io.format.graph6.BitVectorTest" time="0.001"/>
  <testcase name="randomGetSet(int, int)[140]" classname="io.jbotsim.io.format.graph6.BitVectorTest" time="0.005"/>
  <testcase name="randomGetSet(int, int)[141]" classname="io.jbotsim.io.format.graph6.BitVectorTest" time="0.003"/>
  <testcase name="randomGetSet(int, int)[142]" classname="io.jbotsim.io.format.graph6.BitVectorTest" time="0.0"/>
  <testcase name="randomGetSet(int, int)[143]" classname="io.jbotsim.io.format.graph6.BitVectorTest" time="0.004"/>
  <testcase name="randomGetSet(int, int)[144]" classname="io.jbotsim.io.format.graph6.BitVectorTest" time="0.004"/>
  <testcase name="randomGetSet(int, int)[145]" classname="io.jbotsim.io.format.graph6.BitVectorTest" time="0.002"/>
  <testcase name="randomGetSet(int, int)[146]" classname="io.jbotsim.io.format.graph6.BitVectorTest" time="0.005"/>
  <testcase name="randomGetSet(int, int)[147]" classname="io.jbotsim.io.format.graph6.BitVectorTest" time="0.002"/>
  <testcase name="randomGetSet(int, int)[148]" classname="io.jbotsim.io.format.graph6.BitVectorTest" time="0.0"/>
  <testcase name="randomGetSet(int, int)[149]" classname="io.jbotsim.io.format.graph6.BitVectorTest" time="0.005"/>
  <testcase name="randomGetSet(int, int)[150]" classname="io.jbotsim.io.format.graph6.BitVectorTest" time="0.004"/>
  <testcase name="randomGetSet(int, int)[151]" classname="io.jbotsim.io.format.graph6.BitVectorTest" time="0.002"/>
  <testcase name="randomGetSet(int, int)[152]" classname="io.jbotsim.io.format.graph6.BitVectorTest" time="0.007"/>
  <testcase name="randomGetSet(int, int)[153]" classname="io.jbotsim.io.format.graph6.BitVectorTest" time="0.001"/>
  <testcase name="randomGetSet(int, int)[154]" classname="io.jbotsim.io.format.graph6.BitVectorTest" time="0.004"/>
  <testcase name="randomGetSet(int, int)[155]" classname="io.jbotsim.io.format.graph6.BitVectorTest" time="0.0"/>
  <testcase name="randomGetSet(int, int)[156]" classname="io.jbotsim.io.format.graph6.BitVectorTest" time="0.001"/>
  <testcase name="randomGetSet(int, int)[157]" classname="io.jbotsim.io.format.graph6.BitVectorTest" time="0.001"/>
  <testcase name="randomGetSet(int, int)[158]" classname="io.jbotsim.io.format.graph6.BitVectorTest" time="0.0"/>
  <testcase name="randomGetSet(int, int)[159]" classname="io.jbotsim.io.format.graph6.BitVectorTest" time="0.001"/>
  <testcase name="randomGetSet(int, int)[160]" classname="io.jbotsim.io.format.graph6.BitVectorTest" time="0.001"/>
  <testcase name="randomGetSet(int, int)[161]" classname="io.jbotsim.io.format.graph6.BitVectorTest" time="0.0"/>
  <testcase name="randomGetSet(int, int)[162]" classname="io.jbotsim.io.format.graph6.BitVectorTest" time="0.0"/>
  <testcase name="randomGetSet(int, int)[163]" classname="io.jbotsim.io.format.graph6.BitVectorTest" time="0.004"/>
  <testcase name="randomGetSet(int, int)[164]" classname="io.jbotsim.io.format.graph6.BitVectorTest" time="0.004"/>
  <testcase name="randomGetSet(int, int)[165]" classname="io.jbotsim.io.format.graph6.BitVectorTest" time="0.004"/>
  <testcase name="randomGetSet(int, int)[166]" classname="io.jbotsim.io.format.graph6.BitVectorTest" time="0.001"/>
  <testcase name="randomGetSet(int, int)[167]" classname="io.jbotsim.io.format.graph6.BitVectorTest" time="0.003"/>
  <testcase name="randomGetSet(int, int)[168]" classname="io.jbotsim.io.format.graph6.BitVectorTest" time="0.001"/>
  <testcase name="randomGetSet(int, int)[169]" classname="io.jbotsim.io.format.graph6.BitVectorTest" time="0.007"/>
  <testcase name="randomGetSet(int, int)[170]" classname="io.jbotsim.io.format.graph6.BitVectorTest" time="0.0"/>
  <testcase name="randomGetSet(int, int)[171]" classname="io.jbotsim.io.format.graph6.BitVectorTest" time="0.004"/>
  <testcase name="randomGetSet(int, int)[172]" classname="io.jbotsim.io.format.graph6.BitVectorTest" time="0.002"/>
  <testcase name="randomGetSet(int, int)[173]" classname="io.jbotsim.io.format.graph6.BitVectorTest" time="0.004"/>
  <testcase name="randomGetSet(int, int)[174]" classname="io.jbotsim.io.format.graph6.BitVectorTest" time="0.002"/>
  <testcase name="randomGetSet(int, int)[175]" classname="io.jbotsim.io.format.graph6.BitVectorTest" time="0.0"/>
  <testcase name="randomGetSet(int, int)[176]" classname="io.jbotsim.io.format.graph6.BitVectorTest" time="0.002"/>
  <testcase name="randomGetSet(int, int)[177]" classname="io.jbotsim.io.format.graph6.BitVectorTest" time="0.003"/>
  <testcase name="randomGetSet(int, int)[178]" classname="io.jbotsim.io.format.graph6.BitVectorTest" time="0.0"/>
  <testcase name="randomGetSet(int, int)[179]" classname="io.jbotsim.io.format.graph6.BitVectorTest" time="0.005"/>
  <testcase name="randomGetSet(int, int)[180]" classname="io.jbotsim.io.format.graph6.BitVectorTest" time="0.001"/>
  <testcase name="randomGetSet(int, int)[181]" classname="io.jbotsim.io.format.graph6.BitVectorTest" time="0.005"/>
  <testcase name="randomGetSet(int, int)[182]" classname="io.jbotsim.io.format.graph6.BitVectorTest" time="0.003"/>
  <testcase name="randomGetSet(int, int)[183]" classname="io.jbotsim.io.format.graph6.BitVectorTest" time="0.004"/>
  <testcase name="randomGetSet(int, int)[184]" classname="io.jbotsim.io.format.graph6.BitVectorTest" time="0.001"/>
  <testcase name="randomGetSet(int, int)[185]" classname="io.jbotsim.io.format.graph6.BitVectorTest" time="0.004"/>
  <testcase name="randomGetSet(int, int)[186]" classname="io.jbotsim.io.format.graph6.BitVectorTest" time="0.005"/>
  <testcase name="randomGetSet(int, int)[187]" classname="io.jbotsim.io.format.graph6.BitVectorTest" time="0.0"/>
  <testcase name="randomGetSet(int, int)[188]" classname="io.jbotsim.io.format.graph6.BitVectorTest" time="0.001"/>
  <testcase name="randomGetSet(int, int)[189]" classname="io.jbotsim.io.format.graph6.BitVectorTest" time="0.001"/>
  <testcase name="randomGetSet(int, int)[190]" classname="io.jbotsim.io.format.graph6.BitVectorTest" time="0.001"/>
  <testcase name="randomGetSet(int, int)[191]" classname="io.jbotsim.io.format.graph6.BitVectorTest" time="0.005"/>
  <testcase name="randomGetSet(int, int)[192]" classname="io.jbotsim.io.format.graph6.BitVectorTest" time="0.001"/>
  <testcase name="randomGetSet(int, int)[193]" classname="io.jbotsim.io.format.graph6.BitVectorTest" time="0.001"/>
  <testcase name="randomGetSet(int, int)[194]" classname="io.jbotsim.io.format.graph6.BitVectorTest" time="0.002"/>
  <testcase name="randomGetSet(int, int)[195]" classname="io.jbotsim.io.format.graph6.BitVectorTest" time="0.0"/>
  <testcase name="randomGetSet(int, int)[196]" classname="io.jbotsim.io.format.graph6.BitVectorTest" time="0.004"/>
  <testcase name="randomGetSet(int, int)[197]" classname="io.jbotsim.io.format.graph6.BitVectorTest" time="0.001"/>
  <testcase name="randomGetSet(int, int)[198]" classname="io.jbotsim.io.format.graph6.BitVectorTest" time="0.0"/>
  <testcase name="randomGetSet(int, int)[199]" classname="io.jbotsim.io.format.graph6.BitVectorTest" time="0.001"/>
  <testcase name="randomGetSet(int, int)[200]" classname="io.jbotsim.io.format.graph6.BitVectorTest" time="0.001"/>
  <testcase name="randomGetSet(int, int)[201]" classname="io.jbotsim.io.format.graph6.BitVectorTest" time="0.0"/>
  <testcase name="randomGetSet(int, int)[202]" classname="io.jbotsim.io.format.graph6.BitVectorTest" time="0.001"/>
  <testcase name="randomGetSet(int, int)[203]" classname="io.jbotsim.io.format.graph6.BitVectorTest" time="0.001"/>
  <testcase name="randomGetSet(int, int)[204]" classname="io.jbotsim.io.format.graph6.BitVectorTest" time="0.0"/>
  <testcase name="randomGetSet(int, int)[205]" classname="io.jbotsim.io.format.graph6.BitVectorTest" time="0.0"/>
  <testcase name="randomGetSet(int, int)[206]" classname="io.jbotsim.io.format.graph6.BitVectorTest" time="0.001"/>
  <testcase name="randomGetSet(int, int)[207]" classname="io.jbotsim.io.format.graph6.BitVectorTest" time="0.001"/>
  <testcase name="randomGetSet(int, int)[208]" classname="io.jbotsim.io.format.graph6.BitVectorTest" time="0.003"/>
  <testcase name="randomGetSet(int, int)[209]" classname="io.jbotsim.io.format.graph6.BitVectorTest" time="0.0"/>
  <testcase name="randomGetSet(int, int)[210]" classname="io.jbotsim.io.format.graph6.BitVectorTest" time="0.0"/>
  <testcase name="randomGetSet(int, int)[211]" classname="io.jbotsim.io.format.graph6.BitVectorTest" time="0.0"/>
  <testcase name="randomGetSet(int, int)[212]" classname="io.jbotsim.io.format.graph6.BitVectorTest" time="0.001"/>
  <testcase name="randomGetSet(int, int)[213]" classname="io.jbotsim.io.format.graph6.BitVectorTest" time="0.001"/>
  <testcase name="randomGetSet(int, int)[214]" classname="io.jbotsim.io.format.graph6.BitVectorTest" time="0.002"/>
  <testcase name="randomGetSet(int, int)[215]" classname="io.jbotsim.io.format.graph6.BitVectorTest" time="0.0"/>
  <testcase name="randomGetSet(int, int)[216]" classname="io.jbotsim.io.format.graph6.BitVectorTest" time="0.0"/>
  <testcase name="randomGetSet(int, int)[217]" classname="io.jbotsim.io.format.graph6.BitVectorTest" time="0.001"/>
  <testcase name="randomGetSet(int, int)[218]" classname="io.jbotsim.io.format.graph6.BitVectorTest" time="0.001"/>
  <testcase name="randomGetSet(int, int)[219]" classname="io.jbotsim.io.format.graph6.BitVectorTest" time="0.001"/>
  <testcase name="randomGetSet(int, int)[220]" classname="io.jbotsim.io.format.graph6.BitVectorTest" time="0.004"/>
  <testcase name="randomGetSet(int, int)[221]" classname="io.jbotsim.io.format.graph6.BitVectorTest" time="0.001"/>
  <testcase name="randomGetSet(int, int)[222]" classname="io.jbotsim.io.format.graph6.BitVectorTest" time="0.001"/>
  <testcase name="randomGetSet(int, int)[223]" classname="io.jbotsim.io.format.graph6.BitVectorTest" time="0.007"/>
  <testcase name="randomGetSet(int, int)[224]" classname="io.jbotsim.io.format.graph6.BitVectorTest" time="0.001"/>
  <testcase name="randomGetSet(int, int)[225]" classname="io.jbotsim.io.format.graph6.BitVectorTest" time="0.001"/>
  <testcase name="randomGetSet(int, int)[226]" classname="io.jbotsim.io.format.graph6.BitVectorTest" time="0.001"/>
  <testcase name="randomGetSet(int, int)[227]" classname="io.jbotsim.io.format.graph6.BitVectorTest" time="0.002"/>
  <testcase name="randomGetSet(int, int)[228]" classname="io.jbotsim.io.format.graph6.BitVectorTest" time="0.002"/>
  <testcase name="randomGetSet(int, int)[229]" classname="io.jbotsim.io.format.graph6.BitVectorTest" time="0.0"/>
  <testcase name="randomGetSet(int, int)[230]" classname="io.jbotsim.io.format.graph6.BitVectorTest" time="0.001"/>
  <testcase name="randomGetSet(int, int)[231]" classname="io.jbotsim.io.format.graph6.BitVectorTest" time="0.0"/>
  <testcase name="randomGetSet(int, int)[232]" classname="io.jbotsim.io.format.graph6.BitVectorTest" time="0.0"/>
  <testcase name="randomGetSet(int, int)[233]" classname="io.jbotsim.io.format.graph6.BitVectorTest" time="0.005"/>
  <testcase name="randomGetSet(int, int)[234]" classname="io.jbotsim.io.format.graph6.BitVectorTest" time="0.001"/>
  <testcase name="randomGetSet(int, int)[235]" classname="io.jbotsim.io.format.graph6.BitVectorTest" time="0.001"/>
  <testcase name="randomGetSet(int, int)[236]" classname="io.jbotsim.io.format.graph6.BitVectorTest" time="0.003"/>
  <testcase name="randomGetSet(int, int)[237]" classname="io.jbotsim.io.format.graph6.BitVectorTest" time="0.004"/>
  <testcase name="randomGetSet(int, int)[238]" classname="io.jbotsim.io.format.graph6.BitVectorTest" time="0.003"/>
  <testcase name="randomGetSet(int, int)[239]" classname="io.jbotsim.io.format.graph6.BitVectorTest" time="0.002"/>
  <testcase name="randomGetSet(int, int)[240]" classname="io.jbotsim.io.format.graph6.BitVectorTest" time="0.002"/>
  <testcase name="randomGetSet(int, int)[241]" classname="io.jbotsim.io.format.graph6.BitVectorTest" time="0.007"/>
  <testcase name="randomGetSet(int, int)[242]" classname="io.jbotsim.io.format.graph6.BitVectorTest" time="0.0"/>
  <testcase name="randomGetSet(int, int)[243]" classname="io.jbotsim.io.format.graph6.BitVectorTest" time="0.0"/>
  <testcase name="randomGetSet(int, int)[244]" classname="io.jbotsim.io.format.graph6.BitVectorTest" time="0.002"/>
  <testcase name="randomGetSet(int, int)[245]" classname="io.jbotsim.io.format.graph6.BitVectorTest" time="0.001"/>
  <testcase name="randomGetSet(int, int)[246]" classname="io.jbotsim.io.format.graph6.BitVectorTest" time="0.0"/>
  <testcase name="randomGetSet(int, int)[247]" classname="io.jbotsim.io.format.graph6.BitVectorTest" time="0.001"/>
  <testcase name="randomGetSet(int, int)[248]" classname="io.jbotsim.io.format.graph6.BitVectorTest" time="0.002"/>
  <testcase name="randomGetSet(int, int)[249]" classname="io.jbotsim.io.format.graph6.BitVectorTest" time="0.0"/>
  <testcase name="randomGetSet(int, int)[250]" classname="io.jbotsim.io.format.graph6.BitVectorTest" time="0.0"/>
  <testcase name="randomGetSet(int, int)[251]" classname="io.jbotsim.io.format.graph6.BitVectorTest" time="0.0"/>
  <testcase name="randomGetSet(int, int)[252]" classname="io.jbotsim.io.format.graph6.BitVectorTest" time="0.001"/>
  <testcase name="randomGetSet(int, int)[253]" classname="io.jbotsim.io.format.graph6.BitVectorTest" time="0.001"/>
  <testcase name="randomGetSet(int, int)[254]" classname="io.jbotsim.io.format.graph6.BitVectorTest" time="0.0"/>
  <testcase name="randomGetSet(int, int)[255]" classname="io.jbotsim.io.format.graph6.BitVectorTest" time="0.0"/>
  <testcase name="randomGetSet(int, int)[256]" classname="io.jbotsim.io.format.graph6.BitVectorTest" time="0.004"/>
  <testcase name="randomGetSet(int, int)[257]" classname="io.jbotsim.io.format.graph6.BitVectorTest" time="0.0"/>
  <testcase name="randomGetSet(int, int)[258]" classname="io.jbotsim.io.format.graph6.BitVectorTest" time="0.0"/>
  <testcase name="randomGetSet(int, int)[259]" classname="io.jbotsim.io.format.graph6.BitVectorTest" time="0.002"/>
  <testcase name="randomGetSet(int, int)[260]" classname="io.jbotsim.io.format.graph6.BitVectorTest" time="0.0"/>
  <testcase name="randomGetSet(int, int)[261]" classname="io.jbotsim.io.format.graph6.BitVectorTest" time="0.003"/>
  <testcase name="randomGetSet(int, int)[262]" classname="io.jbotsim.io.format.graph6.BitVectorTest" time="0.0"/>
  <testcase name="randomGetSet(int, int)[263]" classname="io.jbotsim.io.format.graph6.BitVectorTest" time="0.001"/>
  <testcase name="randomGetSet(int, int)[264]" classname="io.jbotsim.io.format.graph6.BitVectorTest" time="0.0"/>
  <testcase name="randomGetSet(int, int)[265]" classname="io.jbotsim.io.format.graph6.BitVectorTest" time="0.005"/>
  <testcase name="randomGetSet(int, int)[266]" classname="io.jbotsim.io.format.graph6.BitVectorTest" time="0.0"/>
  <testcase name="randomGetSet(int, int)[267]" classname="io.jbotsim.io.format.graph6.BitVectorTest" time="0.0"/>
  <testcase name="randomGetSet(int, int)[268]" classname="io.jbotsim.io.format.graph6.BitVectorTest" time="0.004"/>
  <testcase name="randomGetSet(int, int)[269]" classname="io.jbotsim.io.format.graph6.BitVectorTest" time="0.003"/>
  <testcase name="randomGetSet(int, int)[270]" classname="io.jbotsim.io.format.graph6.BitVectorTest" time="0.0"/>
  <testcase name="randomGetSet(int, int)[271]" classname="io.jbotsim.io.format.graph6.BitVectorTest" time="0.002"/>
  <testcase name="randomGetSet(int, int)[272]" classname="io.jbotsim.io.format.graph6.BitVectorTest" time="0.003"/>
  <testcase name="randomGetSet(int, int)[273]" classname="io.jbotsim.io.format.graph6.BitVectorTest" time="0.004"/>
  <testcase name="randomGetSet(int, int)[274]" classname="io.jbotsim.io.format.graph6.BitVectorTest" time="0.002"/>
  <testcase name="randomGetSet(int, int)[275]" classname="io.jbotsim.io.format.graph6.BitVectorTest" time="0.002"/>
  <testcase name="randomGetSet(int, int)[276]" classname="io.jbotsim.io.format.graph6.BitVectorTest" time="0.0"/>
  <testcase name="randomGetSet(int, int)[277]" classname="io.jbotsim.io.format.graph6.BitVectorTest" time="0.002"/>
  <testcase name="randomGetSet(int, int)[278]" classname="io.jbotsim.io.format.graph6.BitVectorTest" time="0.0"/>
  <testcase name="randomGetSet(int, int)[279]" classname="io.jbotsim.io.format.graph6.BitVectorTest" time="0.004"/>
  <testcase name="randomGetSet(int, int)[280]" classname="io.jbotsim.io.format.graph6.BitVectorTest" time="0.001"/>
  <testcase name="randomGetSet(int, int)[281]" classname="io.jbotsim.io.format.graph6.BitVectorTest" time="0.001"/>
  <testcase name="randomGetSet(int, int)[282]" classname="io.jbotsim.io.format.graph6.BitVectorTest" time="0.002"/>
  <testcase name="randomGetSet(int, int)[283]" classname="io.jbotsim.io.format.graph6.BitVectorTest" time="0.004"/>
  <testcase name="randomGetSet(int, int)[284]" classname="io.jbotsim.io.format.graph6.BitVectorTest" time="0.001"/>
  <testcase name="randomGetSet(int, int)[285]" classname="io.jbotsim.io.format.graph6.BitVectorTest" time="0.001"/>
  <testcase name="randomGetSet(int, int)[286]" classname="io.jbotsim.io.format.graph6.BitVectorTest" time="0.0"/>
  <testcase name="randomGetSet(int, int)[287]" classname="io.jbotsim.io.format.graph6.BitVectorTest" time="0.0"/>
  <testcase name="randomGetSet(int, int)[288]" classname="io.jbotsim.io.format.graph6.BitVectorTest" time="0.001"/>
  <testcase name="randomGetSet(int, int)[289]" classname="io.jbotsim.io.format.graph6.BitVectorTest" time="0.0"/>
  <testcase name="randomGetSet(int, int)[290]" classname="io.jbotsim.io.format.graph6.BitVectorTest" time="0.0"/>
  <testcase name="randomGetSet(int, int)[291]" classname="io.jbotsim.io.format.graph6.BitVectorTest" time="0.003"/>
  <testcase name="randomGetSet(int, int)[292]" classname="io.jbotsim.io.format.graph6.BitVectorTest" time="0.0"/>
  <testcase name="randomGetSet(int, int)[293]" classname="io.jbotsim.io.format.graph6.BitVectorTest" time="0.0"/>
  <testcase name="randomGetSet(int, int)[294]" classname="io.jbotsim.io.format.graph6.BitVectorTest" time="0.002"/>
  <testcase name="randomGetSet(int, int)[295]" classname="io.jbotsim.io.format.graph6.BitVectorTest" time="0.0"/>
  <testcase name="randomGetSet(int, int)[296]" classname="io.jbotsim.io.format.graph6.BitVectorTest" time="0.0"/>
  <testcase name="randomGetSet(int, int)[297]" classname="io.jbotsim.io.format.graph6.BitVectorTest" time="0.0"/>
  <testcase name="randomGetSet(int, int)[298]" classname="io.jbotsim.io.format.graph6.BitVectorTest" time="0.002"/>
  <testcase name="randomGetSet(int, int)[299]" classname="io.jbotsim.io.format.graph6.BitVectorTest" time="0.001"/>
  <testcase name="randomGetSet(int, int)[300]" classname="io.jbotsim.io.format.graph6.BitVectorTest" time="0.004"/>
  <testcase name="randomGetSet(int, int)[301]" classname="io.jbotsim.io.format.graph6.BitVectorTest" time="0.001"/>
  <testcase name="randomGetSet(int, int)[302]" classname="io.jbotsim.io.format.graph6.BitVectorTest" time="0.001"/>
  <testcase name="randomGetSet(int, int)[303]" classname="io.jbotsim.io.format.graph6.BitVectorTest" time="0.0"/>
  <testcase name="randomGetSet(int, int)[304]" classname="io.jbotsim.io.format.graph6.BitVectorTest" time="0.0"/>
  <testcase name="randomGetSet(int, int)[305]" classname="io.jbotsim.io.format.graph6.BitVectorTest" time="0.001"/>
  <testcase name="randomGetSet(int, int)[306]" classname="io.jbotsim.io.format.graph6.BitVectorTest" time="0.0"/>
  <testcase name="randomGetSet(int, int)[307]" classname="io.jbotsim.io.format.graph6.BitVectorTest" time="0.0"/>
  <testcase name="randomGetSet(int, int)[308]" classname="io.jbotsim.io.format.graph6.BitVectorTest" time="0.0"/>
  <testcase name="randomGetSet(int, int)[309]" classname="io.jbotsim.io.format.graph6.BitVectorTest" time="0.001"/>
  <testcase name="randomGetSet(int, int)[310]" classname="io.jbotsim.io.format.graph6.BitVectorTest" time="0.002"/>
  <testcase name="randomGetSet(int, int)[311]" classname="io.jbotsim.io.format.graph6.BitVectorTest" time="0.001"/>
  <testcase name="randomGetSet(int, int)[312]" classname="io.jbotsim.io.format.graph6.BitVectorTest" time="0.002"/>
  <testcase name="randomGetSet(int, int)[313]" classname="io.jbotsim.io.format.graph6.BitVectorTest" time="0.0"/>
  <testcase name="randomGetSet(int, int)[314]" classname="io.jbotsim.io.format.graph6.BitVectorTest" time="0.001"/>
  <testcase name="randomGetSet(int, int)[315]" classname="io.jbotsim.io.format.graph6.BitVectorTest" time="0.004"/>
  <testcase name="randomGetSet(int, int)[316]" classname="io.jbotsim.io.format.graph6.BitVectorTest" time="0.0"/>
  <testcase name="randomGetSet(int, int)[317]" classname="io.jbotsim.io.format.graph6.BitVectorTest" time="0.0"/>
  <testcase name="randomGetSet(int, int)[318]" classname="io.jbotsim.io.format.graph6.BitVectorTest" time="0.0"/>
  <testcase name="randomGetSet(int, int)[319]" classname="io.jbotsim.io.format.graph6.BitVectorTest" time="0.0"/>
  <testcase name="randomGetSet(int, int)[320]" classname="io.jbotsim.io.format.graph6.BitVectorTest" time="0.001"/>
  <testcase name="randomGetSet(int, int)[321]" classname="io.jbotsim.io.format.graph6.BitVectorTest" time="0.001"/>
  <testcase name="randomGetSet(int, int)[322]" classname="io.jbotsim.io.format.graph6.BitVectorTest" time="0.001"/>
  <testcase name="randomGetSet(int, int)[323]" classname="io.jbotsim.io.format.graph6.BitVectorTest" time="0.001"/>
  <testcase name="randomGetSet(int, int)[324]" classname="io.jbotsim.io.format.graph6.BitVectorTest" time="0.001"/>
  <testcase name="randomGetSet(int, int)[325]" classname="io.jbotsim.io.format.graph6.BitVectorTest" time="0.0"/>
  <testcase name="randomGetSet(int, int)[326]" classname="io.jbotsim.io.format.graph6.BitVectorTest" time="0.001"/>
  <testcase name="randomGetSet(int, int)[327]" classname="io.jbotsim.io.format.graph6.BitVectorTest" time="0.005"/>
  <testcase name="randomGetSet(int, int)[328]" classname="io.jbotsim.io.format.graph6.BitVectorTest" time="0.001"/>
  <testcase name="randomGetSet(int, int)[329]" classname="io.jbotsim.io.format.graph6.BitVectorTest" time="0.001"/>
  <testcase name="randomGetSet(int, int)[330]" classname="io.jbotsim.io.format.graph6.BitVectorTest" time="0.0"/>
  <testcase name="randomGetSet(int, int)[331]" classname="io.jbotsim.io.format.graph6.BitVectorTest" time="0.0"/>
  <testcase name="randomGetSet(int, int)[332]" classname="io.jbotsim.io.format.graph6.BitVectorTest" time="0.0"/>
  <testcase name="randomGetSet(int, int)[333]" classname="io.jbotsim.io.format.graph6.BitVectorTest" time="0.0"/>
  <testcase name="randomGetSet(int, int)[334]" classname="io.jbotsim.io.format.graph6.BitVectorTest" time="0.005"/>
  <testcase name="randomGetSet(int, int)[335]" classname="io.jbotsim.io.format.graph6.BitVectorTest" time="0.001"/>
  <testcase name="randomGetSet(int, int)[336]" classname="io.jbotsim.io.format.graph6.BitVectorTest" time="0.0"/>
  <testcase name="randomGetSet(int, int)[337]" classname="io.jbotsim.io.format.graph6.BitVectorTest" time="0.001"/>
  <testcase name="randomGetSet(int, int)[338]" classname="io.jbotsim.io.format.graph6.BitVectorTest" time="0.0"/>
  <testcase name="randomGetSet(int, int)[339]" classname="io.jbotsim.io.format.graph6.BitVectorTest" time="0.0"/>
  <testcase name="randomGetSet(int, int)[340]" classname="io.jbotsim.io.format.graph6.BitVectorTest" time="0.001"/>
  <testcase name="randomGetSet(int, int)[341]" classname="io.jbotsim.io.format.graph6.BitVectorTest" time="0.0"/>
  <testcase name="randomGetSet(int, int)[342]" classname="io.jbotsim.io.format.graph6.BitVectorTest" time="0.0"/>
  <testcase name="randomGetSet(int, int)[343]" classname="io.jbotsim.io.format.graph6.BitVectorTest" time="0.0"/>
  <testcase name="randomGetSet(int, int)[344]" classname="io.jbotsim.io.format.graph6.BitVectorTest" time="0.001"/>
  <testcase name="randomGetSet(int, int)[345]" classname="io.jbotsim.io.format.graph6.BitVectorTest" time="0.0"/>
  <testcase name="randomGetSet(int, int)[346]" classname="io.jbotsim.io.format.graph6.BitVectorTest" time="0.0"/>
  <testcase name="randomGetSet(int, int)[347]" classname="io.jbotsim.io.format.graph6.BitVectorTest" time="0.001"/>
  <testcase name="randomGetSet(int, int)[348]" classname="io.jbotsim.io.format.graph6.BitVectorTest" time="0.001"/>
  <testcase name="randomGetSet(int, int)[349]" classname="io.jbotsim.io.format.graph6.BitVectorTest" time="0.001"/>
  <testcase name="randomGetSet(int, int)[350]" classname="io.jbotsim.io.format.graph6.BitVectorTest" time="0.001"/>
  <testcase name="randomGetSet(int, int)[351]" classname="io.jbotsim.io.format.graph6.BitVectorTest" time="0.0"/>
  <testcase name="randomGetSet(int, int)[352]" classname="io.jbotsim.io.format.graph6.BitVectorTest" time="0.0"/>
  <testcase name="randomGetSet(int, int)[353]" classname="io.jbotsim.io.format.graph6.BitVectorTest" time="0.0"/>
  <testcase name="randomGetSet(int, int)[354]" classname="io.jbotsim.io.format.graph6.BitVectorTest" time="0.002"/>
  <testcase name="randomGetSet(int, int)[355]" classname="io.jbotsim.io.format.graph6.BitVectorTest" time="0.0"/>
  <testcase name="randomGetSet(int, int)[356]" classname="io.jbotsim.io.format.graph6.BitVectorTest" time="0.0"/>
  <testcase name="randomGetSet(int, int)[357]" classname="io.jbotsim.io.format.graph6.BitVectorTest" time="0.0"/>
  <testcase name="randomGetSet(int, int)[358]" classname="io.jbotsim.io.format.graph6.BitVectorTest" time="0.0"/>
  <testcase name="randomGetSet(int, int)[359]" classname="io.jbotsim.io.format.graph6.BitVectorTest" time="0.001"/>
  <testcase name="randomGetSet(int, int)[360]" classname="io.jbotsim.io.format.graph6.BitVectorTest" time="0.001"/>
  <testcase name="randomGetSet(int, int)[361]" classname="io.jbotsim.io.format.graph6.BitVectorTest" time="0.001"/>
  <testcase name="randomGetSet(int, int)[362]" classname="io.jbotsim.io.format.graph6.BitVectorTest" time="0.002"/>
  <testcase name="randomGetSet(int, int)[363]" classname="io.jbotsim.io.format.graph6.BitVectorTest" time="0.002"/>
  <testcase name="randomGetSet(int, int)[364]" classname="io.jbotsim.io.format.graph6.BitVectorTest" time="0.001"/>
  <testcase name="randomGetSet(int, int)[365]" classname="io.jbotsim.io.format.graph6.BitVectorTest" time="0.003"/>
  <testcase name="randomGetSet(int, int)[366]" classname="io.jbotsim.io.format.graph6.BitVectorTest" time="0.0"/>
  <testcase name="randomGetSet(int, int)[367]" classname="io.jbotsim.io.format.graph6.BitVectorTest" time="0.004"/>
  <testcase name="randomGetSet(int, int)[368]" classname="io.jbotsim.io.format.graph6.BitVectorTest" time="0.001"/>
  <testcase name="randomGetSet(int, int)[369]" classname="io.jbotsim.io.format.graph6.BitVectorTest" time="0.0"/>
  <testcase name="randomGetSet(int, int)[370]" classname="io.jbotsim.io.format.graph6.BitVectorTest" time="0.003"/>
  <testcase name="randomGetSet(int, int)[371]" classname="io.jbotsim.io.format.graph6.BitVectorTest" time="0.001"/>
  <testcase name="randomGetSet(int, int)[372]" classname="io.jbotsim.io.format.graph6.BitVectorTest" time="0.001"/>
  <testcase name="randomGetSet(int, int)[373]" classname="io.jbotsim.io.format.graph6.BitVectorTest" time="0.002"/>
  <testcase name="randomGetSet(int, int)[374]" classname="io.jbotsim.io.format.graph6.BitVectorTest" time="0.003"/>
  <testcase name="randomGetSet(int, int)[375]" classname="io.jbotsim.io.format.graph6.BitVectorTest" time="0.0"/>
  <testcase name="randomGetSet(int, int)[376]" classname="io.jbotsim.io.format.graph6.BitVectorTest" time="0.0"/>
  <testcase name="randomGetSet(int, int)[377]" classname="io.jbotsim.io.format.graph6.BitVectorTest" time="0.0"/>
  <testcase name="randomGetSet(int, int)[378]" classname="io.jbotsim.io.format.graph6.BitVectorTest" time="0.001"/>
  <testcase name="randomGetSet(int, int)[379]" classname="io.jbotsim.io.format.graph6.BitVectorTest" time="0.004"/>
  <testcase name="randomGetSet(int, int)[380]" classname="io.jbotsim.io.format.graph6.BitVectorTest" time="0.001"/>
  <testcase name="randomGetSet(int, int)[381]" classname="io.jbotsim.io.format.graph6.BitVectorTest" time="0.001"/>
  <testcase name="randomGetSet(int, int)[382]" classname="io.jbotsim.io.format.graph6.BitVectorTest" time="0.001"/>
  <testcase name="randomGetSet(int, int)[383]" classname="io.jbotsim.io.format.graph6.BitVectorTest" time="0.001"/>
  <testcase name="randomGetSet(int, int)[384]" classname="io.jbotsim.io.format.graph6.BitVectorTest" time="0.006"/>
  <testcase name="randomGetSet(int, int)[385]" classname="io.jbotsim.io.format.graph6.BitVectorTest" time="0.001"/>
  <testcase name="randomGetSet(int, int)[386]" classname="io.jbotsim.io.format.graph6.BitVectorTest" time="0.0"/>
  <testcase name="randomGetSet(int, int)[387]" classname="io.jbotsim.io.format.graph6.BitVectorTest" time="0.001"/>
  <testcase name="randomGetSet(int, int)[388]" classname="io.jbotsim.io.format.graph6.BitVectorTest" time="0.001"/>
  <testcase name="randomGetSet(int, int)[389]" classname="io.jbotsim.io.format.graph6.BitVectorTest" time="0.0"/>
  <testcase name="randomGetSet(int, int)[390]" classname="io.jbotsim.io.format.graph6.BitVectorTest" time="0.0"/>
  <testcase name="randomGetSet(int, int)[391]" classname="io.jbotsim.io.format.graph6.BitVectorTest" time="0.0"/>
  <testcase name="randomGetSet(int, int)[392]" classname="io.jbotsim.io.format.graph6.BitVectorTest" time="0.001"/>
  <testcase name="randomGetSet(int, int)[393]" classname="io.jbotsim.io.format.graph6.BitVectorTest" time="0.001"/>
  <testcase name="randomGetSet(int, int)[394]" classname="io.jbotsim.io.format.graph6.BitVectorTest" time="0.001"/>
  <testcase name="randomGetSet(int, int)[395]" classname="io.jbotsim.io.format.graph6.BitVectorTest" time="0.0"/>
  <testcase name="randomGetSet(int, int)[396]" classname="io.jbotsim.io.format.graph6.BitVectorTest" time="0.0"/>
  <testcase name="randomGetSet(int, int)[397]" classname="io.jbotsim.io.format.graph6.BitVectorTest" time="0.001"/>
  <testcase name="randomGetSet(int, int)[398]" classname="io.jbotsim.io.format.graph6.BitVectorTest" time="0.0"/>
  <testcase name="randomGetSet(int, int)[399]" classname="io.jbotsim.io.format.graph6.BitVectorTest" time="0.005"/>
  <testcase name="randomGetSet(int, int)[400]" classname="io.jbotsim.io.format.graph6.BitVectorTest" time="0.001"/>
  <testcase name="randomGetSet(int, int)[401]" classname="io.jbotsim.io.format.graph6.BitVectorTest" time="0.001"/>
  <testcase name="randomGetSet(int, int)[402]" classname="io.jbotsim.io.format.graph6.BitVectorTest" time="0.001"/>
  <testcase name="randomGetSet(int, int)[403]" classname="io.jbotsim.io.format.graph6.BitVectorTest" time="0.001"/>
  <testcase name="randomGetSet(int, int)[404]" classname="io.jbotsim.io.format.graph6.BitVectorTest" time="0.0"/>
  <testcase name="randomGetSet(int, int)[405]" classname="io.jbotsim.io.format.graph6.BitVectorTest" time="0.0"/>
  <testcase name="randomGetSet(int, int)[406]" classname="io.jbotsim.io.format.graph6.BitVectorTest" time="0.0"/>
  <testcase name="randomGetSet(int, int)[407]" classname="io.jbotsim.io.format.graph6.BitVectorTest" time="0.0"/>
  <testcase name="randomGetSet(int, int)[408]" classname="io.jbotsim.io.format.graph6.BitVectorTest" time="0.0"/>
  <testcase name="randomGetSet(int, int)[409]" classname="io.jbotsim.io.format.graph6.BitVectorTest" time="0.0"/>
  <testcase name="randomGetSet(int, int)[410]" classname="io.jbotsim.io.format.graph6.BitVectorTest" time="0.0"/>
  <testcase name="randomGetSet(int, int)[411]" classname="io.jbotsim.io.format.graph6.BitVectorTest" time="0.0"/>
  <testcase name="randomGetSet(int, int)[412]" classname="io.jbotsim.io.format.graph6.BitVectorTest" time="0.0"/>
  <testcase name="randomGetSet(int, int)[413]" classname="io.jbotsim.io.format.graph6.BitVectorTest" time="0.001"/>
  <testcase name="randomGetSet(int, int)[414]" classname="io.jbotsim.io.format.graph6.BitVectorTest" time="0.0"/>
  <testcase name="randomGetSet(int, int)[415]" classname="io.jbotsim.io.format.graph6.BitVectorTest" time="0.0"/>
  <testcase name="randomGetSet(int, int)[416]" classname="io.jbotsim.io.format.graph6.BitVectorTest" time="0.001"/>
  <testcase name="randomGetSet(int, int)[417]" classname="io.jbotsim.io.format.graph6.BitVectorTest" time="0.004"/>
  <testcase name="randomGetSet(int, int)[418]" classname="io.jbotsim.io.format.graph6.BitVectorTest" time="0.001"/>
  <testcase name="randomGetSet(int, int)[419]" classname="io.jbotsim.io.format.graph6.BitVectorTest" time="0.0"/>
  <testcase name="randomGetSet(int, int)[420]" classname="io.jbotsim.io.format.graph6.BitVectorTest" time="0.0"/>
  <testcase name="randomGetSet(int, int)[421]" classname="io.jbotsim.io.format.graph6.BitVectorTest" time="0.0"/>
  <testcase name="randomGetSet(int, int)[422]" classname="io.jbotsim.io.format.graph6.BitVectorTest" time="0.001"/>
  <testcase name="randomGetSet(int, int)[423]" classname="io.jbotsim.io.format.graph6.BitVectorTest" time="0.0"/>
  <testcase name="randomGetSet(int, int)[424]" classname="io.jbotsim.io.format.graph6.BitVectorTest" time="0.001"/>
  <testcase name="randomGetSet(int, int)[425]" classname="io.jbotsim.io.format.graph6.BitVectorTest" time="0.0"/>
  <testcase name="randomGetSet(int, int)[426]" classname="io.jbotsim.io.format.graph6.BitVectorTest" time="0.0"/>
  <testcase name="randomGetSet(int, int)[427]" classname="io.jbotsim.io.format.graph6.BitVectorTest" time="0.0"/>
  <testcase name="randomGetSet(int, int)[428]" classname="io.jbotsim.io.format.graph6.BitVectorTest" time="0.0"/>
  <testcase name="randomGetSet(int, int)[429]" classname="io.jbotsim.io.format.graph6.BitVectorTest" time="0.001"/>
  <testcase name="randomGetSet(int, int)[430]" classname="io.jbotsim.io.format.graph6.BitVectorTest" time="0.001"/>
  <testcase name="randomGetSet(int, int)[431]" classname="io.jbotsim.io.format.graph6.BitVectorTest" time="0.004"/>
  <testcase name="randomGetSet(int, int)[432]" classname="io.jbotsim.io.format.graph6.BitVectorTest" time="0.0"/>
  <testcase name="randomGetSet(int, int)[433]" classname="io.jbotsim.io.format.graph6.BitVectorTest" time="0.0"/>
  <testcase name="randomGetSet(int, int)[434]" classname="io.jbotsim.io.format.graph6.BitVectorTest" time="0.001"/>
  <testcase name="randomGetSet(int, int)[435]" classname="io.jbotsim.io.format.graph6.BitVectorTest" time="0.001"/>
  <testcase name="randomGetSet(int, int)[436]" classname="io.jbotsim.io.format.graph6.BitVectorTest" time="0.001"/>
  <testcase name="randomGetSet(int, int)[437]" classname="io.jbotsim.io.format.graph6.BitVectorTest" time="0.001"/>
  <testcase name="randomGetSet(int, int)[438]" classname="io.jbotsim.io.format.graph6.BitVectorTest" time="0.001"/>
  <testcase name="randomGetSet(int, int)[439]" classname="io.jbotsim.io.format.graph6.BitVectorTest" time="0.001"/>
  <testcase name="randomGetSet(int, int)[440]" classname="io.jbotsim.io.format.graph6.BitVectorTest" time="0.001"/>
  <testcase name="randomGetSet(int, int)[441]" classname="io.jbotsim.io.format.graph6.BitVectorTest" time="0.0"/>
  <testcase name="randomGetSet(int, int)[442]" classname="io.jbotsim.io.format.graph6.BitVectorTest" time="0.0"/>
  <testcase name="randomGetSet(int, int)[443]" classname="io.jbotsim.io.format.graph6.BitVectorTest" time="0.0"/>
  <testcase name="randomGetSet(int, int)[444]" classname="io.jbotsim.io.format.graph6.BitVectorTest" time="0.004"/>
  <testcase name="randomGetSet(int, int)[445]" classname="io.jbotsim.io.format.graph6.BitVectorTest" time="0.0"/>
  <testcase name="randomGetSet(int, int)[446]" classname="io.jbotsim.io.format.graph6.BitVectorTest" time="0.0"/>
  <testcase name="randomGetSet(int, int)[447]" classname="io.jbotsim.io.format.graph6.BitVectorTest" time="0.001"/>
  <testcase name="randomGetSet(int, int)[448]" classname="io.jbotsim.io.format.graph6.BitVectorTest" time="0.001"/>
  <testcase name="randomGetSet(int, int)[449]" classname="io.jbotsim.io.format.graph6.BitVectorTest" time="0.001"/>
  <testcase name="randomGetSet(int, int)[450]" classname="io.jbotsim.io.format.graph6.BitVectorTest" time="0.001"/>
  <testcase name="randomGetSet(int, int)[451]" classname="io.jbotsim.io.format.graph6.BitVectorTest" time="0.0"/>
  <testcase name="randomGetSet(int, int)[452]" classname="io.jbotsim.io.format.graph6.BitVectorTest" time="0.004"/>
  <testcase name="randomGetSet(int, int)[453]" classname="io.jbotsim.io.format.graph6.BitVectorTest" time="0.001"/>
  <testcase name="randomGetSet(int, int)[454]" classname="io.jbotsim.io.format.graph6.BitVectorTest" time="0.0"/>
  <testcase name="randomGetSet(int, int)[455]" classname="io.jbotsim.io.format.graph6.BitVectorTest" time="0.005"/>
  <testcase name="randomGetSet(int, int)[456]" classname="io.jbotsim.io.format.graph6.BitVectorTest" time="0.0"/>
  <testcase name="randomGetSet(int, int)[457]" classname="io.jbotsim.io.format.graph6.BitVectorTest" time="0.0"/>
  <testcase name="randomGetSet(int, int)[458]" classname="io.jbotsim.io.format.graph6.BitVectorTest" time="0.001"/>
  <testcase name="randomGetSet(int, int)[459]" classname="io.jbotsim.io.format.graph6.BitVectorTest" time="0.0"/>
  <testcase name="randomGetSet(int, int)[460]" classname="io.jbotsim.io.format.graph6.BitVectorTest" time="0.0"/>
  <testcase name="randomGetSet(int, int)[461]" classname="io.jbotsim.io.format.graph6.BitVectorTest" time="0.004"/>
  <testcase name="randomGetSet(int, int)[462]" classname="io.jbotsim.io.format.graph6.BitVectorTest" time="0.0"/>
  <testcase name="randomGetSet(int, int)[463]" classname="io.jbotsim.io.format.graph6.BitVectorTest" time="0.0"/>
  <testcase name="randomGetSet(int, int)[464]" classname="io.jbotsim.io.format.graph6.BitVectorTest" time="0.005"/>
  <testcase name="randomGetSet(int, int)[465]" classname="io.jbotsim.io.format.graph6.BitVectorTest" time="0.0"/>
  <testcase name="randomGetSet(int, int)[466]" classname="io.jbotsim.io.format.graph6.BitVectorTest" time="0.003"/>
  <testcase name="randomGetSet(int, int)[467]" classname="io.jbotsim.io.format.graph6.BitVectorTest" time="0.0"/>
  <testcase name="randomGetSet(int, int)[468]" classname="io.jbotsim.io.format.graph6.BitVectorTest" time="0.001"/>
  <testcase name="randomGetSet(int, int)[469]" classname="io.jbotsim.io.format.graph6.BitVectorTest" time="0.0"/>
  <testcase name="randomGetSet(int, int)[470]" classname="io.jbotsim.io.format.graph6.BitVectorTest" time="0.003"/>
  <testcase name="randomGetSet(int, int)[471]" classname="io.jbotsim.io.format.graph6.BitVectorTest" time="0.0"/>
  <testcase name="randomGetSet(int, int)[472]" classname="io.jbotsim.io.format.graph6.BitVectorTest" time="0.0"/>
  <testcase name="randomGetSet(int, int)[473]" classname="io.jbotsim.io.format.graph6.BitVectorTest" time="0.001"/>
  <testcase name="randomGetSet(int, int)[474]" classname="io.jbotsim.io.format.graph6.BitVectorTest" time="0.0"/>
  <testcase name="randomGetSet(int, int)[475]" classname="io.jbotsim.io.format.graph6.BitVectorTest" time="0.0"/>
  <testcase name="randomGetSet(int, int)[476]" classname="io.jbotsim.io.format.graph6.BitVectorTest" time="0.0"/>
  <testcase name="randomGetSet(int, int)[477]" classname="io.jbotsim.io.format.graph6.BitVectorTest" time="0.001"/>
  <testcase name="randomGetSet(int, int)[478]" classname="io.jbotsim.io.format.graph6.BitVectorTest" time="0.0"/>
  <testcase name="randomGetSet(int, int)[479]" classname="io.jbotsim.io.format.graph6.BitVectorTest" time="0.0"/>
  <testcase name="randomGetSet(int, int)[480]" classname="io.jbotsim.io.format.graph6.BitVectorTest" time="0.0"/>
  <testcase name="randomGetSet(int, int)[481]" classname="io.jbotsim.io.format.graph6.BitVectorTest" time="0.001"/>
  <testcase name="randomGetSet(int, int)[482]" classname="io.jbotsim.io.format.graph6.BitVectorTest" time="0.001"/>
  <testcase name="randomGetSet(int, int)[483]" classname="io.jbotsim.io.format.graph6.BitVectorTest" time="0.001"/>
  <testcase name="randomGetSet(int, int)[484]" classname="io.jbotsim.io.format.graph6.BitVectorTest" time="0.001"/>
  <testcase name="randomGetSet(int, int)[485]" classname="io.jbotsim.io.format.graph6.BitVectorTest" time="0.002"/>
  <testcase name="randomGetSet(int, int)[486]" classname="io.jbotsim.io.format.graph6.BitVectorTest" time="0.0"/>
  <testcase name="randomGetSet(int, int)[487]" classname="io.jbotsim.io.format.graph6.BitVectorTest" time="0.0"/>
  <testcase name="randomGetSet(int, int)[488]" classname="io.jbotsim.io.format.graph6.BitVectorTest" time="0.005"/>
  <testcase name="randomGetSet(int, int)[489]" classname="io.jbotsim.io.format.graph6.BitVectorTest" time="0.001"/>
  <testcase name="randomGetSet(int, int)[490]" classname="io.jbotsim.io.format.graph6.BitVectorTest" time="0.0"/>
  <testcase name="randomGetSet(int, int)[491]" classname="io.jbotsim.io.format.graph6.BitVectorTest" time="0.0"/>
  <testcase name="randomGetSet(int, int)[492]" classname="io.jbotsim.io.format.graph6.BitVectorTest" time="0.001"/>
  <testcase name="randomGetSet(int, int)[493]" classname="io.jbotsim.io.format.graph6.BitVectorTest" time="0.001"/>
  <testcase name="randomGetSet(int, int)[494]" classname="io.jbotsim.io.format.graph6.BitVectorTest" time="0.001"/>
  <testcase name="randomGetSet(int, int)[495]" classname="io.jbotsim.io.format.graph6.BitVectorTest" time="0.006"/>
  <testcase name="randomGetSet(int, int)[496]" classname="io.jbotsim.io.format.graph6.BitVectorTest" time="0.001"/>
  <testcase name="randomGetSet(int, int)[497]" classname="io.jbotsim.io.format.graph6.BitVectorTest" time="0.002"/>
  <testcase name="randomGetSet(int, int)[498]" classname="io.jbotsim.io.format.graph6.BitVectorTest" time="0.0"/>
  <testcase name="randomGetSet(int, int)[499]" classname="io.jbotsim.io.format.graph6.BitVectorTest" time="0.001"/>
  <testcase name="randomGetSet(int, int)[500]" classname="io.jbotsim.io.format.graph6.BitVectorTest" time="0.0"/>
  <testcase name="randomGetSet(int, int)[501]" classname="io.jbotsim.io.format.graph6.BitVectorTest" time="0.003"/>
  <testcase name="randomGetSet(int, int)[502]" classname="io.jbotsim.io.format.graph6.BitVectorTest" time="0.0"/>
  <testcase name="randomGetSet(int, int)[503]" classname="io.jbotsim.io.format.graph6.BitVectorTest" time="0.0"/>
  <testcase name="randomGetSet(int, int)[504]" classname="io.jbotsim.io.format.graph6.BitVectorTest" time="0.0"/>
  <testcase name="randomGetSet(int, int)[505]" classname="io.jbotsim.io.format.graph6.BitVectorTest" time="0.0"/>
  <testcase name="randomGetSet(int, int)[506]" classname="io.jbotsim.io.format.graph6.BitVectorTest" time="0.001"/>
  <testcase name="randomGetSet(int, int)[507]" classname="io.jbotsim.io.format.graph6.BitVectorTest" time="0.004"/>
  <testcase name="randomGetSet(int, int)[508]" classname="io.jbotsim.io.format.graph6.BitVectorTest" time="0.0"/>
  <testcase name="randomGetSet(int, int)[509]" classname="io.jbotsim.io.format.graph6.BitVectorTest" time="0.001"/>
  <testcase name="randomGetSet(int, int)[510]" classname="io.jbotsim.io.format.graph6.BitVectorTest" time="0.002"/>
  <testcase name="randomGetSet(int, int)[511]" classname="io.jbotsim.io.format.graph6.BitVectorTest" time="0.0"/>
  <testcase name="randomGetSet(int, int)[512]" classname="io.jbotsim.io.format.graph6.BitVectorTest" time="0.003"/>
  <testcase name="randomGetSet(int, int)[513]" classname="io.jbotsim.io.format.graph6.BitVectorTest" time="0.0"/>
  <testcase name="randomGetSet(int, int)[514]" classname="io.jbotsim.io.format.graph6.BitVectorTest" time="0.0"/>
  <testcase name="randomGetSet(int, int)[515]" classname="io.jbotsim.io.format.graph6.BitVectorTest" time="0.001"/>
  <testcase name="randomGetSet(int, int)[516]" classname="io.jbotsim.io.format.graph6.BitVectorTest" time="0.0"/>
  <testcase name="randomGetSet(int, int)[517]" classname="io.jbotsim.io.format.graph6.BitVectorTest" time="0.001"/>
  <testcase name="randomGetSet(int, int)[518]" classname="io.jbotsim.io.format.graph6.BitVectorTest" time="0.004"/>
  <testcase name="randomGetSet(int, int)[519]" classname="io.jbotsim.io.format.graph6.BitVectorTest" time="0.001"/>
  <testcase name="randomGetSet(int, int)[520]" classname="io.jbotsim.io.format.graph6.BitVectorTest" time="0.0"/>
  <testcase name="randomGetSet(int, int)[521]" classname="io.jbotsim.io.format.graph6.BitVectorTest" time="0.0"/>
  <testcase name="randomGetSet(int, int)[522]" classname="io.jbotsim.io.format.graph6.BitVectorTest" time="0.0"/>
  <testcase name="randomGetSet(int, int)[523]" classname="io.jbotsim.io.format.graph6.BitVectorTest" time="0.001"/>
  <testcase name="randomGetSet(int, int)[524]" classname="io.jbotsim.io.format.graph6.BitVectorTest" time="0.001"/>
  <testcase name="randomGetSet(int, int)[525]" classname="io.jbotsim.io.format.graph6.BitVectorTest" time="0.001"/>
  <testcase name="randomGetSet(int, int)[526]" classname="io.jbotsim.io.format.graph6.BitVectorTest" time="0.001"/>
  <testcase name="randomGetSet(int, int)[527]" classname="io.jbotsim.io.format.graph6.BitVectorTest" time="0.002"/>
  <testcase name="randomGetSet(int, int)[528]" classname="io.jbotsim.io.format.graph6.BitVectorTest" time="0.001"/>
  <testcase name="randomGetSet(int, int)[529]" classname="io.jbotsim.io.format.graph6.BitVectorTest" time="0.002"/>
  <testcase name="randomGetSet(int, int)[530]" classname="io.jbotsim.io.format.graph6.BitVectorTest" time="0.001"/>
  <testcase name="randomGetSet(int, int)[531]" classname="io.jbotsim.io.format.graph6.BitVectorTest" time="0.0"/>
  <testcase name="randomGetSet(int, int)[532]" classname="io.jbotsim.io.format.graph6.BitVectorTest" time="0.0"/>
  <testcase name="randomGetSet(int, int)[533]" classname="io.jbotsim.io.format.graph6.BitVectorTest" time="0.001"/>
  <testcase name="randomGetSet(int, int)[534]" classname="io.jbotsim.io.format.graph6.BitVectorTest" time="0.0"/>
  <testcase name="randomGetSet(int, int)[535]" classname="io.jbotsim.io.format.graph6.BitVectorTest" time="0.0"/>
  <testcase name="randomGetSet(int, int)[536]" classname="io.jbotsim.io.format.graph6.BitVectorTest" time="0.0"/>
  <testcase name="randomGetSet(int, int)[537]" classname="io.jbotsim.io.format.graph6.BitVectorTest" time="0.0"/>
  <testcase name="randomGetSet(int, int)[538]" classname="io.jbotsim.io.format.graph6.BitVectorTest" time="0.001"/>
  <testcase name="randomGetSet(int, int)[539]" classname="io.jbotsim.io.format.graph6.BitVectorTest" time="0.004"/>
  <testcase name="randomGetSet(int, int)[540]" classname="io.jbotsim.io.format.graph6.BitVectorTest" time="0.001"/>
  <testcase name="randomGetSet(int, int)[541]" classname="io.jbotsim.io.format.graph6.BitVectorTest" time="0.0"/>
  <testcase name="randomGetSet(int, int)[542]" classname="io.jbotsim.io.format.graph6.BitVectorTest" time="0.001"/>
  <testcase name="randomGetSet(int, int)[543]" classname="io.jbotsim.io.format.graph6.BitVectorTest" time="0.0"/>
  <testcase name="randomGetSet(int, int)[544]" classname="io.jbotsim.io.format.graph6.BitVectorTest" time="0.001"/>
  <testcase name="randomGetSet(int, int)[545]" classname="io.jbotsim.io.format.graph6.BitVectorTest" time="0.001"/>
  <testcase name="randomGetSet(int, int)[546]" classname="io.jbotsim.io.format.graph6.BitVectorTest" time="0.001"/>
  <testcase name="randomGetSet(int, int)[547]" classname="io.jbotsim.io.format.graph6.BitVectorTest" time="0.002"/>
  <testcase name="randomGetSet(int, int)[548]" classname="io.jbotsim.io.format.graph6.BitVectorTest" time="0.001"/>
  <testcase name="randomGetSet(int, int)[549]" classname="io.jbotsim.io.format.graph6.BitVectorTest" time="0.002"/>
  <testcase name="randomGetSet(int, int)[550]" classname="io.jbotsim.io.format.graph6.BitVectorTest" time="0.002"/>
  <testcase name="randomGetSet(int, int)[551]" classname="io.jbotsim.io.format.graph6.BitVectorTest" time="0.001"/>
  <testcase name="randomGetSet(int, int)[552]" classname="io.jbotsim.io.format.graph6.BitVectorTest" time="0.005"/>
  <testcase name="randomGetSet(int, int)[553]" classname="io.jbotsim.io.format.graph6.BitVectorTest" time="0.001"/>
  <testcase name="randomGetSet(int, int)[554]" classname="io.jbotsim.io.format.graph6.BitVectorTest" time="0.001"/>
  <testcase name="randomGetSet(int, int)[555]" classname="io.jbotsim.io.format.graph6.BitVectorTest" time="0.0"/>
  <testcase name="randomGetSet(int, int)[556]" classname="io.jbotsim.io.format.graph6.BitVectorTest" time="0.001"/>
  <testcase name="randomGetSet(int, int)[557]" classname="io.jbotsim.io.format.graph6.BitVectorTest" time="0.001"/>
  <testcase name="randomGetSet(int, int)[558]" classname="io.jbotsim.io.format.graph6.BitVectorTest" time="0.0"/>
  <testcase name="randomGetSet(int, int)[559]" classname="io.jbotsim.io.format.graph6.BitVectorTest" time="0.002"/>
  <testcase name="randomGetSet(int, int)[560]" classname="io.jbotsim.io.format.graph6.BitVectorTest" time="0.001"/>
  <testcase name="randomGetSet(int, int)[561]" classname="io.jbotsim.io.format.graph6.BitVectorTest" time="0.0"/>
  <testcase name="randomGetSet(int, int)[562]" classname="io.jbotsim.io.format.graph6.BitVectorTest" time="0.002"/>
  <testcase name="randomGetSet(int, int)[563]" classname="io.jbotsim.io.format.graph6.BitVectorTest" time="0.001"/>
  <testcase name="randomGetSet(int, int)[564]" classname="io.jbotsim.io.format.graph6.BitVectorTest" time="0.0"/>
  <testcase name="randomGetSet(int, int)[565]" classname="io.jbotsim.io.format.graph6.BitVectorTest" time="0.001"/>
  <testcase name="randomGetSet(int, int)[566]" classname="io.jbotsim.io.format.graph6.BitVectorTest" time="0.001"/>
  <testcase name="randomGetSet(int, int)[567]" classname="io.jbotsim.io.format.graph6.BitVectorTest" time="0.003"/>
  <testcase name="randomGetSet(int, int)[568]" classname="io.jbotsim.io.format.graph6.BitVectorTest" time="0.001"/>
  <testcase name="randomGetSet(int, int)[569]" classname="io.jbotsim.io.format.graph6.BitVectorTest" time="0.001"/>
  <testcase name="randomGetSet(int, int)[570]" classname="io.jbotsim.io.format.graph6.BitVectorTest" time="0.002"/>
  <testcase name="randomGetSet(int, int)[571]" classname="io.jbotsim.io.format.graph6.BitVectorTest" time="0.0"/>
  <testcase name="randomGetSet(int, int)[572]" classname="io.jbotsim.io.format.graph6.BitVectorTest" time="0.001"/>
  <testcase name="randomGetSet(int, int)[573]" classname="io.jbotsim.io.format.graph6.BitVectorTest" time="0.0"/>
  <testcase name="randomGetSet(int, int)[574]" classname="io.jbotsim.io.format.graph6.BitVectorTest" time="0.001"/>
  <testcase name="randomGetSet(int, int)[575]" classname="io.jbotsim.io.format.graph6.BitVectorTest" time="0.003"/>
  <testcase name="randomGetSet(int, int)[576]" classname="io.jbotsim.io.format.graph6.BitVectorTest" time="0.0"/>
  <testcase name="randomGetSet(int, int)[577]" classname="io.jbotsim.io.format.graph6.BitVectorTest" time="0.0"/>
  <testcase name="randomGetSet(int, int)[578]" classname="io.jbotsim.io.format.graph6.BitVectorTest" time="0.001"/>
  <testcase name="randomGetSet(int, int)[579]" classname="io.jbotsim.io.format.graph6.BitVectorTest" time="0.0"/>
  <testcase name="randomGetSet(int, int)[580]" classname="io.jbotsim.io.format.graph6.BitVectorTest" time="0.0"/>
  <testcase name="randomGetSet(int, int)[581]" classname="io.jbotsim.io.format.graph6.BitVectorTest" time="0.0"/>
  <testcase name="randomGetSet(int, int)[582]" classname="io.jbotsim.io.format.graph6.BitVectorTest" time="0.0"/>
  <testcase name="randomGetSet(int, int)[583]" classname="io.jbotsim.io.format.graph6.BitVectorTest" time="0.0"/>
  <testcase name="randomGetSet(int, int)[584]" classname="io.jbotsim.io.format.graph6.BitVectorTest" time="0.001"/>
  <testcase name="randomGetSet(int, int)[585]" classname="io.jbotsim.io.format.graph6.BitVectorTest" time="0.0"/>
  <testcase name="randomGetSet(int, int)[586]" classname="io.jbotsim.io.format.graph6.BitVectorTest" time="0.002"/>
  <testcase name="randomGetSet(int, int)[587]" classname="io.jbotsim.io.format.graph6.BitVectorTest" time="0.0"/>
  <testcase name="randomGetSet(int, int)[588]" classname="io.jbotsim.io.format.graph6.BitVectorTest" time="0.0"/>
  <testcase name="randomGetSet(int, int)[589]" classname="io.jbotsim.io.format.graph6.BitVectorTest" time="0.0"/>
  <testcase name="randomGetSet(int, int)[590]" classname="io.jbotsim.io.format.graph6.BitVectorTest" time="0.001"/>
  <testcase name="randomGetSet(int, int)[591]" classname="io.jbotsim.io.format.graph6.BitVectorTest" time="0.002"/>
  <testcase name="randomGetSet(int, int)[592]" classname="io.jbotsim.io.format.graph6.BitVectorTest" time="0.0"/>
  <testcase name="randomGetSet(int, int)[593]" classname="io.jbotsim.io.format.graph6.BitVectorTest" time="0.001"/>
  <testcase name="randomGetSet(int, int)[594]" classname="io.jbotsim.io.format.graph6.BitVectorTest" time="0.004"/>
  <testcase name="randomGetSet(int, int)[595]" classname="io.jbotsim.io.format.graph6.BitVectorTest" time="0.001"/>
  <testcase name="randomGetSet(int, int)[596]" classname="io.jbotsim.io.format.graph6.BitVectorTest" time="0.005"/>
  <testcase name="randomGetSet(int, int)[597]" classname="io.jbotsim.io.format.graph6.BitVectorTest" time="0.001"/>
  <testcase name="randomGetSet(int, int)[598]" classname="io.jbotsim.io.format.graph6.BitVectorTest" time="0.001"/>
  <testcase name="randomGetSet(int, int)[599]" classname="io.jbotsim.io.format.graph6.BitVectorTest" time="0.0"/>
  <testcase name="randomGetSet(int, int)[600]" classname="io.jbotsim.io.format.graph6.BitVectorTest" time="0.0"/>
  <testcase name="randomGetSet(int, int)[601]" classname="io.jbotsim.io.format.graph6.BitVectorTest" time="0.001"/>
  <testcase name="randomGetSet(int, int)[602]" classname="io.jbotsim.io.format.graph6.BitVectorTest" time="0.0"/>
  <testcase name="randomGetSet(int, int)[603]" classname="io.jbotsim.io.format.graph6.BitVectorTest" time="0.0"/>
  <testcase name="randomGetSet(int, int)[604]" classname="io.jbotsim.io.format.graph6.BitVectorTest" time="0.005"/>
  <testcase name="randomGetSet(int, int)[605]" classname="io.jbotsim.io.format.graph6.BitVectorTest" time="0.001"/>
  <testcase name="randomGetSet(int, int)[606]" classname="io.jbotsim.io.format.graph6.BitVectorTest" time="0.001"/>
  <testcase name="randomGetSet(int, int)[607]" classname="io.jbotsim.io.format.graph6.BitVectorTest" time="0.0"/>
  <testcase name="randomGetSet(int, int)[608]" classname="io.jbotsim.io.format.graph6.BitVectorTest" time="0.0"/>
  <testcase name="randomGetSet(int, int)[609]" classname="io.jbotsim.io.format.graph6.BitVectorTest" time="0.001"/>
  <testcase name="randomGetSet(int, int)[610]" classname="io.jbotsim.io.format.graph6.BitVectorTest" time="0.0"/>
  <testcase name="randomGetSet(int, int)[611]" classname="io.jbotsim.io.format.graph6.BitVectorTest" time="0.003"/>
  <testcase name="randomGetSet(int, int)[612]" classname="io.jbotsim.io.format.graph6.BitVectorTest" time="0.0"/>
  <testcase name="randomGetSet(int, int)[613]" classname="io.jbotsim.io.format.graph6.BitVectorTest" time="0.0"/>
  <testcase name="randomGetSet(int, int)[614]" classname="io.jbotsim.io.format.graph6.BitVectorTest" time="0.0"/>
  <testcase name="randomGetSet(int, int)[615]" classname="io.jbotsim.io.format.graph6.BitVectorTest" time="0.0"/>
  <testcase name="randomGetSet(int, int)[616]" classname="io.jbotsim.io.format.graph6.BitVectorTest" time="0.0"/>
  <testcase name="randomGetSet(int, int)[617]" classname="io.jbotsim.io.format.graph6.BitVectorTest" time="0.0"/>
  <testcase name="randomGetSet(int, int)[618]" classname="io.jbotsim.io.format.graph6.BitVectorTest" time="0.001"/>
  <testcase name="randomGetSet(int, int)[619]" classname="io.jbotsim.io.format.graph6.BitVectorTest" time="0.001"/>
  <testcase name="randomGetSet(int, int)[620]" classname="io.jbotsim.io.format.graph6.BitVectorTest" time="0.006"/>
  <testcase name="randomGetSet(int, int)[621]" classname="io.jbotsim.io.format.graph6.BitVectorTest" time="0.001"/>
  <testcase name="randomGetSet(int, int)[622]" classname="io.jbotsim.io.format.graph6.BitVectorTest" time="0.003"/>
  <testcase name="randomGetSet(int, int)[623]" classname="io.jbotsim.io.format.graph6.BitVectorTest" time="0.001"/>
  <testcase name="randomGetSet(int, int)[624]" classname="io.jbotsim.io.format.graph6.BitVectorTest" time="0.001"/>
  <testcase name="randomGetSet(int, int)[625]" classname="io.jbotsim.io.format.graph6.BitVectorTest" time="0.0"/>
  <testcase name="randomGetSet(int, int)[626]" classname="io.jbotsim.io.format.graph6.BitVectorTest" time="0.001"/>
  <testcase name="randomGetSet(int, int)[627]" classname="io.jbotsim.io.format.graph6.BitVectorTest" time="0.001"/>
  <testcase name="randomGetSet(int, int)[628]" classname="io.jbotsim.io.format.graph6.BitVectorTest" time="0.004"/>
  <testcase name="randomGetSet(int, int)[629]" classname="io.jbotsim.io.format.graph6.BitVectorTest" time="0.001"/>
  <testcase name="randomGetSet(int, int)[630]" classname="io.jbotsim.io.format.graph6.BitVectorTest" time="0.0"/>
  <testcase name="randomGetSet(int, int)[631]" classname="io.jbotsim.io.format.graph6.BitVectorTest" time="0.003"/>
  <testcase name="randomGetSet(int, int)[632]" classname="io.jbotsim.io.format.graph6.BitVectorTest" time="0.001"/>
  <testcase name="randomGetSet(int, int)[633]" classname="io.jbotsim.io.format.graph6.BitVectorTest" time="0.001"/>
  <testcase name="randomGetSet(int, int)[634]" classname="io.jbotsim.io.format.graph6.BitVectorTest" time="0.001"/>
  <testcase name="randomGetSet(int, int)[635]" classname="io.jbotsim.io.format.graph6.BitVectorTest" time="0.002"/>
  <testcase name="randomGetSet(int, int)[636]" classname="io.jbotsim.io.format.graph6.BitVectorTest" time="0.001"/>
  <testcase name="randomGetSet(int, int)[637]" classname="io.jbotsim.io.format.graph6.BitVectorTest" time="0.0"/>
  <testcase name="randomGetSet(int, int)[638]" classname="io.jbotsim.io.format.graph6.BitVectorTest" time="0.0"/>
  <testcase name="randomGetSet(int, int)[639]" classname="io.jbotsim.io.format.graph6.BitVectorTest" time="0.0"/>
  <testcase name="randomGetSet(int, int)[640]" classname="io.jbotsim.io.format.graph6.BitVectorTest" time="0.0"/>
  <testcase name="randomGetSet(int, int)[641]" classname="io.jbotsim.io.format.graph6.BitVectorTest" time="0.0"/>
  <testcase name="randomGetSet(int, int)[642]" classname="io.jbotsim.io.format.graph6.BitVectorTest" time="0.001"/>
  <testcase name="randomGetSet(int, int)[643]" classname="io.jbotsim.io.format.graph6.BitVectorTest" time="0.001"/>
  <testcase name="randomGetSet(int, int)[644]" classname="io.jbotsim.io.format.graph6.BitVectorTest" time="0.0"/>
  <testcase name="randomGetSet(int, int)[645]" classname="io.jbotsim.io.format.graph6.BitVectorTest" time="0.0"/>
  <testcase name="randomGetSet(int, int)[646]" classname="io.jbotsim.io.format.graph6.BitVectorTest" time="0.0"/>
  <testcase name="randomGetSet(int, int)[647]" classname="io.jbotsim.io.format.graph6.BitVectorTest" time="0.0"/>
  <testcase name="randomGetSet(int, int)[648]" classname="io.jbotsim.io.format.graph6.BitVectorTest" time="0.001"/>
  <testcase name="randomGetSet(int, int)[649]" classname="io.jbotsim.io.format.graph6.BitVectorTest" time="0.0"/>
  <testcase name="randomGetSet(int, int)[650]" classname="io.jbotsim.io.format.graph6.BitVectorTest" time="0.004"/>
  <testcase name="randomGetSet(int, int)[651]" classname="io.jbotsim.io.format.graph6.BitVectorTest" time="0.001"/>
  <testcase name="randomGetSet(int, int)[652]" classname="io.jbotsim.io.format.graph6.BitVectorTest" time="0.004"/>
  <testcase name="randomGetSet(int, int)[653]" classname="io.jbotsim.io.format.graph6.BitVectorTest" time="0.001"/>
  <testcase name="randomGetSet(int, int)[654]" classname="io.jbotsim.io.format.graph6.BitVectorTest" time="0.001"/>
  <testcase name="randomGetSet(int, int)[655]" classname="io.jbotsim.io.format.graph6.BitVectorTest" time="0.0"/>
  <testcase name="randomGetSet(int, int)[656]" classname="io.jbotsim.io.format.graph6.BitVectorTest" time="0.0"/>
  <testcase name="randomGetSet(int, int)[657]" classname="io.jbotsim.io.format.graph6.BitVectorTest" time="0.001"/>
  <testcase name="randomGetSet(int, int)[658]" classname="io.jbotsim.io.format.graph6.BitVectorTest" time="0.0"/>
  <testcase name="randomGetSet(int, int)[659]" classname="io.jbotsim.io.format.graph6.BitVectorTest" time="0.0"/>
  <testcase name="randomGetSet(int, int)[660]" classname="io.jbotsim.io.format.graph6.BitVectorTest" time="0.004"/>
  <testcase name="randomGetSet(int, int)[661]" classname="io.jbotsim.io.format.graph6.BitVectorTest" time="0.001"/>
  <testcase name="randomGetSet(int, int)[662]" classname="io.jbotsim.io.format.graph6.BitVectorTest" time="0.001"/>
  <testcase name="randomGetSet(int, int)[663]" classname="io.jbotsim.io.format.graph6.BitVectorTest" time="0.0"/>
  <testcase name="randomGetSet(int, int)[664]" classname="io.jbotsim.io.format.graph6.BitVectorTest" time="0.001"/>
  <testcase name="randomGetSet(int, int)[665]" classname="io.jbotsim.io.format.graph6.BitVectorTest" time="0.0"/>
  <testcase name="randomGetSet(int, int)[666]" classname="io.jbotsim.io.format.graph6.BitVectorTest" time="0.0"/>
  <testcase name="randomGetSet(int, int)[667]" classname="io.jbotsim.io.format.graph6.BitVectorTest" time="0.001"/>
  <testcase name="randomGetSet(int, int)[668]" classname="io.jbotsim.io.format.graph6.BitVectorTest" time="0.0"/>
  <testcase name="randomGetSet(int, int)[669]" classname="io.jbotsim.io.format.graph6.BitVectorTest" time="0.0"/>
  <testcase name="randomGetSet(int, int)[670]" classname="io.jbotsim.io.format.graph6.BitVectorTest" time="0.0"/>
  <testcase name="randomGetSet(int, int)[671]" classname="io.jbotsim.io.format.graph6.BitVectorTest" time="0.004"/>
  <testcase name="randomGetSet(int, int)[672]" classname="io.jbotsim.io.format.graph6.BitVectorTest" time="0.002"/>
  <testcase name="randomGetSet(int, int)[673]" classname="io.jbotsim.io.format.graph6.BitVectorTest" time="0.0"/>
  <testcase name="randomGetSet(int, int)[674]" classname="io.jbotsim.io.format.graph6.BitVectorTest" time="0.003"/>
  <testcase name="randomGetSet(int, int)[675]" classname="io.jbotsim.io.format.graph6.BitVectorTest" time="0.0"/>
  <testcase name="randomGetSet(int, int)[676]" classname="io.jbotsim.io.format.graph6.BitVectorTest" time="0.0"/>
  <testcase name="randomGetSet(int, int)[677]" classname="io.jbotsim.io.format.graph6.BitVectorTest" time="0.001"/>
  <testcase name="randomGetSet(int, int)[678]" classname="io.jbotsim.io.format.graph6.BitVectorTest" time="0.0"/>
  <testcase name="randomGetSet(int, int)[679]" classname="io.jbotsim.io.format.graph6.BitVectorTest" time="0.0"/>
  <testcase name="randomGetSet(int, int)[680]" classname="io.jbotsim.io.format.graph6.BitVectorTest" time="0.005"/>
  <testcase name="randomGetSet(int, int)[681]" classname="io.jbotsim.io.format.graph6.BitVectorTest" time="0.001"/>
  <testcase name="randomGetSet(int, int)[682]" classname="io.jbotsim.io.format.graph6.BitVectorTest" time="0.001"/>
  <testcase name="randomGetSet(int, int)[683]" classname="io.jbotsim.io.format.graph6.BitVectorTest" time="0.0"/>
  <testcase name="randomGetSet(int, int)[684]" classname="io.jbotsim.io.format.graph6.BitVectorTest" time="0.0"/>
  <testcase name="randomGetSet(int, int)[685]" classname="io.jbotsim.io.format.graph6.BitVectorTest" time="0.0"/>
  <testcase name="randomGetSet(int, int)[686]" classname="io.jbotsim.io.format.graph6.BitVectorTest" time="0.0"/>
  <testcase name="randomGetSet(int, int)[687]" classname="io.jbotsim.io.format.graph6.BitVectorTest" time="0.002"/>
  <testcase name="randomGetSet(int, int)[688]" classname="io.jbotsim.io.format.graph6.BitVectorTest" time="0.0"/>
  <testcase name="randomGetSet(int, int)[689]" classname="io.jbotsim.io.format.graph6.BitVectorTest" time="0.001"/>
  <testcase name="randomGetSet(int, int)[690]" classname="io.jbotsim.io.format.graph6.BitVectorTest" time="0.001"/>
  <testcase name="randomGetSet(int, int)[691]" classname="io.jbotsim.io.format.graph6.BitVectorTest" time="0.001"/>
  <testcase name="randomGetSet(int, int)[692]" classname="io.jbotsim.io.format.graph6.BitVectorTest" time="0.0"/>
  <testcase name="randomGetSet(int, int)[693]" classname="io.jbotsim.io.format.graph6.BitVectorTest" time="0.0"/>
  <testcase name="randomGetSet(int, int)[694]" classname="io.jbotsim.io.format.graph6.BitVectorTest" time="0.0"/>
  <testcase name="randomGetSet(int, int)[695]" classname="io.jbotsim.io.format.graph6.BitVectorTest" time="0.0"/>
  <testcase name="randomGetSet(int, int)[696]" classname="io.jbotsim.io.format.graph6.BitVectorTest" time="0.0"/>
  <testcase name="randomGetSet(int, int)[697]" classname="io.jbotsim.io.format.graph6.BitVectorTest" time="0.001"/>
  <testcase name="randomGetSet(int, int)[698]" classname="io.jbotsim.io.format.graph6.BitVectorTest" time="0.0"/>
  <testcase name="randomGetSet(int, int)[699]" classname="io.jbotsim.io.format.graph6.BitVectorTest" time="0.0"/>
  <testcase name="randomGetSet(int, int)[700]" classname="io.jbotsim.io.format.graph6.BitVectorTest" time="0.0"/>
  <testcase name="randomGetSet(int, int)[701]" classname="io.jbotsim.io.format.graph6.BitVectorTest" time="0.0"/>
  <testcase name="randomGetSet(int, int)[702]" classname="io.jbotsim.io.format.graph6.BitVectorTest" time="0.001"/>
  <testcase name="randomGetSet(int, int)[703]" classname="io.jbotsim.io.format.graph6.BitVectorTest" time="0.0"/>
  <testcase name="randomGetSet(int, int)[704]" classname="io.jbotsim.io.format.graph6.BitVectorTest" time="0.003"/>
  <testcase name="randomGetSet(int, int)[705]" classname="io.jbotsim.io.format.graph6.BitVectorTest" time="0.0"/>
  <testcase name="randomGetSet(int, int)[706]" classname="io.jbotsim.io.format.graph6.BitVectorTest" time="0.002"/>
  <testcase name="randomGetSet(int, int)[707]" classname="io.jbotsim.io.format.graph6.BitVectorTest" time="0.001"/>
  <testcase name="randomGetSet(int, int)[708]" classname="io.jbotsim.io.format.graph6.BitVectorTest" time="0.0"/>
  <testcase name="randomGetSet(int, int)[709]" classname="io.jbotsim.io.format.graph6.BitVectorTest" time="0.0"/>
  <testcase name="randomGetSet(int, int)[710]" classname="io.jbotsim.io.format.graph6.BitVectorTest" time="0.005"/>
  <testcase name="randomGetSet(int, int)[711]" classname="io.jbotsim.io.format.graph6.BitVectorTest" time="0.0"/>
  <testcase name="randomGetSet(int, int)[712]" classname="io.jbotsim.io.format.graph6.BitVectorTest" time="0.0"/>
  <testcase name="randomGetSet(int, int)[713]" classname="io.jbotsim.io.format.graph6.BitVectorTest" time="0.0"/>
  <testcase name="randomGetSet(int, int)[714]" classname="io.jbotsim.io.format.graph6.BitVectorTest" time="0.0"/>
  <testcase name="randomGetSet(int, int)[715]" classname="io.jbotsim.io.format.graph6.BitVectorTest" time="0.001"/>
  <testcase name="randomGetSet(int, int)[716]" classname="io.jbotsim.io.format.graph6.BitVectorTest" time="0.004"/>
  <testcase name="randomGetSet(int, int)[717]" classname="io.jbotsim.io.format.graph6.BitVectorTest" time="0.0"/>
  <testcase name="randomGetSet(int, int)[718]" classname="io.jbotsim.io.format.graph6.BitVectorTest" time="0.0"/>
  <testcase name="randomGetSet(int, int)[719]" classname="io.jbotsim.io.format.graph6.BitVectorTest" time="0.001"/>
  <testcase name="randomGetSet(int, int)[720]" classname="io.jbotsim.io.format.graph6.BitVectorTest" time="0.001"/>
  <testcase name="randomGetSet(int, int)[721]" classname="io.jbotsim.io.format.graph6.BitVectorTest" time="0.0"/>
  <testcase name="randomGetSet(int, int)[722]" classname="io.jbotsim.io.format.graph6.BitVectorTest" time="0.001"/>
  <testcase name="randomGetSet(int, int)[723]" classname="io.jbotsim.io.format.graph6.BitVectorTest" time="0.0"/>
  <testcase name="randomGetSet(int, int)[724]" classname="io.jbotsim.io.format.graph6.BitVectorTest" time="0.0"/>
  <testcase name="randomGetSet(int, int)[725]" classname="io.jbotsim.io.format.graph6.BitVectorTest" time="0.001"/>
  <testcase name="randomGetSet(int, int)[726]" classname="io.jbotsim.io.format.graph6.BitVectorTest" time="0.001"/>
  <testcase name="randomGetSet(int, int)[727]" classname="io.jbotsim.io.format.graph6.BitVectorTest" time="0.0"/>
  <testcase name="randomGetSet(int, int)[728]" classname="io.jbotsim.io.format.graph6.BitVectorTest" time="0.0"/>
  <testcase name="randomGetSet(int, int)[729]" classname="io.jbotsim.io.format.graph6.BitVectorTest" time="0.001"/>
  <testcase name="randomGetSet(int, int)[730]" classname="io.jbotsim.io.format.graph6.BitVectorTest" time="0.001"/>
  <testcase name="randomGetSet(int, int)[731]" classname="io.jbotsim.io.format.graph6.BitVectorTest" time="0.003"/>
  <testcase name="randomGetSet(int, int)[732]" classname="io.jbotsim.io.format.graph6.BitVectorTest" time="0.0"/>
  <testcase name="randomGetSet(int, int)[733]" classname="io.jbotsim.io.format.graph6.BitVectorTest" time="0.0"/>
  <testcase name="randomGetSet(int, int)[734]" classname="io.jbotsim.io.format.graph6.BitVectorTest" time="0.0"/>
  <testcase name="randomGetSet(int, int)[735]" classname="io.jbotsim.io.format.graph6.BitVectorTest" time="0.001"/>
  <testcase name="randomGetSet(int, int)[736]" classname="io.jbotsim.io.format.graph6.BitVectorTest" time="0.0"/>
  <testcase name="randomGetSet(int, int)[737]" classname="io.jbotsim.io.format.graph6.BitVectorTest" time="0.0"/>
  <testcase name="randomGetSet(int, int)[738]" classname="io.jbotsim.io.format.graph6.BitVectorTest" time="0.0"/>
  <testcase name="randomGetSet(int, int)[739]" classname="io.jbotsim.io.format.graph6.BitVectorTest" time="0.0"/>
  <testcase name="randomGetSet(int, int)[740]" classname="io.jbotsim.io.format.graph6.BitVectorTest" time="0.0"/>
  <testcase name="randomGetSet(int, int)[741]" classname="io.jbotsim.io.format.graph6.BitVectorTest" time="0.001"/>
  <testcase name="randomGetSet(int, int)[742]" classname="io.jbotsim.io.format.graph6.BitVectorTest" time="0.0"/>
  <testcase name="randomGetSet(int, int)[743]" classname="io.jbotsim.io.format.graph6.BitVectorTest" time="0.0"/>
  <testcase name="randomGetSet(int, int)[744]" classname="io.jbotsim.io.format.graph6.BitVectorTest" time="0.001"/>
  <testcase name="randomGetSet(int, int)[745]" classname="io.jbotsim.io.format.graph6.BitVectorTest" time="0.001"/>
  <testcase name="randomGetSet(int, int)[746]" classname="io.jbotsim.io.format.graph6.BitVectorTest" time="0.0"/>
  <testcase name="randomGetSet(int, int)[747]" classname="io.jbotsim.io.format.graph6.BitVectorTest" time="0.0"/>
  <testcase name="randomGetSet(int, int)[748]" classname="io.jbotsim.io.format.graph6.BitVectorTest" time="0.001"/>
  <testcase name="randomGetSet(int, int)[749]" classname="io.jbotsim.io.format.graph6.BitVectorTest" time="0.001"/>
  <testcase name="randomGetSet(int, int)[750]" classname="io.jbotsim.io.format.graph6.BitVectorTest" time="0.0"/>
  <testcase name="randomGetSet(int, int)[751]" classname="io.jbotsim.io.format.graph6.BitVectorTest" time="0.001"/>
  <testcase name="randomGetSet(int, int)[752]" classname="io.jbotsim.io.format.graph6.BitVectorTest" time="0.004"/>
  <testcase name="randomGetSet(int, int)[753]" classname="io.jbotsim.io.format.graph6.BitVectorTest" time="0.0"/>
  <testcase name="randomGetSet(int, int)[754]" classname="io.jbotsim.io.format.graph6.BitVectorTest" time="0.003"/>
  <testcase name="randomGetSet(int, int)[755]" classname="io.jbotsim.io.format.graph6.BitVectorTest" time="0.002"/>
  <testcase name="randomGetSet(int, int)[756]" classname="io.jbotsim.io.format.graph6.BitVectorTest" time="0.0"/>
  <testcase name="randomGetSet(int, int)[757]" classname="io.jbotsim.io.format.graph6.BitVectorTest" time="0.003"/>
  <testcase name="randomGetSet(int, int)[758]" classname="io.jbotsim.io.format.graph6.BitVectorTest" time="0.001"/>
  <testcase name="randomGetSet(int, int)[759]" classname="io.jbotsim.io.format.graph6.BitVectorTest" time="0.002"/>
  <testcase name="randomGetSet(int, int)[760]" classname="io.jbotsim.io.format.graph6.BitVectorTest" time="0.002"/>
  <testcase name="randomGetSet(int, int)[761]" classname="io.jbotsim.io.format.graph6.BitVectorTest" time="0.0"/>
  <testcase name="randomGetSet(int, int)[762]" classname="io.jbotsim.io.format.graph6.BitVectorTest" time="0.0"/>
  <testcase name="randomGetSet(int, int)[763]" classname="io.jbotsim.io.format.graph6.BitVectorTest" time="0.004"/>
  <testcase name="randomGetSet(int, int)[764]" classname="io.jbotsim.io.format.graph6.BitVectorTest" time="0.003"/>
  <testcase name="randomGetSet(int, int)[765]" classname="io.jbotsim.io.format.graph6.BitVectorTest" time="0.001"/>
  <testcase name="randomGetSet(int, int)[766]" classname="io.jbotsim.io.format.graph6.BitVectorTest" time="0.0"/>
  <testcase name="randomGetSet(int, int)[767]" classname="io.jbotsim.io.format.graph6.BitVectorTest" time="0.001"/>
  <testcase name="randomGetSet(int, int)[768]" classname="io.jbotsim.io.format.graph6.BitVectorTest" time="0.002"/>
  <testcase name="randomGetSet(int, int)[769]" classname="io.jbotsim.io.format.graph6.BitVectorTest" time="0.0"/>
  <testcase name="randomGetSet(int, int)[770]" classname="io.jbotsim.io.format.graph6.BitVectorTest" time="0.0"/>
  <testcase name="randomGetSet(int, int)[771]" classname="io.jbotsim.io.format.graph6.BitVectorTest" time="0.001"/>
  <testcase name="randomGetSet(int, int)[772]" classname="io.jbotsim.io.format.graph6.BitVectorTest" time="0.002"/>
  <testcase name="randomGetSet(int, int)[773]" classname="io.jbotsim.io.format.graph6.BitVectorTest" time="0.002"/>
  <testcase name="randomGetSet(int, int)[774]" classname="io.jbotsim.io.format.graph6.BitVectorTest" time="0.0"/>
  <testcase name="randomGetSet(int, int)[775]" classname="io.jbotsim.io.format.graph6.BitVectorTest" time="0.0"/>
  <testcase name="randomGetSet(int, int)[776]" classname="io.jbotsim.io.format.graph6.BitVectorTest" time="0.001"/>
  <testcase name="randomGetSet(int, int)[777]" classname="io.jbotsim.io.format.graph6.BitVectorTest" time="0.001"/>
  <testcase name="randomGetSet(int, int)[778]" classname="io.jbotsim.io.format.graph6.BitVectorTest" time="0.001"/>
  <testcase name="randomGetSet(int, int)[779]" classname="io.jbotsim.io.format.graph6.BitVectorTest" time="0.0"/>
  <testcase name="randomGetSet(int, int)[780]" classname="io.jbotsim.io.format.graph6.BitVectorTest" time="0.001"/>
  <testcase name="randomGetSet(int, int)[781]" classname="io.jbotsim.io.format.graph6.BitVectorTest" time="0.0"/>
  <testcase name="randomGetSet(int, int)[782]" classname="io.jbotsim.io.format.graph6.BitVectorTest" time="0.001"/>
  <testcase name="randomGetSet(int, int)[783]" classname="io.jbotsim.io.format.graph6.BitVectorTest" time="0.0"/>
  <testcase name="randomGetSet(int, int)[784]" classname="io.jbotsim.io.format.graph6.BitVectorTest" time="0.0"/>
  <testcase name="randomGetSet(int, int)[785]" classname="io.jbotsim.io.format.graph6.BitVectorTest" time="0.001"/>
  <testcase name="randomGetSet(int, int)[786]" classname="io.jbotsim.io.format.graph6.BitVectorTest" time="0.003"/>
  <testcase name="randomGetSet(int, int)[787]" classname="io.jbotsim.io.format.graph6.BitVectorTest" time="0.0"/>
  <testcase name="randomGetSet(int, int)[788]" classname="io.jbotsim.io.format.graph6.BitVectorTest" time="0.0"/>
  <testcase name="randomGetSet(int, int)[789]" classname="io.jbotsim.io.format.graph6.BitVectorTest" time="0.0"/>
  <testcase name="randomGetSet(int, int)[790]" classname="io.jbotsim.io.format.graph6.BitVectorTest" time="0.0"/>
  <testcase name="randomGetSet(int, int)[791]" classname="io.jbotsim.io.format.graph6.BitVectorTest" time="0.0"/>
  <testcase name="randomGetSet(int, int)[792]" classname="io.jbotsim.io.format.graph6.BitVectorTest" time="0.0"/>
  <testcase name="randomGetSet(int, int)[793]" classname="io.jbotsim.io.format.graph6.BitVectorTest" time="0.004"/>
  <testcase name="randomGetSet(int, int)[794]" classname="io.jbotsim.io.format.graph6.BitVectorTest" time="0.001"/>
  <testcase name="randomGetSet(int, int)[795]" classname="io.jbotsim.io.format.graph6.BitVectorTest" time="0.0"/>
  <testcase name="randomGetSet(int, int)[796]" classname="io.jbotsim.io.format.graph6.BitVectorTest" time="0.0"/>
  <testcase name="randomGetSet(int, int)[797]" classname="io.jbotsim.io.format.graph6.BitVectorTest" time="0.001"/>
  <testcase name="randomGetSet(int, int)[798]" classname="io.jbotsim.io.format.graph6.BitVectorTest" time="0.0"/>
  <testcase name="randomGetSet(int, int)[799]" classname="io.jbotsim.io.format.graph6.BitVectorTest" time="0.001"/>
  <testcase name="randomGetSet(int, int)[800]" classname="io.jbotsim.io.format.graph6.BitVectorTest" time="0.0"/>
  <testcase name="randomGetSet(int, int)[801]" classname="io.jbotsim.io.format.graph6.BitVectorTest" time="0.004"/>
  <testcase name="randomGetSet(int, int)[802]" classname="io.jbotsim.io.format.graph6.BitVectorTest" time="0.001"/>
  <testcase name="randomGetSet(int, int)[803]" classname="io.jbotsim.io.format.graph6.BitVectorTest" time="0.001"/>
  <testcase name="randomGetSet(int, int)[804]" classname="io.jbotsim.io.format.graph6.BitVectorTest" time="0.0"/>
  <testcase name="randomGetSet(int, int)[805]" classname="io.jbotsim.io.format.graph6.BitVectorTest" time="0.0"/>
  <testcase name="randomGetSet(int, int)[806]" classname="io.jbotsim.io.format.graph6.BitVectorTest" time="0.001"/>
  <testcase name="randomGetSet(int, int)[807]" classname="io.jbotsim.io.format.graph6.BitVectorTest" time="0.002"/>
  <testcase name="randomGetSet(int, int)[808]" classname="io.jbotsim.io.format.graph6.BitVectorTest" time="0.0"/>
  <testcase name="randomGetSet(int, int)[809]" classname="io.jbotsim.io.format.graph6.BitVectorTest" time="0.004"/>
  <testcase name="randomGetSet(int, int)[810]" classname="io.jbotsim.io.format.graph6.BitVectorTest" time="0.001"/>
  <testcase name="randomGetSet(int, int)[811]" classname="io.jbotsim.io.format.graph6.BitVectorTest" time="0.0"/>
  <testcase name="randomGetSet(int, int)[812]" classname="io.jbotsim.io.format.graph6.BitVectorTest" time="0.0"/>
  <testcase name="randomGetSet(int, int)[813]" classname="io.jbotsim.io.format.graph6.BitVectorTest" time="0.001"/>
  <testcase name="randomGetSet(int, int)[814]" classname="io.jbotsim.io.format.graph6.BitVectorTest" time="0.0"/>
  <testcase name="randomGetSet(int, int)[815]" classname="io.jbotsim.io.format.graph6.BitVectorTest" time="0.0"/>
  <testcase name="randomGetSet(int, int)[816]" classname="io.jbotsim.io.format.graph6.BitVectorTest" time="0.004"/>
  <testcase name="randomGetSet(int, int)[817]" classname="io.jbotsim.io.format.graph6.BitVectorTest" time="0.001"/>
  <testcase name="randomGetSet(int, int)[818]" classname="io.jbotsim.io.format.graph6.BitVectorTest" time="0.0"/>
  <testcase name="randomGetSet(int, int)[819]" classname="io.jbotsim.io.format.graph6.BitVectorTest" time="0.0"/>
  <testcase name="randomGetSet(int, int)[820]" classname="io.jbotsim.io.format.graph6.BitVectorTest" time="0.0"/>
  <testcase name="randomGetSet(int, int)[821]" classname="io.jbotsim.io.format.graph6.BitVectorTest" time="0.001"/>
  <testcase name="randomGetSet(int, int)[822]" classname="io.jbotsim.io.format.graph6.BitVectorTest" time="0.0"/>
  <testcase name="randomGetSet(int, int)[823]" classname="io.jbotsim.io.format.graph6.BitVectorTest" time="0.0"/>
  <testcase name="randomGetSet(int, int)[824]" classname="io.jbotsim.io.format.graph6.BitVectorTest" time="0.004"/>
  <testcase name="randomGetSet(int, int)[825]" classname="io.jbotsim.io.format.graph6.BitVectorTest" time="0.001"/>
  <testcase name="randomGetSet(int, int)[826]" classname="io.jbotsim.io.format.graph6.BitVectorTest" time="0.0"/>
  <testcase name="randomGetSet(int, int)[827]" classname="io.jbotsim.io.format.graph6.BitVectorTest" time="0.0"/>
  <testcase name="randomGetSet(int, int)[828]" classname="io.jbotsim.io.format.graph6.BitVectorTest" time="0.0"/>
  <testcase name="randomGetSet(int, int)[829]" classname="io.jbotsim.io.format.graph6.BitVectorTest" time="0.001"/>
  <testcase name="randomGetSet(int, int)[830]" classname="io.jbotsim.io.format.graph6.BitVectorTest" time="0.0"/>
  <testcase name="randomGetSet(int, int)[831]" classname="io.jbotsim.io.format.graph6.BitVectorTest" time="0.0"/>
  <testcase name="randomGetSet(int, int)[832]" classname="io.jbotsim.io.format.graph6.BitVectorTest" time="0.0"/>
  <testcase name="randomGetSet(int, int)[833]" classname="io.jbotsim.io.format.graph6.BitVectorTest" time="0.0"/>
  <testcase name="randomGetSet(int, int)[834]" classname="io.jbotsim.io.format.graph6.BitVectorTest" time="0.001"/>
  <testcase name="randomGetSet(int, int)[835]" classname="io.jbotsim.io.format.graph6.BitVectorTest" time="0.0"/>
  <testcase name="randomGetSet(int, int)[836]" classname="io.jbotsim.io.format.graph6.BitVectorTest" time="0.0"/>
  <testcase name="randomGetSet(int, int)[837]" classname="io.jbotsim.io.format.graph6.BitVectorTest" time="0.003"/>
  <testcase name="randomGetSet(int, int)[838]" classname="io.jbotsim.io.format.graph6.BitVectorTest" time="0.001"/>
  <testcase name="randomGetSet(int, int)[839]" classname="io.jbotsim.io.format.graph6.BitVectorTest" time="0.001"/>
  <testcase name="randomGetSet(int, int)[840]" classname="io.jbotsim.io.format.graph6.BitVectorTest" time="0.005"/>
  <testcase name="randomGetSet(int, int)[841]" classname="io.jbotsim.io.format.graph6.BitVectorTest" time="0.0"/>
  <testcase name="randomGetSet(int, int)[842]" classname="io.jbotsim.io.format.graph6.BitVectorTest" time="0.0"/>
  <testcase name="randomGetSet(int, int)[843]" classname="io.jbotsim.io.format.graph6.BitVectorTest" time="0.0"/>
  <testcase name="randomGetSet(int, int)[844]" classname="io.jbotsim.io.format.graph6.BitVectorTest" time="0.0"/>
  <testcase name="randomGetSet(int, int)[845]" classname="io.jbotsim.io.format.graph6.BitVectorTest" time="0.0"/>
  <testcase name="randomGetSet(int, int)[846]" classname="io.jbotsim.io.format.graph6.BitVectorTest" time="0.001"/>
  <testcase name="randomGetSet(int, int)[847]" classname="io.jbotsim.io.format.graph6.BitVectorTest" time="0.001"/>
  <testcase name="randomGetSet(int, int)[848]" classname="io.jbotsim.io.format.graph6.BitVectorTest" time="0.0"/>
  <testcase name="randomGetSet(int, int)[849]" classname="io.jbotsim.io.format.graph6.BitVectorTest" time="0.002"/>
  <testcase name="randomGetSet(int, int)[850]" classname="io.jbotsim.io.format.graph6.BitVectorTest" time="0.001"/>
  <testcase name="randomGetSet(int, int)[851]" classname="io.jbotsim.io.format.graph6.BitVectorTest" time="0.002"/>
  <testcase name="randomGetSet(int, int)[852]" classname="io.jbotsim.io.format.graph6.BitVectorTest" time="0.001"/>
  <testcase name="randomGetSet(int, int)[853]" classname="io.jbotsim.io.format.graph6.BitVectorTest" time="0.005"/>
  <testcase name="randomGetSet(int, int)[854]" classname="io.jbotsim.io.format.graph6.BitVectorTest" time="0.001"/>
  <testcase name="randomGetSet(int, int)[855]" classname="io.jbotsim.io.format.graph6.BitVectorTest" time="0.0"/>
  <testcase name="randomGetSet(int, int)[856]" classname="io.jbotsim.io.format.graph6.BitVectorTest" time="0.0"/>
  <testcase name="randomGetSet(int, int)[857]" classname="io.jbotsim.io.format.graph6.BitVectorTest" time="0.001"/>
  <testcase name="randomGetSet(int, int)[858]" classname="io.jbotsim.io.format.graph6.BitVectorTest" time="0.0"/>
  <testcase name="randomGetSet(int, int)[859]" classname="io.jbotsim.io.format.graph6.BitVectorTest" time="0.0"/>
  <testcase name="randomGetSet(int, int)[860]" classname="io.jbotsim.io.format.graph6.BitVectorTest" time="0.001"/>
  <testcase name="randomGetSet(int, int)[861]" classname="io.jbotsim.io.format.graph6.BitVectorTest" time="0.0"/>
  <testcase name="randomGetSet(int, int)[862]" classname="io.jbotsim.io.format.graph6.BitVectorTest" time="0.0"/>
  <testcase name="randomGetSet(int, int)[863]" classname="io.jbotsim.io.format.graph6.BitVectorTest" time="0.0"/>
  <testcase name="randomGetSet(int, int)[864]" classname="io.jbotsim.io.format.graph6.BitVectorTest" time="0.001"/>
  <testcase name="randomGetSet(int, int)[865]" classname="io.jbotsim.io.format.graph6.BitVectorTest" time="0.0"/>
  <testcase name="randomGetSet(int, int)[866]" classname="io.jbotsim.io.format.graph6.BitVectorTest" time="0.001"/>
  <testcase name="randomGetSet(int, int)[867]" classname="io.jbotsim.io.format.graph6.BitVectorTest" time="0.001"/>
  <testcase name="randomGetSet(int, int)[868]" classname="io.jbotsim.io.format.graph6.BitVectorTest" time="0.0"/>
  <testcase name="randomGetSet(int, int)[869]" classname="io.jbotsim.io.format.graph6.BitVectorTest" time="0.004"/>
  <testcase name="randomGetSet(int, int)[870]" classname="io.jbotsim.io.format.graph6.BitVectorTest" time="0.001"/>
  <testcase name="randomGetSet(int, int)[871]" classname="io.jbotsim.io.format.graph6.BitVectorTest" time="0.001"/>
  <testcase name="randomGetSet(int, int)[872]" classname="io.jbotsim.io.format.graph6.BitVectorTest" time="0.001"/>
  <testcase name="randomGetSet(int, int)[873]" classname="io.jbotsim.io.format.graph6.BitVectorTest" time="0.0"/>
  <testcase name="randomGetSet(int, int)[874]" classname="io.jbotsim.io.format.graph6.BitVectorTest" time="0.004"/>
  <testcase name="randomGetSet(int, int)[875]" classname="io.jbotsim.io.format.graph6.BitVectorTest" time="0.001"/>
  <testcase name="randomGetSet(int, int)[876]" classname="io.jbotsim.io.format.graph6.BitVectorTest" time="0.001"/>
  <testcase name="randomGetSet(int, int)[877]" classname="io.jbotsim.io.format.graph6.BitVectorTest" time="0.0"/>
  <testcase name="randomGetSet(int, int)[878]" classname="io.jbotsim.io.format.graph6.BitVectorTest" time="0.0"/>
  <testcase name="randomGetSet(int, int)[879]" classname="io.jbotsim.io.format.graph6.BitVectorTest" time="0.005"/>
  <testcase name="randomGetSet(int, int)[880]" classname="io.jbotsim.io.format.graph6.BitVectorTest" time="0.002"/>
  <testcase name="randomGetSet(int, int)[881]" classname="io.jbotsim.io.format.graph6.BitVectorTest" time="0.004"/>
  <testcase name="randomGetSet(int, int)[882]" classname="io.jbotsim.io.format.graph6.BitVectorTest" time="0.001"/>
  <testcase name="randomGetSet(int, int)[883]" classname="io.jbotsim.io.format.graph6.BitVectorTest" time="0.001"/>
  <testcase name="randomGetSet(int, int)[884]" classname="io.jbotsim.io.format.graph6.BitVectorTest" time="0.001"/>
  <testcase name="randomGetSet(int, int)[885]" classname="io.jbotsim.io.format.graph6.BitVectorTest" time="0.003"/>
  <testcase name="randomGetSet(int, int)[886]" classname="io.jbotsim.io.format.graph6.BitVectorTest" time="0.001"/>
  <testcase name="randomGetSet(int, int)[887]" classname="io.jbotsim.io.format.graph6.BitVectorTest" time="0.003"/>
  <testcase name="randomGetSet(int, int)[888]" classname="io.jbotsim.io.format.graph6.BitVectorTest" time="0.001"/>
  <testcase name="randomGetSet(int, int)[889]" classname="io.jbotsim.io.format.graph6.BitVectorTest" time="0.001"/>
  <testcase name="randomGetSet(int, int)[890]" classname="io.jbotsim.io.format.graph6.BitVectorTest" time="0.0"/>
  <testcase name="randomGetSet(int, int)[891]" classname="io.jbotsim.io.format.graph6.BitVectorTest" time="0.003"/>
  <testcase name="randomGetSet(int, int)[892]" classname="io.jbotsim.io.format.graph6.BitVectorTest" time="0.0"/>
  <testcase name="randomGetSet(int, int)[893]" classname="io.jbotsim.io.format.graph6.BitVectorTest" time="0.0"/>
  <testcase name="randomGetSet(int, int)[894]" classname="io.jbotsim.io.format.graph6.BitVectorTest" time="0.002"/>
  <testcase name="randomGetSet(int, int)[895]" classname="io.jbotsim.io.format.graph6.BitVectorTest" time="0.0"/>
  <testcase name="randomGetSet(int, int)[896]" classname="io.jbotsim.io.format.graph6.BitVectorTest" time="0.001"/>
  <testcase name="randomGetSet(int, int)[897]" classname="io.jbotsim.io.format.graph6.BitVectorTest" time="0.0"/>
  <testcase name="randomGetSet(int, int)[898]" classname="io.jbotsim.io.format.graph6.BitVectorTest" time="0.0"/>
  <testcase name="randomGetSet(int, int)[899]" classname="io.jbotsim.io.format.graph6.BitVectorTest" time="0.0"/>
  <testcase name="randomGetSet(int, int)[900]" classname="io.jbotsim.io.format.graph6.BitVectorTest" time="0.0"/>
  <testcase name="randomGetSet(int, int)[901]" classname="io.jbotsim.io.format.graph6.BitVectorTest" time="0.001"/>
  <testcase name="randomGetSet(int, int)[902]" classname="io.jbotsim.io.format.graph6.BitVectorTest" time="0.0"/>
  <testcase name="randomGetSet(int, int)[903]" classname="io.jbotsim.io.format.graph6.BitVectorTest" time="0.001"/>
  <testcase name="randomGetSet(int, int)[904]" classname="io.jbotsim.io.format.graph6.BitVectorTest" time="0.0"/>
  <testcase name="randomGetSet(int, int)[905]" classname="io.jbotsim.io.format.graph6.BitVectorTest" time="0.001"/>
  <testcase name="randomGetSet(int, int)[906]" classname="io.jbotsim.io.format.graph6.BitVectorTest" time="0.005"/>
  <testcase name="randomGetSet(int, int)[907]" classname="io.jbotsim.io.format.graph6.BitVectorTest" time="0.001"/>
  <testcase name="randomGetSet(int, int)[908]" classname="io.jbotsim.io.format.graph6.BitVectorTest" time="0.0"/>
  <testcase name="randomGetSet(int, int)[909]" classname="io.jbotsim.io.format.graph6.BitVectorTest" time="0.0"/>
  <testcase name="randomGetSet(int, int)[910]" classname="io.jbotsim.io.format.graph6.BitVectorTest" time="0.001"/>
  <testcase name="randomGetSet(int, int)[911]" classname="io.jbotsim.io.format.graph6.BitVectorTest" time="0.0"/>
  <testcase name="randomGetSet(int, int)[912]" classname="io.jbotsim.io.format.graph6.BitVectorTest" time="0.0"/>
  <testcase name="randomGetSet(int, int)[913]" classname="io.jbotsim.io.format.graph6.BitVectorTest" time="0.001"/>
  <testcase name="randomGetSet(int, int)[914]" classname="io.jbotsim.io.format.graph6.BitVectorTest" time="0.004"/>
  <testcase name="randomGetSet(int, int)[915]" classname="io.jbotsim.io.format.graph6.BitVectorTest" time="0.001"/>
  <testcase name="randomGetSet(int, int)[916]" classname="io.jbotsim.io.format.graph6.BitVectorTest" time="0.001"/>
  <testcase name="randomGetSet(int, int)[917]" classname="io.jbotsim.io.format.graph6.BitVectorTest" time="0.0"/>
  <testcase name="randomGetSet(int, int)[918]" classname="io.jbotsim.io.format.graph6.BitVectorTest" time="0.001"/>
  <testcase name="randomGetSet(int, int)[919]" classname="io.jbotsim.io.format.graph6.BitVectorTest" time="0.001"/>
  <testcase name="randomGetSet(int, int)[920]" classname="io.jbotsim.io.format.graph6.BitVectorTest" time="0.0"/>
  <testcase name="randomGetSet(int, int)[921]" classname="io.jbotsim.io.format.graph6.BitVectorTest" time="0.0"/>
  <testcase name="randomGetSet(int, int)[922]" classname="io.jbotsim.io.format.graph6.BitVectorTest" time="0.005"/>
  <testcase name="randomGetSet(int, int)[923]" classname="io.jbotsim.io.format.graph6.BitVectorTest" time="0.001"/>
  <testcase name="randomGetSet(int, int)[924]" classname="io.jbotsim.io.format.graph6.BitVectorTest" time="0.001"/>
  <testcase name="randomGetSet(int, int)[925]" classname="io.jbotsim.io.format.graph6.BitVectorTest" time="0.0"/>
  <testcase name="randomGetSet(int, int)[926]" classname="io.jbotsim.io.format.graph6.BitVectorTest" time="0.0"/>
  <testcase name="randomGetSet(int, int)[927]" classname="io.jbotsim.io.format.graph6.BitVectorTest" time="0.0"/>
  <testcase name="randomGetSet(int, int)[928]" classname="io.jbotsim.io.format.graph6.BitVectorTest" time="0.0"/>
  <testcase name="randomGetSet(int, int)[929]" classname="io.jbotsim.io.format.graph6.BitVectorTest" time="0.0"/>
  <testcase name="randomGetSet(int, int)[930]" classname="io.jbotsim.io.format.graph6.BitVectorTest" time="0.0"/>
  <testcase name="randomGetSet(int, int)[931]" classname="io.jbotsim.io.format.graph6.BitVectorTest" time="0.0"/>
  <testcase name="randomGetSet(int, int)[932]" classname="io.jbotsim.io.format.graph6.BitVectorTest" time="0.001"/>
  <testcase name="randomGetSet(int, int)[933]" classname="io.jbotsim.io.format.graph6.BitVectorTest" time="0.0"/>
  <testcase name="randomGetSet(int, int)[934]" classname="io.jbotsim.io.format.graph6.BitVectorTest" time="0.0"/>
  <testcase name="randomGetSet(int, int)[935]" classname="io.jbotsim.io.format.graph6.BitVectorTest" time="0.001"/>
  <testcase name="randomGetSet(int, int)[936]" classname="io.jbotsim.io.format.graph6.BitVectorTest" time="0.004"/>
  <testcase name="randomGetSet(int, int)[937]" classname="io.jbotsim.io.format.graph6.BitVectorTest" time="0.001"/>
  <testcase name="randomGetSet(int, int)[938]" classname="io.jbotsim.io.format.graph6.BitVectorTest" time="0.0"/>
  <testcase name="randomGetSet(int, int)[939]" classname="io.jbotsim.io.format.graph6.BitVectorTest" time="0.0"/>
  <testcase name="randomGetSet(int, int)[940]" classname="io.jbotsim.io.format.graph6.BitVectorTest" time="0.001"/>
  <testcase name="randomGetSet(int, int)[941]" classname="io.jbotsim.io.format.graph6.BitVectorTest" time="0.0"/>
  <testcase name="randomGetSet(int, int)[942]" classname="io.jbotsim.io.format.graph6.BitVectorTest" time="0.0"/>
  <testcase name="randomGetSet(int, int)[943]" classname="io.jbotsim.io.format.graph6.BitVectorTest" time="0.001"/>
  <testcase name="randomGetSet(int, int)[944]" classname="io.jbotsim.io.format.graph6.BitVectorTest" time="0.0"/>
  <testcase name="randomGetSet(int, int)[945]" classname="io.jbotsim.io.format.graph6.BitVectorTest" time="0.0"/>
  <testcase name="randomGetSet(int, int)[946]" classname="io.jbotsim.io.format.graph6.BitVectorTest" time="0.0"/>
  <testcase name="randomGetSet(int, int)[947]" classname="io.jbotsim.io.format.graph6.BitVectorTest" time="0.001"/>
  <testcase name="randomGetSet(int, int)[948]" classname="io.jbotsim.io.format.graph6.BitVectorTest" time="0.0"/>
  <testcase name="randomGetSet(int, int)[949]" classname="io.jbotsim.io.format.graph6.BitVectorTest" time="0.001"/>
  <testcase name="randomGetSet(int, int)[950]" classname="io.jbotsim.io.format.graph6.BitVectorTest" time="0.0"/>
  <testcase name="randomGetSet(int, int)[951]" classname="io.jbotsim.io.format.graph6.BitVectorTest" time="0.0"/>
  <testcase name="randomGetSet(int, int)[952]" classname="io.jbotsim.io.format.graph6.BitVectorTest" time="0.001"/>
  <testcase name="randomGetSet(int, int)[953]" classname="io.jbotsim.io.format.graph6.BitVectorTest" time="0.0"/>
  <testcase name="randomGetSet(int, int)[954]" classname="io.jbotsim.io.format.graph6.BitVectorTest" time="0.0"/>
  <testcase name="randomGetSet(int, int)[955]" classname="io.jbotsim.io.format.graph6.BitVectorTest" time="0.001"/>
  <testcase name="randomGetSet(int, int)[956]" classname="io.jbotsim.io.format.graph6.BitVectorTest" time="0.0"/>
  <testcase name="randomGetSet(int, int)[957]" classname="io.jbotsim.io.format.graph6.BitVectorTest" time="0.001"/>
  <testcase name="randomGetSet(int, int)[958]" classname="io.jbotsim.io.format.graph6.BitVectorTest" time="0.0"/>
  <testcase name="randomGetSet(int, int)[959]" classname="io.jbotsim.io.format.graph6.BitVectorTest" time="0.002"/>
  <testcase name="randomGetSet(int, int)[960]" classname="io.jbotsim.io.format.graph6.BitVectorTest" time="0.0"/>
  <testcase name="randomGetSet(int, int)[961]" classname="io.jbotsim.io.format.graph6.BitVectorTest" time="0.0"/>
  <testcase name="randomGetSet(int, int)[962]" classname="io.jbotsim.io.format.graph6.BitVectorTest" time="0.002"/>
  <testcase name="randomGetSet(int, int)[963]" classname="io.jbotsim.io.format.graph6.BitVectorTest" time="0.0"/>
  <testcase name="randomGetSet(int, int)[964]" classname="io.jbotsim.io.format.graph6.BitVectorTest" time="0.004"/>
  <testcase name="randomGetSet(int, int)[965]" classname="io.jbotsim.io.format.graph6.BitVectorTest" time="0.001"/>
  <testcase name="randomGetSet(int, int)[966]" classname="io.jbotsim.io.format.graph6.BitVectorTest" time="0.0"/>
  <testcase name="randomGetSet(int, int)[967]" classname="io.jbotsim.io.format.graph6.BitVectorTest" time="0.0"/>
  <testcase name="randomGetSet(int, int)[968]" classname="io.jbotsim.io.format.graph6.BitVectorTest" time="0.001"/>
  <testcase name="randomGetSet(int, int)[969]" classname="io.jbotsim.io.format.graph6.BitVectorTest" time="0.0"/>
  <testcase name="randomGetSet(int, int)[970]" classname="io.jbotsim.io.format.graph6.BitVectorTest" time="0.0"/>
  <testcase name="randomGetSet(int, int)[971]" classname="io.jbotsim.io.format.graph6.BitVectorTest" time="0.004"/>
  <testcase name="randomGetSet(int, int)[972]" classname="io.jbotsim.io.format.graph6.BitVectorTest" time="0.001"/>
  <testcase name="randomGetSet(int, int)[973]" classname="io.jbotsim.io.format.graph6.BitVectorTest" time="0.0"/>
  <testcase name="randomGetSet(int, int)[974]" classname="io.jbotsim.io.format.graph6.BitVectorTest" time="0.0"/>
  <testcase name="randomGetSet(int, int)[975]" classname="io.jbotsim.io.format.graph6.BitVectorTest" time="0.001"/>
  <testcase name="randomGetSet(int, int)[976]" classname="io.jbotsim.io.format.graph6.BitVectorTest" time="0.001"/>
  <testcase name="randomGetSet(int, int)[977]" classname="io.jbotsim.io.format.graph6.BitVectorTest" time="0.0"/>
  <testcase name="randomGetSet(int, int)[978]" classname="io.jbotsim.io.format.graph6.BitVectorTest" time="0.002"/>
  <testcase name="randomGetSet(int, int)[979]" classname="io.jbotsim.io.format.graph6.BitVectorTest" time="0.0"/>
  <testcase name="randomGetSet(int, int)[980]" classname="io.jbotsim.io.format.graph6.BitVectorTest" time="0.003"/>
  <testcase name="randomGetSet(int, int)[981]" classname="io.jbotsim.io.format.graph6.BitVectorTest" time="0.0"/>
  <testcase name="randomGetSet(int, int)[982]" classname="io.jbotsim.io.format.graph6.BitVectorTest" time="0.0"/>
  <testcase name="randomGetSet(int, int)[983]" classname="io.jbotsim.io.format.graph6.BitVectorTest" time="0.001"/>
  <testcase name="randomGetSet(int, int)[984]" classname="io.jbotsim.io.format.graph6.BitVectorTest" time="0.0"/>
  <testcase name="randomGetSet(int, int)[985]" classname="io.jbotsim.io.format.graph6.BitVectorTest" time="0.0"/>
  <testcase name="randomGetSet(int, int)[986]" classname="io.jbotsim.io.format.graph6.BitVectorTest" time="0.001"/>
  <testcase name="randomGetSet(int, int)[987]" classname="io.jbotsim.io.format.graph6.BitVectorTest" time="0.0"/>
  <testcase name="randomGetSet(int, int)[988]" classname="io.jbotsim.io.format.graph6.BitVectorTest" time="0.0"/>
  <testcase name="randomGetSet(int, int)[989]" classname="io.jbotsim.io.format.graph6.BitVectorTest" time="0.0"/>
  <testcase name="randomGetSet(int, int)[990]" classname="io.jbotsim.io.format.graph6.BitVectorTest" time="0.0"/>
  <testcase name="randomGetSet(int, int)[991]" classname="io.jbotsim.io.format.graph6.BitVectorTest" time="0.0"/>
  <testcase name="randomGetSet(int, int)[992]" classname="io.jbotsim.io.format.graph6.BitVectorTest" time="0.001"/>
  <testcase name="randomGetSet(int, int)[993]" classname="io.jbotsim.io.format.graph6.BitVectorTest" time="0.0"/>
  <testcase name="randomGetSet(int, int)[994]" classname="io.jbotsim.io.format.graph6.BitVectorTest" time="0.0"/>
  <testcase name="randomGetSet(int, int)[995]" classname="io.jbotsim.io.format.graph6.BitVectorTest" time="0.0"/>
  <testcase name="randomGetSet(int, int)[996]" classname="io.jbotsim.io.format.graph6.BitVectorTest" time="0.001"/>
  <testcase name="randomGetSet(int, int)[997]" classname="io.jbotsim.io.format.graph6.BitVectorTest" time="0.001"/>
  <testcase name="randomGetSet(int, int)[998]" classname="io.jbotsim.io.format.graph6.BitVectorTest" time="0.0"/>
  <testcase name="randomGetSet(int, int)[999]" classname="io.jbotsim.io.format.graph6.BitVectorTest" time="0.001"/>
  <testcase name="randomGetSet(int, int)[1000]" classname="io.jbotsim.io.format.graph6.BitVectorTest" time="0.001"/>
  <system-out><![CDATA[]]></system-out>
  <system-err><![CDATA[]]></system-err>
</testsuite>
<?xml version="1.0" encoding="UTF-8"?>
<testsuite name="io.jbotsim.io.format.graph6.Graph6BVHelperTest" tests="220" skipped="0" failures="0" errors="0" timestamp="2020-06-16T15:10:38" hostname="runner-72989761-project-19412425-concurrent-0" time="0.185">
  <properties/>
  <testcase name="checkLongEncodeDecode(long)[1]" classname="io.jbotsim.io.format.graph6.Graph6BVHelperTest" time="0.004"/>
  <testcase name="checkLongEncodeDecode(long)[2]" classname="io.jbotsim.io.format.graph6.Graph6BVHelperTest" time="0.0"/>
  <testcase name="checkLongEncodeDecode(long)[3]" classname="io.jbotsim.io.format.graph6.Graph6BVHelperTest" time="0.0"/>
  <testcase name="checkLongEncodeDecode(long)[4]" classname="io.jbotsim.io.format.graph6.Graph6BVHelperTest" time="0.0"/>
  <testcase name="checkLongEncodeDecode(long)[5]" classname="io.jbotsim.io.format.graph6.Graph6BVHelperTest" time="0.0"/>
  <testcase name="checkLongEncodeDecode(long)[6]" classname="io.jbotsim.io.format.graph6.Graph6BVHelperTest" time="0.001"/>
  <testcase name="checkLongEncodeDecode(long)[7]" classname="io.jbotsim.io.format.graph6.Graph6BVHelperTest" time="0.0"/>
  <testcase name="checkLongEncodeDecode(long)[8]" classname="io.jbotsim.io.format.graph6.Graph6BVHelperTest" time="0.002"/>
  <testcase name="checkLongEncodeDecode(long)[9]" classname="io.jbotsim.io.format.graph6.Graph6BVHelperTest" time="0.0"/>
  <testcase name="checkLongEncodeDecode(long)[10]" classname="io.jbotsim.io.format.graph6.Graph6BVHelperTest" time="0.001"/>
  <testcase name="checkLongEncodeDecode(long)[11]" classname="io.jbotsim.io.format.graph6.Graph6BVHelperTest" time="0.0"/>
  <testcase name="checkLongEncodeDecode(long)[12]" classname="io.jbotsim.io.format.graph6.Graph6BVHelperTest" time="0.001"/>
  <testcase name="checkLongEncodeDecode(long)[13]" classname="io.jbotsim.io.format.graph6.Graph6BVHelperTest" time="0.004"/>
  <testcase name="checkLongEncodeDecode(long)[14]" classname="io.jbotsim.io.format.graph6.Graph6BVHelperTest" time="0.0"/>
  <testcase name="checkLongEncodeDecode(long)[15]" classname="io.jbotsim.io.format.graph6.Graph6BVHelperTest" time="0.0"/>
  <testcase name="checkLongEncodeDecode(long)[16]" classname="io.jbotsim.io.format.graph6.Graph6BVHelperTest" time="0.001"/>
  <testcase name="checkLongEncodeDecode(long)[17]" classname="io.jbotsim.io.format.graph6.Graph6BVHelperTest" time="0.0"/>
  <testcase name="checkLongEncodeDecode(long)[18]" classname="io.jbotsim.io.format.graph6.Graph6BVHelperTest" time="0.001"/>
  <testcase name="checkLongEncodeDecode(long)[19]" classname="io.jbotsim.io.format.graph6.Graph6BVHelperTest" time="0.0"/>
  <testcase name="checkLongEncodeDecode(long)[20]" classname="io.jbotsim.io.format.graph6.Graph6BVHelperTest" time="0.0"/>
  <testcase name="checkLongEncodeDecode(long)[21]" classname="io.jbotsim.io.format.graph6.Graph6BVHelperTest" time="0.0"/>
  <testcase name="checkLongEncodeDecode(long)[22]" classname="io.jbotsim.io.format.graph6.Graph6BVHelperTest" time="0.0"/>
  <testcase name="checkLongEncodeDecode(long)[23]" classname="io.jbotsim.io.format.graph6.Graph6BVHelperTest" time="0.004"/>
  <testcase name="checkLongEncodeDecode(long)[24]" classname="io.jbotsim.io.format.graph6.Graph6BVHelperTest" time="0.0"/>
  <testcase name="checkLongEncodeDecode(long)[25]" classname="io.jbotsim.io.format.graph6.Graph6BVHelperTest" time="0.0"/>
  <testcase name="checkLongEncodeDecode(long)[26]" classname="io.jbotsim.io.format.graph6.Graph6BVHelperTest" time="0.0"/>
  <testcase name="checkLongEncodeDecode(long)[27]" classname="io.jbotsim.io.format.graph6.Graph6BVHelperTest" time="0.001"/>
  <testcase name="checkLongEncodeDecode(long)[28]" classname="io.jbotsim.io.format.graph6.Graph6BVHelperTest" time="0.0"/>
  <testcase name="checkLongEncodeDecode(long)[29]" classname="io.jbotsim.io.format.graph6.Graph6BVHelperTest" time="0.0"/>
  <testcase name="checkLongEncodeDecode(long)[30]" classname="io.jbotsim.io.format.graph6.Graph6BVHelperTest" time="0.0"/>
  <testcase name="checkLongEncodeDecode(long)[31]" classname="io.jbotsim.io.format.graph6.Graph6BVHelperTest" time="0.0"/>
  <testcase name="checkLongEncodeDecode(long)[32]" classname="io.jbotsim.io.format.graph6.Graph6BVHelperTest" time="0.001"/>
  <testcase name="checkLongEncodeDecode(long)[33]" classname="io.jbotsim.io.format.graph6.Graph6BVHelperTest" time="0.0"/>
  <testcase name="checkLongEncodeDecode(long)[34]" classname="io.jbotsim.io.format.graph6.Graph6BVHelperTest" time="0.0"/>
  <testcase name="checkLongEncodeDecode(long)[35]" classname="io.jbotsim.io.format.graph6.Graph6BVHelperTest" time="0.0"/>
  <testcase name="checkLongEncodeDecode(long)[36]" classname="io.jbotsim.io.format.graph6.Graph6BVHelperTest" time="0.002"/>
  <testcase name="checkLongEncodeDecode(long)[37]" classname="io.jbotsim.io.format.graph6.Graph6BVHelperTest" time="0.001"/>
  <testcase name="checkLongEncodeDecode(long)[38]" classname="io.jbotsim.io.format.graph6.Graph6BVHelperTest" time="0.0"/>
  <testcase name="checkLongEncodeDecode(long)[39]" classname="io.jbotsim.io.format.graph6.Graph6BVHelperTest" time="0.0"/>
  <testcase name="checkLongEncodeDecode(long)[40]" classname="io.jbotsim.io.format.graph6.Graph6BVHelperTest" time="0.0"/>
  <testcase name="checkLongEncodeDecode(long)[41]" classname="io.jbotsim.io.format.graph6.Graph6BVHelperTest" time="0.0"/>
  <testcase name="checkLongEncodeDecode(long)[42]" classname="io.jbotsim.io.format.graph6.Graph6BVHelperTest" time="0.001"/>
  <testcase name="checkLongEncodeDecode(long)[43]" classname="io.jbotsim.io.format.graph6.Graph6BVHelperTest" time="0.0"/>
  <testcase name="checkLongEncodeDecode(long)[44]" classname="io.jbotsim.io.format.graph6.Graph6BVHelperTest" time="0.0"/>
  <testcase name="checkLongEncodeDecode(long)[45]" classname="io.jbotsim.io.format.graph6.Graph6BVHelperTest" time="0.0"/>
  <testcase name="checkLongEncodeDecode(long)[46]" classname="io.jbotsim.io.format.graph6.Graph6BVHelperTest" time="0.0"/>
  <testcase name="checkLongEncodeDecode(long)[47]" classname="io.jbotsim.io.format.graph6.Graph6BVHelperTest" time="0.0"/>
  <testcase name="checkLongEncodeDecode(long)[48]" classname="io.jbotsim.io.format.graph6.Graph6BVHelperTest" time="0.001"/>
  <testcase name="checkLongEncodeDecode(long)[49]" classname="io.jbotsim.io.format.graph6.Graph6BVHelperTest" time="0.0"/>
  <testcase name="checkLongEncodeDecode(long)[50]" classname="io.jbotsim.io.format.graph6.Graph6BVHelperTest" time="0.0"/>
  <testcase name="checkLongEncodeDecode(long)[51]" classname="io.jbotsim.io.format.graph6.Graph6BVHelperTest" time="0.0"/>
  <testcase name="checkLongEncodeDecode(long)[52]" classname="io.jbotsim.io.format.graph6.Graph6BVHelperTest" time="0.0"/>
  <testcase name="checkLongEncodeDecode(long)[53]" classname="io.jbotsim.io.format.graph6.Graph6BVHelperTest" time="0.001"/>
  <testcase name="checkLongEncodeDecode(long)[54]" classname="io.jbotsim.io.format.graph6.Graph6BVHelperTest" time="0.0"/>
  <testcase name="checkLongEncodeDecode(long)[55]" classname="io.jbotsim.io.format.graph6.Graph6BVHelperTest" time="0.0"/>
  <testcase name="checkLongEncodeDecode(long)[56]" classname="io.jbotsim.io.format.graph6.Graph6BVHelperTest" time="0.003"/>
  <testcase name="checkLongEncodeDecode(long)[57]" classname="io.jbotsim.io.format.graph6.Graph6BVHelperTest" time="0.001"/>
  <testcase name="checkLongEncodeDecode(long)[58]" classname="io.jbotsim.io.format.graph6.Graph6BVHelperTest" time="0.0"/>
  <testcase name="checkLongEncodeDecode(long)[59]" classname="io.jbotsim.io.format.graph6.Graph6BVHelperTest" time="0.0"/>
  <testcase name="checkLongEncodeDecode(long)[60]" classname="io.jbotsim.io.format.graph6.Graph6BVHelperTest" time="0.0"/>
  <testcase name="checkLongEncodeDecode(long)[61]" classname="io.jbotsim.io.format.graph6.Graph6BVHelperTest" time="0.0"/>
  <testcase name="checkLongEncodeDecode(long)[62]" classname="io.jbotsim.io.format.graph6.Graph6BVHelperTest" time="0.0"/>
  <testcase name="checkLongEncodeDecode(long)[63]" classname="io.jbotsim.io.format.graph6.Graph6BVHelperTest" time="0.0"/>
  <testcase name="checkLongEncodeDecode(long)[64]" classname="io.jbotsim.io.format.graph6.Graph6BVHelperTest" time="0.001"/>
  <testcase name="checkLongEncodeDecode(long)[65]" classname="io.jbotsim.io.format.graph6.Graph6BVHelperTest" time="0.0"/>
  <testcase name="checkLongEncodeDecode(long)[66]" classname="io.jbotsim.io.format.graph6.Graph6BVHelperTest" time="0.0"/>
  <testcase name="checkLongEncodeDecode(long)[67]" classname="io.jbotsim.io.format.graph6.Graph6BVHelperTest" time="0.001"/>
  <testcase name="checkLongEncodeDecode(long)[68]" classname="io.jbotsim.io.format.graph6.Graph6BVHelperTest" time="0.0"/>
  <testcase name="checkLongEncodeDecode(long)[69]" classname="io.jbotsim.io.format.graph6.Graph6BVHelperTest" time="0.003"/>
  <testcase name="checkLongEncodeDecode(long)[70]" classname="io.jbotsim.io.format.graph6.Graph6BVHelperTest" time="0.0"/>
  <testcase name="checkLongEncodeDecode(long)[71]" classname="io.jbotsim.io.format.graph6.Graph6BVHelperTest" time="0.0"/>
  <testcase name="checkLongEncodeDecode(long)[72]" classname="io.jbotsim.io.format.graph6.Graph6BVHelperTest" time="0.001"/>
  <testcase name="checkLongEncodeDecode(long)[73]" classname="io.jbotsim.io.format.graph6.Graph6BVHelperTest" time="0.0"/>
  <testcase name="checkLongEncodeDecode(long)[74]" classname="io.jbotsim.io.format.graph6.Graph6BVHelperTest" time="0.0"/>
  <testcase name="checkLongEncodeDecode(long)[75]" classname="io.jbotsim.io.format.graph6.Graph6BVHelperTest" time="0.0"/>
  <testcase name="checkLongEncodeDecode(long)[76]" classname="io.jbotsim.io.format.graph6.Graph6BVHelperTest" time="0.0"/>
  <testcase name="checkLongEncodeDecode(long)[77]" classname="io.jbotsim.io.format.graph6.Graph6BVHelperTest" time="0.0"/>
  <testcase name="checkLongEncodeDecode(long)[78]" classname="io.jbotsim.io.format.graph6.Graph6BVHelperTest" time="0.0"/>
  <testcase name="checkLongEncodeDecode(long)[79]" classname="io.jbotsim.io.format.graph6.Graph6BVHelperTest" time="0.001"/>
  <testcase name="checkLongEncodeDecode(long)[80]" classname="io.jbotsim.io.format.graph6.Graph6BVHelperTest" time="0.0"/>
  <testcase name="checkLongEncodeDecode(long)[81]" classname="io.jbotsim.io.format.graph6.Graph6BVHelperTest" time="0.0"/>
  <testcase name="checkLongEncodeDecode(long)[82]" classname="io.jbotsim.io.format.graph6.Graph6BVHelperTest" time="0.003"/>
  <testcase name="checkLongEncodeDecode(long)[83]" classname="io.jbotsim.io.format.graph6.Graph6BVHelperTest" time="0.0"/>
  <testcase name="checkLongEncodeDecode(long)[84]" classname="io.jbotsim.io.format.graph6.Graph6BVHelperTest" time="0.0"/>
  <testcase name="checkLongEncodeDecode(long)[85]" classname="io.jbotsim.io.format.graph6.Graph6BVHelperTest" time="0.001"/>
  <testcase name="checkLongEncodeDecode(long)[86]" classname="io.jbotsim.io.format.graph6.Graph6BVHelperTest" time="0.0"/>
  <testcase name="checkLongEncodeDecode(long)[87]" classname="io.jbotsim.io.format.graph6.Graph6BVHelperTest" time="0.001"/>
  <testcase name="checkLongEncodeDecode(long)[88]" classname="io.jbotsim.io.format.graph6.Graph6BVHelperTest" time="0.0"/>
  <testcase name="checkLongEncodeDecode(long)[89]" classname="io.jbotsim.io.format.graph6.Graph6BVHelperTest" time="0.0"/>
  <testcase name="checkLongEncodeDecode(long)[90]" classname="io.jbotsim.io.format.graph6.Graph6BVHelperTest" time="0.0"/>
  <testcase name="checkLongEncodeDecode(long)[91]" classname="io.jbotsim.io.format.graph6.Graph6BVHelperTest" time="0.0"/>
  <testcase name="checkLongEncodeDecode(long)[92]" classname="io.jbotsim.io.format.graph6.Graph6BVHelperTest" time="0.001"/>
  <testcase name="checkLongEncodeDecode(long)[93]" classname="io.jbotsim.io.format.graph6.Graph6BVHelperTest" time="0.0"/>
  <testcase name="checkLongEncodeDecode(long)[94]" classname="io.jbotsim.io.format.graph6.Graph6BVHelperTest" time="0.0"/>
  <testcase name="checkLongEncodeDecode(long)[95]" classname="io.jbotsim.io.format.graph6.Graph6BVHelperTest" time="0.0"/>
  <testcase name="checkLongEncodeDecode(long)[96]" classname="io.jbotsim.io.format.graph6.Graph6BVHelperTest" time="0.0"/>
  <testcase name="checkLongEncodeDecode(long)[97]" classname="io.jbotsim.io.format.graph6.Graph6BVHelperTest" time="0.0"/>
  <testcase name="checkLongEncodeDecode(long)[98]" classname="io.jbotsim.io.format.graph6.Graph6BVHelperTest" time="0.0"/>
  <testcase name="checkLongEncodeDecode(long)[99]" classname="io.jbotsim.io.format.graph6.Graph6BVHelperTest" time="0.0"/>
  <testcase name="checkLongEncodeDecode(long)[100]" classname="io.jbotsim.io.format.graph6.Graph6BVHelperTest" time="0.001"/>
  <testcase name="checkLongEncodeDecode(long, byte[])[1]" classname="io.jbotsim.io.format.graph6.Graph6BVHelperTest" time="0.0"/>
  <testcase name="checkLongEncodeDecode(long, byte[])[2]" classname="io.jbotsim.io.format.graph6.Graph6BVHelperTest" time="0.0"/>
  <testcase name="checkLongEncodeDecode(long, byte[])[3]" classname="io.jbotsim.io.format.graph6.Graph6BVHelperTest" time="0.001"/>
  <testcase name="checkLongEncodeDecode(long, byte[])[4]" classname="io.jbotsim.io.format.graph6.Graph6BVHelperTest" time="0.004"/>
  <testcase name="checkBitVectorFromPaddedString(String, byte[], byte[])[1]" classname="io.jbotsim.io.format.graph6.Graph6BVHelperTest" time="0.0"/>
  <testcase name="checkBitVectorFromPaddedString(String, byte[], byte[])[2]" classname="io.jbotsim.io.format.graph6.Graph6BVHelperTest" time="0.001"/>
  <testcase name="checkBitVectorFromPaddedString(String, byte[], byte[])[3]" classname="io.jbotsim.io.format.graph6.Graph6BVHelperTest" time="0.0"/>
  <testcase name="checkBitVectorFromString(String, byte[], byte[])[1]" classname="io.jbotsim.io.format.graph6.Graph6BVHelperTest" time="0.001"/>
  <testcase name="checkBitVectorFromString(String, byte[], byte[])[2]" classname="io.jbotsim.io.format.graph6.Graph6BVHelperTest" time="0.001"/>
  <testcase name="checkBitVectorFromString(String, byte[], byte[])[3]" classname="io.jbotsim.io.format.graph6.Graph6BVHelperTest" time="0.0"/>
  <testcase name="checkREncoding(String, byte[], byte[])[1]" classname="io.jbotsim.io.format.graph6.Graph6BVHelperTest" time="0.003"/>
  <testcase name="checkREncoding(String, byte[], byte[])[2]" classname="io.jbotsim.io.format.graph6.Graph6BVHelperTest" time="0.0"/>
  <testcase name="checkREncoding(String, byte[], byte[])[3]" classname="io.jbotsim.io.format.graph6.Graph6BVHelperTest" time="0.001"/>
  <testcase name="checkREncodingPaddedStrings(String, byte[], byte[])[1]" classname="io.jbotsim.io.format.graph6.Graph6BVHelperTest" time="0.0"/>
  <testcase name="checkREncodingPaddedStrings(String, byte[], byte[])[2]" classname="io.jbotsim.io.format.graph6.Graph6BVHelperTest" time="0.0"/>
  <testcase name="checkREncodingPaddedStrings(String, byte[], byte[])[3]" classname="io.jbotsim.io.format.graph6.Graph6BVHelperTest" time="0.0"/>
  <testcase name="checkLongEncoding(long, byte[])[1]" classname="io.jbotsim.io.format.graph6.Graph6BVHelperTest" time="0.0"/>
  <testcase name="checkLongEncoding(long, byte[])[2]" classname="io.jbotsim.io.format.graph6.Graph6BVHelperTest" time="0.002"/>
  <testcase name="checkLongEncoding(long, byte[])[3]" classname="io.jbotsim.io.format.graph6.Graph6BVHelperTest" time="0.0"/>
  <testcase name="checkLongEncoding(long, byte[])[4]" classname="io.jbotsim.io.format.graph6.Graph6BVHelperTest" time="0.0"/>
  <testcase name="checkRandomBitSequencesREncodingDecoding(String)[1]" classname="io.jbotsim.io.format.graph6.Graph6BVHelperTest" time="0.0"/>
  <testcase name="checkRandomBitSequencesREncodingDecoding(String)[2]" classname="io.jbotsim.io.format.graph6.Graph6BVHelperTest" time="0.001"/>
  <testcase name="checkRandomBitSequencesREncodingDecoding(String)[3]" classname="io.jbotsim.io.format.graph6.Graph6BVHelperTest" time="0.0"/>
  <testcase name="checkRandomBitSequencesREncodingDecoding(String)[4]" classname="io.jbotsim.io.format.graph6.Graph6BVHelperTest" time="0.0"/>
  <testcase name="checkRandomBitSequencesREncodingDecoding(String)[5]" classname="io.jbotsim.io.format.graph6.Graph6BVHelperTest" time="0.0"/>
  <testcase name="checkRandomBitSequencesREncodingDecoding(String)[6]" classname="io.jbotsim.io.format.graph6.Graph6BVHelperTest" time="0.0"/>
  <testcase name="checkRandomBitSequencesREncodingDecoding(String)[7]" classname="io.jbotsim.io.format.graph6.Graph6BVHelperTest" time="0.0"/>
  <testcase name="checkRandomBitSequencesREncodingDecoding(String)[8]" classname="io.jbotsim.io.format.graph6.Graph6BVHelperTest" time="0.001"/>
  <testcase name="checkRandomBitSequencesREncodingDecoding(String)[9]" classname="io.jbotsim.io.format.graph6.Graph6BVHelperTest" time="0.0"/>
  <testcase name="checkRandomBitSequencesREncodingDecoding(String)[10]" classname="io.jbotsim.io.format.graph6.Graph6BVHelperTest" time="0.003"/>
  <testcase name="checkRandomBitSequencesREncodingDecoding(String)[11]" classname="io.jbotsim.io.format.graph6.Graph6BVHelperTest" time="0.0"/>
  <testcase name="checkRandomBitSequencesREncodingDecoding(String)[12]" classname="io.jbotsim.io.format.graph6.Graph6BVHelperTest" time="0.0"/>
  <testcase name="checkRandomBitSequencesREncodingDecoding(String)[13]" classname="io.jbotsim.io.format.graph6.Graph6BVHelperTest" time="0.001"/>
  <testcase name="checkRandomBitSequencesREncodingDecoding(String)[14]" classname="io.jbotsim.io.format.graph6.Graph6BVHelperTest" time="0.0"/>
  <testcase name="checkRandomBitSequencesREncodingDecoding(String)[15]" classname="io.jbotsim.io.format.graph6.Graph6BVHelperTest" time="0.001"/>
  <testcase name="checkRandomBitSequencesREncodingDecoding(String)[16]" classname="io.jbotsim.io.format.graph6.Graph6BVHelperTest" time="0.001"/>
  <testcase name="checkRandomBitSequencesREncodingDecoding(String)[17]" classname="io.jbotsim.io.format.graph6.Graph6BVHelperTest" time="0.0"/>
  <testcase name="checkRandomBitSequencesREncodingDecoding(String)[18]" classname="io.jbotsim.io.format.graph6.Graph6BVHelperTest" time="0.001"/>
  <testcase name="checkRandomBitSequencesREncodingDecoding(String)[19]" classname="io.jbotsim.io.format.graph6.Graph6BVHelperTest" time="0.0"/>
  <testcase name="checkRandomBitSequencesREncodingDecoding(String)[20]" classname="io.jbotsim.io.format.graph6.Graph6BVHelperTest" time="0.0"/>
  <testcase name="checkRandomBitSequencesREncodingDecoding(String)[21]" classname="io.jbotsim.io.format.graph6.Graph6BVHelperTest" time="0.001"/>
  <testcase name="checkRandomBitSequencesREncodingDecoding(String)[22]" classname="io.jbotsim.io.format.graph6.Graph6BVHelperTest" time="0.0"/>
  <testcase name="checkRandomBitSequencesREncodingDecoding(String)[23]" classname="io.jbotsim.io.format.graph6.Graph6BVHelperTest" time="0.001"/>
  <testcase name="checkRandomBitSequencesREncodingDecoding(String)[24]" classname="io.jbotsim.io.format.graph6.Graph6BVHelperTest" time="0.0"/>
  <testcase name="checkRandomBitSequencesREncodingDecoding(String)[25]" classname="io.jbotsim.io.format.graph6.Graph6BVHelperTest" time="0.0"/>
  <testcase name="checkRandomBitSequencesREncodingDecoding(String)[26]" classname="io.jbotsim.io.format.graph6.Graph6BVHelperTest" time="0.0"/>
  <testcase name="checkRandomBitSequencesREncodingDecoding(String)[27]" classname="io.jbotsim.io.format.graph6.Graph6BVHelperTest" time="0.0"/>
  <testcase name="checkRandomBitSequencesREncodingDecoding(String)[28]" classname="io.jbotsim.io.format.graph6.Graph6BVHelperTest" time="0.001"/>
  <testcase name="checkRandomBitSequencesREncodingDecoding(String)[29]" classname="io.jbotsim.io.format.graph6.Graph6BVHelperTest" time="0.0"/>
  <testcase name="checkRandomBitSequencesREncodingDecoding(String)[30]" classname="io.jbotsim.io.format.graph6.Graph6BVHelperTest" time="0.0"/>
  <testcase name="checkRandomBitSequencesREncodingDecoding(String)[31]" classname="io.jbotsim.io.format.graph6.Graph6BVHelperTest" time="0.0"/>
  <testcase name="checkRandomBitSequencesREncodingDecoding(String)[32]" classname="io.jbotsim.io.format.graph6.Graph6BVHelperTest" time="0.0"/>
  <testcase name="checkRandomBitSequencesREncodingDecoding(String)[33]" classname="io.jbotsim.io.format.graph6.Graph6BVHelperTest" time="0.001"/>
  <testcase name="checkRandomBitSequencesREncodingDecoding(String)[34]" classname="io.jbotsim.io.format.graph6.Graph6BVHelperTest" time="0.004"/>
  <testcase name="checkRandomBitSequencesREncodingDecoding(String)[35]" classname="io.jbotsim.io.format.graph6.Graph6BVHelperTest" time="0.0"/>
  <testcase name="checkRandomBitSequencesREncodingDecoding(String)[36]" classname="io.jbotsim.io.format.graph6.Graph6BVHelperTest" time="0.0"/>
  <testcase name="checkRandomBitSequencesREncodingDecoding(String)[37]" classname="io.jbotsim.io.format.graph6.Graph6BVHelperTest" time="0.0"/>
  <testcase name="checkRandomBitSequencesREncodingDecoding(String)[38]" classname="io.jbotsim.io.format.graph6.Graph6BVHelperTest" time="0.0"/>
  <testcase name="checkRandomBitSequencesREncodingDecoding(String)[39]" classname="io.jbotsim.io.format.graph6.Graph6BVHelperTest" time="0.0"/>
  <testcase name="checkRandomBitSequencesREncodingDecoding(String)[40]" classname="io.jbotsim.io.format.graph6.Graph6BVHelperTest" time="0.0"/>
  <testcase name="checkRandomBitSequencesREncodingDecoding(String)[41]" classname="io.jbotsim.io.format.graph6.Graph6BVHelperTest" time="0.0"/>
  <testcase name="checkRandomBitSequencesREncodingDecoding(String)[42]" classname="io.jbotsim.io.format.graph6.Graph6BVHelperTest" time="0.0"/>
  <testcase name="checkRandomBitSequencesREncodingDecoding(String)[43]" classname="io.jbotsim.io.format.graph6.Graph6BVHelperTest" time="0.0"/>
  <testcase name="checkRandomBitSequencesREncodingDecoding(String)[44]" classname="io.jbotsim.io.format.graph6.Graph6BVHelperTest" time="0.0"/>
  <testcase name="checkRandomBitSequencesREncodingDecoding(String)[45]" classname="io.jbotsim.io.format.graph6.Graph6BVHelperTest" time="0.0"/>
  <testcase name="checkRandomBitSequencesREncodingDecoding(String)[46]" classname="io.jbotsim.io.format.graph6.Graph6BVHelperTest" time="0.0"/>
  <testcase name="checkRandomBitSequencesREncodingDecoding(String)[47]" classname="io.jbotsim.io.format.graph6.Graph6BVHelperTest" time="0.0"/>
  <testcase name="checkRandomBitSequencesREncodingDecoding(String)[48]" classname="io.jbotsim.io.format.graph6.Graph6BVHelperTest" time="0.004"/>
  <testcase name="checkRandomBitSequencesREncodingDecoding(String)[49]" classname="io.jbotsim.io.format.graph6.Graph6BVHelperTest" time="0.0"/>
  <testcase name="checkRandomBitSequencesREncodingDecoding(String)[50]" classname="io.jbotsim.io.format.graph6.Graph6BVHelperTest" time="0.0"/>
  <testcase name="checkRandomBitSequencesREncodingDecoding(String)[51]" classname="io.jbotsim.io.format.graph6.Graph6BVHelperTest" time="0.0"/>
  <testcase name="checkRandomBitSequencesREncodingDecoding(String)[52]" classname="io.jbotsim.io.format.graph6.Graph6BVHelperTest" time="0.0"/>
  <testcase name="checkRandomBitSequencesREncodingDecoding(String)[53]" classname="io.jbotsim.io.format.graph6.Graph6BVHelperTest" time="0.0"/>
  <testcase name="checkRandomBitSequencesREncodingDecoding(String)[54]" classname="io.jbotsim.io.format.graph6.Graph6BVHelperTest" time="0.0"/>
  <testcase name="checkRandomBitSequencesREncodingDecoding(String)[55]" classname="io.jbotsim.io.format.graph6.Graph6BVHelperTest" time="0.001"/>
  <testcase name="checkRandomBitSequencesREncodingDecoding(String)[56]" classname="io.jbotsim.io.format.graph6.Graph6BVHelperTest" time="0.0"/>
  <testcase name="checkRandomBitSequencesREncodingDecoding(String)[57]" classname="io.jbotsim.io.format.graph6.Graph6BVHelperTest" time="0.0"/>
  <testcase name="checkRandomBitSequencesREncodingDecoding(String)[58]" classname="io.jbotsim.io.format.graph6.Graph6BVHelperTest" time="0.0"/>
  <testcase name="checkRandomBitSequencesREncodingDecoding(String)[59]" classname="io.jbotsim.io.format.graph6.Graph6BVHelperTest" time="0.0"/>
  <testcase name="checkRandomBitSequencesREncodingDecoding(String)[60]" classname="io.jbotsim.io.format.graph6.Graph6BVHelperTest" time="0.004"/>
  <testcase name="checkRandomBitSequencesREncodingDecoding(String)[61]" classname="io.jbotsim.io.format.graph6.Graph6BVHelperTest" time="0.0"/>
  <testcase name="checkRandomBitSequencesREncodingDecoding(String)[62]" classname="io.jbotsim.io.format.graph6.Graph6BVHelperTest" time="0.0"/>
  <testcase name="checkRandomBitSequencesREncodingDecoding(String)[63]" classname="io.jbotsim.io.format.graph6.Graph6BVHelperTest" time="0.0"/>
  <testcase name="checkRandomBitSequencesREncodingDecoding(String)[64]" classname="io.jbotsim.io.format.graph6.Graph6BVHelperTest" time="0.0"/>
  <testcase name="checkRandomBitSequencesREncodingDecoding(String)[65]" classname="io.jbotsim.io.format.graph6.Graph6BVHelperTest" time="0.0"/>
  <testcase name="checkRandomBitSequencesREncodingDecoding(String)[66]" classname="io.jbotsim.io.format.graph6.Graph6BVHelperTest" time="0.0"/>
  <testcase name="checkRandomBitSequencesREncodingDecoding(String)[67]" classname="io.jbotsim.io.format.graph6.Graph6BVHelperTest" time="0.001"/>
  <testcase name="checkRandomBitSequencesREncodingDecoding(String)[68]" classname="io.jbotsim.io.format.graph6.Graph6BVHelperTest" time="0.0"/>
  <testcase name="checkRandomBitSequencesREncodingDecoding(String)[69]" classname="io.jbotsim.io.format.graph6.Graph6BVHelperTest" time="0.001"/>
  <testcase name="checkRandomBitSequencesREncodingDecoding(String)[70]" classname="io.jbotsim.io.format.graph6.Graph6BVHelperTest" time="0.0"/>
  <testcase name="checkRandomBitSequencesREncodingDecoding(String)[71]" classname="io.jbotsim.io.format.graph6.Graph6BVHelperTest" time="0.0"/>
  <testcase name="checkRandomBitSequencesREncodingDecoding(String)[72]" classname="io.jbotsim.io.format.graph6.Graph6BVHelperTest" time="0.003"/>
  <testcase name="checkRandomBitSequencesREncodingDecoding(String)[73]" classname="io.jbotsim.io.format.graph6.Graph6BVHelperTest" time="0.0"/>
  <testcase name="checkRandomBitSequencesREncodingDecoding(String)[74]" classname="io.jbotsim.io.format.graph6.Graph6BVHelperTest" time="0.0"/>
  <testcase name="checkRandomBitSequencesREncodingDecoding(String)[75]" classname="io.jbotsim.io.format.graph6.Graph6BVHelperTest" time="0.0"/>
  <testcase name="checkRandomBitSequencesREncodingDecoding(String)[76]" classname="io.jbotsim.io.format.graph6.Graph6BVHelperTest" time="0.0"/>
  <testcase name="checkRandomBitSequencesREncodingDecoding(String)[77]" classname="io.jbotsim.io.format.graph6.Graph6BVHelperTest" time="0.0"/>
  <testcase name="checkRandomBitSequencesREncodingDecoding(String)[78]" classname="io.jbotsim.io.format.graph6.Graph6BVHelperTest" time="0.0"/>
  <testcase name="checkRandomBitSequencesREncodingDecoding(String)[79]" classname="io.jbotsim.io.format.graph6.Graph6BVHelperTest" time="0.0"/>
  <testcase name="checkRandomBitSequencesREncodingDecoding(String)[80]" classname="io.jbotsim.io.format.graph6.Graph6BVHelperTest" time="0.001"/>
  <testcase name="checkRandomBitSequencesREncodingDecoding(String)[81]" classname="io.jbotsim.io.format.graph6.Graph6BVHelperTest" time="0.0"/>
  <testcase name="checkRandomBitSequencesREncodingDecoding(String)[82]" classname="io.jbotsim.io.format.graph6.Graph6BVHelperTest" time="0.0"/>
  <testcase name="checkRandomBitSequencesREncodingDecoding(String)[83]" classname="io.jbotsim.io.format.graph6.Graph6BVHelperTest" time="0.0"/>
  <testcase name="checkRandomBitSequencesREncodingDecoding(String)[84]" classname="io.jbotsim.io.format.graph6.Graph6BVHelperTest" time="0.0"/>
  <testcase name="checkRandomBitSequencesREncodingDecoding(String)[85]" classname="io.jbotsim.io.format.graph6.Graph6BVHelperTest" time="0.0"/>
  <testcase name="checkRandomBitSequencesREncodingDecoding(String)[86]" classname="io.jbotsim.io.format.graph6.Graph6BVHelperTest" time="0.003"/>
  <testcase name="checkRandomBitSequencesREncodingDecoding(String)[87]" classname="io.jbotsim.io.format.graph6.Graph6BVHelperTest" time="0.0"/>
  <testcase name="checkRandomBitSequencesREncodingDecoding(String)[88]" classname="io.jbotsim.io.format.graph6.Graph6BVHelperTest" time="0.0"/>
  <testcase name="checkRandomBitSequencesREncodingDecoding(String)[89]" classname="io.jbotsim.io.format.graph6.Graph6BVHelperTest" time="0.0"/>
  <testcase name="checkRandomBitSequencesREncodingDecoding(String)[90]" classname="io.jbotsim.io.format.graph6.Graph6BVHelperTest" time="0.0"/>
  <testcase name="checkRandomBitSequencesREncodingDecoding(String)[91]" classname="io.jbotsim.io.format.graph6.Graph6BVHelperTest" time="0.0"/>
  <testcase name="checkRandomBitSequencesREncodingDecoding(String)[92]" classname="io.jbotsim.io.format.graph6.Graph6BVHelperTest" time="0.0"/>
  <testcase name="checkRandomBitSequencesREncodingDecoding(String)[93]" classname="io.jbotsim.io.format.graph6.Graph6BVHelperTest" time="0.0"/>
  <testcase name="checkRandomBitSequencesREncodingDecoding(String)[94]" classname="io.jbotsim.io.format.graph6.Graph6BVHelperTest" time="0.0"/>
  <testcase name="checkRandomBitSequencesREncodingDecoding(String)[95]" classname="io.jbotsim.io.format.graph6.Graph6BVHelperTest" time="0.0"/>
  <testcase name="checkRandomBitSequencesREncodingDecoding(String)[96]" classname="io.jbotsim.io.format.graph6.Graph6BVHelperTest" time="0.0"/>
  <testcase name="checkRandomBitSequencesREncodingDecoding(String)[97]" classname="io.jbotsim.io.format.graph6.Graph6BVHelperTest" time="0.0"/>
  <testcase name="checkRandomBitSequencesREncodingDecoding(String)[98]" classname="io.jbotsim.io.format.graph6.Graph6BVHelperTest" time="0.003"/>
  <testcase name="checkRandomBitSequencesREncodingDecoding(String)[99]" classname="io.jbotsim.io.format.graph6.Graph6BVHelperTest" time="0.0"/>
  <testcase name="checkRandomBitSequencesREncodingDecoding(String)[100]" classname="io.jbotsim.io.format.graph6.Graph6BVHelperTest" time="0.001"/>
  <system-out><![CDATA[]]></system-out>
  <system-err><![CDATA[]]></system-err>
</testsuite>
<?xml version="1.0" encoding="UTF-8"?>
<testsuite name="io.jbotsim.io.format.graph6.Graph6CodecTest" tests="416" skipped="0" failures="0" errors="0" timestamp="2020-06-16T15:10:38" hostname="runner-72989761-project-19412425-concurrent-0" time="0.671">
  <properties/>
  <testcase name="encodeDecodeSimpleGraphs(int, boolean, Orientation)[1]" classname="io.jbotsim.io.format.graph6.Graph6CodecTest" time="0.002"/>
  <testcase name="encodeDecodeSimpleGraphs(int, boolean, Orientation)[2]" classname="io.jbotsim.io.format.graph6.Graph6CodecTest" time="0.0"/>
  <testcase name="encodeDecodeSimpleGraphs(int, boolean, Orientation)[3]" classname="io.jbotsim.io.format.graph6.Graph6CodecTest" time="0.0"/>
  <testcase name="encodeDecodeSimpleGraphs(int, boolean, Orientation)[4]" classname="io.jbotsim.io.format.graph6.Graph6CodecTest" time="0.003"/>
  <testcase name="encodeDecodeSimpleGraphs(int, boolean, Orientation)[5]" classname="io.jbotsim.io.format.graph6.Graph6CodecTest" time="0.001"/>
  <testcase name="encodeDecodeSimpleGraphs(int, boolean, Orientation)[6]" classname="io.jbotsim.io.format.graph6.Graph6CodecTest" time="0.001"/>
  <testcase name="encodeDecodeSimpleGraphs(int, boolean, Orientation)[7]" classname="io.jbotsim.io.format.graph6.Graph6CodecTest" time="0.0"/>
  <testcase name="encodeDecodeSimpleGraphs(int, boolean, Orientation)[8]" classname="io.jbotsim.io.format.graph6.Graph6CodecTest" time="0.0"/>
  <testcase name="encodeDecodeSimpleGraphs(int, boolean, Orientation)[9]" classname="io.jbotsim.io.format.graph6.Graph6CodecTest" time="0.001"/>
  <testcase name="encodeDecodeSimpleGraphs(int, boolean, Orientation)[10]" classname="io.jbotsim.io.format.graph6.Graph6CodecTest" time="0.001"/>
  <testcase name="encodeDecodeSimpleGraphs(int, boolean, Orientation)[11]" classname="io.jbotsim.io.format.graph6.Graph6CodecTest" time="0.0"/>
  <testcase name="encodeDecodeSimpleGraphs(int, boolean, Orientation)[12]" classname="io.jbotsim.io.format.graph6.Graph6CodecTest" time="0.0"/>
  <testcase name="encodeDecodeSimpleGraphs(int, boolean, Orientation)[13]" classname="io.jbotsim.io.format.graph6.Graph6CodecTest" time="0.001"/>
  <testcase name="encodeDecodeSimpleGraphs(int, boolean, Orientation)[14]" classname="io.jbotsim.io.format.graph6.Graph6CodecTest" time="0.0"/>
  <testcase name="encodeDecodeSimpleGraphs(int, boolean, Orientation)[15]" classname="io.jbotsim.io.format.graph6.Graph6CodecTest" time="0.0"/>
  <testcase name="encodeDecodeSimpleGraphs(int, boolean, Orientation)[16]" classname="io.jbotsim.io.format.graph6.Graph6CodecTest" time="0.001"/>
  <testcase name="encodeDecodeLineGraph(int, boolean, Orientation)[1]" classname="io.jbotsim.io.format.graph6.Graph6CodecTest" time="0.001"/>
  <testcase name="encodeDecodeLineGraph(int, boolean, Orientation)[2]" classname="io.jbotsim.io.format.graph6.Graph6CodecTest" time="0.0"/>
  <testcase name="encodeDecodeLineGraph(int, boolean, Orientation)[3]" classname="io.jbotsim.io.format.graph6.Graph6CodecTest" time="0.001"/>
  <testcase name="encodeDecodeLineGraph(int, boolean, Orientation)[4]" classname="io.jbotsim.io.format.graph6.Graph6CodecTest" time="0.0"/>
  <testcase name="encodeDecodeLineGraph(int, boolean, Orientation)[5]" classname="io.jbotsim.io.format.graph6.Graph6CodecTest" time="0.0"/>
  <testcase name="encodeDecodeLineGraph(int, boolean, Orientation)[6]" classname="io.jbotsim.io.format.graph6.Graph6CodecTest" time="0.0"/>
  <testcase name="encodeDecodeLineGraph(int, boolean, Orientation)[7]" classname="io.jbotsim.io.format.graph6.Graph6CodecTest" time="0.003"/>
  <testcase name="encodeDecodeLineGraph(int, boolean, Orientation)[8]" classname="io.jbotsim.io.format.graph6.Graph6CodecTest" time="0.0"/>
  <testcase name="encodeDecodeLineGraph(int, boolean, Orientation)[9]" classname="io.jbotsim.io.format.graph6.Graph6CodecTest" time="0.001"/>
  <testcase name="encodeDecodeLineGraph(int, boolean, Orientation)[10]" classname="io.jbotsim.io.format.graph6.Graph6CodecTest" time="0.0"/>
  <testcase name="encodeDecodeLineGraph(int, boolean, Orientation)[11]" classname="io.jbotsim.io.format.graph6.Graph6CodecTest" time="0.0"/>
  <testcase name="encodeDecodeLineGraph(int, boolean, Orientation)[12]" classname="io.jbotsim.io.format.graph6.Graph6CodecTest" time="0.0"/>
  <testcase name="encodeDecodeLineGraph(int, boolean, Orientation)[13]" classname="io.jbotsim.io.format.graph6.Graph6CodecTest" time="0.0"/>
  <testcase name="encodeDecodeLineGraph(int, boolean, Orientation)[14]" classname="io.jbotsim.io.format.graph6.Graph6CodecTest" time="0.005"/>
  <testcase name="encodeDecodeLineGraph(int, boolean, Orientation)[15]" classname="io.jbotsim.io.format.graph6.Graph6CodecTest" time="0.0"/>
  <testcase name="encodeDecodeLineGraph(int, boolean, Orientation)[16]" classname="io.jbotsim.io.format.graph6.Graph6CodecTest" time="0.001"/>
  <testcase name="encodeDecodeLineGraph(int, boolean, Orientation)[17]" classname="io.jbotsim.io.format.graph6.Graph6CodecTest" time="0.0"/>
  <testcase name="encodeDecodeLineGraph(int, boolean, Orientation)[18]" classname="io.jbotsim.io.format.graph6.Graph6CodecTest" time="0.0"/>
  <testcase name="encodeDecodeLineGraph(int, boolean, Orientation)[19]" classname="io.jbotsim.io.format.graph6.Graph6CodecTest" time="0.0"/>
  <testcase name="encodeDecodeLineGraph(int, boolean, Orientation)[20]" classname="io.jbotsim.io.format.graph6.Graph6CodecTest" time="0.0"/>
  <testcase name="encodeDecodeLineGraph(int, boolean, Orientation)[21]" classname="io.jbotsim.io.format.graph6.Graph6CodecTest" time="0.001"/>
  <testcase name="encodeDecodeLineGraph(int, boolean, Orientation)[22]" classname="io.jbotsim.io.format.graph6.Graph6CodecTest" time="0.0"/>
  <testcase name="encodeDecodeLineGraph(int, boolean, Orientation)[23]" classname="io.jbotsim.io.format.graph6.Graph6CodecTest" time="0.0"/>
  <testcase name="encodeDecodeLineGraph(int, boolean, Orientation)[24]" classname="io.jbotsim.io.format.graph6.Graph6CodecTest" time="0.001"/>
  <testcase name="encodeDecodeLineGraph(int, boolean, Orientation)[25]" classname="io.jbotsim.io.format.graph6.Graph6CodecTest" time="0.0"/>
  <testcase name="encodeDecodeLineGraph(int, boolean, Orientation)[26]" classname="io.jbotsim.io.format.graph6.Graph6CodecTest" time="0.0"/>
  <testcase name="encodeDecodeLineGraph(int, boolean, Orientation)[27]" classname="io.jbotsim.io.format.graph6.Graph6CodecTest" time="0.0"/>
  <testcase name="encodeDecodeLineGraph(int, boolean, Orientation)[28]" classname="io.jbotsim.io.format.graph6.Graph6CodecTest" time="0.001"/>
  <testcase name="encodeDecodeLineGraph(int, boolean, Orientation)[29]" classname="io.jbotsim.io.format.graph6.Graph6CodecTest" time="0.001"/>
  <testcase name="encodeDecodeLineGraph(int, boolean, Orientation)[30]" classname="io.jbotsim.io.format.graph6.Graph6CodecTest" time="0.001"/>
  <testcase name="encodeDecodeLineGraph(int, boolean, Orientation)[31]" classname="io.jbotsim.io.format.graph6.Graph6CodecTest" time="0.0"/>
  <testcase name="encodeDecodeLineGraph(int, boolean, Orientation)[32]" classname="io.jbotsim.io.format.graph6.Graph6CodecTest" time="0.001"/>
  <testcase name="encodeDecodeLineGraph(int, boolean, Orientation)[33]" classname="io.jbotsim.io.format.graph6.Graph6CodecTest" time="0.001"/>
  <testcase name="encodeDecodeLineGraph(int, boolean, Orientation)[34]" classname="io.jbotsim.io.format.graph6.Graph6CodecTest" time="0.0"/>
  <testcase name="encodeDecodeLineGraph(int, boolean, Orientation)[35]" classname="io.jbotsim.io.format.graph6.Graph6CodecTest" time="0.004"/>
  <testcase name="encodeDecodeLineGraph(int, boolean, Orientation)[36]" classname="io.jbotsim.io.format.graph6.Graph6CodecTest" time="0.001"/>
  <testcase name="encodeDecodeLineGraph(int, boolean, Orientation)[37]" classname="io.jbotsim.io.format.graph6.Graph6CodecTest" time="0.0"/>
  <testcase name="encodeDecodeLineGraph(int, boolean, Orientation)[38]" classname="io.jbotsim.io.format.graph6.Graph6CodecTest" time="0.0"/>
  <testcase name="encodeDecodeLineGraph(int, boolean, Orientation)[39]" classname="io.jbotsim.io.format.graph6.Graph6CodecTest" time="0.0"/>
  <testcase name="encodeDecodeLineGraph(int, boolean, Orientation)[40]" classname="io.jbotsim.io.format.graph6.Graph6CodecTest" time="0.0"/>
  <testcase name="encodeDecodeLineGraph(int, boolean, Orientation)[41]" classname="io.jbotsim.io.format.graph6.Graph6CodecTest" time="0.0"/>
  <testcase name="encodeDecodeLineGraph(int, boolean, Orientation)[42]" classname="io.jbotsim.io.format.graph6.Graph6CodecTest" time="0.0"/>
  <testcase name="encodeDecodeLineGraph(int, boolean, Orientation)[43]" classname="io.jbotsim.io.format.graph6.Graph6CodecTest" time="0.0"/>
  <testcase name="encodeDecodeLineGraph(int, boolean, Orientation)[44]" classname="io.jbotsim.io.format.graph6.Graph6CodecTest" time="0.002"/>
  <testcase name="encodeDecodeLineGraph(int, boolean, Orientation)[45]" classname="io.jbotsim.io.format.graph6.Graph6CodecTest" time="0.002"/>
  <testcase name="encodeDecodeLineGraph(int, boolean, Orientation)[46]" classname="io.jbotsim.io.format.graph6.Graph6CodecTest" time="0.0"/>
  <testcase name="encodeDecodeLineGraph(int, boolean, Orientation)[47]" classname="io.jbotsim.io.format.graph6.Graph6CodecTest" time="0.002"/>
  <testcase name="encodeDecodeLineGraph(int, boolean, Orientation)[48]" classname="io.jbotsim.io.format.graph6.Graph6CodecTest" time="0.0"/>
  <testcase name="encodeDecodeLineGraph(int, boolean, Orientation)[49]" classname="io.jbotsim.io.format.graph6.Graph6CodecTest" time="0.0"/>
  <testcase name="encodeDecodeLineGraph(int, boolean, Orientation)[50]" classname="io.jbotsim.io.format.graph6.Graph6CodecTest" time="0.0"/>
  <testcase name="encodeDecodeLineGraph(int, boolean, Orientation)[51]" classname="io.jbotsim.io.format.graph6.Graph6CodecTest" time="0.001"/>
  <testcase name="encodeDecodeLineGraph(int, boolean, Orientation)[52]" classname="io.jbotsim.io.format.graph6.Graph6CodecTest" time="0.0"/>
  <testcase name="encodeDecodeLineGraph(int, boolean, Orientation)[53]" classname="io.jbotsim.io.format.graph6.Graph6CodecTest" time="0.0"/>
  <testcase name="encodeDecodeLineGraph(int, boolean, Orientation)[54]" classname="io.jbotsim.io.format.graph6.Graph6CodecTest" time="0.001"/>
  <testcase name="encodeDecodeLineGraph(int, boolean, Orientation)[55]" classname="io.jbotsim.io.format.graph6.Graph6CodecTest" time="0.0"/>
  <testcase name="encodeDecodeLineGraph(int, boolean, Orientation)[56]" classname="io.jbotsim.io.format.graph6.Graph6CodecTest" time="0.0"/>
  <testcase name="encodeDecodeLineGraph(int, boolean, Orientation)[57]" classname="io.jbotsim.io.format.graph6.Graph6CodecTest" time="0.001"/>
  <testcase name="encodeDecodeLineGraph(int, boolean, Orientation)[58]" classname="io.jbotsim.io.format.graph6.Graph6CodecTest" time="0.0"/>
  <testcase name="encodeDecodeLineGraph(int, boolean, Orientation)[59]" classname="io.jbotsim.io.format.graph6.Graph6CodecTest" time="0.0"/>
  <testcase name="encodeDecodeLineGraph(int, boolean, Orientation)[60]" classname="io.jbotsim.io.format.graph6.Graph6CodecTest" time="0.0"/>
  <testcase name="encodeDecodeLineGraph(int, boolean, Orientation)[61]" classname="io.jbotsim.io.format.graph6.Graph6CodecTest" time="0.004"/>
  <testcase name="encodeDecodeLineGraph(int, boolean, Orientation)[62]" classname="io.jbotsim.io.format.graph6.Graph6CodecTest" time="0.0"/>
  <testcase name="encodeDecodeLineGraph(int, boolean, Orientation)[63]" classname="io.jbotsim.io.format.graph6.Graph6CodecTest" time="0.0"/>
  <testcase name="encodeDecodeLineGraph(int, boolean, Orientation)[64]" classname="io.jbotsim.io.format.graph6.Graph6CodecTest" time="0.001"/>
  <testcase name="encodeDecodeLineGraph(int, boolean, Orientation)[65]" classname="io.jbotsim.io.format.graph6.Graph6CodecTest" time="0.0"/>
  <testcase name="encodeDecodeLineGraph(int, boolean, Orientation)[66]" classname="io.jbotsim.io.format.graph6.Graph6CodecTest" time="0.0"/>
  <testcase name="encodeDecodeLineGraph(int, boolean, Orientation)[67]" classname="io.jbotsim.io.format.graph6.Graph6CodecTest" time="0.0"/>
  <testcase name="encodeDecodeLineGraph(int, boolean, Orientation)[68]" classname="io.jbotsim.io.format.graph6.Graph6CodecTest" time="0.0"/>
  <testcase name="encodeDecodeLineGraph(int, boolean, Orientation)[69]" classname="io.jbotsim.io.format.graph6.Graph6CodecTest" time="0.0"/>
  <testcase name="encodeDecodeLineGraph(int, boolean, Orientation)[70]" classname="io.jbotsim.io.format.graph6.Graph6CodecTest" time="0.001"/>
  <testcase name="encodeDecodeLineGraph(int, boolean, Orientation)[71]" classname="io.jbotsim.io.format.graph6.Graph6CodecTest" time="0.0"/>
  <testcase name="encodeDecodeLineGraph(int, boolean, Orientation)[72]" classname="io.jbotsim.io.format.graph6.Graph6CodecTest" time="0.0"/>
  <testcase name="encodeDecodeLineGraph(int, boolean, Orientation)[73]" classname="io.jbotsim.io.format.graph6.Graph6CodecTest" time="0.0"/>
  <testcase name="encodeDecodeLineGraph(int, boolean, Orientation)[74]" classname="io.jbotsim.io.format.graph6.Graph6CodecTest" time="0.0"/>
  <testcase name="encodeDecodeLineGraph(int, boolean, Orientation)[75]" classname="io.jbotsim.io.format.graph6.Graph6CodecTest" time="0.005"/>
  <testcase name="encodeDecodeLineGraph(int, boolean, Orientation)[76]" classname="io.jbotsim.io.format.graph6.Graph6CodecTest" time="0.001"/>
  <testcase name="encodeDecodeLineGraph(int, boolean, Orientation)[77]" classname="io.jbotsim.io.format.graph6.Graph6CodecTest" time="0.001"/>
  <testcase name="encodeDecodeLineGraph(int, boolean, Orientation)[78]" classname="io.jbotsim.io.format.graph6.Graph6CodecTest" time="0.0"/>
  <testcase name="encodeDecodeLineGraph(int, boolean, Orientation)[79]" classname="io.jbotsim.io.format.graph6.Graph6CodecTest" time="0.0"/>
  <testcase name="encodeDecodeLineGraph(int, boolean, Orientation)[80]" classname="io.jbotsim.io.format.graph6.Graph6CodecTest" time="0.001"/>
  <testcase name="encodeDecodeLineGraph(int, boolean, Orientation)[81]" classname="io.jbotsim.io.format.graph6.Graph6CodecTest" time="0.0"/>
  <testcase name="encodeDecodeLineGraph(int, boolean, Orientation)[82]" classname="io.jbotsim.io.format.graph6.Graph6CodecTest" time="0.001"/>
  <testcase name="encodeDecodeLineGraph(int, boolean, Orientation)[83]" classname="io.jbotsim.io.format.graph6.Graph6CodecTest" time="0.0"/>
  <testcase name="encodeDecodeLineGraph(int, boolean, Orientation)[84]" classname="io.jbotsim.io.format.graph6.Graph6CodecTest" time="0.0"/>
  <testcase name="encodeDecodeLineGraph(int, boolean, Orientation)[85]" classname="io.jbotsim.io.format.graph6.Graph6CodecTest" time="0.001"/>
  <testcase name="encodeDecodeLineGraph(int, boolean, Orientation)[86]" classname="io.jbotsim.io.format.graph6.Graph6CodecTest" time="0.0"/>
  <testcase name="encodeDecodeLineGraph(int, boolean, Orientation)[87]" classname="io.jbotsim.io.format.graph6.Graph6CodecTest" time="0.0"/>
  <testcase name="encodeDecodeLineGraph(int, boolean, Orientation)[88]" classname="io.jbotsim.io.format.graph6.Graph6CodecTest" time="0.002"/>
  <testcase name="encodeDecodeLineGraph(int, boolean, Orientation)[89]" classname="io.jbotsim.io.format.graph6.Graph6CodecTest" time="0.001"/>
  <testcase name="encodeDecodeLineGraph(int, boolean, Orientation)[90]" classname="io.jbotsim.io.format.graph6.Graph6CodecTest" time="0.005"/>
  <testcase name="encodeDecodeLineGraph(int, boolean, Orientation)[91]" classname="io.jbotsim.io.format.graph6.Graph6CodecTest" time="0.001"/>
  <testcase name="encodeDecodeLineGraph(int, boolean, Orientation)[92]" classname="io.jbotsim.io.format.graph6.Graph6CodecTest" time="0.0"/>
  <testcase name="encodeDecodeLineGraph(int, boolean, Orientation)[93]" classname="io.jbotsim.io.format.graph6.Graph6CodecTest" time="0.0"/>
  <testcase name="encodeDecodeLineGraph(int, boolean, Orientation)[94]" classname="io.jbotsim.io.format.graph6.Graph6CodecTest" time="0.001"/>
  <testcase name="encodeDecodeLineGraph(int, boolean, Orientation)[95]" classname="io.jbotsim.io.format.graph6.Graph6CodecTest" time="0.0"/>
  <testcase name="encodeDecodeLineGraph(int, boolean, Orientation)[96]" classname="io.jbotsim.io.format.graph6.Graph6CodecTest" time="0.0"/>
  <testcase name="encodeDecodeLineGraph(int, boolean, Orientation)[97]" classname="io.jbotsim.io.format.graph6.Graph6CodecTest" time="0.001"/>
  <testcase name="encodeDecodeLineGraph(int, boolean, Orientation)[98]" classname="io.jbotsim.io.format.graph6.Graph6CodecTest" time="0.0"/>
  <testcase name="encodeDecodeLineGraph(int, boolean, Orientation)[99]" classname="io.jbotsim.io.format.graph6.Graph6CodecTest" time="0.001"/>
  <testcase name="encodeDecodeLineGraph(int, boolean, Orientation)[100]" classname="io.jbotsim.io.format.graph6.Graph6CodecTest" time="0.001"/>
  <testcase name="encodeDecodeLineGraph(int, boolean, Orientation)[101]" classname="io.jbotsim.io.format.graph6.Graph6CodecTest" time="0.0"/>
  <testcase name="encodeDecodeLineGraph(int, boolean, Orientation)[102]" classname="io.jbotsim.io.format.graph6.Graph6CodecTest" time="0.0"/>
  <testcase name="encodeDecodeLineGraph(int, boolean, Orientation)[103]" classname="io.jbotsim.io.format.graph6.Graph6CodecTest" time="0.001"/>
  <testcase name="encodeDecodeLineGraph(int, boolean, Orientation)[104]" classname="io.jbotsim.io.format.graph6.Graph6CodecTest" time="0.001"/>
  <testcase name="encodeDecodeLineGraph(int, boolean, Orientation)[105]" classname="io.jbotsim.io.format.graph6.Graph6CodecTest" time="0.005"/>
  <testcase name="encodeDecodeLineGraph(int, boolean, Orientation)[106]" classname="io.jbotsim.io.format.graph6.Graph6CodecTest" time="0.0"/>
  <testcase name="encodeDecodeLineGraph(int, boolean, Orientation)[107]" classname="io.jbotsim.io.format.graph6.Graph6CodecTest" time="0.0"/>
  <testcase name="encodeDecodeLineGraph(int, boolean, Orientation)[108]" classname="io.jbotsim.io.format.graph6.Graph6CodecTest" time="0.0"/>
  <testcase name="encodeDecodeLineGraph(int, boolean, Orientation)[109]" classname="io.jbotsim.io.format.graph6.Graph6CodecTest" time="0.001"/>
  <testcase name="encodeDecodeLineGraph(int, boolean, Orientation)[110]" classname="io.jbotsim.io.format.graph6.Graph6CodecTest" time="0.004"/>
  <testcase name="encodeDecodeLineGraph(int, boolean, Orientation)[111]" classname="io.jbotsim.io.format.graph6.Graph6CodecTest" time="0.001"/>
  <testcase name="encodeDecodeLineGraph(int, boolean, Orientation)[112]" classname="io.jbotsim.io.format.graph6.Graph6CodecTest" time="0.001"/>
  <testcase name="encodeDecodeLineGraph(int, boolean, Orientation)[113]" classname="io.jbotsim.io.format.graph6.Graph6CodecTest" time="0.001"/>
  <testcase name="encodeDecodeLineGraph(int, boolean, Orientation)[114]" classname="io.jbotsim.io.format.graph6.Graph6CodecTest" time="0.0"/>
  <testcase name="encodeDecodeLineGraph(int, boolean, Orientation)[115]" classname="io.jbotsim.io.format.graph6.Graph6CodecTest" time="0.001"/>
  <testcase name="encodeDecodeLineGraph(int, boolean, Orientation)[116]" classname="io.jbotsim.io.format.graph6.Graph6CodecTest" time="0.0"/>
  <testcase name="encodeDecodeLineGraph(int, boolean, Orientation)[117]" classname="io.jbotsim.io.format.graph6.Graph6CodecTest" time="0.0"/>
  <testcase name="encodeDecodeLineGraph(int, boolean, Orientation)[118]" classname="io.jbotsim.io.format.graph6.Graph6CodecTest" time="0.001"/>
  <testcase name="encodeDecodeLineGraph(int, boolean, Orientation)[119]" classname="io.jbotsim.io.format.graph6.Graph6CodecTest" time="0.0"/>
  <testcase name="encodeDecodeLineGraph(int, boolean, Orientation)[120]" classname="io.jbotsim.io.format.graph6.Graph6CodecTest" time="0.0"/>
  <testcase name="encodeDecodeLineGraph(int, boolean, Orientation)[121]" classname="io.jbotsim.io.format.graph6.Graph6CodecTest" time="0.001"/>
  <testcase name="encodeDecodeLineGraph(int, boolean, Orientation)[122]" classname="io.jbotsim.io.format.graph6.Graph6CodecTest" time="0.001"/>
  <testcase name="encodeDecodeLineGraph(int, boolean, Orientation)[123]" classname="io.jbotsim.io.format.graph6.Graph6CodecTest" time="0.005"/>
  <testcase name="encodeDecodeLineGraph(int, boolean, Orientation)[124]" classname="io.jbotsim.io.format.graph6.Graph6CodecTest" time="0.005"/>
  <testcase name="encodeDecodeLineGraph(int, boolean, Orientation)[125]" classname="io.jbotsim.io.format.graph6.Graph6CodecTest" time="0.002"/>
  <testcase name="encodeDecodeLineGraph(int, boolean, Orientation)[126]" classname="io.jbotsim.io.format.graph6.Graph6CodecTest" time="0.001"/>
  <testcase name="encodeDecodeLineGraph(int, boolean, Orientation)[127]" classname="io.jbotsim.io.format.graph6.Graph6CodecTest" time="0.001"/>
  <testcase name="encodeDecodeLineGraph(int, boolean, Orientation)[128]" classname="io.jbotsim.io.format.graph6.Graph6CodecTest" time="0.004"/>
  <testcase name="encodeDecodeLineGraph(int, boolean, Orientation)[129]" classname="io.jbotsim.io.format.graph6.Graph6CodecTest" time="0.001"/>
  <testcase name="encodeDecodeLineGraph(int, boolean, Orientation)[130]" classname="io.jbotsim.io.format.graph6.Graph6CodecTest" time="0.001"/>
  <testcase name="encodeDecodeLineGraph(int, boolean, Orientation)[131]" classname="io.jbotsim.io.format.graph6.Graph6CodecTest" time="0.001"/>
  <testcase name="encodeDecodeLineGraph(int, boolean, Orientation)[132]" classname="io.jbotsim.io.format.graph6.Graph6CodecTest" time="0.0"/>
  <testcase name="encodeDecodeLineGraph(int, boolean, Orientation)[133]" classname="io.jbotsim.io.format.graph6.Graph6CodecTest" time="0.0"/>
  <testcase name="encodeDecodeLineGraph(int, boolean, Orientation)[134]" classname="io.jbotsim.io.format.graph6.Graph6CodecTest" time="0.0"/>
  <testcase name="encodeDecodeLineGraph(int, boolean, Orientation)[135]" classname="io.jbotsim.io.format.graph6.Graph6CodecTest" time="0.001"/>
  <testcase name="encodeDecodeLineGraph(int, boolean, Orientation)[136]" classname="io.jbotsim.io.format.graph6.Graph6CodecTest" time="0.001"/>
  <testcase name="encodeDecodeLineGraph(int, boolean, Orientation)[137]" classname="io.jbotsim.io.format.graph6.Graph6CodecTest" time="0.001"/>
  <testcase name="encodeDecodeLineGraph(int, boolean, Orientation)[138]" classname="io.jbotsim.io.format.graph6.Graph6CodecTest" time="0.001"/>
  <testcase name="encodeDecodeLineGraph(int, boolean, Orientation)[139]" classname="io.jbotsim.io.format.graph6.Graph6CodecTest" time="0.001"/>
  <testcase name="encodeDecodeLineGraph(int, boolean, Orientation)[140]" classname="io.jbotsim.io.format.graph6.Graph6CodecTest" time="0.001"/>
  <testcase name="encodeDecodeLineGraph(int, boolean, Orientation)[141]" classname="io.jbotsim.io.format.graph6.Graph6CodecTest" time="0.001"/>
  <testcase name="encodeDecodeLineGraph(int, boolean, Orientation)[142]" classname="io.jbotsim.io.format.graph6.Graph6CodecTest" time="0.0"/>
  <testcase name="encodeDecodeLineGraph(int, boolean, Orientation)[143]" classname="io.jbotsim.io.format.graph6.Graph6CodecTest" time="0.004"/>
  <testcase name="encodeDecodeLineGraph(int, boolean, Orientation)[144]" classname="io.jbotsim.io.format.graph6.Graph6CodecTest" time="0.001"/>
  <testcase name="encodeDecodeLineGraph(int, boolean, Orientation)[145]" classname="io.jbotsim.io.format.graph6.Graph6CodecTest" time="0.001"/>
  <testcase name="encodeDecodeLineGraph(int, boolean, Orientation)[146]" classname="io.jbotsim.io.format.graph6.Graph6CodecTest" time="0.0"/>
  <testcase name="encodeDecodeLineGraph(int, boolean, Orientation)[147]" classname="io.jbotsim.io.format.graph6.Graph6CodecTest" time="0.0"/>
  <testcase name="encodeDecodeLineGraph(int, boolean, Orientation)[148]" classname="io.jbotsim.io.format.graph6.Graph6CodecTest" time="0.001"/>
  <testcase name="encodeDecodeLineGraph(int, boolean, Orientation)[149]" classname="io.jbotsim.io.format.graph6.Graph6CodecTest" time="0.001"/>
  <testcase name="encodeDecodeLineGraph(int, boolean, Orientation)[150]" classname="io.jbotsim.io.format.graph6.Graph6CodecTest" time="0.001"/>
  <testcase name="encodeDecodeLineGraph(int, boolean, Orientation)[151]" classname="io.jbotsim.io.format.graph6.Graph6CodecTest" time="0.001"/>
  <testcase name="encodeDecodeLineGraph(int, boolean, Orientation)[152]" classname="io.jbotsim.io.format.graph6.Graph6CodecTest" time="0.001"/>
  <testcase name="encodeDecodeLineGraph(int, boolean, Orientation)[153]" classname="io.jbotsim.io.format.graph6.Graph6CodecTest" time="0.001"/>
  <testcase name="encodeDecodeLineGraph(int, boolean, Orientation)[154]" classname="io.jbotsim.io.format.graph6.Graph6CodecTest" time="0.001"/>
  <testcase name="encodeDecodeLineGraph(int, boolean, Orientation)[155]" classname="io.jbotsim.io.format.graph6.Graph6CodecTest" time="0.001"/>
  <testcase name="encodeDecodeLineGraph(int, boolean, Orientation)[156]" classname="io.jbotsim.io.format.graph6.Graph6CodecTest" time="0.001"/>
  <testcase name="encodeDecodeLineGraph(int, boolean, Orientation)[157]" classname="io.jbotsim.io.format.graph6.Graph6CodecTest" time="0.001"/>
  <testcase name="encodeDecodeLineGraph(int, boolean, Orientation)[158]" classname="io.jbotsim.io.format.graph6.Graph6CodecTest" time="0.001"/>
  <testcase name="encodeDecodeLineGraph(int, boolean, Orientation)[159]" classname="io.jbotsim.io.format.graph6.Graph6CodecTest" time="0.001"/>
  <testcase name="encodeDecodeLineGraph(int, boolean, Orientation)[160]" classname="io.jbotsim.io.format.graph6.Graph6CodecTest" time="0.002"/>
  <testcase name="encodeDecodeLineGraph(int, boolean, Orientation)[161]" classname="io.jbotsim.io.format.graph6.Graph6CodecTest" time="0.001"/>
  <testcase name="encodeDecodeLineGraph(int, boolean, Orientation)[162]" classname="io.jbotsim.io.format.graph6.Graph6CodecTest" time="0.0"/>
  <testcase name="encodeDecodeLineGraph(int, boolean, Orientation)[163]" classname="io.jbotsim.io.format.graph6.Graph6CodecTest" time="0.001"/>
  <testcase name="encodeDecodeLineGraph(int, boolean, Orientation)[164]" classname="io.jbotsim.io.format.graph6.Graph6CodecTest" time="0.001"/>
  <testcase name="encodeDecodeLineGraph(int, boolean, Orientation)[165]" classname="io.jbotsim.io.format.graph6.Graph6CodecTest" time="0.0"/>
  <testcase name="encodeDecodeLineGraph(int, boolean, Orientation)[166]" classname="io.jbotsim.io.format.graph6.Graph6CodecTest" time="0.0"/>
  <testcase name="encodeDecodeLineGraph(int, boolean, Orientation)[167]" classname="io.jbotsim.io.format.graph6.Graph6CodecTest" time="0.001"/>
  <testcase name="encodeDecodeLineGraph(int, boolean, Orientation)[168]" classname="io.jbotsim.io.format.graph6.Graph6CodecTest" time="0.002"/>
  <testcase name="encodeDecodeLineGraph(int, boolean, Orientation)[169]" classname="io.jbotsim.io.format.graph6.Graph6CodecTest" time="0.006"/>
  <testcase name="encodeDecodeLineGraph(int, boolean, Orientation)[170]" classname="io.jbotsim.io.format.graph6.Graph6CodecTest" time="0.003"/>
  <testcase name="encodeDecodeLineGraph(int, boolean, Orientation)[171]" classname="io.jbotsim.io.format.graph6.Graph6CodecTest" time="0.001"/>
  <testcase name="encodeDecodeLineGraph(int, boolean, Orientation)[172]" classname="io.jbotsim.io.format.graph6.Graph6CodecTest" time="0.005"/>
  <testcase name="encodeDecodeLineGraph(int, boolean, Orientation)[173]" classname="io.jbotsim.io.format.graph6.Graph6CodecTest" time="0.001"/>
  <testcase name="encodeDecodeLineGraph(int, boolean, Orientation)[174]" classname="io.jbotsim.io.format.graph6.Graph6CodecTest" time="0.001"/>
  <testcase name="encodeDecodeLineGraph(int, boolean, Orientation)[175]" classname="io.jbotsim.io.format.graph6.Graph6CodecTest" time="0.001"/>
  <testcase name="encodeDecodeLineGraph(int, boolean, Orientation)[176]" classname="io.jbotsim.io.format.graph6.Graph6CodecTest" time="0.001"/>
  <testcase name="encodeDecodeLineGraph(int, boolean, Orientation)[177]" classname="io.jbotsim.io.format.graph6.Graph6CodecTest" time="0.001"/>
  <testcase name="encodeDecodeLineGraph(int, boolean, Orientation)[178]" classname="io.jbotsim.io.format.graph6.Graph6CodecTest" time="0.0"/>
  <testcase name="encodeDecodeLineGraph(int, boolean, Orientation)[179]" classname="io.jbotsim.io.format.graph6.Graph6CodecTest" time="0.001"/>
  <testcase name="encodeDecodeLineGraph(int, boolean, Orientation)[180]" classname="io.jbotsim.io.format.graph6.Graph6CodecTest" time="0.001"/>
  <testcase name="encodeDecodeLineGraph(int, boolean, Orientation)[181]" classname="io.jbotsim.io.format.graph6.Graph6CodecTest" time="0.001"/>
  <testcase name="encodeDecodeLineGraph(int, boolean, Orientation)[182]" classname="io.jbotsim.io.format.graph6.Graph6CodecTest" time="0.002"/>
  <testcase name="encodeDecodeLineGraph(int, boolean, Orientation)[183]" classname="io.jbotsim.io.format.graph6.Graph6CodecTest" time="0.004"/>
  <testcase name="encodeDecodeLineGraph(int, boolean, Orientation)[184]" classname="io.jbotsim.io.format.graph6.Graph6CodecTest" time="0.001"/>
  <testcase name="encodeDecodeLineGraph(int, boolean, Orientation)[185]" classname="io.jbotsim.io.format.graph6.Graph6CodecTest" time="0.001"/>
  <testcase name="encodeDecodeLineGraph(int, boolean, Orientation)[186]" classname="io.jbotsim.io.format.graph6.Graph6CodecTest" time="0.001"/>
  <testcase name="encodeDecodeLineGraph(int, boolean, Orientation)[187]" classname="io.jbotsim.io.format.graph6.Graph6CodecTest" time="0.001"/>
  <testcase name="encodeDecodeLineGraph(int, boolean, Orientation)[188]" classname="io.jbotsim.io.format.graph6.Graph6CodecTest" time="0.005"/>
  <testcase name="encodeDecodeLineGraph(int, boolean, Orientation)[189]" classname="io.jbotsim.io.format.graph6.Graph6CodecTest" time="0.001"/>
  <testcase name="encodeDecodeLineGraph(int, boolean, Orientation)[190]" classname="io.jbotsim.io.format.graph6.Graph6CodecTest" time="0.001"/>
  <testcase name="encodeDecodeLineGraph(int, boolean, Orientation)[191]" classname="io.jbotsim.io.format.graph6.Graph6CodecTest" time="0.004"/>
  <testcase name="encodeDecodeLineGraph(int, boolean, Orientation)[192]" classname="io.jbotsim.io.format.graph6.Graph6CodecTest" time="0.002"/>
  <testcase name="encodeDecodeLineGraph(int, boolean, Orientation)[193]" classname="io.jbotsim.io.format.graph6.Graph6CodecTest" time="0.001"/>
  <testcase name="encodeDecodeLineGraph(int, boolean, Orientation)[194]" classname="io.jbotsim.io.format.graph6.Graph6CodecTest" time="0.001"/>
  <testcase name="encodeDecodeLineGraph(int, boolean, Orientation)[195]" classname="io.jbotsim.io.format.graph6.Graph6CodecTest" time="0.001"/>
  <testcase name="encodeDecodeLineGraph(int, boolean, Orientation)[196]" classname="io.jbotsim.io.format.graph6.Graph6CodecTest" time="0.001"/>
  <testcase name="encodeDecodeNoEdges(int, boolean, Orientation)[1]" classname="io.jbotsim.io.format.graph6.Graph6CodecTest" time="0.0"/>
  <testcase name="encodeDecodeNoEdges(int, boolean, Orientation)[2]" classname="io.jbotsim.io.format.graph6.Graph6CodecTest" time="0.0"/>
  <testcase name="encodeDecodeNoEdges(int, boolean, Orientation)[3]" classname="io.jbotsim.io.format.graph6.Graph6CodecTest" time="0.0"/>
  <testcase name="encodeDecodeNoEdges(int, boolean, Orientation)[4]" classname="io.jbotsim.io.format.graph6.Graph6CodecTest" time="0.001"/>
  <testcase name="encodeDecodeNoEdges(int, boolean, Orientation)[5]" classname="io.jbotsim.io.format.graph6.Graph6CodecTest" time="0.0"/>
  <testcase name="encodeDecodeNoEdges(int, boolean, Orientation)[6]" classname="io.jbotsim.io.format.graph6.Graph6CodecTest" time="0.0"/>
  <testcase name="encodeDecodeNoEdges(int, boolean, Orientation)[7]" classname="io.jbotsim.io.format.graph6.Graph6CodecTest" time="0.0"/>
  <testcase name="encodeDecodeNoEdges(int, boolean, Orientation)[8]" classname="io.jbotsim.io.format.graph6.Graph6CodecTest" time="0.0"/>
  <testcase name="encodeDecodeNoEdges(int, boolean, Orientation)[9]" classname="io.jbotsim.io.format.graph6.Graph6CodecTest" time="0.001"/>
  <testcase name="encodeDecodeNoEdges(int, boolean, Orientation)[10]" classname="io.jbotsim.io.format.graph6.Graph6CodecTest" time="0.0"/>
  <testcase name="encodeDecodeNoEdges(int, boolean, Orientation)[11]" classname="io.jbotsim.io.format.graph6.Graph6CodecTest" time="0.001"/>
  <testcase name="encodeDecodeNoEdges(int, boolean, Orientation)[12]" classname="io.jbotsim.io.format.graph6.Graph6CodecTest" time="0.003"/>
  <testcase name="encodeDecodeNoEdges(int, boolean, Orientation)[13]" classname="io.jbotsim.io.format.graph6.Graph6CodecTest" time="0.0"/>
  <testcase name="encodeDecodeNoEdges(int, boolean, Orientation)[14]" classname="io.jbotsim.io.format.graph6.Graph6CodecTest" time="0.0"/>
  <testcase name="encodeDecodeNoEdges(int, boolean, Orientation)[15]" classname="io.jbotsim.io.format.graph6.Graph6CodecTest" time="0.0"/>
  <testcase name="encodeDecodeNoEdges(int, boolean, Orientation)[16]" classname="io.jbotsim.io.format.graph6.Graph6CodecTest" time="0.001"/>
  <testcase name="encodeDecodeNoEdges(int, boolean, Orientation)[17]" classname="io.jbotsim.io.format.graph6.Graph6CodecTest" time="0.0"/>
  <testcase name="encodeDecodeNoEdges(int, boolean, Orientation)[18]" classname="io.jbotsim.io.format.graph6.Graph6CodecTest" time="0.0"/>
  <testcase name="encodeDecodeNoEdges(int, boolean, Orientation)[19]" classname="io.jbotsim.io.format.graph6.Graph6CodecTest" time="0.0"/>
  <testcase name="encodeDecodeNoEdges(int, boolean, Orientation)[20]" classname="io.jbotsim.io.format.graph6.Graph6CodecTest" time="0.003"/>
  <testcase name="encodeDecodeNoEdges(int, boolean, Orientation)[21]" classname="io.jbotsim.io.format.graph6.Graph6CodecTest" time="0.0"/>
  <testcase name="encodeDecodeNoEdges(int, boolean, Orientation)[22]" classname="io.jbotsim.io.format.graph6.Graph6CodecTest" time="0.0"/>
  <testcase name="encodeDecodeNoEdges(int, boolean, Orientation)[23]" classname="io.jbotsim.io.format.graph6.Graph6CodecTest" time="0.0"/>
  <testcase name="encodeDecodeNoEdges(int, boolean, Orientation)[24]" classname="io.jbotsim.io.format.graph6.Graph6CodecTest" time="0.001"/>
  <testcase name="encodeDecodeNoEdges(int, boolean, Orientation)[25]" classname="io.jbotsim.io.format.graph6.Graph6CodecTest" time="0.0"/>
  <testcase name="encodeDecodeNoEdges(int, boolean, Orientation)[26]" classname="io.jbotsim.io.format.graph6.Graph6CodecTest" time="0.001"/>
  <testcase name="encodeDecodeNoEdges(int, boolean, Orientation)[27]" classname="io.jbotsim.io.format.graph6.Graph6CodecTest" time="0.0"/>
  <testcase name="encodeDecodeNoEdges(int, boolean, Orientation)[28]" classname="io.jbotsim.io.format.graph6.Graph6CodecTest" time="0.001"/>
  <testcase name="encodeDecodeNoEdges(int, boolean, Orientation)[29]" classname="io.jbotsim.io.format.graph6.Graph6CodecTest" time="0.0"/>
  <testcase name="encodeDecodeNoEdges(int, boolean, Orientation)[30]" classname="io.jbotsim.io.format.graph6.Graph6CodecTest" time="0.0"/>
  <testcase name="encodeDecodeNoEdges(int, boolean, Orientation)[31]" classname="io.jbotsim.io.format.graph6.Graph6CodecTest" time="0.001"/>
  <testcase name="encodeDecodeNoEdges(int, boolean, Orientation)[32]" classname="io.jbotsim.io.format.graph6.Graph6CodecTest" time="0.0"/>
  <testcase name="encodeDecodeNoEdges(int, boolean, Orientation)[33]" classname="io.jbotsim.io.format.graph6.Graph6CodecTest" time="0.001"/>
  <testcase name="encodeDecodeNoEdges(int, boolean, Orientation)[34]" classname="io.jbotsim.io.format.graph6.Graph6CodecTest" time="0.0"/>
  <testcase name="encodeDecodeNoEdges(int, boolean, Orientation)[35]" classname="io.jbotsim.io.format.graph6.Graph6CodecTest" time="0.001"/>
  <testcase name="encodeDecodeNoEdges(int, boolean, Orientation)[36]" classname="io.jbotsim.io.format.graph6.Graph6CodecTest" time="0.0"/>
  <testcase name="encodeDecodeNoEdges(int, boolean, Orientation)[37]" classname="io.jbotsim.io.format.graph6.Graph6CodecTest" time="0.001"/>
  <testcase name="encodeDecodeNoEdges(int, boolean, Orientation)[38]" classname="io.jbotsim.io.format.graph6.Graph6CodecTest" time="0.0"/>
  <testcase name="encodeDecodeNoEdges(int, boolean, Orientation)[39]" classname="io.jbotsim.io.format.graph6.Graph6CodecTest" time="0.001"/>
  <testcase name="encodeDecodeNoEdges(int, boolean, Orientation)[40]" classname="io.jbotsim.io.format.graph6.Graph6CodecTest" time="0.0"/>
  <testcase name="encodeDecodeNoEdges(int, boolean, Orientation)[41]" classname="io.jbotsim.io.format.graph6.Graph6CodecTest" time="0.003"/>
  <testcase name="encodeDecodeNoEdges(int, boolean, Orientation)[42]" classname="io.jbotsim.io.format.graph6.Graph6CodecTest" time="0.001"/>
  <testcase name="encodeDecodeNoEdges(int, boolean, Orientation)[43]" classname="io.jbotsim.io.format.graph6.Graph6CodecTest" time="0.0"/>
  <testcase name="encodeDecodeNoEdges(int, boolean, Orientation)[44]" classname="io.jbotsim.io.format.graph6.Graph6CodecTest" time="0.001"/>
  <testcase name="encodeDecodeNoEdges(int, boolean, Orientation)[45]" classname="io.jbotsim.io.format.graph6.Graph6CodecTest" time="0.001"/>
  <testcase name="encodeDecodeNoEdges(int, boolean, Orientation)[46]" classname="io.jbotsim.io.format.graph6.Graph6CodecTest" time="0.0"/>
  <testcase name="encodeDecodeNoEdges(int, boolean, Orientation)[47]" classname="io.jbotsim.io.format.graph6.Graph6CodecTest" time="0.001"/>
  <testcase name="encodeDecodeNoEdges(int, boolean, Orientation)[48]" classname="io.jbotsim.io.format.graph6.Graph6CodecTest" time="0.0"/>
  <testcase name="encodeDecodeNoEdges(int, boolean, Orientation)[49]" classname="io.jbotsim.io.format.graph6.Graph6CodecTest" time="0.001"/>
  <testcase name="encodeDecodeNoEdges(int, boolean, Orientation)[50]" classname="io.jbotsim.io.format.graph6.Graph6CodecTest" time="0.0"/>
  <testcase name="encodeDecodeNoEdges(int, boolean, Orientation)[51]" classname="io.jbotsim.io.format.graph6.Graph6CodecTest" time="0.001"/>
  <testcase name="encodeDecodeNoEdges(int, boolean, Orientation)[52]" classname="io.jbotsim.io.format.graph6.Graph6CodecTest" time="0.0"/>
  <testcase name="encodeDecodeNoEdges(int, boolean, Orientation)[53]" classname="io.jbotsim.io.format.graph6.Graph6CodecTest" time="0.001"/>
  <testcase name="encodeDecodeNoEdges(int, boolean, Orientation)[54]" classname="io.jbotsim.io.format.graph6.Graph6CodecTest" time="0.0"/>
  <testcase name="encodeDecodeNoEdges(int, boolean, Orientation)[55]" classname="io.jbotsim.io.format.graph6.Graph6CodecTest" time="0.001"/>
  <testcase name="encodeDecodeNoEdges(int, boolean, Orientation)[56]" classname="io.jbotsim.io.format.graph6.Graph6CodecTest" time="0.0"/>
  <testcase name="encodeDecodeNoEdges(int, boolean, Orientation)[57]" classname="io.jbotsim.io.format.graph6.Graph6CodecTest" time="0.0"/>
  <testcase name="encodeDecodeNoEdges(int, boolean, Orientation)[58]" classname="io.jbotsim.io.format.graph6.Graph6CodecTest" time="0.0"/>
  <testcase name="encodeDecodeNoEdges(int, boolean, Orientation)[59]" classname="io.jbotsim.io.format.graph6.Graph6CodecTest" time="0.0"/>
  <testcase name="encodeDecodeNoEdges(int, boolean, Orientation)[60]" classname="io.jbotsim.io.format.graph6.Graph6CodecTest" time="0.0"/>
  <testcase name="encodeDecodeNoEdges(int, boolean, Orientation)[61]" classname="io.jbotsim.io.format.graph6.Graph6CodecTest" time="0.001"/>
  <testcase name="encodeDecodeNoEdges(int, boolean, Orientation)[62]" classname="io.jbotsim.io.format.graph6.Graph6CodecTest" time="0.0"/>
  <testcase name="encodeDecodeNoEdges(int, boolean, Orientation)[63]" classname="io.jbotsim.io.format.graph6.Graph6CodecTest" time="0.0"/>
  <testcase name="encodeDecodeNoEdges(int, boolean, Orientation)[64]" classname="io.jbotsim.io.format.graph6.Graph6CodecTest" time="0.0"/>
  <testcase name="encodeDecodeNoEdges(int, boolean, Orientation)[65]" classname="io.jbotsim.io.format.graph6.Graph6CodecTest" time="0.0"/>
  <testcase name="encodeDecodeNoEdges(int, boolean, Orientation)[66]" classname="io.jbotsim.io.format.graph6.Graph6CodecTest" time="0.0"/>
  <testcase name="encodeDecodeNoEdges(int, boolean, Orientation)[67]" classname="io.jbotsim.io.format.graph6.Graph6CodecTest" time="0.001"/>
  <testcase name="encodeDecodeNoEdges(int, boolean, Orientation)[68]" classname="io.jbotsim.io.format.graph6.Graph6CodecTest" time="0.004"/>
  <testcase name="encodeDecodeNoEdges(int, boolean, Orientation)[69]" classname="io.jbotsim.io.format.graph6.Graph6CodecTest" time="0.0"/>
  <testcase name="encodeDecodeNoEdges(int, boolean, Orientation)[70]" classname="io.jbotsim.io.format.graph6.Graph6CodecTest" time="0.0"/>
  <testcase name="encodeDecodeNoEdges(int, boolean, Orientation)[71]" classname="io.jbotsim.io.format.graph6.Graph6CodecTest" time="0.001"/>
  <testcase name="encodeDecodeNoEdges(int, boolean, Orientation)[72]" classname="io.jbotsim.io.format.graph6.Graph6CodecTest" time="0.0"/>
  <testcase name="encodeDecodeNoEdges(int, boolean, Orientation)[73]" classname="io.jbotsim.io.format.graph6.Graph6CodecTest" time="0.001"/>
  <testcase name="encodeDecodeNoEdges(int, boolean, Orientation)[74]" classname="io.jbotsim.io.format.graph6.Graph6CodecTest" time="0.0"/>
  <testcase name="encodeDecodeNoEdges(int, boolean, Orientation)[75]" classname="io.jbotsim.io.format.graph6.Graph6CodecTest" time="0.001"/>
  <testcase name="encodeDecodeNoEdges(int, boolean, Orientation)[76]" classname="io.jbotsim.io.format.graph6.Graph6CodecTest" time="0.001"/>
  <testcase name="encodeDecodeNoEdges(int, boolean, Orientation)[77]" classname="io.jbotsim.io.format.graph6.Graph6CodecTest" time="0.004"/>
  <testcase name="encodeDecodeNoEdges(int, boolean, Orientation)[78]" classname="io.jbotsim.io.format.graph6.Graph6CodecTest" time="0.001"/>
  <testcase name="encodeDecodeNoEdges(int, boolean, Orientation)[79]" classname="io.jbotsim.io.format.graph6.Graph6CodecTest" time="0.0"/>
  <testcase name="encodeDecodeNoEdges(int, boolean, Orientation)[80]" classname="io.jbotsim.io.format.graph6.Graph6CodecTest" time="0.0"/>
  <testcase name="encodeDecodeNoEdges(int, boolean, Orientation)[81]" classname="io.jbotsim.io.format.graph6.Graph6CodecTest" time="0.001"/>
  <testcase name="encodeDecodeNoEdges(int, boolean, Orientation)[82]" classname="io.jbotsim.io.format.graph6.Graph6CodecTest" time="0.0"/>
  <testcase name="encodeDecodeNoEdges(int, boolean, Orientation)[83]" classname="io.jbotsim.io.format.graph6.Graph6CodecTest" time="0.001"/>
  <testcase name="encodeDecodeNoEdges(int, boolean, Orientation)[84]" classname="io.jbotsim.io.format.graph6.Graph6CodecTest" time="0.001"/>
  <testcase name="encodeDecodeNoEdges(int, boolean, Orientation)[85]" classname="io.jbotsim.io.format.graph6.Graph6CodecTest" time="0.002"/>
  <testcase name="encodeDecodeNoEdges(int, boolean, Orientation)[86]" classname="io.jbotsim.io.format.graph6.Graph6CodecTest" time="0.0"/>
  <testcase name="encodeDecodeNoEdges(int, boolean, Orientation)[87]" classname="io.jbotsim.io.format.graph6.Graph6CodecTest" time="0.0"/>
  <testcase name="encodeDecodeNoEdges(int, boolean, Orientation)[88]" classname="io.jbotsim.io.format.graph6.Graph6CodecTest" time="0.0"/>
  <testcase name="encodeDecodeNoEdges(int, boolean, Orientation)[89]" classname="io.jbotsim.io.format.graph6.Graph6CodecTest" time="0.001"/>
  <testcase name="encodeDecodeNoEdges(int, boolean, Orientation)[90]" classname="io.jbotsim.io.format.graph6.Graph6CodecTest" time="0.0"/>
  <testcase name="encodeDecodeNoEdges(int, boolean, Orientation)[91]" classname="io.jbotsim.io.format.graph6.Graph6CodecTest" time="0.0"/>
  <testcase name="encodeDecodeNoEdges(int, boolean, Orientation)[92]" classname="io.jbotsim.io.format.graph6.Graph6CodecTest" time="0.001"/>
  <testcase name="encodeDecodeNoEdges(int, boolean, Orientation)[93]" classname="io.jbotsim.io.format.graph6.Graph6CodecTest" time="0.0"/>
  <testcase name="encodeDecodeNoEdges(int, boolean, Orientation)[94]" classname="io.jbotsim.io.format.graph6.Graph6CodecTest" time="0.004"/>
  <testcase name="encodeDecodeNoEdges(int, boolean, Orientation)[95]" classname="io.jbotsim.io.format.graph6.Graph6CodecTest" time="0.001"/>
  <testcase name="encodeDecodeNoEdges(int, boolean, Orientation)[96]" classname="io.jbotsim.io.format.graph6.Graph6CodecTest" time="0.0"/>
  <testcase name="encodeDecodeNoEdges(int, boolean, Orientation)[97]" classname="io.jbotsim.io.format.graph6.Graph6CodecTest" time="0.0"/>
  <testcase name="encodeDecodeNoEdges(int, boolean, Orientation)[98]" classname="io.jbotsim.io.format.graph6.Graph6CodecTest" time="0.0"/>
  <testcase name="encodeDecodeNoEdges(int, boolean, Orientation)[99]" classname="io.jbotsim.io.format.graph6.Graph6CodecTest" time="0.0"/>
  <testcase name="encodeDecodeNoEdges(int, boolean, Orientation)[100]" classname="io.jbotsim.io.format.graph6.Graph6CodecTest" time="0.004"/>
  <testcase name="encodeDecodeNoEdges(int, boolean, Orientation)[101]" classname="io.jbotsim.io.format.graph6.Graph6CodecTest" time="0.0"/>
  <testcase name="encodeDecodeNoEdges(int, boolean, Orientation)[102]" classname="io.jbotsim.io.format.graph6.Graph6CodecTest" time="0.001"/>
  <testcase name="encodeDecodeNoEdges(int, boolean, Orientation)[103]" classname="io.jbotsim.io.format.graph6.Graph6CodecTest" time="0.0"/>
  <testcase name="encodeDecodeNoEdges(int, boolean, Orientation)[104]" classname="io.jbotsim.io.format.graph6.Graph6CodecTest" time="0.0"/>
  <testcase name="encodeDecodeNoEdges(int, boolean, Orientation)[105]" classname="io.jbotsim.io.format.graph6.Graph6CodecTest" time="0.001"/>
  <testcase name="encodeDecodeNoEdges(int, boolean, Orientation)[106]" classname="io.jbotsim.io.format.graph6.Graph6CodecTest" time="0.002"/>
  <testcase name="encodeDecodeNoEdges(int, boolean, Orientation)[107]" classname="io.jbotsim.io.format.graph6.Graph6CodecTest" time="0.001"/>
  <testcase name="encodeDecodeNoEdges(int, boolean, Orientation)[108]" classname="io.jbotsim.io.format.graph6.Graph6CodecTest" time="0.0"/>
  <testcase name="encodeDecodeNoEdges(int, boolean, Orientation)[109]" classname="io.jbotsim.io.format.graph6.Graph6CodecTest" time="0.004"/>
  <testcase name="encodeDecodeNoEdges(int, boolean, Orientation)[110]" classname="io.jbotsim.io.format.graph6.Graph6CodecTest" time="0.001"/>
  <testcase name="encodeDecodeNoEdges(int, boolean, Orientation)[111]" classname="io.jbotsim.io.format.graph6.Graph6CodecTest" time="0.0"/>
  <testcase name="encodeDecodeNoEdges(int, boolean, Orientation)[112]" classname="io.jbotsim.io.format.graph6.Graph6CodecTest" time="0.0"/>
  <testcase name="encodeDecodeNoEdges(int, boolean, Orientation)[113]" classname="io.jbotsim.io.format.graph6.Graph6CodecTest" time="0.003"/>
  <testcase name="encodeDecodeNoEdges(int, boolean, Orientation)[114]" classname="io.jbotsim.io.format.graph6.Graph6CodecTest" time="0.001"/>
  <testcase name="encodeDecodeNoEdges(int, boolean, Orientation)[115]" classname="io.jbotsim.io.format.graph6.Graph6CodecTest" time="0.0"/>
  <testcase name="encodeDecodeNoEdges(int, boolean, Orientation)[116]" classname="io.jbotsim.io.format.graph6.Graph6CodecTest" time="0.0"/>
  <testcase name="encodeDecodeNoEdges(int, boolean, Orientation)[117]" classname="io.jbotsim.io.format.graph6.Graph6CodecTest" time="0.008"/>
  <testcase name="encodeDecodeNoEdges(int, boolean, Orientation)[118]" classname="io.jbotsim.io.format.graph6.Graph6CodecTest" time="0.0"/>
  <testcase name="encodeDecodeNoEdges(int, boolean, Orientation)[119]" classname="io.jbotsim.io.format.graph6.Graph6CodecTest" time="0.001"/>
  <testcase name="encodeDecodeNoEdges(int, boolean, Orientation)[120]" classname="io.jbotsim.io.format.graph6.Graph6CodecTest" time="0.0"/>
  <testcase name="encodeDecodeNoEdges(int, boolean, Orientation)[121]" classname="io.jbotsim.io.format.graph6.Graph6CodecTest" time="0.0"/>
  <testcase name="encodeDecodeNoEdges(int, boolean, Orientation)[122]" classname="io.jbotsim.io.format.graph6.Graph6CodecTest" time="0.001"/>
  <testcase name="encodeDecodeNoEdges(int, boolean, Orientation)[123]" classname="io.jbotsim.io.format.graph6.Graph6CodecTest" time="0.0"/>
  <testcase name="encodeDecodeNoEdges(int, boolean, Orientation)[124]" classname="io.jbotsim.io.format.graph6.Graph6CodecTest" time="0.001"/>
  <testcase name="encodeDecodeNoEdges(int, boolean, Orientation)[125]" classname="io.jbotsim.io.format.graph6.Graph6CodecTest" time="0.0"/>
  <testcase name="encodeDecodeNoEdges(int, boolean, Orientation)[126]" classname="io.jbotsim.io.format.graph6.Graph6CodecTest" time="0.0"/>
  <testcase name="encodeDecodeNoEdges(int, boolean, Orientation)[127]" classname="io.jbotsim.io.format.graph6.Graph6CodecTest" time="0.0"/>
  <testcase name="encodeDecodeNoEdges(int, boolean, Orientation)[128]" classname="io.jbotsim.io.format.graph6.Graph6CodecTest" time="0.001"/>
  <testcase name="encodeDecodeNoEdges(int, boolean, Orientation)[129]" classname="io.jbotsim.io.format.graph6.Graph6CodecTest" time="0.0"/>
  <testcase name="encodeDecodeNoEdges(int, boolean, Orientation)[130]" classname="io.jbotsim.io.format.graph6.Graph6CodecTest" time="0.0"/>
  <testcase name="encodeDecodeNoEdges(int, boolean, Orientation)[131]" classname="io.jbotsim.io.format.graph6.Graph6CodecTest" time="0.001"/>
  <testcase name="encodeDecodeNoEdges(int, boolean, Orientation)[132]" classname="io.jbotsim.io.format.graph6.Graph6CodecTest" time="0.001"/>
  <testcase name="encodeDecodeNoEdges(int, boolean, Orientation)[133]" classname="io.jbotsim.io.format.graph6.Graph6CodecTest" time="0.001"/>
  <testcase name="encodeDecodeNoEdges(int, boolean, Orientation)[134]" classname="io.jbotsim.io.format.graph6.Graph6CodecTest" time="0.005"/>
  <testcase name="encodeDecodeNoEdges(int, boolean, Orientation)[135]" classname="io.jbotsim.io.format.graph6.Graph6CodecTest" time="0.001"/>
  <testcase name="encodeDecodeNoEdges(int, boolean, Orientation)[136]" classname="io.jbotsim.io.format.graph6.Graph6CodecTest" time="0.001"/>
  <testcase name="encodeDecodeNoEdges(int, boolean, Orientation)[137]" classname="io.jbotsim.io.format.graph6.Graph6CodecTest" time="0.001"/>
  <testcase name="encodeDecodeNoEdges(int, boolean, Orientation)[138]" classname="io.jbotsim.io.format.graph6.Graph6CodecTest" time="0.001"/>
  <testcase name="encodeDecodeNoEdges(int, boolean, Orientation)[139]" classname="io.jbotsim.io.format.graph6.Graph6CodecTest" time="0.001"/>
  <testcase name="encodeDecodeNoEdges(int, boolean, Orientation)[140]" classname="io.jbotsim.io.format.graph6.Graph6CodecTest" time="0.0"/>
  <testcase name="encodeDecodeNoEdges(int, boolean, Orientation)[141]" classname="io.jbotsim.io.format.graph6.Graph6CodecTest" time="0.0"/>
  <testcase name="encodeDecodeNoEdges(int, boolean, Orientation)[142]" classname="io.jbotsim.io.format.graph6.Graph6CodecTest" time="0.0"/>
  <testcase name="encodeDecodeNoEdges(int, boolean, Orientation)[143]" classname="io.jbotsim.io.format.graph6.Graph6CodecTest" time="0.001"/>
  <testcase name="encodeDecodeNoEdges(int, boolean, Orientation)[144]" classname="io.jbotsim.io.format.graph6.Graph6CodecTest" time="0.001"/>
  <testcase name="encodeDecodeNoEdges(int, boolean, Orientation)[145]" classname="io.jbotsim.io.format.graph6.Graph6CodecTest" time="0.002"/>
  <testcase name="encodeDecodeNoEdges(int, boolean, Orientation)[146]" classname="io.jbotsim.io.format.graph6.Graph6CodecTest" time="0.004"/>
  <testcase name="encodeDecodeNoEdges(int, boolean, Orientation)[147]" classname="io.jbotsim.io.format.graph6.Graph6CodecTest" time="0.001"/>
  <testcase name="encodeDecodeNoEdges(int, boolean, Orientation)[148]" classname="io.jbotsim.io.format.graph6.Graph6CodecTest" time="0.001"/>
  <testcase name="encodeDecodeNoEdges(int, boolean, Orientation)[149]" classname="io.jbotsim.io.format.graph6.Graph6CodecTest" time="0.0"/>
  <testcase name="encodeDecodeNoEdges(int, boolean, Orientation)[150]" classname="io.jbotsim.io.format.graph6.Graph6CodecTest" time="0.0"/>
  <testcase name="encodeDecodeNoEdges(int, boolean, Orientation)[151]" classname="io.jbotsim.io.format.graph6.Graph6CodecTest" time="0.0"/>
  <testcase name="encodeDecodeNoEdges(int, boolean, Orientation)[152]" classname="io.jbotsim.io.format.graph6.Graph6CodecTest" time="0.0"/>
  <testcase name="encodeDecodeNoEdges(int, boolean, Orientation)[153]" classname="io.jbotsim.io.format.graph6.Graph6CodecTest" time="0.001"/>
  <testcase name="encodeDecodeNoEdges(int, boolean, Orientation)[154]" classname="io.jbotsim.io.format.graph6.Graph6CodecTest" time="0.004"/>
  <testcase name="encodeDecodeNoEdges(int, boolean, Orientation)[155]" classname="io.jbotsim.io.format.graph6.Graph6CodecTest" time="0.001"/>
  <testcase name="encodeDecodeNoEdges(int, boolean, Orientation)[156]" classname="io.jbotsim.io.format.graph6.Graph6CodecTest" time="0.001"/>
  <testcase name="encodeDecodeNoEdges(int, boolean, Orientation)[157]" classname="io.jbotsim.io.format.graph6.Graph6CodecTest" time="0.001"/>
  <testcase name="encodeDecodeNoEdges(int, boolean, Orientation)[158]" classname="io.jbotsim.io.format.graph6.Graph6CodecTest" time="0.005"/>
  <testcase name="encodeDecodeNoEdges(int, boolean, Orientation)[159]" classname="io.jbotsim.io.format.graph6.Graph6CodecTest" time="0.001"/>
  <testcase name="encodeDecodeNoEdges(int, boolean, Orientation)[160]" classname="io.jbotsim.io.format.graph6.Graph6CodecTest" time="0.001"/>
  <testcase name="encodeDecodeNoEdges(int, boolean, Orientation)[161]" classname="io.jbotsim.io.format.graph6.Graph6CodecTest" time="0.001"/>
  <testcase name="encodeDecodeNoEdges(int, boolean, Orientation)[162]" classname="io.jbotsim.io.format.graph6.Graph6CodecTest" time="0.001"/>
  <testcase name="encodeDecodeNoEdges(int, boolean, Orientation)[163]" classname="io.jbotsim.io.format.graph6.Graph6CodecTest" time="0.001"/>
  <testcase name="encodeDecodeNoEdges(int, boolean, Orientation)[164]" classname="io.jbotsim.io.format.graph6.Graph6CodecTest" time="0.001"/>
  <testcase name="encodeDecodeNoEdges(int, boolean, Orientation)[165]" classname="io.jbotsim.io.format.graph6.Graph6CodecTest" time="0.001"/>
  <testcase name="encodeDecodeNoEdges(int, boolean, Orientation)[166]" classname="io.jbotsim.io.format.graph6.Graph6CodecTest" time="0.002"/>
  <testcase name="encodeDecodeNoEdges(int, boolean, Orientation)[167]" classname="io.jbotsim.io.format.graph6.Graph6CodecTest" time="0.0"/>
  <testcase name="encodeDecodeNoEdges(int, boolean, Orientation)[168]" classname="io.jbotsim.io.format.graph6.Graph6CodecTest" time="0.0"/>
  <testcase name="encodeDecodeNoEdges(int, boolean, Orientation)[169]" classname="io.jbotsim.io.format.graph6.Graph6CodecTest" time="0.001"/>
  <testcase name="encodeDecodeNoEdges(int, boolean, Orientation)[170]" classname="io.jbotsim.io.format.graph6.Graph6CodecTest" time="0.001"/>
  <testcase name="encodeDecodeNoEdges(int, boolean, Orientation)[171]" classname="io.jbotsim.io.format.graph6.Graph6CodecTest" time="0.0"/>
  <testcase name="encodeDecodeNoEdges(int, boolean, Orientation)[172]" classname="io.jbotsim.io.format.graph6.Graph6CodecTest" time="0.004"/>
  <testcase name="encodeDecodeNoEdges(int, boolean, Orientation)[173]" classname="io.jbotsim.io.format.graph6.Graph6CodecTest" time="0.001"/>
  <testcase name="encodeDecodeNoEdges(int, boolean, Orientation)[174]" classname="io.jbotsim.io.format.graph6.Graph6CodecTest" time="0.0"/>
  <testcase name="encodeDecodeNoEdges(int, boolean, Orientation)[175]" classname="io.jbotsim.io.format.graph6.Graph6CodecTest" time="0.004"/>
  <testcase name="encodeDecodeNoEdges(int, boolean, Orientation)[176]" classname="io.jbotsim.io.format.graph6.Graph6CodecTest" time="0.0"/>
  <testcase name="encodeDecodeNoEdges(int, boolean, Orientation)[177]" classname="io.jbotsim.io.format.graph6.Graph6CodecTest" time="0.0"/>
  <testcase name="encodeDecodeNoEdges(int, boolean, Orientation)[178]" classname="io.jbotsim.io.format.graph6.Graph6CodecTest" time="0.001"/>
  <testcase name="encodeDecodeNoEdges(int, boolean, Orientation)[179]" classname="io.jbotsim.io.format.graph6.Graph6CodecTest" time="0.003"/>
  <testcase name="encodeDecodeNoEdges(int, boolean, Orientation)[180]" classname="io.jbotsim.io.format.graph6.Graph6CodecTest" time="0.001"/>
  <testcase name="encodeDecodeNoEdges(int, boolean, Orientation)[181]" classname="io.jbotsim.io.format.graph6.Graph6CodecTest" time="0.003"/>
  <testcase name="encodeDecodeNoEdges(int, boolean, Orientation)[182]" classname="io.jbotsim.io.format.graph6.Graph6CodecTest" time="0.001"/>
  <testcase name="encodeDecodeNoEdges(int, boolean, Orientation)[183]" classname="io.jbotsim.io.format.graph6.Graph6CodecTest" time="0.001"/>
  <testcase name="encodeDecodeNoEdges(int, boolean, Orientation)[184]" classname="io.jbotsim.io.format.graph6.Graph6CodecTest" time="0.001"/>
  <testcase name="encodeDecodeNoEdges(int, boolean, Orientation)[185]" classname="io.jbotsim.io.format.graph6.Graph6CodecTest" time="0.0"/>
  <testcase name="encodeDecodeNoEdges(int, boolean, Orientation)[186]" classname="io.jbotsim.io.format.graph6.Graph6CodecTest" time="0.0"/>
  <testcase name="encodeDecodeNoEdges(int, boolean, Orientation)[187]" classname="io.jbotsim.io.format.graph6.Graph6CodecTest" time="0.0"/>
  <testcase name="encodeDecodeNoEdges(int, boolean, Orientation)[188]" classname="io.jbotsim.io.format.graph6.Graph6CodecTest" time="0.0"/>
  <testcase name="encodeDecodeNoEdges(int, boolean, Orientation)[189]" classname="io.jbotsim.io.format.graph6.Graph6CodecTest" time="0.0"/>
  <testcase name="encodeDecodeNoEdges(int, boolean, Orientation)[190]" classname="io.jbotsim.io.format.graph6.Graph6CodecTest" time="0.0"/>
  <testcase name="encodeDecodeNoEdges(int, boolean, Orientation)[191]" classname="io.jbotsim.io.format.graph6.Graph6CodecTest" time="0.0"/>
  <testcase name="encodeDecodeNoEdges(int, boolean, Orientation)[192]" classname="io.jbotsim.io.format.graph6.Graph6CodecTest" time="0.0"/>
  <testcase name="encodeDecodeNoEdges(int, boolean, Orientation)[193]" classname="io.jbotsim.io.format.graph6.Graph6CodecTest" time="0.004"/>
  <testcase name="encodeDecodeNoEdges(int, boolean, Orientation)[194]" classname="io.jbotsim.io.format.graph6.Graph6CodecTest" time="0.001"/>
  <testcase name="encodeDecodeNoEdges(int, boolean, Orientation)[195]" classname="io.jbotsim.io.format.graph6.Graph6CodecTest" time="0.004"/>
  <testcase name="encodeDecodeNoEdges(int, boolean, Orientation)[196]" classname="io.jbotsim.io.format.graph6.Graph6CodecTest" time="0.0"/>
  <testcase name="encodeDecodeNoEdges(int, boolean, Orientation)[197]" classname="io.jbotsim.io.format.graph6.Graph6CodecTest" time="0.0"/>
  <testcase name="encodeDecodeNoEdges(int, boolean, Orientation)[198]" classname="io.jbotsim.io.format.graph6.Graph6CodecTest" time="0.0"/>
  <testcase name="encodeDecodeNoEdges(int, boolean, Orientation)[199]" classname="io.jbotsim.io.format.graph6.Graph6CodecTest" time="0.0"/>
  <testcase name="encodeDecodeNoEdges(int, boolean, Orientation)[200]" classname="io.jbotsim.io.format.graph6.Graph6CodecTest" time="0.0"/>
  <testcase name="encodeDecodeNoEdges(int, boolean, Orientation)[201]" classname="io.jbotsim.io.format.graph6.Graph6CodecTest" time="0.004"/>
  <testcase name="encodeDecodeNoEdges(int, boolean, Orientation)[202]" classname="io.jbotsim.io.format.graph6.Graph6CodecTest" time="0.001"/>
  <testcase name="encodeDecodeNoEdges(int, boolean, Orientation)[203]" classname="io.jbotsim.io.format.graph6.Graph6CodecTest" time="0.0"/>
  <testcase name="encodeDecodeNoEdges(int, boolean, Orientation)[204]" classname="io.jbotsim.io.format.graph6.Graph6CodecTest" time="0.0"/>
  <system-out><![CDATA[]]></system-out>
  <system-err><![CDATA[]]></system-err>
</testsuite>
<?xml version="1.0" encoding="UTF-8"?>
<testsuite name="io.jbotsim.io.format.graph6.Graph6TopologySerializerTest" tests="7580" skipped="0" failures="0" errors="0" timestamp="2020-06-16T15:10:29" hostname="runner-72989761-project-19412425-concurrent-0" time="9.315">
  <properties/>
  <testcase name="checkDecodeEncodeChangeHeaderGraphs(String)[1]" classname="io.jbotsim.io.format.graph6.Graph6TopologySerializerTest" time="0.018"/>
  <testcase name="checkDecodeEncodeChangeHeaderGraphs(String)[2]" classname="io.jbotsim.io.format.graph6.Graph6TopologySerializerTest" time="0.001"/>
  <testcase name="checkDecodeEncodeChangeHeaderGraphs(String)[3]" classname="io.jbotsim.io.format.graph6.Graph6TopologySerializerTest" time="0.002"/>
  <testcase name="checkDecodeEncodeChangeHeaderGraphs(String)[4]" classname="io.jbotsim.io.format.graph6.Graph6TopologySerializerTest" time="0.001"/>
  <testcase name="checkDecodeEncodeChangeHeaderGraphs(String)[5]" classname="io.jbotsim.io.format.graph6.Graph6TopologySerializerTest" time="0.004"/>
  <testcase name="checkDecodeEncodeChangeHeaderGraphs(String)[6]" classname="io.jbotsim.io.format.graph6.Graph6TopologySerializerTest" time="0.0"/>
  <testcase name="checkDecodeEncodeChangeHeaderGraphs(String)[7]" classname="io.jbotsim.io.format.graph6.Graph6TopologySerializerTest" time="0.0"/>
  <testcase name="checkDecodeEncodeChangeHeaderGraphs(String)[8]" classname="io.jbotsim.io.format.graph6.Graph6TopologySerializerTest" time="0.001"/>
  <testcase name="checkDecodeEncodeChangeHeaderGraphs(String)[9]" classname="io.jbotsim.io.format.graph6.Graph6TopologySerializerTest" time="0.003"/>
  <testcase name="checkDecodeEncodeChangeHeaderGraphs(String)[10]" classname="io.jbotsim.io.format.graph6.Graph6TopologySerializerTest" time="0.002"/>
  <testcase name="checkDecodeEncodeChangeHeaderGraphs(String)[11]" classname="io.jbotsim.io.format.graph6.Graph6TopologySerializerTest" time="0.005"/>
  <testcase name="checkDecodeEncodeChangeHeaderGraphs(String)[12]" classname="io.jbotsim.io.format.graph6.Graph6TopologySerializerTest" time="0.0"/>
  <testcase name="checkDecodeEncodeChangeHeaderGraphs(String)[13]" classname="io.jbotsim.io.format.graph6.Graph6TopologySerializerTest" time="0.001"/>
  <testcase name="checkDecodeEncodeChangeHeaderGraphs(String)[14]" classname="io.jbotsim.io.format.graph6.Graph6TopologySerializerTest" time="0.001"/>
  <testcase name="checkDecodeEncodeChangeHeaderGraphs(String)[15]" classname="io.jbotsim.io.format.graph6.Graph6TopologySerializerTest" time="0.0"/>
  <testcase name="checkDecodeEncodeChangeHeaderGraphs(String)[16]" classname="io.jbotsim.io.format.graph6.Graph6TopologySerializerTest" time="0.001"/>
  <testcase name="checkDecodeEncodeChangeHeaderGraphs(String)[17]" classname="io.jbotsim.io.format.graph6.Graph6TopologySerializerTest" time="0.001"/>
  <testcase name="checkDecodeEncodeChangeHeaderGraphs(String)[18]" classname="io.jbotsim.io.format.graph6.Graph6TopologySerializerTest" time="0.001"/>
  <testcase name="checkDecodeEncodeChangeHeaderGraphs(String)[19]" classname="io.jbotsim.io.format.graph6.Graph6TopologySerializerTest" time="0.004"/>
  <testcase name="checkDecodeEncodeChangeHeaderGraphs(String)[20]" classname="io.jbotsim.io.format.graph6.Graph6TopologySerializerTest" time="0.002"/>
  <testcase name="checkDecodeEncodeChangeHeaderGraphs(String)[21]" classname="io.jbotsim.io.format.graph6.Graph6TopologySerializerTest" time="0.0"/>
  <testcase name="checkDecodeEncodeChangeHeaderGraphs(String)[22]" classname="io.jbotsim.io.format.graph6.Graph6TopologySerializerTest" time="0.0"/>
  <testcase name="checkDecodeEncodeChangeHeaderGraphs(String)[23]" classname="io.jbotsim.io.format.graph6.Graph6TopologySerializerTest" time="0.001"/>
  <testcase name="checkDecodeEncodeChangeHeaderGraphs(String)[24]" classname="io.jbotsim.io.format.graph6.Graph6TopologySerializerTest" time="0.001"/>
  <testcase name="checkDecodeEncodeChangeHeaderGraphs(String)[25]" classname="io.jbotsim.io.format.graph6.Graph6TopologySerializerTest" time="0.001"/>
  <testcase name="checkDecodeEncodeChangeHeaderGraphs(String)[26]" classname="io.jbotsim.io.format.graph6.Graph6TopologySerializerTest" time="0.001"/>
  <testcase name="checkDecodeEncodeChangeHeaderGraphs(String)[27]" classname="io.jbotsim.io.format.graph6.Graph6TopologySerializerTest" time="0.001"/>
  <testcase name="checkDecodeEncodeChangeHeaderGraphs(String)[28]" classname="io.jbotsim.io.format.graph6.Graph6TopologySerializerTest" time="0.001"/>
  <testcase name="checkDecodeEncodeChangeHeaderGraphs(String)[29]" classname="io.jbotsim.io.format.graph6.Graph6TopologySerializerTest" time="0.001"/>
  <testcase name="checkDecodeEncodeChangeHeaderGraphs(String)[30]" classname="io.jbotsim.io.format.graph6.Graph6TopologySerializerTest" time="0.0"/>
  <testcase name="checkDecodeEncodeChangeHeaderGraphs(String)[31]" classname="io.jbotsim.io.format.graph6.Graph6TopologySerializerTest" time="0.0"/>
  <testcase name="checkDecodeEncodeChangeHeaderGraphs(String)[32]" classname="io.jbotsim.io.format.graph6.Graph6TopologySerializerTest" time="0.0"/>
  <testcase name="checkDecodeEncodeChangeHeaderGraphs(String)[33]" classname="io.jbotsim.io.format.graph6.Graph6TopologySerializerTest" time="0.001"/>
  <testcase name="checkDecodeEncodeChangeHeaderGraphs(String)[34]" classname="io.jbotsim.io.format.graph6.Graph6TopologySerializerTest" time="0.001"/>
  <testcase name="checkDecodeEncodeChangeHeaderGraphs(String)[35]" classname="io.jbotsim.io.format.graph6.Graph6TopologySerializerTest" time="0.0"/>
  <testcase name="checkDecodeEncodeChangeHeaderGraphs(String)[36]" classname="io.jbotsim.io.format.graph6.Graph6TopologySerializerTest" time="0.0"/>
  <testcase name="checkDecodeEncodeChangeHeaderGraphs(String)[37]" classname="io.jbotsim.io.format.graph6.Graph6TopologySerializerTest" time="0.003"/>
  <testcase name="checkDecodeEncodeChangeHeaderGraphs(String)[38]" classname="io.jbotsim.io.format.graph6.Graph6TopologySerializerTest" time="0.001"/>
  <testcase name="checkDecodeEncodeChangeHeaderGraphs(String)[39]" classname="io.jbotsim.io.format.graph6.Graph6TopologySerializerTest" time="0.0"/>
  <testcase name="checkDecodeEncodeChangeHeaderGraphs(String)[40]" classname="io.jbotsim.io.format.graph6.Graph6TopologySerializerTest" time="0.0"/>
  <testcase name="checkDecodeEncodeChangeHeaderGraphs(String)[41]" classname="io.jbotsim.io.format.graph6.Graph6TopologySerializerTest" time="0.002"/>
  <testcase name="checkDecodeEncodeChangeHeaderGraphs(String)[42]" classname="io.jbotsim.io.format.graph6.Graph6TopologySerializerTest" time="0.004"/>
  <testcase name="checkDecodeEncodeChangeHeaderGraphs(String)[43]" classname="io.jbotsim.io.format.graph6.Graph6TopologySerializerTest" time="0.002"/>
  <testcase name="checkDecodeEncodeChangeHeaderGraphs(String)[44]" classname="io.jbotsim.io.format.graph6.Graph6TopologySerializerTest" time="0.0"/>
  <testcase name="checkDecodeEncodeChangeHeaderGraphs(String)[45]" classname="io.jbotsim.io.format.graph6.Graph6TopologySerializerTest" time="0.0"/>
  <testcase name="checkDecodeEncodeChangeHeaderGraphs(String)[46]" classname="io.jbotsim.io.format.graph6.Graph6TopologySerializerTest" time="0.0"/>
  <testcase name="checkDecodeEncodeChangeHeaderGraphs(String)[47]" classname="io.jbotsim.io.format.graph6.Graph6TopologySerializerTest" time="0.003"/>
  <testcase name="checkDecodeEncodeChangeHeaderGraphs(String)[48]" classname="io.jbotsim.io.format.graph6.Graph6TopologySerializerTest" time="0.001"/>
  <testcase name="checkDecodeEncodeChangeHeaderGraphs(String)[49]" classname="io.jbotsim.io.format.graph6.Graph6TopologySerializerTest" time="0.001"/>
  <testcase name="checkDecodeEncodeChangeHeaderGraphs(String)[50]" classname="io.jbotsim.io.format.graph6.Graph6TopologySerializerTest" time="0.0"/>
  <testcase name="checkDecodeEncodeChangeHeaderGraphs(String)[51]" classname="io.jbotsim.io.format.graph6.Graph6TopologySerializerTest" time="0.004"/>
  <testcase name="checkDecodeEncodeChangeHeaderGraphs(String)[52]" classname="io.jbotsim.io.format.graph6.Graph6TopologySerializerTest" time="0.0"/>
  <testcase name="checkDecodeEncodeChangeHeaderGraphs(String)[53]" classname="io.jbotsim.io.format.graph6.Graph6TopologySerializerTest" time="0.001"/>
  <testcase name="checkDecodeEncodeChangeHeaderGraphs(String)[54]" classname="io.jbotsim.io.format.graph6.Graph6TopologySerializerTest" time="0.001"/>
  <testcase name="checkDecodeEncodeChangeHeaderGraphs(String)[55]" classname="io.jbotsim.io.format.graph6.Graph6TopologySerializerTest" time="0.001"/>
  <testcase name="checkDecodeEncodeChangeHeaderGraphs(String)[56]" classname="io.jbotsim.io.format.graph6.Graph6TopologySerializerTest" time="0.004"/>
  <testcase name="checkDecodeEncodeChangeHeaderGraphs(String)[57]" classname="io.jbotsim.io.format.graph6.Graph6TopologySerializerTest" time="0.001"/>
  <testcase name="checkDecodeEncodeChangeHeaderGraphs(String)[58]" classname="io.jbotsim.io.format.graph6.Graph6TopologySerializerTest" time="0.001"/>
  <testcase name="checkDecodeEncodeChangeHeaderGraphs(String)[59]" classname="io.jbotsim.io.format.graph6.Graph6TopologySerializerTest" time="0.001"/>
  <testcase name="checkDecodeEncodeChangeHeaderGraphs(String)[60]" classname="io.jbotsim.io.format.graph6.Graph6TopologySerializerTest" time="0.0"/>
  <testcase name="checkDecodeEncodeChangeHeaderGraphs(String)[61]" classname="io.jbotsim.io.format.graph6.Graph6TopologySerializerTest" time="0.002"/>
  <testcase name="checkDecodeEncodeChangeHeaderGraphs(String)[62]" classname="io.jbotsim.io.format.graph6.Graph6TopologySerializerTest" time="0.001"/>
  <testcase name="checkDecodeEncodeChangeHeaderGraphs(String)[63]" classname="io.jbotsim.io.format.graph6.Graph6TopologySerializerTest" time="0.003"/>
  <testcase name="checkDecodeEncodeChangeHeaderGraphs(String)[64]" classname="io.jbotsim.io.format.graph6.Graph6TopologySerializerTest" time="0.001"/>
  <testcase name="checkDecodeEncodeChangeHeaderGraphs(String)[65]" classname="io.jbotsim.io.format.graph6.Graph6TopologySerializerTest" time="0.0"/>
  <testcase name="checkDecodeEncodeChangeHeaderGraphs(String)[66]" classname="io.jbotsim.io.format.graph6.Graph6TopologySerializerTest" time="0.0"/>
  <testcase name="checkDecodeEncodeChangeHeaderGraphs(String)[67]" classname="io.jbotsim.io.format.graph6.Graph6TopologySerializerTest" time="0.002"/>
  <testcase name="checkDecodeEncodeChangeHeaderGraphs(String)[68]" classname="io.jbotsim.io.format.graph6.Graph6TopologySerializerTest" time="0.0"/>
  <testcase name="checkDecodeEncodeChangeHeaderGraphs(String)[69]" classname="io.jbotsim.io.format.graph6.Graph6TopologySerializerTest" time="0.001"/>
  <testcase name="checkDecodeEncodeChangeHeaderGraphs(String)[70]" classname="io.jbotsim.io.format.graph6.Graph6TopologySerializerTest" time="0.0"/>
  <testcase name="checkDecodeEncodeChangeHeaderGraphs(String)[71]" classname="io.jbotsim.io.format.graph6.Graph6TopologySerializerTest" time="0.0"/>
  <testcase name="checkDecodeEncodeChangeHeaderGraphs(String)[72]" classname="io.jbotsim.io.format.graph6.Graph6TopologySerializerTest" time="0.0"/>
  <testcase name="checkDecodeEncodeChangeHeaderGraphs(String)[73]" classname="io.jbotsim.io.format.graph6.Graph6TopologySerializerTest" time="0.001"/>
  <testcase name="checkDecodeEncodeChangeHeaderGraphs(String)[74]" classname="io.jbotsim.io.format.graph6.Graph6TopologySerializerTest" time="0.0"/>
  <testcase name="checkDecodeEncodeChangeHeaderGraphs(String)[75]" classname="io.jbotsim.io.format.graph6.Graph6TopologySerializerTest" time="0.001"/>
  <testcase name="checkDecodeEncodeChangeHeaderGraphs(String)[76]" classname="io.jbotsim.io.format.graph6.Graph6TopologySerializerTest" time="0.005"/>
  <testcase name="checkDecodeEncodeChangeHeaderGraphs(String)[77]" classname="io.jbotsim.io.format.graph6.Graph6TopologySerializerTest" time="0.0"/>
  <testcase name="checkDecodeEncodeChangeHeaderGraphs(String)[78]" classname="io.jbotsim.io.format.graph6.Graph6TopologySerializerTest" time="0.001"/>
  <testcase name="checkDecodeEncodeChangeHeaderGraphs(String)[79]" classname="io.jbotsim.io.format.graph6.Graph6TopologySerializerTest" time="0.001"/>
  <testcase name="checkDecodeEncodeChangeHeaderGraphs(String)[80]" classname="io.jbotsim.io.format.graph6.Graph6TopologySerializerTest" time="0.001"/>
  <testcase name="checkDecodeEncodeChangeHeaderGraphs(String)[81]" classname="io.jbotsim.io.format.graph6.Graph6TopologySerializerTest" time="0.0"/>
  <testcase name="checkDecodeEncodeChangeHeaderGraphs(String)[82]" classname="io.jbotsim.io.format.graph6.Graph6TopologySerializerTest" time="0.004"/>
  <testcase name="checkDecodeEncodeChangeHeaderGraphs(String)[83]" classname="io.jbotsim.io.format.graph6.Graph6TopologySerializerTest" time="0.001"/>
  <testcase name="checkDecodeEncodeChangeHeaderGraphs(String)[84]" classname="io.jbotsim.io.format.graph6.Graph6TopologySerializerTest" time="0.0"/>
  <testcase name="checkDecodeEncodeChangeHeaderGraphs(String)[85]" classname="io.jbotsim.io.format.graph6.Graph6TopologySerializerTest" time="0.0"/>
  <testcase name="checkDecodeEncodeChangeHeaderGraphs(String)[86]" classname="io.jbotsim.io.format.graph6.Graph6TopologySerializerTest" time="0.0"/>
  <testcase name="checkDecodeEncodeChangeHeaderGraphs(String)[87]" classname="io.jbotsim.io.format.graph6.Graph6TopologySerializerTest" time="0.001"/>
  <testcase name="checkDecodeEncodeChangeHeaderGraphs(String)[88]" classname="io.jbotsim.io.format.graph6.Graph6TopologySerializerTest" time="0.003"/>
  <testcase name="checkDecodeEncodeChangeHeaderGraphs(String)[89]" classname="io.jbotsim.io.format.graph6.Graph6TopologySerializerTest" time="0.001"/>
  <testcase name="checkDecodeEncodeChangeHeaderGraphs(String)[90]" classname="io.jbotsim.io.format.graph6.Graph6TopologySerializerTest" time="0.0"/>
  <testcase name="checkDecodeEncodeChangeHeaderGraphs(String)[91]" classname="io.jbotsim.io.format.graph6.Graph6TopologySerializerTest" time="0.0"/>
  <testcase name="checkDecodeEncodeChangeHeaderGraphs(String)[92]" classname="io.jbotsim.io.format.graph6.Graph6TopologySerializerTest" time="0.003"/>
  <testcase name="checkDecodeEncodeChangeHeaderGraphs(String)[93]" classname="io.jbotsim.io.format.graph6.Graph6TopologySerializerTest" time="0.002"/>
  <testcase name="checkDecodeEncodeChangeHeaderGraphs(String)[94]" classname="io.jbotsim.io.format.graph6.Graph6TopologySerializerTest" time="0.0"/>
  <testcase name="checkDecodeEncodeChangeHeaderGraphs(String)[95]" classname="io.jbotsim.io.format.graph6.Graph6TopologySerializerTest" time="0.003"/>
  <testcase name="checkDecodeEncodeChangeHeaderGraphs(String)[96]" classname="io.jbotsim.io.format.graph6.Graph6TopologySerializerTest" time="0.003"/>
  <testcase name="checkDecodeEncodeChangeHeaderGraphs(String)[97]" classname="io.jbotsim.io.format.graph6.Graph6TopologySerializerTest" time="0.001"/>
  <testcase name="checkDecodeEncodeChangeHeaderGraphs(String)[98]" classname="io.jbotsim.io.format.graph6.Graph6TopologySerializerTest" time="0.001"/>
  <testcase name="checkDecodeEncodeChangeHeaderGraphs(String)[99]" classname="io.jbotsim.io.format.graph6.Graph6TopologySerializerTest" time="0.0"/>
  <testcase name="checkDecodeEncodeChangeHeaderGraphs(String)[100]" classname="io.jbotsim.io.format.graph6.Graph6TopologySerializerTest" time="0.005"/>
  <testcase name="checkDecodeEncodeChangeHeaderGraphs(String)[101]" classname="io.jbotsim.io.format.graph6.Graph6TopologySerializerTest" time="0.001"/>
  <testcase name="checkDecodeEncodeChangeHeaderGraphs(String)[102]" classname="io.jbotsim.io.format.graph6.Graph6TopologySerializerTest" time="0.0"/>
  <testcase name="checkDecodeEncodeChangeHeaderGraphs(String)[103]" classname="io.jbotsim.io.format.graph6.Graph6TopologySerializerTest" time="0.001"/>
  <testcase name="checkDecodeEncodeChangeHeaderGraphs(String)[104]" classname="io.jbotsim.io.format.graph6.Graph6TopologySerializerTest" time="0.003"/>
  <testcase name="checkDecodeEncodeChangeHeaderGraphs(String)[105]" classname="io.jbotsim.io.format.graph6.Graph6TopologySerializerTest" time="0.0"/>
  <testcase name="checkDecodeEncodeChangeHeaderGraphs(String)[106]" classname="io.jbotsim.io.format.graph6.Graph6TopologySerializerTest" time="0.0"/>
  <testcase name="checkDecodeEncodeChangeHeaderGraphs(String)[107]" classname="io.jbotsim.io.format.graph6.Graph6TopologySerializerTest" time="0.0"/>
  <testcase name="checkDecodeEncodeChangeHeaderGraphs(String)[108]" classname="io.jbotsim.io.format.graph6.Graph6TopologySerializerTest" time="0.001"/>
  <testcase name="checkDecodeEncodeChangeHeaderGraphs(String)[109]" classname="io.jbotsim.io.format.graph6.Graph6TopologySerializerTest" time="0.0"/>
  <testcase name="checkDecodeEncodeChangeHeaderGraphs(String)[110]" classname="io.jbotsim.io.format.graph6.Graph6TopologySerializerTest" time="0.0"/>
  <testcase name="checkDecodeEncodeChangeHeaderGraphs(String)[111]" classname="io.jbotsim.io.format.graph6.Graph6TopologySerializerTest" time="0.007"/>
  <testcase name="checkDecodeEncodeChangeHeaderGraphs(String)[112]" classname="io.jbotsim.io.format.graph6.Graph6TopologySerializerTest" time="0.0"/>
  <testcase name="checkDecodeEncodeChangeHeaderGraphs(String)[113]" classname="io.jbotsim.io.format.graph6.Graph6TopologySerializerTest" time="0.0"/>
  <testcase name="checkDecodeEncodeChangeHeaderGraphs(String)[114]" classname="io.jbotsim.io.format.graph6.Graph6TopologySerializerTest" time="0.0"/>
  <testcase name="checkDecodeEncodeChangeHeaderGraphs(String)[115]" classname="io.jbotsim.io.format.graph6.Graph6TopologySerializerTest" time="0.001"/>
  <testcase name="checkDecodeEncodeChangeHeaderGraphs(String)[116]" classname="io.jbotsim.io.format.graph6.Graph6TopologySerializerTest" time="0.002"/>
  <testcase name="checkDecodeEncodeChangeHeaderGraphs(String)[117]" classname="io.jbotsim.io.format.graph6.Graph6TopologySerializerTest" time="0.002"/>
  <testcase name="checkDecodeEncodeChangeHeaderGraphs(String)[118]" classname="io.jbotsim.io.format.graph6.Graph6TopologySerializerTest" time="0.002"/>
  <testcase name="checkDecodeEncodeChangeHeaderGraphs(String)[119]" classname="io.jbotsim.io.format.graph6.Graph6TopologySerializerTest" time="0.003"/>
  <testcase name="checkDecodeEncodeChangeHeaderGraphs(String)[120]" classname="io.jbotsim.io.format.graph6.Graph6TopologySerializerTest" time="0.002"/>
  <testcase name="checkDecodeEncodeChangeHeaderGraphs(String)[121]" classname="io.jbotsim.io.format.graph6.Graph6TopologySerializerTest" time="0.001"/>
  <testcase name="checkDecodeEncodeChangeHeaderGraphs(String)[122]" classname="io.jbotsim.io.format.graph6.Graph6TopologySerializerTest" time="0.0"/>
  <testcase name="checkDecodeEncodeChangeHeaderGraphs(String)[123]" classname="io.jbotsim.io.format.graph6.Graph6TopologySerializerTest" time="0.0"/>
  <testcase name="checkDecodeEncodeChangeHeaderGraphs(String)[124]" classname="io.jbotsim.io.format.graph6.Graph6TopologySerializerTest" time="0.0"/>
  <testcase name="checkDecodeEncodeChangeHeaderGraphs(String)[125]" classname="io.jbotsim.io.format.graph6.Graph6TopologySerializerTest" time="0.001"/>
  <testcase name="checkDecodeEncodeChangeHeaderGraphs(String)[126]" classname="io.jbotsim.io.format.graph6.Graph6TopologySerializerTest" time="0.0"/>
  <testcase name="checkDecodeEncodeChangeHeaderGraphs(String)[127]" classname="io.jbotsim.io.format.graph6.Graph6TopologySerializerTest" time="0.001"/>
  <testcase name="checkDecodeEncodeChangeHeaderGraphs(String)[128]" classname="io.jbotsim.io.format.graph6.Graph6TopologySerializerTest" time="0.004"/>
  <testcase name="checkDecodeEncodeChangeHeaderGraphs(String)[129]" classname="io.jbotsim.io.format.graph6.Graph6TopologySerializerTest" time="0.003"/>
  <testcase name="checkDecodeEncodeChangeHeaderGraphs(String)[130]" classname="io.jbotsim.io.format.graph6.Graph6TopologySerializerTest" time="0.003"/>
  <testcase name="checkDecodeEncodeChangeHeaderGraphs(String)[131]" classname="io.jbotsim.io.format.graph6.Graph6TopologySerializerTest" time="0.004"/>
  <testcase name="checkDecodeEncodeChangeHeaderGraphs(String)[132]" classname="io.jbotsim.io.format.graph6.Graph6TopologySerializerTest" time="0.001"/>
  <testcase name="checkDecodeEncodeChangeHeaderGraphs(String)[133]" classname="io.jbotsim.io.format.graph6.Graph6TopologySerializerTest" time="0.001"/>
  <testcase name="checkDecodeEncodeChangeHeaderGraphs(String)[134]" classname="io.jbotsim.io.format.graph6.Graph6TopologySerializerTest" time="0.0"/>
  <testcase name="checkDecodeEncodeChangeHeaderGraphs(String)[135]" classname="io.jbotsim.io.format.graph6.Graph6TopologySerializerTest" time="0.001"/>
  <testcase name="checkDecodeEncodeChangeHeaderGraphs(String)[136]" classname="io.jbotsim.io.format.graph6.Graph6TopologySerializerTest" time="0.0"/>
  <testcase name="checkDecodeEncodeChangeHeaderGraphs(String)[137]" classname="io.jbotsim.io.format.graph6.Graph6TopologySerializerTest" time="0.0"/>
  <testcase name="checkDecodeEncodeChangeHeaderGraphs(String)[138]" classname="io.jbotsim.io.format.graph6.Graph6TopologySerializerTest" time="0.0"/>
  <testcase name="checkDecodeEncodeChangeHeaderGraphs(String)[139]" classname="io.jbotsim.io.format.graph6.Graph6TopologySerializerTest" time="0.003"/>
  <testcase name="checkDecodeEncodeChangeHeaderGraphs(String)[140]" classname="io.jbotsim.io.format.graph6.Graph6TopologySerializerTest" time="0.0"/>
  <testcase name="checkDecodeEncodeChangeHeaderGraphs(String)[141]" classname="io.jbotsim.io.format.graph6.Graph6TopologySerializerTest" time="0.0"/>
  <testcase name="checkDecodeEncodeChangeHeaderGraphs(String)[142]" classname="io.jbotsim.io.format.graph6.Graph6TopologySerializerTest" time="0.001"/>
  <testcase name="checkDecodeEncodeChangeHeaderGraphs(String)[143]" classname="io.jbotsim.io.format.graph6.Graph6TopologySerializerTest" time="0.001"/>
  <testcase name="checkDecodeEncodeChangeHeaderGraphs(String)[144]" classname="io.jbotsim.io.format.graph6.Graph6TopologySerializerTest" time="0.003"/>
  <testcase name="checkDecodeEncodeChangeHeaderGraphs(String)[145]" classname="io.jbotsim.io.format.graph6.Graph6TopologySerializerTest" time="0.003"/>
  <testcase name="checkDecodeEncodeChangeHeaderGraphs(String)[146]" classname="io.jbotsim.io.format.graph6.Graph6TopologySerializerTest" time="0.0"/>
  <testcase name="checkDecodeEncodeChangeHeaderGraphs(String)[147]" classname="io.jbotsim.io.format.graph6.Graph6TopologySerializerTest" time="0.0"/>
  <testcase name="checkDecodeEncodeChangeHeaderGraphs(String)[148]" classname="io.jbotsim.io.format.graph6.Graph6TopologySerializerTest" time="0.0"/>
  <testcase name="checkDecodeEncodeChangeHeaderGraphs(String)[149]" classname="io.jbotsim.io.format.graph6.Graph6TopologySerializerTest" time="0.0"/>
  <testcase name="checkDecodeEncodeChangeHeaderGraphs(String)[150]" classname="io.jbotsim.io.format.graph6.Graph6TopologySerializerTest" time="0.003"/>
  <testcase name="checkDecodeEncodeChangeHeaderGraphs(String)[151]" classname="io.jbotsim.io.format.graph6.Graph6TopologySerializerTest" time="0.0"/>
  <testcase name="checkDecodeEncodeChangeHeaderGraphs(String)[152]" classname="io.jbotsim.io.format.graph6.Graph6TopologySerializerTest" time="0.002"/>
  <testcase name="checkDecodeEncodeChangeHeaderGraphs(String)[153]" classname="io.jbotsim.io.format.graph6.Graph6TopologySerializerTest" time="0.004"/>
  <testcase name="checkDecodeEncodeChangeHeaderGraphs(String)[154]" classname="io.jbotsim.io.format.graph6.Graph6TopologySerializerTest" time="0.003"/>
  <testcase name="checkDecodeEncodeChangeHeaderGraphs(String)[155]" classname="io.jbotsim.io.format.graph6.Graph6TopologySerializerTest" time="0.0"/>
  <testcase name="checkDecodeEncodeChangeHeaderGraphs(String)[156]" classname="io.jbotsim.io.format.graph6.Graph6TopologySerializerTest" time="0.0"/>
  <testcase name="checkDecodeEncodeChangeHeaderGraphs(String)[157]" classname="io.jbotsim.io.format.graph6.Graph6TopologySerializerTest" time="0.001"/>
  <testcase name="checkDecodeEncodeChangeHeaderGraphs(String)[158]" classname="io.jbotsim.io.format.graph6.Graph6TopologySerializerTest" time="0.0"/>
  <testcase name="checkDecodeEncodeChangeHeaderGraphs(String)[159]" classname="io.jbotsim.io.format.graph6.Graph6TopologySerializerTest" time="0.005"/>
  <testcase name="checkDecodeEncodeChangeHeaderGraphs(String)[160]" classname="io.jbotsim.io.format.graph6.Graph6TopologySerializerTest" time="0.001"/>
  <testcase name="checkDecodeEncodeChangeHeaderGraphs(String)[161]" classname="io.jbotsim.io.format.graph6.Graph6TopologySerializerTest" time="0.0"/>
  <testcase name="checkDecodeEncodeChangeHeaderGraphs(String)[162]" classname="io.jbotsim.io.format.graph6.Graph6TopologySerializerTest" time="0.0"/>
  <testcase name="checkDecodeEncodeChangeHeaderGraphs(String)[163]" classname="io.jbotsim.io.format.graph6.Graph6TopologySerializerTest" time="0.002"/>
  <testcase name="checkDecodeEncodeChangeHeaderGraphs(String)[164]" classname="io.jbotsim.io.format.graph6.Graph6TopologySerializerTest" time="0.001"/>
  <testcase name="checkDecodeEncodeChangeHeaderGraphs(String)[165]" classname="io.jbotsim.io.format.graph6.Graph6TopologySerializerTest" time="0.0"/>
  <testcase name="checkDecodeEncodeChangeHeaderGraphs(String)[166]" classname="io.jbotsim.io.format.graph6.Graph6TopologySerializerTest" time="0.003"/>
  <testcase name="checkDecodeEncodeChangeHeaderGraphs(String)[167]" classname="io.jbotsim.io.format.graph6.Graph6TopologySerializerTest" time="0.001"/>
  <testcase name="checkDecodeEncodeChangeHeaderGraphs(String)[168]" classname="io.jbotsim.io.format.graph6.Graph6TopologySerializerTest" time="0.005"/>
  <testcase name="checkDecodeEncodeChangeHeaderGraphs(String)[169]" classname="io.jbotsim.io.format.graph6.Graph6TopologySerializerTest" time="0.001"/>
  <testcase name="checkDecodeEncodeChangeHeaderGraphs(String)[170]" classname="io.jbotsim.io.format.graph6.Graph6TopologySerializerTest" time="0.004"/>
  <testcase name="checkDecodeEncodeChangeHeaderGraphs(String)[171]" classname="io.jbotsim.io.format.graph6.Graph6TopologySerializerTest" time="0.001"/>
  <testcase name="checkDecodeEncodeChangeHeaderGraphs(String)[172]" classname="io.jbotsim.io.format.graph6.Graph6TopologySerializerTest" time="0.001"/>
  <testcase name="checkDecodeEncodeChangeHeaderGraphs(String)[173]" classname="io.jbotsim.io.format.graph6.Graph6TopologySerializerTest" time="0.0"/>
  <testcase name="checkDecodeEncodeChangeHeaderGraphs(String)[174]" classname="io.jbotsim.io.format.graph6.Graph6TopologySerializerTest" time="0.0"/>
  <testcase name="checkDecodeEncodeChangeHeaderGraphs(String)[175]" classname="io.jbotsim.io.format.graph6.Graph6TopologySerializerTest" time="0.0"/>
  <testcase name="checkDecodeEncodeChangeHeaderGraphs(String)[176]" classname="io.jbotsim.io.format.graph6.Graph6TopologySerializerTest" time="0.0"/>
  <testcase name="checkDecodeEncodeChangeHeaderGraphs(String)[177]" classname="io.jbotsim.io.format.graph6.Graph6TopologySerializerTest" time="0.001"/>
  <testcase name="checkDecodeEncodeChangeHeaderGraphs(String)[178]" classname="io.jbotsim.io.format.graph6.Graph6TopologySerializerTest" time="0.001"/>
  <testcase name="checkDecodeEncodeChangeHeaderGraphs(String)[179]" classname="io.jbotsim.io.format.graph6.Graph6TopologySerializerTest" time="0.001"/>
  <testcase name="checkDecodeEncodeChangeHeaderGraphs(String)[180]" classname="io.jbotsim.io.format.graph6.Graph6TopologySerializerTest" time="0.001"/>
  <testcase name="checkDecodeEncodeChangeHeaderGraphs(String)[181]" classname="io.jbotsim.io.format.graph6.Graph6TopologySerializerTest" time="0.002"/>
  <testcase name="checkDecodeEncodeChangeHeaderGraphs(String)[182]" classname="io.jbotsim.io.format.graph6.Graph6TopologySerializerTest" time="0.0"/>
  <testcase name="checkDecodeEncodeChangeHeaderGraphs(String)[183]" classname="io.jbotsim.io.format.graph6.Graph6TopologySerializerTest" time="0.004"/>
  <testcase name="checkDecodeEncodeChangeHeaderGraphs(String)[184]" classname="io.jbotsim.io.format.graph6.Graph6TopologySerializerTest" time="0.0"/>
  <testcase name="checkDecodeEncodeChangeHeaderGraphs(String)[185]" classname="io.jbotsim.io.format.graph6.Graph6TopologySerializerTest" time="0.0"/>
  <testcase name="checkDecodeEncodeChangeHeaderGraphs(String)[186]" classname="io.jbotsim.io.format.graph6.Graph6TopologySerializerTest" time="0.0"/>
  <testcase name="checkDecodeEncodeChangeHeaderGraphs(String)[187]" classname="io.jbotsim.io.format.graph6.Graph6TopologySerializerTest" time="0.001"/>
  <testcase name="checkDecodeEncodeChangeHeaderGraphs(String)[188]" classname="io.jbotsim.io.format.graph6.Graph6TopologySerializerTest" time="0.0"/>
  <testcase name="checkDecodeEncodeChangeHeaderGraphs(String)[189]" classname="io.jbotsim.io.format.graph6.Graph6TopologySerializerTest" time="0.0"/>
  <testcase name="checkDecodeEncodeChangeHeaderGraphs(String)[190]" classname="io.jbotsim.io.format.graph6.Graph6TopologySerializerTest" time="0.0"/>
  <testcase name="checkDecodeEncodeChangeHeaderGraphs(String)[191]" classname="io.jbotsim.io.format.graph6.Graph6TopologySerializerTest" time="0.0"/>
  <testcase name="checkDecodeEncodeChangeHeaderGraphs(String)[192]" classname="io.jbotsim.io.format.graph6.Graph6TopologySerializerTest" time="0.002"/>
  <testcase name="checkDecodeEncodeChangeHeaderGraphs(String)[193]" classname="io.jbotsim.io.format.graph6.Graph6TopologySerializerTest" time="0.001"/>
  <testcase name="checkDecodeEncodeChangeHeaderGraphs(String)[194]" classname="io.jbotsim.io.format.graph6.Graph6TopologySerializerTest" time="0.0"/>
  <testcase name="checkDecodeEncodeChangeHeaderGraphs(String)[195]" classname="io.jbotsim.io.format.graph6.Graph6TopologySerializerTest" time="0.0"/>
  <testcase name="checkDecodeEncodeChangeHeaderGraphs(String)[196]" classname="io.jbotsim.io.format.graph6.Graph6TopologySerializerTest" time="0.002"/>
  <testcase name="checkDecodeEncodeChangeHeaderGraphs(String)[197]" classname="io.jbotsim.io.format.graph6.Graph6TopologySerializerTest" time="0.001"/>
  <testcase name="checkDecodeEncodeChangeHeaderGraphs(String)[198]" classname="io.jbotsim.io.format.graph6.Graph6TopologySerializerTest" time="0.0"/>
  <testcase name="checkDecodeEncodeChangeHeaderGraphs(String)[199]" classname="io.jbotsim.io.format.graph6.Graph6TopologySerializerTest" time="0.0"/>
  <testcase name="checkDecodeEncodeChangeHeaderGraphs(String)[200]" classname="io.jbotsim.io.format.graph6.Graph6TopologySerializerTest" time="0.0"/>
  <testcase name="checkDecodeEncodeChangeHeaderGraphs(String)[201]" classname="io.jbotsim.io.format.graph6.Graph6TopologySerializerTest" time="0.0"/>
  <testcase name="checkDecodeEncodeChangeHeaderGraphs(String)[202]" classname="io.jbotsim.io.format.graph6.Graph6TopologySerializerTest" time="0.0"/>
  <testcase name="checkDecodeEncodeChangeHeaderGraphs(String)[203]" classname="io.jbotsim.io.format.graph6.Graph6TopologySerializerTest" time="0.0"/>
  <testcase name="checkDecodeEncodeChangeHeaderGraphs(String)[204]" classname="io.jbotsim.io.format.graph6.Graph6TopologySerializerTest" time="0.003"/>
  <testcase name="checkDecodeEncodeChangeHeaderGraphs(String)[205]" classname="io.jbotsim.io.format.graph6.Graph6TopologySerializerTest" time="0.003"/>
  <testcase name="checkDecodeEncodeChangeHeaderGraphs(String)[206]" classname="io.jbotsim.io.format.graph6.Graph6TopologySerializerTest" time="0.0"/>
  <testcase name="checkDecodeEncodeChangeHeaderGraphs(String)[207]" classname="io.jbotsim.io.format.graph6.Graph6TopologySerializerTest" time="0.001"/>
  <testcase name="checkDecodeEncodeChangeHeaderGraphs(String)[208]" classname="io.jbotsim.io.format.graph6.Graph6TopologySerializerTest" time="0.0"/>
  <testcase name="checkDecodeEncodeChangeHeaderGraphs(String)[209]" classname="io.jbotsim.io.format.graph6.Graph6TopologySerializerTest" time="0.001"/>
  <testcase name="checkDecodeEncodeChangeHeaderGraphs(String)[210]" classname="io.jbotsim.io.format.graph6.Graph6TopologySerializerTest" time="0.001"/>
  <testcase name="checkDecodeEncodeChangeHeaderGraphs(String)[211]" classname="io.jbotsim.io.format.graph6.Graph6TopologySerializerTest" time="0.0"/>
  <testcase name="checkDecodeEncodeChangeHeaderGraphs(String)[212]" classname="io.jbotsim.io.format.graph6.Graph6TopologySerializerTest" time="0.0"/>
  <testcase name="checkDecodeEncodeChangeHeaderGraphs(String)[213]" classname="io.jbotsim.io.format.graph6.Graph6TopologySerializerTest" time="0.001"/>
  <testcase name="checkDecodeEncodeChangeHeaderGraphs(String)[214]" classname="io.jbotsim.io.format.graph6.Graph6TopologySerializerTest" time="0.0"/>
  <testcase name="checkDecodeEncodeChangeHeaderGraphs(String)[215]" classname="io.jbotsim.io.format.graph6.Graph6TopologySerializerTest" time="0.0"/>
  <testcase name="checkDecodeEncodeChangeHeaderGraphs(String)[216]" classname="io.jbotsim.io.format.graph6.Graph6TopologySerializerTest" time="0.001"/>
  <testcase name="checkDecodeEncodeChangeHeaderGraphs(String)[217]" classname="io.jbotsim.io.format.graph6.Graph6TopologySerializerTest" time="0.001"/>
  <testcase name="checkDecodeEncodeChangeHeaderGraphs(String)[218]" classname="io.jbotsim.io.format.graph6.Graph6TopologySerializerTest" time="0.0"/>
  <testcase name="checkDecodeEncodeChangeHeaderGraphs(String)[219]" classname="io.jbotsim.io.format.graph6.Graph6TopologySerializerTest" time="0.0"/>
  <testcase name="checkDecodeEncodeChangeHeaderGraphs(String)[220]" classname="io.jbotsim.io.format.graph6.Graph6TopologySerializerTest" time="0.001"/>
  <testcase name="checkDecodeEncodeChangeHeaderGraphs(String)[221]" classname="io.jbotsim.io.format.graph6.Graph6TopologySerializerTest" time="0.001"/>
  <testcase name="checkDecodeEncodeChangeHeaderGraphs(String)[222]" classname="io.jbotsim.io.format.graph6.Graph6TopologySerializerTest" time="0.001"/>
  <testcase name="checkDecodeEncodeChangeHeaderGraphs(String)[223]" classname="io.jbotsim.io.format.graph6.Graph6TopologySerializerTest" time="0.0"/>
  <testcase name="checkDecodeEncodeChangeHeaderGraphs(String)[224]" classname="io.jbotsim.io.format.graph6.Graph6TopologySerializerTest" time="0.001"/>
  <testcase name="checkDecodeEncodeChangeHeaderGraphs(String)[225]" classname="io.jbotsim.io.format.graph6.Graph6TopologySerializerTest" time="0.001"/>
  <testcase name="checkDecodeEncodeChangeHeaderGraphs(String)[226]" classname="io.jbotsim.io.format.graph6.Graph6TopologySerializerTest" time="0.001"/>
  <testcase name="checkDecodeEncodeChangeHeaderGraphs(String)[227]" classname="io.jbotsim.io.format.graph6.Graph6TopologySerializerTest" time="0.0"/>
  <testcase name="checkDecodeEncodeChangeHeaderGraphs(String)[228]" classname="io.jbotsim.io.format.graph6.Graph6TopologySerializerTest" time="0.0"/>
  <testcase name="checkDecodeEncodeChangeHeaderGraphs(String)[229]" classname="io.jbotsim.io.format.graph6.Graph6TopologySerializerTest" time="0.002"/>
  <testcase name="checkDecodeEncodeChangeHeaderGraphs(String)[230]" classname="io.jbotsim.io.format.graph6.Graph6TopologySerializerTest" time="0.001"/>
  <testcase name="checkDecodeEncodeChangeHeaderGraphs(String)[231]" classname="io.jbotsim.io.format.graph6.Graph6TopologySerializerTest" time="0.001"/>
  <testcase name="checkDecodeEncodeChangeHeaderGraphs(String)[232]" classname="io.jbotsim.io.format.graph6.Graph6TopologySerializerTest" time="0.001"/>
  <testcase name="checkDecodeEncodeChangeHeaderGraphs(String)[233]" classname="io.jbotsim.io.format.graph6.Graph6TopologySerializerTest" time="0.003"/>
  <testcase name="checkDecodeEncodeChangeHeaderGraphs(String)[234]" classname="io.jbotsim.io.format.graph6.Graph6TopologySerializerTest" time="0.002"/>
  <testcase name="checkDecodeEncodeChangeHeaderGraphs(String)[235]" classname="io.jbotsim.io.format.graph6.Graph6TopologySerializerTest" time="0.001"/>
  <testcase name="checkDecodeEncodeChangeHeaderGraphs(String)[236]" classname="io.jbotsim.io.format.graph6.Graph6TopologySerializerTest" time="0.0"/>
  <testcase name="checkDecodeEncodeChangeHeaderGraphs(String)[237]" classname="io.jbotsim.io.format.graph6.Graph6TopologySerializerTest" time="0.003"/>
  <testcase name="checkDecodeEncodeChangeHeaderGraphs(String)[238]" classname="io.jbotsim.io.format.graph6.Graph6TopologySerializerTest" time="0.003"/>
  <testcase name="checkDecodeEncodeChangeHeaderGraphs(String)[239]" classname="io.jbotsim.io.format.graph6.Graph6TopologySerializerTest" time="0.0"/>
  <testcase name="checkDecodeEncodeChangeHeaderGraphs(String)[240]" classname="io.jbotsim.io.format.graph6.Graph6TopologySerializerTest" time="0.001"/>
  <testcase name="checkDecodeEncodeChangeHeaderGraphs(String)[241]" classname="io.jbotsim.io.format.graph6.Graph6TopologySerializerTest" time="0.004"/>
  <testcase name="checkDecodeEncodeChangeHeaderGraphs(String)[242]" classname="io.jbotsim.io.format.graph6.Graph6TopologySerializerTest" time="0.0"/>
  <testcase name="checkDecodeEncodeChangeHeaderGraphs(String)[243]" classname="io.jbotsim.io.format.graph6.Graph6TopologySerializerTest" time="0.001"/>
  <testcase name="checkDecodeEncodeChangeHeaderGraphs(String)[244]" classname="io.jbotsim.io.format.graph6.Graph6TopologySerializerTest" time="0.002"/>
  <testcase name="checkDecodeEncodeChangeHeaderGraphs(String)[245]" classname="io.jbotsim.io.format.graph6.Graph6TopologySerializerTest" time="0.001"/>
  <testcase name="checkDecodeEncodeChangeHeaderGraphs(String)[246]" classname="io.jbotsim.io.format.graph6.Graph6TopologySerializerTest" time="0.001"/>
  <testcase name="checkDecodeEncodeChangeHeaderGraphs(String)[247]" classname="io.jbotsim.io.format.graph6.Graph6TopologySerializerTest" time="0.004"/>
  <testcase name="checkDecodeEncodeChangeHeaderGraphs(String)[248]" classname="io.jbotsim.io.format.graph6.Graph6TopologySerializerTest" time="0.002"/>
  <testcase name="checkDecodeEncodeChangeHeaderGraphs(String)[249]" classname="io.jbotsim.io.format.graph6.Graph6TopologySerializerTest" time="0.001"/>
  <testcase name="checkDecodeEncodeChangeHeaderGraphs(String)[250]" classname="io.jbotsim.io.format.graph6.Graph6TopologySerializerTest" time="0.001"/>
  <testcase name="checkDecodeEncodeChangeHeaderGraphs(String)[251]" classname="io.jbotsim.io.format.graph6.Graph6TopologySerializerTest" time="0.0"/>
  <testcase name="checkDecodeEncodeChangeHeaderGraphs(String)[252]" classname="io.jbotsim.io.format.graph6.Graph6TopologySerializerTest" time="0.0"/>
  <testcase name="checkDecodeEncodeChangeHeaderGraphs(String)[253]" classname="io.jbotsim.io.format.graph6.Graph6TopologySerializerTest" time="0.0"/>
  <testcase name="checkDecodeEncodeChangeHeaderGraphs(String)[254]" classname="io.jbotsim.io.format.graph6.Graph6TopologySerializerTest" time="0.0"/>
  <testcase name="checkDecodeEncodeChangeHeaderGraphs(String)[255]" classname="io.jbotsim.io.format.graph6.Graph6TopologySerializerTest" time="0.0"/>
  <testcase name="checkDecodeEncodeChangeHeaderGraphs(String)[256]" classname="io.jbotsim.io.format.graph6.Graph6TopologySerializerTest" time="0.002"/>
  <testcase name="checkDecodeEncodeChangeHeaderGraphs(String)[257]" classname="io.jbotsim.io.format.graph6.Graph6TopologySerializerTest" time="0.0"/>
  <testcase name="checkDecodeEncodeChangeHeaderGraphs(String)[258]" classname="io.jbotsim.io.format.graph6.Graph6TopologySerializerTest" time="0.0"/>
  <testcase name="checkDecodeEncodeChangeHeaderGraphs(String)[259]" classname="io.jbotsim.io.format.graph6.Graph6TopologySerializerTest" time="0.0"/>
  <testcase name="checkDecodeEncodeChangeHeaderGraphs(String)[260]" classname="io.jbotsim.io.format.graph6.Graph6TopologySerializerTest" time="0.001"/>
  <testcase name="checkDecodeEncodeChangeHeaderGraphs(String)[261]" classname="io.jbotsim.io.format.graph6.Graph6TopologySerializerTest" time="0.0"/>
  <testcase name="checkDecodeEncodeChangeHeaderGraphs(String)[262]" classname="io.jbotsim.io.format.graph6.Graph6TopologySerializerTest" time="0.002"/>
  <testcase name="checkDecodeEncodeChangeHeaderGraphs(String)[263]" classname="io.jbotsim.io.format.graph6.Graph6TopologySerializerTest" time="0.0"/>
  <testcase name="checkDecodeEncodeChangeHeaderGraphs(String)[264]" classname="io.jbotsim.io.format.graph6.Graph6TopologySerializerTest" time="0.001"/>
  <testcase name="checkDecodeEncodeChangeHeaderGraphs(String)[265]" classname="io.jbotsim.io.format.graph6.Graph6TopologySerializerTest" time="0.001"/>
  <testcase name="checkDecodeEncodeChangeHeaderGraphs(String)[266]" classname="io.jbotsim.io.format.graph6.Graph6TopologySerializerTest" time="0.001"/>
  <testcase name="checkDecodeEncodeChangeHeaderGraphs(String)[267]" classname="io.jbotsim.io.format.graph6.Graph6TopologySerializerTest" time="0.003"/>
  <testcase name="checkDecodeEncodeChangeHeaderGraphs(String)[268]" classname="io.jbotsim.io.format.graph6.Graph6TopologySerializerTest" time="0.0"/>
  <testcase name="checkDecodeEncodeChangeHeaderGraphs(String)[269]" classname="io.jbotsim.io.format.graph6.Graph6TopologySerializerTest" time="0.003"/>
  <testcase name="checkDecodeEncodeChangeHeaderGraphs(String)[270]" classname="io.jbotsim.io.format.graph6.Graph6TopologySerializerTest" time="0.001"/>
  <testcase name="checkDecodeEncodeChangeHeaderGraphs(String)[271]" classname="io.jbotsim.io.format.graph6.Graph6TopologySerializerTest" time="0.001"/>
  <testcase name="checkDecodeEncodeChangeHeaderGraphs(String)[272]" classname="io.jbotsim.io.format.graph6.Graph6TopologySerializerTest" time="0.0"/>
  <testcase name="checkDecodeEncodeChangeHeaderGraphs(String)[273]" classname="io.jbotsim.io.format.graph6.Graph6TopologySerializerTest" time="0.004"/>
  <testcase name="checkDecodeEncodeChangeHeaderGraphs(String)[274]" classname="io.jbotsim.io.format.graph6.Graph6TopologySerializerTest" time="0.0"/>
  <testcase name="checkDecodeEncodeChangeHeaderGraphs(String)[275]" classname="io.jbotsim.io.format.graph6.Graph6TopologySerializerTest" time="0.001"/>
  <testcase name="checkDecodeEncodeChangeHeaderGraphs(String)[276]" classname="io.jbotsim.io.format.graph6.Graph6TopologySerializerTest" time="0.0"/>
  <testcase name="checkDecodeEncodeChangeHeaderGraphs(String)[277]" classname="io.jbotsim.io.format.graph6.Graph6TopologySerializerTest" time="0.001"/>
  <testcase name="checkDecodeEncodeChangeHeaderGraphs(String)[278]" classname="io.jbotsim.io.format.graph6.Graph6TopologySerializerTest" time="0.002"/>
  <testcase name="checkDecodeEncodeChangeHeaderGraphs(String)[279]" classname="io.jbotsim.io.format.graph6.Graph6TopologySerializerTest" time="0.0"/>
  <testcase name="checkDecodeEncodeChangeHeaderGraphs(String)[280]" classname="io.jbotsim.io.format.graph6.Graph6TopologySerializerTest" time="0.002"/>
  <testcase name="checkDecodeEncodeChangeHeaderGraphs(String)[281]" classname="io.jbotsim.io.format.graph6.Graph6TopologySerializerTest" time="0.0"/>
  <testcase name="checkDecodeEncodeChangeHeaderGraphs(String)[282]" classname="io.jbotsim.io.format.graph6.Graph6TopologySerializerTest" time="0.001"/>
  <testcase name="checkDecodeEncodeChangeHeaderGraphs(String)[283]" classname="io.jbotsim.io.format.graph6.Graph6TopologySerializerTest" time="0.002"/>
  <testcase name="checkDecodeEncodeChangeHeaderGraphs(String)[284]" classname="io.jbotsim.io.format.graph6.Graph6TopologySerializerTest" time="0.001"/>
  <testcase name="checkDecodeEncodeChangeHeaderGraphs(String)[285]" classname="io.jbotsim.io.format.graph6.Graph6TopologySerializerTest" time="0.001"/>
  <testcase name="checkDecodeEncodeChangeHeaderGraphs(String)[286]" classname="io.jbotsim.io.format.graph6.Graph6TopologySerializerTest" time="0.0"/>
  <testcase name="checkDecodeEncodeChangeHeaderGraphs(String)[287]" classname="io.jbotsim.io.format.graph6.Graph6TopologySerializerTest" time="0.001"/>
  <testcase name="checkDecodeEncodeChangeHeaderGraphs(String)[288]" classname="io.jbotsim.io.format.graph6.Graph6TopologySerializerTest" time="0.004"/>
  <testcase name="checkDecodeEncodeChangeHeaderGraphs(String)[289]" classname="io.jbotsim.io.format.graph6.Graph6TopologySerializerTest" time="0.0"/>
  <testcase name="checkDecodeEncodeChangeHeaderGraphs(String)[290]" classname="io.jbotsim.io.format.graph6.Graph6TopologySerializerTest" time="0.0"/>
  <testcase name="checkDecodeEncodeChangeHeaderGraphs(String)[291]" classname="io.jbotsim.io.format.graph6.Graph6TopologySerializerTest" time="0.001"/>
  <testcase name="checkDecodeEncodeChangeHeaderGraphs(String)[292]" classname="io.jbotsim.io.format.graph6.Graph6TopologySerializerTest" time="0.0"/>
  <testcase name="checkDecodeEncodeChangeHeaderGraphs(String)[293]" classname="io.jbotsim.io.format.graph6.Graph6TopologySerializerTest" time="0.0"/>
  <testcase name="checkDecodeEncodeChangeHeaderGraphs(String)[294]" classname="io.jbotsim.io.format.graph6.Graph6TopologySerializerTest" time="0.001"/>
  <testcase name="checkDecodeEncodeChangeHeaderGraphs(String)[295]" classname="io.jbotsim.io.format.graph6.Graph6TopologySerializerTest" time="0.0"/>
  <testcase name="checkDecodeEncodeChangeHeaderGraphs(String)[296]" classname="io.jbotsim.io.format.graph6.Graph6TopologySerializerTest" time="0.001"/>
  <testcase name="checkDecodeEncodeChangeHeaderGraphs(String)[297]" classname="io.jbotsim.io.format.graph6.Graph6TopologySerializerTest" time="0.0"/>
  <testcase name="checkDecodeEncodeChangeHeaderGraphs(String)[298]" classname="io.jbotsim.io.format.graph6.Graph6TopologySerializerTest" time="0.001"/>
  <testcase name="checkDecodeEncodeChangeHeaderGraphs(String)[299]" classname="io.jbotsim.io.format.graph6.Graph6TopologySerializerTest" time="0.001"/>
  <testcase name="checkDecodeEncodeChangeHeaderGraphs(String)[300]" classname="io.jbotsim.io.format.graph6.Graph6TopologySerializerTest" time="0.005"/>
  <testcase name="checkDecodeEncodeChangeHeaderGraphs(String)[301]" classname="io.jbotsim.io.format.graph6.Graph6TopologySerializerTest" time="0.001"/>
  <testcase name="checkDecodeEncodeChangeHeaderGraphs(String)[302]" classname="io.jbotsim.io.format.graph6.Graph6TopologySerializerTest" time="0.0"/>
  <testcase name="checkDecodeEncodeChangeHeaderGraphs(String)[303]" classname="io.jbotsim.io.format.graph6.Graph6TopologySerializerTest" time="0.0"/>
  <testcase name="checkDecodeEncodeChangeHeaderGraphs(String)[304]" classname="io.jbotsim.io.format.graph6.Graph6TopologySerializerTest" time="0.0"/>
  <testcase name="checkDecodeEncodeChangeHeaderGraphs(String)[305]" classname="io.jbotsim.io.format.graph6.Graph6TopologySerializerTest" time="0.0"/>
  <testcase name="checkDecodeEncodeChangeHeaderGraphs(String)[306]" classname="io.jbotsim.io.format.graph6.Graph6TopologySerializerTest" time="0.001"/>
  <testcase name="checkDecodeEncodeChangeHeaderGraphs(String)[307]" classname="io.jbotsim.io.format.graph6.Graph6TopologySerializerTest" time="0.0"/>
  <testcase name="checkDecodeEncodeChangeHeaderGraphs(String)[308]" classname="io.jbotsim.io.format.graph6.Graph6TopologySerializerTest" time="0.001"/>
  <testcase name="checkDecodeEncodeChangeHeaderGraphs(String)[309]" classname="io.jbotsim.io.format.graph6.Graph6TopologySerializerTest" time="0.0"/>
  <testcase name="checkDecodeEncodeChangeHeaderGraphs(String)[310]" classname="io.jbotsim.io.format.graph6.Graph6TopologySerializerTest" time="0.003"/>
  <testcase name="checkDecodeEncodeChangeHeaderGraphs(String)[311]" classname="io.jbotsim.io.format.graph6.Graph6TopologySerializerTest" time="0.001"/>
  <testcase name="checkDecodeEncodeChangeHeaderGraphs(String)[312]" classname="io.jbotsim.io.format.graph6.Graph6TopologySerializerTest" time="0.0"/>
  <testcase name="checkDecodeEncodeChangeHeaderGraphs(String)[313]" classname="io.jbotsim.io.format.graph6.Graph6TopologySerializerTest" time="0.0"/>
  <testcase name="checkDecodeEncodeChangeHeaderGraphs(String)[314]" classname="io.jbotsim.io.format.graph6.Graph6TopologySerializerTest" time="0.0"/>
  <testcase name="checkDecodeEncodeChangeHeaderGraphs(String)[315]" classname="io.jbotsim.io.format.graph6.Graph6TopologySerializerTest" time="0.0"/>
  <testcase name="checkDecodeEncodeChangeHeaderGraphs(String)[316]" classname="io.jbotsim.io.format.graph6.Graph6TopologySerializerTest" time="0.001"/>
  <testcase name="checkDecodeEncodeChangeHeaderGraphs(String)[317]" classname="io.jbotsim.io.format.graph6.Graph6TopologySerializerTest" time="0.0"/>
  <testcase name="checkDecodeEncodeChangeHeaderGraphs(String)[318]" classname="io.jbotsim.io.format.graph6.Graph6TopologySerializerTest" time="0.004"/>
  <testcase name="checkDecodeEncodeChangeHeaderGraphs(String)[319]" classname="io.jbotsim.io.format.graph6.Graph6TopologySerializerTest" time="0.001"/>
  <testcase name="checkDecodeEncodeChangeHeaderGraphs(String)[320]" classname="io.jbotsim.io.format.graph6.Graph6TopologySerializerTest" time="0.001"/>
  <testcase name="checkDecodeEncodeChangeHeaderGraphs(String)[321]" classname="io.jbotsim.io.format.graph6.Graph6TopologySerializerTest" time="0.0"/>
  <testcase name="checkDecodeEncodeChangeHeaderGraphs(String)[322]" classname="io.jbotsim.io.format.graph6.Graph6TopologySerializerTest" time="0.0"/>
  <testcase name="checkDecodeEncodeChangeHeaderGraphs(String)[323]" classname="io.jbotsim.io.format.graph6.Graph6TopologySerializerTest" time="0.001"/>
  <testcase name="checkDecodeEncodeChangeHeaderGraphs(String)[324]" classname="io.jbotsim.io.format.graph6.Graph6TopologySerializerTest" time="0.001"/>
  <testcase name="checkDecodeEncodeChangeHeaderGraphs(String)[325]" classname="io.jbotsim.io.format.graph6.Graph6TopologySerializerTest" time="0.0"/>
  <testcase name="checkDecodeEncodeChangeHeaderGraphs(String)[326]" classname="io.jbotsim.io.format.graph6.Graph6TopologySerializerTest" time="0.0"/>
  <testcase name="checkDecodeEncodeChangeHeaderGraphs(String)[327]" classname="io.jbotsim.io.format.graph6.Graph6TopologySerializerTest" time="0.001"/>
  <testcase name="checkDecodeEncodeChangeHeaderGraphs(String)[328]" classname="io.jbotsim.io.format.graph6.Graph6TopologySerializerTest" time="0.001"/>
  <testcase name="checkDecodeEncodeChangeHeaderGraphs(String)[329]" classname="io.jbotsim.io.format.graph6.Graph6TopologySerializerTest" time="0.0"/>
  <testcase name="checkDecodeEncodeChangeHeaderGraphs(String)[330]" classname="io.jbotsim.io.format.graph6.Graph6TopologySerializerTest" time="0.0"/>
  <testcase name="checkDecodeEncodeChangeHeaderGraphs(String)[331]" classname="io.jbotsim.io.format.graph6.Graph6TopologySerializerTest" time="0.004"/>
  <testcase name="checkDecodeEncodeChangeHeaderGraphs(String)[332]" classname="io.jbotsim.io.format.graph6.Graph6TopologySerializerTest" time="0.0"/>
  <testcase name="checkDecodeEncodeChangeHeaderGraphs(String)[333]" classname="io.jbotsim.io.format.graph6.Graph6TopologySerializerTest" time="0.0"/>
  <testcase name="checkDecodeEncodeChangeHeaderGraphs(String)[334]" classname="io.jbotsim.io.format.graph6.Graph6TopologySerializerTest" time="0.001"/>
  <testcase name="checkDecodeEncodeChangeHeaderGraphs(String)[335]" classname="io.jbotsim.io.format.graph6.Graph6TopologySerializerTest" time="0.001"/>
  <testcase name="checkDecodeEncodeChangeHeaderGraphs(String)[336]" classname="io.jbotsim.io.format.graph6.Graph6TopologySerializerTest" time="0.0"/>
  <testcase name="checkDecodeEncodeChangeHeaderGraphs(String)[337]" classname="io.jbotsim.io.format.graph6.Graph6TopologySerializerTest" time="0.0"/>
  <testcase name="checkDecodeEncodeChangeHeaderGraphs(String)[338]" classname="io.jbotsim.io.format.graph6.Graph6TopologySerializerTest" time="0.003"/>
  <testcase name="checkDecodeEncodeChangeHeaderGraphs(String)[339]" classname="io.jbotsim.io.format.graph6.Graph6TopologySerializerTest" time="0.0"/>
  <testcase name="checkDecodeEncodeChangeHeaderGraphs(String)[340]" classname="io.jbotsim.io.format.graph6.Graph6TopologySerializerTest" time="0.001"/>
  <testcase name="checkDecodeEncodeChangeHeaderGraphs(String)[341]" classname="io.jbotsim.io.format.graph6.Graph6TopologySerializerTest" time="0.001"/>
  <testcase name="checkDecodeEncodeChangeHeaderGraphs(String)[342]" classname="io.jbotsim.io.format.graph6.Graph6TopologySerializerTest" time="0.001"/>
  <testcase name="checkDecodeEncodeChangeHeaderGraphs(String)[343]" classname="io.jbotsim.io.format.graph6.Graph6TopologySerializerTest" time="0.001"/>
  <testcase name="checkDecodeEncodeChangeHeaderGraphs(String)[344]" classname="io.jbotsim.io.format.graph6.Graph6TopologySerializerTest" time="0.0"/>
  <testcase name="checkDecodeEncodeChangeHeaderGraphs(String)[345]" classname="io.jbotsim.io.format.graph6.Graph6TopologySerializerTest" time="0.005"/>
  <testcase name="checkDecodeEncodeChangeHeaderGraphs(String)[346]" classname="io.jbotsim.io.format.graph6.Graph6TopologySerializerTest" time="0.001"/>
  <testcase name="checkDecodeEncodeChangeHeaderGraphs(String)[347]" classname="io.jbotsim.io.format.graph6.Graph6TopologySerializerTest" time="0.0"/>
  <testcase name="checkDecodeEncodeChangeHeaderGraphs(String)[348]" classname="io.jbotsim.io.format.graph6.Graph6TopologySerializerTest" time="0.001"/>
  <testcase name="checkDecodeEncodeChangeHeaderGraphs(String)[349]" classname="io.jbotsim.io.format.graph6.Graph6TopologySerializerTest" time="0.001"/>
  <testcase name="checkDecodeEncodeChangeHeaderGraphs(String)[350]" classname="io.jbotsim.io.format.graph6.Graph6TopologySerializerTest" time="0.001"/>
  <testcase name="checkDecodeEncodeChangeHeaderGraphs(String)[351]" classname="io.jbotsim.io.format.graph6.Graph6TopologySerializerTest" time="0.0"/>
  <testcase name="checkDecodeEncodeChangeHeaderGraphs(String)[352]" classname="io.jbotsim.io.format.graph6.Graph6TopologySerializerTest" time="0.0"/>
  <testcase name="checkDecodeEncodeChangeHeaderGraphs(String)[353]" classname="io.jbotsim.io.format.graph6.Graph6TopologySerializerTest" time="0.001"/>
  <testcase name="checkDecodeEncodeChangeHeaderGraphs(String)[354]" classname="io.jbotsim.io.format.graph6.Graph6TopologySerializerTest" time="0.002"/>
  <testcase name="checkDecodeEncodeChangeHeaderGraphs(String)[355]" classname="io.jbotsim.io.format.graph6.Graph6TopologySerializerTest" time="0.0"/>
  <testcase name="checkDecodeEncodeChangeHeaderGraphs(String)[356]" classname="io.jbotsim.io.format.graph6.Graph6TopologySerializerTest" time="0.0"/>
  <testcase name="checkDecodeEncodeChangeHeaderGraphs(String)[357]" classname="io.jbotsim.io.format.graph6.Graph6TopologySerializerTest" time="0.001"/>
  <testcase name="checkDecodeEncodeChangeHeaderGraphs(String)[358]" classname="io.jbotsim.io.format.graph6.Graph6TopologySerializerTest" time="0.005"/>
  <testcase name="checkDecodeEncodeChangeHeaderGraphs(String)[359]" classname="io.jbotsim.io.format.graph6.Graph6TopologySerializerTest" time="0.0"/>
  <testcase name="checkDecodeEncodeChangeHeaderGraphs(String)[360]" classname="io.jbotsim.io.format.graph6.Graph6TopologySerializerTest" time="0.0"/>
  <testcase name="checkDecodeEncodeChangeHeaderGraphs(String)[361]" classname="io.jbotsim.io.format.graph6.Graph6TopologySerializerTest" time="0.0"/>
  <testcase name="checkDecodeEncodeChangeHeaderGraphs(String)[362]" classname="io.jbotsim.io.format.graph6.Graph6TopologySerializerTest" time="0.0"/>
  <testcase name="checkDecodeEncodeChangeHeaderGraphs(String)[363]" classname="io.jbotsim.io.format.graph6.Graph6TopologySerializerTest" time="0.004"/>
  <testcase name="checkDecodeEncodeChangeHeaderGraphs(String)[364]" classname="io.jbotsim.io.format.graph6.Graph6TopologySerializerTest" time="0.001"/>
  <testcase name="checkDecodeEncodeChangeHeaderGraphs(String)[365]" classname="io.jbotsim.io.format.graph6.Graph6TopologySerializerTest" time="0.004"/>
  <testcase name="checkDecodeEncodeChangeHeaderGraphs(String)[366]" classname="io.jbotsim.io.format.graph6.Graph6TopologySerializerTest" time="0.004"/>
  <testcase name="checkDecodeEncodeChangeHeaderGraphs(String)[367]" classname="io.jbotsim.io.format.graph6.Graph6TopologySerializerTest" time="0.003"/>
  <testcase name="checkDecodeEncodeChangeHeaderGraphs(String)[368]" classname="io.jbotsim.io.format.graph6.Graph6TopologySerializerTest" time="0.001"/>
  <testcase name="checkDecodeEncodeChangeHeaderGraphs(String)[369]" classname="io.jbotsim.io.format.graph6.Graph6TopologySerializerTest" time="0.0"/>
  <testcase name="checkDecodeEncodeChangeHeaderGraphs(String)[370]" classname="io.jbotsim.io.format.graph6.Graph6TopologySerializerTest" time="0.001"/>
  <testcase name="checkDecodeEncodeChangeHeaderGraphs(String)[371]" classname="io.jbotsim.io.format.graph6.Graph6TopologySerializerTest" time="0.001"/>
  <testcase name="checkDecodeEncodeChangeHeaderGraphs(String)[372]" classname="io.jbotsim.io.format.graph6.Graph6TopologySerializerTest" time="0.001"/>
  <testcase name="checkDecodeEncodeChangeHeaderGraphs(String)[373]" classname="io.jbotsim.io.format.graph6.Graph6TopologySerializerTest" time="0.0"/>
  <testcase name="checkDecodeEncodeChangeHeaderGraphs(String)[374]" classname="io.jbotsim.io.format.graph6.Graph6TopologySerializerTest" time="0.001"/>
  <testcase name="checkDecodeEncodeChangeHeaderGraphs(String)[375]" classname="io.jbotsim.io.format.graph6.Graph6TopologySerializerTest" time="0.0"/>
  <testcase name="checkDecodeEncodeChangeHeaderGraphs(String)[376]" classname="io.jbotsim.io.format.graph6.Graph6TopologySerializerTest" time="0.001"/>
  <testcase name="checkDecodeEncodeChangeHeaderGraphs(String)[377]" classname="io.jbotsim.io.format.graph6.Graph6TopologySerializerTest" time="0.001"/>
  <testcase name="checkDecodeEncodeChangeHeaderGraphs(String)[378]" classname="io.jbotsim.io.format.graph6.Graph6TopologySerializerTest" time="0.003"/>
  <testcase name="checkDecodeEncodeChangeHeaderGraphs(String)[379]" classname="io.jbotsim.io.format.graph6.Graph6TopologySerializerTest" time="0.001"/>
  <testcase name="checkDecodeEncodeChangeHeaderGraphs(String)[380]" classname="io.jbotsim.io.format.graph6.Graph6TopologySerializerTest" time="0.0"/>
  <testcase name="checkDecodeEncodeChangeHeaderGraphs(String)[381]" classname="io.jbotsim.io.format.graph6.Graph6TopologySerializerTest" time="0.001"/>
  <testcase name="checkDecodeEncodeChangeHeaderGraphs(String)[382]" classname="io.jbotsim.io.format.graph6.Graph6TopologySerializerTest" time="0.001"/>
  <testcase name="checkDecodeEncodeChangeHeaderGraphs(String)[383]" classname="io.jbotsim.io.format.graph6.Graph6TopologySerializerTest" time="0.002"/>
  <testcase name="checkDecodeEncodeChangeHeaderGraphs(String)[384]" classname="io.jbotsim.io.format.graph6.Graph6TopologySerializerTest" time="0.001"/>
  <testcase name="checkDecodeEncodeChangeHeaderGraphs(String)[385]" classname="io.jbotsim.io.format.graph6.Graph6TopologySerializerTest" time="0.0"/>
  <testcase name="checkDecodeEncodeChangeHeaderGraphs(String)[386]" classname="io.jbotsim.io.format.graph6.Graph6TopologySerializerTest" time="0.0"/>
  <testcase name="checkDecodeEncodeChangeHeaderGraphs(String)[387]" classname="io.jbotsim.io.format.graph6.Graph6TopologySerializerTest" time="0.002"/>
  <testcase name="checkDecodeEncodeChangeHeaderGraphs(String)[388]" classname="io.jbotsim.io.format.graph6.Graph6TopologySerializerTest" time="0.0"/>
  <testcase name="checkDecodeEncodeChangeHeaderGraphs(String)[389]" classname="io.jbotsim.io.format.graph6.Graph6TopologySerializerTest" time="0.0"/>
  <testcase name="checkDecodeEncodeChangeHeaderGraphs(String)[390]" classname="io.jbotsim.io.format.graph6.Graph6TopologySerializerTest" time="0.001"/>
  <testcase name="checkDecodeEncodeChangeHeaderGraphs(String)[391]" classname="io.jbotsim.io.format.graph6.Graph6TopologySerializerTest" time="0.004"/>
  <testcase name="checkDecodeEncodeChangeHeaderGraphs(String)[392]" classname="io.jbotsim.io.format.graph6.Graph6TopologySerializerTest" time="0.001"/>
  <testcase name="checkDecodeEncodeChangeHeaderGraphs(String)[393]" classname="io.jbotsim.io.format.graph6.Graph6TopologySerializerTest" time="0.0"/>
  <testcase name="checkDecodeEncodeChangeHeaderGraphs(String)[394]" classname="io.jbotsim.io.format.graph6.Graph6TopologySerializerTest" time="0.0"/>
  <testcase name="checkDecodeEncodeChangeHeaderGraphs(String)[395]" classname="io.jbotsim.io.format.graph6.Graph6TopologySerializerTest" time="0.001"/>
  <testcase name="checkDecodeEncodeChangeHeaderGraphs(String)[396]" classname="io.jbotsim.io.format.graph6.Graph6TopologySerializerTest" time="0.0"/>
  <testcase name="checkDecodeEncodeChangeHeaderGraphs(String)[397]" classname="io.jbotsim.io.format.graph6.Graph6TopologySerializerTest" time="0.004"/>
  <testcase name="checkDecodeEncodeChangeHeaderGraphs(String)[398]" classname="io.jbotsim.io.format.graph6.Graph6TopologySerializerTest" time="0.001"/>
  <testcase name="checkDecodeEncodeChangeHeaderGraphs(String)[399]" classname="io.jbotsim.io.format.graph6.Graph6TopologySerializerTest" time="0.0"/>
  <testcase name="checkDecodeEncodeChangeHeaderGraphs(String)[400]" classname="io.jbotsim.io.format.graph6.Graph6TopologySerializerTest" time="0.0"/>
  <testcase name="checkDecodeEncodeChangeHeaderGraphs(String)[401]" classname="io.jbotsim.io.format.graph6.Graph6TopologySerializerTest" time="0.0"/>
  <testcase name="checkDecodeEncodeChangeHeaderGraphs(String)[402]" classname="io.jbotsim.io.format.graph6.Graph6TopologySerializerTest" time="0.001"/>
  <testcase name="checkDecodeEncodeChangeHeaderGraphs(String)[403]" classname="io.jbotsim.io.format.graph6.Graph6TopologySerializerTest" time="0.004"/>
  <testcase name="checkDecodeEncodeChangeHeaderGraphs(String)[404]" classname="io.jbotsim.io.format.graph6.Graph6TopologySerializerTest" time="0.001"/>
  <testcase name="checkDecodeEncodeChangeHeaderGraphs(String)[405]" classname="io.jbotsim.io.format.graph6.Graph6TopologySerializerTest" time="0.0"/>
  <testcase name="checkDecodeEncodeChangeHeaderGraphs(String)[406]" classname="io.jbotsim.io.format.graph6.Graph6TopologySerializerTest" time="0.0"/>
  <testcase name="checkDecodeEncodeChangeHeaderGraphs(String)[407]" classname="io.jbotsim.io.format.graph6.Graph6TopologySerializerTest" time="0.0"/>
  <testcase name="checkDecodeEncodeChangeHeaderGraphs(String)[408]" classname="io.jbotsim.io.format.graph6.Graph6TopologySerializerTest" time="0.001"/>
  <testcase name="checkDecodeEncodeChangeHeaderGraphs(String)[409]" classname="io.jbotsim.io.format.graph6.Graph6TopologySerializerTest" time="0.004"/>
  <testcase name="checkDecodeEncodeChangeHeaderGraphs(String)[410]" classname="io.jbotsim.io.format.graph6.Graph6TopologySerializerTest" time="0.003"/>
  <testcase name="checkDecodeEncodeChangeHeaderGraphs(String)[411]" classname="io.jbotsim.io.format.graph6.Graph6TopologySerializerTest" time="0.001"/>
  <testcase name="checkDecodeEncodeChangeHeaderGraphs(String)[412]" classname="io.jbotsim.io.format.graph6.Graph6TopologySerializerTest" time="0.001"/>
  <testcase name="checkDecodeEncodeChangeHeaderGraphs(String)[413]" classname="io.jbotsim.io.format.graph6.Graph6TopologySerializerTest" time="0.0"/>
  <testcase name="checkDecodeEncodeChangeHeaderGraphs(String)[414]" classname="io.jbotsim.io.format.graph6.Graph6TopologySerializerTest" time="0.0"/>
  <testcase name="checkDecodeEncodeChangeHeaderGraphs(String)[415]" classname="io.jbotsim.io.format.graph6.Graph6TopologySerializerTest" time="0.004"/>
  <testcase name="checkDecodeEncodeChangeHeaderGraphs(String)[416]" classname="io.jbotsim.io.format.graph6.Graph6TopologySerializerTest" time="0.001"/>
  <testcase name="checkDecodeEncodeChangeHeaderGraphs(String)[417]" classname="io.jbotsim.io.format.graph6.Graph6TopologySerializerTest" time="0.0"/>
  <testcase name="checkDecodeEncodeChangeHeaderGraphs(String)[418]" classname="io.jbotsim.io.format.graph6.Graph6TopologySerializerTest" time="0.0"/>
  <testcase name="checkDecodeEncodeChangeHeaderGraphs(String)[419]" classname="io.jbotsim.io.format.graph6.Graph6TopologySerializerTest" time="0.001"/>
  <testcase name="checkDecodeEncodeChangeHeaderGraphs(String)[420]" classname="io.jbotsim.io.format.graph6.Graph6TopologySerializerTest" time="0.0"/>
  <testcase name="checkDecodeEncodeChangeHeaderGraphs(String)[421]" classname="io.jbotsim.io.format.graph6.Graph6TopologySerializerTest" time="0.0"/>
  <testcase name="checkDecodeEncodeChangeHeaderGraphs(String)[422]" classname="io.jbotsim.io.format.graph6.Graph6TopologySerializerTest" time="0.003"/>
  <testcase name="checkDecodeEncodeChangeHeaderGraphs(String)[423]" classname="io.jbotsim.io.format.graph6.Graph6TopologySerializerTest" time="0.0"/>
  <testcase name="checkDecodeEncodeChangeHeaderGraphs(String)[424]" classname="io.jbotsim.io.format.graph6.Graph6TopologySerializerTest" time="0.0"/>
  <testcase name="checkDecodeEncodeChangeHeaderGraphs(String)[425]" classname="io.jbotsim.io.format.graph6.Graph6TopologySerializerTest" time="0.0"/>
  <testcase name="checkDecodeEncodeChangeHeaderGraphs(String)[426]" classname="io.jbotsim.io.format.graph6.Graph6TopologySerializerTest" time="0.005"/>
  <testcase name="checkDecodeEncodeChangeHeaderGraphs(String)[427]" classname="io.jbotsim.io.format.graph6.Graph6TopologySerializerTest" time="0.001"/>
  <testcase name="checkDecodeEncodeChangeHeaderGraphs(String)[428]" classname="io.jbotsim.io.format.graph6.Graph6TopologySerializerTest" time="0.001"/>
  <testcase name="checkDecodeEncodeChangeHeaderGraphs(String)[429]" classname="io.jbotsim.io.format.graph6.Graph6TopologySerializerTest" time="0.0"/>
  <testcase name="checkDecodeEncodeChangeHeaderGraphs(String)[430]" classname="io.jbotsim.io.format.graph6.Graph6TopologySerializerTest" time="0.0"/>
  <testcase name="checkDecodeEncodeChangeHeaderGraphs(String)[431]" classname="io.jbotsim.io.format.graph6.Graph6TopologySerializerTest" time="0.001"/>
  <testcase name="checkDecodeEncodeChangeHeaderGraphs(String)[432]" classname="io.jbotsim.io.format.graph6.Graph6TopologySerializerTest" time="0.0"/>
  <testcase name="checkDecodeEncodeChangeHeaderGraphs(String)[433]" classname="io.jbotsim.io.format.graph6.Graph6TopologySerializerTest" time="0.0"/>
  <testcase name="checkDecodeEncodeChangeHeaderGraphs(String)[434]" classname="io.jbotsim.io.format.graph6.Graph6TopologySerializerTest" time="0.0"/>
  <testcase name="checkDecodeEncodeChangeHeaderGraphs(String)[435]" classname="io.jbotsim.io.format.graph6.Graph6TopologySerializerTest" time="0.001"/>
  <testcase name="checkDecodeEncodeChangeHeaderGraphs(String)[436]" classname="io.jbotsim.io.format.graph6.Graph6TopologySerializerTest" time="0.0"/>
  <testcase name="checkDecodeEncodeChangeHeaderGraphs(String)[437]" classname="io.jbotsim.io.format.graph6.Graph6TopologySerializerTest" time="0.0"/>
  <testcase name="checkDecodeEncodeChangeHeaderGraphs(String)[438]" classname="io.jbotsim.io.format.graph6.Graph6TopologySerializerTest" time="0.0"/>
  <testcase name="checkDecodeEncodeChangeHeaderGraphs(String)[439]" classname="io.jbotsim.io.format.graph6.Graph6TopologySerializerTest" time="0.001"/>
  <testcase name="checkDecodeEncodeChangeHeaderGraphs(String)[440]" classname="io.jbotsim.io.format.graph6.Graph6TopologySerializerTest" time="0.0"/>
  <testcase name="checkDecodeEncodeChangeHeaderGraphs(String)[441]" classname="io.jbotsim.io.format.graph6.Graph6TopologySerializerTest" time="0.001"/>
  <testcase name="checkDecodeEncodeChangeHeaderGraphs(String)[442]" classname="io.jbotsim.io.format.graph6.Graph6TopologySerializerTest" time="0.0"/>
  <testcase name="checkDecodeEncodeChangeHeaderGraphs(String)[443]" classname="io.jbotsim.io.format.graph6.Graph6TopologySerializerTest" time="0.0"/>
  <testcase name="checkDecodeEncodeChangeHeaderGraphs(String)[444]" classname="io.jbotsim.io.format.graph6.Graph6TopologySerializerTest" time="0.0"/>
  <testcase name="checkDecodeEncodeChangeHeaderGraphs(String)[445]" classname="io.jbotsim.io.format.graph6.Graph6TopologySerializerTest" time="0.001"/>
  <testcase name="checkDecodeEncodeChangeHeaderGraphs(String)[446]" classname="io.jbotsim.io.format.graph6.Graph6TopologySerializerTest" time="0.004"/>
  <testcase name="checkDecodeEncodeChangeHeaderGraphs(String)[447]" classname="io.jbotsim.io.format.graph6.Graph6TopologySerializerTest" time="0.001"/>
  <testcase name="checkDecodeEncodeChangeHeaderGraphs(String)[448]" classname="io.jbotsim.io.format.graph6.Graph6TopologySerializerTest" time="0.0"/>
  <testcase name="checkDecodeEncodeChangeHeaderGraphs(String)[449]" classname="io.jbotsim.io.format.graph6.Graph6TopologySerializerTest" time="0.0"/>
  <testcase name="checkDecodeEncodeChangeHeaderGraphs(String)[450]" classname="io.jbotsim.io.format.graph6.Graph6TopologySerializerTest" time="0.001"/>
  <testcase name="checkDecodeEncodeChangeHeaderGraphs(String)[451]" classname="io.jbotsim.io.format.graph6.Graph6TopologySerializerTest" time="0.0"/>
  <testcase name="checkDecodeEncodeChangeHeaderGraphs(String)[452]" classname="io.jbotsim.io.format.graph6.Graph6TopologySerializerTest" time="0.003"/>
  <testcase name="checkDecodeEncodeChangeHeaderGraphs(String)[453]" classname="io.jbotsim.io.format.graph6.Graph6TopologySerializerTest" time="0.0"/>
  <testcase name="checkDecodeEncodeChangeHeaderGraphs(String)[454]" classname="io.jbotsim.io.format.graph6.Graph6TopologySerializerTest" time="0.0"/>
  <testcase name="checkDecodeEncodeChangeHeaderGraphs(String)[455]" classname="io.jbotsim.io.format.graph6.Graph6TopologySerializerTest" time="0.0"/>
  <testcase name="checkDecodeEncodeChangeHeaderGraphs(String)[456]" classname="io.jbotsim.io.format.graph6.Graph6TopologySerializerTest" time="0.0"/>
  <testcase name="checkDecodeEncodeChangeHeaderGraphs(String)[457]" classname="io.jbotsim.io.format.graph6.Graph6TopologySerializerTest" time="0.001"/>
  <testcase name="checkDecodeEncodeChangeHeaderGraphs(String)[458]" classname="io.jbotsim.io.format.graph6.Graph6TopologySerializerTest" time="0.001"/>
  <testcase name="checkDecodeEncodeChangeHeaderGraphs(String)[459]" classname="io.jbotsim.io.format.graph6.Graph6TopologySerializerTest" time="0.004"/>
  <testcase name="checkDecodeEncodeChangeHeaderGraphs(String)[460]" classname="io.jbotsim.io.format.graph6.Graph6TopologySerializerTest" time="0.001"/>
  <testcase name="checkDecodeEncodeChangeHeaderGraphs(String)[461]" classname="io.jbotsim.io.format.graph6.Graph6TopologySerializerTest" time="0.0"/>
  <testcase name="checkDecodeEncodeChangeHeaderGraphs(String)[462]" classname="io.jbotsim.io.format.graph6.Graph6TopologySerializerTest" time="0.0"/>
  <testcase name="checkDecodeEncodeChangeHeaderGraphs(String)[463]" classname="io.jbotsim.io.format.graph6.Graph6TopologySerializerTest" time="0.001"/>
  <testcase name="checkDecodeEncodeChangeHeaderGraphs(String)[464]" classname="io.jbotsim.io.format.graph6.Graph6TopologySerializerTest" time="0.001"/>
  <testcase name="checkDecodeEncodeChangeHeaderGraphs(String)[465]" classname="io.jbotsim.io.format.graph6.Graph6TopologySerializerTest" time="0.0"/>
  <testcase name="checkDecodeEncodeChangeHeaderGraphs(String)[466]" classname="io.jbotsim.io.format.graph6.Graph6TopologySerializerTest" time="0.0"/>
  <testcase name="checkDecodeEncodeChangeHeaderGraphs(String)[467]" classname="io.jbotsim.io.format.graph6.Graph6TopologySerializerTest" time="0.001"/>
  <testcase name="checkDecodeEncodeChangeHeaderGraphs(String)[468]" classname="io.jbotsim.io.format.graph6.Graph6TopologySerializerTest" time="0.001"/>
  <testcase name="checkDecodeEncodeChangeHeaderGraphs(String)[469]" classname="io.jbotsim.io.format.graph6.Graph6TopologySerializerTest" time="0.001"/>
  <testcase name="checkDecodeEncodeChangeHeaderGraphs(String)[470]" classname="io.jbotsim.io.format.graph6.Graph6TopologySerializerTest" time="0.0"/>
  <testcase name="checkDecodeEncodeChangeHeaderGraphs(String)[471]" classname="io.jbotsim.io.format.graph6.Graph6TopologySerializerTest" time="0.005"/>
  <testcase name="checkDecodeEncodeChangeHeaderGraphs(String)[472]" classname="io.jbotsim.io.format.graph6.Graph6TopologySerializerTest" time="0.001"/>
  <testcase name="checkDecodeEncodeChangeHeaderGraphs(String)[473]" classname="io.jbotsim.io.format.graph6.Graph6TopologySerializerTest" time="0.001"/>
  <testcase name="checkDecodeEncodeChangeHeaderGraphs(String)[474]" classname="io.jbotsim.io.format.graph6.Graph6TopologySerializerTest" time="0.0"/>
  <testcase name="checkDecodeEncodeChangeHeaderGraphs(String)[475]" classname="io.jbotsim.io.format.graph6.Graph6TopologySerializerTest" time="0.0"/>
  <testcase name="checkDecodeEncodeChangeHeaderGraphs(String)[476]" classname="io.jbotsim.io.format.graph6.Graph6TopologySerializerTest" time="0.0"/>
  <testcase name="checkDecodeEncodeChangeHeaderGraphs(String)[477]" classname="io.jbotsim.io.format.graph6.Graph6TopologySerializerTest" time="0.004"/>
  <testcase name="checkDecodeEncodeChangeHeaderGraphs(String)[478]" classname="io.jbotsim.io.format.graph6.Graph6TopologySerializerTest" time="0.001"/>
  <testcase name="checkDecodeEncodeChangeHeaderGraphs(String)[479]" classname="io.jbotsim.io.format.graph6.Graph6TopologySerializerTest" time="0.0"/>
  <testcase name="checkDecodeEncodeChangeHeaderGraphs(String)[480]" classname="io.jbotsim.io.format.graph6.Graph6TopologySerializerTest" time="0.0"/>
  <testcase name="checkDecodeEncodeChangeHeaderGraphs(String)[481]" classname="io.jbotsim.io.format.graph6.Graph6TopologySerializerTest" time="0.0"/>
  <testcase name="checkDecodeEncodeChangeHeaderGraphs(String)[482]" classname="io.jbotsim.io.format.graph6.Graph6TopologySerializerTest" time="0.001"/>
  <testcase name="checkDecodeEncodeChangeHeaderGraphs(String)[483]" classname="io.jbotsim.io.format.graph6.Graph6TopologySerializerTest" time="0.001"/>
  <testcase name="checkDecodeEncodeChangeHeaderGraphs(String)[484]" classname="io.jbotsim.io.format.graph6.Graph6TopologySerializerTest" time="0.0"/>
  <testcase name="checkDecodeEncodeChangeHeaderGraphs(String)[485]" classname="io.jbotsim.io.format.graph6.Graph6TopologySerializerTest" time="0.0"/>
  <testcase name="checkDecodeEncodeChangeHeaderGraphs(String)[486]" classname="io.jbotsim.io.format.graph6.Graph6TopologySerializerTest" time="0.0"/>
  <testcase name="checkDecodeEncodeChangeHeaderGraphs(String)[487]" classname="io.jbotsim.io.format.graph6.Graph6TopologySerializerTest" time="0.0"/>
  <testcase name="checkDecodeEncodeChangeHeaderGraphs(String)[488]" classname="io.jbotsim.io.format.graph6.Graph6TopologySerializerTest" time="0.0"/>
  <testcase name="checkDecodeEncodeChangeHeaderGraphs(String)[489]" classname="io.jbotsim.io.format.graph6.Graph6TopologySerializerTest" time="0.001"/>
  <testcase name="checkDecodeEncodeChangeHeaderGraphs(String)[490]" classname="io.jbotsim.io.format.graph6.Graph6TopologySerializerTest" time="0.001"/>
  <testcase name="checkDecodeEncodeChangeHeaderGraphs(String)[491]" classname="io.jbotsim.io.format.graph6.Graph6TopologySerializerTest" time="0.001"/>
  <testcase name="checkDecodeEncodeChangeHeaderGraphs(String)[492]" classname="io.jbotsim.io.format.graph6.Graph6TopologySerializerTest" time="0.004"/>
  <testcase name="checkDecodeEncodeChangeHeaderGraphs(String)[493]" classname="io.jbotsim.io.format.graph6.Graph6TopologySerializerTest" time="0.001"/>
  <testcase name="checkDecodeEncodeChangeHeaderGraphs(String)[494]" classname="io.jbotsim.io.format.graph6.Graph6TopologySerializerTest" time="0.0"/>
  <testcase name="checkDecodeEncodeChangeHeaderGraphs(String)[495]" classname="io.jbotsim.io.format.graph6.Graph6TopologySerializerTest" time="0.0"/>
  <testcase name="checkDecodeEncodeChangeHeaderGraphs(String)[496]" classname="io.jbotsim.io.format.graph6.Graph6TopologySerializerTest" time="0.0"/>
  <testcase name="checkDecodeEncodeChangeHeaderGraphs(String)[497]" classname="io.jbotsim.io.format.graph6.Graph6TopologySerializerTest" time="0.009"/>
  <testcase name="checkDecodeEncodeChangeHeaderGraphs(String)[498]" classname="io.jbotsim.io.format.graph6.Graph6TopologySerializerTest" time="0.001"/>
  <testcase name="checkDecodeEncodeChangeHeaderGraphs(String)[499]" classname="io.jbotsim.io.format.graph6.Graph6TopologySerializerTest" time="0.001"/>
  <testcase name="checkDecodeEncodeChangeHeaderGraphs(String)[500]" classname="io.jbotsim.io.format.graph6.Graph6TopologySerializerTest" time="0.0"/>
  <testcase name="checkDecodeEncodeChangeHeaderGraphs(String)[501]" classname="io.jbotsim.io.format.graph6.Graph6TopologySerializerTest" time="0.003"/>
  <testcase name="checkDecodeEncodeChangeHeaderGraphs(String)[502]" classname="io.jbotsim.io.format.graph6.Graph6TopologySerializerTest" time="0.0"/>
  <testcase name="checkDecodeEncodeChangeHeaderGraphs(String)[503]" classname="io.jbotsim.io.format.graph6.Graph6TopologySerializerTest" time="0.001"/>
  <testcase name="checkDecodeEncodeChangeHeaderGraphs(String)[504]" classname="io.jbotsim.io.format.graph6.Graph6TopologySerializerTest" time="0.005"/>
  <testcase name="checkDecodeEncodeChangeHeaderGraphs(String)[505]" classname="io.jbotsim.io.format.graph6.Graph6TopologySerializerTest" time="0.001"/>
  <testcase name="checkDecodeEncodeChangeHeaderGraphs(String)[506]" classname="io.jbotsim.io.format.graph6.Graph6TopologySerializerTest" time="0.001"/>
  <testcase name="checkDecodeEncodeChangeHeaderGraphs(String)[507]" classname="io.jbotsim.io.format.graph6.Graph6TopologySerializerTest" time="0.0"/>
  <testcase name="checkDecodeEncodeChangeHeaderGraphs(String)[508]" classname="io.jbotsim.io.format.graph6.Graph6TopologySerializerTest" time="0.0"/>
  <testcase name="checkDecodeEncodeChangeHeaderGraphs(String)[509]" classname="io.jbotsim.io.format.graph6.Graph6TopologySerializerTest" time="0.001"/>
  <testcase name="checkDecodeEncodeChangeHeaderGraphs(String)[510]" classname="io.jbotsim.io.format.graph6.Graph6TopologySerializerTest" time="0.002"/>
  <testcase name="checkDecodeEncodeChangeHeaderGraphs(String)[511]" classname="io.jbotsim.io.format.graph6.Graph6TopologySerializerTest" time="0.001"/>
  <testcase name="checkDecodeEncodeChangeHeaderGraphs(String)[512]" classname="io.jbotsim.io.format.graph6.Graph6TopologySerializerTest" time="0.0"/>
  <testcase name="checkDecodeEncodeChangeHeaderGraphs(String)[513]" classname="io.jbotsim.io.format.graph6.Graph6TopologySerializerTest" time="0.003"/>
  <testcase name="checkDecodeEncodeChangeHeaderGraphs(String)[514]" classname="io.jbotsim.io.format.graph6.Graph6TopologySerializerTest" time="0.001"/>
  <testcase name="checkDecodeEncodeChangeHeaderGraphs(String)[515]" classname="io.jbotsim.io.format.graph6.Graph6TopologySerializerTest" time="0.0"/>
  <testcase name="checkDecodeEncodeChangeHeaderGraphs(String)[516]" classname="io.jbotsim.io.format.graph6.Graph6TopologySerializerTest" time="0.001"/>
  <testcase name="checkDecodeEncodeChangeHeaderGraphs(String)[517]" classname="io.jbotsim.io.format.graph6.Graph6TopologySerializerTest" time="0.004"/>
  <testcase name="checkDecodeEncodeChangeHeaderGraphs(String)[518]" classname="io.jbotsim.io.format.graph6.Graph6TopologySerializerTest" time="0.0"/>
  <testcase name="checkDecodeEncodeChangeHeaderGraphs(String)[519]" classname="io.jbotsim.io.format.graph6.Graph6TopologySerializerTest" time="0.0"/>
  <testcase name="checkDecodeEncodeChangeHeaderGraphs(String)[520]" classname="io.jbotsim.io.format.graph6.Graph6TopologySerializerTest" time="0.0"/>
  <testcase name="checkDecodeEncodeChangeHeaderGraphs(String)[521]" classname="io.jbotsim.io.format.graph6.Graph6TopologySerializerTest" time="0.001"/>
  <testcase name="checkDecodeEncodeChangeHeaderGraphs(String)[522]" classname="io.jbotsim.io.format.graph6.Graph6TopologySerializerTest" time="0.001"/>
  <testcase name="checkDecodeEncodeChangeHeaderGraphs(String)[523]" classname="io.jbotsim.io.format.graph6.Graph6TopologySerializerTest" time="0.0"/>
  <testcase name="checkDecodeEncodeChangeHeaderGraphs(String)[524]" classname="io.jbotsim.io.format.graph6.Graph6TopologySerializerTest" time="0.001"/>
  <testcase name="checkDecodeEncodeChangeHeaderGraphs(String)[525]" classname="io.jbotsim.io.format.graph6.Graph6TopologySerializerTest" time="0.0"/>
  <testcase name="checkDecodeEncodeChangeHeaderGraphs(String)[526]" classname="io.jbotsim.io.format.graph6.Graph6TopologySerializerTest" time="0.001"/>
  <testcase name="checkDecodeEncodeChangeHeaderGraphs(String)[527]" classname="io.jbotsim.io.format.graph6.Graph6TopologySerializerTest" time="0.0"/>
  <testcase name="checkDecodeEncodeChangeHeaderGraphs(String)[528]" classname="io.jbotsim.io.format.graph6.Graph6TopologySerializerTest" time="0.001"/>
  <testcase name="checkDecodeEncodeChangeHeaderGraphs(String)[529]" classname="io.jbotsim.io.format.graph6.Graph6TopologySerializerTest" time="0.0"/>
  <testcase name="checkDecodeEncodeChangeHeaderGraphs(String)[530]" classname="io.jbotsim.io.format.graph6.Graph6TopologySerializerTest" time="0.001"/>
  <testcase name="checkDecodeEncodeChangeHeaderGraphs(String)[531]" classname="io.jbotsim.io.format.graph6.Graph6TopologySerializerTest" time="0.0"/>
  <testcase name="checkDecodeEncodeChangeHeaderGraphs(String)[532]" classname="io.jbotsim.io.format.graph6.Graph6TopologySerializerTest" time="0.001"/>
  <testcase name="checkDecodeEncodeChangeHeaderGraphs(String)[533]" classname="io.jbotsim.io.format.graph6.Graph6TopologySerializerTest" time="0.0"/>
  <testcase name="checkDecodeEncodeChangeHeaderGraphs(String)[534]" classname="io.jbotsim.io.format.graph6.Graph6TopologySerializerTest" time="0.003"/>
  <testcase name="checkDecodeEncodeChangeHeaderGraphs(String)[535]" classname="io.jbotsim.io.format.graph6.Graph6TopologySerializerTest" time="0.0"/>
  <testcase name="checkDecodeEncodeChangeHeaderGraphs(String)[536]" classname="io.jbotsim.io.format.graph6.Graph6TopologySerializerTest" time="0.0"/>
  <testcase name="checkDecodeEncodeChangeHeaderGraphs(String)[537]" classname="io.jbotsim.io.format.graph6.Graph6TopologySerializerTest" time="0.001"/>
  <testcase name="checkDecodeEncodeChangeHeaderGraphs(String)[538]" classname="io.jbotsim.io.format.graph6.Graph6TopologySerializerTest" time="0.0"/>
  <testcase name="checkDecodeEncodeChangeHeaderGraphs(String)[539]" classname="io.jbotsim.io.format.graph6.Graph6TopologySerializerTest" time="0.001"/>
  <testcase name="checkDecodeEncodeChangeHeaderGraphs(String)[540]" classname="io.jbotsim.io.format.graph6.Graph6TopologySerializerTest" time="0.0"/>
  <testcase name="checkDecodeEncodeChangeHeaderGraphs(String)[541]" classname="io.jbotsim.io.format.graph6.Graph6TopologySerializerTest" time="0.001"/>
  <testcase name="checkDecodeEncodeChangeHeaderGraphs(String)[542]" classname="io.jbotsim.io.format.graph6.Graph6TopologySerializerTest" time="0.0"/>
  <testcase name="checkDecodeEncodeChangeHeaderGraphs(String)[543]" classname="io.jbotsim.io.format.graph6.Graph6TopologySerializerTest" time="0.001"/>
  <testcase name="checkDecodeEncodeChangeHeaderGraphs(String)[544]" classname="io.jbotsim.io.format.graph6.Graph6TopologySerializerTest" time="0.004"/>
  <testcase name="checkDecodeEncodeChangeHeaderGraphs(String)[545]" classname="io.jbotsim.io.format.graph6.Graph6TopologySerializerTest" time="0.0"/>
  <testcase name="checkDecodeEncodeChangeHeaderGraphs(String)[546]" classname="io.jbotsim.io.format.graph6.Graph6TopologySerializerTest" time="0.0"/>
  <testcase name="checkDecodeEncodeChangeHeaderGraphs(String)[547]" classname="io.jbotsim.io.format.graph6.Graph6TopologySerializerTest" time="0.002"/>
  <testcase name="checkDecodeEncodeChangeHeaderGraphs(String)[548]" classname="io.jbotsim.io.format.graph6.Graph6TopologySerializerTest" time="0.0"/>
  <testcase name="checkDecodeEncodeChangeHeaderGraphs(String)[549]" classname="io.jbotsim.io.format.graph6.Graph6TopologySerializerTest" time="0.0"/>
  <testcase name="checkDecodeEncodeChangeHeaderGraphs(String)[550]" classname="io.jbotsim.io.format.graph6.Graph6TopologySerializerTest" time="0.001"/>
  <testcase name="checkDecodeEncodeChangeHeaderGraphs(String)[551]" classname="io.jbotsim.io.format.graph6.Graph6TopologySerializerTest" time="0.0"/>
  <testcase name="checkDecodeEncodeChangeHeaderGraphs(String)[552]" classname="io.jbotsim.io.format.graph6.Graph6TopologySerializerTest" time="0.0"/>
  <testcase name="checkDecodeEncodeChangeHeaderGraphs(String)[553]" classname="io.jbotsim.io.format.graph6.Graph6TopologySerializerTest" time="0.0"/>
  <testcase name="checkDecodeEncodeChangeHeaderGraphs(String)[554]" classname="io.jbotsim.io.format.graph6.Graph6TopologySerializerTest" time="0.0"/>
  <testcase name="checkDecodeEncodeChangeHeaderGraphs(String)[555]" classname="io.jbotsim.io.format.graph6.Graph6TopologySerializerTest" time="0.003"/>
  <testcase name="checkDecodeEncodeChangeHeaderGraphs(String)[556]" classname="io.jbotsim.io.format.graph6.Graph6TopologySerializerTest" time="0.002"/>
  <testcase name="checkDecodeEncodeChangeHeaderGraphs(String)[557]" classname="io.jbotsim.io.format.graph6.Graph6TopologySerializerTest" time="0.0"/>
  <testcase name="checkDecodeEncodeChangeHeaderGraphs(String)[558]" classname="io.jbotsim.io.format.graph6.Graph6TopologySerializerTest" time="0.0"/>
  <testcase name="checkDecodeEncodeChangeHeaderGraphs(String)[559]" classname="io.jbotsim.io.format.graph6.Graph6TopologySerializerTest" time="0.0"/>
  <testcase name="checkDecodeEncodeChangeHeaderGraphs(String)[560]" classname="io.jbotsim.io.format.graph6.Graph6TopologySerializerTest" time="0.0"/>
  <testcase name="checkDecodeEncodeChangeHeaderGraphs(String)[561]" classname="io.jbotsim.io.format.graph6.Graph6TopologySerializerTest" time="0.0"/>
  <testcase name="checkDecodeEncodeChangeHeaderGraphs(String)[562]" classname="io.jbotsim.io.format.graph6.Graph6TopologySerializerTest" time="0.003"/>
  <testcase name="checkDecodeEncodeChangeHeaderGraphs(String)[563]" classname="io.jbotsim.io.format.graph6.Graph6TopologySerializerTest" time="0.0"/>
  <testcase name="checkDecodeEncodeChangeHeaderGraphs(String)[564]" classname="io.jbotsim.io.format.graph6.Graph6TopologySerializerTest" time="0.0"/>
  <testcase name="checkDecodeEncodeChangeHeaderGraphs(String)[565]" classname="io.jbotsim.io.format.graph6.Graph6TopologySerializerTest" time="0.0"/>
  <testcase name="checkDecodeEncodeChangeHeaderGraphs(String)[566]" classname="io.jbotsim.io.format.graph6.Graph6TopologySerializerTest" time="0.003"/>
  <testcase name="checkDecodeEncodeChangeHeaderGraphs(String)[567]" classname="io.jbotsim.io.format.graph6.Graph6TopologySerializerTest" time="0.0"/>
  <testcase name="checkDecodeEncodeChangeHeaderGraphs(String)[568]" classname="io.jbotsim.io.format.graph6.Graph6TopologySerializerTest" time="0.001"/>
  <testcase name="checkDecodeEncodeChangeHeaderGraphs(String)[569]" classname="io.jbotsim.io.format.graph6.Graph6TopologySerializerTest" time="0.0"/>
  <testcase name="checkDecodeEncodeChangeHeaderGraphs(String)[570]" classname="io.jbotsim.io.format.graph6.Graph6TopologySerializerTest" time="0.0"/>
  <testcase name="checkDecodeEncodeChangeHeaderGraphs(String)[571]" classname="io.jbotsim.io.format.graph6.Graph6TopologySerializerTest" time="0.001"/>
  <testcase name="checkDecodeEncodeChangeHeaderGraphs(String)[572]" classname="io.jbotsim.io.format.graph6.Graph6TopologySerializerTest" time="0.005"/>
  <testcase name="checkDecodeEncodeChangeHeaderGraphs(String)[573]" classname="io.jbotsim.io.format.graph6.Graph6TopologySerializerTest" time="0.001"/>
  <testcase name="checkDecodeEncodeChangeHeaderGraphs(String)[574]" classname="io.jbotsim.io.format.graph6.Graph6TopologySerializerTest" time="0.0"/>
  <testcase name="checkDecodeEncodeChangeHeaderGraphs(String)[575]" classname="io.jbotsim.io.format.graph6.Graph6TopologySerializerTest" time="0.0"/>
  <testcase name="checkDecodeEncodeChangeHeaderGraphs(String)[576]" classname="io.jbotsim.io.format.graph6.Graph6TopologySerializerTest" time="0.001"/>
  <testcase name="checkDecodeEncodeChangeHeaderGraphs(String)[577]" classname="io.jbotsim.io.format.graph6.Graph6TopologySerializerTest" time="0.0"/>
  <testcase name="checkDecodeEncodeChangeHeaderGraphs(String)[578]" classname="io.jbotsim.io.format.graph6.Graph6TopologySerializerTest" time="0.004"/>
  <testcase name="checkDecodeEncodeChangeHeaderGraphs(String)[579]" classname="io.jbotsim.io.format.graph6.Graph6TopologySerializerTest" time="0.0"/>
  <testcase name="checkDecodeEncodeChangeHeaderGraphs(String)[580]" classname="io.jbotsim.io.format.graph6.Graph6TopologySerializerTest" time="0.0"/>
  <testcase name="checkDecodeEncodeChangeHeaderGraphs(String)[581]" classname="io.jbotsim.io.format.graph6.Graph6TopologySerializerTest" time="0.001"/>
  <testcase name="checkDecodeEncodeChangeHeaderGraphs(String)[582]" classname="io.jbotsim.io.format.graph6.Graph6TopologySerializerTest" time="0.0"/>
  <testcase name="checkDecodeEncodeChangeHeaderGraphs(String)[583]" classname="io.jbotsim.io.format.graph6.Graph6TopologySerializerTest" time="0.001"/>
  <testcase name="checkDecodeEncodeChangeHeaderGraphs(String)[584]" classname="io.jbotsim.io.format.graph6.Graph6TopologySerializerTest" time="0.0"/>
  <testcase name="checkDecodeEncodeChangeHeaderGraphs(String)[585]" classname="io.jbotsim.io.format.graph6.Graph6TopologySerializerTest" time="0.0"/>
  <testcase name="checkDecodeEncodeChangeHeaderGraphs(String)[586]" classname="io.jbotsim.io.format.graph6.Graph6TopologySerializerTest" time="0.0"/>
  <testcase name="checkDecodeEncodeChangeHeaderGraphs(String)[587]" classname="io.jbotsim.io.format.graph6.Graph6TopologySerializerTest" time="0.0"/>
  <testcase name="checkDecodeEncodeChangeHeaderGraphs(String)[588]" classname="io.jbotsim.io.format.graph6.Graph6TopologySerializerTest" time="0.0"/>
  <testcase name="checkDecodeEncodeChangeHeaderGraphs(String)[589]" classname="io.jbotsim.io.format.graph6.Graph6TopologySerializerTest" time="0.0"/>
  <testcase name="checkDecodeEncodeChangeHeaderGraphs(String)[590]" classname="io.jbotsim.io.format.graph6.Graph6TopologySerializerTest" time="0.0"/>
  <testcase name="checkDecodeEncodeChangeHeaderGraphs(String)[591]" classname="io.jbotsim.io.format.graph6.Graph6TopologySerializerTest" time="0.0"/>
  <testcase name="checkDecodeEncodeChangeHeaderGraphs(String)[592]" classname="io.jbotsim.io.format.graph6.Graph6TopologySerializerTest" time="0.0"/>
  <testcase name="checkDecodeEncodeChangeHeaderGraphs(String)[593]" classname="io.jbotsim.io.format.graph6.Graph6TopologySerializerTest" time="0.003"/>
  <testcase name="checkDecodeEncodeChangeHeaderGraphs(String)[594]" classname="io.jbotsim.io.format.graph6.Graph6TopologySerializerTest" time="0.0"/>
  <testcase name="checkDecodeEncodeChangeHeaderGraphs(String)[595]" classname="io.jbotsim.io.format.graph6.Graph6TopologySerializerTest" time="0.001"/>
  <testcase name="checkDecodeEncodeChangeHeaderGraphs(String)[596]" classname="io.jbotsim.io.format.graph6.Graph6TopologySerializerTest" time="0.0"/>
  <testcase name="checkDecodeEncodeChangeHeaderGraphs(String)[597]" classname="io.jbotsim.io.format.graph6.Graph6TopologySerializerTest" time="0.0"/>
  <testcase name="checkDecodeEncodeChangeHeaderGraphs(String)[598]" classname="io.jbotsim.io.format.graph6.Graph6TopologySerializerTest" time="0.0"/>
  <testcase name="checkDecodeEncodeChangeHeaderGraphs(String)[599]" classname="io.jbotsim.io.format.graph6.Graph6TopologySerializerTest" time="0.003"/>
  <testcase name="checkDecodeEncodeChangeHeaderGraphs(String)[600]" classname="io.jbotsim.io.format.graph6.Graph6TopologySerializerTest" time="0.0"/>
  <testcase name="checkDecodeEncodeChangeHeaderGraphs(String)[601]" classname="io.jbotsim.io.format.graph6.Graph6TopologySerializerTest" time="0.0"/>
  <testcase name="checkDecodeEncodeChangeHeaderGraphs(String)[602]" classname="io.jbotsim.io.format.graph6.Graph6TopologySerializerTest" time="0.0"/>
  <testcase name="checkDecodeEncodeChangeHeaderGraphs(String)[603]" classname="io.jbotsim.io.format.graph6.Graph6TopologySerializerTest" time="0.0"/>
  <testcase name="checkDecodeEncodeChangeHeaderGraphs(String)[604]" classname="io.jbotsim.io.format.graph6.Graph6TopologySerializerTest" time="0.001"/>
  <testcase name="checkDecodeEncodeChangeHeaderGraphs(String)[605]" classname="io.jbotsim.io.format.graph6.Graph6TopologySerializerTest" time="0.0"/>
  <testcase name="checkDecodeEncodeChangeHeaderGraphs(String)[606]" classname="io.jbotsim.io.format.graph6.Graph6TopologySerializerTest" time="0.002"/>
  <testcase name="checkDecodeEncodeChangeHeaderGraphs(String)[607]" classname="io.jbotsim.io.format.graph6.Graph6TopologySerializerTest" time="0.001"/>
  <testcase name="checkDecodeEncodeChangeHeaderGraphs(String)[608]" classname="io.jbotsim.io.format.graph6.Graph6TopologySerializerTest" time="0.004"/>
  <testcase name="checkDecodeEncodeChangeHeaderGraphs(String)[609]" classname="io.jbotsim.io.format.graph6.Graph6TopologySerializerTest" time="0.0"/>
  <testcase name="checkDecodeEncodeChangeHeaderGraphs(String)[610]" classname="io.jbotsim.io.format.graph6.Graph6TopologySerializerTest" time="0.001"/>
  <testcase name="checkDecodeEncodeChangeHeaderGraphs(String)[611]" classname="io.jbotsim.io.format.graph6.Graph6TopologySerializerTest" time="0.0"/>
  <testcase name="checkDecodeEncodeChangeHeaderGraphs(String)[612]" classname="io.jbotsim.io.format.graph6.Graph6TopologySerializerTest" time="0.0"/>
  <testcase name="checkDecodeEncodeChangeHeaderGraphs(String)[613]" classname="io.jbotsim.io.format.graph6.Graph6TopologySerializerTest" time="0.001"/>
  <testcase name="checkDecodeEncodeChangeHeaderGraphs(String)[614]" classname="io.jbotsim.io.format.graph6.Graph6TopologySerializerTest" time="0.003"/>
  <testcase name="checkDecodeEncodeChangeHeaderGraphs(String)[615]" classname="io.jbotsim.io.format.graph6.Graph6TopologySerializerTest" time="0.0"/>
  <testcase name="checkDecodeEncodeChangeHeaderGraphs(String)[616]" classname="io.jbotsim.io.format.graph6.Graph6TopologySerializerTest" time="0.001"/>
  <testcase name="checkDecodeEncodeChangeHeaderGraphs(String)[617]" classname="io.jbotsim.io.format.graph6.Graph6TopologySerializerTest" time="0.001"/>
  <testcase name="checkDecodeEncodeChangeHeaderGraphs(String)[618]" classname="io.jbotsim.io.format.graph6.Graph6TopologySerializerTest" time="0.0"/>
  <testcase name="checkDecodeEncodeChangeHeaderGraphs(String)[619]" classname="io.jbotsim.io.format.graph6.Graph6TopologySerializerTest" time="0.0"/>
  <testcase name="checkDecodeEncodeChangeHeaderGraphs(String)[620]" classname="io.jbotsim.io.format.graph6.Graph6TopologySerializerTest" time="0.0"/>
  <testcase name="checkDecodeEncodeChangeHeaderGraphs(String)[621]" classname="io.jbotsim.io.format.graph6.Graph6TopologySerializerTest" time="0.004"/>
  <testcase name="checkDecodeEncodeChangeHeaderGraphs(String)[622]" classname="io.jbotsim.io.format.graph6.Graph6TopologySerializerTest" time="0.0"/>
  <testcase name="checkDecodeEncodeChangeHeaderGraphs(String)[623]" classname="io.jbotsim.io.format.graph6.Graph6TopologySerializerTest" time="0.0"/>
  <testcase name="checkDecodeEncodeChangeHeaderGraphs(String)[624]" classname="io.jbotsim.io.format.graph6.Graph6TopologySerializerTest" time="0.001"/>
  <testcase name="checkDecodeEncodeChangeHeaderGraphs(String)[625]" classname="io.jbotsim.io.format.graph6.Graph6TopologySerializerTest" time="0.0"/>
  <testcase name="checkDecodeEncodeChangeHeaderGraphs(String)[626]" classname="io.jbotsim.io.format.graph6.Graph6TopologySerializerTest" time="0.0"/>
  <testcase name="checkDecodeEncodeChangeHeaderGraphs(String)[627]" classname="io.jbotsim.io.format.graph6.Graph6TopologySerializerTest" time="0.0"/>
  <testcase name="checkDecodeEncodeChangeHeaderGraphs(String)[628]" classname="io.jbotsim.io.format.graph6.Graph6TopologySerializerTest" time="0.0"/>
  <testcase name="checkDecodeEncodeChangeHeaderGraphs(String)[629]" classname="io.jbotsim.io.format.graph6.Graph6TopologySerializerTest" time="0.001"/>
  <testcase name="checkDecodeEncodeChangeHeaderGraphs(String)[630]" classname="io.jbotsim.io.format.graph6.Graph6TopologySerializerTest" time="0.002"/>
  <testcase name="checkDecodeEncodeChangeHeaderGraphs(String)[631]" classname="io.jbotsim.io.format.graph6.Graph6TopologySerializerTest" time="0.0"/>
  <testcase name="checkDecodeEncodeChangeHeaderGraphs(String)[632]" classname="io.jbotsim.io.format.graph6.Graph6TopologySerializerTest" time="0.002"/>
  <testcase name="checkDecodeEncodeChangeHeaderGraphs(String)[633]" classname="io.jbotsim.io.format.graph6.Graph6TopologySerializerTest" time="0.0"/>
  <testcase name="checkDecodeEncodeChangeHeaderGraphs(String)[634]" classname="io.jbotsim.io.format.graph6.Graph6TopologySerializerTest" time="0.0"/>
  <testcase name="checkDecodeEncodeChangeHeaderGraphs(String)[635]" classname="io.jbotsim.io.format.graph6.Graph6TopologySerializerTest" time="0.0"/>
  <testcase name="checkDecodeEncodeChangeHeaderGraphs(String)[636]" classname="io.jbotsim.io.format.graph6.Graph6TopologySerializerTest" time="0.002"/>
  <testcase name="checkDecodeEncodeChangeHeaderGraphs(String)[637]" classname="io.jbotsim.io.format.graph6.Graph6TopologySerializerTest" time="0.001"/>
  <testcase name="checkDecodeEncodeChangeHeaderGraphs(String)[638]" classname="io.jbotsim.io.format.graph6.Graph6TopologySerializerTest" time="0.0"/>
  <testcase name="checkDecodeEncodeChangeHeaderGraphs(String)[639]" classname="io.jbotsim.io.format.graph6.Graph6TopologySerializerTest" time="0.001"/>
  <testcase name="checkDecodeEncodeChangeHeaderGraphs(String)[640]" classname="io.jbotsim.io.format.graph6.Graph6TopologySerializerTest" time="0.002"/>
  <testcase name="checkDecodeEncodeChangeHeaderGraphs(String)[641]" classname="io.jbotsim.io.format.graph6.Graph6TopologySerializerTest" time="0.0"/>
  <testcase name="checkDecodeEncodeChangeHeaderGraphs(String)[642]" classname="io.jbotsim.io.format.graph6.Graph6TopologySerializerTest" time="0.0"/>
  <testcase name="checkDecodeEncodeChangeHeaderGraphs(String)[643]" classname="io.jbotsim.io.format.graph6.Graph6TopologySerializerTest" time="0.0"/>
  <testcase name="checkDecodeEncodeChangeHeaderGraphs(String)[644]" classname="io.jbotsim.io.format.graph6.Graph6TopologySerializerTest" time="0.0"/>
  <testcase name="checkDecodeEncodeChangeHeaderGraphs(String)[645]" classname="io.jbotsim.io.format.graph6.Graph6TopologySerializerTest" time="0.0"/>
  <testcase name="checkDecodeEncodeChangeHeaderGraphs(String)[646]" classname="io.jbotsim.io.format.graph6.Graph6TopologySerializerTest" time="0.002"/>
  <testcase name="checkDecodeEncodeChangeHeaderGraphs(String)[647]" classname="io.jbotsim.io.format.graph6.Graph6TopologySerializerTest" time="0.002"/>
  <testcase name="checkDecodeEncodeChangeHeaderGraphs(String)[648]" classname="io.jbotsim.io.format.graph6.Graph6TopologySerializerTest" time="0.0"/>
  <testcase name="checkDecodeEncodeChangeHeaderGraphs(String)[649]" classname="io.jbotsim.io.format.graph6.Graph6TopologySerializerTest" time="0.0"/>
  <testcase name="checkDecodeEncodeChangeHeaderGraphs(String)[650]" classname="io.jbotsim.io.format.graph6.Graph6TopologySerializerTest" time="0.0"/>
  <testcase name="checkDecodeEncodeChangeHeaderGraphs(String)[651]" classname="io.jbotsim.io.format.graph6.Graph6TopologySerializerTest" time="0.0"/>
  <testcase name="checkDecodeEncodeChangeHeaderGraphs(String)[652]" classname="io.jbotsim.io.format.graph6.Graph6TopologySerializerTest" time="0.001"/>
  <testcase name="checkDecodeEncodeChangeHeaderGraphs(String)[653]" classname="io.jbotsim.io.format.graph6.Graph6TopologySerializerTest" time="0.0"/>
  <testcase name="checkDecodeEncodeChangeHeaderGraphs(String)[654]" classname="io.jbotsim.io.format.graph6.Graph6TopologySerializerTest" time="0.002"/>
  <testcase name="checkDecodeEncodeChangeHeaderGraphs(String)[655]" classname="io.jbotsim.io.format.graph6.Graph6TopologySerializerTest" time="0.0"/>
  <testcase name="checkDecodeEncodeChangeHeaderGraphs(String)[656]" classname="io.jbotsim.io.format.graph6.Graph6TopologySerializerTest" time="0.0"/>
  <testcase name="checkDecodeEncodeChangeHeaderGraphs(String)[657]" classname="io.jbotsim.io.format.graph6.Graph6TopologySerializerTest" time="0.0"/>
  <testcase name="checkDecodeEncodeChangeHeaderGraphs(String)[658]" classname="io.jbotsim.io.format.graph6.Graph6TopologySerializerTest" time="0.0"/>
  <testcase name="checkDecodeEncodeChangeHeaderGraphs(String)[659]" classname="io.jbotsim.io.format.graph6.Graph6TopologySerializerTest" time="0.0"/>
  <testcase name="checkDecodeEncodeChangeHeaderGraphs(String)[660]" classname="io.jbotsim.io.format.graph6.Graph6TopologySerializerTest" time="0.001"/>
  <testcase name="checkDecodeEncodeChangeHeaderGraphs(String)[661]" classname="io.jbotsim.io.format.graph6.Graph6TopologySerializerTest" time="0.0"/>
  <testcase name="checkDecodeEncodeChangeHeaderGraphs(String)[662]" classname="io.jbotsim.io.format.graph6.Graph6TopologySerializerTest" time="0.0"/>
  <testcase name="checkDecodeEncodeChangeHeaderGraphs(String)[663]" classname="io.jbotsim.io.format.graph6.Graph6TopologySerializerTest" time="0.0"/>
  <testcase name="checkDecodeEncodeChangeHeaderGraphs(String)[664]" classname="io.jbotsim.io.format.graph6.Graph6TopologySerializerTest" time="0.001"/>
  <testcase name="checkDecodeEncodeChangeHeaderGraphs(String)[665]" classname="io.jbotsim.io.format.graph6.Graph6TopologySerializerTest" time="0.0"/>
  <testcase name="checkDecodeEncodeChangeHeaderGraphs(String)[666]" classname="io.jbotsim.io.format.graph6.Graph6TopologySerializerTest" time="0.002"/>
  <testcase name="checkDecodeEncodeChangeHeaderGraphs(String)[667]" classname="io.jbotsim.io.format.graph6.Graph6TopologySerializerTest" time="0.0"/>
  <testcase name="checkDecodeEncodeChangeHeaderGraphs(String)[668]" classname="io.jbotsim.io.format.graph6.Graph6TopologySerializerTest" time="0.005"/>
  <testcase name="checkDecodeEncodeChangeHeaderGraphs(String)[669]" classname="io.jbotsim.io.format.graph6.Graph6TopologySerializerTest" time="0.0"/>
  <testcase name="checkDecodeEncodeChangeHeaderGraphs(String)[670]" classname="io.jbotsim.io.format.graph6.Graph6TopologySerializerTest" time="0.0"/>
  <testcase name="checkDecodeEncodeChangeHeaderGraphs(String)[671]" classname="io.jbotsim.io.format.graph6.Graph6TopologySerializerTest" time="0.0"/>
  <testcase name="checkDecodeEncodeChangeHeaderGraphs(String)[672]" classname="io.jbotsim.io.format.graph6.Graph6TopologySerializerTest" time="0.0"/>
  <testcase name="checkDecodeEncodeChangeHeaderGraphs(String)[673]" classname="io.jbotsim.io.format.graph6.Graph6TopologySerializerTest" time="0.002"/>
  <testcase name="checkDecodeEncodeChangeHeaderGraphs(String)[674]" classname="io.jbotsim.io.format.graph6.Graph6TopologySerializerTest" time="0.0"/>
  <testcase name="checkDecodeEncodeChangeHeaderGraphs(String)[675]" classname="io.jbotsim.io.format.graph6.Graph6TopologySerializerTest" time="0.002"/>
  <testcase name="checkDecodeEncodeChangeHeaderGraphs(String)[676]" classname="io.jbotsim.io.format.graph6.Graph6TopologySerializerTest" time="0.0"/>
  <testcase name="checkDecodeEncodeChangeHeaderGraphs(String)[677]" classname="io.jbotsim.io.format.graph6.Graph6TopologySerializerTest" time="0.0"/>
  <testcase name="checkDecodeEncodeChangeHeaderGraphs(String)[678]" classname="io.jbotsim.io.format.graph6.Graph6TopologySerializerTest" time="0.001"/>
  <testcase name="checkDecodeEncodeChangeHeaderGraphs(String)[679]" classname="io.jbotsim.io.format.graph6.Graph6TopologySerializerTest" time="0.0"/>
  <testcase name="checkDecodeEncodeChangeHeaderGraphs(String)[680]" classname="io.jbotsim.io.format.graph6.Graph6TopologySerializerTest" time="0.001"/>
  <testcase name="checkDecodeEncodeChangeHeaderGraphs(String)[681]" classname="io.jbotsim.io.format.graph6.Graph6TopologySerializerTest" time="0.0"/>
  <testcase name="checkDecodeEncodeChangeHeaderGraphs(String)[682]" classname="io.jbotsim.io.format.graph6.Graph6TopologySerializerTest" time="0.002"/>
  <testcase name="checkDecodeEncodeChangeHeaderGraphs(String)[683]" classname="io.jbotsim.io.format.graph6.Graph6TopologySerializerTest" time="0.0"/>
  <testcase name="checkDecodeEncodeChangeHeaderGraphs(String)[684]" classname="io.jbotsim.io.format.graph6.Graph6TopologySerializerTest" time="0.0"/>
  <testcase name="checkDecodeEncodeChangeHeaderGraphs(String)[685]" classname="io.jbotsim.io.format.graph6.Graph6TopologySerializerTest" time="0.0"/>
  <testcase name="checkDecodeEncodeChangeHeaderGraphs(String)[686]" classname="io.jbotsim.io.format.graph6.Graph6TopologySerializerTest" time="0.0"/>
  <testcase name="checkDecodeEncodeChangeHeaderGraphs(String)[687]" classname="io.jbotsim.io.format.graph6.Graph6TopologySerializerTest" time="0.0"/>
  <testcase name="checkDecodeEncodeChangeHeaderGraphs(String)[688]" classname="io.jbotsim.io.format.graph6.Graph6TopologySerializerTest" time="0.003"/>
  <testcase name="checkDecodeEncodeChangeHeaderGraphs(String)[689]" classname="io.jbotsim.io.format.graph6.Graph6TopologySerializerTest" time="0.0"/>
  <testcase name="checkDecodeEncodeChangeHeaderGraphs(String)[690]" classname="io.jbotsim.io.format.graph6.Graph6TopologySerializerTest" time="0.002"/>
  <testcase name="checkDecodeEncodeChangeHeaderGraphs(String)[691]" classname="io.jbotsim.io.format.graph6.Graph6TopologySerializerTest" time="0.0"/>
  <testcase name="checkDecodeEncodeChangeHeaderGraphs(String)[692]" classname="io.jbotsim.io.format.graph6.Graph6TopologySerializerTest" time="0.002"/>
  <testcase name="checkDecodeEncodeChangeHeaderGraphs(String)[693]" classname="io.jbotsim.io.format.graph6.Graph6TopologySerializerTest" time="0.002"/>
  <testcase name="checkDecodeEncodeChangeHeaderGraphs(String)[694]" classname="io.jbotsim.io.format.graph6.Graph6TopologySerializerTest" time="0.0"/>
  <testcase name="checkDecodeEncodeChangeHeaderGraphs(String)[695]" classname="io.jbotsim.io.format.graph6.Graph6TopologySerializerTest" time="0.0"/>
  <testcase name="checkDecodeEncodeChangeHeaderGraphs(String)[696]" classname="io.jbotsim.io.format.graph6.Graph6TopologySerializerTest" time="0.0"/>
  <testcase name="checkDecodeEncodeChangeHeaderGraphs(String)[697]" classname="io.jbotsim.io.format.graph6.Graph6TopologySerializerTest" time="0.0"/>
  <testcase name="checkDecodeEncodeChangeHeaderGraphs(String)[698]" classname="io.jbotsim.io.format.graph6.Graph6TopologySerializerTest" time="0.003"/>
  <testcase name="checkDecodeEncodeChangeHeaderGraphs(String)[699]" classname="io.jbotsim.io.format.graph6.Graph6TopologySerializerTest" time="0.0"/>
  <testcase name="checkDecodeEncodeChangeHeaderGraphs(String)[700]" classname="io.jbotsim.io.format.graph6.Graph6TopologySerializerTest" time="0.0"/>
  <testcase name="checkDecodeEncodeChangeHeaderGraphs(String)[701]" classname="io.jbotsim.io.format.graph6.Graph6TopologySerializerTest" time="0.0"/>
  <testcase name="checkDecodeEncodeChangeHeaderGraphs(String)[702]" classname="io.jbotsim.io.format.graph6.Graph6TopologySerializerTest" time="0.0"/>
  <testcase name="checkDecodeEncodeChangeHeaderGraphs(String)[703]" classname="io.jbotsim.io.format.graph6.Graph6TopologySerializerTest" time="0.0"/>
  <testcase name="checkDecodeEncodeChangeHeaderGraphs(String)[704]" classname="io.jbotsim.io.format.graph6.Graph6TopologySerializerTest" time="0.003"/>
  <testcase name="checkDecodeEncodeChangeHeaderGraphs(String)[705]" classname="io.jbotsim.io.format.graph6.Graph6TopologySerializerTest" time="0.001"/>
  <testcase name="checkDecodeEncodeChangeHeaderGraphs(String)[706]" classname="io.jbotsim.io.format.graph6.Graph6TopologySerializerTest" time="0.0"/>
  <testcase name="checkDecodeEncodeChangeHeaderGraphs(String)[707]" classname="io.jbotsim.io.format.graph6.Graph6TopologySerializerTest" time="0.0"/>
  <testcase name="checkDecodeEncodeChangeHeaderGraphs(String)[708]" classname="io.jbotsim.io.format.graph6.Graph6TopologySerializerTest" time="0.0"/>
  <testcase name="checkDecodeEncodeChangeHeaderGraphs(String)[709]" classname="io.jbotsim.io.format.graph6.Graph6TopologySerializerTest" time="0.0"/>
  <testcase name="checkDecodeEncodeChangeHeaderGraphs(String)[710]" classname="io.jbotsim.io.format.graph6.Graph6TopologySerializerTest" time="0.001"/>
  <testcase name="checkDecodeEncodeChangeHeaderGraphs(String)[711]" classname="io.jbotsim.io.format.graph6.Graph6TopologySerializerTest" time="0.001"/>
  <testcase name="checkDecodeEncodeChangeHeaderGraphs(String)[712]" classname="io.jbotsim.io.format.graph6.Graph6TopologySerializerTest" time="0.0"/>
  <testcase name="checkDecodeEncodeChangeHeaderGraphs(String)[713]" classname="io.jbotsim.io.format.graph6.Graph6TopologySerializerTest" time="0.0"/>
  <testcase name="checkDecodeEncodeChangeHeaderGraphs(String)[714]" classname="io.jbotsim.io.format.graph6.Graph6TopologySerializerTest" time="0.0"/>
  <testcase name="checkDecodeEncodeChangeHeaderGraphs(String)[715]" classname="io.jbotsim.io.format.graph6.Graph6TopologySerializerTest" time="0.0"/>
  <testcase name="checkDecodeEncodeChangeHeaderGraphs(String)[716]" classname="io.jbotsim.io.format.graph6.Graph6TopologySerializerTest" time="0.001"/>
  <testcase name="checkDecodeEncodeChangeHeaderGraphs(String)[717]" classname="io.jbotsim.io.format.graph6.Graph6TopologySerializerTest" time="0.001"/>
  <testcase name="checkDecodeEncodeChangeHeaderGraphs(String)[718]" classname="io.jbotsim.io.format.graph6.Graph6TopologySerializerTest" time="0.0"/>
  <testcase name="checkDecodeEncodeChangeHeaderGraphs(String)[719]" classname="io.jbotsim.io.format.graph6.Graph6TopologySerializerTest" time="0.001"/>
  <testcase name="checkDecodeEncodeChangeHeaderGraphs(String)[720]" classname="io.jbotsim.io.format.graph6.Graph6TopologySerializerTest" time="0.0"/>
  <testcase name="checkDecodeEncodeChangeHeaderGraphs(String)[721]" classname="io.jbotsim.io.format.graph6.Graph6TopologySerializerTest" time="0.0"/>
  <testcase name="checkDecodeEncodeChangeHeaderGraphs(String)[722]" classname="io.jbotsim.io.format.graph6.Graph6TopologySerializerTest" time="0.0"/>
  <testcase name="checkDecodeEncodeChangeHeaderGraphs(String)[723]" classname="io.jbotsim.io.format.graph6.Graph6TopologySerializerTest" time="0.0"/>
  <testcase name="checkDecodeEncodeChangeHeaderGraphs(String)[724]" classname="io.jbotsim.io.format.graph6.Graph6TopologySerializerTest" time="0.0"/>
  <testcase name="checkDecodeEncodeChangeHeaderGraphs(String)[725]" classname="io.jbotsim.io.format.graph6.Graph6TopologySerializerTest" time="0.0"/>
  <testcase name="checkDecodeEncodeChangeHeaderGraphs(String)[726]" classname="io.jbotsim.io.format.graph6.Graph6TopologySerializerTest" time="0.0"/>
  <testcase name="checkDecodeEncodeChangeHeaderGraphs(String)[727]" classname="io.jbotsim.io.format.graph6.Graph6TopologySerializerTest" time="0.0"/>
  <testcase name="checkDecodeEncodeChangeHeaderGraphs(String)[728]" classname="io.jbotsim.io.format.graph6.Graph6TopologySerializerTest" time="0.0"/>
  <testcase name="checkDecodeEncodeChangeHeaderGraphs(String)[729]" classname="io.jbotsim.io.format.graph6.Graph6TopologySerializerTest" time="0.003"/>
  <testcase name="checkDecodeEncodeChangeHeaderGraphs(String)[730]" classname="io.jbotsim.io.format.graph6.Graph6TopologySerializerTest" time="0.0"/>
  <testcase name="checkDecodeEncodeChangeHeaderGraphs(String)[731]" classname="io.jbotsim.io.format.graph6.Graph6TopologySerializerTest" time="0.0"/>
  <testcase name="checkDecodeEncodeChangeHeaderGraphs(String)[732]" classname="io.jbotsim.io.format.graph6.Graph6TopologySerializerTest" time="0.0"/>
  <testcase name="checkDecodeEncodeChangeHeaderGraphs(String)[733]" classname="io.jbotsim.io.format.graph6.Graph6TopologySerializerTest" time="0.0"/>
  <testcase name="checkDecodeEncodeChangeHeaderGraphs(String)[734]" classname="io.jbotsim.io.format.graph6.Graph6TopologySerializerTest" time="0.0"/>
  <testcase name="checkDecodeEncodeChangeHeaderGraphs(String)[735]" classname="io.jbotsim.io.format.graph6.Graph6TopologySerializerTest" time="0.001"/>
  <testcase name="checkDecodeEncodeChangeHeaderGraphs(String)[736]" classname="io.jbotsim.io.format.graph6.Graph6TopologySerializerTest" time="0.0"/>
  <testcase name="checkDecodeEncodeChangeHeaderGraphs(String)[737]" classname="io.jbotsim.io.format.graph6.Graph6TopologySerializerTest" time="0.0"/>
  <testcase name="checkDecodeEncodeChangeHeaderGraphs(String)[738]" classname="io.jbotsim.io.format.graph6.Graph6TopologySerializerTest" time="0.001"/>
  <testcase name="checkDecodeEncodeChangeHeaderGraphs(String)[739]" classname="io.jbotsim.io.format.graph6.Graph6TopologySerializerTest" time="0.0"/>
  <testcase name="checkDecodeEncodeChangeHeaderGraphs(String)[740]" classname="io.jbotsim.io.format.graph6.Graph6TopologySerializerTest" time="0.0"/>
  <testcase name="checkDecodeEncodeChangeHeaderGraphs(String)[741]" classname="io.jbotsim.io.format.graph6.Graph6TopologySerializerTest" time="0.0"/>
  <testcase name="checkDecodeEncodeChangeHeaderGraphs(String)[742]" classname="io.jbotsim.io.format.graph6.Graph6TopologySerializerTest" time="0.001"/>
  <testcase name="checkDecodeEncodeChangeHeaderGraphs(String)[743]" classname="io.jbotsim.io.format.graph6.Graph6TopologySerializerTest" time="0.0"/>
  <testcase name="checkDecodeEncodeChangeHeaderGraphs(String)[744]" classname="io.jbotsim.io.format.graph6.Graph6TopologySerializerTest" time="0.0"/>
  <testcase name="checkDecodeEncodeChangeHeaderGraphs(String)[745]" classname="io.jbotsim.io.format.graph6.Graph6TopologySerializerTest" time="0.0"/>
  <testcase name="checkDecodeEncodeChangeHeaderGraphs(String)[746]" classname="io.jbotsim.io.format.graph6.Graph6TopologySerializerTest" time="0.0"/>
  <testcase name="checkDecodeEncodeChangeHeaderGraphs(String)[747]" classname="io.jbotsim.io.format.graph6.Graph6TopologySerializerTest" time="0.004"/>
  <testcase name="checkDecodeEncodeChangeHeaderGraphs(String)[748]" classname="io.jbotsim.io.format.graph6.Graph6TopologySerializerTest" time="0.001"/>
  <testcase name="checkDecodeEncodeChangeHeaderGraphs(String)[749]" classname="io.jbotsim.io.format.graph6.Graph6TopologySerializerTest" time="0.0"/>
  <testcase name="checkDecodeEncodeChangeHeaderGraphs(String)[750]" classname="io.jbotsim.io.format.graph6.Graph6TopologySerializerTest" time="0.0"/>
  <testcase name="checkDecodeEncodeChangeHeaderGraphs(String)[751]" classname="io.jbotsim.io.format.graph6.Graph6TopologySerializerTest" time="0.0"/>
  <testcase name="checkDecodeEncodeChangeHeaderGraphs(String)[752]" classname="io.jbotsim.io.format.graph6.Graph6TopologySerializerTest" time="0.001"/>
  <testcase name="checkDecodeEncodeChangeHeaderGraphs(String)[753]" classname="io.jbotsim.io.format.graph6.Graph6TopologySerializerTest" time="0.0"/>
  <testcase name="checkDecodeEncodeChangeHeaderGraphs(String)[754]" classname="io.jbotsim.io.format.graph6.Graph6TopologySerializerTest" time="0.0"/>
  <testcase name="checkDecodeEncodeChangeHeaderGraphs(String)[755]" classname="io.jbotsim.io.format.graph6.Graph6TopologySerializerTest" time="0.0"/>
  <testcase name="checkDecodeEncodeChangeHeaderGraphs(String)[756]" classname="io.jbotsim.io.format.graph6.Graph6TopologySerializerTest" time="0.0"/>
  <testcase name="checkDecodeEncodeChangeHeaderGraphs(String)[757]" classname="io.jbotsim.io.format.graph6.Graph6TopologySerializerTest" time="0.001"/>
  <testcase name="checkDecodeEncodeChangeHeaderGraphs(String)[758]" classname="io.jbotsim.io.format.graph6.Graph6TopologySerializerTest" time="0.0"/>
  <testcase name="checkDecodeEncodeChangeHeaderGraphs(String)[759]" classname="io.jbotsim.io.format.graph6.Graph6TopologySerializerTest" time="0.0"/>
  <testcase name="checkDecodeEncodeChangeHeaderGraphs(String)[760]" classname="io.jbotsim.io.format.graph6.Graph6TopologySerializerTest" time="0.0"/>
  <testcase name="checkDecodeEncodeChangeHeaderGraphs(String)[761]" classname="io.jbotsim.io.format.graph6.Graph6TopologySerializerTest" time="0.004"/>
  <testcase name="checkDecodeEncodeChangeHeaderGraphs(String)[762]" classname="io.jbotsim.io.format.graph6.Graph6TopologySerializerTest" time="0.0"/>
  <testcase name="checkDecodeEncodeChangeHeaderGraphs(String)[763]" classname="io.jbotsim.io.format.graph6.Graph6TopologySerializerTest" time="0.001"/>
  <testcase name="checkDecodeEncodeChangeHeaderGraphs(String)[764]" classname="io.jbotsim.io.format.graph6.Graph6TopologySerializerTest" time="0.0"/>
  <testcase name="checkDecodeEncodeChangeHeaderGraphs(String)[765]" classname="io.jbotsim.io.format.graph6.Graph6TopologySerializerTest" time="0.0"/>
  <testcase name="checkDecodeEncodeChangeHeaderGraphs(String)[766]" classname="io.jbotsim.io.format.graph6.Graph6TopologySerializerTest" time="0.0"/>
  <testcase name="checkDecodeEncodeChangeHeaderGraphs(String)[767]" classname="io.jbotsim.io.format.graph6.Graph6TopologySerializerTest" time="0.0"/>
  <testcase name="checkDecodeEncodeChangeHeaderGraphs(String)[768]" classname="io.jbotsim.io.format.graph6.Graph6TopologySerializerTest" time="0.0"/>
  <testcase name="checkDecodeEncodeChangeHeaderGraphs(String)[769]" classname="io.jbotsim.io.format.graph6.Graph6TopologySerializerTest" time="0.0"/>
  <testcase name="checkDecodeEncodeChangeHeaderGraphs(String)[770]" classname="io.jbotsim.io.format.graph6.Graph6TopologySerializerTest" time="0.001"/>
  <testcase name="checkDecodeEncodeChangeHeaderGraphs(String)[771]" classname="io.jbotsim.io.format.graph6.Graph6TopologySerializerTest" time="0.001"/>
  <testcase name="checkDecodeEncodeChangeHeaderGraphs(String)[772]" classname="io.jbotsim.io.format.graph6.Graph6TopologySerializerTest" time="0.004"/>
  <testcase name="checkDecodeEncodeChangeHeaderGraphs(String)[773]" classname="io.jbotsim.io.format.graph6.Graph6TopologySerializerTest" time="0.0"/>
  <testcase name="checkDecodeEncodeChangeHeaderGraphs(String)[774]" classname="io.jbotsim.io.format.graph6.Graph6TopologySerializerTest" time="0.0"/>
  <testcase name="checkDecodeEncodeChangeHeaderGraphs(String)[775]" classname="io.jbotsim.io.format.graph6.Graph6TopologySerializerTest" time="0.001"/>
  <testcase name="checkDecodeEncodeChangeHeaderGraphs(String)[776]" classname="io.jbotsim.io.format.graph6.Graph6TopologySerializerTest" time="0.0"/>
  <testcase name="checkDecodeEncodeChangeHeaderGraphs(String)[777]" classname="io.jbotsim.io.format.graph6.Graph6TopologySerializerTest" time="0.0"/>
  <testcase name="checkDecodeEncodeChangeHeaderGraphs(String)[778]" classname="io.jbotsim.io.format.graph6.Graph6TopologySerializerTest" time="0.001"/>
  <testcase name="checkDecodeEncodeChangeHeaderGraphs(String)[779]" classname="io.jbotsim.io.format.graph6.Graph6TopologySerializerTest" time="0.0"/>
  <testcase name="checkDecodeEncodeChangeHeaderGraphs(String)[780]" classname="io.jbotsim.io.format.graph6.Graph6TopologySerializerTest" time="0.0"/>
  <testcase name="checkDecodeEncodeChangeHeaderGraphs(String)[781]" classname="io.jbotsim.io.format.graph6.Graph6TopologySerializerTest" time="0.0"/>
  <testcase name="checkDecodeEncodeChangeHeaderGraphs(String)[782]" classname="io.jbotsim.io.format.graph6.Graph6TopologySerializerTest" time="0.0"/>
  <testcase name="checkDecodeEncodeChangeHeaderGraphs(String)[783]" classname="io.jbotsim.io.format.graph6.Graph6TopologySerializerTest" time="0.0"/>
  <testcase name="checkDecodeEncodeChangeHeaderGraphs(String)[784]" classname="io.jbotsim.io.format.graph6.Graph6TopologySerializerTest" time="0.0"/>
  <testcase name="checkDecodeEncodeChangeHeaderGraphs(String)[785]" classname="io.jbotsim.io.format.graph6.Graph6TopologySerializerTest" time="0.0"/>
  <testcase name="checkDecodeEncodeChangeHeaderGraphs(String)[786]" classname="io.jbotsim.io.format.graph6.Graph6TopologySerializerTest" time="0.0"/>
  <testcase name="checkDecodeEncodeChangeHeaderGraphs(String)[787]" classname="io.jbotsim.io.format.graph6.Graph6TopologySerializerTest" time="0.0"/>
  <testcase name="checkDecodeEncodeChangeHeaderGraphs(String)[788]" classname="io.jbotsim.io.format.graph6.Graph6TopologySerializerTest" time="0.0"/>
  <testcase name="checkDecodeEncodeChangeHeaderGraphs(String)[789]" classname="io.jbotsim.io.format.graph6.Graph6TopologySerializerTest" time="0.0"/>
  <testcase name="checkDecodeEncodeChangeHeaderGraphs(String)[790]" classname="io.jbotsim.io.format.graph6.Graph6TopologySerializerTest" time="0.001"/>
  <testcase name="checkDecodeEncodeChangeHeaderGraphs(String)[791]" classname="io.jbotsim.io.format.graph6.Graph6TopologySerializerTest" time="0.004"/>
  <testcase name="checkDecodeEncodeChangeHeaderGraphs(String)[792]" classname="io.jbotsim.io.format.graph6.Graph6TopologySerializerTest" time="0.0"/>
  <testcase name="checkDecodeEncodeChangeHeaderGraphs(String)[793]" classname="io.jbotsim.io.format.graph6.Graph6TopologySerializerTest" time="0.0"/>
  <testcase name="checkDecodeEncodeChangeHeaderGraphs(String)[794]" classname="io.jbotsim.io.format.graph6.Graph6TopologySerializerTest" time="0.001"/>
  <testcase name="checkDecodeEncodeChangeHeaderGraphs(String)[795]" classname="io.jbotsim.io.format.graph6.Graph6TopologySerializerTest" time="0.0"/>
  <testcase name="checkDecodeEncodeChangeHeaderGraphs(String)[796]" classname="io.jbotsim.io.format.graph6.Graph6TopologySerializerTest" time="0.001"/>
  <testcase name="checkDecodeEncodeChangeHeaderGraphs(String)[797]" classname="io.jbotsim.io.format.graph6.Graph6TopologySerializerTest" time="0.0"/>
  <testcase name="checkDecodeEncodeChangeHeaderGraphs(String)[798]" classname="io.jbotsim.io.format.graph6.Graph6TopologySerializerTest" time="0.001"/>
  <testcase name="checkDecodeEncodeChangeHeaderGraphs(String)[799]" classname="io.jbotsim.io.format.graph6.Graph6TopologySerializerTest" time="0.0"/>
  <testcase name="checkDecodeEncodeChangeHeaderGraphs(String)[800]" classname="io.jbotsim.io.format.graph6.Graph6TopologySerializerTest" time="0.001"/>
  <testcase name="checkDecodeEncodeChangeHeaderGraphs(String)[801]" classname="io.jbotsim.io.format.graph6.Graph6TopologySerializerTest" time="0.0"/>
  <testcase name="checkDecodeEncodeChangeHeaderGraphs(String)[802]" classname="io.jbotsim.io.format.graph6.Graph6TopologySerializerTest" time="0.0"/>
  <testcase name="checkDecodeEncodeChangeHeaderGraphs(String)[803]" classname="io.jbotsim.io.format.graph6.Graph6TopologySerializerTest" time="0.001"/>
  <testcase name="checkDecodeEncodeChangeHeaderGraphs(String)[804]" classname="io.jbotsim.io.format.graph6.Graph6TopologySerializerTest" time="0.0"/>
  <testcase name="checkDecodeEncodeChangeHeaderGraphs(String)[805]" classname="io.jbotsim.io.format.graph6.Graph6TopologySerializerTest" time="0.001"/>
  <testcase name="checkDecodeEncodeChangeHeaderGraphs(String)[806]" classname="io.jbotsim.io.format.graph6.Graph6TopologySerializerTest" time="0.0"/>
  <testcase name="checkDecodeEncodeChangeHeaderGraphs(String)[807]" classname="io.jbotsim.io.format.graph6.Graph6TopologySerializerTest" time="0.0"/>
  <testcase name="checkDecodeEncodeChangeHeaderGraphs(String)[808]" classname="io.jbotsim.io.format.graph6.Graph6TopologySerializerTest" time="0.0"/>
  <testcase name="checkDecodeEncodeChangeHeaderGraphs(String)[809]" classname="io.jbotsim.io.format.graph6.Graph6TopologySerializerTest" time="0.0"/>
  <testcase name="checkDecodeEncodeChangeHeaderGraphs(String)[810]" classname="io.jbotsim.io.format.graph6.Graph6TopologySerializerTest" time="0.0"/>
  <testcase name="checkDecodeEncodeChangeHeaderGraphs(String)[811]" classname="io.jbotsim.io.format.graph6.Graph6TopologySerializerTest" time="0.0"/>
  <testcase name="checkDecodeEncodeChangeHeaderGraphs(String)[812]" classname="io.jbotsim.io.format.graph6.Graph6TopologySerializerTest" time="0.0"/>
  <testcase name="checkDecodeEncodeChangeHeaderGraphs(String)[813]" classname="io.jbotsim.io.format.graph6.Graph6TopologySerializerTest" time="0.0"/>
  <testcase name="checkDecodeEncodeChangeHeaderGraphs(String)[814]" classname="io.jbotsim.io.format.graph6.Graph6TopologySerializerTest" time="0.0"/>
  <testcase name="checkDecodeEncodeChangeHeaderGraphs(String)[815]" classname="io.jbotsim.io.format.graph6.Graph6TopologySerializerTest" time="0.0"/>
  <testcase name="checkDecodeEncodeChangeHeaderGraphs(String)[816]" classname="io.jbotsim.io.format.graph6.Graph6TopologySerializerTest" time="0.001"/>
  <testcase name="checkDecodeEncodeChangeHeaderGraphs(String)[817]" classname="io.jbotsim.io.format.graph6.Graph6TopologySerializerTest" time="0.0"/>
  <testcase name="checkDecodeEncodeChangeHeaderGraphs(String)[818]" classname="io.jbotsim.io.format.graph6.Graph6TopologySerializerTest" time="0.0"/>
  <testcase name="checkDecodeEncodeChangeHeaderGraphs(String)[819]" classname="io.jbotsim.io.format.graph6.Graph6TopologySerializerTest" time="0.0"/>
  <testcase name="checkDecodeEncodeChangeHeaderGraphs(String)[820]" classname="io.jbotsim.io.format.graph6.Graph6TopologySerializerTest" time="0.001"/>
  <testcase name="checkDecodeEncodeChangeHeaderGraphs(String)[821]" classname="io.jbotsim.io.format.graph6.Graph6TopologySerializerTest" time="0.0"/>
  <testcase name="checkDecodeEncodeChangeHeaderGraphs(String)[822]" classname="io.jbotsim.io.format.graph6.Graph6TopologySerializerTest" time="0.001"/>
  <testcase name="checkDecodeEncodeChangeHeaderGraphs(String)[823]" classname="io.jbotsim.io.format.graph6.Graph6TopologySerializerTest" time="0.0"/>
  <testcase name="checkDecodeEncodeChangeHeaderGraphs(String)[824]" classname="io.jbotsim.io.format.graph6.Graph6TopologySerializerTest" time="0.003"/>
  <testcase name="checkDecodeEncodeChangeHeaderGraphs(String)[825]" classname="io.jbotsim.io.format.graph6.Graph6TopologySerializerTest" time="0.0"/>
  <testcase name="checkDecodeEncodeChangeHeaderGraphs(String)[826]" classname="io.jbotsim.io.format.graph6.Graph6TopologySerializerTest" time="0.0"/>
  <testcase name="checkDecodeEncodeChangeHeaderGraphs(String)[827]" classname="io.jbotsim.io.format.graph6.Graph6TopologySerializerTest" time="0.0"/>
  <testcase name="checkDecodeEncodeChangeHeaderGraphs(String)[828]" classname="io.jbotsim.io.format.graph6.Graph6TopologySerializerTest" time="0.0"/>
  <testcase name="checkDecodeEncodeChangeHeaderGraphs(String)[829]" classname="io.jbotsim.io.format.graph6.Graph6TopologySerializerTest" time="0.001"/>
  <testcase name="checkDecodeEncodeChangeHeaderGraphs(String)[830]" classname="io.jbotsim.io.format.graph6.Graph6TopologySerializerTest" time="0.0"/>
  <testcase name="checkDecodeEncodeChangeHeaderGraphs(String)[831]" classname="io.jbotsim.io.format.graph6.Graph6TopologySerializerTest" time="0.0"/>
  <testcase name="checkDecodeEncodeChangeHeaderGraphs(String)[832]" classname="io.jbotsim.io.format.graph6.Graph6TopologySerializerTest" time="0.0"/>
  <testcase name="checkDecodeEncodeChangeHeaderGraphs(String)[833]" classname="io.jbotsim.io.format.graph6.Graph6TopologySerializerTest" time="0.0"/>
  <testcase name="checkDecodeEncodeChangeHeaderGraphs(String)[834]" classname="io.jbotsim.io.format.graph6.Graph6TopologySerializerTest" time="0.004"/>
  <testcase name="checkDecodeEncodeChangeHeaderGraphs(String)[835]" classname="io.jbotsim.io.format.graph6.Graph6TopologySerializerTest" time="0.001"/>
  <testcase name="checkDecodeEncodeChangeHeaderGraphs(String)[836]" classname="io.jbotsim.io.format.graph6.Graph6TopologySerializerTest" time="0.0"/>
  <testcase name="checkDecodeEncodeChangeHeaderGraphs(String)[837]" classname="io.jbotsim.io.format.graph6.Graph6TopologySerializerTest" time="0.0"/>
  <testcase name="checkDecodeEncodeChangeHeaderGraphs(String)[838]" classname="io.jbotsim.io.format.graph6.Graph6TopologySerializerTest" time="0.0"/>
  <testcase name="checkDecodeEncodeChangeHeaderGraphs(String)[839]" classname="io.jbotsim.io.format.graph6.Graph6TopologySerializerTest" time="0.0"/>
  <testcase name="checkDecodeEncodeChangeHeaderGraphs(String)[840]" classname="io.jbotsim.io.format.graph6.Graph6TopologySerializerTest" time="0.0"/>
  <testcase name="checkDecodeEncodeChangeHeaderGraphs(String)[841]" classname="io.jbotsim.io.format.graph6.Graph6TopologySerializerTest" time="0.0"/>
  <testcase name="checkDecodeEncodeChangeHeaderGraphs(String)[842]" classname="io.jbotsim.io.format.graph6.Graph6TopologySerializerTest" time="0.0"/>
  <testcase name="checkDecodeEncodeChangeHeaderGraphs(String)[843]" classname="io.jbotsim.io.format.graph6.Graph6TopologySerializerTest" time="0.001"/>
  <testcase name="checkDecodeEncodeChangeHeaderGraphs(String)[844]" classname="io.jbotsim.io.format.graph6.Graph6TopologySerializerTest" time="0.0"/>
  <testcase name="checkDecodeEncodeChangeHeaderGraphs(String)[845]" classname="io.jbotsim.io.format.graph6.Graph6TopologySerializerTest" time="0.003"/>
  <testcase name="checkDecodeEncodeChangeHeaderGraphs(String)[846]" classname="io.jbotsim.io.format.graph6.Graph6TopologySerializerTest" time="0.0"/>
  <testcase name="checkDecodeEncodeChangeHeaderGraphs(String)[847]" classname="io.jbotsim.io.format.graph6.Graph6TopologySerializerTest" time="0.0"/>
  <testcase name="checkDecodeEncodeChangeHeaderGraphs(String)[848]" classname="io.jbotsim.io.format.graph6.Graph6TopologySerializerTest" time="0.001"/>
  <testcase name="checkDecodeEncodeChangeHeaderGraphs(String)[849]" classname="io.jbotsim.io.format.graph6.Graph6TopologySerializerTest" time="0.0"/>
  <testcase name="checkDecodeEncodeChangeHeaderGraphs(String)[850]" classname="io.jbotsim.io.format.graph6.Graph6TopologySerializerTest" time="0.0"/>
  <testcase name="checkDecodeEncodeChangeHeaderGraphs(String)[851]" classname="io.jbotsim.io.format.graph6.Graph6TopologySerializerTest" time="0.0"/>
  <testcase name="checkDecodeEncodeChangeHeaderGraphs(String)[852]" classname="io.jbotsim.io.format.graph6.Graph6TopologySerializerTest" time="0.0"/>
  <testcase name="checkDecodeEncodeChangeHeaderGraphs(String)[853]" classname="io.jbotsim.io.format.graph6.Graph6TopologySerializerTest" time="0.0"/>
  <testcase name="checkDecodeEncodeChangeHeaderGraphs(String)[854]" classname="io.jbotsim.io.format.graph6.Graph6TopologySerializerTest" time="0.0"/>
  <testcase name="checkDecodeEncodeChangeHeaderGraphs(String)[855]" classname="io.jbotsim.io.format.graph6.Graph6TopologySerializerTest" time="0.0"/>
  <testcase name="checkDecodeEncodeChangeHeaderGraphs(String)[856]" classname="io.jbotsim.io.format.graph6.Graph6TopologySerializerTest" time="0.0"/>
  <testcase name="checkDecodeEncodeChangeHeaderGraphs(String)[857]" classname="io.jbotsim.io.format.graph6.Graph6TopologySerializerTest" time="0.0"/>
  <testcase name="checkDecodeEncodeChangeHeaderGraphs(String)[858]" classname="io.jbotsim.io.format.graph6.Graph6TopologySerializerTest" time="0.001"/>
  <testcase name="checkDecodeEncodeChangeHeaderGraphs(String)[859]" classname="io.jbotsim.io.format.graph6.Graph6TopologySerializerTest" time="0.0"/>
  <testcase name="checkDecodeEncodeChangeHeaderGraphs(String)[860]" classname="io.jbotsim.io.format.graph6.Graph6TopologySerializerTest" time="0.001"/>
  <testcase name="checkDecodeEncodeChangeHeaderGraphs(String)[861]" classname="io.jbotsim.io.format.graph6.Graph6TopologySerializerTest" time="0.0"/>
  <testcase name="checkDecodeEncodeChangeHeaderGraphs(String)[862]" classname="io.jbotsim.io.format.graph6.Graph6TopologySerializerTest" time="0.001"/>
  <testcase name="checkDecodeEncodeChangeHeaderGraphs(String)[863]" classname="io.jbotsim.io.format.graph6.Graph6TopologySerializerTest" time="0.002"/>
  <testcase name="checkDecodeEncodeChangeHeaderGraphs(String)[864]" classname="io.jbotsim.io.format.graph6.Graph6TopologySerializerTest" time="0.001"/>
  <testcase name="checkDecodeEncodeChangeHeaderGraphs(String)[865]" classname="io.jbotsim.io.format.graph6.Graph6TopologySerializerTest" time="0.0"/>
  <testcase name="checkDecodeEncodeChangeHeaderGraphs(String)[866]" classname="io.jbotsim.io.format.graph6.Graph6TopologySerializerTest" time="0.001"/>
  <testcase name="checkDecodeEncodeChangeHeaderGraphs(String)[867]" classname="io.jbotsim.io.format.graph6.Graph6TopologySerializerTest" time="0.003"/>
  <testcase name="checkDecodeEncodeChangeHeaderGraphs(String)[868]" classname="io.jbotsim.io.format.graph6.Graph6TopologySerializerTest" time="0.0"/>
  <testcase name="checkDecodeEncodeChangeHeaderGraphs(String)[869]" classname="io.jbotsim.io.format.graph6.Graph6TopologySerializerTest" time="0.001"/>
  <testcase name="checkDecodeEncodeChangeHeaderGraphs(String)[870]" classname="io.jbotsim.io.format.graph6.Graph6TopologySerializerTest" time="0.0"/>
  <testcase name="checkDecodeEncodeChangeHeaderGraphs(String)[871]" classname="io.jbotsim.io.format.graph6.Graph6TopologySerializerTest" time="0.001"/>
  <testcase name="checkDecodeEncodeChangeHeaderGraphs(String)[872]" classname="io.jbotsim.io.format.graph6.Graph6TopologySerializerTest" time="0.0"/>
  <testcase name="checkDecodeEncodeChangeHeaderGraphs(String)[873]" classname="io.jbotsim.io.format.graph6.Graph6TopologySerializerTest" time="0.001"/>
  <testcase name="checkDecodeEncodeChangeHeaderGraphs(String)[874]" classname="io.jbotsim.io.format.graph6.Graph6TopologySerializerTest" time="0.0"/>
  <testcase name="checkDecodeEncodeChangeHeaderGraphs(String)[875]" classname="io.jbotsim.io.format.graph6.Graph6TopologySerializerTest" time="0.001"/>
  <testcase name="checkDecodeEncodeChangeHeaderGraphs(String)[876]" classname="io.jbotsim.io.format.graph6.Graph6TopologySerializerTest" time="0.004"/>
  <testcase name="checkDecodeEncodeChangeHeaderGraphs(String)[877]" classname="io.jbotsim.io.format.graph6.Graph6TopologySerializerTest" time="0.0"/>
  <testcase name="checkDecodeEncodeChangeHeaderGraphs(String)[878]" classname="io.jbotsim.io.format.graph6.Graph6TopologySerializerTest" time="0.0"/>
  <testcase name="checkDecodeEncodeChangeHeaderGraphs(String)[879]" classname="io.jbotsim.io.format.graph6.Graph6TopologySerializerTest" time="0.0"/>
  <testcase name="checkDecodeEncodeChangeHeaderGraphs(String)[880]" classname="io.jbotsim.io.format.graph6.Graph6TopologySerializerTest" time="0.0"/>
  <testcase name="checkDecodeEncodeChangeHeaderGraphs(String)[881]" classname="io.jbotsim.io.format.graph6.Graph6TopologySerializerTest" time="0.0"/>
  <testcase name="checkDecodeEncodeChangeHeaderGraphs(String)[882]" classname="io.jbotsim.io.format.graph6.Graph6TopologySerializerTest" time="0.0"/>
  <testcase name="checkDecodeEncodeChangeHeaderGraphs(String)[883]" classname="io.jbotsim.io.format.graph6.Graph6TopologySerializerTest" time="0.0"/>
  <testcase name="checkDecodeEncodeChangeHeaderGraphs(String)[884]" classname="io.jbotsim.io.format.graph6.Graph6TopologySerializerTest" time="0.0"/>
  <testcase name="checkDecodeEncodeChangeHeaderGraphs(String)[885]" classname="io.jbotsim.io.format.graph6.Graph6TopologySerializerTest" time="0.0"/>
  <testcase name="checkDecodeEncodeChangeHeaderGraphs(String)[886]" classname="io.jbotsim.io.format.graph6.Graph6TopologySerializerTest" time="0.0"/>
  <testcase name="checkDecodeEncodeChangeHeaderGraphs(String)[887]" classname="io.jbotsim.io.format.graph6.Graph6TopologySerializerTest" time="0.0"/>
  <testcase name="checkDecodeEncodeChangeHeaderGraphs(String)[888]" classname="io.jbotsim.io.format.graph6.Graph6TopologySerializerTest" time="0.0"/>
  <testcase name="checkDecodeEncodeChangeHeaderGraphs(String)[889]" classname="io.jbotsim.io.format.graph6.Graph6TopologySerializerTest" time="0.0"/>
  <testcase name="checkDecodeEncodeChangeHeaderGraphs(String)[890]" classname="io.jbotsim.io.format.graph6.Graph6TopologySerializerTest" time="0.001"/>
  <testcase name="checkDecodeEncodeChangeHeaderGraphs(String)[891]" classname="io.jbotsim.io.format.graph6.Graph6TopologySerializerTest" time="0.0"/>
  <testcase name="checkDecodeEncodeChangeHeaderGraphs(String)[892]" classname="io.jbotsim.io.format.graph6.Graph6TopologySerializerTest" time="0.001"/>
  <testcase name="checkDecodeEncodeChangeHeaderGraphs(String)[893]" classname="io.jbotsim.io.format.graph6.Graph6TopologySerializerTest" time="0.0"/>
  <testcase name="checkDecodeEncodeChangeHeaderGraphs(String)[894]" classname="io.jbotsim.io.format.graph6.Graph6TopologySerializerTest" time="0.001"/>
  <testcase name="checkDecodeEncodeChangeHeaderGraphs(String)[895]" classname="io.jbotsim.io.format.graph6.Graph6TopologySerializerTest" time="0.0"/>
  <testcase name="checkDecodeEncodeChangeHeaderGraphs(String)[896]" classname="io.jbotsim.io.format.graph6.Graph6TopologySerializerTest" time="0.001"/>
  <testcase name="checkDecodeEncodeChangeHeaderGraphs(String)[897]" classname="io.jbotsim.io.format.graph6.Graph6TopologySerializerTest" time="0.0"/>
  <testcase name="checkDecodeEncodeChangeHeaderGraphs(String)[898]" classname="io.jbotsim.io.format.graph6.Graph6TopologySerializerTest" time="0.0"/>
  <testcase name="checkDecodeEncodeChangeHeaderGraphs(String)[899]" classname="io.jbotsim.io.format.graph6.Graph6TopologySerializerTest" time="0.0"/>
  <testcase name="checkDecodeEncodeChangeHeaderGraphs(String)[900]" classname="io.jbotsim.io.format.graph6.Graph6TopologySerializerTest" time="0.0"/>
  <testcase name="checkDecodeEncodeChangeHeaderGraphs(String)[901]" classname="io.jbotsim.io.format.graph6.Graph6TopologySerializerTest" time="0.002"/>
  <testcase name="checkDecodeEncodeChangeHeaderGraphs(String)[902]" classname="io.jbotsim.io.format.graph6.Graph6TopologySerializerTest" time="0.0"/>
  <testcase name="checkDecodeEncodeChangeHeaderGraphs(String)[903]" classname="io.jbotsim.io.format.graph6.Graph6TopologySerializerTest" time="0.001"/>
  <testcase name="checkDecodeEncodeChangeHeaderGraphs(String)[904]" classname="io.jbotsim.io.format.graph6.Graph6TopologySerializerTest" time="0.0"/>
  <testcase name="checkDecodeEncodeChangeHeaderGraphs(String)[905]" classname="io.jbotsim.io.format.graph6.Graph6TopologySerializerTest" time="0.001"/>
  <testcase name="checkDecodeEncodeChangeHeaderGraphs(String)[906]" classname="io.jbotsim.io.format.graph6.Graph6TopologySerializerTest" time="0.0"/>
  <testcase name="checkDecodeEncodeChangeHeaderGraphs(String)[907]" classname="io.jbotsim.io.format.graph6.Graph6TopologySerializerTest" time="0.0"/>
  <testcase name="checkDecodeEncodeChangeHeaderGraphs(String)[908]" classname="io.jbotsim.io.format.graph6.Graph6TopologySerializerTest" time="0.004"/>
  <testcase name="checkDecodeEncodeChangeHeaderGraphs(String)[909]" classname="io.jbotsim.io.format.graph6.Graph6TopologySerializerTest" time="0.0"/>
  <testcase name="checkDecodeEncodeChangeHeaderGraphs(String)[910]" classname="io.jbotsim.io.format.graph6.Graph6TopologySerializerTest" time="0.0"/>
  <testcase name="checkDecodeEncodeChangeHeaderGraphs(String)[911]" classname="io.jbotsim.io.format.graph6.Graph6TopologySerializerTest" time="0.0"/>
  <testcase name="checkDecodeEncodeChangeHeaderGraphs(String)[912]" classname="io.jbotsim.io.format.graph6.Graph6TopologySerializerTest" time="0.0"/>
  <testcase name="checkDecodeEncodeChangeHeaderGraphs(String)[913]" classname="io.jbotsim.io.format.graph6.Graph6TopologySerializerTest" time="0.001"/>
  <testcase name="checkDecodeEncodeChangeHeaderGraphs(String)[914]" classname="io.jbotsim.io.format.graph6.Graph6TopologySerializerTest" time="0.0"/>
  <testcase name="checkDecodeEncodeChangeHeaderGraphs(String)[915]" classname="io.jbotsim.io.format.graph6.Graph6TopologySerializerTest" time="0.001"/>
  <testcase name="checkDecodeEncodeChangeHeaderGraphs(String)[916]" classname="io.jbotsim.io.format.graph6.Graph6TopologySerializerTest" time="0.0"/>
  <testcase name="checkDecodeEncodeChangeHeaderGraphs(String)[917]" classname="io.jbotsim.io.format.graph6.Graph6TopologySerializerTest" time="0.001"/>
  <testcase name="checkDecodeEncodeChangeHeaderGraphs(String)[918]" classname="io.jbotsim.io.format.graph6.Graph6TopologySerializerTest" time="0.0"/>
  <testcase name="checkDecodeEncodeChangeHeaderGraphs(String)[919]" classname="io.jbotsim.io.format.graph6.Graph6TopologySerializerTest" time="0.003"/>
  <testcase name="checkDecodeEncodeChangeHeaderGraphs(String)[920]" classname="io.jbotsim.io.format.graph6.Graph6TopologySerializerTest" time="0.0"/>
  <testcase name="checkDecodeEncodeChangeHeaderGraphs(String)[921]" classname="io.jbotsim.io.format.graph6.Graph6TopologySerializerTest" time="0.0"/>
  <testcase name="checkDecodeEncodeChangeHeaderGraphs(String)[922]" classname="io.jbotsim.io.format.graph6.Graph6TopologySerializerTest" time="0.0"/>
  <testcase name="checkDecodeEncodeChangeHeaderGraphs(String)[923]" classname="io.jbotsim.io.format.graph6.Graph6TopologySerializerTest" time="0.0"/>
  <testcase name="checkDecodeEncodeChangeHeaderGraphs(String)[924]" classname="io.jbotsim.io.format.graph6.Graph6TopologySerializerTest" time="0.0"/>
  <testcase name="checkDecodeEncodeChangeHeaderGraphs(String)[925]" classname="io.jbotsim.io.format.graph6.Graph6TopologySerializerTest" time="0.0"/>
  <testcase name="checkDecodeEncodeChangeHeaderGraphs(String)[926]" classname="io.jbotsim.io.format.graph6.Graph6TopologySerializerTest" time="0.0"/>
  <testcase name="checkDecodeEncodeChangeHeaderGraphs(String)[927]" classname="io.jbotsim.io.format.graph6.Graph6TopologySerializerTest" time="0.0"/>
  <testcase name="checkDecodeEncodeChangeHeaderGraphs(String)[928]" classname="io.jbotsim.io.format.graph6.Graph6TopologySerializerTest" time="0.0"/>
  <testcase name="checkDecodeEncodeChangeHeaderGraphs(String)[929]" classname="io.jbotsim.io.format.graph6.Graph6TopologySerializerTest" time="0.0"/>
  <testcase name="checkDecodeEncodeChangeHeaderGraphs(String)[930]" classname="io.jbotsim.io.format.graph6.Graph6TopologySerializerTest" time="0.004"/>
  <testcase name="checkDecodeEncodeChangeHeaderGraphs(String)[931]" classname="io.jbotsim.io.format.graph6.Graph6TopologySerializerTest" time="0.0"/>
  <testcase name="checkDecodeEncodeChangeHeaderGraphs(String)[932]" classname="io.jbotsim.io.format.graph6.Graph6TopologySerializerTest" time="0.0"/>
  <testcase name="checkDecodeEncodeChangeHeaderGraphs(String)[933]" classname="io.jbotsim.io.format.graph6.Graph6TopologySerializerTest" time="0.001"/>
  <testcase name="checkDecodeEncodeChangeHeaderGraphs(String)[934]" classname="io.jbotsim.io.format.graph6.Graph6TopologySerializerTest" time="0.0"/>
  <testcase name="checkDecodeEncodeChangeHeaderGraphs(String)[935]" classname="io.jbotsim.io.format.graph6.Graph6TopologySerializerTest" time="0.001"/>
  <testcase name="checkDecodeEncodeChangeHeaderGraphs(String)[936]" classname="io.jbotsim.io.format.graph6.Graph6TopologySerializerTest" time="0.0"/>
  <testcase name="checkDecodeEncodeChangeHeaderGraphs(String)[937]" classname="io.jbotsim.io.format.graph6.Graph6TopologySerializerTest" time="0.001"/>
  <testcase name="checkDecodeEncodeChangeHeaderGraphs(String)[938]" classname="io.jbotsim.io.format.graph6.Graph6TopologySerializerTest" time="0.0"/>
  <testcase name="checkDecodeEncodeChangeHeaderGraphs(String)[939]" classname="io.jbotsim.io.format.graph6.Graph6TopologySerializerTest" time="0.001"/>
  <testcase name="checkDecodeEncodeChangeHeaderGraphs(String)[940]" classname="io.jbotsim.io.format.graph6.Graph6TopologySerializerTest" time="0.003"/>
  <testcase name="checkDecodeEncodeChangeHeaderGraphs(String)[941]" classname="io.jbotsim.io.format.graph6.Graph6TopologySerializerTest" time="0.001"/>
  <testcase name="checkDecodeEncodeChangeHeaderGraphs(String)[942]" classname="io.jbotsim.io.format.graph6.Graph6TopologySerializerTest" time="0.0"/>
  <testcase name="checkDecodeEncodeChangeHeaderGraphs(String)[943]" classname="io.jbotsim.io.format.graph6.Graph6TopologySerializerTest" time="0.0"/>
  <testcase name="checkDecodeEncodeChangeHeaderGraphs(String)[944]" classname="io.jbotsim.io.format.graph6.Graph6TopologySerializerTest" time="0.0"/>
  <testcase name="checkDecodeEncodeChangeHeaderGraphs(String)[945]" classname="io.jbotsim.io.format.graph6.Graph6TopologySerializerTest" time="0.0"/>
  <testcase name="checkDecodeEncodeChangeHeaderGraphs(String)[946]" classname="io.jbotsim.io.format.graph6.Graph6TopologySerializerTest" time="0.002"/>
  <testcase name="checkDecodeEncodeChangeHeaderGraphs(String)[947]" classname="io.jbotsim.io.format.graph6.Graph6TopologySerializerTest" time="0.0"/>
  <testcase name="checkDecodeEncodeChangeHeaderGraphs(String)[948]" classname="io.jbotsim.io.format.graph6.Graph6TopologySerializerTest" time="0.0"/>
  <testcase name="checkDecodeEncodeChangeHeaderGraphs(String)[949]" classname="io.jbotsim.io.format.graph6.Graph6TopologySerializerTest" time="0.001"/>
  <testcase name="checkDecodeEncodeChangeHeaderGraphs(String)[950]" classname="io.jbotsim.io.format.graph6.Graph6TopologySerializerTest" time="0.003"/>
  <testcase name="checkDecodeEncodeChangeHeaderGraphs(String)[951]" classname="io.jbotsim.io.format.graph6.Graph6TopologySerializerTest" time="0.0"/>
  <testcase name="checkDecodeEncodeChangeHeaderGraphs(String)[952]" classname="io.jbotsim.io.format.graph6.Graph6TopologySerializerTest" time="0.0"/>
  <testcase name="checkDecodeEncodeChangeHeaderGraphs(String)[953]" classname="io.jbotsim.io.format.graph6.Graph6TopologySerializerTest" time="0.001"/>
  <testcase name="checkDecodeEncodeChangeHeaderGraphs(String)[954]" classname="io.jbotsim.io.format.graph6.Graph6TopologySerializerTest" time="0.0"/>
  <testcase name="checkDecodeEncodeChangeHeaderGraphs(String)[955]" classname="io.jbotsim.io.format.graph6.Graph6TopologySerializerTest" time="0.001"/>
  <testcase name="checkDecodeEncodeChangeHeaderGraphs(String)[956]" classname="io.jbotsim.io.format.graph6.Graph6TopologySerializerTest" time="0.0"/>
  <testcase name="checkDecodeEncodeChangeHeaderGraphs(String)[957]" classname="io.jbotsim.io.format.graph6.Graph6TopologySerializerTest" time="0.001"/>
  <testcase name="checkDecodeEncodeChangeHeaderGraphs(String)[958]" classname="io.jbotsim.io.format.graph6.Graph6TopologySerializerTest" time="0.001"/>
  <testcase name="checkDecodeEncodeChangeHeaderGraphs(String)[959]" classname="io.jbotsim.io.format.graph6.Graph6TopologySerializerTest" time="0.001"/>
  <testcase name="checkDecodeEncodeChangeHeaderGraphs(String)[960]" classname="io.jbotsim.io.format.graph6.Graph6TopologySerializerTest" time="0.003"/>
  <testcase name="checkDecodeEncodeChangeHeaderGraphs(String)[961]" classname="io.jbotsim.io.format.graph6.Graph6TopologySerializerTest" time="0.0"/>
  <testcase name="checkDecodeEncodeChangeHeaderGraphs(String)[962]" classname="io.jbotsim.io.format.graph6.Graph6TopologySerializerTest" time="0.0"/>
  <testcase name="checkDecodeEncodeChangeHeaderGraphs(String)[963]" classname="io.jbotsim.io.format.graph6.Graph6TopologySerializerTest" time="0.001"/>
  <testcase name="checkDecodeEncodeChangeHeaderGraphs(String)[964]" classname="io.jbotsim.io.format.graph6.Graph6TopologySerializerTest" time="0.0"/>
  <testcase name="checkDecodeEncodeChangeHeaderGraphs(String)[965]" classname="io.jbotsim.io.format.graph6.Graph6TopologySerializerTest" time="0.001"/>
  <testcase name="checkDecodeEncodeChangeHeaderGraphs(String)[966]" classname="io.jbotsim.io.format.graph6.Graph6TopologySerializerTest" time="0.0"/>
  <testcase name="checkDecodeEncodeChangeHeaderGraphs(String)[967]" classname="io.jbotsim.io.format.graph6.Graph6TopologySerializerTest" time="0.001"/>
  <testcase name="checkDecodeEncodeChangeHeaderGraphs(String)[968]" classname="io.jbotsim.io.format.graph6.Graph6TopologySerializerTest" time="0.0"/>
  <testcase name="checkDecodeEncodeChangeHeaderGraphs(String)[969]" classname="io.jbotsim.io.format.graph6.Graph6TopologySerializerTest" time="0.001"/>
  <testcase name="checkDecodeEncodeChangeHeaderGraphs(String)[970]" classname="io.jbotsim.io.format.graph6.Graph6TopologySerializerTest" time="0.004"/>
  <testcase name="checkDecodeEncodeChangeHeaderGraphs(String)[971]" classname="io.jbotsim.io.format.graph6.Graph6TopologySerializerTest" time="0.001"/>
  <testcase name="checkDecodeEncodeChangeHeaderGraphs(String)[972]" classname="io.jbotsim.io.format.graph6.Graph6TopologySerializerTest" time="0.0"/>
  <testcase name="checkDecodeEncodeChangeHeaderGraphs(String)[973]" classname="io.jbotsim.io.format.graph6.Graph6TopologySerializerTest" time="0.0"/>
  <testcase name="checkDecodeEncodeChangeHeaderGraphs(String)[974]" classname="io.jbotsim.io.format.graph6.Graph6TopologySerializerTest" time="0.001"/>
  <testcase name="checkDecodeEncodeChangeHeaderGraphs(String)[975]" classname="io.jbotsim.io.format.graph6.Graph6TopologySerializerTest" time="0.0"/>
  <testcase name="checkDecodeEncodeChangeHeaderGraphs(String)[976]" classname="io.jbotsim.io.format.graph6.Graph6TopologySerializerTest" time="0.001"/>
  <testcase name="checkDecodeEncodeChangeHeaderGraphs(String)[977]" classname="io.jbotsim.io.format.graph6.Graph6TopologySerializerTest" time="0.0"/>
  <testcase name="checkDecodeEncodeChangeHeaderGraphs(String)[978]" classname="io.jbotsim.io.format.graph6.Graph6TopologySerializerTest" time="0.001"/>
  <testcase name="checkDecodeEncodeChangeHeaderGraphs(String)[979]" classname="io.jbotsim.io.format.graph6.Graph6TopologySerializerTest" time="0.005"/>
  <testcase name="checkDecodeEncodeChangeHeaderGraphs(String)[980]" classname="io.jbotsim.io.format.graph6.Graph6TopologySerializerTest" time="0.0"/>
  <testcase name="checkDecodeEncodeChangeHeaderGraphs(String)[981]" classname="io.jbotsim.io.format.graph6.Graph6TopologySerializerTest" time="0.0"/>
  <testcase name="checkDecodeEncodeChangeHeaderGraphs(String)[982]" classname="io.jbotsim.io.format.graph6.Graph6TopologySerializerTest" time="0.0"/>
  <testcase name="checkDecodeEncodeChangeHeaderGraphs(String)[983]" classname="io.jbotsim.io.format.graph6.Graph6TopologySerializerTest" time="0.0"/>
  <testcase name="checkDecodeEncodeChangeHeaderGraphs(String)[984]" classname="io.jbotsim.io.format.graph6.Graph6TopologySerializerTest" time="0.0"/>
  <testcase name="checkDecodeEncodeChangeHeaderGraphs(String)[985]" classname="io.jbotsim.io.format.graph6.Graph6TopologySerializerTest" time="0.0"/>
  <testcase name="checkDecodeEncodeChangeHeaderGraphs(String)[986]" classname="io.jbotsim.io.format.graph6.Graph6TopologySerializerTest" time="0.001"/>
  <testcase name="checkDecodeEncodeChangeHeaderGraphs(String)[987]" classname="io.jbotsim.io.format.graph6.Graph6TopologySerializerTest" time="0.0"/>
  <testcase name="checkDecodeEncodeChangeHeaderGraphs(String)[988]" classname="io.jbotsim.io.format.graph6.Graph6TopologySerializerTest" time="0.0"/>
  <testcase name="checkDecodeEncodeChangeHeaderGraphs(String)[989]" classname="io.jbotsim.io.format.graph6.Graph6TopologySerializerTest" time="0.0"/>
  <testcase name="checkDecodeEncodeChangeHeaderGraphs(String)[990]" classname="io.jbotsim.io.format.graph6.Graph6TopologySerializerTest" time="0.0"/>
  <testcase name="checkDecodeEncodeChangeHeaderGraphs(String)[991]" classname="io.jbotsim.io.format.graph6.Graph6TopologySerializerTest" time="0.0"/>
  <testcase name="checkDecodeEncodeChangeHeaderGraphs(String)[992]" classname="io.jbotsim.io.format.graph6.Graph6TopologySerializerTest" time="0.0"/>
  <testcase name="checkDecodeEncodeChangeHeaderGraphs(String)[993]" classname="io.jbotsim.io.format.graph6.Graph6TopologySerializerTest" time="0.0"/>
  <testcase name="checkDecodeEncodeChangeHeaderGraphs(String)[994]" classname="io.jbotsim.io.format.graph6.Graph6TopologySerializerTest" time="0.0"/>
  <testcase name="checkDecodeEncodeChangeHeaderGraphs(String)[995]" classname="io.jbotsim.io.format.graph6.Graph6TopologySerializerTest" time="0.001"/>
  <testcase name="checkDecodeEncodeChangeHeaderGraphs(String)[996]" classname="io.jbotsim.io.format.graph6.Graph6TopologySerializerTest" time="0.0"/>
  <testcase name="checkDecodeEncodeChangeHeaderGraphs(String)[997]" classname="io.jbotsim.io.format.graph6.Graph6TopologySerializerTest" time="0.001"/>
  <testcase name="checkDecodeEncodeChangeHeaderGraphs(String)[998]" classname="io.jbotsim.io.format.graph6.Graph6TopologySerializerTest" time="0.0"/>
  <testcase name="checkDecodeEncodeChangeHeaderGraphs(String)[999]" classname="io.jbotsim.io.format.graph6.Graph6TopologySerializerTest" time="0.001"/>
  <testcase name="checkDecodeEncodeChangeHeaderGraphs(String)[1000]" classname="io.jbotsim.io.format.graph6.Graph6TopologySerializerTest" time="0.0"/>
  <testcase name="checkDecodeEncodeChangeHeaderGraphs(String)[1001]" classname="io.jbotsim.io.format.graph6.Graph6TopologySerializerTest" time="0.0"/>
  <testcase name="checkDecodeEncodeChangeHeaderGraphs(String)[1002]" classname="io.jbotsim.io.format.graph6.Graph6TopologySerializerTest" time="0.0"/>
  <testcase name="checkDecodeEncodeChangeHeaderGraphs(String)[1003]" classname="io.jbotsim.io.format.graph6.Graph6TopologySerializerTest" time="0.0"/>
  <testcase name="checkDecodeEncodeChangeHeaderGraphs(String)[1004]" classname="io.jbotsim.io.format.graph6.Graph6TopologySerializerTest" time="0.0"/>
  <testcase name="checkDecodeEncodeChangeHeaderGraphs(String)[1005]" classname="io.jbotsim.io.format.graph6.Graph6TopologySerializerTest" time="0.0"/>
  <testcase name="checkDecodeEncodeChangeHeaderGraphs(String)[1006]" classname="io.jbotsim.io.format.graph6.Graph6TopologySerializerTest" time="0.0"/>
  <testcase name="checkDecodeEncodeChangeHeaderGraphs(String)[1007]" classname="io.jbotsim.io.format.graph6.Graph6TopologySerializerTest" time="0.001"/>
  <testcase name="checkDecodeEncodeChangeHeaderGraphs(String)[1008]" classname="io.jbotsim.io.format.graph6.Graph6TopologySerializerTest" time="0.0"/>
  <testcase name="checkDecodeEncodeChangeHeaderGraphs(String)[1009]" classname="io.jbotsim.io.format.graph6.Graph6TopologySerializerTest" time="0.001"/>
  <testcase name="checkDecodeEncodeChangeHeaderGraphs(String)[1010]" classname="io.jbotsim.io.format.graph6.Graph6TopologySerializerTest" time="0.0"/>
  <testcase name="checkDecodeEncodeChangeHeaderGraphs(String)[1011]" classname="io.jbotsim.io.format.graph6.Graph6TopologySerializerTest" time="0.001"/>
  <testcase name="checkDecodeEncodeChangeHeaderGraphs(String)[1012]" classname="io.jbotsim.io.format.graph6.Graph6TopologySerializerTest" time="0.0"/>
  <testcase name="checkDecodeEncodeChangeHeaderGraphs(String)[1013]" classname="io.jbotsim.io.format.graph6.Graph6TopologySerializerTest" time="0.001"/>
  <testcase name="checkDecodeEncodeChangeHeaderGraphs(String)[1014]" classname="io.jbotsim.io.format.graph6.Graph6TopologySerializerTest" time="0.0"/>
  <testcase name="checkDecodeEncodeChangeHeaderGraphs(String)[1015]" classname="io.jbotsim.io.format.graph6.Graph6TopologySerializerTest" time="0.0"/>
  <testcase name="checkDecodeEncodeChangeHeaderGraphs(String)[1016]" classname="io.jbotsim.io.format.graph6.Graph6TopologySerializerTest" time="0.0"/>
  <testcase name="checkDecodeEncodeChangeHeaderGraphs(String)[1017]" classname="io.jbotsim.io.format.graph6.Graph6TopologySerializerTest" time="0.0"/>
  <testcase name="checkDecodeEncodeChangeHeaderGraphs(String)[1018]" classname="io.jbotsim.io.format.graph6.Graph6TopologySerializerTest" time="0.0"/>
  <testcase name="checkDecodeEncodeChangeHeaderGraphs(String)[1019]" classname="io.jbotsim.io.format.graph6.Graph6TopologySerializerTest" time="0.0"/>
  <testcase name="checkDecodeEncodeChangeHeaderGraphs(String)[1020]" classname="io.jbotsim.io.format.graph6.Graph6TopologySerializerTest" time="0.0"/>
  <testcase name="checkDecodeEncodeChangeHeaderGraphs(String)[1021]" classname="io.jbotsim.io.format.graph6.Graph6TopologySerializerTest" time="0.0"/>
  <testcase name="checkDecodeEncodeChangeHeaderGraphs(String)[1022]" classname="io.jbotsim.io.format.graph6.Graph6TopologySerializerTest" time="0.004"/>
  <testcase name="checkDecodeEncodeChangeHeaderGraphs(String)[1023]" classname="io.jbotsim.io.format.graph6.Graph6TopologySerializerTest" time="0.0"/>
  <testcase name="checkDecodeEncodeChangeHeaderGraphs(String)[1024]" classname="io.jbotsim.io.format.graph6.Graph6TopologySerializerTest" time="0.001"/>
  <testcase name="checkDecodeEncodeChangeHeaderGraphs(String)[1025]" classname="io.jbotsim.io.format.graph6.Graph6TopologySerializerTest" time="0.0"/>
  <testcase name="checkDecodeEncodeChangeHeaderGraphs(String)[1026]" classname="io.jbotsim.io.format.graph6.Graph6TopologySerializerTest" time="0.0"/>
  <testcase name="checkDecodeEncodeChangeHeaderGraphs(String)[1027]" classname="io.jbotsim.io.format.graph6.Graph6TopologySerializerTest" time="0.002"/>
  <testcase name="checkDecodeEncodeChangeHeaderGraphs(String)[1028]" classname="io.jbotsim.io.format.graph6.Graph6TopologySerializerTest" time="0.001"/>
  <testcase name="checkDecodeEncodeChangeHeaderGraphs(String)[1029]" classname="io.jbotsim.io.format.graph6.Graph6TopologySerializerTest" time="0.0"/>
  <testcase name="checkDecodeEncodeChangeHeaderGraphs(String)[1030]" classname="io.jbotsim.io.format.graph6.Graph6TopologySerializerTest" time="0.0"/>
  <testcase name="checkDecodeEncodeChangeHeaderGraphs(String)[1031]" classname="io.jbotsim.io.format.graph6.Graph6TopologySerializerTest" time="0.001"/>
  <testcase name="checkDecodeEncodeChangeHeaderGraphs(String)[1032]" classname="io.jbotsim.io.format.graph6.Graph6TopologySerializerTest" time="0.0"/>
  <testcase name="checkDecodeEncodeChangeHeaderGraphs(String)[1033]" classname="io.jbotsim.io.format.graph6.Graph6TopologySerializerTest" time="0.0"/>
  <testcase name="checkDecodeEncodeChangeHeaderGraphs(String)[1034]" classname="io.jbotsim.io.format.graph6.Graph6TopologySerializerTest" time="0.0"/>
  <testcase name="checkDecodeEncodeChangeHeaderGraphs(String)[1035]" classname="io.jbotsim.io.format.graph6.Graph6TopologySerializerTest" time="0.001"/>
  <testcase name="checkDecodeEncodeChangeHeaderGraphs(String)[1036]" classname="io.jbotsim.io.format.graph6.Graph6TopologySerializerTest" time="0.0"/>
  <testcase name="checkDecodeEncodeChangeHeaderGraphs(String)[1037]" classname="io.jbotsim.io.format.graph6.Graph6TopologySerializerTest" time="0.001"/>
  <testcase name="checkDecodeEncodeChangeHeaderGraphs(String)[1038]" classname="io.jbotsim.io.format.graph6.Graph6TopologySerializerTest" time="0.001"/>
  <testcase name="checkDecodeEncodeChangeHeaderGraphs(String)[1039]" classname="io.jbotsim.io.format.graph6.Graph6TopologySerializerTest" time="0.0"/>
  <testcase name="checkDecodeEncodeChangeHeaderGraphs(String)[1040]" classname="io.jbotsim.io.format.graph6.Graph6TopologySerializerTest" time="0.0"/>
  <testcase name="checkDecodeEncodeChangeHeaderGraphs(String)[1041]" classname="io.jbotsim.io.format.graph6.Graph6TopologySerializerTest" time="0.0"/>
  <testcase name="checkDecodeEncodeChangeHeaderGraphs(String)[1042]" classname="io.jbotsim.io.format.graph6.Graph6TopologySerializerTest" time="0.0"/>
  <testcase name="checkDecodeEncodeChangeHeaderGraphs(String)[1043]" classname="io.jbotsim.io.format.graph6.Graph6TopologySerializerTest" time="0.0"/>
  <testcase name="checkDecodeEncodeChangeHeaderGraphs(String)[1044]" classname="io.jbotsim.io.format.graph6.Graph6TopologySerializerTest" time="0.0"/>
  <testcase name="checkDecodeEncodeChangeHeaderGraphs(String)[1045]" classname="io.jbotsim.io.format.graph6.Graph6TopologySerializerTest" time="0.0"/>
  <testcase name="checkDecodeEncodeChangeHeaderGraphs(String)[1046]" classname="io.jbotsim.io.format.graph6.Graph6TopologySerializerTest" time="0.001"/>
  <testcase name="checkDecodeEncodeChangeHeaderGraphs(String)[1047]" classname="io.jbotsim.io.format.graph6.Graph6TopologySerializerTest" time="0.0"/>
  <testcase name="checkDecodeEncodeChangeHeaderGraphs(String)[1048]" classname="io.jbotsim.io.format.graph6.Graph6TopologySerializerTest" time="0.0"/>
  <testcase name="checkDecodeEncodeChangeHeaderGraphs(String)[1049]" classname="io.jbotsim.io.format.graph6.Graph6TopologySerializerTest" time="0.003"/>
  <testcase name="checkDecodeEncodeChangeHeaderGraphs(String)[1050]" classname="io.jbotsim.io.format.graph6.Graph6TopologySerializerTest" time="0.0"/>
  <testcase name="checkDecodeEncodeChangeHeaderGraphs(String)[1051]" classname="io.jbotsim.io.format.graph6.Graph6TopologySerializerTest" time="0.0"/>
  <testcase name="checkDecodeEncodeChangeHeaderGraphs(String)[1052]" classname="io.jbotsim.io.format.graph6.Graph6TopologySerializerTest" time="0.0"/>
  <testcase name="checkDecodeEncodeChangeHeaderGraphs(String)[1053]" classname="io.jbotsim.io.format.graph6.Graph6TopologySerializerTest" time="0.0"/>
  <testcase name="checkDecodeEncodeChangeHeaderGraphs(String)[1054]" classname="io.jbotsim.io.format.graph6.Graph6TopologySerializerTest" time="0.001"/>
  <testcase name="checkDecodeEncodeChangeHeaderGraphs(String)[1055]" classname="io.jbotsim.io.format.graph6.Graph6TopologySerializerTest" time="0.0"/>
  <testcase name="checkDecodeEncodeChangeHeaderGraphs(String)[1056]" classname="io.jbotsim.io.format.graph6.Graph6TopologySerializerTest" time="0.001"/>
  <testcase name="checkDecodeEncodeChangeHeaderGraphs(String)[1057]" classname="io.jbotsim.io.format.graph6.Graph6TopologySerializerTest" time="0.0"/>
  <testcase name="checkDecodeEncodeChangeHeaderGraphs(String)[1058]" classname="io.jbotsim.io.format.graph6.Graph6TopologySerializerTest" time="0.0"/>
  <testcase name="checkDecodeEncodeChangeHeaderGraphs(String)[1059]" classname="io.jbotsim.io.format.graph6.Graph6TopologySerializerTest" time="0.0"/>
  <testcase name="checkDecodeEncodeChangeHeaderGraphs(String)[1060]" classname="io.jbotsim.io.format.graph6.Graph6TopologySerializerTest" time="0.0"/>
  <testcase name="checkDecodeEncodeChangeHeaderGraphs(String)[1061]" classname="io.jbotsim.io.format.graph6.Graph6TopologySerializerTest" time="0.001"/>
  <testcase name="checkDecodeEncodeChangeHeaderGraphs(String)[1062]" classname="io.jbotsim.io.format.graph6.Graph6TopologySerializerTest" time="0.0"/>
  <testcase name="checkDecodeEncodeChangeHeaderGraphs(String)[1063]" classname="io.jbotsim.io.format.graph6.Graph6TopologySerializerTest" time="0.001"/>
  <testcase name="checkDecodeEncodeChangeHeaderGraphs(String)[1064]" classname="io.jbotsim.io.format.graph6.Graph6TopologySerializerTest" time="0.0"/>
  <testcase name="checkDecodeEncodeChangeHeaderGraphs(String)[1065]" classname="io.jbotsim.io.format.graph6.Graph6TopologySerializerTest" time="0.0"/>
  <testcase name="checkDecodeEncodeChangeHeaderGraphs(String)[1066]" classname="io.jbotsim.io.format.graph6.Graph6TopologySerializerTest" time="0.001"/>
  <testcase name="checkDecodeEncodeChangeHeaderGraphs(String)[1067]" classname="io.jbotsim.io.format.graph6.Graph6TopologySerializerTest" time="0.0"/>
  <testcase name="checkDecodeEncodeChangeHeaderGraphs(String)[1068]" classname="io.jbotsim.io.format.graph6.Graph6TopologySerializerTest" time="0.0"/>
  <testcase name="checkDecodeEncodeChangeHeaderGraphs(String)[1069]" classname="io.jbotsim.io.format.graph6.Graph6TopologySerializerTest" time="0.0"/>
  <testcase name="checkDecodeEncodeChangeHeaderGraphs(String)[1070]" classname="io.jbotsim.io.format.graph6.Graph6TopologySerializerTest" time="0.0"/>
  <testcase name="checkDecodeEncodeChangeHeaderGraphs(String)[1071]" classname="io.jbotsim.io.format.graph6.Graph6TopologySerializerTest" time="0.0"/>
  <testcase name="checkDecodeEncodeChangeHeaderGraphs(String)[1072]" classname="io.jbotsim.io.format.graph6.Graph6TopologySerializerTest" time="0.0"/>
  <testcase name="checkDecodeEncodeChangeHeaderGraphs(String)[1073]" classname="io.jbotsim.io.format.graph6.Graph6TopologySerializerTest" time="0.0"/>
  <testcase name="checkDecodeEncodeChangeHeaderGraphs(String)[1074]" classname="io.jbotsim.io.format.graph6.Graph6TopologySerializerTest" time="0.0"/>
  <testcase name="checkDecodeEncodeChangeHeaderGraphs(String)[1075]" classname="io.jbotsim.io.format.graph6.Graph6TopologySerializerTest" time="0.0"/>
  <testcase name="checkDecodeEncodeChangeHeaderGraphs(String)[1076]" classname="io.jbotsim.io.format.graph6.Graph6TopologySerializerTest" time="0.004"/>
  <testcase name="checkDecodeEncodeChangeHeaderGraphs(String)[1077]" classname="io.jbotsim.io.format.graph6.Graph6TopologySerializerTest" time="0.0"/>
  <testcase name="checkDecodeEncodeChangeHeaderGraphs(String)[1078]" classname="io.jbotsim.io.format.graph6.Graph6TopologySerializerTest" time="0.004"/>
  <testcase name="checkDecodeEncodeChangeHeaderGraphs(String)[1079]" classname="io.jbotsim.io.format.graph6.Graph6TopologySerializerTest" time="0.0"/>
  <testcase name="checkDecodeEncodeChangeHeaderGraphs(String)[1080]" classname="io.jbotsim.io.format.graph6.Graph6TopologySerializerTest" time="0.0"/>
  <testcase name="checkDecodeEncodeChangeHeaderGraphs(String)[1081]" classname="io.jbotsim.io.format.graph6.Graph6TopologySerializerTest" time="0.0"/>
  <testcase name="checkDecodeEncodeChangeHeaderGraphs(String)[1082]" classname="io.jbotsim.io.format.graph6.Graph6TopologySerializerTest" time="0.0"/>
  <testcase name="checkDecodeEncodeChangeHeaderGraphs(String)[1083]" classname="io.jbotsim.io.format.graph6.Graph6TopologySerializerTest" time="0.0"/>
  <testcase name="checkDecodeEncodeChangeHeaderGraphs(String)[1084]" classname="io.jbotsim.io.format.graph6.Graph6TopologySerializerTest" time="0.0"/>
  <testcase name="checkDecodeEncodeChangeHeaderGraphs(String)[1085]" classname="io.jbotsim.io.format.graph6.Graph6TopologySerializerTest" time="0.0"/>
  <testcase name="checkDecodeEncodeChangeHeaderGraphs(String)[1086]" classname="io.jbotsim.io.format.graph6.Graph6TopologySerializerTest" time="0.001"/>
  <testcase name="checkDecodeEncodeChangeHeaderGraphs(String)[1087]" classname="io.jbotsim.io.format.graph6.Graph6TopologySerializerTest" time="0.0"/>
  <testcase name="checkDecodeEncodeChangeHeaderGraphs(String)[1088]" classname="io.jbotsim.io.format.graph6.Graph6TopologySerializerTest" time="0.0"/>
  <testcase name="checkDecodeEncodeChangeHeaderGraphs(String)[1089]" classname="io.jbotsim.io.format.graph6.Graph6TopologySerializerTest" time="0.0"/>
  <testcase name="checkDecodeEncodeChangeHeaderGraphs(String)[1090]" classname="io.jbotsim.io.format.graph6.Graph6TopologySerializerTest" time="0.0"/>
  <testcase name="checkDecodeEncodeChangeHeaderGraphs(String)[1091]" classname="io.jbotsim.io.format.graph6.Graph6TopologySerializerTest" time="0.0"/>
  <testcase name="checkDecodeEncodeChangeHeaderGraphs(String)[1092]" classname="io.jbotsim.io.format.graph6.Graph6TopologySerializerTest" time="0.0"/>
  <testcase name="checkDecodeEncodeChangeHeaderGraphs(String)[1093]" classname="io.jbotsim.io.format.graph6.Graph6TopologySerializerTest" time="0.0"/>
  <testcase name="checkDecodeEncodeChangeHeaderGraphs(String)[1094]" classname="io.jbotsim.io.format.graph6.Graph6TopologySerializerTest" time="0.0"/>
  <testcase name="checkDecodeEncodeChangeHeaderGraphs(String)[1095]" classname="io.jbotsim.io.format.graph6.Graph6TopologySerializerTest" time="0.0"/>
  <testcase name="checkDecodeEncodeChangeHeaderGraphs(String)[1096]" classname="io.jbotsim.io.format.graph6.Graph6TopologySerializerTest" time="0.001"/>
  <testcase name="checkDecodeEncodeChangeHeaderGraphs(String)[1097]" classname="io.jbotsim.io.format.graph6.Graph6TopologySerializerTest" time="0.0"/>
  <testcase name="checkDecodeEncodeChangeHeaderGraphs(String)[1098]" classname="io.jbotsim.io.format.graph6.Graph6TopologySerializerTest" time="0.0"/>
  <testcase name="checkDecodeEncodeChangeHeaderGraphs(String)[1099]" classname="io.jbotsim.io.format.graph6.Graph6TopologySerializerTest" time="0.0"/>
  <testcase name="checkDecodeEncodeChangeHeaderGraphs(String)[1100]" classname="io.jbotsim.io.format.graph6.Graph6TopologySerializerTest" time="0.0"/>
  <testcase name="checkDecodeEncodeChangeHeaderGraphs(String)[1101]" classname="io.jbotsim.io.format.graph6.Graph6TopologySerializerTest" time="0.0"/>
  <testcase name="checkDecodeEncodeChangeHeaderGraphs(String)[1102]" classname="io.jbotsim.io.format.graph6.Graph6TopologySerializerTest" time="0.0"/>
  <testcase name="checkDecodeEncodeChangeHeaderGraphs(String)[1103]" classname="io.jbotsim.io.format.graph6.Graph6TopologySerializerTest" time="0.0"/>
  <testcase name="checkDecodeEncodeChangeHeaderGraphs(String)[1104]" classname="io.jbotsim.io.format.graph6.Graph6TopologySerializerTest" time="0.0"/>
  <testcase name="checkDecodeEncodeChangeHeaderGraphs(String)[1105]" classname="io.jbotsim.io.format.graph6.Graph6TopologySerializerTest" time="0.001"/>
  <testcase name="checkDecodeEncodeChangeHeaderGraphs(String)[1106]" classname="io.jbotsim.io.format.graph6.Graph6TopologySerializerTest" time="0.001"/>
  <testcase name="checkDecodeEncodeChangeHeaderGraphs(String)[1107]" classname="io.jbotsim.io.format.graph6.Graph6TopologySerializerTest" time="0.001"/>
  <testcase name="checkDecodeEncodeChangeHeaderGraphs(String)[1108]" classname="io.jbotsim.io.format.graph6.Graph6TopologySerializerTest" time="0.002"/>
  <testcase name="checkDecodeEncodeChangeHeaderGraphs(String)[1109]" classname="io.jbotsim.io.format.graph6.Graph6TopologySerializerTest" time="0.0"/>
  <testcase name="checkDecodeEncodeChangeHeaderGraphs(String)[1110]" classname="io.jbotsim.io.format.graph6.Graph6TopologySerializerTest" time="0.0"/>
  <testcase name="checkDecodeEncodeChangeHeaderGraphs(String)[1111]" classname="io.jbotsim.io.format.graph6.Graph6TopologySerializerTest" time="0.0"/>
  <testcase name="checkDecodeEncodeChangeHeaderGraphs(String)[1112]" classname="io.jbotsim.io.format.graph6.Graph6TopologySerializerTest" time="0.003"/>
  <testcase name="checkDecodeEncodeChangeHeaderGraphs(String)[1113]" classname="io.jbotsim.io.format.graph6.Graph6TopologySerializerTest" time="0.0"/>
  <testcase name="checkDecodeEncodeChangeHeaderGraphs(String)[1114]" classname="io.jbotsim.io.format.graph6.Graph6TopologySerializerTest" time="0.0"/>
  <testcase name="checkDecodeEncodeChangeHeaderGraphs(String)[1115]" classname="io.jbotsim.io.format.graph6.Graph6TopologySerializerTest" time="0.0"/>
  <testcase name="checkDecodeEncodeChangeHeaderGraphs(String)[1116]" classname="io.jbotsim.io.format.graph6.Graph6TopologySerializerTest" time="0.0"/>
  <testcase name="checkDecodeEncodeChangeHeaderGraphs(String)[1117]" classname="io.jbotsim.io.format.graph6.Graph6TopologySerializerTest" time="0.0"/>
  <testcase name="checkDecodeEncodeChangeHeaderGraphs(String)[1118]" classname="io.jbotsim.io.format.graph6.Graph6TopologySerializerTest" time="0.0"/>
  <testcase name="checkDecodeEncodeChangeHeaderGraphs(String)[1119]" classname="io.jbotsim.io.format.graph6.Graph6TopologySerializerTest" time="0.0"/>
  <testcase name="checkDecodeEncodeChangeHeaderGraphs(String)[1120]" classname="io.jbotsim.io.format.graph6.Graph6TopologySerializerTest" time="0.0"/>
  <testcase name="checkDecodeEncodeChangeHeaderGraphs(String)[1121]" classname="io.jbotsim.io.format.graph6.Graph6TopologySerializerTest" time="0.0"/>
  <testcase name="checkDecodeEncodeChangeHeaderGraphs(String)[1122]" classname="io.jbotsim.io.format.graph6.Graph6TopologySerializerTest" time="0.0"/>
  <testcase name="checkDecodeEncodeChangeHeaderGraphs(String)[1123]" classname="io.jbotsim.io.format.graph6.Graph6TopologySerializerTest" time="0.001"/>
  <testcase name="checkDecodeEncodeChangeHeaderGraphs(String)[1124]" classname="io.jbotsim.io.format.graph6.Graph6TopologySerializerTest" time="0.001"/>
  <testcase name="checkDecodeEncodeChangeHeaderGraphs(String)[1125]" classname="io.jbotsim.io.format.graph6.Graph6TopologySerializerTest" time="0.0"/>
  <testcase name="checkDecodeEncodeChangeHeaderGraphs(String)[1126]" classname="io.jbotsim.io.format.graph6.Graph6TopologySerializerTest" time="0.0"/>
  <testcase name="checkDecodeEncodeChangeHeaderGraphs(String)[1127]" classname="io.jbotsim.io.format.graph6.Graph6TopologySerializerTest" time="0.0"/>
  <testcase name="checkDecodeEncodeChangeHeaderGraphs(String)[1128]" classname="io.jbotsim.io.format.graph6.Graph6TopologySerializerTest" time="0.0"/>
  <testcase name="checkDecodeEncodeChangeHeaderGraphs(String)[1129]" classname="io.jbotsim.io.format.graph6.Graph6TopologySerializerTest" time="0.0"/>
  <testcase name="checkDecodeEncodeChangeHeaderGraphs(String)[1130]" classname="io.jbotsim.io.format.graph6.Graph6TopologySerializerTest" time="0.0"/>
  <testcase name="checkDecodeEncodeChangeHeaderGraphs(String)[1131]" classname="io.jbotsim.io.format.graph6.Graph6TopologySerializerTest" time="0.0"/>
  <testcase name="checkDecodeEncodeChangeHeaderGraphs(String)[1132]" classname="io.jbotsim.io.format.graph6.Graph6TopologySerializerTest" time="0.001"/>
  <testcase name="checkDecodeEncodeChangeHeaderGraphs(String)[1133]" classname="io.jbotsim.io.format.graph6.Graph6TopologySerializerTest" time="0.0"/>
  <testcase name="checkDecodeEncodeChangeHeaderGraphs(String)[1134]" classname="io.jbotsim.io.format.graph6.Graph6TopologySerializerTest" time="0.0"/>
  <testcase name="checkDecodeEncodeChangeHeaderGraphs(String)[1135]" classname="io.jbotsim.io.format.graph6.Graph6TopologySerializerTest" time="0.0"/>
  <testcase name="checkDecodeEncodeChangeHeaderGraphs(String)[1136]" classname="io.jbotsim.io.format.graph6.Graph6TopologySerializerTest" time="0.0"/>
  <testcase name="checkDecodeEncodeChangeHeaderGraphs(String)[1137]" classname="io.jbotsim.io.format.graph6.Graph6TopologySerializerTest" time="0.0"/>
  <testcase name="checkDecodeEncodeChangeHeaderGraphs(String)[1138]" classname="io.jbotsim.io.format.graph6.Graph6TopologySerializerTest" time="0.0"/>
  <testcase name="checkDecodeEncodeChangeHeaderGraphs(String)[1139]" classname="io.jbotsim.io.format.graph6.Graph6TopologySerializerTest" time="0.0"/>
  <testcase name="checkDecodeEncodeChangeHeaderGraphs(String)[1140]" classname="io.jbotsim.io.format.graph6.Graph6TopologySerializerTest" time="0.003"/>
  <testcase name="checkDecodeEncodeChangeHeaderGraphs(String)[1141]" classname="io.jbotsim.io.format.graph6.Graph6TopologySerializerTest" time="0.001"/>
  <testcase name="checkDecodeEncodeChangeHeaderGraphs(String)[1142]" classname="io.jbotsim.io.format.graph6.Graph6TopologySerializerTest" time="0.0"/>
  <testcase name="checkDecodeEncodeChangeHeaderGraphs(String)[1143]" classname="io.jbotsim.io.format.graph6.Graph6TopologySerializerTest" time="0.0"/>
  <testcase name="checkDecodeEncodeChangeHeaderGraphs(String)[1144]" classname="io.jbotsim.io.format.graph6.Graph6TopologySerializerTest" time="0.0"/>
  <testcase name="checkDecodeEncodeChangeHeaderGraphs(String)[1145]" classname="io.jbotsim.io.format.graph6.Graph6TopologySerializerTest" time="0.0"/>
  <testcase name="checkDecodeEncodeChangeHeaderGraphs(String)[1146]" classname="io.jbotsim.io.format.graph6.Graph6TopologySerializerTest" time="0.001"/>
  <testcase name="checkDecodeEncodeChangeHeaderGraphs(String)[1147]" classname="io.jbotsim.io.format.graph6.Graph6TopologySerializerTest" time="0.0"/>
  <testcase name="checkDecodeEncodeChangeHeaderGraphs(String)[1148]" classname="io.jbotsim.io.format.graph6.Graph6TopologySerializerTest" time="0.001"/>
  <testcase name="checkDecodeEncodeChangeHeaderGraphs(String)[1149]" classname="io.jbotsim.io.format.graph6.Graph6TopologySerializerTest" time="0.0"/>
  <testcase name="checkDecodeEncodeChangeHeaderGraphs(String)[1150]" classname="io.jbotsim.io.format.graph6.Graph6TopologySerializerTest" time="0.0"/>
  <testcase name="checkDecodeEncodeChangeHeaderGraphs(String)[1151]" classname="io.jbotsim.io.format.graph6.Graph6TopologySerializerTest" time="0.001"/>
  <testcase name="checkDecodeEncodeChangeHeaderGraphs(String)[1152]" classname="io.jbotsim.io.format.graph6.Graph6TopologySerializerTest" time="0.0"/>
  <testcase name="checkDecodeEncodeChangeHeaderGraphs(String)[1153]" classname="io.jbotsim.io.format.graph6.Graph6TopologySerializerTest" time="0.0"/>
  <testcase name="checkDecodeEncodeChangeHeaderGraphs(String)[1154]" classname="io.jbotsim.io.format.graph6.Graph6TopologySerializerTest" time="0.0"/>
  <testcase name="checkDecodeEncodeChangeHeaderGraphs(String)[1155]" classname="io.jbotsim.io.format.graph6.Graph6TopologySerializerTest" time="0.0"/>
  <testcase name="checkDecodeEncodeChangeHeaderGraphs(String)[1156]" classname="io.jbotsim.io.format.graph6.Graph6TopologySerializerTest" time="0.001"/>
  <testcase name="checkDecodeEncodeChangeHeaderGraphs(String)[1157]" classname="io.jbotsim.io.format.graph6.Graph6TopologySerializerTest" time="0.0"/>
  <testcase name="checkDecodeEncodeChangeHeaderGraphs(String)[1158]" classname="io.jbotsim.io.format.graph6.Graph6TopologySerializerTest" time="0.0"/>
  <testcase name="checkDecodeEncodeChangeHeaderGraphs(String)[1159]" classname="io.jbotsim.io.format.graph6.Graph6TopologySerializerTest" time="0.001"/>
  <testcase name="checkDecodeEncodeChangeHeaderGraphs(String)[1160]" classname="io.jbotsim.io.format.graph6.Graph6TopologySerializerTest" time="0.0"/>
  <testcase name="checkDecodeEncodeChangeHeaderGraphs(String)[1161]" classname="io.jbotsim.io.format.graph6.Graph6TopologySerializerTest" time="0.0"/>
  <testcase name="checkDecodeEncodeChangeHeaderGraphs(String)[1162]" classname="io.jbotsim.io.format.graph6.Graph6TopologySerializerTest" time="0.0"/>
  <testcase name="checkDecodeEncodeChangeHeaderGraphs(String)[1163]" classname="io.jbotsim.io.format.graph6.Graph6TopologySerializerTest" time="0.0"/>
  <testcase name="checkDecodeEncodeChangeHeaderGraphs(String)[1164]" classname="io.jbotsim.io.format.graph6.Graph6TopologySerializerTest" time="0.0"/>
  <testcase name="checkDecodeEncodeChangeHeaderGraphs(String)[1165]" classname="io.jbotsim.io.format.graph6.Graph6TopologySerializerTest" time="0.0"/>
  <testcase name="checkDecodeEncodeChangeHeaderGraphs(String)[1166]" classname="io.jbotsim.io.format.graph6.Graph6TopologySerializerTest" time="0.0"/>
  <testcase name="checkDecodeEncodeChangeHeaderGraphs(String)[1167]" classname="io.jbotsim.io.format.graph6.Graph6TopologySerializerTest" time="0.0"/>
  <testcase name="checkDecodeEncodeChangeHeaderGraphs(String)[1168]" classname="io.jbotsim.io.format.graph6.Graph6TopologySerializerTest" time="0.004"/>
  <testcase name="checkDecodeEncodeChangeHeaderGraphs(String)[1169]" classname="io.jbotsim.io.format.graph6.Graph6TopologySerializerTest" time="0.0"/>
  <testcase name="checkDecodeEncodeChangeHeaderGraphs(String)[1170]" classname="io.jbotsim.io.format.graph6.Graph6TopologySerializerTest" time="0.0"/>
  <testcase name="checkDecodeEncodeChangeHeaderGraphs(String)[1171]" classname="io.jbotsim.io.format.graph6.Graph6TopologySerializerTest" time="0.0"/>
  <testcase name="checkDecodeEncodeChangeHeaderGraphs(String)[1172]" classname="io.jbotsim.io.format.graph6.Graph6TopologySerializerTest" time="0.0"/>
  <testcase name="checkDecodeEncodeChangeHeaderGraphs(String)[1173]" classname="io.jbotsim.io.format.graph6.Graph6TopologySerializerTest" time="0.0"/>
  <testcase name="checkDecodeEncodeChangeHeaderGraphs(String)[1174]" classname="io.jbotsim.io.format.graph6.Graph6TopologySerializerTest" time="0.0"/>
  <testcase name="checkDecodeEncodeChangeHeaderGraphs(String)[1175]" classname="io.jbotsim.io.format.graph6.Graph6TopologySerializerTest" time="0.0"/>
  <testcase name="checkDecodeEncodeChangeHeaderGraphs(String)[1176]" classname="io.jbotsim.io.format.graph6.Graph6TopologySerializerTest" time="0.001"/>
  <testcase name="checkDecodeEncodeChangeHeaderGraphs(String)[1177]" classname="io.jbotsim.io.format.graph6.Graph6TopologySerializerTest" time="0.0"/>
  <testcase name="checkDecodeEncodeChangeHeaderGraphs(String)[1178]" classname="io.jbotsim.io.format.graph6.Graph6TopologySerializerTest" time="0.001"/>
  <testcase name="checkDecodeEncodeChangeHeaderGraphs(String)[1179]" classname="io.jbotsim.io.format.graph6.Graph6TopologySerializerTest" time="0.0"/>
  <testcase name="checkDecodeEncodeChangeHeaderGraphs(String)[1180]" classname="io.jbotsim.io.format.graph6.Graph6TopologySerializerTest" time="0.001"/>
  <testcase name="checkDecodeEncodeChangeHeaderGraphs(String)[1181]" classname="io.jbotsim.io.format.graph6.Graph6TopologySerializerTest" time="0.0"/>
  <testcase name="checkDecodeEncodeChangeHeaderGraphs(String)[1182]" classname="io.jbotsim.io.format.graph6.Graph6TopologySerializerTest" time="0.0"/>
  <testcase name="checkDecodeEncodeChangeHeaderGraphs(String)[1183]" classname="io.jbotsim.io.format.graph6.Graph6TopologySerializerTest" time="0.0"/>
  <testcase name="checkDecodeEncodeChangeHeaderGraphs(String)[1184]" classname="io.jbotsim.io.format.graph6.Graph6TopologySerializerTest" time="0.0"/>
  <testcase name="checkDecodeEncodeChangeHeaderGraphs(String)[1185]" classname="io.jbotsim.io.format.graph6.Graph6TopologySerializerTest" time="0.0"/>
  <testcase name="checkDecodeEncodeChangeHeaderGraphs(String)[1186]" classname="io.jbotsim.io.format.graph6.Graph6TopologySerializerTest" time="0.0"/>
  <testcase name="checkDecodeEncodeChangeHeaderGraphs(String)[1187]" classname="io.jbotsim.io.format.graph6.Graph6TopologySerializerTest" time="0.003"/>
  <testcase name="checkDecodeEncodeChangeHeaderGraphs(String)[1188]" classname="io.jbotsim.io.format.graph6.Graph6TopologySerializerTest" time="0.0"/>
  <testcase name="checkDecodeEncodeChangeHeaderGraphs(String)[1189]" classname="io.jbotsim.io.format.graph6.Graph6TopologySerializerTest" time="0.0"/>
  <testcase name="checkDecodeEncodeChangeHeaderGraphs(String)[1190]" classname="io.jbotsim.io.format.graph6.Graph6TopologySerializerTest" time="0.001"/>
  <testcase name="checkDecodeEncodeChangeHeaderGraphs(String)[1191]" classname="io.jbotsim.io.format.graph6.Graph6TopologySerializerTest" time="0.0"/>
  <testcase name="checkDecodeEncodeChangeHeaderGraphs(String)[1192]" classname="io.jbotsim.io.format.graph6.Graph6TopologySerializerTest" time="0.0"/>
  <testcase name="checkDecodeEncodeChangeHeaderGraphs(String)[1193]" classname="io.jbotsim.io.format.graph6.Graph6TopologySerializerTest" time="0.0"/>
  <testcase name="checkDecodeEncodeChangeHeaderGraphs(String)[1194]" classname="io.jbotsim.io.format.graph6.Graph6TopologySerializerTest" time="0.0"/>
  <testcase name="checkDecodeEncodeChangeHeaderGraphs(String)[1195]" classname="io.jbotsim.io.format.graph6.Graph6TopologySerializerTest" time="0.0"/>
  <testcase name="checkDecodeEncodeChangeHeaderGraphs(String)[1196]" classname="io.jbotsim.io.format.graph6.Graph6TopologySerializerTest" time="0.0"/>
  <testcase name="checkDecodeEncodeChangeHeaderGraphs(String)[1197]" classname="io.jbotsim.io.format.graph6.Graph6TopologySerializerTest" time="0.0"/>
  <testcase name="checkDecodeEncodeChangeHeaderGraphs(String)[1198]" classname="io.jbotsim.io.format.graph6.Graph6TopologySerializerTest" time="0.003"/>
  <testcase name="checkDecodeEncodeChangeHeaderGraphs(String)[1199]" classname="io.jbotsim.io.format.graph6.Graph6TopologySerializerTest" time="0.0"/>
  <testcase name="checkDecodeEncodeChangeHeaderGraphs(String)[1200]" classname="io.jbotsim.io.format.graph6.Graph6TopologySerializerTest" time="0.0"/>
  <testcase name="checkDecodeEncodeChangeHeaderGraphs(String)[1201]" classname="io.jbotsim.io.format.graph6.Graph6TopologySerializerTest" time="0.001"/>
  <testcase name="checkDecodeEncodeChangeHeaderGraphs(String)[1202]" classname="io.jbotsim.io.format.graph6.Graph6TopologySerializerTest" time="0.0"/>
  <testcase name="checkDecodeEncodeChangeHeaderGraphs(String)[1203]" classname="io.jbotsim.io.format.graph6.Graph6TopologySerializerTest" time="0.001"/>
  <testcase name="checkDecodeEncodeChangeHeaderGraphs(String)[1204]" classname="io.jbotsim.io.format.graph6.Graph6TopologySerializerTest" time="0.0"/>
  <testcase name="checkDecodeEncodeChangeHeaderGraphs(String)[1205]" classname="io.jbotsim.io.format.graph6.Graph6TopologySerializerTest" time="0.0"/>
  <testcase name="checkDecodeEncodeChangeHeaderGraphs(String)[1206]" classname="io.jbotsim.io.format.graph6.Graph6TopologySerializerTest" time="0.0"/>
  <testcase name="checkDecodeEncodeChangeHeaderGraphs(String)[1207]" classname="io.jbotsim.io.format.graph6.Graph6TopologySerializerTest" time="0.0"/>
  <testcase name="checkDecodeEncodeChangeHeaderGraphs(String)[1208]" classname="io.jbotsim.io.format.graph6.Graph6TopologySerializerTest" time="0.0"/>
  <testcase name="checkDecodeEncodeChangeHeaderGraphs(String)[1209]" classname="io.jbotsim.io.format.graph6.Graph6TopologySerializerTest" time="0.0"/>
  <testcase name="checkDecodeEncodeChangeHeaderGraphs(String)[1210]" classname="io.jbotsim.io.format.graph6.Graph6TopologySerializerTest" time="0.0"/>
  <testcase name="checkDecodeEncodeChangeHeaderGraphs(String)[1211]" classname="io.jbotsim.io.format.graph6.Graph6TopologySerializerTest" time="0.0"/>
  <testcase name="checkDecodeEncodeChangeHeaderGraphs(String)[1212]" classname="io.jbotsim.io.format.graph6.Graph6TopologySerializerTest" time="0.0"/>
  <testcase name="checkDecodeEncodeChangeHeaderGraphs(String)[1213]" classname="io.jbotsim.io.format.graph6.Graph6TopologySerializerTest" time="0.0"/>
  <testcase name="checkDecodeEncodeChangeHeaderGraphs(String)[1214]" classname="io.jbotsim.io.format.graph6.Graph6TopologySerializerTest" time="0.0"/>
  <testcase name="checkDecodeEncodeChangeHeaderGraphs(String)[1215]" classname="io.jbotsim.io.format.graph6.Graph6TopologySerializerTest" time="0.0"/>
  <testcase name="checkDecodeEncodeChangeHeaderGraphs(String)[1216]" classname="io.jbotsim.io.format.graph6.Graph6TopologySerializerTest" time="0.0"/>
  <testcase name="checkDecodeEncodeChangeHeaderGraphs(String)[1217]" classname="io.jbotsim.io.format.graph6.Graph6TopologySerializerTest" time="0.0"/>
  <testcase name="checkDecodeEncodeChangeHeaderGraphs(String)[1218]" classname="io.jbotsim.io.format.graph6.Graph6TopologySerializerTest" time="0.0"/>
  <testcase name="checkDecodeEncodeChangeHeaderGraphs(String)[1219]" classname="io.jbotsim.io.format.graph6.Graph6TopologySerializerTest" time="0.0"/>
  <testcase name="checkDecodeEncodeChangeHeaderGraphs(String)[1220]" classname="io.jbotsim.io.format.graph6.Graph6TopologySerializerTest" time="0.001"/>
  <testcase name="checkDecodeEncodeChangeHeaderGraphs(String)[1221]" classname="io.jbotsim.io.format.graph6.Graph6TopologySerializerTest" time="0.0"/>
  <testcase name="checkDecodeEncodeChangeHeaderGraphs(String)[1222]" classname="io.jbotsim.io.format.graph6.Graph6TopologySerializerTest" time="0.0"/>
  <testcase name="checkDecodeEncodeChangeHeaderGraphs(String)[1223]" classname="io.jbotsim.io.format.graph6.Graph6TopologySerializerTest" time="0.0"/>
  <testcase name="checkDecodeEncodeChangeHeaderGraphs(String)[1224]" classname="io.jbotsim.io.format.graph6.Graph6TopologySerializerTest" time="0.0"/>
  <testcase name="checkDecodeEncodeChangeHeaderGraphs(String)[1225]" classname="io.jbotsim.io.format.graph6.Graph6TopologySerializerTest" time="0.004"/>
  <testcase name="checkDecodeEncodeChangeHeaderGraphs(String)[1226]" classname="io.jbotsim.io.format.graph6.Graph6TopologySerializerTest" time="0.0"/>
  <testcase name="checkDecodeEncodeChangeHeaderGraphs(String)[1227]" classname="io.jbotsim.io.format.graph6.Graph6TopologySerializerTest" time="0.0"/>
  <testcase name="checkDecodeEncodeChangeHeaderGraphs(String)[1228]" classname="io.jbotsim.io.format.graph6.Graph6TopologySerializerTest" time="0.0"/>
  <testcase name="checkDecodeEncodeChangeHeaderGraphs(String)[1229]" classname="io.jbotsim.io.format.graph6.Graph6TopologySerializerTest" time="0.001"/>
  <testcase name="checkDecodeEncodeChangeHeaderGraphs(String)[1230]" classname="io.jbotsim.io.format.graph6.Graph6TopologySerializerTest" time="0.0"/>
  <testcase name="checkDecodeEncodeChangeHeaderGraphs(String)[1231]" classname="io.jbotsim.io.format.graph6.Graph6TopologySerializerTest" time="0.001"/>
  <testcase name="checkDecodeEncodeChangeHeaderGraphs(String)[1232]" classname="io.jbotsim.io.format.graph6.Graph6TopologySerializerTest" time="0.0"/>
  <testcase name="checkDecodeEncodeChangeHeaderGraphs(String)[1233]" classname="io.jbotsim.io.format.graph6.Graph6TopologySerializerTest" time="0.0"/>
  <testcase name="checkDecodeEncodeChangeHeaderGraphs(String)[1234]" classname="io.jbotsim.io.format.graph6.Graph6TopologySerializerTest" time="0.0"/>
  <testcase name="checkDecodeEncodeChangeHeaderGraphs(String)[1235]" classname="io.jbotsim.io.format.graph6.Graph6TopologySerializerTest" time="0.0"/>
  <testcase name="checkDecodeEncodeChangeHeaderGraphs(String)[1236]" classname="io.jbotsim.io.format.graph6.Graph6TopologySerializerTest" time="0.001"/>
  <testcase name="checkDecodeEncodeChangeHeaderGraphs(String)[1237]" classname="io.jbotsim.io.format.graph6.Graph6TopologySerializerTest" time="0.0"/>
  <testcase name="checkDecodeEncodeChangeHeaderGraphs(String)[1238]" classname="io.jbotsim.io.format.graph6.Graph6TopologySerializerTest" time="0.0"/>
  <testcase name="checkDecodeEncodeChangeHeaderGraphs(String)[1239]" classname="io.jbotsim.io.format.graph6.Graph6TopologySerializerTest" time="0.001"/>
  <testcase name="checkDecodeEncodeChangeHeaderGraphs(String)[1240]" classname="io.jbotsim.io.format.graph6.Graph6TopologySerializerTest" time="0.0"/>
  <testcase name="checkDecodeEncodeChangeHeaderGraphs(String)[1241]" classname="io.jbotsim.io.format.graph6.Graph6TopologySerializerTest" time="0.0"/>
  <testcase name="checkDecodeEncodeChangeHeaderGraphs(String)[1242]" classname="io.jbotsim.io.format.graph6.Graph6TopologySerializerTest" time="0.0"/>
  <testcase name="checkDecodeEncodeChangeHeaderGraphs(String)[1243]" classname="io.jbotsim.io.format.graph6.Graph6TopologySerializerTest" time="0.001"/>
  <testcase name="checkDecodeEncodeChangeHeaderGraphs(String)[1244]" classname="io.jbotsim.io.format.graph6.Graph6TopologySerializerTest" time="0.0"/>
  <testcase name="checkDecodeEncodeChangeHeaderGraphs(String)[1245]" classname="io.jbotsim.io.format.graph6.Graph6TopologySerializerTest" time="0.0"/>
  <testcase name="checkDecodeEncodeChangeHeaderGraphs(String)[1246]" classname="io.jbotsim.io.format.graph6.Graph6TopologySerializerTest" time="0.0"/>
  <testcase name="checkDecodeEncodeChangeHeaderGraphs(String)[1247]" classname="io.jbotsim.io.format.graph6.Graph6TopologySerializerTest" time="0.001"/>
  <testcase name="checkDecodeEncodeChangeHeaderGraphs(String)[1248]" classname="io.jbotsim.io.format.graph6.Graph6TopologySerializerTest" time="0.0"/>
  <testcase name="checkDecodeEncodeChangeHeaderGraphs(String)[1249]" classname="io.jbotsim.io.format.graph6.Graph6TopologySerializerTest" time="0.003"/>
  <testcase name="checkDecodeEncodeChangeHeaderGraphs(String)[1250]" classname="io.jbotsim.io.format.graph6.Graph6TopologySerializerTest" time="0.0"/>
  <testcase name="checkDecodeEncodeChangeHeaderGraphs(String)[1251]" classname="io.jbotsim.io.format.graph6.Graph6TopologySerializerTest" time="0.0"/>
  <testcase name="checkDecodeEncodeChangeHeaderGraphs(String)[1252]" classname="io.jbotsim.io.format.graph6.Graph6TopologySerializerTest" time="0.0"/>
  <testcase name="checkDecodeEncodeChangeHeaderGraphs(String)[1253]" classname="io.jbotsim.io.format.graph6.Graph6TopologySerializerTest" time="0.0"/>
  <testcase name="checkDecodeEncodeChangeHeaderGraphs(String)[1254]" classname="io.jbotsim.io.format.graph6.Graph6TopologySerializerTest" time="0.001"/>
  <testcase name="checkDecodeEncodeChangeHeaderGraphs(String)[1255]" classname="io.jbotsim.io.format.graph6.Graph6TopologySerializerTest" time="0.001"/>
  <testcase name="checkDecodeEncodeChangeHeaderGraphs(String)[1256]" classname="io.jbotsim.io.format.graph6.Graph6TopologySerializerTest" time="0.0"/>
  <testcase name="checkDecodeEncodeChangeHeaderGraphs(String)[1257]" classname="io.jbotsim.io.format.graph6.Graph6TopologySerializerTest" time="0.005"/>
  <testcase name="checkDecodeEncodeChangeHeaderGraphs(String)[1258]" classname="io.jbotsim.io.format.graph6.Graph6TopologySerializerTest" time="0.001"/>
  <testcase name="checkDecodeEncodeChangeHeaderGraphs(String)[1259]" classname="io.jbotsim.io.format.graph6.Graph6TopologySerializerTest" time="0.0"/>
  <testcase name="checkDecodeEncodeChangeHeaderGraphs(String)[1260]" classname="io.jbotsim.io.format.graph6.Graph6TopologySerializerTest" time="0.0"/>
  <testcase name="checkDecodeEncodeChangeHeaderGraphs(String)[1261]" classname="io.jbotsim.io.format.graph6.Graph6TopologySerializerTest" time="0.0"/>
  <testcase name="checkDecodeEncodeChangeHeaderGraphs(String)[1262]" classname="io.jbotsim.io.format.graph6.Graph6TopologySerializerTest" time="0.0"/>
  <testcase name="checkDecodeEncodeChangeHeaderGraphs(String)[1263]" classname="io.jbotsim.io.format.graph6.Graph6TopologySerializerTest" time="0.0"/>
  <testcase name="checkDecodeEncodeChangeHeaderGraphs(String)[1264]" classname="io.jbotsim.io.format.graph6.Graph6TopologySerializerTest" time="0.001"/>
  <testcase name="checkDecodeEncodeChangeHeaderGraphs(String)[1265]" classname="io.jbotsim.io.format.graph6.Graph6TopologySerializerTest" time="0.0"/>
  <testcase name="checkDecodeEncodeChangeHeaderGraphs(String)[1266]" classname="io.jbotsim.io.format.graph6.Graph6TopologySerializerTest" time="0.006"/>
  <testcase name="checkDecodeEncodeChangeHeaderGraphs(String)[1267]" classname="io.jbotsim.io.format.graph6.Graph6TopologySerializerTest" time="0.001"/>
  <testcase name="checkDecodeEncodeChangeHeaderGraphs(String)[1268]" classname="io.jbotsim.io.format.graph6.Graph6TopologySerializerTest" time="0.0"/>
  <testcase name="checkDecodeEncodeChangeHeaderGraphs(String)[1269]" classname="io.jbotsim.io.format.graph6.Graph6TopologySerializerTest" time="0.001"/>
  <testcase name="checkDecodeEncodeChangeHeaderGraphs(String)[1270]" classname="io.jbotsim.io.format.graph6.Graph6TopologySerializerTest" time="0.0"/>
  <testcase name="checkDecodeEncodeChangeHeaderGraphs(String)[1271]" classname="io.jbotsim.io.format.graph6.Graph6TopologySerializerTest" time="0.0"/>
  <testcase name="checkDecodeEncodeChangeHeaderGraphs(String)[1272]" classname="io.jbotsim.io.format.graph6.Graph6TopologySerializerTest" time="0.0"/>
  <testcase name="checkDecodeEncodeChangeHeaderGraphs(String)[1273]" classname="io.jbotsim.io.format.graph6.Graph6TopologySerializerTest" time="0.0"/>
  <testcase name="checkDecodeEncodeChangeHeaderGraphs(String)[1274]" classname="io.jbotsim.io.format.graph6.Graph6TopologySerializerTest" time="0.001"/>
  <testcase name="checkDecodeEncodeChangeHeaderGraphs(String)[1275]" classname="io.jbotsim.io.format.graph6.Graph6TopologySerializerTest" time="0.003"/>
  <testcase name="checkDecodeEncodeChangeHeaderGraphs(String)[1276]" classname="io.jbotsim.io.format.graph6.Graph6TopologySerializerTest" time="0.0"/>
  <testcase name="checkDecodeEncodeChangeHeaderGraphs(String)[1277]" classname="io.jbotsim.io.format.graph6.Graph6TopologySerializerTest" time="0.0"/>
  <testcase name="checkDecodeEncodeChangeHeaderGraphs(String)[1278]" classname="io.jbotsim.io.format.graph6.Graph6TopologySerializerTest" time="0.001"/>
  <testcase name="checkDecodeEncodeChangeHeaderGraphs(String)[1279]" classname="io.jbotsim.io.format.graph6.Graph6TopologySerializerTest" time="0.0"/>
  <testcase name="checkDecodeEncodeChangeHeaderGraphs(String)[1280]" classname="io.jbotsim.io.format.graph6.Graph6TopologySerializerTest" time="0.001"/>
  <testcase name="checkDecodeEncodeChangeHeaderGraphs(String)[1281]" classname="io.jbotsim.io.format.graph6.Graph6TopologySerializerTest" time="0.0"/>
  <testcase name="checkDecodeEncodeChangeHeaderGraphs(String)[1282]" classname="io.jbotsim.io.format.graph6.Graph6TopologySerializerTest" time="0.0"/>
  <testcase name="checkDecodeEncodeChangeHeaderGraphs(String)[1283]" classname="io.jbotsim.io.format.graph6.Graph6TopologySerializerTest" time="0.001"/>
  <testcase name="checkDecodeEncodeChangeHeaderGraphs(String)[1284]" classname="io.jbotsim.io.format.graph6.Graph6TopologySerializerTest" time="0.0"/>
  <testcase name="checkDecodeEncodeChangeHeaderGraphs(String)[1285]" classname="io.jbotsim.io.format.graph6.Graph6TopologySerializerTest" time="0.005"/>
  <testcase name="checkDecodeEncodeChangeHeaderGraphs(String)[1286]" classname="io.jbotsim.io.format.graph6.Graph6TopologySerializerTest" time="0.0"/>
  <testcase name="checkDecodeEncodeChangeHeaderGraphs(String)[1287]" classname="io.jbotsim.io.format.graph6.Graph6TopologySerializerTest" time="0.001"/>
  <testcase name="checkDecodeEncodeChangeHeaderGraphs(String)[1288]" classname="io.jbotsim.io.format.graph6.Graph6TopologySerializerTest" time="0.0"/>
  <testcase name="checkDecodeEncodeChangeHeaderGraphs(String)[1289]" classname="io.jbotsim.io.format.graph6.Graph6TopologySerializerTest" time="0.0"/>
  <testcase name="checkDecodeEncodeChangeHeaderGraphs(String)[1290]" classname="io.jbotsim.io.format.graph6.Graph6TopologySerializerTest" time="0.0"/>
  <testcase name="checkDecodeEncodeChangeHeaderGraphs(String)[1291]" classname="io.jbotsim.io.format.graph6.Graph6TopologySerializerTest" time="0.0"/>
  <testcase name="checkDecodeEncodeChangeHeaderGraphs(String)[1292]" classname="io.jbotsim.io.format.graph6.Graph6TopologySerializerTest" time="0.0"/>
  <testcase name="checkDecodeEncodeChangeHeaderGraphs(String)[1293]" classname="io.jbotsim.io.format.graph6.Graph6TopologySerializerTest" time="0.0"/>
  <testcase name="checkDecodeEncodeChangeHeaderGraphs(String)[1294]" classname="io.jbotsim.io.format.graph6.Graph6TopologySerializerTest" time="0.0"/>
  <testcase name="checkDecodeEncodeChangeHeaderGraphs(String)[1295]" classname="io.jbotsim.io.format.graph6.Graph6TopologySerializerTest" time="0.001"/>
  <testcase name="checkDecodeEncodeChangeHeaderGraphs(String)[1296]" classname="io.jbotsim.io.format.graph6.Graph6TopologySerializerTest" time="0.0"/>
  <testcase name="checkDecodeEncodeChangeHeaderGraphs(String)[1297]" classname="io.jbotsim.io.format.graph6.Graph6TopologySerializerTest" time="0.0"/>
  <testcase name="checkDecodeEncodeChangeHeaderGraphs(String)[1298]" classname="io.jbotsim.io.format.graph6.Graph6TopologySerializerTest" time="0.004"/>
  <testcase name="checkDecodeEncodeChangeHeaderGraphs(String)[1299]" classname="io.jbotsim.io.format.graph6.Graph6TopologySerializerTest" time="0.0"/>
  <testcase name="checkDecodeEncodeChangeHeaderGraphs(String)[1300]" classname="io.jbotsim.io.format.graph6.Graph6TopologySerializerTest" time="0.0"/>
  <testcase name="checkDecodeEncodeChangeHeaderGraphs(String)[1301]" classname="io.jbotsim.io.format.graph6.Graph6TopologySerializerTest" time="0.001"/>
  <testcase name="checkDecodeEncodeChangeHeaderGraphs(String)[1302]" classname="io.jbotsim.io.format.graph6.Graph6TopologySerializerTest" time="0.0"/>
  <testcase name="checkDecodeEncodeChangeHeaderGraphs(String)[1303]" classname="io.jbotsim.io.format.graph6.Graph6TopologySerializerTest" time="0.0"/>
  <testcase name="checkDecodeEncodeChangeHeaderGraphs(String)[1304]" classname="io.jbotsim.io.format.graph6.Graph6TopologySerializerTest" time="0.001"/>
  <testcase name="checkDecodeEncodeChangeHeaderGraphs(String)[1305]" classname="io.jbotsim.io.format.graph6.Graph6TopologySerializerTest" time="0.0"/>
  <testcase name="checkDecodeEncodeChangeHeaderGraphs(String)[1306]" classname="io.jbotsim.io.format.graph6.Graph6TopologySerializerTest" time="0.001"/>
  <testcase name="checkDecodeEncodeChangeHeaderGraphs(String)[1307]" classname="io.jbotsim.io.format.graph6.Graph6TopologySerializerTest" time="0.0"/>
  <testcase name="checkDecodeEncodeChangeHeaderGraphs(String)[1308]" classname="io.jbotsim.io.format.graph6.Graph6TopologySerializerTest" time="0.0"/>
  <testcase name="checkDecodeEncodeChangeHeaderGraphs(String)[1309]" classname="io.jbotsim.io.format.graph6.Graph6TopologySerializerTest" time="0.0"/>
  <testcase name="checkDecodeEncodeChangeHeaderGraphs(String)[1310]" classname="io.jbotsim.io.format.graph6.Graph6TopologySerializerTest" time="0.001"/>
  <testcase name="checkDecodeEncodeChangeHeaderGraphs(String)[1311]" classname="io.jbotsim.io.format.graph6.Graph6TopologySerializerTest" time="0.003"/>
  <testcase name="checkDecodeEncodeChangeHeaderGraphs(String)[1312]" classname="io.jbotsim.io.format.graph6.Graph6TopologySerializerTest" time="0.0"/>
  <testcase name="checkDecodeEncodeChangeHeaderGraphs(String)[1313]" classname="io.jbotsim.io.format.graph6.Graph6TopologySerializerTest" time="0.001"/>
  <testcase name="checkDecodeEncodeChangeHeaderGraphs(String)[1314]" classname="io.jbotsim.io.format.graph6.Graph6TopologySerializerTest" time="0.001"/>
  <testcase name="checkDecodeEncodeChangeHeaderGraphs(String)[1315]" classname="io.jbotsim.io.format.graph6.Graph6TopologySerializerTest" time="0.001"/>
  <testcase name="checkDecodeEncodeChangeHeaderGraphs(String)[1316]" classname="io.jbotsim.io.format.graph6.Graph6TopologySerializerTest" time="0.001"/>
  <testcase name="checkDecodeEncodeChangeHeaderGraphs(String)[1317]" classname="io.jbotsim.io.format.graph6.Graph6TopologySerializerTest" time="0.0"/>
  <testcase name="checkDecodeEncodeChangeHeaderGraphs(String)[1318]" classname="io.jbotsim.io.format.graph6.Graph6TopologySerializerTest" time="0.0"/>
  <testcase name="checkDecodeEncodeChangeHeaderGraphs(String)[1319]" classname="io.jbotsim.io.format.graph6.Graph6TopologySerializerTest" time="0.0"/>
  <testcase name="checkDecodeEncodeChangeHeaderGraphs(String)[1320]" classname="io.jbotsim.io.format.graph6.Graph6TopologySerializerTest" time="0.001"/>
  <testcase name="checkDecodeEncodeChangeHeaderGraphs(String)[1321]" classname="io.jbotsim.io.format.graph6.Graph6TopologySerializerTest" time="0.0"/>
  <testcase name="checkDecodeEncodeChangeHeaderGraphs(String)[1322]" classname="io.jbotsim.io.format.graph6.Graph6TopologySerializerTest" time="0.0"/>
  <testcase name="checkDecodeEncodeChangeHeaderGraphs(String)[1323]" classname="io.jbotsim.io.format.graph6.Graph6TopologySerializerTest" time="0.001"/>
  <testcase name="checkDecodeEncodeChangeHeaderGraphs(String)[1324]" classname="io.jbotsim.io.format.graph6.Graph6TopologySerializerTest" time="0.0"/>
  <testcase name="checkDecodeEncodeChangeHeaderGraphs(String)[1325]" classname="io.jbotsim.io.format.graph6.Graph6TopologySerializerTest" time="0.0"/>
  <testcase name="checkDecodeEncodeChangeHeaderGraphs(String)[1326]" classname="io.jbotsim.io.format.graph6.Graph6TopologySerializerTest" time="0.004"/>
  <testcase name="checkDecodeEncodeChangeHeaderGraphs(String)[1327]" classname="io.jbotsim.io.format.graph6.Graph6TopologySerializerTest" time="0.0"/>
  <testcase name="checkDecodeEncodeChangeHeaderGraphs(String)[1328]" classname="io.jbotsim.io.format.graph6.Graph6TopologySerializerTest" time="0.0"/>
  <testcase name="checkDecodeEncodeChangeHeaderGraphs(String)[1329]" classname="io.jbotsim.io.format.graph6.Graph6TopologySerializerTest" time="0.0"/>
  <testcase name="checkDecodeEncodeChangeHeaderGraphs(String)[1330]" classname="io.jbotsim.io.format.graph6.Graph6TopologySerializerTest" time="0.0"/>
  <testcase name="checkDecodeEncodeChangeHeaderGraphs(String)[1331]" classname="io.jbotsim.io.format.graph6.Graph6TopologySerializerTest" time="0.001"/>
  <testcase name="checkDecodeEncodeChangeHeaderGraphs(String)[1332]" classname="io.jbotsim.io.format.graph6.Graph6TopologySerializerTest" time="0.0"/>
  <testcase name="checkDecodeEncodeChangeHeaderGraphs(String)[1333]" classname="io.jbotsim.io.format.graph6.Graph6TopologySerializerTest" time="0.0"/>
  <testcase name="checkDecodeEncodeChangeHeaderGraphs(String)[1334]" classname="io.jbotsim.io.format.graph6.Graph6TopologySerializerTest" time="0.0"/>
  <testcase name="checkDecodeEncodeChangeHeaderGraphs(String)[1335]" classname="io.jbotsim.io.format.graph6.Graph6TopologySerializerTest" time="0.0"/>
  <testcase name="checkDecodeEncodeChangeHeaderGraphs(String)[1336]" classname="io.jbotsim.io.format.graph6.Graph6TopologySerializerTest" time="0.0"/>
  <testcase name="checkDecodeEncodeChangeHeaderGraphs(String)[1337]" classname="io.jbotsim.io.format.graph6.Graph6TopologySerializerTest" time="0.001"/>
  <testcase name="checkDecodeEncodeChangeHeaderGraphs(String)[1338]" classname="io.jbotsim.io.format.graph6.Graph6TopologySerializerTest" time="0.0"/>
  <testcase name="checkDecodeEncodeChangeHeaderGraphs(String)[1339]" classname="io.jbotsim.io.format.graph6.Graph6TopologySerializerTest" time="0.0"/>
  <testcase name="checkDecodeEncodeChangeHeaderGraphs(String)[1340]" classname="io.jbotsim.io.format.graph6.Graph6TopologySerializerTest" time="0.0"/>
  <testcase name="checkDecodeEncodeChangeHeaderGraphs(String)[1341]" classname="io.jbotsim.io.format.graph6.Graph6TopologySerializerTest" time="0.0"/>
  <testcase name="checkDecodeEncodeChangeHeaderGraphs(String)[1342]" classname="io.jbotsim.io.format.graph6.Graph6TopologySerializerTest" time="0.001"/>
  <testcase name="checkDecodeEncodeChangeHeaderGraphs(String)[1343]" classname="io.jbotsim.io.format.graph6.Graph6TopologySerializerTest" time="0.002"/>
  <testcase name="checkDecodeEncodeChangeHeaderGraphs(String)[1344]" classname="io.jbotsim.io.format.graph6.Graph6TopologySerializerTest" time="0.0"/>
  <testcase name="checkDecodeEncodeChangeHeaderGraphs(String)[1345]" classname="io.jbotsim.io.format.graph6.Graph6TopologySerializerTest" time="0.0"/>
  <testcase name="checkDecodeEncodeChangeHeaderGraphs(String)[1346]" classname="io.jbotsim.io.format.graph6.Graph6TopologySerializerTest" time="0.0"/>
  <testcase name="checkDecodeEncodeChangeHeaderGraphs(String)[1347]" classname="io.jbotsim.io.format.graph6.Graph6TopologySerializerTest" time="0.0"/>
  <testcase name="checkDecodeEncodeChangeHeaderGraphs(String)[1348]" classname="io.jbotsim.io.format.graph6.Graph6TopologySerializerTest" time="0.0"/>
  <testcase name="checkDecodeEncodeChangeHeaderGraphs(String)[1349]" classname="io.jbotsim.io.format.graph6.Graph6TopologySerializerTest" time="0.0"/>
  <testcase name="checkDecodeEncodeChangeHeaderGraphs(String)[1350]" classname="io.jbotsim.io.format.graph6.Graph6TopologySerializerTest" time="0.001"/>
  <testcase name="checkDecodeEncodeChangeHeaderGraphs(String)[1351]" classname="io.jbotsim.io.format.graph6.Graph6TopologySerializerTest" time="0.001"/>
  <testcase name="checkDecodeEncodeChangeHeaderGraphs(String)[1352]" classname="io.jbotsim.io.format.graph6.Graph6TopologySerializerTest" time="0.0"/>
  <testcase name="checkDecodeEncodeChangeHeaderGraphs(String)[1353]" classname="io.jbotsim.io.format.graph6.Graph6TopologySerializerTest" time="0.001"/>
  <testcase name="checkDecodeEncodeChangeHeaderGraphs(String)[1354]" classname="io.jbotsim.io.format.graph6.Graph6TopologySerializerTest" time="0.004"/>
  <testcase name="checkDecodeEncodeChangeHeaderGraphs(String)[1355]" classname="io.jbotsim.io.format.graph6.Graph6TopologySerializerTest" time="0.0"/>
  <testcase name="checkDecodeEncodeChangeHeaderGraphs(String)[1356]" classname="io.jbotsim.io.format.graph6.Graph6TopologySerializerTest" time="0.0"/>
  <testcase name="checkDecodeEncodeChangeHeaderGraphs(String)[1357]" classname="io.jbotsim.io.format.graph6.Graph6TopologySerializerTest" time="0.001"/>
  <testcase name="checkDecodeEncodeChangeHeaderGraphs(String)[1358]" classname="io.jbotsim.io.format.graph6.Graph6TopologySerializerTest" time="0.0"/>
  <testcase name="checkDecodeEncodeChangeHeaderGraphs(String)[1359]" classname="io.jbotsim.io.format.graph6.Graph6TopologySerializerTest" time="0.0"/>
  <testcase name="checkDecodeEncodeChangeHeaderGraphs(String)[1360]" classname="io.jbotsim.io.format.graph6.Graph6TopologySerializerTest" time="0.001"/>
  <testcase name="checkDecodeEncodeChangeHeaderGraphs(String)[1361]" classname="io.jbotsim.io.format.graph6.Graph6TopologySerializerTest" time="0.0"/>
  <testcase name="checkDecodeEncodeChangeHeaderGraphs(String)[1362]" classname="io.jbotsim.io.format.graph6.Graph6TopologySerializerTest" time="0.0"/>
  <testcase name="checkDecodeEncodeChangeHeaderGraphs(String)[1363]" classname="io.jbotsim.io.format.graph6.Graph6TopologySerializerTest" time="0.0"/>
  <testcase name="checkDecodeEncodeChangeHeaderGraphs(String)[1364]" classname="io.jbotsim.io.format.graph6.Graph6TopologySerializerTest" time="0.001"/>
  <testcase name="checkDecodeEncodeChangeHeaderGraphs(String)[1365]" classname="io.jbotsim.io.format.graph6.Graph6TopologySerializerTest" time="0.001"/>
  <testcase name="checkDecodeEncodeChangeHeaderGraphs(String)[1366]" classname="io.jbotsim.io.format.graph6.Graph6TopologySerializerTest" time="0.001"/>
  <testcase name="checkDecodeEncodeChangeHeaderGraphs(String)[1367]" classname="io.jbotsim.io.format.graph6.Graph6TopologySerializerTest" time="0.0"/>
  <testcase name="checkDecodeEncodeChangeHeaderGraphs(String)[1368]" classname="io.jbotsim.io.format.graph6.Graph6TopologySerializerTest" time="0.001"/>
  <testcase name="checkDecodeEncodeChangeHeaderGraphs(String)[1369]" classname="io.jbotsim.io.format.graph6.Graph6TopologySerializerTest" time="0.0"/>
  <testcase name="checkDecodeEncodeChangeHeaderGraphs(String)[1370]" classname="io.jbotsim.io.format.graph6.Graph6TopologySerializerTest" time="0.001"/>
  <testcase name="checkDecodeEncodeChangeHeaderGraphs(String)[1371]" classname="io.jbotsim.io.format.graph6.Graph6TopologySerializerTest" time="0.003"/>
  <testcase name="checkDecodeEncodeChangeHeaderGraphs(String)[1372]" classname="io.jbotsim.io.format.graph6.Graph6TopologySerializerTest" time="0.001"/>
  <testcase name="checkDecodeEncodeChangeHeaderGraphs(String)[1373]" classname="io.jbotsim.io.format.graph6.Graph6TopologySerializerTest" time="0.0"/>
  <testcase name="checkDecodeEncodeChangeHeaderGraphs(String)[1374]" classname="io.jbotsim.io.format.graph6.Graph6TopologySerializerTest" time="0.0"/>
  <testcase name="checkDecodeEncodeChangeHeaderGraphs(String)[1375]" classname="io.jbotsim.io.format.graph6.Graph6TopologySerializerTest" time="0.0"/>
  <testcase name="checkDecodeEncodeChangeHeaderGraphs(String)[1376]" classname="io.jbotsim.io.format.graph6.Graph6TopologySerializerTest" time="0.0"/>
  <testcase name="checkDecodeEncodeChangeHeaderGraphs(String)[1377]" classname="io.jbotsim.io.format.graph6.Graph6TopologySerializerTest" time="0.001"/>
  <testcase name="checkDecodeEncodeChangeHeaderGraphs(String)[1378]" classname="io.jbotsim.io.format.graph6.Graph6TopologySerializerTest" time="0.0"/>
  <testcase name="checkDecodeEncodeChangeHeaderGraphs(String)[1379]" classname="io.jbotsim.io.format.graph6.Graph6TopologySerializerTest" time="0.0"/>
  <testcase name="checkDecodeEncodeChangeHeaderGraphs(String)[1380]" classname="io.jbotsim.io.format.graph6.Graph6TopologySerializerTest" time="0.0"/>
  <testcase name="checkDecodeEncodeChangeHeaderGraphs(String)[1381]" classname="io.jbotsim.io.format.graph6.Graph6TopologySerializerTest" time="0.0"/>
  <testcase name="checkDecodeEncodeChangeHeaderGraphs(String)[1382]" classname="io.jbotsim.io.format.graph6.Graph6TopologySerializerTest" time="0.001"/>
  <testcase name="checkDecodeEncodeChangeHeaderGraphs(String)[1383]" classname="io.jbotsim.io.format.graph6.Graph6TopologySerializerTest" time="0.0"/>
  <testcase name="checkDecodeEncodeChangeHeaderGraphs(String)[1384]" classname="io.jbotsim.io.format.graph6.Graph6TopologySerializerTest" time="0.001"/>
  <testcase name="checkDecodeEncodeChangeHeaderGraphs(String)[1385]" classname="io.jbotsim.io.format.graph6.Graph6TopologySerializerTest" time="0.0"/>
  <testcase name="checkDecodeEncodeChangeHeaderGraphs(String)[1386]" classname="io.jbotsim.io.format.graph6.Graph6TopologySerializerTest" time="0.0"/>
  <testcase name="checkDecodeEncodeChangeHeaderGraphs(String)[1387]" classname="io.jbotsim.io.format.graph6.Graph6TopologySerializerTest" time="0.003"/>
  <testcase name="checkDecodeEncodeChangeHeaderGraphs(String)[1388]" classname="io.jbotsim.io.format.graph6.Graph6TopologySerializerTest" time="0.0"/>
  <testcase name="checkDecodeEncodeChangeHeaderGraphs(String)[1389]" classname="io.jbotsim.io.format.graph6.Graph6TopologySerializerTest" time="0.0"/>
  <testcase name="checkDecodeEncodeChangeHeaderGraphs(String)[1390]" classname="io.jbotsim.io.format.graph6.Graph6TopologySerializerTest" time="0.001"/>
  <testcase name="checkDecodeEncodeChangeHeaderGraphs(String)[1391]" classname="io.jbotsim.io.format.graph6.Graph6TopologySerializerTest" time="0.0"/>
  <testcase name="checkDecodeEncodeChangeHeaderGraphs(String)[1392]" classname="io.jbotsim.io.format.graph6.Graph6TopologySerializerTest" time="0.001"/>
  <testcase name="checkDecodeEncodeChangeHeaderGraphs(String)[1393]" classname="io.jbotsim.io.format.graph6.Graph6TopologySerializerTest" time="0.0"/>
  <testcase name="checkDecodeEncodeChangeHeaderGraphs(String)[1394]" classname="io.jbotsim.io.format.graph6.Graph6TopologySerializerTest" time="0.0"/>
  <testcase name="checkDecodeEncodeChangeHeaderGraphs(String)[1395]" classname="io.jbotsim.io.format.graph6.Graph6TopologySerializerTest" time="0.002"/>
  <testcase name="checkDecodeEncodeChangeHeaderGraphs(String)[1396]" classname="io.jbotsim.io.format.graph6.Graph6TopologySerializerTest" time="0.0"/>
  <testcase name="checkDecodeEncodeChangeHeaderGraphs(String)[1397]" classname="io.jbotsim.io.format.graph6.Graph6TopologySerializerTest" time="0.003"/>
  <testcase name="checkDecodeEncodeChangeHeaderGraphs(String)[1398]" classname="io.jbotsim.io.format.graph6.Graph6TopologySerializerTest" time="0.0"/>
  <testcase name="checkDecodeEncodeChangeHeaderGraphs(String)[1399]" classname="io.jbotsim.io.format.graph6.Graph6TopologySerializerTest" time="0.0"/>
  <testcase name="checkDecodeEncodeChangeHeaderGraphs(String)[1400]" classname="io.jbotsim.io.format.graph6.Graph6TopologySerializerTest" time="0.001"/>
  <testcase name="checkDecodeEncodeChangeHeaderGraphs(String)[1401]" classname="io.jbotsim.io.format.graph6.Graph6TopologySerializerTest" time="0.0"/>
  <testcase name="checkDecodeEncodeChangeHeaderGraphs(String)[1402]" classname="io.jbotsim.io.format.graph6.Graph6TopologySerializerTest" time="0.0"/>
  <testcase name="checkDecodeEncodeChangeHeaderGraphs(String)[1403]" classname="io.jbotsim.io.format.graph6.Graph6TopologySerializerTest" time="0.001"/>
  <testcase name="checkDecodeEncodeChangeHeaderGraphs(String)[1404]" classname="io.jbotsim.io.format.graph6.Graph6TopologySerializerTest" time="0.0"/>
  <testcase name="checkDecodeEncodeChangeHeaderGraphs(String)[1405]" classname="io.jbotsim.io.format.graph6.Graph6TopologySerializerTest" time="0.004"/>
  <testcase name="checkDecodeEncodeChangeHeaderGraphs(String)[1406]" classname="io.jbotsim.io.format.graph6.Graph6TopologySerializerTest" time="0.001"/>
  <testcase name="checkDecodeEncodeChangeHeaderGraphs(String)[1407]" classname="io.jbotsim.io.format.graph6.Graph6TopologySerializerTest" time="0.0"/>
  <testcase name="checkDecodeEncodeChangeHeaderGraphs(String)[1408]" classname="io.jbotsim.io.format.graph6.Graph6TopologySerializerTest" time="0.0"/>
  <testcase name="checkDecodeEncodeChangeHeaderGraphs(String)[1409]" classname="io.jbotsim.io.format.graph6.Graph6TopologySerializerTest" time="0.001"/>
  <testcase name="checkDecodeEncodeChangeHeaderGraphs(String)[1410]" classname="io.jbotsim.io.format.graph6.Graph6TopologySerializerTest" time="0.0"/>
  <testcase name="checkDecodeEncodeChangeHeaderGraphs(String)[1411]" classname="io.jbotsim.io.format.graph6.Graph6TopologySerializerTest" time="0.0"/>
  <testcase name="checkDecodeEncodeChangeHeaderGraphs(String)[1412]" classname="io.jbotsim.io.format.graph6.Graph6TopologySerializerTest" time="0.0"/>
  <testcase name="checkDecodeEncodeChangeHeaderGraphs(String)[1413]" classname="io.jbotsim.io.format.graph6.Graph6TopologySerializerTest" time="0.0"/>
  <testcase name="checkDecodeEncodeChangeHeaderGraphs(String)[1414]" classname="io.jbotsim.io.format.graph6.Graph6TopologySerializerTest" time="0.001"/>
  <testcase name="checkDecodeEncodeChangeHeaderGraphs(String)[1415]" classname="io.jbotsim.io.format.graph6.Graph6TopologySerializerTest" time="0.004"/>
  <testcase name="checkDecodeEncodeChangeHeaderGraphs(String)[1416]" classname="io.jbotsim.io.format.graph6.Graph6TopologySerializerTest" time="0.001"/>
  <testcase name="checkDecodeEncodeChangeHeaderGraphs(String)[1417]" classname="io.jbotsim.io.format.graph6.Graph6TopologySerializerTest" time="0.0"/>
  <testcase name="checkDecodeEncodeChangeHeaderGraphs(String)[1418]" classname="io.jbotsim.io.format.graph6.Graph6TopologySerializerTest" time="0.0"/>
  <testcase name="checkDecodeEncodeChangeHeaderGraphs(String)[1419]" classname="io.jbotsim.io.format.graph6.Graph6TopologySerializerTest" time="0.0"/>
  <testcase name="checkDecodeEncodeChangeHeaderGraphs(String)[1420]" classname="io.jbotsim.io.format.graph6.Graph6TopologySerializerTest" time="0.001"/>
  <testcase name="checkDecodeEncodeChangeHeaderGraphs(String)[1421]" classname="io.jbotsim.io.format.graph6.Graph6TopologySerializerTest" time="0.005"/>
  <testcase name="checkDecodeEncodeChangeHeaderGraphs(String)[1422]" classname="io.jbotsim.io.format.graph6.Graph6TopologySerializerTest" time="0.001"/>
  <testcase name="checkDecodeEncodeChangeHeaderGraphs(String)[1423]" classname="io.jbotsim.io.format.graph6.Graph6TopologySerializerTest" time="0.0"/>
  <testcase name="checkDecodeEncodeChangeHeaderGraphs(String)[1424]" classname="io.jbotsim.io.format.graph6.Graph6TopologySerializerTest" time="0.0"/>
  <testcase name="checkDecodeEncodeChangeHeaderGraphs(String)[1425]" classname="io.jbotsim.io.format.graph6.Graph6TopologySerializerTest" time="0.004"/>
  <testcase name="checkDecodeEncodeChangeHeaderGraphs(String)[1426]" classname="io.jbotsim.io.format.graph6.Graph6TopologySerializerTest" time="0.001"/>
  <testcase name="checkDecodeEncodeChangeHeaderGraphs(String)[1427]" classname="io.jbotsim.io.format.graph6.Graph6TopologySerializerTest" time="0.005"/>
  <testcase name="checkDecodeEncodeChangeHeaderGraphs(String)[1428]" classname="io.jbotsim.io.format.graph6.Graph6TopologySerializerTest" time="0.0"/>
  <testcase name="checkDecodeEncodeChangeHeaderGraphs(String)[1429]" classname="io.jbotsim.io.format.graph6.Graph6TopologySerializerTest" time="0.0"/>
  <testcase name="checkDecodeEncodeChangeHeaderGraphs(String)[1430]" classname="io.jbotsim.io.format.graph6.Graph6TopologySerializerTest" time="0.001"/>
  <testcase name="checkDecodeEncodeChangeHeaderGraphs(String)[1431]" classname="io.jbotsim.io.format.graph6.Graph6TopologySerializerTest" time="0.0"/>
  <testcase name="checkDecodeEncodeChangeHeaderGraphs(String)[1432]" classname="io.jbotsim.io.format.graph6.Graph6TopologySerializerTest" time="0.0"/>
  <testcase name="checkDecodeEncodeChangeHeaderGraphs(String)[1433]" classname="io.jbotsim.io.format.graph6.Graph6TopologySerializerTest" time="0.001"/>
  <testcase name="checkDecodeEncodeChangeHeaderGraphs(String)[1434]" classname="io.jbotsim.io.format.graph6.Graph6TopologySerializerTest" time="0.0"/>
  <testcase name="checkDecodeEncodeChangeHeaderGraphs(String)[1435]" classname="io.jbotsim.io.format.graph6.Graph6TopologySerializerTest" time="0.001"/>
  <testcase name="checkDecodeEncodeChangeHeaderGraphs(String)[1436]" classname="io.jbotsim.io.format.graph6.Graph6TopologySerializerTest" time="0.004"/>
  <testcase name="checkDecodeEncodeChangeHeaderGraphs(String)[1437]" classname="io.jbotsim.io.format.graph6.Graph6TopologySerializerTest" time="0.0"/>
  <testcase name="checkDecodeEncodeChangeHeaderGraphs(String)[1438]" classname="io.jbotsim.io.format.graph6.Graph6TopologySerializerTest" time="0.0"/>
  <testcase name="checkDecodeEncodeChangeHeaderGraphs(String)[1439]" classname="io.jbotsim.io.format.graph6.Graph6TopologySerializerTest" time="0.0"/>
  <testcase name="checkDecodeEncodeChangeHeaderGraphs(String)[1440]" classname="io.jbotsim.io.format.graph6.Graph6TopologySerializerTest" time="0.0"/>
  <testcase name="checkDecodeEncodeChangeHeaderGraphs(String)[1441]" classname="io.jbotsim.io.format.graph6.Graph6TopologySerializerTest" time="0.0"/>
  <testcase name="checkDecodeEncodeChangeHeaderGraphs(String)[1442]" classname="io.jbotsim.io.format.graph6.Graph6TopologySerializerTest" time="0.0"/>
  <testcase name="checkDecodeEncodeChangeHeaderGraphs(String)[1443]" classname="io.jbotsim.io.format.graph6.Graph6TopologySerializerTest" time="0.001"/>
  <testcase name="checkDecodeEncodeChangeHeaderGraphs(String)[1444]" classname="io.jbotsim.io.format.graph6.Graph6TopologySerializerTest" time="0.0"/>
  <testcase name="checkDecodeEncodeChangeHeaderGraphs(String)[1445]" classname="io.jbotsim.io.format.graph6.Graph6TopologySerializerTest" time="0.0"/>
  <testcase name="checkDecodeEncodeChangeHeaderGraphs(String)[1446]" classname="io.jbotsim.io.format.graph6.Graph6TopologySerializerTest" time="0.001"/>
  <testcase name="checkDecodeEncodeChangeHeaderGraphs(String)[1447]" classname="io.jbotsim.io.format.graph6.Graph6TopologySerializerTest" time="0.0"/>
  <testcase name="checkDecodeEncodeChangeHeaderGraphs(String)[1448]" classname="io.jbotsim.io.format.graph6.Graph6TopologySerializerTest" time="0.0"/>
  <testcase name="checkDecodeEncodeChangeHeaderGraphs(String)[1449]" classname="io.jbotsim.io.format.graph6.Graph6TopologySerializerTest" time="0.0"/>
  <testcase name="checkDecodeEncodeChangeHeaderGraphs(String)[1450]" classname="io.jbotsim.io.format.graph6.Graph6TopologySerializerTest" time="0.0"/>
  <testcase name="checkDecodeEncodeChangeHeaderGraphs(String)[1451]" classname="io.jbotsim.io.format.graph6.Graph6TopologySerializerTest" time="0.0"/>
  <testcase name="checkDecodeEncodeChangeHeaderGraphs(String)[1452]" classname="io.jbotsim.io.format.graph6.Graph6TopologySerializerTest" time="0.0"/>
  <testcase name="checkDecodeEncodeChangeHeaderGraphs(String)[1453]" classname="io.jbotsim.io.format.graph6.Graph6TopologySerializerTest" time="0.0"/>
  <testcase name="checkDecodeEncodeChangeHeaderGraphs(String)[1454]" classname="io.jbotsim.io.format.graph6.Graph6TopologySerializerTest" time="0.001"/>
  <testcase name="checkDecodeEncodeChangeHeaderGraphs(String)[1455]" classname="io.jbotsim.io.format.graph6.Graph6TopologySerializerTest" time="0.0"/>
  <testcase name="checkDecodeEncodeChangeHeaderGraphs(String)[1456]" classname="io.jbotsim.io.format.graph6.Graph6TopologySerializerTest" time="0.0"/>
  <testcase name="checkDecodeEncodeChangeHeaderGraphs(String)[1457]" classname="io.jbotsim.io.format.graph6.Graph6TopologySerializerTest" time="0.005"/>
  <testcase name="checkDecodeEncodeChangeHeaderGraphs(String)[1458]" classname="io.jbotsim.io.format.graph6.Graph6TopologySerializerTest" time="0.001"/>
  <testcase name="checkDecodeEncodeChangeHeaderGraphs(String)[1459]" classname="io.jbotsim.io.format.graph6.Graph6TopologySerializerTest" time="0.0"/>
  <testcase name="checkDecodeEncodeChangeHeaderGraphs(String)[1460]" classname="io.jbotsim.io.format.graph6.Graph6TopologySerializerTest" time="0.0"/>
  <testcase name="checkDecodeEncodeChangeHeaderGraphs(String)[1461]" classname="io.jbotsim.io.format.graph6.Graph6TopologySerializerTest" time="0.001"/>
  <testcase name="checkDecodeEncodeChangeHeaderGraphs(String)[1462]" classname="io.jbotsim.io.format.graph6.Graph6TopologySerializerTest" time="0.0"/>
  <testcase name="checkDecodeEncodeChangeHeaderGraphs(String)[1463]" classname="io.jbotsim.io.format.graph6.Graph6TopologySerializerTest" time="0.0"/>
  <testcase name="checkDecodeEncodeChangeHeaderGraphs(String)[1464]" classname="io.jbotsim.io.format.graph6.Graph6TopologySerializerTest" time="0.001"/>
  <testcase name="checkDecodeEncodeChangeHeaderGraphs(String)[1465]" classname="io.jbotsim.io.format.graph6.Graph6TopologySerializerTest" time="0.0"/>
  <testcase name="checkDecodeEncodeChangeHeaderGraphs(String)[1466]" classname="io.jbotsim.io.format.graph6.Graph6TopologySerializerTest" time="0.0"/>
  <testcase name="checkDecodeEncodeChangeHeaderGraphs(String)[1467]" classname="io.jbotsim.io.format.graph6.Graph6TopologySerializerTest" time="0.0"/>
  <testcase name="checkDecodeEncodeChangeHeaderGraphs(String)[1468]" classname="io.jbotsim.io.format.graph6.Graph6TopologySerializerTest" time="0.001"/>
  <testcase name="checkDecodeEncodeChangeHeaderGraphs(String)[1469]" classname="io.jbotsim.io.format.graph6.Graph6TopologySerializerTest" time="0.0"/>
  <testcase name="checkDecodeEncodeChangeHeaderGraphs(String)[1470]" classname="io.jbotsim.io.format.graph6.Graph6TopologySerializerTest" time="0.0"/>
  <testcase name="checkDecodeEncodeChangeHeaderGraphs(String)[1471]" classname="io.jbotsim.io.format.graph6.Graph6TopologySerializerTest" time="0.001"/>
  <testcase name="checkDecodeEncodeChangeHeaderGraphs(String)[1472]" classname="io.jbotsim.io.format.graph6.Graph6TopologySerializerTest" time="0.0"/>
  <testcase name="checkDecodeEncodeChangeHeaderGraphs(String)[1473]" classname="io.jbotsim.io.format.graph6.Graph6TopologySerializerTest" time="0.0"/>
  <testcase name="checkDecodeEncodeChangeHeaderGraphs(String)[1474]" classname="io.jbotsim.io.format.graph6.Graph6TopologySerializerTest" time="0.0"/>
  <testcase name="checkDecodeEncodeChangeHeaderGraphs(String)[1475]" classname="io.jbotsim.io.format.graph6.Graph6TopologySerializerTest" time="0.0"/>
  <testcase name="checkDecodeEncodeChangeHeaderGraphs(String)[1476]" classname="io.jbotsim.io.format.graph6.Graph6TopologySerializerTest" time="0.0"/>
  <testcase name="checkDecodeEncodeChangeHeaderGraphs(String)[1477]" classname="io.jbotsim.io.format.graph6.Graph6TopologySerializerTest" time="0.001"/>
  <testcase name="checkDecodeEncodeChangeHeaderGraphs(String)[1478]" classname="io.jbotsim.io.format.graph6.Graph6TopologySerializerTest" time="0.0"/>
  <testcase name="checkDecodeEncodeChangeHeaderGraphs(String)[1479]" classname="io.jbotsim.io.format.graph6.Graph6TopologySerializerTest" time="0.001"/>
  <testcase name="checkDecodeEncodeChangeHeaderGraphs(String)[1480]" classname="io.jbotsim.io.format.graph6.Graph6TopologySerializerTest" time="0.0"/>
  <testcase name="checkDecodeEncodeChangeHeaderGraphs(String)[1481]" classname="io.jbotsim.io.format.graph6.Graph6TopologySerializerTest" time="0.0"/>
  <testcase name="checkDecodeEncodeChangeHeaderGraphs(String)[1482]" classname="io.jbotsim.io.format.graph6.Graph6TopologySerializerTest" time="0.001"/>
  <testcase name="checkDecodeEncodeChangeHeaderGraphs(String)[1483]" classname="io.jbotsim.io.format.graph6.Graph6TopologySerializerTest" time="0.003"/>
  <testcase name="checkDecodeEncodeChangeHeaderGraphs(String)[1484]" classname="io.jbotsim.io.format.graph6.Graph6TopologySerializerTest" time="0.0"/>
  <testcase name="checkDecodeEncodeChangeHeaderGraphs(String)[1485]" classname="io.jbotsim.io.format.graph6.Graph6TopologySerializerTest" time="0.0"/>
  <testcase name="checkDecodeEncodeChangeHeaderGraphs(String)[1486]" classname="io.jbotsim.io.format.graph6.Graph6TopologySerializerTest" time="0.001"/>
  <testcase name="checkDecodeEncodeChangeHeaderGraphs(String)[1487]" classname="io.jbotsim.io.format.graph6.Graph6TopologySerializerTest" time="0.0"/>
  <testcase name="checkDecodeEncodeChangeHeaderGraphs(String)[1488]" classname="io.jbotsim.io.format.graph6.Graph6TopologySerializerTest" time="0.001"/>
  <testcase name="checkDecodeEncodeChangeHeaderGraphs(String)[1489]" classname="io.jbotsim.io.format.graph6.Graph6TopologySerializerTest" time="0.0"/>
  <testcase name="checkDecodeEncodeChangeHeaderGraphs(String)[1490]" classname="io.jbotsim.io.format.graph6.Graph6TopologySerializerTest" time="0.0"/>
  <testcase name="checkDecodeEncodeChangeHeaderGraphs(String)[1491]" classname="io.jbotsim.io.format.graph6.Graph6TopologySerializerTest" time="0.001"/>
  <testcase name="checkDecodeEncodeChangeHeaderGraphs(String)[1492]" classname="io.jbotsim.io.format.graph6.Graph6TopologySerializerTest" time="0.003"/>
  <testcase name="checkDecodeEncodeChangeHeaderGraphs(String)[1493]" classname="io.jbotsim.io.format.graph6.Graph6TopologySerializerTest" time="0.0"/>
  <testcase name="checkDecodeEncodeChangeHeaderGraphs(String)[1494]" classname="io.jbotsim.io.format.graph6.Graph6TopologySerializerTest" time="0.0"/>
  <testcase name="checkDecodeEncodeChangeHeaderGraphs(String)[1495]" classname="io.jbotsim.io.format.graph6.Graph6TopologySerializerTest" time="0.0"/>
  <testcase name="checkDecodeEncodeChangeHeaderGraphs(String)[1496]" classname="io.jbotsim.io.format.graph6.Graph6TopologySerializerTest" time="0.0"/>
  <testcase name="checkDecodeEncodeChangeHeaderGraphs(String)[1497]" classname="io.jbotsim.io.format.graph6.Graph6TopologySerializerTest" time="0.0"/>
  <testcase name="checkDecodeEncodeChangeHeaderGraphs(String)[1498]" classname="io.jbotsim.io.format.graph6.Graph6TopologySerializerTest" time="0.001"/>
  <testcase name="checkDecodeEncodeChangeHeaderGraphs(String)[1499]" classname="io.jbotsim.io.format.graph6.Graph6TopologySerializerTest" time="0.0"/>
  <testcase name="checkDecodeEncodeChangeHeaderGraphs(String)[1500]" classname="io.jbotsim.io.format.graph6.Graph6TopologySerializerTest" time="0.001"/>
  <testcase name="checkDecodeEncodeChangeHeaderGraphs(String)[1501]" classname="io.jbotsim.io.format.graph6.Graph6TopologySerializerTest" time="0.003"/>
  <testcase name="checkDecodeEncodeChangeHeaderGraphs(String)[1502]" classname="io.jbotsim.io.format.graph6.Graph6TopologySerializerTest" time="0.0"/>
  <testcase name="checkDecodeEncodeChangeHeaderGraphs(String)[1503]" classname="io.jbotsim.io.format.graph6.Graph6TopologySerializerTest" time="0.0"/>
  <testcase name="checkDecodeEncodeChangeHeaderGraphs(String)[1504]" classname="io.jbotsim.io.format.graph6.Graph6TopologySerializerTest" time="0.0"/>
  <testcase name="checkDecodeEncodeChangeHeaderGraphs(String)[1505]" classname="io.jbotsim.io.format.graph6.Graph6TopologySerializerTest" time="0.0"/>
  <testcase name="checkDecodeEncodeChangeHeaderGraphs(String)[1506]" classname="io.jbotsim.io.format.graph6.Graph6TopologySerializerTest" time="0.0"/>
  <testcase name="checkDecodeEncodeChangeHeaderGraphs(String)[1507]" classname="io.jbotsim.io.format.graph6.Graph6TopologySerializerTest" time="0.001"/>
  <testcase name="checkDecodeEncodeChangeHeaderGraphs(String)[1508]" classname="io.jbotsim.io.format.graph6.Graph6TopologySerializerTest" time="0.001"/>
  <testcase name="checkDecodeEncodeChangeHeaderGraphs(String)[1509]" classname="io.jbotsim.io.format.graph6.Graph6TopologySerializerTest" time="0.0"/>
  <testcase name="checkDecodeEncodeChangeHeaderGraphs(String)[1510]" classname="io.jbotsim.io.format.graph6.Graph6TopologySerializerTest" time="0.0"/>
  <testcase name="checkDecodeEncodeChangeHeaderGraphs(String)[1511]" classname="io.jbotsim.io.format.graph6.Graph6TopologySerializerTest" time="0.003"/>
  <testcase name="checkDecodeEncodeChangeHeaderGraphs(String)[1512]" classname="io.jbotsim.io.format.graph6.Graph6TopologySerializerTest" time="0.0"/>
  <testcase name="checkDecodeEncodeChangeHeaderGraphs(String)[1513]" classname="io.jbotsim.io.format.graph6.Graph6TopologySerializerTest" time="0.0"/>
  <testcase name="checkDecodeEncodeChangeHeaderGraphs(String)[1514]" classname="io.jbotsim.io.format.graph6.Graph6TopologySerializerTest" time="0.0"/>
  <testcase name="checkDecodeEncodeChangeHeaderGraphs(String)[1515]" classname="io.jbotsim.io.format.graph6.Graph6TopologySerializerTest" time="0.0"/>
  <testcase name="checkDecodeEncodeChangeHeaderGraphs(String)[1516]" classname="io.jbotsim.io.format.graph6.Graph6TopologySerializerTest" time="0.001"/>
  <testcase name="checkDecodeEncodeChangeHeaderGraphs(String)[1517]" classname="io.jbotsim.io.format.graph6.Graph6TopologySerializerTest" time="0.0"/>
  <testcase name="checkDecodeEncodeChangeHeaderGraphs(String)[1518]" classname="io.jbotsim.io.format.graph6.Graph6TopologySerializerTest" time="0.001"/>
  <testcase name="checkDecodeEncodeChangeHeaderGraphs(String)[1519]" classname="io.jbotsim.io.format.graph6.Graph6TopologySerializerTest" time="0.004"/>
  <testcase name="checkDecodeEncodeChangeHeaderGraphs(String)[1520]" classname="io.jbotsim.io.format.graph6.Graph6TopologySerializerTest" time="0.0"/>
  <testcase name="checkDecodeEncodeChangeHeaderGraphs(String)[1521]" classname="io.jbotsim.io.format.graph6.Graph6TopologySerializerTest" time="0.004"/>
  <testcase name="checkDecodeEncodeChangeHeaderGraphs(String)[1522]" classname="io.jbotsim.io.format.graph6.Graph6TopologySerializerTest" time="0.0"/>
  <testcase name="checkDecodeEncodeChangeHeaderGraphs(String)[1523]" classname="io.jbotsim.io.format.graph6.Graph6TopologySerializerTest" time="0.0"/>
  <testcase name="checkDecodeEncodeChangeHeaderGraphs(String)[1524]" classname="io.jbotsim.io.format.graph6.Graph6TopologySerializerTest" time="0.001"/>
  <testcase name="checkDecodeEncodeChangeHeaderGraphs(String)[1525]" classname="io.jbotsim.io.format.graph6.Graph6TopologySerializerTest" time="0.0"/>
  <testcase name="checkDecodeEncodeChangeHeaderGraphs(String)[1526]" classname="io.jbotsim.io.format.graph6.Graph6TopologySerializerTest" time="0.0"/>
  <testcase name="checkDecodeEncodeChangeHeaderGraphs(String)[1527]" classname="io.jbotsim.io.format.graph6.Graph6TopologySerializerTest" time="0.0"/>
  <testcase name="checkDecodeEncodeChangeHeaderGraphs(String)[1528]" classname="io.jbotsim.io.format.graph6.Graph6TopologySerializerTest" time="0.0"/>
  <testcase name="checkDecodeEncodeChangeHeaderGraphs(String)[1529]" classname="io.jbotsim.io.format.graph6.Graph6TopologySerializerTest" time="0.001"/>
  <testcase name="checkDecodeEncodeChangeHeaderGraphs(String)[1530]" classname="io.jbotsim.io.format.graph6.Graph6TopologySerializerTest" time="0.0"/>
  <testcase name="checkDecodeEncodeChangeHeaderGraphs(String)[1531]" classname="io.jbotsim.io.format.graph6.Graph6TopologySerializerTest" time="0.001"/>
  <testcase name="checkDecodeEncodeChangeHeaderGraphs(String)[1532]" classname="io.jbotsim.io.format.graph6.Graph6TopologySerializerTest" time="0.0"/>
  <testcase name="checkDecodeEncodeChangeHeaderGraphs(String)[1533]" classname="io.jbotsim.io.format.graph6.Graph6TopologySerializerTest" time="0.0"/>
  <testcase name="checkDecodeEncodeChangeHeaderGraphs(String)[1534]" classname="io.jbotsim.io.format.graph6.Graph6TopologySerializerTest" time="0.0"/>
  <testcase name="checkDecodeEncodeChangeHeaderGraphs(String)[1535]" classname="io.jbotsim.io.format.graph6.Graph6TopologySerializerTest" time="0.0"/>
  <testcase name="checkDecodeEncodeChangeHeaderGraphs(String)[1536]" classname="io.jbotsim.io.format.graph6.Graph6TopologySerializerTest" time="0.001"/>
  <testcase name="checkDecodeEncodeChangeHeaderGraphs(String)[1537]" classname="io.jbotsim.io.format.graph6.Graph6TopologySerializerTest" time="0.001"/>
  <testcase name="checkDecodeEncodeChangeHeaderGraphs(String)[1538]" classname="io.jbotsim.io.format.graph6.Graph6TopologySerializerTest" time="0.001"/>
  <testcase name="checkDecodeEncodeChangeHeaderGraphs(String)[1539]" classname="io.jbotsim.io.format.graph6.Graph6TopologySerializerTest" time="0.0"/>
  <testcase name="checkDecodeEncodeChangeHeaderGraphs(String)[1540]" classname="io.jbotsim.io.format.graph6.Graph6TopologySerializerTest" time="0.0"/>
  <testcase name="checkDecodeEncodeChangeHeaderGraphs(String)[1541]" classname="io.jbotsim.io.format.graph6.Graph6TopologySerializerTest" time="0.0"/>
  <testcase name="checkDecodeEncodeChangeHeaderGraphs(String)[1542]" classname="io.jbotsim.io.format.graph6.Graph6TopologySerializerTest" time="0.0"/>
  <testcase name="checkDecodeEncodeChangeHeaderGraphs(String)[1543]" classname="io.jbotsim.io.format.graph6.Graph6TopologySerializerTest" time="0.0"/>
  <testcase name="checkDecodeEncodeChangeHeaderGraphs(String)[1544]" classname="io.jbotsim.io.format.graph6.Graph6TopologySerializerTest" time="0.0"/>
  <testcase name="checkDecodeEncodeChangeHeaderGraphs(String)[1545]" classname="io.jbotsim.io.format.graph6.Graph6TopologySerializerTest" time="0.007"/>
  <testcase name="checkDecodeEncodeChangeHeaderGraphs(String)[1546]" classname="io.jbotsim.io.format.graph6.Graph6TopologySerializerTest" time="0.0"/>
  <testcase name="checkDecodeEncodeChangeHeaderGraphs(String)[1547]" classname="io.jbotsim.io.format.graph6.Graph6TopologySerializerTest" time="0.0"/>
  <testcase name="checkDecodeEncodeChangeHeaderGraphs(String)[1548]" classname="io.jbotsim.io.format.graph6.Graph6TopologySerializerTest" time="0.001"/>
  <testcase name="checkDecodeEncodeChangeHeaderGraphs(String)[1549]" classname="io.jbotsim.io.format.graph6.Graph6TopologySerializerTest" time="0.0"/>
  <testcase name="checkDecodeEncodeChangeHeaderGraphs(String)[1550]" classname="io.jbotsim.io.format.graph6.Graph6TopologySerializerTest" time="0.001"/>
  <testcase name="checkDecodeEncodeChangeHeaderGraphs(String)[1551]" classname="io.jbotsim.io.format.graph6.Graph6TopologySerializerTest" time="0.0"/>
  <testcase name="checkDecodeEncodeChangeHeaderGraphs(String)[1552]" classname="io.jbotsim.io.format.graph6.Graph6TopologySerializerTest" time="0.0"/>
  <testcase name="checkDecodeEncodeChangeHeaderGraphs(String)[1553]" classname="io.jbotsim.io.format.graph6.Graph6TopologySerializerTest" time="0.001"/>
  <testcase name="checkDecodeEncodeChangeHeaderGraphs(String)[1554]" classname="io.jbotsim.io.format.graph6.Graph6TopologySerializerTest" time="0.0"/>
  <testcase name="checkDecodeEncodeChangeHeaderGraphs(String)[1555]" classname="io.jbotsim.io.format.graph6.Graph6TopologySerializerTest" time="0.0"/>
  <testcase name="checkDecodeEncodeChangeHeaderGraphs(String)[1556]" classname="io.jbotsim.io.format.graph6.Graph6TopologySerializerTest" time="0.0"/>
  <testcase name="checkDecodeEncodeChangeHeaderGraphs(String)[1557]" classname="io.jbotsim.io.format.graph6.Graph6TopologySerializerTest" time="0.0"/>
  <testcase name="checkDecodeEncodeChangeHeaderGraphs(String)[1558]" classname="io.jbotsim.io.format.graph6.Graph6TopologySerializerTest" time="0.0"/>
  <testcase name="checkDecodeEncodeChangeHeaderGraphs(String)[1559]" classname="io.jbotsim.io.format.graph6.Graph6TopologySerializerTest" time="0.001"/>
  <testcase name="checkDecodeEncodeChangeHeaderGraphs(String)[1560]" classname="io.jbotsim.io.format.graph6.Graph6TopologySerializerTest" time="0.0"/>
  <testcase name="checkDecodeEncodeChangeHeaderGraphs(String)[1561]" classname="io.jbotsim.io.format.graph6.Graph6TopologySerializerTest" time="0.001"/>
  <testcase name="checkDecodeEncodeChangeHeaderGraphs(String)[1562]" classname="io.jbotsim.io.format.graph6.Graph6TopologySerializerTest" time="0.0"/>
  <testcase name="checkDecodeEncodeChangeHeaderGraphs(String)[1563]" classname="io.jbotsim.io.format.graph6.Graph6TopologySerializerTest" time="0.001"/>
  <testcase name="checkDecodeEncodeChangeHeaderGraphs(String)[1564]" classname="io.jbotsim.io.format.graph6.Graph6TopologySerializerTest" time="0.0"/>
  <testcase name="checkDecodeEncodeChangeHeaderGraphs(String)[1565]" classname="io.jbotsim.io.format.graph6.Graph6TopologySerializerTest" time="0.005"/>
  <testcase name="checkDecodeEncodeChangeHeaderGraphs(String)[1566]" classname="io.jbotsim.io.format.graph6.Graph6TopologySerializerTest" time="0.001"/>
  <testcase name="checkDecodeEncodeChangeHeaderGraphs(String)[1567]" classname="io.jbotsim.io.format.graph6.Graph6TopologySerializerTest" time="0.0"/>
  <testcase name="checkDecodeEncodeChangeHeaderGraphs(String)[1568]" classname="io.jbotsim.io.format.graph6.Graph6TopologySerializerTest" time="0.003"/>
  <testcase name="checkDecodeEncodeChangeHeaderGraphs(String)[1569]" classname="io.jbotsim.io.format.graph6.Graph6TopologySerializerTest" time="0.0"/>
  <testcase name="checkDecodeEncodeChangeHeaderGraphs(String)[1570]" classname="io.jbotsim.io.format.graph6.Graph6TopologySerializerTest" time="0.001"/>
  <testcase name="checkDecodeEncodeChangeHeaderGraphs(String)[1571]" classname="io.jbotsim.io.format.graph6.Graph6TopologySerializerTest" time="0.0"/>
  <testcase name="checkDecodeEncodeChangeHeaderGraphs(String)[1572]" classname="io.jbotsim.io.format.graph6.Graph6TopologySerializerTest" time="0.0"/>
  <testcase name="checkDecodeEncodeChangeHeaderGraphs(String)[1573]" classname="io.jbotsim.io.format.graph6.Graph6TopologySerializerTest" time="0.001"/>
  <testcase name="checkDecodeEncodeChangeHeaderGraphs(String)[1574]" classname="io.jbotsim.io.format.graph6.Graph6TopologySerializerTest" time="0.001"/>
  <testcase name="checkDecodeEncodeChangeHeaderGraphs(String)[1575]" classname="io.jbotsim.io.format.graph6.Graph6TopologySerializerTest" time="0.0"/>
  <testcase name="checkDecodeEncodeChangeHeaderGraphs(String)[1576]" classname="io.jbotsim.io.format.graph6.Graph6TopologySerializerTest" time="0.001"/>
  <testcase name="checkDecodeEncodeChangeHeaderGraphs(String)[1577]" classname="io.jbotsim.io.format.graph6.Graph6TopologySerializerTest" time="0.001"/>
  <testcase name="checkDecodeEncodeChangeHeaderGraphs(String)[1578]" classname="io.jbotsim.io.format.graph6.Graph6TopologySerializerTest" time="0.0"/>
  <testcase name="checkDecodeEncodeChangeHeaderGraphs(String)[1579]" classname="io.jbotsim.io.format.graph6.Graph6TopologySerializerTest" time="0.0"/>
  <testcase name="checkDecodeEncodeChangeHeaderGraphs(String)[1580]" classname="io.jbotsim.io.format.graph6.Graph6TopologySerializerTest" time="0.001"/>
  <testcase name="checkDecodeEncodeChangeHeaderGraphs(String)[1581]" classname="io.jbotsim.io.format.graph6.Graph6TopologySerializerTest" time="0.0"/>
  <testcase name="checkDecodeEncodeChangeHeaderGraphs(String)[1582]" classname="io.jbotsim.io.format.graph6.Graph6TopologySerializerTest" time="0.004"/>
  <testcase name="checkDecodeEncodeChangeHeaderGraphs(String)[1583]" classname="io.jbotsim.io.format.graph6.Graph6TopologySerializerTest" time="0.0"/>
  <testcase name="checkDecodeEncodeChangeHeaderGraphs(String)[1584]" classname="io.jbotsim.io.format.graph6.Graph6TopologySerializerTest" time="0.0"/>
  <testcase name="checkDecodeEncodeChangeHeaderGraphs(String)[1585]" classname="io.jbotsim.io.format.graph6.Graph6TopologySerializerTest" time="0.0"/>
  <testcase name="checkDecodeEncodeChangeHeaderGraphs(String)[1586]" classname="io.jbotsim.io.format.graph6.Graph6TopologySerializerTest" time="0.001"/>
  <testcase name="checkDecodeEncodeChangeHeaderGraphs(String)[1587]" classname="io.jbotsim.io.format.graph6.Graph6TopologySerializerTest" time="0.0"/>
  <testcase name="checkDecodeEncodeChangeHeaderGraphs(String)[1588]" classname="io.jbotsim.io.format.graph6.Graph6TopologySerializerTest" time="0.0"/>
  <testcase name="checkDecodeEncodeChangeHeaderGraphs(String)[1589]" classname="io.jbotsim.io.format.graph6.Graph6TopologySerializerTest" time="0.001"/>
  <testcase name="checkDecodeEncodeChangeHeaderGraphs(String)[1590]" classname="io.jbotsim.io.format.graph6.Graph6TopologySerializerTest" time="0.0"/>
  <testcase name="checkDecodeEncodeChangeHeaderGraphs(String)[1591]" classname="io.jbotsim.io.format.graph6.Graph6TopologySerializerTest" time="0.0"/>
  <testcase name="checkDecodeEncodeChangeHeaderGraphs(String)[1592]" classname="io.jbotsim.io.format.graph6.Graph6TopologySerializerTest" time="0.001"/>
  <testcase name="checkDecodeEncodeChangeHeaderGraphs(String)[1593]" classname="io.jbotsim.io.format.graph6.Graph6TopologySerializerTest" time="0.0"/>
  <testcase name="checkDecodeEncodeChangeHeaderGraphs(String)[1594]" classname="io.jbotsim.io.format.graph6.Graph6TopologySerializerTest" time="0.0"/>
  <testcase name="checkDecodeEncodeChangeHeaderGraphs(String)[1595]" classname="io.jbotsim.io.format.graph6.Graph6TopologySerializerTest" time="0.0"/>
  <testcase name="checkDecodeEncodeChangeHeaderGraphs(String)[1596]" classname="io.jbotsim.io.format.graph6.Graph6TopologySerializerTest" time="0.0"/>
  <testcase name="checkDecodeEncodeChangeHeaderGraphs(String)[1597]" classname="io.jbotsim.io.format.graph6.Graph6TopologySerializerTest" time="0.001"/>
  <testcase name="checkDecodeEncodeChangeHeaderGraphs(String)[1598]" classname="io.jbotsim.io.format.graph6.Graph6TopologySerializerTest" time="0.004"/>
  <testcase name="checkDecodeEncodeChangeHeaderGraphs(String)[1599]" classname="io.jbotsim.io.format.graph6.Graph6TopologySerializerTest" time="0.001"/>
  <testcase name="checkDecodeEncodeChangeHeaderGraphs(String)[1600]" classname="io.jbotsim.io.format.graph6.Graph6TopologySerializerTest" time="0.0"/>
  <testcase name="checkDecodeEncodeChangeHeaderGraphs(String)[1601]" classname="io.jbotsim.io.format.graph6.Graph6TopologySerializerTest" time="0.0"/>
  <testcase name="checkDecodeEncodeChangeHeaderGraphs(String)[1602]" classname="io.jbotsim.io.format.graph6.Graph6TopologySerializerTest" time="0.0"/>
  <testcase name="checkDecodeEncodeChangeHeaderGraphs(String)[1603]" classname="io.jbotsim.io.format.graph6.Graph6TopologySerializerTest" time="0.001"/>
  <testcase name="checkDecodeEncodeChangeHeaderGraphs(String)[1604]" classname="io.jbotsim.io.format.graph6.Graph6TopologySerializerTest" time="0.001"/>
  <testcase name="checkDecodeEncodeChangeHeaderGraphs(String)[1605]" classname="io.jbotsim.io.format.graph6.Graph6TopologySerializerTest" time="0.0"/>
  <testcase name="checkDecodeEncodeChangeHeaderGraphs(String)[1606]" classname="io.jbotsim.io.format.graph6.Graph6TopologySerializerTest" time="0.001"/>
  <testcase name="checkDecodeEncodeChangeHeaderGraphs(String)[1607]" classname="io.jbotsim.io.format.graph6.Graph6TopologySerializerTest" time="0.0"/>
  <testcase name="checkDecodeEncodeChangeHeaderGraphs(String)[1608]" classname="io.jbotsim.io.format.graph6.Graph6TopologySerializerTest" time="0.0"/>
  <testcase name="checkDecodeEncodeChangeHeaderGraphs(String)[1609]" classname="io.jbotsim.io.format.graph6.Graph6TopologySerializerTest" time="0.001"/>
  <testcase name="checkDecodeEncodeChangeHeaderGraphs(String)[1610]" classname="io.jbotsim.io.format.graph6.Graph6TopologySerializerTest" time="0.001"/>
  <testcase name="checkDecodeEncodeChangeHeaderGraphs(String)[1611]" classname="io.jbotsim.io.format.graph6.Graph6TopologySerializerTest" time="0.004"/>
  <testcase name="checkDecodeEncodeChangeHeaderGraphs(String)[1612]" classname="io.jbotsim.io.format.graph6.Graph6TopologySerializerTest" time="0.0"/>
  <testcase name="checkDecodeEncodeChangeHeaderGraphs(String)[1613]" classname="io.jbotsim.io.format.graph6.Graph6TopologySerializerTest" time="0.001"/>
  <testcase name="checkDecodeEncodeChangeHeaderGraphs(String)[1614]" classname="io.jbotsim.io.format.graph6.Graph6TopologySerializerTest" time="0.0"/>
  <testcase name="checkDecodeEncodeChangeHeaderGraphs(String)[1615]" classname="io.jbotsim.io.format.graph6.Graph6TopologySerializerTest" time="0.0"/>
  <testcase name="checkDecodeEncodeChangeHeaderGraphs(String)[1616]" classname="io.jbotsim.io.format.graph6.Graph6TopologySerializerTest" time="0.001"/>
  <testcase name="checkDecodeEncodeChangeHeaderGraphs(String)[1617]" classname="io.jbotsim.io.format.graph6.Graph6TopologySerializerTest" time="0.003"/>
  <testcase name="checkDecodeEncodeChangeHeaderGraphs(String)[1618]" classname="io.jbotsim.io.format.graph6.Graph6TopologySerializerTest" time="0.001"/>
  <testcase name="checkDecodeEncodeChangeHeaderGraphs(String)[1619]" classname="io.jbotsim.io.format.graph6.Graph6TopologySerializerTest" time="0.0"/>
  <testcase name="checkDecodeEncodeChangeHeaderGraphs(String)[1620]" classname="io.jbotsim.io.format.graph6.Graph6TopologySerializerTest" time="0.0"/>
  <testcase name="checkDecodeEncodeChangeHeaderGraphs(String)[1621]" classname="io.jbotsim.io.format.graph6.Graph6TopologySerializerTest" time="0.0"/>
  <testcase name="checkDecodeEncodeChangeHeaderGraphs(String)[1622]" classname="io.jbotsim.io.format.graph6.Graph6TopologySerializerTest" time="0.008"/>
  <testcase name="checkDecodeEncodeChangeHeaderGraphs(String)[1623]" classname="io.jbotsim.io.format.graph6.Graph6TopologySerializerTest" time="0.001"/>
  <testcase name="checkDecodeEncodeChangeHeaderGraphs(String)[1624]" classname="io.jbotsim.io.format.graph6.Graph6TopologySerializerTest" time="0.0"/>
  <testcase name="checkDecodeEncodeChangeHeaderGraphs(String)[1625]" classname="io.jbotsim.io.format.graph6.Graph6TopologySerializerTest" time="0.002"/>
  <testcase name="checkDecodeEncodeChangeHeaderGraphs(String)[1626]" classname="io.jbotsim.io.format.graph6.Graph6TopologySerializerTest" time="0.0"/>
  <testcase name="checkDecodeEncodeChangeHeaderGraphs(String)[1627]" classname="io.jbotsim.io.format.graph6.Graph6TopologySerializerTest" time="0.002"/>
  <testcase name="checkDecodeEncodeChangeHeaderGraphs(String)[1628]" classname="io.jbotsim.io.format.graph6.Graph6TopologySerializerTest" time="0.002"/>
  <testcase name="checkDecodeEncodeChangeHeaderGraphs(String)[1629]" classname="io.jbotsim.io.format.graph6.Graph6TopologySerializerTest" time="0.0"/>
  <testcase name="checkDecodeEncodeChangeHeaderGraphs(String)[1630]" classname="io.jbotsim.io.format.graph6.Graph6TopologySerializerTest" time="0.0"/>
  <testcase name="checkDecodeEncodeChangeHeaderGraphs(String)[1631]" classname="io.jbotsim.io.format.graph6.Graph6TopologySerializerTest" time="0.001"/>
  <testcase name="checkDecodeEncodeChangeHeaderGraphs(String)[1632]" classname="io.jbotsim.io.format.graph6.Graph6TopologySerializerTest" time="0.0"/>
  <testcase name="checkDecodeEncodeChangeHeaderGraphs(String)[1633]" classname="io.jbotsim.io.format.graph6.Graph6TopologySerializerTest" time="0.007"/>
  <testcase name="checkDecodeEncodeChangeHeaderGraphs(String)[1634]" classname="io.jbotsim.io.format.graph6.Graph6TopologySerializerTest" time="0.0"/>
  <testcase name="checkDecodeEncodeChangeHeaderGraphs(String)[1635]" classname="io.jbotsim.io.format.graph6.Graph6TopologySerializerTest" time="0.0"/>
  <testcase name="checkDecodeEncodeChangeHeaderGraphs(String)[1636]" classname="io.jbotsim.io.format.graph6.Graph6TopologySerializerTest" time="0.001"/>
  <testcase name="checkDecodeEncodeChangeHeaderGraphs(String)[1637]" classname="io.jbotsim.io.format.graph6.Graph6TopologySerializerTest" time="0.0"/>
  <testcase name="checkDecodeEncodeChangeHeaderGraphs(String)[1638]" classname="io.jbotsim.io.format.graph6.Graph6TopologySerializerTest" time="0.0"/>
  <testcase name="checkDecodeEncodeChangeHeaderGraphs(String)[1639]" classname="io.jbotsim.io.format.graph6.Graph6TopologySerializerTest" time="0.002"/>
  <testcase name="checkDecodeEncodeChangeHeaderGraphs(String)[1640]" classname="io.jbotsim.io.format.graph6.Graph6TopologySerializerTest" time="0.002"/>
  <testcase name="checkDecodeEncodeChangeHeaderGraphs(String)[1641]" classname="io.jbotsim.io.format.graph6.Graph6TopologySerializerTest" time="0.0"/>
  <testcase name="checkDecodeEncodeChangeHeaderGraphs(String)[1642]" classname="io.jbotsim.io.format.graph6.Graph6TopologySerializerTest" time="0.0"/>
  <testcase name="checkDecodeEncodeChangeHeaderGraphs(String)[1643]" classname="io.jbotsim.io.format.graph6.Graph6TopologySerializerTest" time="0.0"/>
  <testcase name="checkDecodeEncodeChangeHeaderGraphs(String)[1644]" classname="io.jbotsim.io.format.graph6.Graph6TopologySerializerTest" time="0.0"/>
  <testcase name="checkDecodeEncodeChangeHeaderGraphs(String)[1645]" classname="io.jbotsim.io.format.graph6.Graph6TopologySerializerTest" time="0.0"/>
  <testcase name="checkDecodeEncodeChangeHeaderGraphs(String)[1646]" classname="io.jbotsim.io.format.graph6.Graph6TopologySerializerTest" time="0.001"/>
  <testcase name="checkDecodeEncodeChangeHeaderGraphs(String)[1647]" classname="io.jbotsim.io.format.graph6.Graph6TopologySerializerTest" time="0.0"/>
  <testcase name="checkDecodeEncodeChangeHeaderGraphs(String)[1648]" classname="io.jbotsim.io.format.graph6.Graph6TopologySerializerTest" time="0.001"/>
  <testcase name="checkDecodeEncodeChangeHeaderGraphs(String)[1649]" classname="io.jbotsim.io.format.graph6.Graph6TopologySerializerTest" time="0.003"/>
  <testcase name="checkDecodeEncodeChangeHeaderGraphs(String)[1650]" classname="io.jbotsim.io.format.graph6.Graph6TopologySerializerTest" time="0.0"/>
  <testcase name="checkDecodeEncodeChangeHeaderGraphs(String)[1651]" classname="io.jbotsim.io.format.graph6.Graph6TopologySerializerTest" time="0.0"/>
  <testcase name="checkDecodeEncodeChangeHeaderGraphs(String)[1652]" classname="io.jbotsim.io.format.graph6.Graph6TopologySerializerTest" time="0.0"/>
  <testcase name="checkDecodeEncodeChangeHeaderGraphs(String)[1653]" classname="io.jbotsim.io.format.graph6.Graph6TopologySerializerTest" time="0.004"/>
  <testcase name="checkDecodeEncodeChangeHeaderGraphs(String)[1654]" classname="io.jbotsim.io.format.graph6.Graph6TopologySerializerTest" time="0.001"/>
  <testcase name="checkDecodeEncodeChangeHeaderGraphs(String)[1655]" classname="io.jbotsim.io.format.graph6.Graph6TopologySerializerTest" time="0.0"/>
  <testcase name="checkDecodeEncodeChangeHeaderGraphs(String)[1656]" classname="io.jbotsim.io.format.graph6.Graph6TopologySerializerTest" time="0.003"/>
  <testcase name="checkDecodeEncodeChangeHeaderGraphs(String)[1657]" classname="io.jbotsim.io.format.graph6.Graph6TopologySerializerTest" time="0.0"/>
  <testcase name="checkDecodeEncodeChangeHeaderGraphs(String)[1658]" classname="io.jbotsim.io.format.graph6.Graph6TopologySerializerTest" time="0.0"/>
  <testcase name="checkDecodeEncodeChangeHeaderGraphs(String)[1659]" classname="io.jbotsim.io.format.graph6.Graph6TopologySerializerTest" time="0.0"/>
  <testcase name="checkDecodeEncodeChangeHeaderGraphs(String)[1660]" classname="io.jbotsim.io.format.graph6.Graph6TopologySerializerTest" time="0.001"/>
  <testcase name="checkDecodeEncodeChangeHeaderGraphs(String)[1661]" classname="io.jbotsim.io.format.graph6.Graph6TopologySerializerTest" time="0.001"/>
  <testcase name="checkDecodeEncodeChangeHeaderGraphs(String)[1662]" classname="io.jbotsim.io.format.graph6.Graph6TopologySerializerTest" time="0.0"/>
  <testcase name="checkDecodeEncodeChangeHeaderGraphs(String)[1663]" classname="io.jbotsim.io.format.graph6.Graph6TopologySerializerTest" time="0.003"/>
  <testcase name="checkDecodeEncodeChangeHeaderGraphs(String)[1664]" classname="io.jbotsim.io.format.graph6.Graph6TopologySerializerTest" time="0.001"/>
  <testcase name="checkDecodeEncodeChangeHeaderGraphs(String)[1665]" classname="io.jbotsim.io.format.graph6.Graph6TopologySerializerTest" time="0.001"/>
  <testcase name="checkDecodeEncodeChangeHeaderGraphs(String)[1666]" classname="io.jbotsim.io.format.graph6.Graph6TopologySerializerTest" time="0.003"/>
  <testcase name="checkDecodeEncodeChangeHeaderGraphs(String)[1667]" classname="io.jbotsim.io.format.graph6.Graph6TopologySerializerTest" time="0.001"/>
  <testcase name="checkDecodeEncodeChangeHeaderGraphs(String)[1668]" classname="io.jbotsim.io.format.graph6.Graph6TopologySerializerTest" time="0.003"/>
  <testcase name="checkDecodeEncodeChangeHeaderGraphs(String)[1669]" classname="io.jbotsim.io.format.graph6.Graph6TopologySerializerTest" time="0.0"/>
  <testcase name="checkDecodeEncodeChangeHeaderGraphs(String)[1670]" classname="io.jbotsim.io.format.graph6.Graph6TopologySerializerTest" time="0.0"/>
  <testcase name="checkDecodeEncodeChangeHeaderGraphs(String)[1671]" classname="io.jbotsim.io.format.graph6.Graph6TopologySerializerTest" time="0.003"/>
  <testcase name="checkDecodeEncodeChangeHeaderGraphs(String)[1672]" classname="io.jbotsim.io.format.graph6.Graph6TopologySerializerTest" time="0.0"/>
  <testcase name="checkDecodeEncodeChangeHeaderGraphs(String)[1673]" classname="io.jbotsim.io.format.graph6.Graph6TopologySerializerTest" time="0.0"/>
  <testcase name="checkDecodeEncodeChangeHeaderGraphs(String)[1674]" classname="io.jbotsim.io.format.graph6.Graph6TopologySerializerTest" time="0.004"/>
  <testcase name="checkDecodeEncodeChangeHeaderGraphs(String)[1675]" classname="io.jbotsim.io.format.graph6.Graph6TopologySerializerTest" time="0.004"/>
  <testcase name="checkDecodeEncodeChangeHeaderGraphs(String)[1676]" classname="io.jbotsim.io.format.graph6.Graph6TopologySerializerTest" time="0.001"/>
  <testcase name="checkDecodeEncodeChangeHeaderGraphs(String)[1677]" classname="io.jbotsim.io.format.graph6.Graph6TopologySerializerTest" time="0.0"/>
  <testcase name="checkDecodeEncodeChangeHeaderGraphs(String)[1678]" classname="io.jbotsim.io.format.graph6.Graph6TopologySerializerTest" time="0.0"/>
  <testcase name="checkDecodeEncodeChangeHeaderGraphs(String)[1679]" classname="io.jbotsim.io.format.graph6.Graph6TopologySerializerTest" time="0.0"/>
  <testcase name="checkDecodeEncodeChangeHeaderGraphs(String)[1680]" classname="io.jbotsim.io.format.graph6.Graph6TopologySerializerTest" time="0.001"/>
  <testcase name="checkDecodeEncodeChangeHeaderGraphs(String)[1681]" classname="io.jbotsim.io.format.graph6.Graph6TopologySerializerTest" time="0.002"/>
  <testcase name="checkDecodeEncodeChangeHeaderGraphs(String)[1682]" classname="io.jbotsim.io.format.graph6.Graph6TopologySerializerTest" time="0.001"/>
  <testcase name="checkDecodeEncodeChangeHeaderGraphs(String)[1683]" classname="io.jbotsim.io.format.graph6.Graph6TopologySerializerTest" time="0.0"/>
  <testcase name="checkDecodeEncodeChangeHeaderGraphs(String)[1684]" classname="io.jbotsim.io.format.graph6.Graph6TopologySerializerTest" time="0.0"/>
  <testcase name="checkDecodeEncodeChangeHeaderGraphs(String)[1685]" classname="io.jbotsim.io.format.graph6.Graph6TopologySerializerTest" time="0.001"/>
  <testcase name="checkDecodeEncodeChangeHeaderGraphs(String)[1686]" classname="io.jbotsim.io.format.graph6.Graph6TopologySerializerTest" time="0.002"/>
  <testcase name="checkDecodeEncodeChangeHeaderGraphs(String)[1687]" classname="io.jbotsim.io.format.graph6.Graph6TopologySerializerTest" time="0.003"/>
  <testcase name="checkDecodeEncodeChangeHeaderGraphs(String)[1688]" classname="io.jbotsim.io.format.graph6.Graph6TopologySerializerTest" time="0.001"/>
  <testcase name="checkDecodeEncodeChangeHeaderGraphs(String)[1689]" classname="io.jbotsim.io.format.graph6.Graph6TopologySerializerTest" time="0.001"/>
  <testcase name="checkDecodeEncodeChangeHeaderGraphs(String)[1690]" classname="io.jbotsim.io.format.graph6.Graph6TopologySerializerTest" time="0.0"/>
  <testcase name="checkDecodeEncodeChangeHeaderGraphs(String)[1691]" classname="io.jbotsim.io.format.graph6.Graph6TopologySerializerTest" time="0.001"/>
  <testcase name="checkDecodeEncodeChangeHeaderGraphs(String)[1692]" classname="io.jbotsim.io.format.graph6.Graph6TopologySerializerTest" time="0.0"/>
  <testcase name="checkDecodeEncodeChangeHeaderGraphs(String)[1693]" classname="io.jbotsim.io.format.graph6.Graph6TopologySerializerTest" time="0.002"/>
  <testcase name="checkDecodeEncodeChangeHeaderGraphs(String)[1694]" classname="io.jbotsim.io.format.graph6.Graph6TopologySerializerTest" time="0.001"/>
  <testcase name="checkDecodeEncodeChangeHeaderGraphs(String)[1695]" classname="io.jbotsim.io.format.graph6.Graph6TopologySerializerTest" time="0.0"/>
  <testcase name="checkDecodeEncodeChangeHeaderGraphs(String)[1696]" classname="io.jbotsim.io.format.graph6.Graph6TopologySerializerTest" time="0.0"/>
  <testcase name="checkDecodeEncodeChangeHeaderGraphs(String)[1697]" classname="io.jbotsim.io.format.graph6.Graph6TopologySerializerTest" time="0.001"/>
  <testcase name="checkDecodeEncodeChangeHeaderGraphs(String)[1698]" classname="io.jbotsim.io.format.graph6.Graph6TopologySerializerTest" time="0.001"/>
  <testcase name="checkDecodeEncodeChangeHeaderGraphs(String)[1699]" classname="io.jbotsim.io.format.graph6.Graph6TopologySerializerTest" time="0.0"/>
  <testcase name="checkDecodeEncodeChangeHeaderGraphs(String)[1700]" classname="io.jbotsim.io.format.graph6.Graph6TopologySerializerTest" time="0.0"/>
  <testcase name="checkDecodeEncodeChangeHeaderGraphs(String)[1701]" classname="io.jbotsim.io.format.graph6.Graph6TopologySerializerTest" time="0.0"/>
  <testcase name="checkDecodeEncodeChangeHeaderGraphs(String)[1702]" classname="io.jbotsim.io.format.graph6.Graph6TopologySerializerTest" time="0.0"/>
  <testcase name="checkDecodeEncodeChangeHeaderGraphs(String)[1703]" classname="io.jbotsim.io.format.graph6.Graph6TopologySerializerTest" time="0.0"/>
  <testcase name="checkDecodeEncodeChangeHeaderGraphs(String)[1704]" classname="io.jbotsim.io.format.graph6.Graph6TopologySerializerTest" time="0.0"/>
  <testcase name="checkDecodeEncodeChangeHeaderGraphs(String)[1705]" classname="io.jbotsim.io.format.graph6.Graph6TopologySerializerTest" time="0.004"/>
  <testcase name="checkDecodeEncodeChangeHeaderGraphs(String)[1706]" classname="io.jbotsim.io.format.graph6.Graph6TopologySerializerTest" time="0.0"/>
  <testcase name="checkDecodeEncodeChangeHeaderGraphs(String)[1707]" classname="io.jbotsim.io.format.graph6.Graph6TopologySerializerTest" time="0.0"/>
  <testcase name="checkDecodeEncodeChangeHeaderGraphs(String)[1708]" classname="io.jbotsim.io.format.graph6.Graph6TopologySerializerTest" time="0.002"/>
  <testcase name="checkDecodeEncodeChangeHeaderGraphs(String)[1709]" classname="io.jbotsim.io.format.graph6.Graph6TopologySerializerTest" time="0.0"/>
  <testcase name="checkDecodeEncodeChangeHeaderGraphs(String)[1710]" classname="io.jbotsim.io.format.graph6.Graph6TopologySerializerTest" time="0.0"/>
  <testcase name="checkDecodeEncodeChangeHeaderGraphs(String)[1711]" classname="io.jbotsim.io.format.graph6.Graph6TopologySerializerTest" time="0.0"/>
  <testcase name="checkDecodeEncodeChangeHeaderGraphs(String)[1712]" classname="io.jbotsim.io.format.graph6.Graph6TopologySerializerTest" time="0.001"/>
  <testcase name="checkDecodeEncodeChangeHeaderGraphs(String)[1713]" classname="io.jbotsim.io.format.graph6.Graph6TopologySerializerTest" time="0.0"/>
  <testcase name="checkDecodeEncodeChangeHeaderGraphs(String)[1714]" classname="io.jbotsim.io.format.graph6.Graph6TopologySerializerTest" time="0.001"/>
  <testcase name="checkDecodeEncodeChangeHeaderGraphs(String)[1715]" classname="io.jbotsim.io.format.graph6.Graph6TopologySerializerTest" time="0.0"/>
  <testcase name="checkDecodeEncodeChangeHeaderGraphs(String)[1716]" classname="io.jbotsim.io.format.graph6.Graph6TopologySerializerTest" time="0.001"/>
  <testcase name="checkDecodeEncodeChangeHeaderGraphs(String)[1717]" classname="io.jbotsim.io.format.graph6.Graph6TopologySerializerTest" time="0.0"/>
  <testcase name="checkDecodeEncodeChangeHeaderGraphs(String)[1718]" classname="io.jbotsim.io.format.graph6.Graph6TopologySerializerTest" time="0.0"/>
  <testcase name="checkDecodeEncodeChangeHeaderGraphs(String)[1719]" classname="io.jbotsim.io.format.graph6.Graph6TopologySerializerTest" time="0.0"/>
  <testcase name="checkDecodeEncodeChangeHeaderGraphs(String)[1720]" classname="io.jbotsim.io.format.graph6.Graph6TopologySerializerTest" time="0.0"/>
  <testcase name="checkDecodeEncodeChangeHeaderGraphs(String)[1721]" classname="io.jbotsim.io.format.graph6.Graph6TopologySerializerTest" time="0.001"/>
  <testcase name="checkDecodeEncodeChangeHeaderGraphs(String)[1722]" classname="io.jbotsim.io.format.graph6.Graph6TopologySerializerTest" time="0.001"/>
  <testcase name="checkDecodeEncodeChangeHeaderGraphs(String)[1723]" classname="io.jbotsim.io.format.graph6.Graph6TopologySerializerTest" time="0.001"/>
  <testcase name="checkDecodeEncodeChangeHeaderGraphs(String)[1724]" classname="io.jbotsim.io.format.graph6.Graph6TopologySerializerTest" time="0.0"/>
  <testcase name="checkDecodeEncodeChangeHeaderGraphs(String)[1725]" classname="io.jbotsim.io.format.graph6.Graph6TopologySerializerTest" time="0.0"/>
  <testcase name="checkDecodeEncodeChangeHeaderGraphs(String)[1726]" classname="io.jbotsim.io.format.graph6.Graph6TopologySerializerTest" time="0.001"/>
  <testcase name="checkDecodeEncodeChangeHeaderGraphs(String)[1727]" classname="io.jbotsim.io.format.graph6.Graph6TopologySerializerTest" time="0.0"/>
  <testcase name="checkDecodeEncodeChangeHeaderGraphs(String)[1728]" classname="io.jbotsim.io.format.graph6.Graph6TopologySerializerTest" time="0.0"/>
  <testcase name="checkDecodeEncodeChangeHeaderGraphs(String)[1729]" classname="io.jbotsim.io.format.graph6.Graph6TopologySerializerTest" time="0.003"/>
  <testcase name="checkDecodeEncodeChangeHeaderGraphs(String)[1730]" classname="io.jbotsim.io.format.graph6.Graph6TopologySerializerTest" time="0.001"/>
  <testcase name="checkDecodeEncodeChangeHeaderGraphs(String)[1731]" classname="io.jbotsim.io.format.graph6.Graph6TopologySerializerTest" time="0.001"/>
  <testcase name="checkDecodeEncodeChangeHeaderGraphs(String)[1732]" classname="io.jbotsim.io.format.graph6.Graph6TopologySerializerTest" time="0.005"/>
  <testcase name="checkDecodeEncodeChangeHeaderGraphs(String)[1733]" classname="io.jbotsim.io.format.graph6.Graph6TopologySerializerTest" time="0.001"/>
  <testcase name="checkDecodeEncodeChangeHeaderGraphs(String)[1734]" classname="io.jbotsim.io.format.graph6.Graph6TopologySerializerTest" time="0.0"/>
  <testcase name="checkDecodeEncodeChangeHeaderGraphs(String)[1735]" classname="io.jbotsim.io.format.graph6.Graph6TopologySerializerTest" time="0.0"/>
  <testcase name="checkDecodeEncodeChangeHeaderGraphs(String)[1736]" classname="io.jbotsim.io.format.graph6.Graph6TopologySerializerTest" time="0.001"/>
  <testcase name="checkDecodeEncodeChangeHeaderGraphs(String)[1737]" classname="io.jbotsim.io.format.graph6.Graph6TopologySerializerTest" time="0.0"/>
  <testcase name="checkDecodeEncodeChangeHeaderGraphs(String)[1738]" classname="io.jbotsim.io.format.graph6.Graph6TopologySerializerTest" time="0.001"/>
  <testcase name="checkDecodeEncodeChangeHeaderGraphs(String)[1739]" classname="io.jbotsim.io.format.graph6.Graph6TopologySerializerTest" time="0.0"/>
  <testcase name="checkDecodeEncodeChangeHeaderGraphs(String)[1740]" classname="io.jbotsim.io.format.graph6.Graph6TopologySerializerTest" time="0.0"/>
  <testcase name="checkDecodeEncodeChangeHeaderGraphs(String)[1741]" classname="io.jbotsim.io.format.graph6.Graph6TopologySerializerTest" time="0.004"/>
  <testcase name="checkDecodeEncodeChangeHeaderGraphs(String)[1742]" classname="io.jbotsim.io.format.graph6.Graph6TopologySerializerTest" time="0.0"/>
  <testcase name="checkDecodeEncodeChangeHeaderGraphs(String)[1743]" classname="io.jbotsim.io.format.graph6.Graph6TopologySerializerTest" time="0.0"/>
  <testcase name="checkDecodeEncodeChangeHeaderGraphs(String)[1744]" classname="io.jbotsim.io.format.graph6.Graph6TopologySerializerTest" time="0.001"/>
  <testcase name="checkDecodeEncodeChangeHeaderGraphs(String)[1745]" classname="io.jbotsim.io.format.graph6.Graph6TopologySerializerTest" time="0.0"/>
  <testcase name="checkDecodeEncodeChangeHeaderGraphs(String)[1746]" classname="io.jbotsim.io.format.graph6.Graph6TopologySerializerTest" time="0.0"/>
  <testcase name="checkDecodeEncodeChangeHeaderGraphs(String)[1747]" classname="io.jbotsim.io.format.graph6.Graph6TopologySerializerTest" time="0.0"/>
  <testcase name="checkDecodeEncodeChangeHeaderGraphs(String)[1748]" classname="io.jbotsim.io.format.graph6.Graph6TopologySerializerTest" time="0.0"/>
  <testcase name="checkDecodeEncodeChangeHeaderGraphs(String)[1749]" classname="io.jbotsim.io.format.graph6.Graph6TopologySerializerTest" time="0.0"/>
  <testcase name="checkDecodeEncodeChangeHeaderGraphs(String)[1750]" classname="io.jbotsim.io.format.graph6.Graph6TopologySerializerTest" time="0.005"/>
  <testcase name="checkDecodeEncodeChangeHeaderGraphs(String)[1751]" classname="io.jbotsim.io.format.graph6.Graph6TopologySerializerTest" time="0.0"/>
  <testcase name="checkDecodeEncodeChangeHeaderGraphs(String)[1752]" classname="io.jbotsim.io.format.graph6.Graph6TopologySerializerTest" time="0.0"/>
  <testcase name="checkDecodeEncodeChangeHeaderGraphs(String)[1753]" classname="io.jbotsim.io.format.graph6.Graph6TopologySerializerTest" time="0.0"/>
  <testcase name="checkDecodeEncodeChangeHeaderGraphs(String)[1754]" classname="io.jbotsim.io.format.graph6.Graph6TopologySerializerTest" time="0.0"/>
  <testcase name="checkDecodeEncodeChangeHeaderGraphs(String)[1755]" classname="io.jbotsim.io.format.graph6.Graph6TopologySerializerTest" time="0.001"/>
  <testcase name="checkDecodeEncodeChangeHeaderGraphs(String)[1756]" classname="io.jbotsim.io.format.graph6.Graph6TopologySerializerTest" time="0.0"/>
  <testcase name="checkDecodeEncodeChangeHeaderGraphs(String)[1757]" classname="io.jbotsim.io.format.graph6.Graph6TopologySerializerTest" time="0.003"/>
  <testcase name="checkDecodeEncodeChangeHeaderGraphs(String)[1758]" classname="io.jbotsim.io.format.graph6.Graph6TopologySerializerTest" time="0.001"/>
  <testcase name="checkDecodeEncodeChangeHeaderGraphs(String)[1759]" classname="io.jbotsim.io.format.graph6.Graph6TopologySerializerTest" time="0.0"/>
  <testcase name="checkDecodeEncodeChangeHeaderGraphs(String)[1760]" classname="io.jbotsim.io.format.graph6.Graph6TopologySerializerTest" time="0.0"/>
  <testcase name="checkDecodeEncodeChangeHeaderGraphs(String)[1761]" classname="io.jbotsim.io.format.graph6.Graph6TopologySerializerTest" time="0.0"/>
  <testcase name="checkDecodeEncodeChangeHeaderGraphs(String)[1762]" classname="io.jbotsim.io.format.graph6.Graph6TopologySerializerTest" time="0.0"/>
  <testcase name="checkDecodeEncodeChangeHeaderGraphs(String)[1763]" classname="io.jbotsim.io.format.graph6.Graph6TopologySerializerTest" time="0.001"/>
  <testcase name="checkDecodeEncodeChangeHeaderGraphs(String)[1764]" classname="io.jbotsim.io.format.graph6.Graph6TopologySerializerTest" time="0.0"/>
  <testcase name="checkDecodeEncodeChangeHeaderGraphs(String)[1765]" classname="io.jbotsim.io.format.graph6.Graph6TopologySerializerTest" time="0.002"/>
  <testcase name="checkDecodeEncodeChangeHeaderGraphs(String)[1766]" classname="io.jbotsim.io.format.graph6.Graph6TopologySerializerTest" time="0.0"/>
  <testcase name="checkDecodeEncodeChangeHeaderGraphs(String)[1767]" classname="io.jbotsim.io.format.graph6.Graph6TopologySerializerTest" time="0.003"/>
  <testcase name="checkDecodeEncodeChangeHeaderGraphs(String)[1768]" classname="io.jbotsim.io.format.graph6.Graph6TopologySerializerTest" time="0.001"/>
  <testcase name="checkDecodeEncodeChangeHeaderGraphs(String)[1769]" classname="io.jbotsim.io.format.graph6.Graph6TopologySerializerTest" time="0.001"/>
  <testcase name="checkDecodeEncodeChangeHeaderGraphs(String)[1770]" classname="io.jbotsim.io.format.graph6.Graph6TopologySerializerTest" time="0.0"/>
  <testcase name="checkDecodeEncodeChangeHeaderGraphs(String)[1771]" classname="io.jbotsim.io.format.graph6.Graph6TopologySerializerTest" time="0.0"/>
  <testcase name="checkDecodeEncodeChangeHeaderGraphs(String)[1772]" classname="io.jbotsim.io.format.graph6.Graph6TopologySerializerTest" time="0.0"/>
  <testcase name="checkDecodeEncodeChangeHeaderGraphs(String)[1773]" classname="io.jbotsim.io.format.graph6.Graph6TopologySerializerTest" time="0.004"/>
  <testcase name="checkDecodeEncodeChangeHeaderGraphs(String)[1774]" classname="io.jbotsim.io.format.graph6.Graph6TopologySerializerTest" time="0.0"/>
  <testcase name="checkDecodeEncodeChangeHeaderGraphs(String)[1775]" classname="io.jbotsim.io.format.graph6.Graph6TopologySerializerTest" time="0.0"/>
  <testcase name="checkDecodeEncodeChangeHeaderGraphs(String)[1776]" classname="io.jbotsim.io.format.graph6.Graph6TopologySerializerTest" time="0.001"/>
  <testcase name="checkDecodeEncodeChangeHeaderGraphs(String)[1777]" classname="io.jbotsim.io.format.graph6.Graph6TopologySerializerTest" time="0.0"/>
  <testcase name="checkDecodeEncodeChangeHeaderGraphs(String)[1778]" classname="io.jbotsim.io.format.graph6.Graph6TopologySerializerTest" time="0.0"/>
  <testcase name="checkDecodeEncodeChangeHeaderGraphs(String)[1779]" classname="io.jbotsim.io.format.graph6.Graph6TopologySerializerTest" time="0.0"/>
  <testcase name="checkDecodeEncodeChangeHeaderGraphs(String)[1780]" classname="io.jbotsim.io.format.graph6.Graph6TopologySerializerTest" time="0.0"/>
  <testcase name="checkDecodeEncodeChangeHeaderGraphs(String)[1781]" classname="io.jbotsim.io.format.graph6.Graph6TopologySerializerTest" time="0.0"/>
  <testcase name="checkDecodeEncodeChangeHeaderGraphs(String)[1782]" classname="io.jbotsim.io.format.graph6.Graph6TopologySerializerTest" time="0.0"/>
  <testcase name="checkDecodeEncodeChangeHeaderGraphs(String)[1783]" classname="io.jbotsim.io.format.graph6.Graph6TopologySerializerTest" time="0.003"/>
  <testcase name="checkDecodeEncodeChangeHeaderGraphs(String)[1784]" classname="io.jbotsim.io.format.graph6.Graph6TopologySerializerTest" time="0.0"/>
  <testcase name="checkDecodeEncodeChangeHeaderGraphs(String)[1785]" classname="io.jbotsim.io.format.graph6.Graph6TopologySerializerTest" time="0.0"/>
  <testcase name="checkDecodeEncodeChangeHeaderGraphs(String)[1786]" classname="io.jbotsim.io.format.graph6.Graph6TopologySerializerTest" time="0.0"/>
  <testcase name="checkDecodeEncodeChangeHeaderGraphs(String)[1787]" classname="io.jbotsim.io.format.graph6.Graph6TopologySerializerTest" time="0.0"/>
  <testcase name="checkDecodeEncodeChangeHeaderGraphs(String)[1788]" classname="io.jbotsim.io.format.graph6.Graph6TopologySerializerTest" time="0.0"/>
  <testcase name="checkDecodeEncodeChangeHeaderGraphs(String)[1789]" classname="io.jbotsim.io.format.graph6.Graph6TopologySerializerTest" time="0.001"/>
  <testcase name="checkDecodeEncodeChangeHeaderGraphs(String)[1790]" classname="io.jbotsim.io.format.graph6.Graph6TopologySerializerTest" time="0.0"/>
  <testcase name="checkDecodeEncodeChangeHeaderGraphs(String)[1791]" classname="io.jbotsim.io.format.graph6.Graph6TopologySerializerTest" time="0.0"/>
  <testcase name="checkDecodeEncodeChangeHeaderGraphs(String)[1792]" classname="io.jbotsim.io.format.graph6.Graph6TopologySerializerTest" time="0.0"/>
  <testcase name="checkDecodeEncodeChangeHeaderGraphs(String)[1793]" classname="io.jbotsim.io.format.graph6.Graph6TopologySerializerTest" time="0.002"/>
  <testcase name="checkDecodeEncodeChangeHeaderGraphs(String)[1794]" classname="io.jbotsim.io.format.graph6.Graph6TopologySerializerTest" time="0.0"/>
  <testcase name="checkDecodeEncodeChangeHeaderGraphs(String)[1795]" classname="io.jbotsim.io.format.graph6.Graph6TopologySerializerTest" time="0.002"/>
  <testcase name="checkDecodeEncodeChangeHeaderGraphs(String)[1796]" classname="io.jbotsim.io.format.graph6.Graph6TopologySerializerTest" time="0.003"/>
  <testcase name="checkDecodeEncodeChangeHeaderGraphs(String)[1797]" classname="io.jbotsim.io.format.graph6.Graph6TopologySerializerTest" time="0.002"/>
  <testcase name="checkDecodeEncodeChangeHeaderGraphs(String)[1798]" classname="io.jbotsim.io.format.graph6.Graph6TopologySerializerTest" time="0.0"/>
  <testcase name="checkDecodeEncodeChangeHeaderGraphs(String)[1799]" classname="io.jbotsim.io.format.graph6.Graph6TopologySerializerTest" time="0.0"/>
  <testcase name="checkDecodeEncodeChangeHeaderGraphs(String)[1800]" classname="io.jbotsim.io.format.graph6.Graph6TopologySerializerTest" time="0.0"/>
  <testcase name="checkDecodeEncodeChangeHeaderGraphs(String)[1801]" classname="io.jbotsim.io.format.graph6.Graph6TopologySerializerTest" time="0.0"/>
  <testcase name="checkDecodeEncodeChangeHeaderGraphs(String)[1802]" classname="io.jbotsim.io.format.graph6.Graph6TopologySerializerTest" time="0.002"/>
  <testcase name="checkDecodeEncodeChangeHeaderGraphs(String)[1803]" classname="io.jbotsim.io.format.graph6.Graph6TopologySerializerTest" time="0.0"/>
  <testcase name="checkDecodeEncodeChangeHeaderGraphs(String)[1804]" classname="io.jbotsim.io.format.graph6.Graph6TopologySerializerTest" time="0.001"/>
  <testcase name="checkDecodeEncodeChangeHeaderGraphs(String)[1805]" classname="io.jbotsim.io.format.graph6.Graph6TopologySerializerTest" time="0.0"/>
  <testcase name="checkDecodeEncodeChangeHeaderGraphs(String)[1806]" classname="io.jbotsim.io.format.graph6.Graph6TopologySerializerTest" time="0.001"/>
  <testcase name="checkDecodeEncodeChangeHeaderGraphs(String)[1807]" classname="io.jbotsim.io.format.graph6.Graph6TopologySerializerTest" time="0.0"/>
  <testcase name="checkDecodeEncodeChangeHeaderGraphs(String)[1808]" classname="io.jbotsim.io.format.graph6.Graph6TopologySerializerTest" time="0.0"/>
  <testcase name="checkDecodeEncodeChangeHeaderGraphs(String)[1809]" classname="io.jbotsim.io.format.graph6.Graph6TopologySerializerTest" time="0.0"/>
  <testcase name="checkDecodeEncodeChangeHeaderGraphs(String)[1810]" classname="io.jbotsim.io.format.graph6.Graph6TopologySerializerTest" time="0.0"/>
  <testcase name="checkDecodeEncodeChangeHeaderGraphs(String)[1811]" classname="io.jbotsim.io.format.graph6.Graph6TopologySerializerTest" time="0.001"/>
  <testcase name="checkDecodeEncodeChangeHeaderGraphs(String)[1812]" classname="io.jbotsim.io.format.graph6.Graph6TopologySerializerTest" time="0.0"/>
  <testcase name="checkDecodeEncodeChangeHeaderGraphs(String)[1813]" classname="io.jbotsim.io.format.graph6.Graph6TopologySerializerTest" time="0.0"/>
  <testcase name="checkDecodeEncodeChangeHeaderGraphs(String)[1814]" classname="io.jbotsim.io.format.graph6.Graph6TopologySerializerTest" time="0.001"/>
  <testcase name="checkDecodeEncodeChangeHeaderGraphs(String)[1815]" classname="io.jbotsim.io.format.graph6.Graph6TopologySerializerTest" time="0.0"/>
  <testcase name="checkDecodeEncodeChangeHeaderGraphs(String)[1816]" classname="io.jbotsim.io.format.graph6.Graph6TopologySerializerTest" time="0.003"/>
  <testcase name="checkDecodeEncodeChangeHeaderGraphs(String)[1817]" classname="io.jbotsim.io.format.graph6.Graph6TopologySerializerTest" time="0.0"/>
  <testcase name="checkDecodeEncodeChangeHeaderGraphs(String)[1818]" classname="io.jbotsim.io.format.graph6.Graph6TopologySerializerTest" time="0.0"/>
  <testcase name="checkDecodeEncodeChangeHeaderGraphs(String)[1819]" classname="io.jbotsim.io.format.graph6.Graph6TopologySerializerTest" time="0.0"/>
  <testcase name="checkDecodeEncodeChangeHeaderGraphs(String)[1820]" classname="io.jbotsim.io.format.graph6.Graph6TopologySerializerTest" time="0.0"/>
  <testcase name="checkDecodeEncodeChangeHeaderGraphs(String)[1821]" classname="io.jbotsim.io.format.graph6.Graph6TopologySerializerTest" time="0.0"/>
  <testcase name="checkDecodeEncodeChangeHeaderGraphs(String)[1822]" classname="io.jbotsim.io.format.graph6.Graph6TopologySerializerTest" time="0.0"/>
  <testcase name="checkDecodeEncodeChangeHeaderGraphs(String)[1823]" classname="io.jbotsim.io.format.graph6.Graph6TopologySerializerTest" time="0.0"/>
  <testcase name="checkDecodeEncodeChangeHeaderGraphs(String)[1824]" classname="io.jbotsim.io.format.graph6.Graph6TopologySerializerTest" time="0.001"/>
  <testcase name="checkDecodeEncodeChangeHeaderGraphs(String)[1825]" classname="io.jbotsim.io.format.graph6.Graph6TopologySerializerTest" time="0.0"/>
  <testcase name="checkDecodeEncodeChangeHeaderGraphs(String)[1826]" classname="io.jbotsim.io.format.graph6.Graph6TopologySerializerTest" time="0.001"/>
  <testcase name="checkDecodeEncodeChangeHeaderGraphs(String)[1827]" classname="io.jbotsim.io.format.graph6.Graph6TopologySerializerTest" time="0.0"/>
  <testcase name="checkDecodeEncodeChangeHeaderGraphs(String)[1828]" classname="io.jbotsim.io.format.graph6.Graph6TopologySerializerTest" time="0.0"/>
  <testcase name="checkDecodeEncodeChangeHeaderGraphs(String)[1829]" classname="io.jbotsim.io.format.graph6.Graph6TopologySerializerTest" time="0.0"/>
  <testcase name="checkDecodeEncodeChangeHeaderGraphs(String)[1830]" classname="io.jbotsim.io.format.graph6.Graph6TopologySerializerTest" time="0.0"/>
  <testcase name="checkDecodeEncodeChangeHeaderGraphs(String)[1831]" classname="io.jbotsim.io.format.graph6.Graph6TopologySerializerTest" time="0.0"/>
  <testcase name="checkDecodeEncodeChangeHeaderGraphs(String)[1832]" classname="io.jbotsim.io.format.graph6.Graph6TopologySerializerTest" time="0.001"/>
  <testcase name="checkDecodeEncodeChangeHeaderGraphs(String)[1833]" classname="io.jbotsim.io.format.graph6.Graph6TopologySerializerTest" time="0.001"/>
  <testcase name="checkDecodeEncodeChangeHeaderGraphs(String)[1834]" classname="io.jbotsim.io.format.graph6.Graph6TopologySerializerTest" time="0.003"/>
  <testcase name="checkDecodeEncodeChangeHeaderGraphs(String)[1835]" classname="io.jbotsim.io.format.graph6.Graph6TopologySerializerTest" time="0.0"/>
  <testcase name="checkDecodeEncodeChangeHeaderGraphs(String)[1836]" classname="io.jbotsim.io.format.graph6.Graph6TopologySerializerTest" time="0.0"/>
  <testcase name="checkDecodeEncodeChangeHeaderGraphs(String)[1837]" classname="io.jbotsim.io.format.graph6.Graph6TopologySerializerTest" time="0.0"/>
  <testcase name="checkDecodeEncodeChangeHeaderGraphs(String)[1838]" classname="io.jbotsim.io.format.graph6.Graph6TopologySerializerTest" time="0.0"/>
  <testcase name="checkDecodeEncodeChangeHeaderGraphs(String)[1839]" classname="io.jbotsim.io.format.graph6.Graph6TopologySerializerTest" time="0.001"/>
  <testcase name="checkDecodeEncodeChangeHeaderGraphs(String)[1840]" classname="io.jbotsim.io.format.graph6.Graph6TopologySerializerTest" time="0.0"/>
  <testcase name="checkDecodeEncodeChangeHeaderGraphs(String)[1841]" classname="io.jbotsim.io.format.graph6.Graph6TopologySerializerTest" time="0.0"/>
  <testcase name="checkDecodeEncodeChangeHeaderGraphs(String)[1842]" classname="io.jbotsim.io.format.graph6.Graph6TopologySerializerTest" time="0.001"/>
  <testcase name="checkDecodeEncodeChangeHeaderGraphs(String)[1843]" classname="io.jbotsim.io.format.graph6.Graph6TopologySerializerTest" time="0.004"/>
  <testcase name="checkDecodeEncodeChangeHeaderGraphs(String)[1844]" classname="io.jbotsim.io.format.graph6.Graph6TopologySerializerTest" time="0.0"/>
  <testcase name="checkDecodeEncodeChangeHeaderGraphs(String)[1845]" classname="io.jbotsim.io.format.graph6.Graph6TopologySerializerTest" time="0.0"/>
  <testcase name="checkDecodeEncodeChangeHeaderGraphs(String)[1846]" classname="io.jbotsim.io.format.graph6.Graph6TopologySerializerTest" time="0.001"/>
  <testcase name="checkDecodeEncodeChangeHeaderGraphs(String)[1847]" classname="io.jbotsim.io.format.graph6.Graph6TopologySerializerTest" time="0.001"/>
  <testcase name="checkDecodeEncodeChangeHeaderGraphs(String)[1848]" classname="io.jbotsim.io.format.graph6.Graph6TopologySerializerTest" time="0.0"/>
  <testcase name="checkDecodeEncodeChangeHeaderGraphs(String)[1849]" classname="io.jbotsim.io.format.graph6.Graph6TopologySerializerTest" time="0.001"/>
  <testcase name="checkDecodeEncodeChangeHeaderGraphs(String)[1850]" classname="io.jbotsim.io.format.graph6.Graph6TopologySerializerTest" time="0.005"/>
  <testcase name="checkDecodeEncodeChangeHeaderGraphs(String)[1851]" classname="io.jbotsim.io.format.graph6.Graph6TopologySerializerTest" time="0.001"/>
  <testcase name="checkDecodeEncodeChangeHeaderGraphs(String)[1852]" classname="io.jbotsim.io.format.graph6.Graph6TopologySerializerTest" time="0.002"/>
  <testcase name="checkDecodeEncodeChangeHeaderGraphs(String)[1853]" classname="io.jbotsim.io.format.graph6.Graph6TopologySerializerTest" time="0.002"/>
  <testcase name="checkDecodeEncodeChangeHeaderGraphs(String)[1854]" classname="io.jbotsim.io.format.graph6.Graph6TopologySerializerTest" time="0.001"/>
  <testcase name="checkDecodeEncodeChangeHeaderGraphs(String)[1855]" classname="io.jbotsim.io.format.graph6.Graph6TopologySerializerTest" time="0.001"/>
  <testcase name="checkDecodeEncodeChangeHeaderGraphs(String)[1856]" classname="io.jbotsim.io.format.graph6.Graph6TopologySerializerTest" time="0.005"/>
  <testcase name="checkDecodeEncodeChangeHeaderGraphs(String)[1857]" classname="io.jbotsim.io.format.graph6.Graph6TopologySerializerTest" time="0.003"/>
  <testcase name="checkDecodeEncodeChangeHeaderGraphs(String)[1858]" classname="io.jbotsim.io.format.graph6.Graph6TopologySerializerTest" time="0.002"/>
  <testcase name="checkDecodeEncodeChangeHeaderGraphs(String)[1859]" classname="io.jbotsim.io.format.graph6.Graph6TopologySerializerTest" time="0.002"/>
  <testcase name="checkDecodeEncodeChangeHeaderGraphs(String)[1860]" classname="io.jbotsim.io.format.graph6.Graph6TopologySerializerTest" time="0.006"/>
  <testcase name="checkDecodeEncodeChangeHeaderGraphs(String)[1861]" classname="io.jbotsim.io.format.graph6.Graph6TopologySerializerTest" time="0.001"/>
  <testcase name="checkDecodeEncodeChangeHeaderGraphs(String)[1862]" classname="io.jbotsim.io.format.graph6.Graph6TopologySerializerTest" time="0.001"/>
  <testcase name="checkDecodeEncodeChangeHeaderGraphs(String)[1863]" classname="io.jbotsim.io.format.graph6.Graph6TopologySerializerTest" time="0.002"/>
  <testcase name="checkDecodeEncodeChangeHeaderGraphs(String)[1864]" classname="io.jbotsim.io.format.graph6.Graph6TopologySerializerTest" time="0.001"/>
  <testcase name="checkDecodeEncodeChangeHeaderGraphs(String)[1865]" classname="io.jbotsim.io.format.graph6.Graph6TopologySerializerTest" time="0.003"/>
  <testcase name="checkDecodeEncodeChangeHeaderGraphs(String)[1866]" classname="io.jbotsim.io.format.graph6.Graph6TopologySerializerTest" time="0.005"/>
  <testcase name="checkDecodeEncodeChangeHeaderGraphs(String)[1867]" classname="io.jbotsim.io.format.graph6.Graph6TopologySerializerTest" time="0.002"/>
  <testcase name="checkDecodeEncodeChangeHeaderGraphs(String)[1868]" classname="io.jbotsim.io.format.graph6.Graph6TopologySerializerTest" time="0.001"/>
  <testcase name="checkDecodeEncodeChangeHeaderGraphs(String)[1869]" classname="io.jbotsim.io.format.graph6.Graph6TopologySerializerTest" time="0.002"/>
  <testcase name="checkDecodeEncodeChangeHeaderGraphs(String)[1870]" classname="io.jbotsim.io.format.graph6.Graph6TopologySerializerTest" time="0.001"/>
  <testcase name="checkDecodeEncodeChangeHeaderGraphs(String)[1871]" classname="io.jbotsim.io.format.graph6.Graph6TopologySerializerTest" time="0.001"/>
  <testcase name="checkDecodeEncodeChangeHeaderGraphs(String)[1872]" classname="io.jbotsim.io.format.graph6.Graph6TopologySerializerTest" time="0.001"/>
  <testcase name="checkDecodeEncodeChangeHeaderGraphs(String)[1873]" classname="io.jbotsim.io.format.graph6.Graph6TopologySerializerTest" time="0.002"/>
  <testcase name="checkDecodeEncodeChangeHeaderGraphs(String)[1874]" classname="io.jbotsim.io.format.graph6.Graph6TopologySerializerTest" time="0.002"/>
  <testcase name="checkDecodeEncodeChangeHeaderGraphs(String)[1875]" classname="io.jbotsim.io.format.graph6.Graph6TopologySerializerTest" time="0.006"/>
  <testcase name="checkDecodeEncodeChangeHeaderGraphs(String)[1876]" classname="io.jbotsim.io.format.graph6.Graph6TopologySerializerTest" time="0.002"/>
  <testcase name="checkDecodeEncodeChangeHeaderGraphs(String)[1877]" classname="io.jbotsim.io.format.graph6.Graph6TopologySerializerTest" time="0.002"/>
  <testcase name="checkDecodeEncodeChangeHeaderGraphs(String)[1878]" classname="io.jbotsim.io.format.graph6.Graph6TopologySerializerTest" time="0.002"/>
  <testcase name="checkDecodeEncodeChangeHeaderGraphs(String)[1879]" classname="io.jbotsim.io.format.graph6.Graph6TopologySerializerTest" time="0.002"/>
  <testcase name="checkDecodeEncodeChangeHeaderGraphs(String)[1880]" classname="io.jbotsim.io.format.graph6.Graph6TopologySerializerTest" time="0.006"/>
  <testcase name="checkDecodeEncodeChangeHeaderGraphs(String)[1881]" classname="io.jbotsim.io.format.graph6.Graph6TopologySerializerTest" time="0.002"/>
  <testcase name="checkDecodeEncodeChangeHeaderGraphs(String)[1882]" classname="io.jbotsim.io.format.graph6.Graph6TopologySerializerTest" time="0.003"/>
  <testcase name="checkDecodeEncodeChangeHeaderGraphs(String)[1883]" classname="io.jbotsim.io.format.graph6.Graph6TopologySerializerTest" time="0.001"/>
  <testcase name="checkDecodeEncodeChangeHeaderGraphs(String)[1884]" classname="io.jbotsim.io.format.graph6.Graph6TopologySerializerTest" time="0.001"/>
  <testcase name="checkDecodeEncodeChangeHeaderGraphs(String)[1885]" classname="io.jbotsim.io.format.graph6.Graph6TopologySerializerTest" time="0.003"/>
  <testcase name="checkDecodeEncodeChangeHeaderGraphs(String)[1886]" classname="io.jbotsim.io.format.graph6.Graph6TopologySerializerTest" time="0.002"/>
  <testcase name="checkDecodeEncodeChangeHeaderGraphs(String)[1887]" classname="io.jbotsim.io.format.graph6.Graph6TopologySerializerTest" time="0.002"/>
  <testcase name="checkDecodeEncodeChangeHeaderGraphs(String)[1888]" classname="io.jbotsim.io.format.graph6.Graph6TopologySerializerTest" time="0.003"/>
  <testcase name="checkDecodeEncodeChangeHeaderGraphs(String)[1889]" classname="io.jbotsim.io.format.graph6.Graph6TopologySerializerTest" time="0.005"/>
  <testcase name="checkDecodeEncodeChangeHeaderGraphs(String)[1890]" classname="io.jbotsim.io.format.graph6.Graph6TopologySerializerTest" time="0.005"/>
  <testcase name="checkDecodeEncodeChangeHeaderGraphs(String)[1891]" classname="io.jbotsim.io.format.graph6.Graph6TopologySerializerTest" time="0.004"/>
  <testcase name="checkDecodeEncodeChangeHeaderGraphs(String)[1892]" classname="io.jbotsim.io.format.graph6.Graph6TopologySerializerTest" time="0.005"/>
  <testcase name="checkDecodeEncodeChangeHeaderGraphs(String)[1893]" classname="io.jbotsim.io.format.graph6.Graph6TopologySerializerTest" time="0.002"/>
  <testcase name="checkDecodeEncodeChangeHeaderGraphs(String)[1894]" classname="io.jbotsim.io.format.graph6.Graph6TopologySerializerTest" time="0.002"/>
  <testcase name="checkDecodeEncodeChangeHeaderGraphs(String)[1895]" classname="io.jbotsim.io.format.graph6.Graph6TopologySerializerTest" time="0.003"/>
  <testcase name="checkDecodeEncodeChangeHeaderGraphs(String)[1896]" classname="io.jbotsim.io.format.graph6.Graph6TopologySerializerTest" time="0.0"/>
  <testcase name="checkDecodeEncodeChangeHeaderGraphs(String)[1897]" classname="io.jbotsim.io.format.graph6.Graph6TopologySerializerTest" time="0.0"/>
  <testcase name="checkDecodeEncodeChangeHeaderGraphs(String)[1898]" classname="io.jbotsim.io.format.graph6.Graph6TopologySerializerTest" time="0.001"/>
  <testcase name="checkDecodeEncodeChangeHeaderGraphs(String)[1899]" classname="io.jbotsim.io.format.graph6.Graph6TopologySerializerTest" time="0.0"/>
  <testcase name="checkDecodeEncodeChangeHeaderGraphs(String)[1900]" classname="io.jbotsim.io.format.graph6.Graph6TopologySerializerTest" time="0.001"/>
  <testcase name="checkDecodeEncodeChangeHeaderGraphs(String)[1901]" classname="io.jbotsim.io.format.graph6.Graph6TopologySerializerTest" time="0.0"/>
  <testcase name="checkDecodeEncodeChangeHeaderGraphs(String)[1902]" classname="io.jbotsim.io.format.graph6.Graph6TopologySerializerTest" time="0.001"/>
  <testcase name="checkDecodeEncodeChangeHeaderGraphs(String)[1903]" classname="io.jbotsim.io.format.graph6.Graph6TopologySerializerTest" time="0.0"/>
  <testcase name="checkDecodeEncodeChangeHeaderGraphs(String)[1904]" classname="io.jbotsim.io.format.graph6.Graph6TopologySerializerTest" time="0.001"/>
  <testcase name="checkDecodeEncodeChangeHeaderGraphs(String)[1905]" classname="io.jbotsim.io.format.graph6.Graph6TopologySerializerTest" time="0.0"/>
  <testcase name="checkDecodeEncodeChangeHeaderGraphs(String)[1906]" classname="io.jbotsim.io.format.graph6.Graph6TopologySerializerTest" time="0.0"/>
  <testcase name="checkDecodeEncodeChangeHeaderGraphs(String)[1907]" classname="io.jbotsim.io.format.graph6.Graph6TopologySerializerTest" time="0.001"/>
  <testcase name="checkDecodeEncodeChangeHeaderGraphs(String)[1908]" classname="io.jbotsim.io.format.graph6.Graph6TopologySerializerTest" time="0.0"/>
  <testcase name="checkDecodeEncodeChangeHeaderGraphs(String)[1909]" classname="io.jbotsim.io.format.graph6.Graph6TopologySerializerTest" time="0.0"/>
  <testcase name="checkDecodeEncodeChangeHeaderGraphs(String)[1910]" classname="io.jbotsim.io.format.graph6.Graph6TopologySerializerTest" time="0.001"/>
  <testcase name="checkDecodeEncodeChangeHeaderGraphs(String)[1911]" classname="io.jbotsim.io.format.graph6.Graph6TopologySerializerTest" time="0.0"/>
  <testcase name="checkDecodeEncodeChangeHeaderGraphs(String)[1912]" classname="io.jbotsim.io.format.graph6.Graph6TopologySerializerTest" time="0.001"/>
  <testcase name="checkDecodeEncodeChangeHeaderGraphs(String)[1913]" classname="io.jbotsim.io.format.graph6.Graph6TopologySerializerTest" time="0.0"/>
  <testcase name="checkDecodeEncodeChangeHeaderGraphs(String)[1914]" classname="io.jbotsim.io.format.graph6.Graph6TopologySerializerTest" time="0.0"/>
  <testcase name="checkDecodeEncodeChangeHeaderGraphs(String)[1915]" classname="io.jbotsim.io.format.graph6.Graph6TopologySerializerTest" time="0.001"/>
  <testcase name="checkDecodeEncodeChangeHeaderGraphs(String)[1916]" classname="io.jbotsim.io.format.graph6.Graph6TopologySerializerTest" time="0.004"/>
  <testcase name="checkDecodeEncodeChangeHeaderGraphs(String)[1917]" classname="io.jbotsim.io.format.graph6.Graph6TopologySerializerTest" time="0.001"/>
  <testcase name="checkDecodeEncodeChangeHeaderGraphs(String)[1918]" classname="io.jbotsim.io.format.graph6.Graph6TopologySerializerTest" time="0.0"/>
  <testcase name="checkDecodeEncodeChangeHeaderGraphs(String)[1919]" classname="io.jbotsim.io.format.graph6.Graph6TopologySerializerTest" time="0.001"/>
  <testcase name="checkDecodeEncodeChangeHeaderGraphs(String)[1920]" classname="io.jbotsim.io.format.graph6.Graph6TopologySerializerTest" time="0.0"/>
  <testcase name="checkDecodeEncodeChangeHeaderGraphs(String)[1921]" classname="io.jbotsim.io.format.graph6.Graph6TopologySerializerTest" time="0.0"/>
  <testcase name="checkDecodeEncodeChangeHeaderGraphs(String)[1922]" classname="io.jbotsim.io.format.graph6.Graph6TopologySerializerTest" time="0.0"/>
  <testcase name="checkDecodeEncodeChangeHeaderGraphs(String)[1923]" classname="io.jbotsim.io.format.graph6.Graph6TopologySerializerTest" time="0.0"/>
  <testcase name="checkDecodeEncodeChangeHeaderGraphs(String)[1924]" classname="io.jbotsim.io.format.graph6.Graph6TopologySerializerTest" time="0.001"/>
  <testcase name="checkDecodeEncodeChangeHeaderGraphs(String)[1925]" classname="io.jbotsim.io.format.graph6.Graph6TopologySerializerTest" time="0.004"/>
  <testcase name="checkDecodeEncodeChangeHeaderGraphs(String)[1926]" classname="io.jbotsim.io.format.graph6.Graph6TopologySerializerTest" time="0.0"/>
  <testcase name="checkDecodeEncodeChangeHeaderGraphs(String)[1927]" classname="io.jbotsim.io.format.graph6.Graph6TopologySerializerTest" time="0.0"/>
  <testcase name="checkDecodeEncodeChangeHeaderGraphs(String)[1928]" classname="io.jbotsim.io.format.graph6.Graph6TopologySerializerTest" time="0.001"/>
  <testcase name="checkDecodeEncodeChangeHeaderGraphs(String)[1929]" classname="io.jbotsim.io.format.graph6.Graph6TopologySerializerTest" time="0.0"/>
  <testcase name="checkDecodeEncodeChangeHeaderGraphs(String)[1930]" classname="io.jbotsim.io.format.graph6.Graph6TopologySerializerTest" time="0.001"/>
  <testcase name="checkDecodeEncodeChangeHeaderGraphs(String)[1931]" classname="io.jbotsim.io.format.graph6.Graph6TopologySerializerTest" time="0.0"/>
  <testcase name="checkDecodeEncodeChangeHeaderGraphs(String)[1932]" classname="io.jbotsim.io.format.graph6.Graph6TopologySerializerTest" time="0.0"/>
  <testcase name="checkDecodeEncodeChangeHeaderGraphs(String)[1933]" classname="io.jbotsim.io.format.graph6.Graph6TopologySerializerTest" time="0.004"/>
  <testcase name="checkDecodeEncodeChangeHeaderGraphs(String)[1934]" classname="io.jbotsim.io.format.graph6.Graph6TopologySerializerTest" time="0.001"/>
  <testcase name="checkDecodeEncodeChangeHeaderGraphs(String)[1935]" classname="io.jbotsim.io.format.graph6.Graph6TopologySerializerTest" time="0.0"/>
  <testcase name="checkDecodeEncodeChangeHeaderGraphs(String)[1936]" classname="io.jbotsim.io.format.graph6.Graph6TopologySerializerTest" time="0.0"/>
  <testcase name="checkDecodeEncodeChangeHeaderGraphs(String)[1937]" classname="io.jbotsim.io.format.graph6.Graph6TopologySerializerTest" time="0.0"/>
  <testcase name="checkDecodeEncodeChangeHeaderGraphs(String)[1938]" classname="io.jbotsim.io.format.graph6.Graph6TopologySerializerTest" time="0.0"/>
  <testcase name="checkDecodeEncodeChangeHeaderGraphs(String)[1939]" classname="io.jbotsim.io.format.graph6.Graph6TopologySerializerTest" time="0.001"/>
  <testcase name="checkDecodeEncodeChangeHeaderGraphs(String)[1940]" classname="io.jbotsim.io.format.graph6.Graph6TopologySerializerTest" time="0.0"/>
  <testcase name="checkDecodeEncodeChangeHeaderGraphs(String)[1941]" classname="io.jbotsim.io.format.graph6.Graph6TopologySerializerTest" time="0.0"/>
  <testcase name="checkDecodeEncodeChangeHeaderGraphs(String)[1942]" classname="io.jbotsim.io.format.graph6.Graph6TopologySerializerTest" time="0.0"/>
  <testcase name="checkDecodeEncodeChangeHeaderGraphs(String)[1943]" classname="io.jbotsim.io.format.graph6.Graph6TopologySerializerTest" time="0.0"/>
  <testcase name="checkDecodeEncodeChangeHeaderGraphs(String)[1944]" classname="io.jbotsim.io.format.graph6.Graph6TopologySerializerTest" time="0.0"/>
  <testcase name="checkDecodeEncodeChangeHeaderGraphs(String)[1945]" classname="io.jbotsim.io.format.graph6.Graph6TopologySerializerTest" time="0.0"/>
  <testcase name="checkDecodeEncodeChangeHeaderGraphs(String)[1946]" classname="io.jbotsim.io.format.graph6.Graph6TopologySerializerTest" time="0.0"/>
  <testcase name="checkDecodeEncodeChangeHeaderGraphs(String)[1947]" classname="io.jbotsim.io.format.graph6.Graph6TopologySerializerTest" time="0.0"/>
  <testcase name="checkDecodeEncodeChangeHeaderGraphs(String)[1948]" classname="io.jbotsim.io.format.graph6.Graph6TopologySerializerTest" time="0.001"/>
  <testcase name="checkDecodeEncodeChangeHeaderGraphs(String)[1949]" classname="io.jbotsim.io.format.graph6.Graph6TopologySerializerTest" time="0.0"/>
  <testcase name="checkDecodeEncodeChangeHeaderGraphs(String)[1950]" classname="io.jbotsim.io.format.graph6.Graph6TopologySerializerTest" time="0.001"/>
  <testcase name="checkDecodeEncodeChangeHeaderGraphs(String)[1951]" classname="io.jbotsim.io.format.graph6.Graph6TopologySerializerTest" time="0.0"/>
  <testcase name="checkDecodeEncodeChangeHeaderGraphs(String)[1952]" classname="io.jbotsim.io.format.graph6.Graph6TopologySerializerTest" time="0.0"/>
  <testcase name="checkDecodeEncodeChangeHeaderGraphs(String)[1953]" classname="io.jbotsim.io.format.graph6.Graph6TopologySerializerTest" time="0.001"/>
  <testcase name="checkDecodeEncodeChangeHeaderGraphs(String)[1954]" classname="io.jbotsim.io.format.graph6.Graph6TopologySerializerTest" time="0.0"/>
  <testcase name="checkDecodeEncodeChangeHeaderGraphs(String)[1955]" classname="io.jbotsim.io.format.graph6.Graph6TopologySerializerTest" time="0.0"/>
  <testcase name="checkDecodeEncodeChangeHeaderGraphs(String)[1956]" classname="io.jbotsim.io.format.graph6.Graph6TopologySerializerTest" time="0.0"/>
  <testcase name="checkDecodeEncodeChangeHeaderGraphs(String)[1957]" classname="io.jbotsim.io.format.graph6.Graph6TopologySerializerTest" time="0.0"/>
  <testcase name="checkDecodeEncodeChangeHeaderGraphs(String)[1958]" classname="io.jbotsim.io.format.graph6.Graph6TopologySerializerTest" time="0.0"/>
  <testcase name="checkDecodeEncodeChangeHeaderGraphs(String)[1959]" classname="io.jbotsim.io.format.graph6.Graph6TopologySerializerTest" time="0.001"/>
  <testcase name="checkDecodeEncodeChangeHeaderGraphs(String)[1960]" classname="io.jbotsim.io.format.graph6.Graph6TopologySerializerTest" time="0.003"/>
  <testcase name="checkDecodeEncodeChangeHeaderGraphs(String)[1961]" classname="io.jbotsim.io.format.graph6.Graph6TopologySerializerTest" time="0.0"/>
  <testcase name="checkDecodeEncodeChangeHeaderGraphs(String)[1962]" classname="io.jbotsim.io.format.graph6.Graph6TopologySerializerTest" time="0.0"/>
  <testcase name="checkDecodeEncodeChangeHeaderGraphs(String)[1963]" classname="io.jbotsim.io.format.graph6.Graph6TopologySerializerTest" time="0.001"/>
  <testcase name="checkDecodeEncodeChangeHeaderGraphs(String)[1964]" classname="io.jbotsim.io.format.graph6.Graph6TopologySerializerTest" time="0.0"/>
  <testcase name="checkDecodeEncodeChangeHeaderGraphs(String)[1965]" classname="io.jbotsim.io.format.graph6.Graph6TopologySerializerTest" time="0.001"/>
  <testcase name="checkDecodeEncodeChangeHeaderGraphs(String)[1966]" classname="io.jbotsim.io.format.graph6.Graph6TopologySerializerTest" time="0.0"/>
  <testcase name="checkDecodeEncodeChangeHeaderGraphs(String)[1967]" classname="io.jbotsim.io.format.graph6.Graph6TopologySerializerTest" time="0.002"/>
  <testcase name="checkDecodeEncodeChangeHeaderGraphs(String)[1968]" classname="io.jbotsim.io.format.graph6.Graph6TopologySerializerTest" time="0.0"/>
  <testcase name="checkDecodeEncodeChangeHeaderGraphs(String)[1969]" classname="io.jbotsim.io.format.graph6.Graph6TopologySerializerTest" time="0.0"/>
  <testcase name="checkDecodeEncodeChangeHeaderGraphs(String)[1970]" classname="io.jbotsim.io.format.graph6.Graph6TopologySerializerTest" time="0.0"/>
  <testcase name="checkDecodeEncodeChangeHeaderGraphs(String)[1971]" classname="io.jbotsim.io.format.graph6.Graph6TopologySerializerTest" time="0.001"/>
  <testcase name="checkDecodeEncodeChangeHeaderGraphs(String)[1972]" classname="io.jbotsim.io.format.graph6.Graph6TopologySerializerTest" time="0.001"/>
  <testcase name="checkDecodeEncodeChangeHeaderGraphs(String)[1973]" classname="io.jbotsim.io.format.graph6.Graph6TopologySerializerTest" time="0.0"/>
  <testcase name="checkDecodeEncodeChangeHeaderGraphs(String)[1974]" classname="io.jbotsim.io.format.graph6.Graph6TopologySerializerTest" time="0.0"/>
  <testcase name="checkDecodeEncodeChangeHeaderGraphs(String)[1975]" classname="io.jbotsim.io.format.graph6.Graph6TopologySerializerTest" time="0.001"/>
  <testcase name="checkDecodeEncodeChangeHeaderGraphs(String)[1976]" classname="io.jbotsim.io.format.graph6.Graph6TopologySerializerTest" time="0.001"/>
  <testcase name="checkDecodeEncodeChangeHeaderGraphs(String)[1977]" classname="io.jbotsim.io.format.graph6.Graph6TopologySerializerTest" time="0.0"/>
  <testcase name="checkDecodeEncodeChangeHeaderGraphs(String)[1978]" classname="io.jbotsim.io.format.graph6.Graph6TopologySerializerTest" time="0.0"/>
  <testcase name="checkDecodeEncodeChangeHeaderGraphs(String)[1979]" classname="io.jbotsim.io.format.graph6.Graph6TopologySerializerTest" time="0.001"/>
  <testcase name="checkDecodeEncodeChangeHeaderGraphs(String)[1980]" classname="io.jbotsim.io.format.graph6.Graph6TopologySerializerTest" time="0.0"/>
  <testcase name="checkDecodeEncodeChangeHeaderGraphs(String)[1981]" classname="io.jbotsim.io.format.graph6.Graph6TopologySerializerTest" time="0.0"/>
  <testcase name="checkDecodeEncodeChangeHeaderGraphs(String)[1982]" classname="io.jbotsim.io.format.graph6.Graph6TopologySerializerTest" time="0.0"/>
  <testcase name="checkDecodeEncodeChangeHeaderGraphs(String)[1983]" classname="io.jbotsim.io.format.graph6.Graph6TopologySerializerTest" time="0.0"/>
  <testcase name="checkDecodeEncodeChangeHeaderGraphs(String)[1984]" classname="io.jbotsim.io.format.graph6.Graph6TopologySerializerTest" time="0.001"/>
  <testcase name="checkDecodeEncodeChangeHeaderGraphs(String)[1985]" classname="io.jbotsim.io.format.graph6.Graph6TopologySerializerTest" time="0.0"/>
  <testcase name="checkDecodeEncodeChangeHeaderGraphs(String)[1986]" classname="io.jbotsim.io.format.graph6.Graph6TopologySerializerTest" time="0.001"/>
  <testcase name="checkDecodeEncodeChangeHeaderGraphs(String)[1987]" classname="io.jbotsim.io.format.graph6.Graph6TopologySerializerTest" time="0.002"/>
  <testcase name="checkDecodeEncodeChangeHeaderGraphs(String)[1988]" classname="io.jbotsim.io.format.graph6.Graph6TopologySerializerTest" time="0.001"/>
  <testcase name="checkDecodeEncodeChangeHeaderGraphs(String)[1989]" classname="io.jbotsim.io.format.graph6.Graph6TopologySerializerTest" time="0.0"/>
  <testcase name="checkDecodeEncodeChangeHeaderGraphs(String)[1990]" classname="io.jbotsim.io.format.graph6.Graph6TopologySerializerTest" time="0.001"/>
  <testcase name="checkDecodeEncodeChangeHeaderGraphs(String)[1991]" classname="io.jbotsim.io.format.graph6.Graph6TopologySerializerTest" time="0.004"/>
  <testcase name="checkDecodeEncodeChangeHeaderGraphs(String)[1992]" classname="io.jbotsim.io.format.graph6.Graph6TopologySerializerTest" time="0.0"/>
  <testcase name="checkDecodeEncodeChangeHeaderGraphs(String)[1993]" classname="io.jbotsim.io.format.graph6.Graph6TopologySerializerTest" time="0.001"/>
  <testcase name="checkDecodeEncodeChangeHeaderGraphs(String)[1994]" classname="io.jbotsim.io.format.graph6.Graph6TopologySerializerTest" time="0.002"/>
  <testcase name="checkDecodeEncodeChangeHeaderGraphs(String)[1995]" classname="io.jbotsim.io.format.graph6.Graph6TopologySerializerTest" time="0.001"/>
  <testcase name="checkDecodeEncodeChangeHeaderGraphs(String)[1996]" classname="io.jbotsim.io.format.graph6.Graph6TopologySerializerTest" time="0.0"/>
  <testcase name="checkDecodeEncodeChangeHeaderGraphs(String)[1997]" classname="io.jbotsim.io.format.graph6.Graph6TopologySerializerTest" time="0.001"/>
  <testcase name="checkDecodeEncodeChangeHeaderGraphs(String)[1998]" classname="io.jbotsim.io.format.graph6.Graph6TopologySerializerTest" time="0.0"/>
  <testcase name="checkDecodeEncodeChangeHeaderGraphs(String)[1999]" classname="io.jbotsim.io.format.graph6.Graph6TopologySerializerTest" time="0.0"/>
  <testcase name="checkDecodeEncodeChangeHeaderGraphs(String)[2000]" classname="io.jbotsim.io.format.graph6.Graph6TopologySerializerTest" time="0.001"/>
  <testcase name="checkDecodeEncodeChangeHeaderGraphs(String)[2001]" classname="io.jbotsim.io.format.graph6.Graph6TopologySerializerTest" time="0.0"/>
  <testcase name="checkDecodeEncodeChangeHeaderGraphs(String)[2002]" classname="io.jbotsim.io.format.graph6.Graph6TopologySerializerTest" time="0.001"/>
  <testcase name="checkDecodeEncodeChangeHeaderGraphs(String)[2003]" classname="io.jbotsim.io.format.graph6.Graph6TopologySerializerTest" time="0.002"/>
  <testcase name="checkDecodeEncodeChangeHeaderGraphs(String)[2004]" classname="io.jbotsim.io.format.graph6.Graph6TopologySerializerTest" time="0.001"/>
  <testcase name="checkDecodeEncodeChangeHeaderGraphs(String)[2005]" classname="io.jbotsim.io.format.graph6.Graph6TopologySerializerTest" time="0.0"/>
  <testcase name="checkDecodeEncodeChangeHeaderGraphs(String)[2006]" classname="io.jbotsim.io.format.graph6.Graph6TopologySerializerTest" time="0.002"/>
  <testcase name="checkDecodeEncodeChangeHeaderGraphs(String)[2007]" classname="io.jbotsim.io.format.graph6.Graph6TopologySerializerTest" time="0.001"/>
  <testcase name="checkDecodeEncodeChangeHeaderGraphs(String)[2008]" classname="io.jbotsim.io.format.graph6.Graph6TopologySerializerTest" time="0.0"/>
  <testcase name="checkDecodeEncodeChangeHeaderGraphs(String)[2009]" classname="io.jbotsim.io.format.graph6.Graph6TopologySerializerTest" time="0.0"/>
  <testcase name="checkDecodeEncodeChangeHeaderGraphs(String)[2010]" classname="io.jbotsim.io.format.graph6.Graph6TopologySerializerTest" time="0.001"/>
  <testcase name="checkDecodeEncodeChangeHeaderGraphs(String)[2011]" classname="io.jbotsim.io.format.graph6.Graph6TopologySerializerTest" time="0.001"/>
  <testcase name="checkDecodeEncodeChangeHeaderGraphs(String)[2012]" classname="io.jbotsim.io.format.graph6.Graph6TopologySerializerTest" time="0.0"/>
  <testcase name="checkDecodeEncodeChangeHeaderGraphs(String)[2013]" classname="io.jbotsim.io.format.graph6.Graph6TopologySerializerTest" time="0.0"/>
  <testcase name="checkDecodeEncodeChangeHeaderGraphs(String)[2014]" classname="io.jbotsim.io.format.graph6.Graph6TopologySerializerTest" time="0.001"/>
  <testcase name="checkDecodeEncodeChangeHeaderGraphs(String)[2015]" classname="io.jbotsim.io.format.graph6.Graph6TopologySerializerTest" time="0.0"/>
  <testcase name="checkDecodeEncodeChangeHeaderGraphs(String)[2016]" classname="io.jbotsim.io.format.graph6.Graph6TopologySerializerTest" time="0.004"/>
  <testcase name="checkDecodeEncodeChangeHeaderGraphs(String)[2017]" classname="io.jbotsim.io.format.graph6.Graph6TopologySerializerTest" time="0.0"/>
  <testcase name="checkDecodeEncodeChangeHeaderGraphs(String)[2018]" classname="io.jbotsim.io.format.graph6.Graph6TopologySerializerTest" time="0.0"/>
  <testcase name="checkDecodeEncodeChangeHeaderGraphs(String)[2019]" classname="io.jbotsim.io.format.graph6.Graph6TopologySerializerTest" time="0.0"/>
  <testcase name="checkDecodeEncodeChangeHeaderGraphs(String)[2020]" classname="io.jbotsim.io.format.graph6.Graph6TopologySerializerTest" time="0.001"/>
  <testcase name="checkDecodeEncodeChangeHeaderGraphs(String)[2021]" classname="io.jbotsim.io.format.graph6.Graph6TopologySerializerTest" time="0.0"/>
  <testcase name="checkDecodeEncodeChangeHeaderGraphs(String)[2022]" classname="io.jbotsim.io.format.graph6.Graph6TopologySerializerTest" time="0.001"/>
  <testcase name="checkDecodeEncodeChangeHeaderGraphs(String)[2023]" classname="io.jbotsim.io.format.graph6.Graph6TopologySerializerTest" time="0.0"/>
  <testcase name="checkDecodeEncodeChangeHeaderGraphs(String)[2024]" classname="io.jbotsim.io.format.graph6.Graph6TopologySerializerTest" time="0.0"/>
  <testcase name="checkDecodeEncodeChangeHeaderGraphs(String)[2025]" classname="io.jbotsim.io.format.graph6.Graph6TopologySerializerTest" time="0.0"/>
  <testcase name="checkDecodeEncodeChangeHeaderGraphs(String)[2026]" classname="io.jbotsim.io.format.graph6.Graph6TopologySerializerTest" time="0.001"/>
  <testcase name="checkDecodeEncodeChangeHeaderGraphs(String)[2027]" classname="io.jbotsim.io.format.graph6.Graph6TopologySerializerTest" time="0.0"/>
  <testcase name="checkDecodeEncodeChangeHeaderGraphs(String)[2028]" classname="io.jbotsim.io.format.graph6.Graph6TopologySerializerTest" time="0.001"/>
  <testcase name="checkDecodeEncodeChangeHeaderGraphs(String)[2029]" classname="io.jbotsim.io.format.graph6.Graph6TopologySerializerTest" time="0.0"/>
  <testcase name="checkDecodeEncodeChangeHeaderGraphs(String)[2030]" classname="io.jbotsim.io.format.graph6.Graph6TopologySerializerTest" time="0.0"/>
  <testcase name="checkDecodeEncodeChangeHeaderGraphs(String)[2031]" classname="io.jbotsim.io.format.graph6.Graph6TopologySerializerTest" time="0.001"/>
  <testcase name="checkDecodeEncodeChangeHeaderGraphs(String)[2032]" classname="io.jbotsim.io.format.graph6.Graph6TopologySerializerTest" time="0.001"/>
  <testcase name="checkDecodeEncodeChangeHeaderGraphs(String)[2033]" classname="io.jbotsim.io.format.graph6.Graph6TopologySerializerTest" time="0.002"/>
  <testcase name="checkDecodeEncodeChangeHeaderGraphs(String)[2034]" classname="io.jbotsim.io.format.graph6.Graph6TopologySerializerTest" time="0.0"/>
  <testcase name="checkDecodeEncodeChangeHeaderGraphs(String)[2035]" classname="io.jbotsim.io.format.graph6.Graph6TopologySerializerTest" time="0.001"/>
  <testcase name="checkDecodeEncodeChangeHeaderGraphs(String)[2036]" classname="io.jbotsim.io.format.graph6.Graph6TopologySerializerTest" time="0.0"/>
  <testcase name="checkDecodeEncodeChangeHeaderGraphs(String)[2037]" classname="io.jbotsim.io.format.graph6.Graph6TopologySerializerTest" time="0.001"/>
  <testcase name="checkDecodeEncodeChangeHeaderGraphs(String)[2038]" classname="io.jbotsim.io.format.graph6.Graph6TopologySerializerTest" time="0.0"/>
  <testcase name="checkDecodeEncodeChangeHeaderGraphs(String)[2039]" classname="io.jbotsim.io.format.graph6.Graph6TopologySerializerTest" time="0.0"/>
  <testcase name="checkDecodeEncodeChangeHeaderGraphs(String)[2040]" classname="io.jbotsim.io.format.graph6.Graph6TopologySerializerTest" time="0.001"/>
  <testcase name="checkDecodeEncodeChangeHeaderGraphs(String)[2041]" classname="io.jbotsim.io.format.graph6.Graph6TopologySerializerTest" time="0.0"/>
  <testcase name="checkDecodeEncodeChangeHeaderGraphs(String)[2042]" classname="io.jbotsim.io.format.graph6.Graph6TopologySerializerTest" time="0.004"/>
  <testcase name="checkDecodeEncodeChangeHeaderGraphs(String)[2043]" classname="io.jbotsim.io.format.graph6.Graph6TopologySerializerTest" time="0.001"/>
  <testcase name="checkDecodeEncodeChangeHeaderGraphs(String)[2044]" classname="io.jbotsim.io.format.graph6.Graph6TopologySerializerTest" time="0.0"/>
  <testcase name="checkDecodeEncodeChangeHeaderGraphs(String)[2045]" classname="io.jbotsim.io.format.graph6.Graph6TopologySerializerTest" time="0.001"/>
  <testcase name="checkDecodeEncodeChangeHeaderGraphs(String)[2046]" classname="io.jbotsim.io.format.graph6.Graph6TopologySerializerTest" time="0.0"/>
  <testcase name="checkDecodeEncodeChangeHeaderGraphs(String)[2047]" classname="io.jbotsim.io.format.graph6.Graph6TopologySerializerTest" time="0.001"/>
  <testcase name="checkDecodeEncodeChangeHeaderGraphs(String)[2048]" classname="io.jbotsim.io.format.graph6.Graph6TopologySerializerTest" time="0.0"/>
  <testcase name="checkDecodeEncodeChangeHeaderGraphs(String)[2049]" classname="io.jbotsim.io.format.graph6.Graph6TopologySerializerTest" time="0.0"/>
  <testcase name="checkDecodeEncodeChangeHeaderGraphs(String)[2050]" classname="io.jbotsim.io.format.graph6.Graph6TopologySerializerTest" time="0.0"/>
  <testcase name="checkDecodeEncodeChangeHeaderGraphs(String)[2051]" classname="io.jbotsim.io.format.graph6.Graph6TopologySerializerTest" time="0.0"/>
  <testcase name="checkDecodeEncodeChangeHeaderGraphs(String)[2052]" classname="io.jbotsim.io.format.graph6.Graph6TopologySerializerTest" time="0.001"/>
  <testcase name="checkDecodeEncodeChangeHeaderGraphs(String)[2053]" classname="io.jbotsim.io.format.graph6.Graph6TopologySerializerTest" time="0.001"/>
  <testcase name="checkDecodeEncodeChangeHeaderGraphs(String)[2054]" classname="io.jbotsim.io.format.graph6.Graph6TopologySerializerTest" time="0.0"/>
  <testcase name="checkDecodeEncodeChangeHeaderGraphs(String)[2055]" classname="io.jbotsim.io.format.graph6.Graph6TopologySerializerTest" time="0.0"/>
  <testcase name="checkDecodeEncodeChangeHeaderGraphs(String)[2056]" classname="io.jbotsim.io.format.graph6.Graph6TopologySerializerTest" time="0.0"/>
  <testcase name="checkDecodeEncodeChangeHeaderGraphs(String)[2057]" classname="io.jbotsim.io.format.graph6.Graph6TopologySerializerTest" time="0.0"/>
  <testcase name="checkDecodeEncodeChangeHeaderGraphs(String)[2058]" classname="io.jbotsim.io.format.graph6.Graph6TopologySerializerTest" time="0.0"/>
  <testcase name="checkDecodeEncodeChangeHeaderGraphs(String)[2059]" classname="io.jbotsim.io.format.graph6.Graph6TopologySerializerTest" time="0.001"/>
  <testcase name="checkDecodeEncodeChangeHeaderGraphs(String)[2060]" classname="io.jbotsim.io.format.graph6.Graph6TopologySerializerTest" time="0.0"/>
  <testcase name="checkDecodeEncodeChangeHeaderGraphs(String)[2061]" classname="io.jbotsim.io.format.graph6.Graph6TopologySerializerTest" time="0.003"/>
  <testcase name="checkDecodeEncodeChangeHeaderGraphs(String)[2062]" classname="io.jbotsim.io.format.graph6.Graph6TopologySerializerTest" time="0.0"/>
  <testcase name="checkDecodeEncodeChangeHeaderGraphs(String)[2063]" classname="io.jbotsim.io.format.graph6.Graph6TopologySerializerTest" time="0.0"/>
  <testcase name="checkDecodeEncodeChangeHeaderGraphs(String)[2064]" classname="io.jbotsim.io.format.graph6.Graph6TopologySerializerTest" time="0.0"/>
  <testcase name="checkDecodeEncodeChangeHeaderGraphs(String)[2065]" classname="io.jbotsim.io.format.graph6.Graph6TopologySerializerTest" time="0.0"/>
  <testcase name="checkDecodeEncodeChangeHeaderGraphs(String)[2066]" classname="io.jbotsim.io.format.graph6.Graph6TopologySerializerTest" time="0.001"/>
  <testcase name="checkDecodeEncodeChangeHeaderGraphs(String)[2067]" classname="io.jbotsim.io.format.graph6.Graph6TopologySerializerTest" time="0.0"/>
  <testcase name="checkDecodeEncodeChangeHeaderGraphs(String)[2068]" classname="io.jbotsim.io.format.graph6.Graph6TopologySerializerTest" time="0.001"/>
  <testcase name="checkDecodeEncodeChangeHeaderGraphs(String)[2069]" classname="io.jbotsim.io.format.graph6.Graph6TopologySerializerTest" time="0.001"/>
  <testcase name="checkDecodeEncodeChangeHeaderGraphs(String)[2070]" classname="io.jbotsim.io.format.graph6.Graph6TopologySerializerTest" time="0.0"/>
  <testcase name="checkDecodeEncodeChangeHeaderGraphs(String)[2071]" classname="io.jbotsim.io.format.graph6.Graph6TopologySerializerTest" time="0.0"/>
  <testcase name="checkDecodeEncodeChangeHeaderGraphs(String)[2072]" classname="io.jbotsim.io.format.graph6.Graph6TopologySerializerTest" time="0.0"/>
  <testcase name="checkDecodeEncodeChangeHeaderGraphs(String)[2073]" classname="io.jbotsim.io.format.graph6.Graph6TopologySerializerTest" time="0.0"/>
  <testcase name="checkDecodeEncodeChangeHeaderGraphs(String)[2074]" classname="io.jbotsim.io.format.graph6.Graph6TopologySerializerTest" time="0.003"/>
  <testcase name="checkDecodeEncodeChangeHeaderGraphs(String)[2075]" classname="io.jbotsim.io.format.graph6.Graph6TopologySerializerTest" time="0.0"/>
  <testcase name="checkDecodeEncodeChangeHeaderGraphs(String)[2076]" classname="io.jbotsim.io.format.graph6.Graph6TopologySerializerTest" time="0.0"/>
  <testcase name="checkDecodeEncodeChangeHeaderGraphs(String)[2077]" classname="io.jbotsim.io.format.graph6.Graph6TopologySerializerTest" time="0.0"/>
  <testcase name="checkDecodeEncodeChangeHeaderGraphs(String)[2078]" classname="io.jbotsim.io.format.graph6.Graph6TopologySerializerTest" time="0.0"/>
  <testcase name="checkDecodeEncodeChangeHeaderGraphs(String)[2079]" classname="io.jbotsim.io.format.graph6.Graph6TopologySerializerTest" time="0.002"/>
  <testcase name="checkDecodeEncodeChangeHeaderGraphs(String)[2080]" classname="io.jbotsim.io.format.graph6.Graph6TopologySerializerTest" time="0.001"/>
  <testcase name="checkDecodeEncodeChangeHeaderGraphs(String)[2081]" classname="io.jbotsim.io.format.graph6.Graph6TopologySerializerTest" time="0.002"/>
  <testcase name="checkDecodeEncodeChangeHeaderGraphs(String)[2082]" classname="io.jbotsim.io.format.graph6.Graph6TopologySerializerTest" time="0.001"/>
  <testcase name="checkDecodeEncodeChangeHeaderGraphs(String)[2083]" classname="io.jbotsim.io.format.graph6.Graph6TopologySerializerTest" time="0.002"/>
  <testcase name="checkDecodeEncodeChangeHeaderGraphs(String)[2084]" classname="io.jbotsim.io.format.graph6.Graph6TopologySerializerTest" time="0.0"/>
  <testcase name="checkDecodeEncodeChangeHeaderGraphs(String)[2085]" classname="io.jbotsim.io.format.graph6.Graph6TopologySerializerTest" time="0.001"/>
  <testcase name="checkDecodeEncodeChangeHeaderGraphs(String)[2086]" classname="io.jbotsim.io.format.graph6.Graph6TopologySerializerTest" time="0.0"/>
  <testcase name="checkDecodeEncodeChangeHeaderGraphs(String)[2087]" classname="io.jbotsim.io.format.graph6.Graph6TopologySerializerTest" time="0.0"/>
  <testcase name="checkDecodeEncodeChangeHeaderGraphs(String)[2088]" classname="io.jbotsim.io.format.graph6.Graph6TopologySerializerTest" time="0.004"/>
  <testcase name="checkDecodeEncodeChangeHeaderGraphs(String)[2089]" classname="io.jbotsim.io.format.graph6.Graph6TopologySerializerTest" time="0.001"/>
  <testcase name="checkDecodeEncodeChangeHeaderGraphs(String)[2090]" classname="io.jbotsim.io.format.graph6.Graph6TopologySerializerTest" time="0.001"/>
  <testcase name="checkDecodeEncodeChangeHeaderGraphs(String)[2091]" classname="io.jbotsim.io.format.graph6.Graph6TopologySerializerTest" time="0.002"/>
  <testcase name="checkDecodeEncodeChangeHeaderGraphs(String)[2092]" classname="io.jbotsim.io.format.graph6.Graph6TopologySerializerTest" time="0.0"/>
  <testcase name="checkDecodeEncodeChangeHeaderGraphs(String)[2093]" classname="io.jbotsim.io.format.graph6.Graph6TopologySerializerTest" time="0.0"/>
  <testcase name="checkDecodeEncodeChangeHeaderGraphs(String)[2094]" classname="io.jbotsim.io.format.graph6.Graph6TopologySerializerTest" time="0.0"/>
  <testcase name="checkDecodeEncodeChangeHeaderGraphs(String)[2095]" classname="io.jbotsim.io.format.graph6.Graph6TopologySerializerTest" time="0.002"/>
  <testcase name="checkDecodeEncodeChangeHeaderGraphs(String)[2096]" classname="io.jbotsim.io.format.graph6.Graph6TopologySerializerTest" time="0.0"/>
  <testcase name="checkDecodeEncodeChangeHeaderGraphs(String)[2097]" classname="io.jbotsim.io.format.graph6.Graph6TopologySerializerTest" time="0.002"/>
  <testcase name="checkDecodeEncodeChangeHeaderGraphs(String)[2098]" classname="io.jbotsim.io.format.graph6.Graph6TopologySerializerTest" time="0.0"/>
  <testcase name="checkDecodeEncodeChangeHeaderGraphs(String)[2099]" classname="io.jbotsim.io.format.graph6.Graph6TopologySerializerTest" time="0.0"/>
  <testcase name="checkDecodeEncodeChangeHeaderGraphs(String)[2100]" classname="io.jbotsim.io.format.graph6.Graph6TopologySerializerTest" time="0.002"/>
  <testcase name="checkDecodeEncodeChangeHeaderGraphs(String)[2101]" classname="io.jbotsim.io.format.graph6.Graph6TopologySerializerTest" time="0.002"/>
  <testcase name="checkDecodeEncodeChangeHeaderGraphs(String)[2102]" classname="io.jbotsim.io.format.graph6.Graph6TopologySerializerTest" time="0.0"/>
  <testcase name="checkDecodeEncodeChangeHeaderGraphs(String)[2103]" classname="io.jbotsim.io.format.graph6.Graph6TopologySerializerTest" time="0.0"/>
  <testcase name="checkDecodeEncodeChangeHeaderGraphs(String)[2104]" classname="io.jbotsim.io.format.graph6.Graph6TopologySerializerTest" time="0.002"/>
  <testcase name="checkDecodeEncodeChangeHeaderGraphs(String)[2105]" classname="io.jbotsim.io.format.graph6.Graph6TopologySerializerTest" time="0.0"/>
  <testcase name="checkDecodeEncodeChangeHeaderGraphs(String)[2106]" classname="io.jbotsim.io.format.graph6.Graph6TopologySerializerTest" time="0.003"/>
  <testcase name="checkDecodeEncodeChangeHeaderGraphs(String)[2107]" classname="io.jbotsim.io.format.graph6.Graph6TopologySerializerTest" time="0.0"/>
  <testcase name="checkDecodeEncodeChangeHeaderGraphs(String)[2108]" classname="io.jbotsim.io.format.graph6.Graph6TopologySerializerTest" time="0.001"/>
  <testcase name="checkDecodeEncodeChangeHeaderGraphs(String)[2109]" classname="io.jbotsim.io.format.graph6.Graph6TopologySerializerTest" time="0.001"/>
  <testcase name="checkDecodeEncodeChangeHeaderGraphs(String)[2110]" classname="io.jbotsim.io.format.graph6.Graph6TopologySerializerTest" time="0.002"/>
  <testcase name="checkDecodeEncodeChangeHeaderGraphs(String)[2111]" classname="io.jbotsim.io.format.graph6.Graph6TopologySerializerTest" time="0.001"/>
  <testcase name="checkDecodeEncodeChangeHeaderGraphs(String)[2112]" classname="io.jbotsim.io.format.graph6.Graph6TopologySerializerTest" time="0.0"/>
  <testcase name="checkDecodeEncodeChangeHeaderGraphs(String)[2113]" classname="io.jbotsim.io.format.graph6.Graph6TopologySerializerTest" time="0.001"/>
  <testcase name="checkDecodeEncodeChangeHeaderGraphs(String)[2114]" classname="io.jbotsim.io.format.graph6.Graph6TopologySerializerTest" time="0.0"/>
  <testcase name="checkDecodeEncodeChangeHeaderGraphs(String)[2115]" classname="io.jbotsim.io.format.graph6.Graph6TopologySerializerTest" time="0.0"/>
  <testcase name="checkDecodeEncodeChangeHeaderGraphs(String)[2116]" classname="io.jbotsim.io.format.graph6.Graph6TopologySerializerTest" time="0.001"/>
  <testcase name="checkDecodeEncodeChangeHeaderGraphs(String)[2117]" classname="io.jbotsim.io.format.graph6.Graph6TopologySerializerTest" time="0.003"/>
  <testcase name="checkDecodeEncodeChangeHeaderGraphs(String)[2118]" classname="io.jbotsim.io.format.graph6.Graph6TopologySerializerTest" time="0.0"/>
  <testcase name="checkDecodeEncodeChangeHeaderGraphs(String)[2119]" classname="io.jbotsim.io.format.graph6.Graph6TopologySerializerTest" time="0.002"/>
  <testcase name="checkDecodeEncodeChangeHeaderGraphs(String)[2120]" classname="io.jbotsim.io.format.graph6.Graph6TopologySerializerTest" time="0.0"/>
  <testcase name="checkDecodeEncodeChangeHeaderGraphs(String)[2121]" classname="io.jbotsim.io.format.graph6.Graph6TopologySerializerTest" time="0.002"/>
  <testcase name="checkDecodeEncodeChangeHeaderGraphs(String)[2122]" classname="io.jbotsim.io.format.graph6.Graph6TopologySerializerTest" time="0.0"/>
  <testcase name="checkDecodeEncodeChangeHeaderGraphs(String)[2123]" classname="io.jbotsim.io.format.graph6.Graph6TopologySerializerTest" time="0.0"/>
  <testcase name="checkDecodeEncodeChangeHeaderGraphs(String)[2124]" classname="io.jbotsim.io.format.graph6.Graph6TopologySerializerTest" time="0.002"/>
  <testcase name="checkDecodeEncodeChangeHeaderGraphs(String)[2125]" classname="io.jbotsim.io.format.graph6.Graph6TopologySerializerTest" time="0.0"/>
  <testcase name="checkDecodeEncodeChangeHeaderGraphs(String)[2126]" classname="io.jbotsim.io.format.graph6.Graph6TopologySerializerTest" time="0.001"/>
  <testcase name="checkDecodeEncodeChangeHeaderGraphs(String)[2127]" classname="io.jbotsim.io.format.graph6.Graph6TopologySerializerTest" time="0.002"/>
  <testcase name="checkDecodeEncodeChangeHeaderGraphs(String)[2128]" classname="io.jbotsim.io.format.graph6.Graph6TopologySerializerTest" time="0.001"/>
  <testcase name="checkDecodeEncodeChangeHeaderGraphs(String)[2129]" classname="io.jbotsim.io.format.graph6.Graph6TopologySerializerTest" time="0.0"/>
  <testcase name="checkDecodeEncodeChangeHeaderGraphs(String)[2130]" classname="io.jbotsim.io.format.graph6.Graph6TopologySerializerTest" time="0.001"/>
  <testcase name="checkDecodeEncodeChangeHeaderGraphs(String)[2131]" classname="io.jbotsim.io.format.graph6.Graph6TopologySerializerTest" time="0.002"/>
  <testcase name="checkDecodeEncodeChangeHeaderGraphs(String)[2132]" classname="io.jbotsim.io.format.graph6.Graph6TopologySerializerTest" time="0.0"/>
  <testcase name="checkDecodeEncodeChangeHeaderGraphs(String)[2133]" classname="io.jbotsim.io.format.graph6.Graph6TopologySerializerTest" time="0.001"/>
  <testcase name="checkDecodeEncodeChangeHeaderGraphs(String)[2134]" classname="io.jbotsim.io.format.graph6.Graph6TopologySerializerTest" time="0.0"/>
  <testcase name="checkDecodeEncodeChangeHeaderGraphs(String)[2135]" classname="io.jbotsim.io.format.graph6.Graph6TopologySerializerTest" time="0.001"/>
  <testcase name="checkDecodeEncodeChangeHeaderGraphs(String)[2136]" classname="io.jbotsim.io.format.graph6.Graph6TopologySerializerTest" time="0.003"/>
  <testcase name="checkDecodeEncodeChangeHeaderGraphs(String)[2137]" classname="io.jbotsim.io.format.graph6.Graph6TopologySerializerTest" time="0.0"/>
  <testcase name="checkDecodeEncodeChangeHeaderGraphs(String)[2138]" classname="io.jbotsim.io.format.graph6.Graph6TopologySerializerTest" time="0.0"/>
  <testcase name="checkDecodeEncodeChangeHeaderGraphs(String)[2139]" classname="io.jbotsim.io.format.graph6.Graph6TopologySerializerTest" time="0.001"/>
  <testcase name="checkDecodeEncodeChangeHeaderGraphs(String)[2140]" classname="io.jbotsim.io.format.graph6.Graph6TopologySerializerTest" time="0.002"/>
  <testcase name="checkDecodeEncodeChangeHeaderGraphs(String)[2141]" classname="io.jbotsim.io.format.graph6.Graph6TopologySerializerTest" time="0.0"/>
  <testcase name="checkDecodeEncodeChangeHeaderGraphs(String)[2142]" classname="io.jbotsim.io.format.graph6.Graph6TopologySerializerTest" time="0.0"/>
  <testcase name="checkDecodeEncodeChangeHeaderGraphs(String)[2143]" classname="io.jbotsim.io.format.graph6.Graph6TopologySerializerTest" time="0.001"/>
  <testcase name="checkDecodeEncodeChangeHeaderGraphs(String)[2144]" classname="io.jbotsim.io.format.graph6.Graph6TopologySerializerTest" time="0.0"/>
  <testcase name="checkDecodeEncodeChangeHeaderGraphs(String)[2145]" classname="io.jbotsim.io.format.graph6.Graph6TopologySerializerTest" time="0.005"/>
  <testcase name="checkDecodeEncodeChangeHeaderGraphs(String)[2146]" classname="io.jbotsim.io.format.graph6.Graph6TopologySerializerTest" time="0.002"/>
  <testcase name="checkDecodeEncodeChangeHeaderGraphs(String)[2147]" classname="io.jbotsim.io.format.graph6.Graph6TopologySerializerTest" time="0.0"/>
  <testcase name="checkDecodeEncodeChangeHeaderGraphs(String)[2148]" classname="io.jbotsim.io.format.graph6.Graph6TopologySerializerTest" time="0.0"/>
  <testcase name="checkDecodeEncodeChangeHeaderGraphs(String)[2149]" classname="io.jbotsim.io.format.graph6.Graph6TopologySerializerTest" time="0.001"/>
  <testcase name="checkDecodeEncodeChangeHeaderGraphs(String)[2150]" classname="io.jbotsim.io.format.graph6.Graph6TopologySerializerTest" time="0.002"/>
  <testcase name="checkDecodeEncodeChangeHeaderGraphs(String)[2151]" classname="io.jbotsim.io.format.graph6.Graph6TopologySerializerTest" time="0.002"/>
  <testcase name="checkDecodeEncodeChangeHeaderGraphs(String)[2152]" classname="io.jbotsim.io.format.graph6.Graph6TopologySerializerTest" time="0.0"/>
  <testcase name="checkDecodeEncodeChangeHeaderGraphs(String)[2153]" classname="io.jbotsim.io.format.graph6.Graph6TopologySerializerTest" time="0.0"/>
  <testcase name="checkDecodeEncodeChangeHeaderGraphs(String)[2154]" classname="io.jbotsim.io.format.graph6.Graph6TopologySerializerTest" time="0.001"/>
  <testcase name="checkDecodeEncodeChangeHeaderGraphs(String)[2155]" classname="io.jbotsim.io.format.graph6.Graph6TopologySerializerTest" time="0.001"/>
  <testcase name="checkDecodeEncodeChangeHeaderGraphs(String)[2156]" classname="io.jbotsim.io.format.graph6.Graph6TopologySerializerTest" time="0.002"/>
  <testcase name="checkDecodeEncodeChangeHeaderGraphs(String)[2157]" classname="io.jbotsim.io.format.graph6.Graph6TopologySerializerTest" time="0.0"/>
  <testcase name="checkDecodeEncodeChangeHeaderGraphs(String)[2158]" classname="io.jbotsim.io.format.graph6.Graph6TopologySerializerTest" time="0.0"/>
  <testcase name="checkDecodeEncodeChangeHeaderGraphs(String)[2159]" classname="io.jbotsim.io.format.graph6.Graph6TopologySerializerTest" time="0.001"/>
  <testcase name="checkDecodeEncodeChangeHeaderGraphs(String)[2160]" classname="io.jbotsim.io.format.graph6.Graph6TopologySerializerTest" time="0.0"/>
  <testcase name="checkDecodeEncodeChangeHeaderGraphs(String)[2161]" classname="io.jbotsim.io.format.graph6.Graph6TopologySerializerTest" time="0.003"/>
  <testcase name="checkDecodeEncodeChangeHeaderGraphs(String)[2162]" classname="io.jbotsim.io.format.graph6.Graph6TopologySerializerTest" time="0.0"/>
  <testcase name="checkDecodeEncodeChangeHeaderGraphs(String)[2163]" classname="io.jbotsim.io.format.graph6.Graph6TopologySerializerTest" time="0.001"/>
  <testcase name="checkDecodeEncodeChangeHeaderGraphs(String)[2164]" classname="io.jbotsim.io.format.graph6.Graph6TopologySerializerTest" time="0.0"/>
  <testcase name="checkDecodeEncodeChangeHeaderGraphs(String)[2165]" classname="io.jbotsim.io.format.graph6.Graph6TopologySerializerTest" time="0.001"/>
  <testcase name="checkDecodeEncodeChangeHeaderGraphs(String)[2166]" classname="io.jbotsim.io.format.graph6.Graph6TopologySerializerTest" time="0.001"/>
  <testcase name="checkDecodeEncodeChangeHeaderGraphs(String)[2167]" classname="io.jbotsim.io.format.graph6.Graph6TopologySerializerTest" time="0.001"/>
  <testcase name="checkDecodeEncodeChangeHeaderGraphs(String)[2168]" classname="io.jbotsim.io.format.graph6.Graph6TopologySerializerTest" time="0.002"/>
  <testcase name="checkDecodeEncodeChangeHeaderGraphs(String)[2169]" classname="io.jbotsim.io.format.graph6.Graph6TopologySerializerTest" time="0.0"/>
  <testcase name="checkDecodeEncodeChangeHeaderGraphs(String)[2170]" classname="io.jbotsim.io.format.graph6.Graph6TopologySerializerTest" time="0.0"/>
  <testcase name="checkDecodeEncodeChangeHeaderGraphs(String)[2171]" classname="io.jbotsim.io.format.graph6.Graph6TopologySerializerTest" time="0.0"/>
  <testcase name="checkDecodeEncodeChangeHeaderGraphs(String)[2172]" classname="io.jbotsim.io.format.graph6.Graph6TopologySerializerTest" time="0.0"/>
  <testcase name="checkDecodeEncodeChangeHeaderGraphs(String)[2173]" classname="io.jbotsim.io.format.graph6.Graph6TopologySerializerTest" time="0.0"/>
  <testcase name="checkDecodeEncodeChangeHeaderGraphs(String)[2174]" classname="io.jbotsim.io.format.graph6.Graph6TopologySerializerTest" time="0.0"/>
  <testcase name="checkDecodeEncodeChangeHeaderGraphs(String)[2175]" classname="io.jbotsim.io.format.graph6.Graph6TopologySerializerTest" time="0.001"/>
  <testcase name="checkDecodeEncodeChangeHeaderGraphs(String)[2176]" classname="io.jbotsim.io.format.graph6.Graph6TopologySerializerTest" time="0.004"/>
  <testcase name="checkDecodeEncodeChangeHeaderGraphs(String)[2177]" classname="io.jbotsim.io.format.graph6.Graph6TopologySerializerTest" time="0.001"/>
  <testcase name="checkDecodeEncodeChangeHeaderGraphs(String)[2178]" classname="io.jbotsim.io.format.graph6.Graph6TopologySerializerTest" time="0.0"/>
  <testcase name="checkDecodeEncodeChangeHeaderGraphs(String)[2179]" classname="io.jbotsim.io.format.graph6.Graph6TopologySerializerTest" time="0.002"/>
  <testcase name="checkDecodeEncodeChangeHeaderGraphs(String)[2180]" classname="io.jbotsim.io.format.graph6.Graph6TopologySerializerTest" time="0.001"/>
  <testcase name="checkDecodeEncodeChangeHeaderGraphs(String)[2181]" classname="io.jbotsim.io.format.graph6.Graph6TopologySerializerTest" time="0.001"/>
  <testcase name="checkDecodeEncodeChangeHeaderGraphs(String)[2182]" classname="io.jbotsim.io.format.graph6.Graph6TopologySerializerTest" time="0.001"/>
  <testcase name="checkDecodeEncodeChangeHeaderGraphs(String)[2183]" classname="io.jbotsim.io.format.graph6.Graph6TopologySerializerTest" time="0.0"/>
  <testcase name="checkDecodeEncodeChangeHeaderGraphs(String)[2184]" classname="io.jbotsim.io.format.graph6.Graph6TopologySerializerTest" time="0.004"/>
  <testcase name="checkDecodeEncodeChangeHeaderGraphs(String)[2185]" classname="io.jbotsim.io.format.graph6.Graph6TopologySerializerTest" time="0.001"/>
  <testcase name="checkDecodeEncodeChangeHeaderGraphs(String)[2186]" classname="io.jbotsim.io.format.graph6.Graph6TopologySerializerTest" time="0.0"/>
  <testcase name="checkDecodeEncodeChangeHeaderGraphs(String)[2187]" classname="io.jbotsim.io.format.graph6.Graph6TopologySerializerTest" time="0.0"/>
  <testcase name="checkDecodeEncodeChangeHeaderGraphs(String)[2188]" classname="io.jbotsim.io.format.graph6.Graph6TopologySerializerTest" time="0.001"/>
  <testcase name="checkDecodeEncodeChangeHeaderGraphs(String)[2189]" classname="io.jbotsim.io.format.graph6.Graph6TopologySerializerTest" time="0.001"/>
  <testcase name="checkDecodeEncodeChangeHeaderGraphs(String)[2190]" classname="io.jbotsim.io.format.graph6.Graph6TopologySerializerTest" time="0.0"/>
  <testcase name="checkDecodeEncodeChangeHeaderGraphs(String)[2191]" classname="io.jbotsim.io.format.graph6.Graph6TopologySerializerTest" time="0.001"/>
  <testcase name="checkDecodeEncodeChangeHeaderGraphs(String)[2192]" classname="io.jbotsim.io.format.graph6.Graph6TopologySerializerTest" time="0.0"/>
  <testcase name="checkDecodeEncodeChangeHeaderGraphs(String)[2193]" classname="io.jbotsim.io.format.graph6.Graph6TopologySerializerTest" time="0.0"/>
  <testcase name="checkDecodeEncodeChangeHeaderGraphs(String)[2194]" classname="io.jbotsim.io.format.graph6.Graph6TopologySerializerTest" time="0.0"/>
  <testcase name="checkDecodeEncodeChangeHeaderGraphs(String)[2195]" classname="io.jbotsim.io.format.graph6.Graph6TopologySerializerTest" time="0.0"/>
  <testcase name="checkDecodeEncodeChangeHeaderGraphs(String)[2196]" classname="io.jbotsim.io.format.graph6.Graph6TopologySerializerTest" time="0.0"/>
  <testcase name="checkDecodeEncodeChangeHeaderGraphs(String)[2197]" classname="io.jbotsim.io.format.graph6.Graph6TopologySerializerTest" time="0.0"/>
  <testcase name="checkDecodeEncodeChangeHeaderGraphs(String)[2198]" classname="io.jbotsim.io.format.graph6.Graph6TopologySerializerTest" time="0.0"/>
  <testcase name="checkDecodeEncodeChangeHeaderGraphs(String)[2199]" classname="io.jbotsim.io.format.graph6.Graph6TopologySerializerTest" time="0.004"/>
  <testcase name="checkDecodeEncodeChangeHeaderGraphs(String)[2200]" classname="io.jbotsim.io.format.graph6.Graph6TopologySerializerTest" time="0.0"/>
  <testcase name="checkDecodeEncodeChangeHeaderGraphs(String)[2201]" classname="io.jbotsim.io.format.graph6.Graph6TopologySerializerTest" time="0.0"/>
  <testcase name="checkDecodeEncodeChangeHeaderGraphs(String)[2202]" classname="io.jbotsim.io.format.graph6.Graph6TopologySerializerTest" time="0.001"/>
  <testcase name="checkDecodeEncodeChangeHeaderGraphs(String)[2203]" classname="io.jbotsim.io.format.graph6.Graph6TopologySerializerTest" time="0.0"/>
  <testcase name="checkDecodeEncodeChangeHeaderGraphs(String)[2204]" classname="io.jbotsim.io.format.graph6.Graph6TopologySerializerTest" time="0.0"/>
  <testcase name="checkDecodeEncodeChangeHeaderGraphs(String)[2205]" classname="io.jbotsim.io.format.graph6.Graph6TopologySerializerTest" time="0.003"/>
  <testcase name="checkDecodeEncodeChangeHeaderGraphs(String)[2206]" classname="io.jbotsim.io.format.graph6.Graph6TopologySerializerTest" time="0.0"/>
  <testcase name="checkDecodeEncodeChangeHeaderGraphs(String)[2207]" classname="io.jbotsim.io.format.graph6.Graph6TopologySerializerTest" time="0.001"/>
  <testcase name="checkDecodeEncodeChangeHeaderGraphs(String)[2208]" classname="io.jbotsim.io.format.graph6.Graph6TopologySerializerTest" time="0.0"/>
  <testcase name="checkDecodeEncodeChangeHeaderGraphs(String)[2209]" classname="io.jbotsim.io.format.graph6.Graph6TopologySerializerTest" time="0.002"/>
  <testcase name="checkDecodeEncodeChangeHeaderGraphs(String)[2210]" classname="io.jbotsim.io.format.graph6.Graph6TopologySerializerTest" time="0.0"/>
  <testcase name="checkDecodeEncodeChangeHeaderGraphs(String)[2211]" classname="io.jbotsim.io.format.graph6.Graph6TopologySerializerTest" time="0.0"/>
  <testcase name="checkDecodeEncodeChangeHeaderGraphs(String)[2212]" classname="io.jbotsim.io.format.graph6.Graph6TopologySerializerTest" time="0.0"/>
  <testcase name="checkDecodeEncodeChangeHeaderGraphs(String)[2213]" classname="io.jbotsim.io.format.graph6.Graph6TopologySerializerTest" time="0.003"/>
  <testcase name="checkDecodeEncodeChangeHeaderGraphs(String)[2214]" classname="io.jbotsim.io.format.graph6.Graph6TopologySerializerTest" time="0.001"/>
  <testcase name="checkDecodeEncodeChangeHeaderGraphs(String)[2215]" classname="io.jbotsim.io.format.graph6.Graph6TopologySerializerTest" time="0.0"/>
  <testcase name="checkDecodeEncodeChangeHeaderGraphs(String)[2216]" classname="io.jbotsim.io.format.graph6.Graph6TopologySerializerTest" time="0.002"/>
  <testcase name="checkDecodeEncodeChangeHeaderGraphs(String)[2217]" classname="io.jbotsim.io.format.graph6.Graph6TopologySerializerTest" time="0.001"/>
  <testcase name="checkDecodeEncodeChangeHeaderGraphs(String)[2218]" classname="io.jbotsim.io.format.graph6.Graph6TopologySerializerTest" time="0.001"/>
  <testcase name="checkDecodeEncodeChangeHeaderGraphs(String)[2219]" classname="io.jbotsim.io.format.graph6.Graph6TopologySerializerTest" time="0.0"/>
  <testcase name="checkDecodeEncodeChangeHeaderGraphs(String)[2220]" classname="io.jbotsim.io.format.graph6.Graph6TopologySerializerTest" time="0.0"/>
  <testcase name="checkDecodeEncodeChangeHeaderGraphs(String)[2221]" classname="io.jbotsim.io.format.graph6.Graph6TopologySerializerTest" time="0.001"/>
  <testcase name="checkDecodeEncodeChangeHeaderGraphs(String)[2222]" classname="io.jbotsim.io.format.graph6.Graph6TopologySerializerTest" time="0.0"/>
  <testcase name="checkDecodeEncodeChangeHeaderGraphs(String)[2223]" classname="io.jbotsim.io.format.graph6.Graph6TopologySerializerTest" time="0.0"/>
  <testcase name="checkDecodeEncodeChangeHeaderGraphs(String)[2224]" classname="io.jbotsim.io.format.graph6.Graph6TopologySerializerTest" time="0.003"/>
  <testcase name="checkDecodeEncodeChangeHeaderGraphs(String)[2225]" classname="io.jbotsim.io.format.graph6.Graph6TopologySerializerTest" time="0.0"/>
  <testcase name="checkDecodeEncodeChangeHeaderGraphs(String)[2226]" classname="io.jbotsim.io.format.graph6.Graph6TopologySerializerTest" time="0.001"/>
  <testcase name="checkDecodeEncodeChangeHeaderGraphs(String)[2227]" classname="io.jbotsim.io.format.graph6.Graph6TopologySerializerTest" time="0.001"/>
  <testcase name="checkDecodeEncodeChangeHeaderGraphs(String)[2228]" classname="io.jbotsim.io.format.graph6.Graph6TopologySerializerTest" time="0.002"/>
  <testcase name="checkDecodeEncodeChangeHeaderGraphs(String)[2229]" classname="io.jbotsim.io.format.graph6.Graph6TopologySerializerTest" time="0.0"/>
  <testcase name="checkDecodeEncodeChangeHeaderGraphs(String)[2230]" classname="io.jbotsim.io.format.graph6.Graph6TopologySerializerTest" time="0.0"/>
  <testcase name="checkDecodeEncodeChangeHeaderGraphs(String)[2231]" classname="io.jbotsim.io.format.graph6.Graph6TopologySerializerTest" time="0.0"/>
  <testcase name="checkDecodeEncodeChangeHeaderGraphs(String)[2232]" classname="io.jbotsim.io.format.graph6.Graph6TopologySerializerTest" time="0.0"/>
  <testcase name="checkDecodeEncodeChangeHeaderGraphs(String)[2233]" classname="io.jbotsim.io.format.graph6.Graph6TopologySerializerTest" time="0.001"/>
  <testcase name="checkDecodeEncodeChangeHeaderGraphs(String)[2234]" classname="io.jbotsim.io.format.graph6.Graph6TopologySerializerTest" time="0.0"/>
  <testcase name="checkDecodeEncodeChangeHeaderGraphs(String)[2235]" classname="io.jbotsim.io.format.graph6.Graph6TopologySerializerTest" time="0.001"/>
  <testcase name="checkDecodeEncodeChangeHeaderGraphs(String)[2236]" classname="io.jbotsim.io.format.graph6.Graph6TopologySerializerTest" time="0.001"/>
  <testcase name="checkDecodeEncodeChangeHeaderGraphs(String)[2237]" classname="io.jbotsim.io.format.graph6.Graph6TopologySerializerTest" time="0.0"/>
  <testcase name="checkDecodeEncodeChangeHeaderGraphs(String)[2238]" classname="io.jbotsim.io.format.graph6.Graph6TopologySerializerTest" time="0.0"/>
  <testcase name="checkDecodeEncodeChangeHeaderGraphs(String)[2239]" classname="io.jbotsim.io.format.graph6.Graph6TopologySerializerTest" time="0.001"/>
  <testcase name="checkDecodeEncodeChangeHeaderGraphs(String)[2240]" classname="io.jbotsim.io.format.graph6.Graph6TopologySerializerTest" time="0.003"/>
  <testcase name="checkDecodeEncodeChangeHeaderGraphs(String)[2241]" classname="io.jbotsim.io.format.graph6.Graph6TopologySerializerTest" time="0.0"/>
  <testcase name="checkDecodeEncodeChangeHeaderGraphs(String)[2242]" classname="io.jbotsim.io.format.graph6.Graph6TopologySerializerTest" time="0.0"/>
  <testcase name="checkDecodeEncodeChangeHeaderGraphs(String)[2243]" classname="io.jbotsim.io.format.graph6.Graph6TopologySerializerTest" time="0.0"/>
  <testcase name="checkDecodeEncodeChangeHeaderGraphs(String)[2244]" classname="io.jbotsim.io.format.graph6.Graph6TopologySerializerTest" time="0.001"/>
  <testcase name="checkDecodeEncodeChangeHeaderGraphs(String)[2245]" classname="io.jbotsim.io.format.graph6.Graph6TopologySerializerTest" time="0.0"/>
  <testcase name="checkDecodeEncodeChangeHeaderGraphs(String)[2246]" classname="io.jbotsim.io.format.graph6.Graph6TopologySerializerTest" time="0.004"/>
  <testcase name="checkDecodeEncodeChangeHeaderGraphs(String)[2247]" classname="io.jbotsim.io.format.graph6.Graph6TopologySerializerTest" time="0.002"/>
  <testcase name="checkDecodeEncodeChangeHeaderGraphs(String)[2248]" classname="io.jbotsim.io.format.graph6.Graph6TopologySerializerTest" time="0.004"/>
  <testcase name="checkDecodeEncodeChangeHeaderGraphs(String)[2249]" classname="io.jbotsim.io.format.graph6.Graph6TopologySerializerTest" time="0.003"/>
  <testcase name="checkDecodeEncodeChangeHeaderGraphs(String)[2250]" classname="io.jbotsim.io.format.graph6.Graph6TopologySerializerTest" time="0.001"/>
  <testcase name="checkDecodeEncodeChangeHeaderGraphs(String)[2251]" classname="io.jbotsim.io.format.graph6.Graph6TopologySerializerTest" time="0.004"/>
  <testcase name="checkDecodeEncodeChangeHeaderGraphs(String)[2252]" classname="io.jbotsim.io.format.graph6.Graph6TopologySerializerTest" time="0.001"/>
  <testcase name="checkDecodeEncodeChangeHeaderGraphs(String)[2253]" classname="io.jbotsim.io.format.graph6.Graph6TopologySerializerTest" time="0.001"/>
  <testcase name="checkDecodeEncodeChangeHeaderGraphs(String)[2254]" classname="io.jbotsim.io.format.graph6.Graph6TopologySerializerTest" time="0.001"/>
  <testcase name="checkDecodeEncodeChangeHeaderGraphs(String)[2255]" classname="io.jbotsim.io.format.graph6.Graph6TopologySerializerTest" time="0.0"/>
  <testcase name="checkDecodeEncodeChangeHeaderGraphs(String)[2256]" classname="io.jbotsim.io.format.graph6.Graph6TopologySerializerTest" time="0.0"/>
  <testcase name="checkDecodeEncodeChangeHeaderGraphs(String)[2257]" classname="io.jbotsim.io.format.graph6.Graph6TopologySerializerTest" time="0.0"/>
  <testcase name="checkDecodeEncodeChangeHeaderGraphs(String)[2258]" classname="io.jbotsim.io.format.graph6.Graph6TopologySerializerTest" time="0.001"/>
  <testcase name="checkDecodeEncodeChangeHeaderGraphs(String)[2259]" classname="io.jbotsim.io.format.graph6.Graph6TopologySerializerTest" time="0.0"/>
  <testcase name="checkDecodeEncodeChangeHeaderGraphs(String)[2260]" classname="io.jbotsim.io.format.graph6.Graph6TopologySerializerTest" time="0.0"/>
  <testcase name="checkDecodeEncodeChangeHeaderGraphs(String)[2261]" classname="io.jbotsim.io.format.graph6.Graph6TopologySerializerTest" time="0.004"/>
  <testcase name="checkDecodeEncodeChangeHeaderGraphs(String)[2262]" classname="io.jbotsim.io.format.graph6.Graph6TopologySerializerTest" time="0.0"/>
  <testcase name="checkDecodeEncodeChangeHeaderGraphs(String)[2263]" classname="io.jbotsim.io.format.graph6.Graph6TopologySerializerTest" time="0.0"/>
  <testcase name="checkDecodeEncodeChangeHeaderGraphs(String)[2264]" classname="io.jbotsim.io.format.graph6.Graph6TopologySerializerTest" time="0.0"/>
  <testcase name="checkDecodeEncodeChangeHeaderGraphs(String)[2265]" classname="io.jbotsim.io.format.graph6.Graph6TopologySerializerTest" time="0.003"/>
  <testcase name="checkDecodeEncodeChangeHeaderGraphs(String)[2266]" classname="io.jbotsim.io.format.graph6.Graph6TopologySerializerTest" time="0.001"/>
  <testcase name="checkDecodeEncodeChangeHeaderGraphs(String)[2267]" classname="io.jbotsim.io.format.graph6.Graph6TopologySerializerTest" time="0.0"/>
  <testcase name="checkDecodeEncodeChangeHeaderGraphs(String)[2268]" classname="io.jbotsim.io.format.graph6.Graph6TopologySerializerTest" time="0.0"/>
  <testcase name="checkDecodeEncodeChangeHeaderGraphs(String)[2269]" classname="io.jbotsim.io.format.graph6.Graph6TopologySerializerTest" time="0.005"/>
  <testcase name="checkDecodeEncodeChangeHeaderGraphs(String)[2270]" classname="io.jbotsim.io.format.graph6.Graph6TopologySerializerTest" time="0.0"/>
  <testcase name="checkDecodeEncodeChangeHeaderGraphs(String)[2271]" classname="io.jbotsim.io.format.graph6.Graph6TopologySerializerTest" time="0.0"/>
  <testcase name="checkDecodeEncodeChangeHeaderGraphs(String)[2272]" classname="io.jbotsim.io.format.graph6.Graph6TopologySerializerTest" time="0.001"/>
  <testcase name="checkDecodeEncodeChangeHeaderGraphs(String)[2273]" classname="io.jbotsim.io.format.graph6.Graph6TopologySerializerTest" time="0.002"/>
  <testcase name="checkDecodeEncodeChangeHeaderGraphs(String)[2274]" classname="io.jbotsim.io.format.graph6.Graph6TopologySerializerTest" time="0.0"/>
  <testcase name="checkDecodeEncodeChangeHeaderGraphs(String)[2275]" classname="io.jbotsim.io.format.graph6.Graph6TopologySerializerTest" time="0.001"/>
  <testcase name="checkDecodeEncodeChangeHeaderGraphs(String)[2276]" classname="io.jbotsim.io.format.graph6.Graph6TopologySerializerTest" time="0.002"/>
  <testcase name="checkDecodeEncodeChangeHeaderGraphs(String)[2277]" classname="io.jbotsim.io.format.graph6.Graph6TopologySerializerTest" time="0.001"/>
  <testcase name="checkDecodeEncodeChangeHeaderGraphs(String)[2278]" classname="io.jbotsim.io.format.graph6.Graph6TopologySerializerTest" time="0.001"/>
  <testcase name="checkDecodeEncodeChangeHeaderGraphs(String)[2279]" classname="io.jbotsim.io.format.graph6.Graph6TopologySerializerTest" time="0.003"/>
  <testcase name="checkDecodeEncodeChangeHeaderGraphs(String)[2280]" classname="io.jbotsim.io.format.graph6.Graph6TopologySerializerTest" time="0.001"/>
  <testcase name="checkDecodeEncodeChangeHeaderGraphs(String)[2281]" classname="io.jbotsim.io.format.graph6.Graph6TopologySerializerTest" time="0.0"/>
  <testcase name="checkDecodeEncodeChangeHeaderGraphs(String)[2282]" classname="io.jbotsim.io.format.graph6.Graph6TopologySerializerTest" time="0.001"/>
  <testcase name="checkDecodeEncodeChangeHeaderGraphs(String)[2283]" classname="io.jbotsim.io.format.graph6.Graph6TopologySerializerTest" time="0.001"/>
  <testcase name="checkDecodeEncodeChangeHeaderGraphs(String)[2284]" classname="io.jbotsim.io.format.graph6.Graph6TopologySerializerTest" time="0.004"/>
  <testcase name="checkDecodeEncodeChangeHeaderGraphs(String)[2285]" classname="io.jbotsim.io.format.graph6.Graph6TopologySerializerTest" time="0.001"/>
  <testcase name="checkDecodeEncodeChangeHeaderGraphs(String)[2286]" classname="io.jbotsim.io.format.graph6.Graph6TopologySerializerTest" time="0.001"/>
  <testcase name="checkDecodeEncodeChangeHeaderGraphs(String)[2287]" classname="io.jbotsim.io.format.graph6.Graph6TopologySerializerTest" time="0.002"/>
  <testcase name="checkDecodeEncodeChangeHeaderGraphs(String)[2288]" classname="io.jbotsim.io.format.graph6.Graph6TopologySerializerTest" time="0.0"/>
  <testcase name="checkDecodeEncodeChangeHeaderGraphs(String)[2289]" classname="io.jbotsim.io.format.graph6.Graph6TopologySerializerTest" time="0.001"/>
  <testcase name="checkDecodeEncodeChangeHeaderGraphs(String)[2290]" classname="io.jbotsim.io.format.graph6.Graph6TopologySerializerTest" time="0.0"/>
  <testcase name="checkDecodeEncodeChangeHeaderGraphs(String)[2291]" classname="io.jbotsim.io.format.graph6.Graph6TopologySerializerTest" time="0.003"/>
  <testcase name="checkDecodeEncodeChangeHeaderGraphs(String)[2292]" classname="io.jbotsim.io.format.graph6.Graph6TopologySerializerTest" time="0.001"/>
  <testcase name="checkDecodeEncodeChangeHeaderGraphs(String)[2293]" classname="io.jbotsim.io.format.graph6.Graph6TopologySerializerTest" time="0.002"/>
  <testcase name="checkDecodeEncodeChangeHeaderGraphs(String)[2294]" classname="io.jbotsim.io.format.graph6.Graph6TopologySerializerTest" time="0.0"/>
  <testcase name="checkDecodeEncodeChangeHeaderGraphs(String)[2295]" classname="io.jbotsim.io.format.graph6.Graph6TopologySerializerTest" time="0.003"/>
  <testcase name="checkDecodeEncodeChangeHeaderGraphs(String)[2296]" classname="io.jbotsim.io.format.graph6.Graph6TopologySerializerTest" time="0.0"/>
  <testcase name="checkDecodeEncodeChangeHeaderGraphs(String)[2297]" classname="io.jbotsim.io.format.graph6.Graph6TopologySerializerTest" time="0.0"/>
  <testcase name="checkDecodeEncodeChangeHeaderGraphs(String)[2298]" classname="io.jbotsim.io.format.graph6.Graph6TopologySerializerTest" time="0.001"/>
  <testcase name="checkDecodeEncodeChangeHeaderGraphs(String)[2299]" classname="io.jbotsim.io.format.graph6.Graph6TopologySerializerTest" time="0.001"/>
  <testcase name="checkDecodeEncodeChangeHeaderGraphs(String)[2300]" classname="io.jbotsim.io.format.graph6.Graph6TopologySerializerTest" time="0.001"/>
  <testcase name="checkDecodeEncodeChangeHeaderGraphs(String)[2301]" classname="io.jbotsim.io.format.graph6.Graph6TopologySerializerTest" time="0.002"/>
  <testcase name="checkDecodeEncodeChangeHeaderGraphs(String)[2302]" classname="io.jbotsim.io.format.graph6.Graph6TopologySerializerTest" time="0.0"/>
  <testcase name="checkDecodeEncodeChangeHeaderGraphs(String)[2303]" classname="io.jbotsim.io.format.graph6.Graph6TopologySerializerTest" time="0.001"/>
  <testcase name="checkDecodeEncodeChangeHeaderGraphs(String)[2304]" classname="io.jbotsim.io.format.graph6.Graph6TopologySerializerTest" time="0.001"/>
  <testcase name="checkDecodeEncodeChangeHeaderGraphs(String)[2305]" classname="io.jbotsim.io.format.graph6.Graph6TopologySerializerTest" time="0.0"/>
  <testcase name="checkDecodeEncodeChangeHeaderGraphs(String)[2306]" classname="io.jbotsim.io.format.graph6.Graph6TopologySerializerTest" time="0.003"/>
  <testcase name="checkDecodeEncodeChangeHeaderGraphs(String)[2307]" classname="io.jbotsim.io.format.graph6.Graph6TopologySerializerTest" time="0.001"/>
  <testcase name="checkDecodeEncodeChangeHeaderGraphs(String)[2308]" classname="io.jbotsim.io.format.graph6.Graph6TopologySerializerTest" time="0.001"/>
  <testcase name="checkDecodeEncodeChangeHeaderGraphs(String)[2309]" classname="io.jbotsim.io.format.graph6.Graph6TopologySerializerTest" time="0.0"/>
  <testcase name="checkDecodeEncodeChangeHeaderGraphs(String)[2310]" classname="io.jbotsim.io.format.graph6.Graph6TopologySerializerTest" time="0.0"/>
  <testcase name="checkDecodeEncodeChangeHeaderGraphs(String)[2311]" classname="io.jbotsim.io.format.graph6.Graph6TopologySerializerTest" time="0.001"/>
  <testcase name="checkDecodeEncodeChangeHeaderGraphs(String)[2312]" classname="io.jbotsim.io.format.graph6.Graph6TopologySerializerTest" time="0.001"/>
  <testcase name="checkDecodeEncodeChangeHeaderGraphs(String)[2313]" classname="io.jbotsim.io.format.graph6.Graph6TopologySerializerTest" time="0.0"/>
  <testcase name="checkDecodeEncodeChangeHeaderGraphs(String)[2314]" classname="io.jbotsim.io.format.graph6.Graph6TopologySerializerTest" time="0.0"/>
  <testcase name="checkDecodeEncodeChangeHeaderGraphs(String)[2315]" classname="io.jbotsim.io.format.graph6.Graph6TopologySerializerTest" time="0.001"/>
  <testcase name="checkDecodeEncodeChangeHeaderGraphs(String)[2316]" classname="io.jbotsim.io.format.graph6.Graph6TopologySerializerTest" time="0.0"/>
  <testcase name="checkDecodeEncodeChangeHeaderGraphs(String)[2317]" classname="io.jbotsim.io.format.graph6.Graph6TopologySerializerTest" time="0.0"/>
  <testcase name="checkDecodeEncodeChangeHeaderGraphs(String)[2318]" classname="io.jbotsim.io.format.graph6.Graph6TopologySerializerTest" time="0.001"/>
  <testcase name="checkDecodeEncodeChangeHeaderGraphs(String)[2319]" classname="io.jbotsim.io.format.graph6.Graph6TopologySerializerTest" time="0.0"/>
  <testcase name="checkDecodeEncodeChangeHeaderGraphs(String)[2320]" classname="io.jbotsim.io.format.graph6.Graph6TopologySerializerTest" time="0.0"/>
  <testcase name="checkDecodeEncodeChangeHeaderGraphs(String)[2321]" classname="io.jbotsim.io.format.graph6.Graph6TopologySerializerTest" time="0.001"/>
  <testcase name="checkDecodeEncodeChangeHeaderGraphs(String)[2322]" classname="io.jbotsim.io.format.graph6.Graph6TopologySerializerTest" time="0.005"/>
  <testcase name="checkDecodeEncodeChangeHeaderGraphs(String)[2323]" classname="io.jbotsim.io.format.graph6.Graph6TopologySerializerTest" time="0.001"/>
  <testcase name="checkDecodeEncodeChangeHeaderGraphs(String)[2324]" classname="io.jbotsim.io.format.graph6.Graph6TopologySerializerTest" time="0.001"/>
  <testcase name="checkDecodeEncodeChangeHeaderGraphs(String)[2325]" classname="io.jbotsim.io.format.graph6.Graph6TopologySerializerTest" time="0.001"/>
  <testcase name="checkDecodeEncodeChangeHeaderGraphs(String)[2326]" classname="io.jbotsim.io.format.graph6.Graph6TopologySerializerTest" time="0.0"/>
  <testcase name="checkDecodeEncodeChangeHeaderGraphs(String)[2327]" classname="io.jbotsim.io.format.graph6.Graph6TopologySerializerTest" time="0.0"/>
  <testcase name="checkDecodeEncodeChangeHeaderGraphs(String)[2328]" classname="io.jbotsim.io.format.graph6.Graph6TopologySerializerTest" time="0.003"/>
  <testcase name="checkDecodeEncodeChangeHeaderGraphs(String)[2329]" classname="io.jbotsim.io.format.graph6.Graph6TopologySerializerTest" time="0.0"/>
  <testcase name="checkDecodeEncodeChangeHeaderGraphs(String)[2330]" classname="io.jbotsim.io.format.graph6.Graph6TopologySerializerTest" time="0.0"/>
  <testcase name="checkDecodeEncodeChangeHeaderGraphs(String)[2331]" classname="io.jbotsim.io.format.graph6.Graph6TopologySerializerTest" time="0.002"/>
  <testcase name="checkDecodeEncodeChangeHeaderGraphs(String)[2332]" classname="io.jbotsim.io.format.graph6.Graph6TopologySerializerTest" time="0.0"/>
  <testcase name="checkDecodeEncodeChangeHeaderGraphs(String)[2333]" classname="io.jbotsim.io.format.graph6.Graph6TopologySerializerTest" time="0.0"/>
  <testcase name="checkDecodeEncodeChangeHeaderGraphs(String)[2334]" classname="io.jbotsim.io.format.graph6.Graph6TopologySerializerTest" time="0.004"/>
  <testcase name="checkDecodeEncodeChangeHeaderGraphs(String)[2335]" classname="io.jbotsim.io.format.graph6.Graph6TopologySerializerTest" time="0.0"/>
  <testcase name="checkDecodeEncodeChangeHeaderGraphs(String)[2336]" classname="io.jbotsim.io.format.graph6.Graph6TopologySerializerTest" time="0.0"/>
  <testcase name="checkDecodeEncodeChangeHeaderGraphs(String)[2337]" classname="io.jbotsim.io.format.graph6.Graph6TopologySerializerTest" time="0.001"/>
  <testcase name="checkDecodeEncodeChangeHeaderGraphs(String)[2338]" classname="io.jbotsim.io.format.graph6.Graph6TopologySerializerTest" time="0.0"/>
  <testcase name="checkDecodeEncodeChangeHeaderGraphs(String)[2339]" classname="io.jbotsim.io.format.graph6.Graph6TopologySerializerTest" time="0.0"/>
  <testcase name="checkDecodeEncodeChangeHeaderGraphs(String)[2340]" classname="io.jbotsim.io.format.graph6.Graph6TopologySerializerTest" time="0.001"/>
  <testcase name="checkDecodeEncodeChangeHeaderGraphs(String)[2341]" classname="io.jbotsim.io.format.graph6.Graph6TopologySerializerTest" time="0.003"/>
  <testcase name="checkDecodeEncodeChangeHeaderGraphs(String)[2342]" classname="io.jbotsim.io.format.graph6.Graph6TopologySerializerTest" time="0.0"/>
  <testcase name="checkDecodeEncodeChangeHeaderGraphs(String)[2343]" classname="io.jbotsim.io.format.graph6.Graph6TopologySerializerTest" time="0.0"/>
  <testcase name="checkDecodeEncodeChangeHeaderGraphs(String)[2344]" classname="io.jbotsim.io.format.graph6.Graph6TopologySerializerTest" time="0.0"/>
  <testcase name="checkDecodeEncodeChangeHeaderGraphs(String)[2345]" classname="io.jbotsim.io.format.graph6.Graph6TopologySerializerTest" time="0.001"/>
  <testcase name="checkDecodeEncodeChangeHeaderGraphs(String)[2346]" classname="io.jbotsim.io.format.graph6.Graph6TopologySerializerTest" time="0.001"/>
  <testcase name="checkDecodeEncodeChangeHeaderGraphs(String)[2347]" classname="io.jbotsim.io.format.graph6.Graph6TopologySerializerTest" time="0.0"/>
  <testcase name="checkDecodeEncodeChangeHeaderGraphs(String)[2348]" classname="io.jbotsim.io.format.graph6.Graph6TopologySerializerTest" time="0.0"/>
  <testcase name="checkDecodeEncodeChangeHeaderGraphs(String)[2349]" classname="io.jbotsim.io.format.graph6.Graph6TopologySerializerTest" time="0.001"/>
  <testcase name="checkDecodeEncodeChangeHeaderGraphs(String)[2350]" classname="io.jbotsim.io.format.graph6.Graph6TopologySerializerTest" time="0.003"/>
  <testcase name="checkDecodeEncodeChangeHeaderGraphs(String)[2351]" classname="io.jbotsim.io.format.graph6.Graph6TopologySerializerTest" time="0.001"/>
  <testcase name="checkDecodeEncodeChangeHeaderGraphs(String)[2352]" classname="io.jbotsim.io.format.graph6.Graph6TopologySerializerTest" time="0.0"/>
  <testcase name="checkDecodeEncodeChangeHeaderGraphs(String)[2353]" classname="io.jbotsim.io.format.graph6.Graph6TopologySerializerTest" time="0.0"/>
  <testcase name="checkDecodeEncodeChangeHeaderGraphs(String)[2354]" classname="io.jbotsim.io.format.graph6.Graph6TopologySerializerTest" time="0.001"/>
  <testcase name="checkDecodeEncodeChangeHeaderGraphs(String)[2355]" classname="io.jbotsim.io.format.graph6.Graph6TopologySerializerTest" time="0.0"/>
  <testcase name="checkDecodeEncodeChangeHeaderGraphs(String)[2356]" classname="io.jbotsim.io.format.graph6.Graph6TopologySerializerTest" time="0.001"/>
  <testcase name="checkDecodeEncodeChangeHeaderGraphs(String)[2357]" classname="io.jbotsim.io.format.graph6.Graph6TopologySerializerTest" time="0.0"/>
  <testcase name="checkDecodeEncodeChangeHeaderGraphs(String)[2358]" classname="io.jbotsim.io.format.graph6.Graph6TopologySerializerTest" time="0.0"/>
  <testcase name="checkDecodeEncodeChangeHeaderGraphs(String)[2359]" classname="io.jbotsim.io.format.graph6.Graph6TopologySerializerTest" time="0.0"/>
  <testcase name="checkDecodeEncodeChangeHeaderGraphs(String)[2360]" classname="io.jbotsim.io.format.graph6.Graph6TopologySerializerTest" time="0.001"/>
  <testcase name="checkDecodeEncodeChangeHeaderGraphs(String)[2361]" classname="io.jbotsim.io.format.graph6.Graph6TopologySerializerTest" time="0.0"/>
  <testcase name="checkDecodeEncodeChangeHeaderGraphs(String)[2362]" classname="io.jbotsim.io.format.graph6.Graph6TopologySerializerTest" time="0.0"/>
  <testcase name="checkDecodeEncodeChangeHeaderGraphs(String)[2363]" classname="io.jbotsim.io.format.graph6.Graph6TopologySerializerTest" time="0.0"/>
  <testcase name="checkDecodeEncodeChangeHeaderGraphs(String)[2364]" classname="io.jbotsim.io.format.graph6.Graph6TopologySerializerTest" time="0.003"/>
  <testcase name="checkDecodeEncodeChangeHeaderGraphs(String)[2365]" classname="io.jbotsim.io.format.graph6.Graph6TopologySerializerTest" time="0.0"/>
  <testcase name="checkDecodeEncodeChangeHeaderGraphs(String)[2366]" classname="io.jbotsim.io.format.graph6.Graph6TopologySerializerTest" time="0.0"/>
  <testcase name="checkDecodeEncodeChangeHeaderGraphs(String)[2367]" classname="io.jbotsim.io.format.graph6.Graph6TopologySerializerTest" time="0.001"/>
  <testcase name="checkDecodeEncodeChangeHeaderGraphs(String)[2368]" classname="io.jbotsim.io.format.graph6.Graph6TopologySerializerTest" time="0.0"/>
  <testcase name="checkDecodeEncodeChangeHeaderGraphs(String)[2369]" classname="io.jbotsim.io.format.graph6.Graph6TopologySerializerTest" time="0.0"/>
  <testcase name="checkDecodeEncodeChangeHeaderGraphs(String)[2370]" classname="io.jbotsim.io.format.graph6.Graph6TopologySerializerTest" time="0.001"/>
  <testcase name="checkDecodeEncodeChangeHeaderGraphs(String)[2371]" classname="io.jbotsim.io.format.graph6.Graph6TopologySerializerTest" time="0.001"/>
  <testcase name="checkDecodeEncodeChangeHeaderGraphs(String)[2372]" classname="io.jbotsim.io.format.graph6.Graph6TopologySerializerTest" time="0.004"/>
  <testcase name="checkDecodeEncodeChangeHeaderGraphs(String)[2373]" classname="io.jbotsim.io.format.graph6.Graph6TopologySerializerTest" time="0.0"/>
  <testcase name="checkDecodeEncodeChangeHeaderGraphs(String)[2374]" classname="io.jbotsim.io.format.graph6.Graph6TopologySerializerTest" time="0.0"/>
  <testcase name="checkDecodeEncodeChangeHeaderGraphs(String)[2375]" classname="io.jbotsim.io.format.graph6.Graph6TopologySerializerTest" time="0.001"/>
  <testcase name="checkDecodeEncodeChangeHeaderGraphs(String)[2376]" classname="io.jbotsim.io.format.graph6.Graph6TopologySerializerTest" time="0.0"/>
  <testcase name="checkDecodeEncodeChangeHeaderGraphs(String)[2377]" classname="io.jbotsim.io.format.graph6.Graph6TopologySerializerTest" time="0.0"/>
  <testcase name="checkDecodeEncodeChangeHeaderGraphs(String)[2378]" classname="io.jbotsim.io.format.graph6.Graph6TopologySerializerTest" time="0.001"/>
  <testcase name="checkDecodeEncodeChangeHeaderGraphs(String)[2379]" classname="io.jbotsim.io.format.graph6.Graph6TopologySerializerTest" time="0.0"/>
  <testcase name="checkDecodeEncodeChangeHeaderGraphs(String)[2380]" classname="io.jbotsim.io.format.graph6.Graph6TopologySerializerTest" time="0.004"/>
  <testcase name="checkDecodeEncodeChangeHeaderGraphs(String)[2381]" classname="io.jbotsim.io.format.graph6.Graph6TopologySerializerTest" time="0.0"/>
  <testcase name="checkDecodeEncodeChangeHeaderGraphs(String)[2382]" classname="io.jbotsim.io.format.graph6.Graph6TopologySerializerTest" time="0.001"/>
  <testcase name="checkDecodeEncodeChangeHeaderGraphs(String)[2383]" classname="io.jbotsim.io.format.graph6.Graph6TopologySerializerTest" time="0.0"/>
  <testcase name="checkDecodeEncodeChangeHeaderGraphs(String)[2384]" classname="io.jbotsim.io.format.graph6.Graph6TopologySerializerTest" time="0.0"/>
  <testcase name="checkDecodeEncodeChangeHeaderGraphs(String)[2385]" classname="io.jbotsim.io.format.graph6.Graph6TopologySerializerTest" time="0.001"/>
  <testcase name="checkDecodeEncodeChangeHeaderGraphs(String)[2386]" classname="io.jbotsim.io.format.graph6.Graph6TopologySerializerTest" time="0.0"/>
  <testcase name="checkDecodeEncodeChangeHeaderGraphs(String)[2387]" classname="io.jbotsim.io.format.graph6.Graph6TopologySerializerTest" time="0.001"/>
  <testcase name="checkDecodeEncodeChangeHeaderGraphs(String)[2388]" classname="io.jbotsim.io.format.graph6.Graph6TopologySerializerTest" time="0.001"/>
  <testcase name="checkDecodeEncodeChangeHeaderGraphs(String)[2389]" classname="io.jbotsim.io.format.graph6.Graph6TopologySerializerTest" time="0.0"/>
  <testcase name="checkDecodeEncodeChangeHeaderGraphs(String)[2390]" classname="io.jbotsim.io.format.graph6.Graph6TopologySerializerTest" time="0.0"/>
  <testcase name="checkDecodeEncodeChangeHeaderGraphs(String)[2391]" classname="io.jbotsim.io.format.graph6.Graph6TopologySerializerTest" time="0.001"/>
  <testcase name="checkDecodeEncodeChangeHeaderGraphs(String)[2392]" classname="io.jbotsim.io.format.graph6.Graph6TopologySerializerTest" time="0.0"/>
  <testcase name="checkDecodeEncodeChangeHeaderGraphs(String)[2393]" classname="io.jbotsim.io.format.graph6.Graph6TopologySerializerTest" time="0.0"/>
  <testcase name="checkDecodeEncodeChangeHeaderGraphs(String)[2394]" classname="io.jbotsim.io.format.graph6.Graph6TopologySerializerTest" time="0.001"/>
  <testcase name="checkDecodeEncodeChangeHeaderGraphs(String)[2395]" classname="io.jbotsim.io.format.graph6.Graph6TopologySerializerTest" time="0.0"/>
  <testcase name="checkDecodeEncodeChangeHeaderGraphs(String)[2396]" classname="io.jbotsim.io.format.graph6.Graph6TopologySerializerTest" time="0.001"/>
  <testcase name="checkDecodeEncodeChangeHeaderGraphs(String)[2397]" classname="io.jbotsim.io.format.graph6.Graph6TopologySerializerTest" time="0.0"/>
  <testcase name="checkDecodeEncodeChangeHeaderGraphs(String)[2398]" classname="io.jbotsim.io.format.graph6.Graph6TopologySerializerTest" time="0.0"/>
  <testcase name="checkDecodeEncodeChangeHeaderGraphs(String)[2399]" classname="io.jbotsim.io.format.graph6.Graph6TopologySerializerTest" time="0.001"/>
  <testcase name="checkDecodeEncodeChangeHeaderGraphs(String)[2400]" classname="io.jbotsim.io.format.graph6.Graph6TopologySerializerTest" time="0.0"/>
  <testcase name="checkDecodeEncodeChangeHeaderGraphs(String)[2401]" classname="io.jbotsim.io.format.graph6.Graph6TopologySerializerTest" time="0.0"/>
  <testcase name="checkDecodeEncodeChangeHeaderGraphs(String)[2402]" classname="io.jbotsim.io.format.graph6.Graph6TopologySerializerTest" time="0.001"/>
  <testcase name="checkDecodeEncodeChangeHeaderGraphs(String)[2403]" classname="io.jbotsim.io.format.graph6.Graph6TopologySerializerTest" time="0.0"/>
  <testcase name="checkDecodeEncodeChangeHeaderGraphs(String)[2404]" classname="io.jbotsim.io.format.graph6.Graph6TopologySerializerTest" time="0.003"/>
  <testcase name="checkDecodeEncodeChangeHeaderGraphs(String)[2405]" classname="io.jbotsim.io.format.graph6.Graph6TopologySerializerTest" time="0.0"/>
  <testcase name="checkDecodeEncodeChangeHeaderGraphs(String)[2406]" classname="io.jbotsim.io.format.graph6.Graph6TopologySerializerTest" time="0.0"/>
  <testcase name="checkDecodeEncodeChangeHeaderGraphs(String)[2407]" classname="io.jbotsim.io.format.graph6.Graph6TopologySerializerTest" time="0.001"/>
  <testcase name="checkDecodeEncodeChangeHeaderGraphs(String)[2408]" classname="io.jbotsim.io.format.graph6.Graph6TopologySerializerTest" time="0.0"/>
  <testcase name="checkDecodeEncodeChangeHeaderGraphs(String)[2409]" classname="io.jbotsim.io.format.graph6.Graph6TopologySerializerTest" time="0.0"/>
  <testcase name="checkDecodeEncodeChangeHeaderGraphs(String)[2410]" classname="io.jbotsim.io.format.graph6.Graph6TopologySerializerTest" time="0.001"/>
  <testcase name="checkDecodeEncodeChangeHeaderGraphs(String)[2411]" classname="io.jbotsim.io.format.graph6.Graph6TopologySerializerTest" time="0.001"/>
  <testcase name="checkDecodeEncodeChangeHeaderGraphs(String)[2412]" classname="io.jbotsim.io.format.graph6.Graph6TopologySerializerTest" time="0.001"/>
  <testcase name="checkDecodeEncodeChangeHeaderGraphs(String)[2413]" classname="io.jbotsim.io.format.graph6.Graph6TopologySerializerTest" time="0.003"/>
  <testcase name="checkDecodeEncodeChangeHeaderGraphs(String)[2414]" classname="io.jbotsim.io.format.graph6.Graph6TopologySerializerTest" time="0.0"/>
  <testcase name="checkDecodeEncodeChangeHeaderGraphs(String)[2415]" classname="io.jbotsim.io.format.graph6.Graph6TopologySerializerTest" time="0.001"/>
  <testcase name="checkDecodeEncodeChangeHeaderGraphs(String)[2416]" classname="io.jbotsim.io.format.graph6.Graph6TopologySerializerTest" time="0.0"/>
  <testcase name="checkDecodeEncodeChangeHeaderGraphs(String)[2417]" classname="io.jbotsim.io.format.graph6.Graph6TopologySerializerTest" time="0.001"/>
  <testcase name="checkDecodeEncodeChangeHeaderGraphs(String)[2418]" classname="io.jbotsim.io.format.graph6.Graph6TopologySerializerTest" time="0.0"/>
  <testcase name="checkDecodeEncodeChangeHeaderGraphs(String)[2419]" classname="io.jbotsim.io.format.graph6.Graph6TopologySerializerTest" time="0.001"/>
  <testcase name="checkDecodeEncodeChangeHeaderGraphs(String)[2420]" classname="io.jbotsim.io.format.graph6.Graph6TopologySerializerTest" time="0.001"/>
  <testcase name="checkDecodeEncodeChangeHeaderGraphs(String)[2421]" classname="io.jbotsim.io.format.graph6.Graph6TopologySerializerTest" time="0.0"/>
  <testcase name="checkDecodeEncodeChangeHeaderGraphs(String)[2422]" classname="io.jbotsim.io.format.graph6.Graph6TopologySerializerTest" time="0.0"/>
  <testcase name="checkDecodeEncodeChangeHeaderGraphs(String)[2423]" classname="io.jbotsim.io.format.graph6.Graph6TopologySerializerTest" time="0.0"/>
  <testcase name="checkDecodeEncodeChangeHeaderGraphs(String)[2424]" classname="io.jbotsim.io.format.graph6.Graph6TopologySerializerTest" time="0.003"/>
  <testcase name="checkDecodeEncodeChangeHeaderGraphs(String)[2425]" classname="io.jbotsim.io.format.graph6.Graph6TopologySerializerTest" time="0.0"/>
  <testcase name="checkDecodeEncodeChangeHeaderGraphs(String)[2426]" classname="io.jbotsim.io.format.graph6.Graph6TopologySerializerTest" time="0.0"/>
  <testcase name="checkDecodeEncodeChangeHeaderGraphs(String)[2427]" classname="io.jbotsim.io.format.graph6.Graph6TopologySerializerTest" time="0.0"/>
  <testcase name="checkDecodeEncodeChangeHeaderGraphs(String)[2428]" classname="io.jbotsim.io.format.graph6.Graph6TopologySerializerTest" time="0.0"/>
  <testcase name="checkDecodeEncodeChangeHeaderGraphs(String)[2429]" classname="io.jbotsim.io.format.graph6.Graph6TopologySerializerTest" time="0.001"/>
  <testcase name="checkDecodeEncodeChangeHeaderGraphs(String)[2430]" classname="io.jbotsim.io.format.graph6.Graph6TopologySerializerTest" time="0.0"/>
  <testcase name="checkDecodeEncodeChangeHeaderGraphs(String)[2431]" classname="io.jbotsim.io.format.graph6.Graph6TopologySerializerTest" time="0.001"/>
  <testcase name="checkDecodeEncodeChangeHeaderGraphs(String)[2432]" classname="io.jbotsim.io.format.graph6.Graph6TopologySerializerTest" time="0.001"/>
  <testcase name="checkDecodeEncodeChangeHeaderGraphs(String)[2433]" classname="io.jbotsim.io.format.graph6.Graph6TopologySerializerTest" time="0.0"/>
  <testcase name="checkDecodeEncodeChangeHeaderGraphs(String)[2434]" classname="io.jbotsim.io.format.graph6.Graph6TopologySerializerTest" time="0.0"/>
  <testcase name="checkDecodeEncodeChangeHeaderGraphs(String)[2435]" classname="io.jbotsim.io.format.graph6.Graph6TopologySerializerTest" time="0.0"/>
  <testcase name="checkDecodeEncodeChangeHeaderGraphs(String)[2436]" classname="io.jbotsim.io.format.graph6.Graph6TopologySerializerTest" time="0.003"/>
  <testcase name="checkDecodeEncodeChangeHeaderGraphs(String)[2437]" classname="io.jbotsim.io.format.graph6.Graph6TopologySerializerTest" time="0.0"/>
  <testcase name="checkDecodeEncodeChangeHeaderGraphs(String)[2438]" classname="io.jbotsim.io.format.graph6.Graph6TopologySerializerTest" time="0.0"/>
  <testcase name="checkDecodeEncodeChangeHeaderGraphs(String)[2439]" classname="io.jbotsim.io.format.graph6.Graph6TopologySerializerTest" time="0.0"/>
  <testcase name="checkDecodeEncodeChangeHeaderGraphs(String)[2440]" classname="io.jbotsim.io.format.graph6.Graph6TopologySerializerTest" time="0.0"/>
  <testcase name="checkDecodeEncodeChangeHeaderGraphs(String)[2441]" classname="io.jbotsim.io.format.graph6.Graph6TopologySerializerTest" time="0.0"/>
  <testcase name="checkDecodeEncodeChangeHeaderGraphs(String)[2442]" classname="io.jbotsim.io.format.graph6.Graph6TopologySerializerTest" time="0.0"/>
  <testcase name="checkDecodeEncodeChangeHeaderGraphs(String)[2443]" classname="io.jbotsim.io.format.graph6.Graph6TopologySerializerTest" time="0.0"/>
  <testcase name="checkDecodeEncodeChangeHeaderGraphs(String)[2444]" classname="io.jbotsim.io.format.graph6.Graph6TopologySerializerTest" time="0.0"/>
  <testcase name="checkDecodeEncodeChangeHeaderGraphs(String)[2445]" classname="io.jbotsim.io.format.graph6.Graph6TopologySerializerTest" time="0.0"/>
  <testcase name="checkDecodeEncodeChangeHeaderGraphs(String)[2446]" classname="io.jbotsim.io.format.graph6.Graph6TopologySerializerTest" time="0.004"/>
  <testcase name="checkDecodeEncodeChangeHeaderGraphs(String)[2447]" classname="io.jbotsim.io.format.graph6.Graph6TopologySerializerTest" time="0.0"/>
  <testcase name="checkDecodeEncodeChangeHeaderGraphs(String)[2448]" classname="io.jbotsim.io.format.graph6.Graph6TopologySerializerTest" time="0.0"/>
  <testcase name="checkDecodeEncodeChangeHeaderGraphs(String)[2449]" classname="io.jbotsim.io.format.graph6.Graph6TopologySerializerTest" time="0.0"/>
  <testcase name="checkDecodeEncodeChangeHeaderGraphs(String)[2450]" classname="io.jbotsim.io.format.graph6.Graph6TopologySerializerTest" time="0.0"/>
  <testcase name="checkDecodeEncodeChangeHeaderGraphs(String)[2451]" classname="io.jbotsim.io.format.graph6.Graph6TopologySerializerTest" time="0.0"/>
  <testcase name="checkDecodeEncodeChangeHeaderGraphs(String)[2452]" classname="io.jbotsim.io.format.graph6.Graph6TopologySerializerTest" time="0.001"/>
  <testcase name="checkDecodeEncodeChangeHeaderGraphs(String)[2453]" classname="io.jbotsim.io.format.graph6.Graph6TopologySerializerTest" time="0.001"/>
  <testcase name="checkDecodeEncodeChangeHeaderGraphs(String)[2454]" classname="io.jbotsim.io.format.graph6.Graph6TopologySerializerTest" time="0.0"/>
  <testcase name="checkDecodeEncodeChangeHeaderGraphs(String)[2455]" classname="io.jbotsim.io.format.graph6.Graph6TopologySerializerTest" time="0.0"/>
  <testcase name="checkDecodeEncodeChangeHeaderGraphs(String)[2456]" classname="io.jbotsim.io.format.graph6.Graph6TopologySerializerTest" time="0.0"/>
  <testcase name="checkDecodeEncodeChangeHeaderGraphs(String)[2457]" classname="io.jbotsim.io.format.graph6.Graph6TopologySerializerTest" time="0.0"/>
  <testcase name="checkDecodeEncodeChangeHeaderGraphs(String)[2458]" classname="io.jbotsim.io.format.graph6.Graph6TopologySerializerTest" time="0.002"/>
  <testcase name="checkDecodeEncodeChangeHeaderGraphs(String)[2459]" classname="io.jbotsim.io.format.graph6.Graph6TopologySerializerTest" time="0.0"/>
  <testcase name="checkDecodeEncodeChangeHeaderGraphs(String)[2460]" classname="io.jbotsim.io.format.graph6.Graph6TopologySerializerTest" time="0.001"/>
  <testcase name="checkDecodeEncodeChangeHeaderGraphs(String)[2461]" classname="io.jbotsim.io.format.graph6.Graph6TopologySerializerTest" time="0.0"/>
  <testcase name="checkDecodeEncodeChangeHeaderGraphs(String)[2462]" classname="io.jbotsim.io.format.graph6.Graph6TopologySerializerTest" time="0.0"/>
  <testcase name="checkDecodeEncodeChangeHeaderGraphs(String)[2463]" classname="io.jbotsim.io.format.graph6.Graph6TopologySerializerTest" time="0.0"/>
  <testcase name="checkDecodeEncodeChangeHeaderGraphs(String)[2464]" classname="io.jbotsim.io.format.graph6.Graph6TopologySerializerTest" time="0.001"/>
  <testcase name="checkDecodeEncodeChangeHeaderGraphs(String)[2465]" classname="io.jbotsim.io.format.graph6.Graph6TopologySerializerTest" time="0.002"/>
  <testcase name="checkDecodeEncodeChangeHeaderGraphs(String)[2466]" classname="io.jbotsim.io.format.graph6.Graph6TopologySerializerTest" time="0.0"/>
  <testcase name="checkDecodeEncodeChangeHeaderGraphs(String)[2467]" classname="io.jbotsim.io.format.graph6.Graph6TopologySerializerTest" time="0.0"/>
  <testcase name="checkDecodeEncodeChangeHeaderGraphs(String)[2468]" classname="io.jbotsim.io.format.graph6.Graph6TopologySerializerTest" time="0.0"/>
  <testcase name="checkDecodeEncodeChangeHeaderGraphs(String)[2469]" classname="io.jbotsim.io.format.graph6.Graph6TopologySerializerTest" time="0.0"/>
  <testcase name="checkDecodeEncodeChangeHeaderGraphs(String)[2470]" classname="io.jbotsim.io.format.graph6.Graph6TopologySerializerTest" time="0.001"/>
  <testcase name="checkDecodeEncodeChangeHeaderGraphs(String)[2471]" classname="io.jbotsim.io.format.graph6.Graph6TopologySerializerTest" time="0.0"/>
  <testcase name="checkDecodeEncodeChangeHeaderGraphs(String)[2472]" classname="io.jbotsim.io.format.graph6.Graph6TopologySerializerTest" time="0.003"/>
  <testcase name="checkDecodeEncodeChangeHeaderGraphs(String)[2473]" classname="io.jbotsim.io.format.graph6.Graph6TopologySerializerTest" time="0.0"/>
  <testcase name="checkDecodeEncodeChangeHeaderGraphs(String)[2474]" classname="io.jbotsim.io.format.graph6.Graph6TopologySerializerTest" time="0.0"/>
  <testcase name="checkDecodeEncodeChangeHeaderGraphs(String)[2475]" classname="io.jbotsim.io.format.graph6.Graph6TopologySerializerTest" time="0.0"/>
  <testcase name="checkDecodeEncodeChangeHeaderGraphs(String)[2476]" classname="io.jbotsim.io.format.graph6.Graph6TopologySerializerTest" time="0.0"/>
  <testcase name="checkDecodeEncodeChangeHeaderGraphs(String)[2477]" classname="io.jbotsim.io.format.graph6.Graph6TopologySerializerTest" time="0.001"/>
  <testcase name="checkDecodeEncodeChangeHeaderGraphs(String)[2478]" classname="io.jbotsim.io.format.graph6.Graph6TopologySerializerTest" time="0.0"/>
  <testcase name="checkDecodeEncodeChangeHeaderGraphs(String)[2479]" classname="io.jbotsim.io.format.graph6.Graph6TopologySerializerTest" time="0.0"/>
  <testcase name="checkDecodeEncodeChangeHeaderGraphs(String)[2480]" classname="io.jbotsim.io.format.graph6.Graph6TopologySerializerTest" time="0.0"/>
  <testcase name="checkDecodeEncodeChangeHeaderGraphs(String)[2481]" classname="io.jbotsim.io.format.graph6.Graph6TopologySerializerTest" time="0.002"/>
  <testcase name="checkDecodeEncodeChangeHeaderGraphs(String)[2482]" classname="io.jbotsim.io.format.graph6.Graph6TopologySerializerTest" time="0.0"/>
  <testcase name="checkDecodeEncodeChangeHeaderGraphs(String)[2483]" classname="io.jbotsim.io.format.graph6.Graph6TopologySerializerTest" time="0.0"/>
  <testcase name="checkDecodeEncodeChangeHeaderGraphs(String)[2484]" classname="io.jbotsim.io.format.graph6.Graph6TopologySerializerTest" time="0.0"/>
  <testcase name="checkDecodeEncodeChangeHeaderGraphs(String)[2485]" classname="io.jbotsim.io.format.graph6.Graph6TopologySerializerTest" time="0.001"/>
  <testcase name="checkDecodeEncodeChangeHeaderGraphs(String)[2486]" classname="io.jbotsim.io.format.graph6.Graph6TopologySerializerTest" time="0.001"/>
  <testcase name="checkDecodeEncodeChangeHeaderGraphs(String)[2487]" classname="io.jbotsim.io.format.graph6.Graph6TopologySerializerTest" time="0.0"/>
  <testcase name="checkDecodeEncodeChangeHeaderGraphs(String)[2488]" classname="io.jbotsim.io.format.graph6.Graph6TopologySerializerTest" time="0.0"/>
  <testcase name="checkDecodeEncodeChangeHeaderGraphs(String)[2489]" classname="io.jbotsim.io.format.graph6.Graph6TopologySerializerTest" time="0.0"/>
  <testcase name="checkDecodeEncodeChangeHeaderGraphs(String)[2490]" classname="io.jbotsim.io.format.graph6.Graph6TopologySerializerTest" time="0.004"/>
  <testcase name="checkDecodeEncodeChangeHeaderGraphs(String)[2491]" classname="io.jbotsim.io.format.graph6.Graph6TopologySerializerTest" time="0.0"/>
  <testcase name="checkDecodeEncodeChangeHeaderGraphs(String)[2492]" classname="io.jbotsim.io.format.graph6.Graph6TopologySerializerTest" time="0.0"/>
  <testcase name="checkDecodeEncodeChangeHeaderGraphs(String)[2493]" classname="io.jbotsim.io.format.graph6.Graph6TopologySerializerTest" time="0.0"/>
  <testcase name="checkDecodeEncodeChangeHeaderGraphs(String)[2494]" classname="io.jbotsim.io.format.graph6.Graph6TopologySerializerTest" time="0.0"/>
  <testcase name="checkDecodeEncodeChangeHeaderGraphs(String)[2495]" classname="io.jbotsim.io.format.graph6.Graph6TopologySerializerTest" time="0.0"/>
  <testcase name="checkDecodeEncodeChangeHeaderGraphs(String)[2496]" classname="io.jbotsim.io.format.graph6.Graph6TopologySerializerTest" time="0.0"/>
  <testcase name="checkDecodeEncodeChangeHeaderGraphs(String)[2497]" classname="io.jbotsim.io.format.graph6.Graph6TopologySerializerTest" time="0.001"/>
  <testcase name="checkDecodeEncodeChangeHeaderGraphs(String)[2498]" classname="io.jbotsim.io.format.graph6.Graph6TopologySerializerTest" time="0.0"/>
  <testcase name="checkDecodeEncodeChangeHeaderGraphs(String)[2499]" classname="io.jbotsim.io.format.graph6.Graph6TopologySerializerTest" time="0.004"/>
  <testcase name="checkDecodeEncodeChangeHeaderGraphs(String)[2500]" classname="io.jbotsim.io.format.graph6.Graph6TopologySerializerTest" time="0.0"/>
  <testcase name="checkDecodeEncodeChangeHeaderGraphs(String)[2501]" classname="io.jbotsim.io.format.graph6.Graph6TopologySerializerTest" time="0.001"/>
  <testcase name="checkDecodeEncodeChangeHeaderGraphs(String)[2502]" classname="io.jbotsim.io.format.graph6.Graph6TopologySerializerTest" time="0.0"/>
  <testcase name="checkDecodeEncodeChangeHeaderGraphs(String)[2503]" classname="io.jbotsim.io.format.graph6.Graph6TopologySerializerTest" time="0.001"/>
  <testcase name="checkDecodeEncodeChangeHeaderGraphs(String)[2504]" classname="io.jbotsim.io.format.graph6.Graph6TopologySerializerTest" time="0.0"/>
  <testcase name="checkDecodeEncodeChangeHeaderGraphs(String)[2505]" classname="io.jbotsim.io.format.graph6.Graph6TopologySerializerTest" time="0.001"/>
  <testcase name="checkDecodeEncodeChangeHeaderGraphs(String)[2506]" classname="io.jbotsim.io.format.graph6.Graph6TopologySerializerTest" time="0.0"/>
  <testcase name="checkDecodeEncodeChangeHeaderGraphs(String)[2507]" classname="io.jbotsim.io.format.graph6.Graph6TopologySerializerTest" time="0.001"/>
  <testcase name="checkDecodeEncodeChangeHeaderGraphs(String)[2508]" classname="io.jbotsim.io.format.graph6.Graph6TopologySerializerTest" time="0.0"/>
  <testcase name="checkDecodeEncodeChangeHeaderGraphs(String)[2509]" classname="io.jbotsim.io.format.graph6.Graph6TopologySerializerTest" time="0.002"/>
  <testcase name="checkDecodeEncodeChangeHeaderGraphs(String)[2510]" classname="io.jbotsim.io.format.graph6.Graph6TopologySerializerTest" time="0.0"/>
  <testcase name="checkDecodeEncodeChangeHeaderGraphs(String)[2511]" classname="io.jbotsim.io.format.graph6.Graph6TopologySerializerTest" time="0.0"/>
  <testcase name="checkDecodeEncodeChangeHeaderGraphs(String)[2512]" classname="io.jbotsim.io.format.graph6.Graph6TopologySerializerTest" time="0.001"/>
  <testcase name="checkDecodeEncodeChangeHeaderGraphs(String)[2513]" classname="io.jbotsim.io.format.graph6.Graph6TopologySerializerTest" time="0.0"/>
  <testcase name="checkDecodeEncodeChangeHeaderGraphs(String)[2514]" classname="io.jbotsim.io.format.graph6.Graph6TopologySerializerTest" time="0.001"/>
  <testcase name="checkDecodeEncodeChangeHeaderGraphs(String)[2515]" classname="io.jbotsim.io.format.graph6.Graph6TopologySerializerTest" time="0.001"/>
  <testcase name="checkDecodeEncodeChangeHeaderGraphs(String)[2516]" classname="io.jbotsim.io.format.graph6.Graph6TopologySerializerTest" time="0.001"/>
  <testcase name="checkDecodeEncodeChangeHeaderGraphs(String)[2517]" classname="io.jbotsim.io.format.graph6.Graph6TopologySerializerTest" time="0.001"/>
  <testcase name="checkDecodeEncodeChangeHeaderGraphs(String)[2518]" classname="io.jbotsim.io.format.graph6.Graph6TopologySerializerTest" time="0.0"/>
  <testcase name="checkDecodeEncodeChangeHeaderGraphs(String)[2519]" classname="io.jbotsim.io.format.graph6.Graph6TopologySerializerTest" time="0.0"/>
  <testcase name="checkDecodeEncodeChangeHeaderGraphs(String)[2520]" classname="io.jbotsim.io.format.graph6.Graph6TopologySerializerTest" time="0.003"/>
  <testcase name="checkDecodeEncodeChangeHeaderGraphs(String)[2521]" classname="io.jbotsim.io.format.graph6.Graph6TopologySerializerTest" time="0.0"/>
  <testcase name="checkDecodeEncodeChangeHeaderGraphs(String)[2522]" classname="io.jbotsim.io.format.graph6.Graph6TopologySerializerTest" time="0.001"/>
  <testcase name="checkDecodeEncodeChangeHeaderGraphs(String)[2523]" classname="io.jbotsim.io.format.graph6.Graph6TopologySerializerTest" time="0.001"/>
  <testcase name="checkDecodeEncodeChangeHeaderGraphs(String)[2524]" classname="io.jbotsim.io.format.graph6.Graph6TopologySerializerTest" time="0.001"/>
  <testcase name="checkDecodeEncodeChangeHeaderGraphs(String)[2525]" classname="io.jbotsim.io.format.graph6.Graph6TopologySerializerTest" time="0.0"/>
  <testcase name="checkDecodeEncodeChangeHeaderGraphs(String)[2526]" classname="io.jbotsim.io.format.graph6.Graph6TopologySerializerTest" time="0.001"/>
  <testcase name="checkDecodeEncodeChangeHeaderGraphs(String)[2527]" classname="io.jbotsim.io.format.graph6.Graph6TopologySerializerTest" time="0.0"/>
  <testcase name="checkDecodeEncodeChangeHeaderGraphs(String)[2528]" classname="io.jbotsim.io.format.graph6.Graph6TopologySerializerTest" time="0.0"/>
  <testcase name="checkDecodeEncodeChangeHeaderGraphs(String)[2529]" classname="io.jbotsim.io.format.graph6.Graph6TopologySerializerTest" time="0.0"/>
  <testcase name="checkDecodeEncodeChangeHeaderGraphs(String)[2530]" classname="io.jbotsim.io.format.graph6.Graph6TopologySerializerTest" time="0.001"/>
  <testcase name="checkDecodeEncodeChangeHeaderGraphs(String)[2531]" classname="io.jbotsim.io.format.graph6.Graph6TopologySerializerTest" time="0.0"/>
  <testcase name="checkDecodeEncodeChangeHeaderGraphs(String)[2532]" classname="io.jbotsim.io.format.graph6.Graph6TopologySerializerTest" time="0.001"/>
  <testcase name="checkDecodeEncodeChangeHeaderGraphs(String)[2533]" classname="io.jbotsim.io.format.graph6.Graph6TopologySerializerTest" time="0.0"/>
  <testcase name="checkDecodeEncodeChangeHeaderGraphs(String)[2534]" classname="io.jbotsim.io.format.graph6.Graph6TopologySerializerTest" time="0.0"/>
  <testcase name="checkDecodeEncodeChangeHeaderGraphs(String)[2535]" classname="io.jbotsim.io.format.graph6.Graph6TopologySerializerTest" time="0.0"/>
  <testcase name="checkDecodeEncodeChangeHeaderGraphs(String)[2536]" classname="io.jbotsim.io.format.graph6.Graph6TopologySerializerTest" time="0.0"/>
  <testcase name="checkDecodeEncodeChangeHeaderGraphs(String)[2537]" classname="io.jbotsim.io.format.graph6.Graph6TopologySerializerTest" time="0.004"/>
  <testcase name="checkDecodeEncodeChangeHeaderGraphs(String)[2538]" classname="io.jbotsim.io.format.graph6.Graph6TopologySerializerTest" time="0.0"/>
  <testcase name="checkDecodeEncodeChangeHeaderGraphs(String)[2539]" classname="io.jbotsim.io.format.graph6.Graph6TopologySerializerTest" time="0.001"/>
  <testcase name="checkDecodeEncodeChangeHeaderGraphs(String)[2540]" classname="io.jbotsim.io.format.graph6.Graph6TopologySerializerTest" time="0.0"/>
  <testcase name="checkDecodeEncodeChangeHeaderGraphs(String)[2541]" classname="io.jbotsim.io.format.graph6.Graph6TopologySerializerTest" time="0.001"/>
  <testcase name="checkDecodeEncodeChangeHeaderGraphs(String)[2542]" classname="io.jbotsim.io.format.graph6.Graph6TopologySerializerTest" time="0.0"/>
  <testcase name="checkDecodeEncodeChangeHeaderGraphs(String)[2543]" classname="io.jbotsim.io.format.graph6.Graph6TopologySerializerTest" time="0.0"/>
  <testcase name="checkDecodeEncodeChangeHeaderGraphs(String)[2544]" classname="io.jbotsim.io.format.graph6.Graph6TopologySerializerTest" time="0.0"/>
  <testcase name="checkDecodeEncodeChangeHeaderGraphs(String)[2545]" classname="io.jbotsim.io.format.graph6.Graph6TopologySerializerTest" time="0.0"/>
  <testcase name="checkDecodeEncodeChangeHeaderGraphs(String)[2546]" classname="io.jbotsim.io.format.graph6.Graph6TopologySerializerTest" time="0.0"/>
  <testcase name="checkDecodeEncodeChangeHeaderGraphs(String)[2547]" classname="io.jbotsim.io.format.graph6.Graph6TopologySerializerTest" time="0.0"/>
  <testcase name="checkDecodeEncodeChangeHeaderGraphs(String)[2548]" classname="io.jbotsim.io.format.graph6.Graph6TopologySerializerTest" time="0.0"/>
  <testcase name="checkDecodeEncodeChangeHeaderGraphs(String)[2549]" classname="io.jbotsim.io.format.graph6.Graph6TopologySerializerTest" time="0.004"/>
  <testcase name="checkDecodeEncodeChangeHeaderGraphs(String)[2550]" classname="io.jbotsim.io.format.graph6.Graph6TopologySerializerTest" time="0.0"/>
  <testcase name="checkDecodeEncodeChangeHeaderGraphs(String)[2551]" classname="io.jbotsim.io.format.graph6.Graph6TopologySerializerTest" time="0.0"/>
  <testcase name="checkDecodeEncodeChangeHeaderGraphs(String)[2552]" classname="io.jbotsim.io.format.graph6.Graph6TopologySerializerTest" time="0.0"/>
  <testcase name="checkDecodeEncodeChangeHeaderGraphs(String)[2553]" classname="io.jbotsim.io.format.graph6.Graph6TopologySerializerTest" time="0.0"/>
  <testcase name="checkDecodeEncodeChangeHeaderGraphs(String)[2554]" classname="io.jbotsim.io.format.graph6.Graph6TopologySerializerTest" time="0.0"/>
  <testcase name="checkDecodeEncodeChangeHeaderGraphs(String)[2555]" classname="io.jbotsim.io.format.graph6.Graph6TopologySerializerTest" time="0.0"/>
  <testcase name="checkDecodeEncodeChangeHeaderGraphs(String)[2556]" classname="io.jbotsim.io.format.graph6.Graph6TopologySerializerTest" time="0.001"/>
  <testcase name="checkDecodeEncodeChangeHeaderGraphs(String)[2557]" classname="io.jbotsim.io.format.graph6.Graph6TopologySerializerTest" time="0.0"/>
  <testcase name="checkDecodeEncodeChangeHeaderGraphs(String)[2558]" classname="io.jbotsim.io.format.graph6.Graph6TopologySerializerTest" time="0.0"/>
  <testcase name="checkDecodeEncodeChangeHeaderGraphs(String)[2559]" classname="io.jbotsim.io.format.graph6.Graph6TopologySerializerTest" time="0.0"/>
  <testcase name="checkDecodeEncodeChangeHeaderGraphs(String)[2560]" classname="io.jbotsim.io.format.graph6.Graph6TopologySerializerTest" time="0.0"/>
  <testcase name="checkDecodeEncodeChangeHeaderGraphs(String)[2561]" classname="io.jbotsim.io.format.graph6.Graph6TopologySerializerTest" time="0.004"/>
  <testcase name="checkDecodeEncodeChangeHeaderGraphs(String)[2562]" classname="io.jbotsim.io.format.graph6.Graph6TopologySerializerTest" time="0.0"/>
  <testcase name="checkDecodeEncodeChangeHeaderGraphs(String)[2563]" classname="io.jbotsim.io.format.graph6.Graph6TopologySerializerTest" time="0.0"/>
  <testcase name="checkDecodeEncodeChangeHeaderGraphs(String)[2564]" classname="io.jbotsim.io.format.graph6.Graph6TopologySerializerTest" time="0.0"/>
  <testcase name="checkDecodeEncodeChangeHeaderGraphs(String)[2565]" classname="io.jbotsim.io.format.graph6.Graph6TopologySerializerTest" time="0.0"/>
  <testcase name="checkDecodeEncodeChangeHeaderGraphs(String)[2566]" classname="io.jbotsim.io.format.graph6.Graph6TopologySerializerTest" time="0.001"/>
  <testcase name="checkDecodeEncodeChangeHeaderGraphs(String)[2567]" classname="io.jbotsim.io.format.graph6.Graph6TopologySerializerTest" time="0.0"/>
  <testcase name="checkDecodeEncodeChangeHeaderGraphs(String)[2568]" classname="io.jbotsim.io.format.graph6.Graph6TopologySerializerTest" time="0.0"/>
  <testcase name="checkDecodeEncodeChangeHeaderGraphs(String)[2569]" classname="io.jbotsim.io.format.graph6.Graph6TopologySerializerTest" time="0.0"/>
  <testcase name="checkDecodeEncodeChangeHeaderGraphs(String)[2570]" classname="io.jbotsim.io.format.graph6.Graph6TopologySerializerTest" time="0.0"/>
  <testcase name="checkDecodeEncodeChangeHeaderGraphs(String)[2571]" classname="io.jbotsim.io.format.graph6.Graph6TopologySerializerTest" time="0.0"/>
  <testcase name="checkDecodeEncodeChangeHeaderGraphs(String)[2572]" classname="io.jbotsim.io.format.graph6.Graph6TopologySerializerTest" time="0.0"/>
  <testcase name="checkDecodeEncodeChangeHeaderGraphs(String)[2573]" classname="io.jbotsim.io.format.graph6.Graph6TopologySerializerTest" time="0.0"/>
  <testcase name="checkDecodeEncodeChangeHeaderGraphs(String)[2574]" classname="io.jbotsim.io.format.graph6.Graph6TopologySerializerTest" time="0.001"/>
  <testcase name="checkDecodeEncodeChangeHeaderGraphs(String)[2575]" classname="io.jbotsim.io.format.graph6.Graph6TopologySerializerTest" time="0.0"/>
  <testcase name="checkDecodeEncodeChangeHeaderGraphs(String)[2576]" classname="io.jbotsim.io.format.graph6.Graph6TopologySerializerTest" time="0.001"/>
  <testcase name="checkDecodeEncodeChangeHeaderGraphs(String)[2577]" classname="io.jbotsim.io.format.graph6.Graph6TopologySerializerTest" time="0.0"/>
  <testcase name="checkDecodeEncodeChangeHeaderGraphs(String)[2578]" classname="io.jbotsim.io.format.graph6.Graph6TopologySerializerTest" time="0.0"/>
  <testcase name="checkDecodeEncodeChangeHeaderGraphs(String)[2579]" classname="io.jbotsim.io.format.graph6.Graph6TopologySerializerTest" time="0.0"/>
  <testcase name="checkDecodeEncodeChangeHeaderGraphs(String)[2580]" classname="io.jbotsim.io.format.graph6.Graph6TopologySerializerTest" time="0.0"/>
  <testcase name="checkDecodeEncodeChangeHeaderGraphs(String)[2581]" classname="io.jbotsim.io.format.graph6.Graph6TopologySerializerTest" time="0.001"/>
  <testcase name="checkDecodeEncodeChangeHeaderGraphs(String)[2582]" classname="io.jbotsim.io.format.graph6.Graph6TopologySerializerTest" time="0.0"/>
  <testcase name="checkDecodeEncodeChangeHeaderGraphs(String)[2583]" classname="io.jbotsim.io.format.graph6.Graph6TopologySerializerTest" time="0.003"/>
  <testcase name="checkDecodeEncodeChangeHeaderGraphs(String)[2584]" classname="io.jbotsim.io.format.graph6.Graph6TopologySerializerTest" time="0.0"/>
  <testcase name="checkDecodeEncodeChangeHeaderGraphs(String)[2585]" classname="io.jbotsim.io.format.graph6.Graph6TopologySerializerTest" time="0.001"/>
  <testcase name="checkDecodeEncodeChangeHeaderGraphs(String)[2586]" classname="io.jbotsim.io.format.graph6.Graph6TopologySerializerTest" time="0.001"/>
  <testcase name="checkDecodeEncodeChangeHeaderGraphs(String)[2587]" classname="io.jbotsim.io.format.graph6.Graph6TopologySerializerTest" time="0.001"/>
  <testcase name="checkDecodeEncodeChangeHeaderGraphs(String)[2588]" classname="io.jbotsim.io.format.graph6.Graph6TopologySerializerTest" time="0.0"/>
  <testcase name="checkDecodeEncodeChangeHeaderGraphs(String)[2589]" classname="io.jbotsim.io.format.graph6.Graph6TopologySerializerTest" time="0.001"/>
  <testcase name="checkDecodeEncodeChangeHeaderGraphs(String)[2590]" classname="io.jbotsim.io.format.graph6.Graph6TopologySerializerTest" time="0.006"/>
  <testcase name="checkDecodeEncodeChangeHeaderGraphs(String)[2591]" classname="io.jbotsim.io.format.graph6.Graph6TopologySerializerTest" time="0.0"/>
  <testcase name="checkDecodeEncodeChangeHeaderGraphs(String)[2592]" classname="io.jbotsim.io.format.graph6.Graph6TopologySerializerTest" time="0.001"/>
  <testcase name="checkDecodeEncodeChangeHeaderGraphs(String)[2593]" classname="io.jbotsim.io.format.graph6.Graph6TopologySerializerTest" time="0.0"/>
  <testcase name="checkDecodeEncodeChangeHeaderGraphs(String)[2594]" classname="io.jbotsim.io.format.graph6.Graph6TopologySerializerTest" time="0.001"/>
  <testcase name="checkDecodeEncodeChangeHeaderGraphs(String)[2595]" classname="io.jbotsim.io.format.graph6.Graph6TopologySerializerTest" time="0.0"/>
  <testcase name="checkDecodeEncodeChangeHeaderGraphs(String)[2596]" classname="io.jbotsim.io.format.graph6.Graph6TopologySerializerTest" time="0.0"/>
  <testcase name="checkDecodeEncodeChangeHeaderGraphs(String)[2597]" classname="io.jbotsim.io.format.graph6.Graph6TopologySerializerTest" time="0.002"/>
  <testcase name="checkDecodeEncodeChangeHeaderGraphs(String)[2598]" classname="io.jbotsim.io.format.graph6.Graph6TopologySerializerTest" time="0.001"/>
  <testcase name="checkDecodeEncodeChangeHeaderGraphs(String)[2599]" classname="io.jbotsim.io.format.graph6.Graph6TopologySerializerTest" time="0.0"/>
  <testcase name="checkDecodeEncodeChangeHeaderGraphs(String)[2600]" classname="io.jbotsim.io.format.graph6.Graph6TopologySerializerTest" time="0.0"/>
  <testcase name="checkDecodeEncodeChangeHeaderGraphs(String)[2601]" classname="io.jbotsim.io.format.graph6.Graph6TopologySerializerTest" time="0.0"/>
  <testcase name="checkDecodeEncodeChangeHeaderGraphs(String)[2602]" classname="io.jbotsim.io.format.graph6.Graph6TopologySerializerTest" time="0.001"/>
  <testcase name="checkDecodeEncodeChangeHeaderGraphs(String)[2603]" classname="io.jbotsim.io.format.graph6.Graph6TopologySerializerTest" time="0.0"/>
  <testcase name="checkDecodeEncodeChangeHeaderGraphs(String)[2604]" classname="io.jbotsim.io.format.graph6.Graph6TopologySerializerTest" time="0.0"/>
  <testcase name="checkDecodeEncodeChangeHeaderGraphs(String)[2605]" classname="io.jbotsim.io.format.graph6.Graph6TopologySerializerTest" time="0.001"/>
  <testcase name="checkDecodeEncodeChangeHeaderGraphs(String)[2606]" classname="io.jbotsim.io.format.graph6.Graph6TopologySerializerTest" time="0.0"/>
  <testcase name="checkDecodeEncodeChangeHeaderGraphs(String)[2607]" classname="io.jbotsim.io.format.graph6.Graph6TopologySerializerTest" time="0.001"/>
  <testcase name="checkDecodeEncodeChangeHeaderGraphs(String)[2608]" classname="io.jbotsim.io.format.graph6.Graph6TopologySerializerTest" time="0.002"/>
  <testcase name="checkDecodeEncodeChangeHeaderGraphs(String)[2609]" classname="io.jbotsim.io.format.graph6.Graph6TopologySerializerTest" time="0.001"/>
  <testcase name="checkDecodeEncodeChangeHeaderGraphs(String)[2610]" classname="io.jbotsim.io.format.graph6.Graph6TopologySerializerTest" time="0.0"/>
  <testcase name="checkDecodeEncodeChangeHeaderGraphs(String)[2611]" classname="io.jbotsim.io.format.graph6.Graph6TopologySerializerTest" time="0.001"/>
  <testcase name="checkDecodeEncodeChangeHeaderGraphs(String)[2612]" classname="io.jbotsim.io.format.graph6.Graph6TopologySerializerTest" time="0.0"/>
  <testcase name="checkDecodeEncodeChangeHeaderGraphs(String)[2613]" classname="io.jbotsim.io.format.graph6.Graph6TopologySerializerTest" time="0.001"/>
  <testcase name="checkDecodeEncodeChangeHeaderGraphs(String)[2614]" classname="io.jbotsim.io.format.graph6.Graph6TopologySerializerTest" time="0.0"/>
  <testcase name="checkDecodeEncodeChangeHeaderGraphs(String)[2615]" classname="io.jbotsim.io.format.graph6.Graph6TopologySerializerTest" time="0.002"/>
  <testcase name="checkDecodeEncodeChangeHeaderGraphs(String)[2616]" classname="io.jbotsim.io.format.graph6.Graph6TopologySerializerTest" time="0.0"/>
  <testcase name="checkDecodeEncodeChangeHeaderGraphs(String)[2617]" classname="io.jbotsim.io.format.graph6.Graph6TopologySerializerTest" time="0.002"/>
  <testcase name="checkDecodeEncodeChangeHeaderGraphs(String)[2618]" classname="io.jbotsim.io.format.graph6.Graph6TopologySerializerTest" time="0.001"/>
  <testcase name="checkDecodeEncodeChangeHeaderGraphs(String)[2619]" classname="io.jbotsim.io.format.graph6.Graph6TopologySerializerTest" time="0.0"/>
  <testcase name="checkDecodeEncodeChangeHeaderGraphs(String)[2620]" classname="io.jbotsim.io.format.graph6.Graph6TopologySerializerTest" time="0.001"/>
  <testcase name="checkDecodeEncodeChangeHeaderGraphs(String)[2621]" classname="io.jbotsim.io.format.graph6.Graph6TopologySerializerTest" time="0.0"/>
  <testcase name="checkDecodeEncodeChangeHeaderGraphs(String)[2622]" classname="io.jbotsim.io.format.graph6.Graph6TopologySerializerTest" time="0.0"/>
  <testcase name="checkDecodeEncodeChangeHeaderGraphs(String)[2623]" classname="io.jbotsim.io.format.graph6.Graph6TopologySerializerTest" time="0.0"/>
  <testcase name="checkDecodeEncodeChangeHeaderGraphs(String)[2624]" classname="io.jbotsim.io.format.graph6.Graph6TopologySerializerTest" time="0.0"/>
  <testcase name="checkDecodeEncodeChangeHeaderGraphs(String)[2625]" classname="io.jbotsim.io.format.graph6.Graph6TopologySerializerTest" time="0.003"/>
  <testcase name="checkDecodeEncodeChangeHeaderGraphs(String)[2626]" classname="io.jbotsim.io.format.graph6.Graph6TopologySerializerTest" time="0.002"/>
  <testcase name="checkDecodeEncodeChangeHeaderGraphs(String)[2627]" classname="io.jbotsim.io.format.graph6.Graph6TopologySerializerTest" time="0.001"/>
  <testcase name="checkDecodeEncodeChangeHeaderGraphs(String)[2628]" classname="io.jbotsim.io.format.graph6.Graph6TopologySerializerTest" time="0.0"/>
  <testcase name="checkDecodeEncodeChangeHeaderGraphs(String)[2629]" classname="io.jbotsim.io.format.graph6.Graph6TopologySerializerTest" time="0.0"/>
  <testcase name="checkDecodeEncodeChangeHeaderGraphs(String)[2630]" classname="io.jbotsim.io.format.graph6.Graph6TopologySerializerTest" time="0.001"/>
  <testcase name="checkDecodeEncodeChangeHeaderGraphs(String)[2631]" classname="io.jbotsim.io.format.graph6.Graph6TopologySerializerTest" time="0.001"/>
  <testcase name="checkDecodeEncodeChangeHeaderGraphs(String)[2632]" classname="io.jbotsim.io.format.graph6.Graph6TopologySerializerTest" time="0.002"/>
  <testcase name="checkDecodeEncodeChangeHeaderGraphs(String)[2633]" classname="io.jbotsim.io.format.graph6.Graph6TopologySerializerTest" time="0.0"/>
  <testcase name="checkDecodeEncodeChangeHeaderGraphs(String)[2634]" classname="io.jbotsim.io.format.graph6.Graph6TopologySerializerTest" time="0.001"/>
  <testcase name="checkDecodeEncodeChangeHeaderGraphs(String)[2635]" classname="io.jbotsim.io.format.graph6.Graph6TopologySerializerTest" time="0.0"/>
  <testcase name="checkDecodeEncodeChangeHeaderGraphs(String)[2636]" classname="io.jbotsim.io.format.graph6.Graph6TopologySerializerTest" time="0.0"/>
  <testcase name="checkDecodeEncodeChangeHeaderGraphs(String)[2637]" classname="io.jbotsim.io.format.graph6.Graph6TopologySerializerTest" time="0.001"/>
  <testcase name="checkDecodeEncodeChangeHeaderGraphs(String)[2638]" classname="io.jbotsim.io.format.graph6.Graph6TopologySerializerTest" time="0.0"/>
  <testcase name="checkDecodeEncodeChangeHeaderGraphs(String)[2639]" classname="io.jbotsim.io.format.graph6.Graph6TopologySerializerTest" time="0.0"/>
  <testcase name="checkDecodeEncodeChangeHeaderGraphs(String)[2640]" classname="io.jbotsim.io.format.graph6.Graph6TopologySerializerTest" time="0.0"/>
  <testcase name="checkDecodeEncodeChangeHeaderGraphs(String)[2641]" classname="io.jbotsim.io.format.graph6.Graph6TopologySerializerTest" time="0.0"/>
  <testcase name="checkDecodeEncodeChangeHeaderGraphs(String)[2642]" classname="io.jbotsim.io.format.graph6.Graph6TopologySerializerTest" time="0.004"/>
  <testcase name="checkDecodeEncodeChangeHeaderGraphs(String)[2643]" classname="io.jbotsim.io.format.graph6.Graph6TopologySerializerTest" time="0.0"/>
  <testcase name="checkDecodeEncodeChangeHeaderGraphs(String)[2644]" classname="io.jbotsim.io.format.graph6.Graph6TopologySerializerTest" time="0.0"/>
  <testcase name="checkDecodeEncodeChangeHeaderGraphs(String)[2645]" classname="io.jbotsim.io.format.graph6.Graph6TopologySerializerTest" time="0.0"/>
  <testcase name="checkDecodeEncodeChangeHeaderGraphs(String)[2646]" classname="io.jbotsim.io.format.graph6.Graph6TopologySerializerTest" time="0.0"/>
  <testcase name="checkDecodeEncodeChangeHeaderGraphs(String)[2647]" classname="io.jbotsim.io.format.graph6.Graph6TopologySerializerTest" time="0.004"/>
  <testcase name="checkDecodeEncodeChangeHeaderGraphs(String)[2648]" classname="io.jbotsim.io.format.graph6.Graph6TopologySerializerTest" time="0.003"/>
  <testcase name="checkDecodeEncodeChangeHeaderGraphs(String)[2649]" classname="io.jbotsim.io.format.graph6.Graph6TopologySerializerTest" time="0.0"/>
  <testcase name="checkDecodeEncodeChangeHeaderGraphs(String)[2650]" classname="io.jbotsim.io.format.graph6.Graph6TopologySerializerTest" time="0.0"/>
  <testcase name="checkDecodeEncodeChangeHeaderGraphs(String)[2651]" classname="io.jbotsim.io.format.graph6.Graph6TopologySerializerTest" time="0.0"/>
  <testcase name="checkDecodeEncodeChangeHeaderGraphs(String)[2652]" classname="io.jbotsim.io.format.graph6.Graph6TopologySerializerTest" time="0.002"/>
  <testcase name="checkDecodeEncodeChangeHeaderGraphs(String)[2653]" classname="io.jbotsim.io.format.graph6.Graph6TopologySerializerTest" time="0.003"/>
  <testcase name="checkDecodeEncodeChangeHeaderGraphs(String)[2654]" classname="io.jbotsim.io.format.graph6.Graph6TopologySerializerTest" time="0.0"/>
  <testcase name="checkDecodeEncodeChangeHeaderGraphs(String)[2655]" classname="io.jbotsim.io.format.graph6.Graph6TopologySerializerTest" time="0.001"/>
  <testcase name="checkDecodeEncodeChangeHeaderGraphs(String)[2656]" classname="io.jbotsim.io.format.graph6.Graph6TopologySerializerTest" time="0.0"/>
  <testcase name="checkDecodeEncodeChangeHeaderGraphs(String)[2657]" classname="io.jbotsim.io.format.graph6.Graph6TopologySerializerTest" time="0.001"/>
  <testcase name="checkDecodeEncodeChangeHeaderGraphs(String)[2658]" classname="io.jbotsim.io.format.graph6.Graph6TopologySerializerTest" time="0.0"/>
  <testcase name="checkDecodeEncodeChangeHeaderGraphs(String)[2659]" classname="io.jbotsim.io.format.graph6.Graph6TopologySerializerTest" time="0.0"/>
  <testcase name="checkDecodeEncodeChangeHeaderGraphs(String)[2660]" classname="io.jbotsim.io.format.graph6.Graph6TopologySerializerTest" time="0.0"/>
  <testcase name="checkDecodeEncodeChangeHeaderGraphs(String)[2661]" classname="io.jbotsim.io.format.graph6.Graph6TopologySerializerTest" time="0.002"/>
  <testcase name="checkDecodeEncodeChangeHeaderGraphs(String)[2662]" classname="io.jbotsim.io.format.graph6.Graph6TopologySerializerTest" time="0.001"/>
  <testcase name="checkDecodeEncodeChangeHeaderGraphs(String)[2663]" classname="io.jbotsim.io.format.graph6.Graph6TopologySerializerTest" time="0.0"/>
  <testcase name="checkDecodeEncodeChangeHeaderGraphs(String)[2664]" classname="io.jbotsim.io.format.graph6.Graph6TopologySerializerTest" time="0.0"/>
  <testcase name="checkDecodeEncodeChangeHeaderGraphs(String)[2665]" classname="io.jbotsim.io.format.graph6.Graph6TopologySerializerTest" time="0.0"/>
  <testcase name="checkDecodeEncodeChangeHeaderGraphs(String)[2666]" classname="io.jbotsim.io.format.graph6.Graph6TopologySerializerTest" time="0.001"/>
  <testcase name="checkDecodeEncodeChangeHeaderGraphs(String)[2667]" classname="io.jbotsim.io.format.graph6.Graph6TopologySerializerTest" time="0.0"/>
  <testcase name="checkDecodeEncodeChangeHeaderGraphs(String)[2668]" classname="io.jbotsim.io.format.graph6.Graph6TopologySerializerTest" time="0.003"/>
  <testcase name="checkDecodeEncodeChangeHeaderGraphs(String)[2669]" classname="io.jbotsim.io.format.graph6.Graph6TopologySerializerTest" time="0.0"/>
  <testcase name="checkDecodeEncodeChangeHeaderGraphs(String)[2670]" classname="io.jbotsim.io.format.graph6.Graph6TopologySerializerTest" time="0.001"/>
  <testcase name="checkDecodeEncodeChangeHeaderGraphs(String)[2671]" classname="io.jbotsim.io.format.graph6.Graph6TopologySerializerTest" time="0.0"/>
  <testcase name="checkDecodeEncodeChangeHeaderGraphs(String)[2672]" classname="io.jbotsim.io.format.graph6.Graph6TopologySerializerTest" time="0.0"/>
  <testcase name="checkDecodeEncodeChangeHeaderGraphs(String)[2673]" classname="io.jbotsim.io.format.graph6.Graph6TopologySerializerTest" time="0.0"/>
  <testcase name="checkDecodeEncodeChangeHeaderGraphs(String)[2674]" classname="io.jbotsim.io.format.graph6.Graph6TopologySerializerTest" time="0.0"/>
  <testcase name="checkDecodeEncodeChangeHeaderGraphs(String)[2675]" classname="io.jbotsim.io.format.graph6.Graph6TopologySerializerTest" time="0.001"/>
  <testcase name="checkDecodeEncodeChangeHeaderGraphs(String)[2676]" classname="io.jbotsim.io.format.graph6.Graph6TopologySerializerTest" time="0.003"/>
  <testcase name="checkDecodeEncodeChangeHeaderGraphs(String)[2677]" classname="io.jbotsim.io.format.graph6.Graph6TopologySerializerTest" time="0.0"/>
  <testcase name="checkDecodeEncodeChangeHeaderGraphs(String)[2678]" classname="io.jbotsim.io.format.graph6.Graph6TopologySerializerTest" time="0.001"/>
  <testcase name="checkDecodeEncodeChangeHeaderGraphs(String)[2679]" classname="io.jbotsim.io.format.graph6.Graph6TopologySerializerTest" time="0.0"/>
  <testcase name="checkDecodeEncodeChangeHeaderGraphs(String)[2680]" classname="io.jbotsim.io.format.graph6.Graph6TopologySerializerTest" time="0.001"/>
  <testcase name="checkDecodeEncodeChangeHeaderGraphs(String)[2681]" classname="io.jbotsim.io.format.graph6.Graph6TopologySerializerTest" time="0.0"/>
  <testcase name="checkDecodeEncodeChangeHeaderGraphs(String)[2682]" classname="io.jbotsim.io.format.graph6.Graph6TopologySerializerTest" time="0.006"/>
  <testcase name="checkDecodeEncodeChangeHeaderGraphs(String)[2683]" classname="io.jbotsim.io.format.graph6.Graph6TopologySerializerTest" time="0.0"/>
  <testcase name="checkDecodeEncodeChangeHeaderGraphs(String)[2684]" classname="io.jbotsim.io.format.graph6.Graph6TopologySerializerTest" time="0.001"/>
  <testcase name="checkDecodeEncodeChangeHeaderGraphs(String)[2685]" classname="io.jbotsim.io.format.graph6.Graph6TopologySerializerTest" time="0.0"/>
  <testcase name="checkDecodeEncodeChangeHeaderGraphs(String)[2686]" classname="io.jbotsim.io.format.graph6.Graph6TopologySerializerTest" time="0.0"/>
  <testcase name="checkDecodeEncodeChangeHeaderGraphs(String)[2687]" classname="io.jbotsim.io.format.graph6.Graph6TopologySerializerTest" time="0.0"/>
  <testcase name="checkDecodeEncodeChangeHeaderGraphs(String)[2688]" classname="io.jbotsim.io.format.graph6.Graph6TopologySerializerTest" time="0.001"/>
  <testcase name="checkDecodeEncodeChangeHeaderGraphs(String)[2689]" classname="io.jbotsim.io.format.graph6.Graph6TopologySerializerTest" time="0.0"/>
  <testcase name="checkDecodeEncodeChangeHeaderGraphs(String)[2690]" classname="io.jbotsim.io.format.graph6.Graph6TopologySerializerTest" time="0.002"/>
  <testcase name="checkDecodeEncodeChangeHeaderGraphs(String)[2691]" classname="io.jbotsim.io.format.graph6.Graph6TopologySerializerTest" time="0.002"/>
  <testcase name="checkDecodeEncodeChangeHeaderGraphs(String)[2692]" classname="io.jbotsim.io.format.graph6.Graph6TopologySerializerTest" time="0.0"/>
  <testcase name="checkDecodeEncodeChangeHeaderGraphs(String)[2693]" classname="io.jbotsim.io.format.graph6.Graph6TopologySerializerTest" time="0.0"/>
  <testcase name="checkDecodeEncodeChangeHeaderGraphs(String)[2694]" classname="io.jbotsim.io.format.graph6.Graph6TopologySerializerTest" time="0.001"/>
  <testcase name="checkDecodeEncodeChangeHeaderGraphs(String)[2695]" classname="io.jbotsim.io.format.graph6.Graph6TopologySerializerTest" time="0.0"/>
  <testcase name="checkDecodeEncodeChangeHeaderGraphs(String)[2696]" classname="io.jbotsim.io.format.graph6.Graph6TopologySerializerTest" time="0.0"/>
  <testcase name="checkDecodeEncodeChangeHeaderGraphs(String)[2697]" classname="io.jbotsim.io.format.graph6.Graph6TopologySerializerTest" time="0.0"/>
  <testcase name="checkDecodeEncodeChangeHeaderGraphs(String)[2698]" classname="io.jbotsim.io.format.graph6.Graph6TopologySerializerTest" time="0.002"/>
  <testcase name="checkDecodeEncodeChangeHeaderGraphs(String)[2699]" classname="io.jbotsim.io.format.graph6.Graph6TopologySerializerTest" time="0.0"/>
  <testcase name="checkDecodeEncodeChangeHeaderGraphs(String)[2700]" classname="io.jbotsim.io.format.graph6.Graph6TopologySerializerTest" time="0.001"/>
  <testcase name="checkDecodeEncodeChangeHeaderGraphs(String)[2701]" classname="io.jbotsim.io.format.graph6.Graph6TopologySerializerTest" time="0.0"/>
  <testcase name="checkDecodeEncodeChangeHeaderGraphs(String)[2702]" classname="io.jbotsim.io.format.graph6.Graph6TopologySerializerTest" time="0.0"/>
  <testcase name="checkDecodeEncodeChangeHeaderGraphs(String)[2703]" classname="io.jbotsim.io.format.graph6.Graph6TopologySerializerTest" time="0.001"/>
  <testcase name="checkDecodeEncodeChangeHeaderGraphs(String)[2704]" classname="io.jbotsim.io.format.graph6.Graph6TopologySerializerTest" time="0.001"/>
  <testcase name="checkDecodeEncodeChangeHeaderGraphs(String)[2705]" classname="io.jbotsim.io.format.graph6.Graph6TopologySerializerTest" time="0.004"/>
  <testcase name="checkDecodeEncodeChangeHeaderGraphs(String)[2706]" classname="io.jbotsim.io.format.graph6.Graph6TopologySerializerTest" time="0.0"/>
  <testcase name="checkDecodeEncodeChangeHeaderGraphs(String)[2707]" classname="io.jbotsim.io.format.graph6.Graph6TopologySerializerTest" time="0.001"/>
  <testcase name="checkDecodeEncodeChangeHeaderGraphs(String)[2708]" classname="io.jbotsim.io.format.graph6.Graph6TopologySerializerTest" time="0.0"/>
  <testcase name="checkDecodeEncodeChangeHeaderGraphs(String)[2709]" classname="io.jbotsim.io.format.graph6.Graph6TopologySerializerTest" time="0.0"/>
  <testcase name="checkDecodeEncodeChangeHeaderGraphs(String)[2710]" classname="io.jbotsim.io.format.graph6.Graph6TopologySerializerTest" time="0.001"/>
  <testcase name="checkDecodeEncodeChangeHeaderGraphs(String)[2711]" classname="io.jbotsim.io.format.graph6.Graph6TopologySerializerTest" time="0.003"/>
  <testcase name="checkDecodeEncodeChangeHeaderGraphs(String)[2712]" classname="io.jbotsim.io.format.graph6.Graph6TopologySerializerTest" time="0.001"/>
  <testcase name="checkDecodeEncodeChangeHeaderGraphs(String)[2713]" classname="io.jbotsim.io.format.graph6.Graph6TopologySerializerTest" time="0.001"/>
  <testcase name="checkDecodeEncodeChangeHeaderGraphs(String)[2714]" classname="io.jbotsim.io.format.graph6.Graph6TopologySerializerTest" time="0.003"/>
  <testcase name="checkDecodeEncodeChangeHeaderGraphs(String)[2715]" classname="io.jbotsim.io.format.graph6.Graph6TopologySerializerTest" time="0.0"/>
  <testcase name="checkDecodeEncodeChangeHeaderGraphs(String)[2716]" classname="io.jbotsim.io.format.graph6.Graph6TopologySerializerTest" time="0.001"/>
  <testcase name="checkDecodeEncodeChangeHeaderGraphs(String)[2717]" classname="io.jbotsim.io.format.graph6.Graph6TopologySerializerTest" time="0.001"/>
  <testcase name="checkDecodeEncodeChangeHeaderGraphs(String)[2718]" classname="io.jbotsim.io.format.graph6.Graph6TopologySerializerTest" time="0.001"/>
  <testcase name="checkDecodeEncodeChangeHeaderGraphs(String)[2719]" classname="io.jbotsim.io.format.graph6.Graph6TopologySerializerTest" time="0.0"/>
  <testcase name="checkDecodeEncodeChangeHeaderGraphs(String)[2720]" classname="io.jbotsim.io.format.graph6.Graph6TopologySerializerTest" time="0.003"/>
  <testcase name="checkDecodeEncodeChangeHeaderGraphs(String)[2721]" classname="io.jbotsim.io.format.graph6.Graph6TopologySerializerTest" time="0.0"/>
  <testcase name="checkDecodeEncodeChangeHeaderGraphs(String)[2722]" classname="io.jbotsim.io.format.graph6.Graph6TopologySerializerTest" time="0.0"/>
  <testcase name="checkDecodeEncodeChangeHeaderGraphs(String)[2723]" classname="io.jbotsim.io.format.graph6.Graph6TopologySerializerTest" time="0.0"/>
  <testcase name="checkDecodeEncodeChangeHeaderGraphs(String)[2724]" classname="io.jbotsim.io.format.graph6.Graph6TopologySerializerTest" time="0.0"/>
  <testcase name="checkDecodeEncodeChangeHeaderGraphs(String)[2725]" classname="io.jbotsim.io.format.graph6.Graph6TopologySerializerTest" time="0.0"/>
  <testcase name="checkDecodeEncodeChangeHeaderGraphs(String)[2726]" classname="io.jbotsim.io.format.graph6.Graph6TopologySerializerTest" time="0.002"/>
  <testcase name="checkDecodeEncodeChangeHeaderGraphs(String)[2727]" classname="io.jbotsim.io.format.graph6.Graph6TopologySerializerTest" time="0.003"/>
  <testcase name="checkDecodeEncodeChangeHeaderGraphs(String)[2728]" classname="io.jbotsim.io.format.graph6.Graph6TopologySerializerTest" time="0.0"/>
  <testcase name="checkDecodeEncodeChangeHeaderGraphs(String)[2729]" classname="io.jbotsim.io.format.graph6.Graph6TopologySerializerTest" time="0.0"/>
  <testcase name="checkDecodeEncodeChangeHeaderGraphs(String)[2730]" classname="io.jbotsim.io.format.graph6.Graph6TopologySerializerTest" time="0.001"/>
  <testcase name="checkDecodeEncodeChangeHeaderGraphs(String)[2731]" classname="io.jbotsim.io.format.graph6.Graph6TopologySerializerTest" time="0.0"/>
  <testcase name="checkDecodeEncodeChangeHeaderGraphs(String)[2732]" classname="io.jbotsim.io.format.graph6.Graph6TopologySerializerTest" time="0.001"/>
  <testcase name="checkDecodeEncodeChangeHeaderGraphs(String)[2733]" classname="io.jbotsim.io.format.graph6.Graph6TopologySerializerTest" time="0.001"/>
  <testcase name="checkDecodeEncodeChangeHeaderGraphs(String)[2734]" classname="io.jbotsim.io.format.graph6.Graph6TopologySerializerTest" time="0.001"/>
  <testcase name="checkDecodeEncodeChangeHeaderGraphs(String)[2735]" classname="io.jbotsim.io.format.graph6.Graph6TopologySerializerTest" time="0.0"/>
  <testcase name="checkDecodeEncodeChangeHeaderGraphs(String)[2736]" classname="io.jbotsim.io.format.graph6.Graph6TopologySerializerTest" time="0.001"/>
  <testcase name="checkDecodeEncodeChangeHeaderGraphs(String)[2737]" classname="io.jbotsim.io.format.graph6.Graph6TopologySerializerTest" time="0.0"/>
  <testcase name="checkDecodeEncodeChangeHeaderGraphs(String)[2738]" classname="io.jbotsim.io.format.graph6.Graph6TopologySerializerTest" time="0.002"/>
  <testcase name="checkDecodeEncodeChangeHeaderGraphs(String)[2739]" classname="io.jbotsim.io.format.graph6.Graph6TopologySerializerTest" time="0.0"/>
  <testcase name="checkDecodeEncodeChangeHeaderGraphs(String)[2740]" classname="io.jbotsim.io.format.graph6.Graph6TopologySerializerTest" time="0.001"/>
  <testcase name="checkDecodeEncodeChangeHeaderGraphs(String)[2741]" classname="io.jbotsim.io.format.graph6.Graph6TopologySerializerTest" time="0.001"/>
  <testcase name="checkDecodeEncodeChangeHeaderGraphs(String)[2742]" classname="io.jbotsim.io.format.graph6.Graph6TopologySerializerTest" time="0.0"/>
  <testcase name="checkDecodeEncodeChangeHeaderGraphs(String)[2743]" classname="io.jbotsim.io.format.graph6.Graph6TopologySerializerTest" time="0.0"/>
  <testcase name="checkDecodeEncodeChangeHeaderGraphs(String)[2744]" classname="io.jbotsim.io.format.graph6.Graph6TopologySerializerTest" time="0.001"/>
  <testcase name="checkDecodeEncodeChangeHeaderGraphs(String)[2745]" classname="io.jbotsim.io.format.graph6.Graph6TopologySerializerTest" time="0.001"/>
  <testcase name="checkDecodeEncodeChangeHeaderGraphs(String)[2746]" classname="io.jbotsim.io.format.graph6.Graph6TopologySerializerTest" time="0.003"/>
  <testcase name="checkDecodeEncodeChangeHeaderGraphs(String)[2747]" classname="io.jbotsim.io.format.graph6.Graph6TopologySerializerTest" time="0.0"/>
  <testcase name="checkDecodeEncodeChangeHeaderGraphs(String)[2748]" classname="io.jbotsim.io.format.graph6.Graph6TopologySerializerTest" time="0.003"/>
  <testcase name="checkDecodeEncodeChangeHeaderGraphs(String)[2749]" classname="io.jbotsim.io.format.graph6.Graph6TopologySerializerTest" time="0.0"/>
  <testcase name="checkDecodeEncodeChangeHeaderGraphs(String)[2750]" classname="io.jbotsim.io.format.graph6.Graph6TopologySerializerTest" time="0.0"/>
  <testcase name="checkDecodeEncodeChangeHeaderGraphs(String)[2751]" classname="io.jbotsim.io.format.graph6.Graph6TopologySerializerTest" time="0.0"/>
  <testcase name="checkDecodeEncodeChangeHeaderGraphs(String)[2752]" classname="io.jbotsim.io.format.graph6.Graph6TopologySerializerTest" time="0.0"/>
  <testcase name="checkDecodeEncodeChangeHeaderGraphs(String)[2753]" classname="io.jbotsim.io.format.graph6.Graph6TopologySerializerTest" time="0.0"/>
  <testcase name="checkDecodeEncodeChangeHeaderGraphs(String)[2754]" classname="io.jbotsim.io.format.graph6.Graph6TopologySerializerTest" time="0.003"/>
  <testcase name="checkDecodeEncodeChangeHeaderGraphs(String)[2755]" classname="io.jbotsim.io.format.graph6.Graph6TopologySerializerTest" time="0.0"/>
  <testcase name="checkDecodeEncodeChangeHeaderGraphs(String)[2756]" classname="io.jbotsim.io.format.graph6.Graph6TopologySerializerTest" time="0.002"/>
  <testcase name="checkDecodeEncodeChangeHeaderGraphs(String)[2757]" classname="io.jbotsim.io.format.graph6.Graph6TopologySerializerTest" time="0.0"/>
  <testcase name="checkDecodeEncodeChangeHeaderGraphs(String)[2758]" classname="io.jbotsim.io.format.graph6.Graph6TopologySerializerTest" time="0.0"/>
  <testcase name="checkDecodeEncodeChangeHeaderGraphs(String)[2759]" classname="io.jbotsim.io.format.graph6.Graph6TopologySerializerTest" time="0.0"/>
  <testcase name="checkDecodeEncodeChangeHeaderGraphs(String)[2760]" classname="io.jbotsim.io.format.graph6.Graph6TopologySerializerTest" time="0.0"/>
  <testcase name="checkDecodeEncodeChangeHeaderGraphs(String)[2761]" classname="io.jbotsim.io.format.graph6.Graph6TopologySerializerTest" time="0.0"/>
  <testcase name="checkDecodeEncodeChangeHeaderGraphs(String)[2762]" classname="io.jbotsim.io.format.graph6.Graph6TopologySerializerTest" time="0.0"/>
  <testcase name="checkDecodeEncodeChangeHeaderGraphs(String)[2763]" classname="io.jbotsim.io.format.graph6.Graph6TopologySerializerTest" time="0.001"/>
  <testcase name="checkDecodeEncodeChangeHeaderGraphs(String)[2764]" classname="io.jbotsim.io.format.graph6.Graph6TopologySerializerTest" time="0.0"/>
  <testcase name="checkDecodeEncodeChangeHeaderGraphs(String)[2765]" classname="io.jbotsim.io.format.graph6.Graph6TopologySerializerTest" time="0.001"/>
  <testcase name="checkDecodeEncodeChangeHeaderGraphs(String)[2766]" classname="io.jbotsim.io.format.graph6.Graph6TopologySerializerTest" time="0.0"/>
  <testcase name="checkDecodeEncodeChangeHeaderGraphs(String)[2767]" classname="io.jbotsim.io.format.graph6.Graph6TopologySerializerTest" time="0.001"/>
  <testcase name="checkDecodeEncodeChangeHeaderGraphs(String)[2768]" classname="io.jbotsim.io.format.graph6.Graph6TopologySerializerTest" time="0.001"/>
  <testcase name="checkDecodeEncodeChangeHeaderGraphs(String)[2769]" classname="io.jbotsim.io.format.graph6.Graph6TopologySerializerTest" time="0.001"/>
  <testcase name="checkDecodeEncodeChangeHeaderGraphs(String)[2770]" classname="io.jbotsim.io.format.graph6.Graph6TopologySerializerTest" time="0.001"/>
  <testcase name="checkDecodeEncodeChangeHeaderGraphs(String)[2771]" classname="io.jbotsim.io.format.graph6.Graph6TopologySerializerTest" time="0.0"/>
  <testcase name="checkDecodeEncodeChangeHeaderGraphs(String)[2772]" classname="io.jbotsim.io.format.graph6.Graph6TopologySerializerTest" time="0.001"/>
  <testcase name="checkDecodeEncodeChangeHeaderGraphs(String)[2773]" classname="io.jbotsim.io.format.graph6.Graph6TopologySerializerTest" time="0.0"/>
  <testcase name="checkDecodeEncodeChangeHeaderGraphs(String)[2774]" classname="io.jbotsim.io.format.graph6.Graph6TopologySerializerTest" time="0.0"/>
  <testcase name="checkDecodeEncodeChangeHeaderGraphs(String)[2775]" classname="io.jbotsim.io.format.graph6.Graph6TopologySerializerTest" time="0.0"/>
  <testcase name="checkDecodeEncodeChangeHeaderGraphs(String)[2776]" classname="io.jbotsim.io.format.graph6.Graph6TopologySerializerTest" time="0.001"/>
  <testcase name="checkDecodeEncodeChangeHeaderGraphs(String)[2777]" classname="io.jbotsim.io.format.graph6.Graph6TopologySerializerTest" time="0.0"/>
  <testcase name="checkDecodeEncodeChangeHeaderGraphs(String)[2778]" classname="io.jbotsim.io.format.graph6.Graph6TopologySerializerTest" time="0.0"/>
  <testcase name="checkDecodeEncodeChangeHeaderGraphs(String)[2779]" classname="io.jbotsim.io.format.graph6.Graph6TopologySerializerTest" time="0.004"/>
  <testcase name="checkDecodeEncodeChangeHeaderGraphs(String)[2780]" classname="io.jbotsim.io.format.graph6.Graph6TopologySerializerTest" time="0.0"/>
  <testcase name="checkDecodeEncodeChangeHeaderGraphs(String)[2781]" classname="io.jbotsim.io.format.graph6.Graph6TopologySerializerTest" time="0.0"/>
  <testcase name="checkDecodeEncodeChangeHeaderGraphs(String)[2782]" classname="io.jbotsim.io.format.graph6.Graph6TopologySerializerTest" time="0.0"/>
  <testcase name="checkDecodeEncodeChangeHeaderGraphs(String)[2783]" classname="io.jbotsim.io.format.graph6.Graph6TopologySerializerTest" time="0.0"/>
  <testcase name="checkDecodeEncodeChangeHeaderGraphs(String)[2784]" classname="io.jbotsim.io.format.graph6.Graph6TopologySerializerTest" time="0.0"/>
  <testcase name="checkDecodeEncodeChangeHeaderGraphs(String)[2785]" classname="io.jbotsim.io.format.graph6.Graph6TopologySerializerTest" time="0.0"/>
  <testcase name="checkDecodeEncodeChangeHeaderGraphs(String)[2786]" classname="io.jbotsim.io.format.graph6.Graph6TopologySerializerTest" time="0.0"/>
  <testcase name="checkDecodeEncodeChangeHeaderGraphs(String)[2787]" classname="io.jbotsim.io.format.graph6.Graph6TopologySerializerTest" time="0.001"/>
  <testcase name="checkDecodeEncodeChangeHeaderGraphs(String)[2788]" classname="io.jbotsim.io.format.graph6.Graph6TopologySerializerTest" time="0.003"/>
  <testcase name="checkDecodeEncodeChangeHeaderGraphs(String)[2789]" classname="io.jbotsim.io.format.graph6.Graph6TopologySerializerTest" time="0.0"/>
  <testcase name="checkDecodeEncodeChangeHeaderGraphs(String)[2790]" classname="io.jbotsim.io.format.graph6.Graph6TopologySerializerTest" time="0.0"/>
  <testcase name="checkDecodeEncodeChangeHeaderGraphs(String)[2791]" classname="io.jbotsim.io.format.graph6.Graph6TopologySerializerTest" time="0.0"/>
  <testcase name="checkDecodeEncodeChangeHeaderGraphs(String)[2792]" classname="io.jbotsim.io.format.graph6.Graph6TopologySerializerTest" time="0.0"/>
  <testcase name="checkDecodeEncodeChangeHeaderGraphs(String)[2793]" classname="io.jbotsim.io.format.graph6.Graph6TopologySerializerTest" time="0.0"/>
  <testcase name="checkDecodeEncodeChangeHeaderGraphs(String)[2794]" classname="io.jbotsim.io.format.graph6.Graph6TopologySerializerTest" time="0.003"/>
  <testcase name="checkDecodeEncodeChangeHeaderGraphs(String)[2795]" classname="io.jbotsim.io.format.graph6.Graph6TopologySerializerTest" time="0.0"/>
  <testcase name="checkDecodeEncodeChangeHeaderGraphs(String)[2796]" classname="io.jbotsim.io.format.graph6.Graph6TopologySerializerTest" time="0.0"/>
  <testcase name="checkDecodeEncodeChangeHeaderGraphs(String)[2797]" classname="io.jbotsim.io.format.graph6.Graph6TopologySerializerTest" time="0.0"/>
  <testcase name="checkDecodeEncodeChangeHeaderGraphs(String)[2798]" classname="io.jbotsim.io.format.graph6.Graph6TopologySerializerTest" time="0.0"/>
  <testcase name="checkDecodeEncodeChangeHeaderGraphs(String)[2799]" classname="io.jbotsim.io.format.graph6.Graph6TopologySerializerTest" time="0.004"/>
  <testcase name="checkDecodeEncodeChangeHeaderGraphs(String)[2800]" classname="io.jbotsim.io.format.graph6.Graph6TopologySerializerTest" time="0.0"/>
  <testcase name="checkDecodeEncodeChangeHeaderGraphs(String)[2801]" classname="io.jbotsim.io.format.graph6.Graph6TopologySerializerTest" time="0.001"/>
  <testcase name="checkDecodeEncodeChangeHeaderGraphs(String)[2802]" classname="io.jbotsim.io.format.graph6.Graph6TopologySerializerTest" time="0.0"/>
  <testcase name="checkDecodeEncodeChangeHeaderGraphs(String)[2803]" classname="io.jbotsim.io.format.graph6.Graph6TopologySerializerTest" time="0.0"/>
  <testcase name="checkDecodeEncodeChangeHeaderGraphs(String)[2804]" classname="io.jbotsim.io.format.graph6.Graph6TopologySerializerTest" time="0.0"/>
  <testcase name="checkDecodeEncodeChangeHeaderGraphs(String)[2805]" classname="io.jbotsim.io.format.graph6.Graph6TopologySerializerTest" time="0.001"/>
  <testcase name="checkDecodeEncodeChangeHeaderGraphs(String)[2806]" classname="io.jbotsim.io.format.graph6.Graph6TopologySerializerTest" time="0.0"/>
  <testcase name="checkDecodeEncodeChangeHeaderGraphs(String)[2807]" classname="io.jbotsim.io.format.graph6.Graph6TopologySerializerTest" time="0.001"/>
  <testcase name="checkDecodeEncodeChangeHeaderGraphs(String)[2808]" classname="io.jbotsim.io.format.graph6.Graph6TopologySerializerTest" time="0.0"/>
  <testcase name="checkDecodeEncodeChangeHeaderGraphs(String)[2809]" classname="io.jbotsim.io.format.graph6.Graph6TopologySerializerTest" time="0.0"/>
  <testcase name="checkDecodeEncodeChangeHeaderGraphs(String)[2810]" classname="io.jbotsim.io.format.graph6.Graph6TopologySerializerTest" time="0.0"/>
  <testcase name="checkDecodeEncodeChangeHeaderGraphs(String)[2811]" classname="io.jbotsim.io.format.graph6.Graph6TopologySerializerTest" time="0.001"/>
  <testcase name="checkDecodeEncodeChangeHeaderGraphs(String)[2812]" classname="io.jbotsim.io.format.graph6.Graph6TopologySerializerTest" time="0.001"/>
  <testcase name="checkDecodeEncodeChangeHeaderGraphs(String)[2813]" classname="io.jbotsim.io.format.graph6.Graph6TopologySerializerTest" time="0.0"/>
  <testcase name="checkDecodeEncodeChangeHeaderGraphs(String)[2814]" classname="io.jbotsim.io.format.graph6.Graph6TopologySerializerTest" time="0.001"/>
  <testcase name="checkDecodeEncodeChangeHeaderGraphs(String)[2815]" classname="io.jbotsim.io.format.graph6.Graph6TopologySerializerTest" time="0.0"/>
  <testcase name="checkDecodeEncodeChangeHeaderGraphs(String)[2816]" classname="io.jbotsim.io.format.graph6.Graph6TopologySerializerTest" time="0.0"/>
  <testcase name="checkDecodeEncodeChangeHeaderGraphs(String)[2817]" classname="io.jbotsim.io.format.graph6.Graph6TopologySerializerTest" time="0.0"/>
  <testcase name="checkDecodeEncodeChangeHeaderGraphs(String)[2818]" classname="io.jbotsim.io.format.graph6.Graph6TopologySerializerTest" time="0.0"/>
  <testcase name="checkDecodeEncodeChangeHeaderGraphs(String)[2819]" classname="io.jbotsim.io.format.graph6.Graph6TopologySerializerTest" time="0.0"/>
  <testcase name="checkDecodeEncodeChangeHeaderGraphs(String)[2820]" classname="io.jbotsim.io.format.graph6.Graph6TopologySerializerTest" time="0.0"/>
  <testcase name="checkDecodeEncodeChangeHeaderGraphs(String)[2821]" classname="io.jbotsim.io.format.graph6.Graph6TopologySerializerTest" time="0.0"/>
  <testcase name="checkDecodeEncodeChangeHeaderGraphs(String)[2822]" classname="io.jbotsim.io.format.graph6.Graph6TopologySerializerTest" time="0.0"/>
  <testcase name="checkDecodeEncodeChangeHeaderGraphs(String)[2823]" classname="io.jbotsim.io.format.graph6.Graph6TopologySerializerTest" time="0.0"/>
  <testcase name="checkDecodeEncodeChangeHeaderGraphs(String)[2824]" classname="io.jbotsim.io.format.graph6.Graph6TopologySerializerTest" time="0.0"/>
  <testcase name="checkDecodeEncodeChangeHeaderGraphs(String)[2825]" classname="io.jbotsim.io.format.graph6.Graph6TopologySerializerTest" time="0.0"/>
  <testcase name="checkDecodeEncodeChangeHeaderGraphs(String)[2826]" classname="io.jbotsim.io.format.graph6.Graph6TopologySerializerTest" time="0.001"/>
  <testcase name="checkDecodeEncodeChangeHeaderGraphs(String)[2827]" classname="io.jbotsim.io.format.graph6.Graph6TopologySerializerTest" time="0.0"/>
  <testcase name="checkDecodeEncodeChangeHeaderGraphs(String)[2828]" classname="io.jbotsim.io.format.graph6.Graph6TopologySerializerTest" time="0.001"/>
  <testcase name="checkDecodeEncodeChangeHeaderGraphs(String)[2829]" classname="io.jbotsim.io.format.graph6.Graph6TopologySerializerTest" time="0.001"/>
  <testcase name="checkDecodeEncodeChangeHeaderGraphs(String)[2830]" classname="io.jbotsim.io.format.graph6.Graph6TopologySerializerTest" time="0.0"/>
  <testcase name="checkDecodeEncodeChangeHeaderGraphs(String)[2831]" classname="io.jbotsim.io.format.graph6.Graph6TopologySerializerTest" time="0.001"/>
  <testcase name="checkDecodeEncodeChangeHeaderGraphs(String)[2832]" classname="io.jbotsim.io.format.graph6.Graph6TopologySerializerTest" time="0.0"/>
  <testcase name="checkDecodeEncodeChangeHeaderGraphs(String)[2833]" classname="io.jbotsim.io.format.graph6.Graph6TopologySerializerTest" time="0.001"/>
  <testcase name="checkDecodeEncodeChangeHeaderGraphs(String)[2834]" classname="io.jbotsim.io.format.graph6.Graph6TopologySerializerTest" time="0.0"/>
  <testcase name="checkDecodeEncodeChangeHeaderGraphs(String)[2835]" classname="io.jbotsim.io.format.graph6.Graph6TopologySerializerTest" time="0.0"/>
  <testcase name="checkDecodeEncodeChangeHeaderGraphs(String)[2836]" classname="io.jbotsim.io.format.graph6.Graph6TopologySerializerTest" time="0.0"/>
  <testcase name="checkDecodeEncodeChangeHeaderGraphs(String)[2837]" classname="io.jbotsim.io.format.graph6.Graph6TopologySerializerTest" time="0.0"/>
  <testcase name="checkDecodeEncodeChangeHeaderGraphs(String)[2838]" classname="io.jbotsim.io.format.graph6.Graph6TopologySerializerTest" time="0.001"/>
  <testcase name="checkDecodeEncodeChangeHeaderGraphs(String)[2839]" classname="io.jbotsim.io.format.graph6.Graph6TopologySerializerTest" time="0.0"/>
  <testcase name="checkDecodeEncodeChangeHeaderGraphs(String)[2840]" classname="io.jbotsim.io.format.graph6.Graph6TopologySerializerTest" time="0.0"/>
  <testcase name="checkDecodeEncodeChangeHeaderGraphs(String)[2841]" classname="io.jbotsim.io.format.graph6.Graph6TopologySerializerTest" time="0.0"/>
  <testcase name="checkDecodeEncodeChangeHeaderGraphs(String)[2842]" classname="io.jbotsim.io.format.graph6.Graph6TopologySerializerTest" time="0.001"/>
  <testcase name="checkDecodeEncodeChangeHeaderGraphs(String)[2843]" classname="io.jbotsim.io.format.graph6.Graph6TopologySerializerTest" time="0.0"/>
  <testcase name="checkDecodeEncodeChangeHeaderGraphs(String)[2844]" classname="io.jbotsim.io.format.graph6.Graph6TopologySerializerTest" time="0.004"/>
  <testcase name="checkDecodeEncodeChangeHeaderGraphs(String)[2845]" classname="io.jbotsim.io.format.graph6.Graph6TopologySerializerTest" time="0.0"/>
  <testcase name="checkDecodeEncodeChangeHeaderGraphs(String)[2846]" classname="io.jbotsim.io.format.graph6.Graph6TopologySerializerTest" time="0.0"/>
  <testcase name="checkDecodeEncodeChangeHeaderGraphs(String)[2847]" classname="io.jbotsim.io.format.graph6.Graph6TopologySerializerTest" time="0.0"/>
  <testcase name="checkDecodeEncodeChangeHeaderGraphs(String)[2848]" classname="io.jbotsim.io.format.graph6.Graph6TopologySerializerTest" time="0.0"/>
  <testcase name="checkDecodeEncodeChangeHeaderGraphs(String)[2849]" classname="io.jbotsim.io.format.graph6.Graph6TopologySerializerTest" time="0.0"/>
  <testcase name="checkDecodeEncodeChangeHeaderGraphs(String)[2850]" classname="io.jbotsim.io.format.graph6.Graph6TopologySerializerTest" time="0.0"/>
  <testcase name="checkDecodeEncodeChangeHeaderGraphs(String)[2851]" classname="io.jbotsim.io.format.graph6.Graph6TopologySerializerTest" time="0.001"/>
  <testcase name="checkDecodeEncodeChangeHeaderGraphs(String)[2852]" classname="io.jbotsim.io.format.graph6.Graph6TopologySerializerTest" time="0.0"/>
  <testcase name="checkDecodeEncodeChangeHeaderGraphs(String)[2853]" classname="io.jbotsim.io.format.graph6.Graph6TopologySerializerTest" time="0.0"/>
  <testcase name="checkDecodeEncodeChangeHeaderGraphs(String)[2854]" classname="io.jbotsim.io.format.graph6.Graph6TopologySerializerTest" time="0.0"/>
  <testcase name="checkDecodeEncodeChangeHeaderGraphs(String)[2855]" classname="io.jbotsim.io.format.graph6.Graph6TopologySerializerTest" time="0.0"/>
  <testcase name="checkDecodeEncodeChangeHeaderGraphs(String)[2856]" classname="io.jbotsim.io.format.graph6.Graph6TopologySerializerTest" time="0.001"/>
  <testcase name="checkDecodeEncodeChangeHeaderGraphs(String)[2857]" classname="io.jbotsim.io.format.graph6.Graph6TopologySerializerTest" time="0.0"/>
  <testcase name="checkDecodeEncodeChangeHeaderGraphs(String)[2858]" classname="io.jbotsim.io.format.graph6.Graph6TopologySerializerTest" time="0.001"/>
  <testcase name="checkDecodeEncodeChangeHeaderGraphs(String)[2859]" classname="io.jbotsim.io.format.graph6.Graph6TopologySerializerTest" time="0.0"/>
  <testcase name="checkDecodeEncodeChangeHeaderGraphs(String)[2860]" classname="io.jbotsim.io.format.graph6.Graph6TopologySerializerTest" time="0.001"/>
  <testcase name="checkDecodeEncodeChangeHeaderGraphs(String)[2861]" classname="io.jbotsim.io.format.graph6.Graph6TopologySerializerTest" time="0.0"/>
  <testcase name="checkDecodeEncodeChangeHeaderGraphs(String)[2862]" classname="io.jbotsim.io.format.graph6.Graph6TopologySerializerTest" time="0.0"/>
  <testcase name="checkDecodeEncodeChangeHeaderGraphs(String)[2863]" classname="io.jbotsim.io.format.graph6.Graph6TopologySerializerTest" time="0.0"/>
  <testcase name="checkDecodeEncodeChangeHeaderGraphs(String)[2864]" classname="io.jbotsim.io.format.graph6.Graph6TopologySerializerTest" time="0.0"/>
  <testcase name="checkDecodeEncodeChangeHeaderGraphs(String)[2865]" classname="io.jbotsim.io.format.graph6.Graph6TopologySerializerTest" time="0.0"/>
  <testcase name="checkDecodeEncodeChangeHeaderGraphs(String)[2866]" classname="io.jbotsim.io.format.graph6.Graph6TopologySerializerTest" time="0.001"/>
  <testcase name="checkDecodeEncodeChangeHeaderGraphs(String)[2867]" classname="io.jbotsim.io.format.graph6.Graph6TopologySerializerTest" time="0.003"/>
  <testcase name="checkDecodeEncodeChangeHeaderGraphs(String)[2868]" classname="io.jbotsim.io.format.graph6.Graph6TopologySerializerTest" time="0.0"/>
  <testcase name="checkDecodeEncodeChangeHeaderGraphs(String)[2869]" classname="io.jbotsim.io.format.graph6.Graph6TopologySerializerTest" time="0.0"/>
  <testcase name="checkDecodeEncodeChangeHeaderGraphs(String)[2870]" classname="io.jbotsim.io.format.graph6.Graph6TopologySerializerTest" time="0.0"/>
  <testcase name="checkDecodeEncodeChangeHeaderGraphs(String)[2871]" classname="io.jbotsim.io.format.graph6.Graph6TopologySerializerTest" time="0.0"/>
  <testcase name="checkDecodeEncodeChangeHeaderGraphs(String)[2872]" classname="io.jbotsim.io.format.graph6.Graph6TopologySerializerTest" time="0.001"/>
  <testcase name="checkDecodeEncodeChangeHeaderGraphs(String)[2873]" classname="io.jbotsim.io.format.graph6.Graph6TopologySerializerTest" time="0.0"/>
  <testcase name="checkDecodeEncodeChangeHeaderGraphs(String)[2874]" classname="io.jbotsim.io.format.graph6.Graph6TopologySerializerTest" time="0.0"/>
  <testcase name="checkDecodeEncodeChangeHeaderGraphs(String)[2875]" classname="io.jbotsim.io.format.graph6.Graph6TopologySerializerTest" time="0.0"/>
  <testcase name="checkDecodeEncodeChangeHeaderGraphs(String)[2876]" classname="io.jbotsim.io.format.graph6.Graph6TopologySerializerTest" time="0.0"/>
  <testcase name="checkDecodeEncodeChangeHeaderGraphs(String)[2877]" classname="io.jbotsim.io.format.graph6.Graph6TopologySerializerTest" time="0.0"/>
  <testcase name="checkDecodeEncodeChangeHeaderGraphs(String)[2878]" classname="io.jbotsim.io.format.graph6.Graph6TopologySerializerTest" time="0.0"/>
  <testcase name="checkDecodeEncodeChangeHeaderGraphs(String)[2879]" classname="io.jbotsim.io.format.graph6.Graph6TopologySerializerTest" time="0.0"/>
  <testcase name="checkDecodeEncodeChangeHeaderGraphs(String)[2880]" classname="io.jbotsim.io.format.graph6.Graph6TopologySerializerTest" time="0.0"/>
  <testcase name="checkDecodeEncodeChangeHeaderGraphs(String)[2881]" classname="io.jbotsim.io.format.graph6.Graph6TopologySerializerTest" time="0.0"/>
  <testcase name="checkDecodeEncodeChangeHeaderGraphs(String)[2882]" classname="io.jbotsim.io.format.graph6.Graph6TopologySerializerTest" time="0.001"/>
  <testcase name="checkDecodeEncodeChangeHeaderGraphs(String)[2883]" classname="io.jbotsim.io.format.graph6.Graph6TopologySerializerTest" time="0.001"/>
  <testcase name="checkDecodeEncodeChangeHeaderGraphs(String)[2884]" classname="io.jbotsim.io.format.graph6.Graph6TopologySerializerTest" time="0.0"/>
  <testcase name="checkDecodeEncodeChangeHeaderGraphs(String)[2885]" classname="io.jbotsim.io.format.graph6.Graph6TopologySerializerTest" time="0.001"/>
  <testcase name="checkDecodeEncodeChangeHeaderGraphs(String)[2886]" classname="io.jbotsim.io.format.graph6.Graph6TopologySerializerTest" time="0.001"/>
  <testcase name="checkDecodeEncodeChangeHeaderGraphs(String)[2887]" classname="io.jbotsim.io.format.graph6.Graph6TopologySerializerTest" time="0.0"/>
  <testcase name="checkDecodeEncodeChangeHeaderGraphs(String)[2888]" classname="io.jbotsim.io.format.graph6.Graph6TopologySerializerTest" time="0.001"/>
  <testcase name="checkDecodeEncodeChangeHeaderGraphs(String)[2889]" classname="io.jbotsim.io.format.graph6.Graph6TopologySerializerTest" time="0.001"/>
  <testcase name="checkDecodeEncodeChangeHeaderGraphs(String)[2890]" classname="io.jbotsim.io.format.graph6.Graph6TopologySerializerTest" time="0.001"/>
  <testcase name="checkDecodeEncodeChangeHeaderGraphs(String)[2891]" classname="io.jbotsim.io.format.graph6.Graph6TopologySerializerTest" time="0.001"/>
  <testcase name="checkDecodeEncodeChangeHeaderGraphs(String)[2892]" classname="io.jbotsim.io.format.graph6.Graph6TopologySerializerTest" time="0.0"/>
  <testcase name="checkDecodeEncodeChangeHeaderGraphs(String)[2893]" classname="io.jbotsim.io.format.graph6.Graph6TopologySerializerTest" time="0.0"/>
  <testcase name="checkDecodeEncodeChangeHeaderGraphs(String)[2894]" classname="io.jbotsim.io.format.graph6.Graph6TopologySerializerTest" time="0.001"/>
  <testcase name="checkDecodeEncodeChangeHeaderGraphs(String)[2895]" classname="io.jbotsim.io.format.graph6.Graph6TopologySerializerTest" time="0.0"/>
  <testcase name="checkDecodeEncodeChangeHeaderGraphs(String)[2896]" classname="io.jbotsim.io.format.graph6.Graph6TopologySerializerTest" time="0.0"/>
  <testcase name="checkDecodeEncodeChangeHeaderGraphs(String)[2897]" classname="io.jbotsim.io.format.graph6.Graph6TopologySerializerTest" time="0.001"/>
  <testcase name="checkDecodeEncodeChangeHeaderGraphs(String)[2898]" classname="io.jbotsim.io.format.graph6.Graph6TopologySerializerTest" time="0.001"/>
  <testcase name="checkDecodeEncodeChangeHeaderGraphs(String)[2899]" classname="io.jbotsim.io.format.graph6.Graph6TopologySerializerTest" time="0.0"/>
  <testcase name="checkDecodeEncodeChangeHeaderGraphs(String)[2900]" classname="io.jbotsim.io.format.graph6.Graph6TopologySerializerTest" time="0.0"/>
  <testcase name="checkDecodeEncodeChangeHeaderGraphs(String)[2901]" classname="io.jbotsim.io.format.graph6.Graph6TopologySerializerTest" time="0.002"/>
  <testcase name="checkDecodeEncodeChangeHeaderGraphs(String)[2902]" classname="io.jbotsim.io.format.graph6.Graph6TopologySerializerTest" time="0.001"/>
  <testcase name="checkDecodeEncodeChangeHeaderGraphs(String)[2903]" classname="io.jbotsim.io.format.graph6.Graph6TopologySerializerTest" time="0.0"/>
  <testcase name="checkDecodeEncodeChangeHeaderGraphs(String)[2904]" classname="io.jbotsim.io.format.graph6.Graph6TopologySerializerTest" time="0.005"/>
  <testcase name="checkDecodeEncodeChangeHeaderGraphs(String)[2905]" classname="io.jbotsim.io.format.graph6.Graph6TopologySerializerTest" time="0.001"/>
  <testcase name="checkDecodeEncodeChangeHeaderGraphs(String)[2906]" classname="io.jbotsim.io.format.graph6.Graph6TopologySerializerTest" time="0.001"/>
  <testcase name="checkDecodeEncodeChangeHeaderGraphs(String)[2907]" classname="io.jbotsim.io.format.graph6.Graph6TopologySerializerTest" time="0.001"/>
  <testcase name="checkDecodeEncodeChangeHeaderGraphs(String)[2908]" classname="io.jbotsim.io.format.graph6.Graph6TopologySerializerTest" time="0.0"/>
  <testcase name="checkDecodeEncodeChangeHeaderGraphs(String)[2909]" classname="io.jbotsim.io.format.graph6.Graph6TopologySerializerTest" time="0.003"/>
  <testcase name="checkDecodeEncodeChangeHeaderGraphs(String)[2910]" classname="io.jbotsim.io.format.graph6.Graph6TopologySerializerTest" time="0.0"/>
  <testcase name="checkDecodeEncodeChangeHeaderGraphs(String)[2911]" classname="io.jbotsim.io.format.graph6.Graph6TopologySerializerTest" time="0.0"/>
  <testcase name="checkDecodeEncodeChangeHeaderGraphs(String)[2912]" classname="io.jbotsim.io.format.graph6.Graph6TopologySerializerTest" time="0.0"/>
  <testcase name="checkDecodeEncodeChangeHeaderGraphs(String)[2913]" classname="io.jbotsim.io.format.graph6.Graph6TopologySerializerTest" time="0.001"/>
  <testcase name="checkDecodeEncodeChangeHeaderGraphs(String)[2914]" classname="io.jbotsim.io.format.graph6.Graph6TopologySerializerTest" time="0.0"/>
  <testcase name="checkDecodeEncodeChangeHeaderGraphs(String)[2915]" classname="io.jbotsim.io.format.graph6.Graph6TopologySerializerTest" time="0.0"/>
  <testcase name="checkDecodeEncodeChangeHeaderGraphs(String)[2916]" classname="io.jbotsim.io.format.graph6.Graph6TopologySerializerTest" time="0.0"/>
  <testcase name="checkDecodeEncodeChangeHeaderGraphs(String)[2917]" classname="io.jbotsim.io.format.graph6.Graph6TopologySerializerTest" time="0.003"/>
  <testcase name="checkDecodeEncodeChangeHeaderGraphs(String)[2918]" classname="io.jbotsim.io.format.graph6.Graph6TopologySerializerTest" time="0.0"/>
  <testcase name="checkDecodeEncodeChangeHeaderGraphs(String)[2919]" classname="io.jbotsim.io.format.graph6.Graph6TopologySerializerTest" time="0.0"/>
  <testcase name="checkDecodeEncodeChangeHeaderGraphs(String)[2920]" classname="io.jbotsim.io.format.graph6.Graph6TopologySerializerTest" time="0.0"/>
  <testcase name="checkDecodeEncodeChangeHeaderGraphs(String)[2921]" classname="io.jbotsim.io.format.graph6.Graph6TopologySerializerTest" time="0.001"/>
  <testcase name="checkDecodeEncodeChangeHeaderGraphs(String)[2922]" classname="io.jbotsim.io.format.graph6.Graph6TopologySerializerTest" time="0.0"/>
  <testcase name="checkDecodeEncodeChangeHeaderGraphs(String)[2923]" classname="io.jbotsim.io.format.graph6.Graph6TopologySerializerTest" time="0.0"/>
  <testcase name="checkDecodeEncodeChangeHeaderGraphs(String)[2924]" classname="io.jbotsim.io.format.graph6.Graph6TopologySerializerTest" time="0.0"/>
  <testcase name="checkDecodeEncodeChangeHeaderGraphs(String)[2925]" classname="io.jbotsim.io.format.graph6.Graph6TopologySerializerTest" time="0.0"/>
  <testcase name="checkDecodeEncodeChangeHeaderGraphs(String)[2926]" classname="io.jbotsim.io.format.graph6.Graph6TopologySerializerTest" time="0.0"/>
  <testcase name="checkDecodeEncodeChangeHeaderGraphs(String)[2927]" classname="io.jbotsim.io.format.graph6.Graph6TopologySerializerTest" time="0.0"/>
  <testcase name="checkDecodeEncodeChangeHeaderGraphs(String)[2928]" classname="io.jbotsim.io.format.graph6.Graph6TopologySerializerTest" time="0.004"/>
  <testcase name="checkDecodeEncodeChangeHeaderGraphs(String)[2929]" classname="io.jbotsim.io.format.graph6.Graph6TopologySerializerTest" time="0.0"/>
  <testcase name="checkDecodeEncodeChangeHeaderGraphs(String)[2930]" classname="io.jbotsim.io.format.graph6.Graph6TopologySerializerTest" time="0.0"/>
  <testcase name="checkDecodeEncodeChangeHeaderGraphs(String)[2931]" classname="io.jbotsim.io.format.graph6.Graph6TopologySerializerTest" time="0.0"/>
  <testcase name="checkDecodeEncodeChangeHeaderGraphs(String)[2932]" classname="io.jbotsim.io.format.graph6.Graph6TopologySerializerTest" time="0.0"/>
  <testcase name="checkDecodeEncodeChangeHeaderGraphs(String)[2933]" classname="io.jbotsim.io.format.graph6.Graph6TopologySerializerTest" time="0.0"/>
  <testcase name="checkDecodeEncodeChangeHeaderGraphs(String)[2934]" classname="io.jbotsim.io.format.graph6.Graph6TopologySerializerTest" time="0.0"/>
  <testcase name="checkDecodeEncodeChangeHeaderGraphs(String)[2935]" classname="io.jbotsim.io.format.graph6.Graph6TopologySerializerTest" time="0.0"/>
  <testcase name="checkDecodeEncodeChangeHeaderGraphs(String)[2936]" classname="io.jbotsim.io.format.graph6.Graph6TopologySerializerTest" time="0.0"/>
  <testcase name="checkDecodeEncodeChangeHeaderGraphs(String)[2937]" classname="io.jbotsim.io.format.graph6.Graph6TopologySerializerTest" time="0.001"/>
  <testcase name="checkDecodeEncodeChangeHeaderGraphs(String)[2938]" classname="io.jbotsim.io.format.graph6.Graph6TopologySerializerTest" time="0.0"/>
  <testcase name="checkDecodeEncodeChangeHeaderGraphs(String)[2939]" classname="io.jbotsim.io.format.graph6.Graph6TopologySerializerTest" time="0.0"/>
  <testcase name="checkDecodeEncodeChangeHeaderGraphs(String)[2940]" classname="io.jbotsim.io.format.graph6.Graph6TopologySerializerTest" time="0.003"/>
  <testcase name="checkDecodeEncodeChangeHeaderGraphs(String)[2941]" classname="io.jbotsim.io.format.graph6.Graph6TopologySerializerTest" time="0.0"/>
  <testcase name="checkDecodeEncodeChangeHeaderGraphs(String)[2942]" classname="io.jbotsim.io.format.graph6.Graph6TopologySerializerTest" time="0.0"/>
  <testcase name="checkDecodeEncodeChangeHeaderGraphs(String)[2943]" classname="io.jbotsim.io.format.graph6.Graph6TopologySerializerTest" time="0.0"/>
  <testcase name="checkDecodeEncodeChangeHeaderGraphs(String)[2944]" classname="io.jbotsim.io.format.graph6.Graph6TopologySerializerTest" time="0.0"/>
  <testcase name="checkDecodeEncodeChangeHeaderGraphs(String)[2945]" classname="io.jbotsim.io.format.graph6.Graph6TopologySerializerTest" time="0.0"/>
  <testcase name="checkDecodeEncodeChangeHeaderGraphs(String)[2946]" classname="io.jbotsim.io.format.graph6.Graph6TopologySerializerTest" time="0.0"/>
  <testcase name="checkDecodeEncodeChangeHeaderGraphs(String)[2947]" classname="io.jbotsim.io.format.graph6.Graph6TopologySerializerTest" time="0.001"/>
  <testcase name="checkDecodeEncodeChangeHeaderGraphs(String)[2948]" classname="io.jbotsim.io.format.graph6.Graph6TopologySerializerTest" time="0.0"/>
  <testcase name="checkDecodeEncodeChangeHeaderGraphs(String)[2949]" classname="io.jbotsim.io.format.graph6.Graph6TopologySerializerTest" time="0.001"/>
  <testcase name="checkDecodeEncodeChangeHeaderGraphs(String)[2950]" classname="io.jbotsim.io.format.graph6.Graph6TopologySerializerTest" time="0.0"/>
  <testcase name="checkDecodeEncodeChangeHeaderGraphs(String)[2951]" classname="io.jbotsim.io.format.graph6.Graph6TopologySerializerTest" time="0.0"/>
  <testcase name="checkDecodeEncodeChangeHeaderGraphs(String)[2952]" classname="io.jbotsim.io.format.graph6.Graph6TopologySerializerTest" time="0.0"/>
  <testcase name="checkDecodeEncodeChangeHeaderGraphs(String)[2953]" classname="io.jbotsim.io.format.graph6.Graph6TopologySerializerTest" time="0.001"/>
  <testcase name="checkDecodeEncodeChangeHeaderGraphs(String)[2954]" classname="io.jbotsim.io.format.graph6.Graph6TopologySerializerTest" time="0.0"/>
  <testcase name="checkDecodeEncodeChangeHeaderGraphs(String)[2955]" classname="io.jbotsim.io.format.graph6.Graph6TopologySerializerTest" time="0.0"/>
  <testcase name="checkDecodeEncodeChangeHeaderGraphs(String)[2956]" classname="io.jbotsim.io.format.graph6.Graph6TopologySerializerTest" time="0.0"/>
  <testcase name="checkDecodeEncodeChangeHeaderGraphs(String)[2957]" classname="io.jbotsim.io.format.graph6.Graph6TopologySerializerTest" time="0.001"/>
  <testcase name="checkDecodeEncodeChangeHeaderGraphs(String)[2958]" classname="io.jbotsim.io.format.graph6.Graph6TopologySerializerTest" time="0.0"/>
  <testcase name="checkDecodeEncodeChangeHeaderGraphs(String)[2959]" classname="io.jbotsim.io.format.graph6.Graph6TopologySerializerTest" time="0.0"/>
  <testcase name="checkDecodeEncodeChangeHeaderGraphs(String)[2960]" classname="io.jbotsim.io.format.graph6.Graph6TopologySerializerTest" time="0.002"/>
  <testcase name="checkDecodeEncodeChangeHeaderGraphs(String)[2961]" classname="io.jbotsim.io.format.graph6.Graph6TopologySerializerTest" time="0.0"/>
  <testcase name="checkDecodeEncodeChangeHeaderGraphs(String)[2962]" classname="io.jbotsim.io.format.graph6.Graph6TopologySerializerTest" time="0.0"/>
  <testcase name="checkDecodeEncodeChangeHeaderGraphs(String)[2963]" classname="io.jbotsim.io.format.graph6.Graph6TopologySerializerTest" time="0.0"/>
  <testcase name="checkDecodeEncodeChangeHeaderGraphs(String)[2964]" classname="io.jbotsim.io.format.graph6.Graph6TopologySerializerTest" time="0.0"/>
  <testcase name="checkDecodeEncodeChangeHeaderGraphs(String)[2965]" classname="io.jbotsim.io.format.graph6.Graph6TopologySerializerTest" time="0.0"/>
  <testcase name="checkDecodeEncodeChangeHeaderGraphs(String)[2966]" classname="io.jbotsim.io.format.graph6.Graph6TopologySerializerTest" time="0.001"/>
  <testcase name="checkDecodeEncodeChangeHeaderGraphs(String)[2967]" classname="io.jbotsim.io.format.graph6.Graph6TopologySerializerTest" time="0.001"/>
  <testcase name="checkDecodeEncodeChangeHeaderGraphs(String)[2968]" classname="io.jbotsim.io.format.graph6.Graph6TopologySerializerTest" time="0.0"/>
  <testcase name="checkDecodeEncodeChangeHeaderGraphs(String)[2969]" classname="io.jbotsim.io.format.graph6.Graph6TopologySerializerTest" time="0.0"/>
  <testcase name="checkDecodeEncodeChangeHeaderGraphs(String)[2970]" classname="io.jbotsim.io.format.graph6.Graph6TopologySerializerTest" time="0.0"/>
  <testcase name="checkDecodeEncodeChangeHeaderGraphs(String)[2971]" classname="io.jbotsim.io.format.graph6.Graph6TopologySerializerTest" time="0.0"/>
  <testcase name="checkDecodeEncodeChangeHeaderGraphs(String)[2972]" classname="io.jbotsim.io.format.graph6.Graph6TopologySerializerTest" time="0.0"/>
  <testcase name="checkDecodeEncodeChangeHeaderGraphs(String)[2973]" classname="io.jbotsim.io.format.graph6.Graph6TopologySerializerTest" time="0.0"/>
  <testcase name="checkDecodeEncodeChangeHeaderGraphs(String)[2974]" classname="io.jbotsim.io.format.graph6.Graph6TopologySerializerTest" time="0.0"/>
  <testcase name="checkDecodeEncodeChangeHeaderGraphs(String)[2975]" classname="io.jbotsim.io.format.graph6.Graph6TopologySerializerTest" time="0.001"/>
  <testcase name="checkDecodeEncodeChangeHeaderGraphs(String)[2976]" classname="io.jbotsim.io.format.graph6.Graph6TopologySerializerTest" time="0.0"/>
  <testcase name="checkDecodeEncodeChangeHeaderGraphs(String)[2977]" classname="io.jbotsim.io.format.graph6.Graph6TopologySerializerTest" time="0.0"/>
  <testcase name="checkDecodeEncodeChangeHeaderGraphs(String)[2978]" classname="io.jbotsim.io.format.graph6.Graph6TopologySerializerTest" time="0.001"/>
  <testcase name="checkDecodeEncodeChangeHeaderGraphs(String)[2979]" classname="io.jbotsim.io.format.graph6.Graph6TopologySerializerTest" time="0.0"/>
  <testcase name="checkDecodeEncodeChangeHeaderGraphs(String)[2980]" classname="io.jbotsim.io.format.graph6.Graph6TopologySerializerTest" time="0.0"/>
  <testcase name="checkDecodeEncodeChangeHeaderGraphs(String)[2981]" classname="io.jbotsim.io.format.graph6.Graph6TopologySerializerTest" time="0.003"/>
  <testcase name="checkDecodeEncodeChangeHeaderGraphs(String)[2982]" classname="io.jbotsim.io.format.graph6.Graph6TopologySerializerTest" time="0.0"/>
  <testcase name="checkDecodeEncodeChangeHeaderGraphs(String)[2983]" classname="io.jbotsim.io.format.graph6.Graph6TopologySerializerTest" time="0.0"/>
  <testcase name="checkDecodeEncodeChangeHeaderGraphs(String)[2984]" classname="io.jbotsim.io.format.graph6.Graph6TopologySerializerTest" time="0.0"/>
  <testcase name="checkDecodeEncodeChangeHeaderGraphs(String)[2985]" classname="io.jbotsim.io.format.graph6.Graph6TopologySerializerTest" time="0.0"/>
  <testcase name="checkDecodeEncodeChangeHeaderGraphs(String)[2986]" classname="io.jbotsim.io.format.graph6.Graph6TopologySerializerTest" time="0.0"/>
  <testcase name="checkDecodeEncodeChangeHeaderGraphs(String)[2987]" classname="io.jbotsim.io.format.graph6.Graph6TopologySerializerTest" time="0.0"/>
  <testcase name="checkDecodeEncodeChangeHeaderGraphs(String)[2988]" classname="io.jbotsim.io.format.graph6.Graph6TopologySerializerTest" time="0.0"/>
  <testcase name="checkDecodeEncodeChangeHeaderGraphs(String)[2989]" classname="io.jbotsim.io.format.graph6.Graph6TopologySerializerTest" time="0.0"/>
  <testcase name="checkDecodeEncodeChangeHeaderGraphs(String)[2990]" classname="io.jbotsim.io.format.graph6.Graph6TopologySerializerTest" time="0.001"/>
  <testcase name="checkDecodeEncodeChangeHeaderGraphs(String)[2991]" classname="io.jbotsim.io.format.graph6.Graph6TopologySerializerTest" time="0.0"/>
  <testcase name="checkDecodeEncodeChangeHeaderGraphs(String)[2992]" classname="io.jbotsim.io.format.graph6.Graph6TopologySerializerTest" time="0.0"/>
  <testcase name="checkDecodeEncodeChangeHeaderGraphs(String)[2993]" classname="io.jbotsim.io.format.graph6.Graph6TopologySerializerTest" time="0.0"/>
  <testcase name="checkDecodeEncodeChangeHeaderGraphs(String)[2994]" classname="io.jbotsim.io.format.graph6.Graph6TopologySerializerTest" time="0.0"/>
  <testcase name="checkDecodeEncodeChangeHeaderGraphs(String)[2995]" classname="io.jbotsim.io.format.graph6.Graph6TopologySerializerTest" time="0.0"/>
  <testcase name="checkDecodeEncodeChangeHeaderGraphs(String)[2996]" classname="io.jbotsim.io.format.graph6.Graph6TopologySerializerTest" time="0.001"/>
  <testcase name="checkDecodeEncodeChangeHeaderGraphs(String)[2997]" classname="io.jbotsim.io.format.graph6.Graph6TopologySerializerTest" time="0.0"/>
  <testcase name="checkDecodeEncodeChangeHeaderGraphs(String)[2998]" classname="io.jbotsim.io.format.graph6.Graph6TopologySerializerTest" time="0.001"/>
  <testcase name="checkDecodeEncodeChangeHeaderGraphs(String)[2999]" classname="io.jbotsim.io.format.graph6.Graph6TopologySerializerTest" time="0.0"/>
  <testcase name="checkDecodeEncodeChangeHeaderGraphs(String)[3000]" classname="io.jbotsim.io.format.graph6.Graph6TopologySerializerTest" time="0.001"/>
  <testcase name="checkDecodeEncodeChangeHeaderGraphs(String)[3001]" classname="io.jbotsim.io.format.graph6.Graph6TopologySerializerTest" time="0.0"/>
  <testcase name="checkDecodeEncodeChangeHeaderGraphs(String)[3002]" classname="io.jbotsim.io.format.graph6.Graph6TopologySerializerTest" time="0.001"/>
  <testcase name="checkDecodeEncodeChangeHeaderGraphs(String)[3003]" classname="io.jbotsim.io.format.graph6.Graph6TopologySerializerTest" time="0.0"/>
  <testcase name="checkDecodeEncodeChangeHeaderGraphs(String)[3004]" classname="io.jbotsim.io.format.graph6.Graph6TopologySerializerTest" time="0.003"/>
  <testcase name="checkDecodeEncodeChangeHeaderGraphs(String)[3005]" classname="io.jbotsim.io.format.graph6.Graph6TopologySerializerTest" time="0.0"/>
  <testcase name="checkDecodeEncodeChangeHeaderGraphs(String)[3006]" classname="io.jbotsim.io.format.graph6.Graph6TopologySerializerTest" time="0.0"/>
  <testcase name="checkDecodeEncodeChangeHeaderGraphs(String)[3007]" classname="io.jbotsim.io.format.graph6.Graph6TopologySerializerTest" time="0.0"/>
  <testcase name="checkDecodeEncodeChangeHeaderGraphs(String)[3008]" classname="io.jbotsim.io.format.graph6.Graph6TopologySerializerTest" time="0.0"/>
  <testcase name="checkDecodeEncodeChangeHeaderGraphs(String)[3009]" classname="io.jbotsim.io.format.graph6.Graph6TopologySerializerTest" time="0.001"/>
  <testcase name="checkDecodeEncodeChangeHeaderGraphs(String)[3010]" classname="io.jbotsim.io.format.graph6.Graph6TopologySerializerTest" time="0.0"/>
  <testcase name="checkDecodeEncodeChangeHeaderGraphs(String)[3011]" classname="io.jbotsim.io.format.graph6.Graph6TopologySerializerTest" time="0.0"/>
  <testcase name="checkDecodeEncodeChangeHeaderGraphs(String)[3012]" classname="io.jbotsim.io.format.graph6.Graph6TopologySerializerTest" time="0.0"/>
  <testcase name="checkDecodeEncodeChangeHeaderGraphs(String)[3013]" classname="io.jbotsim.io.format.graph6.Graph6TopologySerializerTest" time="0.0"/>
  <testcase name="checkDecodeEncodeChangeHeaderGraphs(String)[3014]" classname="io.jbotsim.io.format.graph6.Graph6TopologySerializerTest" time="0.0"/>
  <testcase name="checkDecodeEncodeChangeHeaderGraphs(String)[3015]" classname="io.jbotsim.io.format.graph6.Graph6TopologySerializerTest" time="0.0"/>
  <testcase name="checkDecodeEncodeChangeHeaderGraphs(String)[3016]" classname="io.jbotsim.io.format.graph6.Graph6TopologySerializerTest" time="0.0"/>
  <testcase name="checkDecodeEncodeChangeHeaderGraphs(String)[3017]" classname="io.jbotsim.io.format.graph6.Graph6TopologySerializerTest" time="0.0"/>
  <testcase name="checkDecodeEncodeChangeHeaderGraphs(String)[3018]" classname="io.jbotsim.io.format.graph6.Graph6TopologySerializerTest" time="0.001"/>
  <testcase name="checkDecodeEncodeChangeHeaderGraphs(String)[3019]" classname="io.jbotsim.io.format.graph6.Graph6TopologySerializerTest" time="0.0"/>
  <testcase name="checkDecodeEncodeChangeHeaderGraphs(String)[3020]" classname="io.jbotsim.io.format.graph6.Graph6TopologySerializerTest" time="0.0"/>
  <testcase name="checkDecodeEncodeChangeHeaderGraphs(String)[3021]" classname="io.jbotsim.io.format.graph6.Graph6TopologySerializerTest" time="0.0"/>
  <testcase name="checkDecodeEncodeChangeHeaderGraphs(String)[3022]" classname="io.jbotsim.io.format.graph6.Graph6TopologySerializerTest" time="0.0"/>
  <testcase name="checkDecodeEncodeChangeHeaderGraphs(String)[3023]" classname="io.jbotsim.io.format.graph6.Graph6TopologySerializerTest" time="0.001"/>
  <testcase name="checkDecodeEncodeChangeHeaderGraphs(String)[3024]" classname="io.jbotsim.io.format.graph6.Graph6TopologySerializerTest" time="0.001"/>
  <testcase name="checkDecodeEncodeChangeHeaderGraphs(String)[3025]" classname="io.jbotsim.io.format.graph6.Graph6TopologySerializerTest" time="0.0"/>
  <testcase name="checkDecodeEncodeChangeHeaderGraphs(String)[3026]" classname="io.jbotsim.io.format.graph6.Graph6TopologySerializerTest" time="0.0"/>
  <testcase name="checkDecodeEncodeChangeHeaderGraphs(String)[3027]" classname="io.jbotsim.io.format.graph6.Graph6TopologySerializerTest" time="0.004"/>
  <testcase name="checkDecodeEncodeChangeHeaderGraphs(String)[3028]" classname="io.jbotsim.io.format.graph6.Graph6TopologySerializerTest" time="0.0"/>
  <testcase name="checkDecodeEncodeChangeHeaderGraphs(String)[3029]" classname="io.jbotsim.io.format.graph6.Graph6TopologySerializerTest" time="0.0"/>
  <testcase name="checkDecodeEncodeChangeHeaderGraphs(String)[3030]" classname="io.jbotsim.io.format.graph6.Graph6TopologySerializerTest" time="0.0"/>
  <testcase name="checkDecodeEncodeChangeHeaderGraphs(String)[3031]" classname="io.jbotsim.io.format.graph6.Graph6TopologySerializerTest" time="0.0"/>
  <testcase name="checkDecodeEncodeChangeHeaderGraphs(String)[3032]" classname="io.jbotsim.io.format.graph6.Graph6TopologySerializerTest" time="0.0"/>
  <testcase name="checkDecodeEncodeChangeHeaderGraphs(String)[3033]" classname="io.jbotsim.io.format.graph6.Graph6TopologySerializerTest" time="0.0"/>
  <testcase name="checkDecodeEncodeChangeHeaderGraphs(String)[3034]" classname="io.jbotsim.io.format.graph6.Graph6TopologySerializerTest" time="0.001"/>
  <testcase name="checkDecodeEncodeChangeHeaderGraphs(String)[3035]" classname="io.jbotsim.io.format.graph6.Graph6TopologySerializerTest" time="0.0"/>
  <testcase name="checkDecodeEncodeChangeHeaderGraphs(String)[3036]" classname="io.jbotsim.io.format.graph6.Graph6TopologySerializerTest" time="0.0"/>
  <testcase name="checkDecodeEncodeChangeHeaderGraphs(String)[3037]" classname="io.jbotsim.io.format.graph6.Graph6TopologySerializerTest" time="0.0"/>
  <testcase name="checkDecodeEncodeChangeHeaderGraphs(String)[3038]" classname="io.jbotsim.io.format.graph6.Graph6TopologySerializerTest" time="0.0"/>
  <testcase name="checkDecodeEncodeChangeHeaderGraphs(String)[3039]" classname="io.jbotsim.io.format.graph6.Graph6TopologySerializerTest" time="0.0"/>
  <testcase name="checkDecodeEncodeChangeHeaderGraphs(String)[3040]" classname="io.jbotsim.io.format.graph6.Graph6TopologySerializerTest" time="0.004"/>
  <testcase name="checkDecodeEncodeChangeHeaderGraphs(String)[3041]" classname="io.jbotsim.io.format.graph6.Graph6TopologySerializerTest" time="0.0"/>
  <testcase name="checkDecodeEncodeChangeHeaderGraphs(String)[3042]" classname="io.jbotsim.io.format.graph6.Graph6TopologySerializerTest" time="0.0"/>
  <testcase name="checkDecodeEncodeChangeHeaderGraphs(String)[3043]" classname="io.jbotsim.io.format.graph6.Graph6TopologySerializerTest" time="0.0"/>
  <testcase name="checkDecodeEncodeChangeHeaderGraphs(String)[3044]" classname="io.jbotsim.io.format.graph6.Graph6TopologySerializerTest" time="0.0"/>
  <testcase name="checkDecodeEncodeChangeHeaderGraphs(String)[3045]" classname="io.jbotsim.io.format.graph6.Graph6TopologySerializerTest" time="0.001"/>
  <testcase name="checkDecodeEncodeChangeHeaderGraphs(String)[3046]" classname="io.jbotsim.io.format.graph6.Graph6TopologySerializerTest" time="0.0"/>
  <testcase name="checkDecodeEncodeChangeHeaderGraphs(String)[3047]" classname="io.jbotsim.io.format.graph6.Graph6TopologySerializerTest" time="0.0"/>
  <testcase name="checkDecodeEncodeChangeHeaderGraphs(String)[3048]" classname="io.jbotsim.io.format.graph6.Graph6TopologySerializerTest" time="0.0"/>
  <testcase name="checkDecodeEncodeChangeHeaderGraphs(String)[3049]" classname="io.jbotsim.io.format.graph6.Graph6TopologySerializerTest" time="0.0"/>
  <testcase name="checkDecodeEncodeChangeHeaderGraphs(String)[3050]" classname="io.jbotsim.io.format.graph6.Graph6TopologySerializerTest" time="0.0"/>
  <testcase name="checkDecodeEncodeChangeHeaderGraphs(String)[3051]" classname="io.jbotsim.io.format.graph6.Graph6TopologySerializerTest" time="0.0"/>
  <testcase name="checkDecodeEncodeChangeHeaderGraphs(String)[3052]" classname="io.jbotsim.io.format.graph6.Graph6TopologySerializerTest" time="0.003"/>
  <testcase name="checkDecodeEncodeChangeHeaderGraphs(String)[3053]" classname="io.jbotsim.io.format.graph6.Graph6TopologySerializerTest" time="0.0"/>
  <testcase name="checkDecodeEncodeChangeHeaderGraphs(String)[3054]" classname="io.jbotsim.io.format.graph6.Graph6TopologySerializerTest" time="0.0"/>
  <testcase name="checkDecodeEncodeChangeHeaderGraphs(String)[3055]" classname="io.jbotsim.io.format.graph6.Graph6TopologySerializerTest" time="0.0"/>
  <testcase name="checkDecodeEncodeChangeHeaderGraphs(String)[3056]" classname="io.jbotsim.io.format.graph6.Graph6TopologySerializerTest" time="0.001"/>
  <testcase name="checkDecodeEncodeChangeHeaderGraphs(String)[3057]" classname="io.jbotsim.io.format.graph6.Graph6TopologySerializerTest" time="0.0"/>
  <testcase name="checkDecodeEncodeChangeHeaderGraphs(String)[3058]" classname="io.jbotsim.io.format.graph6.Graph6TopologySerializerTest" time="0.003"/>
  <testcase name="checkDecodeEncodeChangeHeaderGraphs(String)[3059]" classname="io.jbotsim.io.format.graph6.Graph6TopologySerializerTest" time="0.001"/>
  <testcase name="checkDecodeEncodeChangeHeaderGraphs(String)[3060]" classname="io.jbotsim.io.format.graph6.Graph6TopologySerializerTest" time="0.0"/>
  <testcase name="checkDecodeEncodeChangeHeaderGraphs(String)[3061]" classname="io.jbotsim.io.format.graph6.Graph6TopologySerializerTest" time="0.0"/>
  <testcase name="checkDecodeEncodeChangeHeaderGraphs(String)[3062]" classname="io.jbotsim.io.format.graph6.Graph6TopologySerializerTest" time="0.0"/>
  <testcase name="checkDecodeEncodeChangeHeaderGraphs(String)[3063]" classname="io.jbotsim.io.format.graph6.Graph6TopologySerializerTest" time="0.0"/>
  <testcase name="checkDecodeEncodeChangeHeaderGraphs(String)[3064]" classname="io.jbotsim.io.format.graph6.Graph6TopologySerializerTest" time="0.0"/>
  <testcase name="checkDecodeEncodeChangeHeaderGraphs(String)[3065]" classname="io.jbotsim.io.format.graph6.Graph6TopologySerializerTest" time="0.0"/>
  <testcase name="checkDecodeEncodeChangeHeaderGraphs(String)[3066]" classname="io.jbotsim.io.format.graph6.Graph6TopologySerializerTest" time="0.004"/>
  <testcase name="checkDecodeEncodeChangeHeaderGraphs(String)[3067]" classname="io.jbotsim.io.format.graph6.Graph6TopologySerializerTest" time="0.0"/>
  <testcase name="checkDecodeEncodeChangeHeaderGraphs(String)[3068]" classname="io.jbotsim.io.format.graph6.Graph6TopologySerializerTest" time="0.0"/>
  <testcase name="checkDecodeEncodeChangeHeaderGraphs(String)[3069]" classname="io.jbotsim.io.format.graph6.Graph6TopologySerializerTest" time="0.0"/>
  <testcase name="checkDecodeEncodeChangeHeaderGraphs(String)[3070]" classname="io.jbotsim.io.format.graph6.Graph6TopologySerializerTest" time="0.0"/>
  <testcase name="checkDecodeEncodeChangeHeaderGraphs(String)[3071]" classname="io.jbotsim.io.format.graph6.Graph6TopologySerializerTest" time="0.0"/>
  <testcase name="checkDecodeEncodeChangeHeaderGraphs(String)[3072]" classname="io.jbotsim.io.format.graph6.Graph6TopologySerializerTest" time="0.0"/>
  <testcase name="checkDecodeEncodeChangeHeaderGraphs(String)[3073]" classname="io.jbotsim.io.format.graph6.Graph6TopologySerializerTest" time="0.001"/>
  <testcase name="checkDecodeEncodeChangeHeaderGraphs(String)[3074]" classname="io.jbotsim.io.format.graph6.Graph6TopologySerializerTest" time="0.001"/>
  <testcase name="checkDecodeEncodeChangeHeaderGraphs(String)[3075]" classname="io.jbotsim.io.format.graph6.Graph6TopologySerializerTest" time="0.0"/>
  <testcase name="checkDecodeEncodeChangeHeaderGraphs(String)[3076]" classname="io.jbotsim.io.format.graph6.Graph6TopologySerializerTest" time="0.0"/>
  <testcase name="checkDecodeEncodeChangeHeaderGraphs(String)[3077]" classname="io.jbotsim.io.format.graph6.Graph6TopologySerializerTest" time="0.0"/>
  <testcase name="checkDecodeEncodeChangeHeaderGraphs(String)[3078]" classname="io.jbotsim.io.format.graph6.Graph6TopologySerializerTest" time="0.0"/>
  <testcase name="checkDecodeEncodeChangeHeaderGraphs(String)[3079]" classname="io.jbotsim.io.format.graph6.Graph6TopologySerializerTest" time="0.0"/>
  <testcase name="checkDecodeEncodeChangeHeaderGraphs(String)[3080]" classname="io.jbotsim.io.format.graph6.Graph6TopologySerializerTest" time="0.001"/>
  <testcase name="checkDecodeEncodeChangeHeaderGraphs(String)[3081]" classname="io.jbotsim.io.format.graph6.Graph6TopologySerializerTest" time="0.0"/>
  <testcase name="checkDecodeEncodeChangeHeaderGraphs(String)[3082]" classname="io.jbotsim.io.format.graph6.Graph6TopologySerializerTest" time="0.001"/>
  <testcase name="checkDecodeEncodeChangeHeaderGraphs(String)[3083]" classname="io.jbotsim.io.format.graph6.Graph6TopologySerializerTest" time="0.0"/>
  <testcase name="checkDecodeEncodeChangeHeaderGraphs(String)[3084]" classname="io.jbotsim.io.format.graph6.Graph6TopologySerializerTest" time="0.0"/>
  <testcase name="checkDecodeEncodeChangeHeaderGraphs(String)[3085]" classname="io.jbotsim.io.format.graph6.Graph6TopologySerializerTest" time="0.003"/>
  <testcase name="checkDecodeEncodeChangeHeaderGraphs(String)[3086]" classname="io.jbotsim.io.format.graph6.Graph6TopologySerializerTest" time="0.0"/>
  <testcase name="checkDecodeEncodeChangeHeaderGraphs(String)[3087]" classname="io.jbotsim.io.format.graph6.Graph6TopologySerializerTest" time="0.001"/>
  <testcase name="checkDecodeEncodeChangeHeaderGraphs(String)[3088]" classname="io.jbotsim.io.format.graph6.Graph6TopologySerializerTest" time="0.0"/>
  <testcase name="checkDecodeEncodeChangeHeaderGraphs(String)[3089]" classname="io.jbotsim.io.format.graph6.Graph6TopologySerializerTest" time="0.001"/>
  <testcase name="checkDecodeEncodeChangeHeaderGraphs(String)[3090]" classname="io.jbotsim.io.format.graph6.Graph6TopologySerializerTest" time="0.0"/>
  <testcase name="checkDecodeEncodeChangeHeaderGraphs(String)[3091]" classname="io.jbotsim.io.format.graph6.Graph6TopologySerializerTest" time="0.001"/>
  <testcase name="checkDecodeEncodeChangeHeaderGraphs(String)[3092]" classname="io.jbotsim.io.format.graph6.Graph6TopologySerializerTest" time="0.0"/>
  <testcase name="checkDecodeEncodeChangeHeaderGraphs(String)[3093]" classname="io.jbotsim.io.format.graph6.Graph6TopologySerializerTest" time="0.006"/>
  <testcase name="checkDecodeEncodeChangeHeaderGraphs(String)[3094]" classname="io.jbotsim.io.format.graph6.Graph6TopologySerializerTest" time="0.0"/>
  <testcase name="checkDecodeEncodeChangeHeaderGraphs(String)[3095]" classname="io.jbotsim.io.format.graph6.Graph6TopologySerializerTest" time="0.0"/>
  <testcase name="checkDecodeEncodeChangeHeaderGraphs(String)[3096]" classname="io.jbotsim.io.format.graph6.Graph6TopologySerializerTest" time="0.0"/>
  <testcase name="checkDecodeEncodeChangeHeaderGraphs(String)[3097]" classname="io.jbotsim.io.format.graph6.Graph6TopologySerializerTest" time="0.0"/>
  <testcase name="checkDecodeEncodeChangeHeaderGraphs(String)[3098]" classname="io.jbotsim.io.format.graph6.Graph6TopologySerializerTest" time="0.0"/>
  <testcase name="checkDecodeEncodeChangeHeaderGraphs(String)[3099]" classname="io.jbotsim.io.format.graph6.Graph6TopologySerializerTest" time="0.0"/>
  <testcase name="checkDecodeEncodeChangeHeaderGraphs(String)[3100]" classname="io.jbotsim.io.format.graph6.Graph6TopologySerializerTest" time="0.0"/>
  <testcase name="checkDecodeEncodeChangeHeaderGraphs(String)[3101]" classname="io.jbotsim.io.format.graph6.Graph6TopologySerializerTest" time="0.0"/>
  <testcase name="checkDecodeEncodeChangeHeaderGraphs(String)[3102]" classname="io.jbotsim.io.format.graph6.Graph6TopologySerializerTest" time="0.003"/>
  <testcase name="checkDecodeEncodeChangeHeaderGraphs(String)[3103]" classname="io.jbotsim.io.format.graph6.Graph6TopologySerializerTest" time="0.0"/>
  <testcase name="checkDecodeEncodeChangeHeaderGraphs(String)[3104]" classname="io.jbotsim.io.format.graph6.Graph6TopologySerializerTest" time="0.001"/>
  <testcase name="checkDecodeEncodeChangeHeaderGraphs(String)[3105]" classname="io.jbotsim.io.format.graph6.Graph6TopologySerializerTest" time="0.0"/>
  <testcase name="checkDecodeEncodeChangeHeaderGraphs(String)[3106]" classname="io.jbotsim.io.format.graph6.Graph6TopologySerializerTest" time="0.001"/>
  <testcase name="checkDecodeEncodeChangeHeaderGraphs(String)[3107]" classname="io.jbotsim.io.format.graph6.Graph6TopologySerializerTest" time="0.0"/>
  <testcase name="checkDecodeEncodeChangeHeaderGraphs(String)[3108]" classname="io.jbotsim.io.format.graph6.Graph6TopologySerializerTest" time="0.0"/>
  <testcase name="checkDecodeEncodeChangeHeaderGraphs(String)[3109]" classname="io.jbotsim.io.format.graph6.Graph6TopologySerializerTest" time="0.0"/>
  <testcase name="checkDecodeEncodeChangeHeaderGraphs(String)[3110]" classname="io.jbotsim.io.format.graph6.Graph6TopologySerializerTest" time="0.001"/>
  <testcase name="checkDecodeEncodeChangeHeaderGraphs(String)[3111]" classname="io.jbotsim.io.format.graph6.Graph6TopologySerializerTest" time="0.0"/>
  <testcase name="checkDecodeEncodeChangeHeaderGraphs(String)[3112]" classname="io.jbotsim.io.format.graph6.Graph6TopologySerializerTest" time="0.001"/>
  <testcase name="checkDecodeEncodeChangeHeaderGraphs(String)[3113]" classname="io.jbotsim.io.format.graph6.Graph6TopologySerializerTest" time="0.0"/>
  <testcase name="checkDecodeEncodeChangeHeaderGraphs(String)[3114]" classname="io.jbotsim.io.format.graph6.Graph6TopologySerializerTest" time="0.0"/>
  <testcase name="checkDecodeEncodeChangeHeaderGraphs(String)[3115]" classname="io.jbotsim.io.format.graph6.Graph6TopologySerializerTest" time="0.0"/>
  <testcase name="checkDecodeEncodeChangeHeaderGraphs(String)[3116]" classname="io.jbotsim.io.format.graph6.Graph6TopologySerializerTest" time="0.0"/>
  <testcase name="checkDecodeEncodeChangeHeaderGraphs(String)[3117]" classname="io.jbotsim.io.format.graph6.Graph6TopologySerializerTest" time="0.0"/>
  <testcase name="checkDecodeEncodeChangeHeaderGraphs(String)[3118]" classname="io.jbotsim.io.format.graph6.Graph6TopologySerializerTest" time="0.0"/>
  <testcase name="checkDecodeEncodeChangeHeaderGraphs(String)[3119]" classname="io.jbotsim.io.format.graph6.Graph6TopologySerializerTest" time="0.001"/>
  <testcase name="checkDecodeEncodeChangeHeaderGraphs(String)[3120]" classname="io.jbotsim.io.format.graph6.Graph6TopologySerializerTest" time="0.0"/>
  <testcase name="checkDecodeEncodeChangeHeaderGraphs(String)[3121]" classname="io.jbotsim.io.format.graph6.Graph6TopologySerializerTest" time="0.0"/>
  <testcase name="checkDecodeEncodeChangeHeaderGraphs(String)[3122]" classname="io.jbotsim.io.format.graph6.Graph6TopologySerializerTest" time="0.0"/>
  <testcase name="checkDecodeEncodeChangeHeaderGraphs(String)[3123]" classname="io.jbotsim.io.format.graph6.Graph6TopologySerializerTest" time="0.0"/>
  <testcase name="checkDecodeEncodeChangeHeaderGraphs(String)[3124]" classname="io.jbotsim.io.format.graph6.Graph6TopologySerializerTest" time="0.0"/>
  <testcase name="checkDecodeEncodeChangeHeaderGraphs(String)[3125]" classname="io.jbotsim.io.format.graph6.Graph6TopologySerializerTest" time="0.001"/>
  <testcase name="checkDecodeEncodeChangeHeaderGraphs(String)[3126]" classname="io.jbotsim.io.format.graph6.Graph6TopologySerializerTest" time="0.0"/>
  <testcase name="checkDecodeEncodeChangeHeaderGraphs(String)[3127]" classname="io.jbotsim.io.format.graph6.Graph6TopologySerializerTest" time="0.001"/>
  <testcase name="checkDecodeEncodeChangeHeaderGraphs(String)[3128]" classname="io.jbotsim.io.format.graph6.Graph6TopologySerializerTest" time="0.0"/>
  <testcase name="checkDecodeEncodeChangeHeaderGraphs(String)[3129]" classname="io.jbotsim.io.format.graph6.Graph6TopologySerializerTest" time="0.001"/>
  <testcase name="checkDecodeEncodeChangeHeaderGraphs(String)[3130]" classname="io.jbotsim.io.format.graph6.Graph6TopologySerializerTest" time="0.0"/>
  <testcase name="checkDecodeEncodeChangeHeaderGraphs(String)[3131]" classname="io.jbotsim.io.format.graph6.Graph6TopologySerializerTest" time="0.001"/>
  <testcase name="checkDecodeEncodeChangeHeaderGraphs(String)[3132]" classname="io.jbotsim.io.format.graph6.Graph6TopologySerializerTest" time="0.0"/>
  <testcase name="checkDecodeEncodeChangeHeaderGraphs(String)[3133]" classname="io.jbotsim.io.format.graph6.Graph6TopologySerializerTest" time="0.001"/>
  <testcase name="checkDecodeEncodeChangeHeaderGraphs(String)[3134]" classname="io.jbotsim.io.format.graph6.Graph6TopologySerializerTest" time="0.0"/>
  <testcase name="checkDecodeEncodeChangeHeaderGraphs(String)[3135]" classname="io.jbotsim.io.format.graph6.Graph6TopologySerializerTest" time="0.0"/>
  <testcase name="checkDecodeEncodeChangeHeaderGraphs(String)[3136]" classname="io.jbotsim.io.format.graph6.Graph6TopologySerializerTest" time="0.003"/>
  <testcase name="checkDecodeEncodeChangeHeaderGraphs(String)[3137]" classname="io.jbotsim.io.format.graph6.Graph6TopologySerializerTest" time="0.0"/>
  <testcase name="checkDecodeEncodeChangeHeaderGraphs(String)[3138]" classname="io.jbotsim.io.format.graph6.Graph6TopologySerializerTest" time="0.0"/>
  <testcase name="checkDecodeEncodeChangeHeaderGraphs(String)[3139]" classname="io.jbotsim.io.format.graph6.Graph6TopologySerializerTest" time="0.0"/>
  <testcase name="checkDecodeEncodeChangeHeaderGraphs(String)[3140]" classname="io.jbotsim.io.format.graph6.Graph6TopologySerializerTest" time="0.0"/>
  <testcase name="checkDecodeEncodeChangeHeaderGraphs(String)[3141]" classname="io.jbotsim.io.format.graph6.Graph6TopologySerializerTest" time="0.0"/>
  <testcase name="checkDecodeEncodeChangeHeaderGraphs(String)[3142]" classname="io.jbotsim.io.format.graph6.Graph6TopologySerializerTest" time="0.0"/>
  <testcase name="checkDecodeEncodeChangeHeaderGraphs(String)[3143]" classname="io.jbotsim.io.format.graph6.Graph6TopologySerializerTest" time="0.0"/>
  <testcase name="checkDecodeEncodeChangeHeaderGraphs(String)[3144]" classname="io.jbotsim.io.format.graph6.Graph6TopologySerializerTest" time="0.0"/>
  <testcase name="checkDecodeEncodeChangeHeaderGraphs(String)[3145]" classname="io.jbotsim.io.format.graph6.Graph6TopologySerializerTest" time="0.0"/>
  <testcase name="checkDecodeEncodeChangeHeaderGraphs(String)[3146]" classname="io.jbotsim.io.format.graph6.Graph6TopologySerializerTest" time="0.001"/>
  <testcase name="checkDecodeEncodeChangeHeaderGraphs(String)[3147]" classname="io.jbotsim.io.format.graph6.Graph6TopologySerializerTest" time="0.004"/>
  <testcase name="checkDecodeEncodeChangeHeaderGraphs(String)[3148]" classname="io.jbotsim.io.format.graph6.Graph6TopologySerializerTest" time="0.0"/>
  <testcase name="checkDecodeEncodeChangeHeaderGraphs(String)[3149]" classname="io.jbotsim.io.format.graph6.Graph6TopologySerializerTest" time="0.0"/>
  <testcase name="checkDecodeEncodeChangeHeaderGraphs(String)[3150]" classname="io.jbotsim.io.format.graph6.Graph6TopologySerializerTest" time="0.0"/>
  <testcase name="checkDecodeEncodeChangeHeaderGraphs(String)[3151]" classname="io.jbotsim.io.format.graph6.Graph6TopologySerializerTest" time="0.001"/>
  <testcase name="checkDecodeEncodeChangeHeaderGraphs(String)[3152]" classname="io.jbotsim.io.format.graph6.Graph6TopologySerializerTest" time="0.0"/>
  <testcase name="checkDecodeEncodeChangeHeaderGraphs(String)[3153]" classname="io.jbotsim.io.format.graph6.Graph6TopologySerializerTest" time="0.001"/>
  <testcase name="checkDecodeEncodeChangeHeaderGraphs(String)[3154]" classname="io.jbotsim.io.format.graph6.Graph6TopologySerializerTest" time="0.0"/>
  <testcase name="checkDecodeEncodeChangeHeaderGraphs(String)[3155]" classname="io.jbotsim.io.format.graph6.Graph6TopologySerializerTest" time="0.0"/>
  <testcase name="checkDecodeEncodeChangeHeaderGraphs(String)[3156]" classname="io.jbotsim.io.format.graph6.Graph6TopologySerializerTest" time="0.002"/>
  <testcase name="checkDecodeEncodeChangeHeaderGraphs(String)[3157]" classname="io.jbotsim.io.format.graph6.Graph6TopologySerializerTest" time="0.001"/>
  <testcase name="checkDecodeEncodeChangeHeaderGraphs(String)[3158]" classname="io.jbotsim.io.format.graph6.Graph6TopologySerializerTest" time="0.0"/>
  <testcase name="checkDecodeEncodeChangeHeaderGraphs(String)[3159]" classname="io.jbotsim.io.format.graph6.Graph6TopologySerializerTest" time="0.001"/>
  <testcase name="checkDecodeEncodeChangeHeaderGraphs(String)[3160]" classname="io.jbotsim.io.format.graph6.Graph6TopologySerializerTest" time="0.0"/>
  <testcase name="checkDecodeEncodeChangeHeaderGraphs(String)[3161]" classname="io.jbotsim.io.format.graph6.Graph6TopologySerializerTest" time="0.001"/>
  <testcase name="checkDecodeEncodeChangeHeaderGraphs(String)[3162]" classname="io.jbotsim.io.format.graph6.Graph6TopologySerializerTest" time="0.0"/>
  <testcase name="checkDecodeEncodeChangeHeaderGraphs(String)[3163]" classname="io.jbotsim.io.format.graph6.Graph6TopologySerializerTest" time="0.0"/>
  <testcase name="checkDecodeEncodeChangeHeaderGraphs(String)[3164]" classname="io.jbotsim.io.format.graph6.Graph6TopologySerializerTest" time="0.0"/>
  <testcase name="checkDecodeEncodeChangeHeaderGraphs(String)[3165]" classname="io.jbotsim.io.format.graph6.Graph6TopologySerializerTest" time="0.003"/>
  <testcase name="checkDecodeEncodeChangeHeaderGraphs(String)[3166]" classname="io.jbotsim.io.format.graph6.Graph6TopologySerializerTest" time="0.0"/>
  <testcase name="checkDecodeEncodeChangeHeaderGraphs(String)[3167]" classname="io.jbotsim.io.format.graph6.Graph6TopologySerializerTest" time="0.0"/>
  <testcase name="checkDecodeEncodeChangeHeaderGraphs(String)[3168]" classname="io.jbotsim.io.format.graph6.Graph6TopologySerializerTest" time="0.0"/>
  <testcase name="checkDecodeEncodeChangeHeaderGraphs(String)[3169]" classname="io.jbotsim.io.format.graph6.Graph6TopologySerializerTest" time="0.001"/>
  <testcase name="checkDecodeEncodeChangeHeaderGraphs(String)[3170]" classname="io.jbotsim.io.format.graph6.Graph6TopologySerializerTest" time="0.0"/>
  <testcase name="checkDecodeEncodeChangeHeaderGraphs(String)[3171]" classname="io.jbotsim.io.format.graph6.Graph6TopologySerializerTest" time="0.0"/>
  <testcase name="checkDecodeEncodeChangeHeaderGraphs(String)[3172]" classname="io.jbotsim.io.format.graph6.Graph6TopologySerializerTest" time="0.0"/>
  <testcase name="checkDecodeEncodeChangeHeaderGraphs(String)[3173]" classname="io.jbotsim.io.format.graph6.Graph6TopologySerializerTest" time="0.003"/>
  <testcase name="checkDecodeEncodeChangeHeaderGraphs(String)[3174]" classname="io.jbotsim.io.format.graph6.Graph6TopologySerializerTest" time="0.0"/>
  <testcase name="checkDecodeEncodeChangeHeaderGraphs(String)[3175]" classname="io.jbotsim.io.format.graph6.Graph6TopologySerializerTest" time="0.0"/>
  <testcase name="checkDecodeEncodeChangeHeaderGraphs(String)[3176]" classname="io.jbotsim.io.format.graph6.Graph6TopologySerializerTest" time="0.0"/>
  <testcase name="checkDecodeEncodeChangeHeaderGraphs(String)[3177]" classname="io.jbotsim.io.format.graph6.Graph6TopologySerializerTest" time="0.0"/>
  <testcase name="checkDecodeEncodeChangeHeaderGraphs(String)[3178]" classname="io.jbotsim.io.format.graph6.Graph6TopologySerializerTest" time="0.0"/>
  <testcase name="checkDecodeEncodeChangeHeaderGraphs(String)[3179]" classname="io.jbotsim.io.format.graph6.Graph6TopologySerializerTest" time="0.0"/>
  <testcase name="checkDecodeEncodeChangeHeaderGraphs(String)[3180]" classname="io.jbotsim.io.format.graph6.Graph6TopologySerializerTest" time="0.0"/>
  <testcase name="checkDecodeEncodeChangeHeaderGraphs(String)[3181]" classname="io.jbotsim.io.format.graph6.Graph6TopologySerializerTest" time="0.0"/>
  <testcase name="checkDecodeEncodeChangeHeaderGraphs(String)[3182]" classname="io.jbotsim.io.format.graph6.Graph6TopologySerializerTest" time="0.001"/>
  <testcase name="checkDecodeEncodeChangeHeaderGraphs(String)[3183]" classname="io.jbotsim.io.format.graph6.Graph6TopologySerializerTest" time="0.004"/>
  <testcase name="checkDecodeEncodeChangeHeaderGraphs(String)[3184]" classname="io.jbotsim.io.format.graph6.Graph6TopologySerializerTest" time="0.0"/>
  <testcase name="checkDecodeEncodeChangeHeaderGraphs(String)[3185]" classname="io.jbotsim.io.format.graph6.Graph6TopologySerializerTest" time="0.001"/>
  <testcase name="checkDecodeEncodeChangeHeaderGraphs(String)[3186]" classname="io.jbotsim.io.format.graph6.Graph6TopologySerializerTest" time="0.0"/>
  <testcase name="checkDecodeEncodeChangeHeaderGraphs(String)[3187]" classname="io.jbotsim.io.format.graph6.Graph6TopologySerializerTest" time="0.0"/>
  <testcase name="checkDecodeEncodeChangeHeaderGraphs(String)[3188]" classname="io.jbotsim.io.format.graph6.Graph6TopologySerializerTest" time="0.0"/>
  <testcase name="checkDecodeEncodeChangeHeaderGraphs(String)[3189]" classname="io.jbotsim.io.format.graph6.Graph6TopologySerializerTest" time="0.001"/>
  <testcase name="checkDecodeEncodeChangeHeaderGraphs(String)[3190]" classname="io.jbotsim.io.format.graph6.Graph6TopologySerializerTest" time="0.0"/>
  <testcase name="checkDecodeEncodeChangeHeaderGraphs(String)[3191]" classname="io.jbotsim.io.format.graph6.Graph6TopologySerializerTest" time="0.001"/>
  <testcase name="checkDecodeEncodeChangeHeaderGraphs(String)[3192]" classname="io.jbotsim.io.format.graph6.Graph6TopologySerializerTest" time="0.0"/>
  <testcase name="checkDecodeEncodeChangeHeaderGraphs(String)[3193]" classname="io.jbotsim.io.format.graph6.Graph6TopologySerializerTest" time="0.0"/>
  <testcase name="checkDecodeEncodeChangeHeaderGraphs(String)[3194]" classname="io.jbotsim.io.format.graph6.Graph6TopologySerializerTest" time="0.0"/>
  <testcase name="checkDecodeEncodeChangeHeaderGraphs(String)[3195]" classname="io.jbotsim.io.format.graph6.Graph6TopologySerializerTest" time="0.0"/>
  <testcase name="checkDecodeEncodeChangeHeaderGraphs(String)[3196]" classname="io.jbotsim.io.format.graph6.Graph6TopologySerializerTest" time="0.001"/>
  <testcase name="checkDecodeEncodeChangeHeaderGraphs(String)[3197]" classname="io.jbotsim.io.format.graph6.Graph6TopologySerializerTest" time="0.0"/>
  <testcase name="checkDecodeEncodeChangeHeaderGraphs(String)[3198]" classname="io.jbotsim.io.format.graph6.Graph6TopologySerializerTest" time="0.001"/>
  <testcase name="checkDecodeEncodeChangeHeaderGraphs(String)[3199]" classname="io.jbotsim.io.format.graph6.Graph6TopologySerializerTest" time="0.0"/>
  <testcase name="checkDecodeEncodeChangeHeaderGraphs(String)[3200]" classname="io.jbotsim.io.format.graph6.Graph6TopologySerializerTest" time="0.0"/>
  <testcase name="checkDecodeEncodeChangeHeaderGraphs(String)[3201]" classname="io.jbotsim.io.format.graph6.Graph6TopologySerializerTest" time="0.002"/>
  <testcase name="checkDecodeEncodeChangeHeaderGraphs(String)[3202]" classname="io.jbotsim.io.format.graph6.Graph6TopologySerializerTest" time="0.0"/>
  <testcase name="checkDecodeEncodeChangeHeaderGraphs(String)[3203]" classname="io.jbotsim.io.format.graph6.Graph6TopologySerializerTest" time="0.001"/>
  <testcase name="checkDecodeEncodeChangeHeaderGraphs(String)[3204]" classname="io.jbotsim.io.format.graph6.Graph6TopologySerializerTest" time="0.0"/>
  <testcase name="checkDecodeEncodeChangeHeaderGraphs(String)[3205]" classname="io.jbotsim.io.format.graph6.Graph6TopologySerializerTest" time="0.002"/>
  <testcase name="checkDecodeEncodeChangeHeaderGraphs(String)[3206]" classname="io.jbotsim.io.format.graph6.Graph6TopologySerializerTest" time="0.001"/>
  <testcase name="checkDecodeEncodeChangeHeaderGraphs(String)[3207]" classname="io.jbotsim.io.format.graph6.Graph6TopologySerializerTest" time="0.0"/>
  <testcase name="checkDecodeEncodeChangeHeaderGraphs(String)[3208]" classname="io.jbotsim.io.format.graph6.Graph6TopologySerializerTest" time="0.0"/>
  <testcase name="checkDecodeEncodeChangeHeaderGraphs(String)[3209]" classname="io.jbotsim.io.format.graph6.Graph6TopologySerializerTest" time="0.001"/>
  <testcase name="checkDecodeEncodeChangeHeaderGraphs(String)[3210]" classname="io.jbotsim.io.format.graph6.Graph6TopologySerializerTest" time="0.0"/>
  <testcase name="checkDecodeEncodeChangeHeaderGraphs(String)[3211]" classname="io.jbotsim.io.format.graph6.Graph6TopologySerializerTest" time="0.001"/>
  <testcase name="checkDecodeEncodeChangeHeaderGraphs(String)[3212]" classname="io.jbotsim.io.format.graph6.Graph6TopologySerializerTest" time="0.0"/>
  <testcase name="checkDecodeEncodeChangeHeaderGraphs(String)[3213]" classname="io.jbotsim.io.format.graph6.Graph6TopologySerializerTest" time="0.002"/>
  <testcase name="checkDecodeEncodeChangeHeaderGraphs(String)[3214]" classname="io.jbotsim.io.format.graph6.Graph6TopologySerializerTest" time="0.001"/>
  <testcase name="checkDecodeEncodeChangeHeaderGraphs(String)[3215]" classname="io.jbotsim.io.format.graph6.Graph6TopologySerializerTest" time="0.0"/>
  <testcase name="checkDecodeEncodeChangeHeaderGraphs(String)[3216]" classname="io.jbotsim.io.format.graph6.Graph6TopologySerializerTest" time="0.0"/>
  <testcase name="checkDecodeEncodeChangeHeaderGraphs(String)[3217]" classname="io.jbotsim.io.format.graph6.Graph6TopologySerializerTest" time="0.002"/>
  <testcase name="checkDecodeEncodeChangeHeaderGraphs(String)[3218]" classname="io.jbotsim.io.format.graph6.Graph6TopologySerializerTest" time="0.0"/>
  <testcase name="checkDecodeEncodeChangeHeaderGraphs(String)[3219]" classname="io.jbotsim.io.format.graph6.Graph6TopologySerializerTest" time="0.001"/>
  <testcase name="checkDecodeEncodeChangeHeaderGraphs(String)[3220]" classname="io.jbotsim.io.format.graph6.Graph6TopologySerializerTest" time="0.0"/>
  <testcase name="checkDecodeEncodeChangeHeaderGraphs(String)[3221]" classname="io.jbotsim.io.format.graph6.Graph6TopologySerializerTest" time="0.001"/>
  <testcase name="checkDecodeEncodeChangeHeaderGraphs(String)[3222]" classname="io.jbotsim.io.format.graph6.Graph6TopologySerializerTest" time="0.0"/>
  <testcase name="checkDecodeEncodeChangeHeaderGraphs(String)[3223]" classname="io.jbotsim.io.format.graph6.Graph6TopologySerializerTest" time="0.003"/>
  <testcase name="checkDecodeEncodeChangeHeaderGraphs(String)[3224]" classname="io.jbotsim.io.format.graph6.Graph6TopologySerializerTest" time="0.0"/>
  <testcase name="checkDecodeEncodeChangeHeaderGraphs(String)[3225]" classname="io.jbotsim.io.format.graph6.Graph6TopologySerializerTest" time="0.0"/>
  <testcase name="checkDecodeEncodeChangeHeaderGraphs(String)[3226]" classname="io.jbotsim.io.format.graph6.Graph6TopologySerializerTest" time="0.0"/>
  <testcase name="checkDecodeEncodeChangeHeaderGraphs(String)[3227]" classname="io.jbotsim.io.format.graph6.Graph6TopologySerializerTest" time="0.001"/>
  <testcase name="checkDecodeEncodeChangeHeaderGraphs(String)[3228]" classname="io.jbotsim.io.format.graph6.Graph6TopologySerializerTest" time="0.0"/>
  <testcase name="checkDecodeEncodeChangeHeaderGraphs(String)[3229]" classname="io.jbotsim.io.format.graph6.Graph6TopologySerializerTest" time="0.0"/>
  <testcase name="checkDecodeEncodeChangeHeaderGraphs(String)[3230]" classname="io.jbotsim.io.format.graph6.Graph6TopologySerializerTest" time="0.001"/>
  <testcase name="checkDecodeEncodeChangeHeaderGraphs(String)[3231]" classname="io.jbotsim.io.format.graph6.Graph6TopologySerializerTest" time="0.001"/>
  <testcase name="checkDecodeEncodeChangeHeaderGraphs(String)[3232]" classname="io.jbotsim.io.format.graph6.Graph6TopologySerializerTest" time="0.0"/>
  <testcase name="checkDecodeEncodeChangeHeaderGraphs(String)[3233]" classname="io.jbotsim.io.format.graph6.Graph6TopologySerializerTest" time="0.0"/>
  <testcase name="checkDecodeEncodeChangeHeaderGraphs(String)[3234]" classname="io.jbotsim.io.format.graph6.Graph6TopologySerializerTest" time="0.001"/>
  <testcase name="checkDecodeEncodeChangeHeaderGraphs(String)[3235]" classname="io.jbotsim.io.format.graph6.Graph6TopologySerializerTest" time="0.0"/>
  <testcase name="checkDecodeEncodeChangeHeaderGraphs(String)[3236]" classname="io.jbotsim.io.format.graph6.Graph6TopologySerializerTest" time="0.001"/>
  <testcase name="checkDecodeEncodeChangeHeaderGraphs(String)[3237]" classname="io.jbotsim.io.format.graph6.Graph6TopologySerializerTest" time="0.001"/>
  <testcase name="checkDecodeEncodeChangeHeaderGraphs(String)[3238]" classname="io.jbotsim.io.format.graph6.Graph6TopologySerializerTest" time="0.0"/>
  <testcase name="checkDecodeEncodeChangeHeaderGraphs(String)[3239]" classname="io.jbotsim.io.format.graph6.Graph6TopologySerializerTest" time="0.0"/>
  <testcase name="checkDecodeEncodeChangeHeaderGraphs(String)[3240]" classname="io.jbotsim.io.format.graph6.Graph6TopologySerializerTest" time="0.0"/>
  <testcase name="checkDecodeEncodeChangeHeaderGraphs(String)[3241]" classname="io.jbotsim.io.format.graph6.Graph6TopologySerializerTest" time="0.008"/>
  <testcase name="checkDecodeEncodeChangeHeaderGraphs(String)[3242]" classname="io.jbotsim.io.format.graph6.Graph6TopologySerializerTest" time="0.0"/>
  <testcase name="checkDecodeEncodeChangeHeaderGraphs(String)[3243]" classname="io.jbotsim.io.format.graph6.Graph6TopologySerializerTest" time="0.0"/>
  <testcase name="checkDecodeEncodeChangeHeaderGraphs(String)[3244]" classname="io.jbotsim.io.format.graph6.Graph6TopologySerializerTest" time="0.0"/>
  <testcase name="checkDecodeEncodeChangeHeaderGraphs(String)[3245]" classname="io.jbotsim.io.format.graph6.Graph6TopologySerializerTest" time="0.0"/>
  <testcase name="checkDecodeEncodeChangeHeaderGraphs(String)[3246]" classname="io.jbotsim.io.format.graph6.Graph6TopologySerializerTest" time="0.0"/>
  <testcase name="checkDecodeEncodeChangeHeaderGraphs(String)[3247]" classname="io.jbotsim.io.format.graph6.Graph6TopologySerializerTest" time="0.001"/>
  <testcase name="checkDecodeEncodeChangeHeaderGraphs(String)[3248]" classname="io.jbotsim.io.format.graph6.Graph6TopologySerializerTest" time="0.0"/>
  <testcase name="checkDecodeEncodeChangeHeaderGraphs(String)[3249]" classname="io.jbotsim.io.format.graph6.Graph6TopologySerializerTest" time="0.001"/>
  <testcase name="checkDecodeEncodeChangeHeaderGraphs(String)[3250]" classname="io.jbotsim.io.format.graph6.Graph6TopologySerializerTest" time="0.0"/>
  <testcase name="checkDecodeEncodeChangeHeaderGraphs(String)[3251]" classname="io.jbotsim.io.format.graph6.Graph6TopologySerializerTest" time="0.001"/>
  <testcase name="checkDecodeEncodeChangeHeaderGraphs(String)[3252]" classname="io.jbotsim.io.format.graph6.Graph6TopologySerializerTest" time="0.0"/>
  <testcase name="checkDecodeEncodeChangeHeaderGraphs(String)[3253]" classname="io.jbotsim.io.format.graph6.Graph6TopologySerializerTest" time="0.001"/>
  <testcase name="checkDecodeEncodeChangeHeaderGraphs(String)[3254]" classname="io.jbotsim.io.format.graph6.Graph6TopologySerializerTest" time="0.003"/>
  <testcase name="checkDecodeEncodeChangeHeaderGraphs(String)[3255]" classname="io.jbotsim.io.format.graph6.Graph6TopologySerializerTest" time="0.0"/>
  <testcase name="checkDecodeEncodeChangeHeaderGraphs(String)[3256]" classname="io.jbotsim.io.format.graph6.Graph6TopologySerializerTest" time="0.001"/>
  <testcase name="checkDecodeEncodeChangeHeaderGraphs(String)[3257]" classname="io.jbotsim.io.format.graph6.Graph6TopologySerializerTest" time="0.0"/>
  <testcase name="checkDecodeEncodeChangeHeaderGraphs(String)[3258]" classname="io.jbotsim.io.format.graph6.Graph6TopologySerializerTest" time="0.0"/>
  <testcase name="checkDecodeEncodeChangeHeaderGraphs(String)[3259]" classname="io.jbotsim.io.format.graph6.Graph6TopologySerializerTest" time="0.0"/>
  <testcase name="checkDecodeEncodeChangeHeaderGraphs(String)[3260]" classname="io.jbotsim.io.format.graph6.Graph6TopologySerializerTest" time="0.0"/>
  <testcase name="checkDecodeEncodeChangeHeaderGraphs(String)[3261]" classname="io.jbotsim.io.format.graph6.Graph6TopologySerializerTest" time="0.0"/>
  <testcase name="checkDecodeEncodeChangeHeaderGraphs(String)[3262]" classname="io.jbotsim.io.format.graph6.Graph6TopologySerializerTest" time="0.0"/>
  <testcase name="checkDecodeEncodeChangeHeaderGraphs(String)[3263]" classname="io.jbotsim.io.format.graph6.Graph6TopologySerializerTest" time="0.0"/>
  <testcase name="checkDecodeEncodeChangeHeaderGraphs(String)[3264]" classname="io.jbotsim.io.format.graph6.Graph6TopologySerializerTest" time="0.001"/>
  <testcase name="checkDecodeEncodeChangeHeaderGraphs(String)[3265]" classname="io.jbotsim.io.format.graph6.Graph6TopologySerializerTest" time="0.0"/>
  <testcase name="checkDecodeEncodeChangeHeaderGraphs(String)[3266]" classname="io.jbotsim.io.format.graph6.Graph6TopologySerializerTest" time="0.002"/>
  <testcase name="checkDecodeEncodeChangeHeaderGraphs(String)[3267]" classname="io.jbotsim.io.format.graph6.Graph6TopologySerializerTest" time="0.001"/>
  <testcase name="checkDecodeEncodeChangeHeaderGraphs(String)[3268]" classname="io.jbotsim.io.format.graph6.Graph6TopologySerializerTest" time="0.001"/>
  <testcase name="checkDecodeEncodeChangeHeaderGraphs(String)[3269]" classname="io.jbotsim.io.format.graph6.Graph6TopologySerializerTest" time="0.0"/>
  <testcase name="checkDecodeEncodeChangeHeaderGraphs(String)[3270]" classname="io.jbotsim.io.format.graph6.Graph6TopologySerializerTest" time="0.001"/>
  <testcase name="checkDecodeEncodeChangeHeaderGraphs(String)[3271]" classname="io.jbotsim.io.format.graph6.Graph6TopologySerializerTest" time="0.0"/>
  <testcase name="checkDecodeEncodeChangeHeaderGraphs(String)[3272]" classname="io.jbotsim.io.format.graph6.Graph6TopologySerializerTest" time="0.001"/>
  <testcase name="checkDecodeEncodeChangeHeaderGraphs(String)[3273]" classname="io.jbotsim.io.format.graph6.Graph6TopologySerializerTest" time="0.0"/>
  <testcase name="checkDecodeEncodeChangeHeaderGraphs(String)[3274]" classname="io.jbotsim.io.format.graph6.Graph6TopologySerializerTest" time="0.0"/>
  <testcase name="checkDecodeEncodeChangeHeaderGraphs(String)[3275]" classname="io.jbotsim.io.format.graph6.Graph6TopologySerializerTest" time="0.0"/>
  <testcase name="checkDecodeEncodeChangeHeaderGraphs(String)[3276]" classname="io.jbotsim.io.format.graph6.Graph6TopologySerializerTest" time="0.0"/>
  <testcase name="checkDecodeEncodeChangeHeaderGraphs(String)[3277]" classname="io.jbotsim.io.format.graph6.Graph6TopologySerializerTest" time="0.001"/>
  <testcase name="checkDecodeEncodeChangeHeaderGraphs(String)[3278]" classname="io.jbotsim.io.format.graph6.Graph6TopologySerializerTest" time="0.0"/>
  <testcase name="checkDecodeEncodeChangeHeaderGraphs(String)[3279]" classname="io.jbotsim.io.format.graph6.Graph6TopologySerializerTest" time="0.0"/>
  <testcase name="checkDecodeEncodeChangeHeaderGraphs(String)[3280]" classname="io.jbotsim.io.format.graph6.Graph6TopologySerializerTest" time="0.0"/>
  <testcase name="checkDecodeEncodeChangeHeaderGraphs(String)[3281]" classname="io.jbotsim.io.format.graph6.Graph6TopologySerializerTest" time="0.0"/>
  <testcase name="checkDecodeEncodeChangeHeaderGraphs(String)[3282]" classname="io.jbotsim.io.format.graph6.Graph6TopologySerializerTest" time="0.0"/>
  <testcase name="checkDecodeEncodeChangeHeaderGraphs(String)[3283]" classname="io.jbotsim.io.format.graph6.Graph6TopologySerializerTest" time="0.001"/>
  <testcase name="checkDecodeEncodeChangeHeaderGraphs(String)[3284]" classname="io.jbotsim.io.format.graph6.Graph6TopologySerializerTest" time="0.0"/>
  <testcase name="checkDecodeEncodeChangeHeaderGraphs(String)[3285]" classname="io.jbotsim.io.format.graph6.Graph6TopologySerializerTest" time="0.001"/>
  <testcase name="checkDecodeEncodeChangeHeaderGraphs(String)[3286]" classname="io.jbotsim.io.format.graph6.Graph6TopologySerializerTest" time="0.0"/>
  <testcase name="checkDecodeEncodeChangeHeaderGraphs(String)[3287]" classname="io.jbotsim.io.format.graph6.Graph6TopologySerializerTest" time="0.003"/>
  <testcase name="checkDecodeEncodeChangeHeaderGraphs(String)[3288]" classname="io.jbotsim.io.format.graph6.Graph6TopologySerializerTest" time="0.0"/>
  <testcase name="checkDecodeEncodeChangeHeaderGraphs(String)[3289]" classname="io.jbotsim.io.format.graph6.Graph6TopologySerializerTest" time="0.0"/>
  <testcase name="checkDecodeEncodeChangeHeaderGraphs(String)[3290]" classname="io.jbotsim.io.format.graph6.Graph6TopologySerializerTest" time="0.0"/>
  <testcase name="checkDecodeEncodeChangeHeaderGraphs(String)[3291]" classname="io.jbotsim.io.format.graph6.Graph6TopologySerializerTest" time="0.0"/>
  <testcase name="checkDecodeEncodeChangeHeaderGraphs(String)[3292]" classname="io.jbotsim.io.format.graph6.Graph6TopologySerializerTest" time="0.0"/>
  <testcase name="checkDecodeEncodeChangeHeaderGraphs(String)[3293]" classname="io.jbotsim.io.format.graph6.Graph6TopologySerializerTest" time="0.0"/>
  <testcase name="checkDecodeEncodeChangeHeaderGraphs(String)[3294]" classname="io.jbotsim.io.format.graph6.Graph6TopologySerializerTest" time="0.0"/>
  <testcase name="checkDecodeEncodeChangeHeaderGraphs(String)[3295]" classname="io.jbotsim.io.format.graph6.Graph6TopologySerializerTest" time="0.0"/>
  <testcase name="checkDecodeEncodeChangeHeaderGraphs(String)[3296]" classname="io.jbotsim.io.format.graph6.Graph6TopologySerializerTest" time="0.0"/>
  <testcase name="checkDecodeEncodeChangeHeaderGraphs(String)[3297]" classname="io.jbotsim.io.format.graph6.Graph6TopologySerializerTest" time="0.0"/>
  <testcase name="checkDecodeEncodeChangeHeaderGraphs(String)[3298]" classname="io.jbotsim.io.format.graph6.Graph6TopologySerializerTest" time="0.003"/>
  <testcase name="checkDecodeEncodeChangeHeaderGraphs(String)[3299]" classname="io.jbotsim.io.format.graph6.Graph6TopologySerializerTest" time="0.0"/>
  <testcase name="checkDecodeEncodeChangeHeaderGraphs(String)[3300]" classname="io.jbotsim.io.format.graph6.Graph6TopologySerializerTest" time="0.001"/>
  <testcase name="checkDecodeEncodeChangeHeaderGraphs(String)[3301]" classname="io.jbotsim.io.format.graph6.Graph6TopologySerializerTest" time="0.0"/>
  <testcase name="checkDecodeEncodeChangeHeaderGraphs(String)[3302]" classname="io.jbotsim.io.format.graph6.Graph6TopologySerializerTest" time="0.001"/>
  <testcase name="checkDecodeEncodeChangeHeaderGraphs(String)[3303]" classname="io.jbotsim.io.format.graph6.Graph6TopologySerializerTest" time="0.001"/>
  <testcase name="checkDecodeEncodeChangeHeaderGraphs(String)[3304]" classname="io.jbotsim.io.format.graph6.Graph6TopologySerializerTest" time="0.0"/>
  <testcase name="checkDecodeEncodeChangeHeaderGraphs(String)[3305]" classname="io.jbotsim.io.format.graph6.Graph6TopologySerializerTest" time="0.0"/>
  <testcase name="checkDecodeEncodeChangeHeaderGraphs(String)[3306]" classname="io.jbotsim.io.format.graph6.Graph6TopologySerializerTest" time="0.0"/>
  <testcase name="checkDecodeEncodeChangeHeaderGraphs(String)[3307]" classname="io.jbotsim.io.format.graph6.Graph6TopologySerializerTest" time="0.0"/>
  <testcase name="checkDecodeEncodeChangeHeaderGraphs(String)[3308]" classname="io.jbotsim.io.format.graph6.Graph6TopologySerializerTest" time="0.003"/>
  <testcase name="checkDecodeEncodeChangeHeaderGraphs(String)[3309]" classname="io.jbotsim.io.format.graph6.Graph6TopologySerializerTest" time="0.0"/>
  <testcase name="checkDecodeEncodeChangeHeaderGraphs(String)[3310]" classname="io.jbotsim.io.format.graph6.Graph6TopologySerializerTest" time="0.001"/>
  <testcase name="checkDecodeEncodeChangeHeaderGraphs(String)[3311]" classname="io.jbotsim.io.format.graph6.Graph6TopologySerializerTest" time="0.0"/>
  <testcase name="checkDecodeEncodeChangeHeaderGraphs(String)[3312]" classname="io.jbotsim.io.format.graph6.Graph6TopologySerializerTest" time="0.0"/>
  <testcase name="checkDecodeEncodeChangeHeaderGraphs(String)[3313]" classname="io.jbotsim.io.format.graph6.Graph6TopologySerializerTest" time="0.0"/>
  <testcase name="checkDecodeEncodeChangeHeaderGraphs(String)[3314]" classname="io.jbotsim.io.format.graph6.Graph6TopologySerializerTest" time="0.0"/>
  <testcase name="checkDecodeEncodeChangeHeaderGraphs(String)[3315]" classname="io.jbotsim.io.format.graph6.Graph6TopologySerializerTest" time="0.0"/>
  <testcase name="checkDecodeEncodeChangeHeaderGraphs(String)[3316]" classname="io.jbotsim.io.format.graph6.Graph6TopologySerializerTest" time="0.0"/>
  <testcase name="checkDecodeEncodeChangeHeaderGraphs(String)[3317]" classname="io.jbotsim.io.format.graph6.Graph6TopologySerializerTest" time="0.001"/>
  <testcase name="checkDecodeEncodeChangeHeaderGraphs(String)[3318]" classname="io.jbotsim.io.format.graph6.Graph6TopologySerializerTest" time="0.0"/>
  <testcase name="checkDecodeEncodeChangeHeaderGraphs(String)[3319]" classname="io.jbotsim.io.format.graph6.Graph6TopologySerializerTest" time="0.001"/>
  <testcase name="checkDecodeEncodeChangeHeaderGraphs(String)[3320]" classname="io.jbotsim.io.format.graph6.Graph6TopologySerializerTest" time="0.001"/>
  <testcase name="checkDecodeEncodeChangeHeaderGraphs(String)[3321]" classname="io.jbotsim.io.format.graph6.Graph6TopologySerializerTest" time="0.001"/>
  <testcase name="checkDecodeEncodeChangeHeaderGraphs(String)[3322]" classname="io.jbotsim.io.format.graph6.Graph6TopologySerializerTest" time="0.0"/>
  <testcase name="checkDecodeEncodeChangeHeaderGraphs(String)[3323]" classname="io.jbotsim.io.format.graph6.Graph6TopologySerializerTest" time="0.001"/>
  <testcase name="checkDecodeEncodeChangeHeaderGraphs(String)[3324]" classname="io.jbotsim.io.format.graph6.Graph6TopologySerializerTest" time="0.0"/>
  <testcase name="checkDecodeEncodeChangeHeaderGraphs(String)[3325]" classname="io.jbotsim.io.format.graph6.Graph6TopologySerializerTest" time="0.001"/>
  <testcase name="checkDecodeEncodeChangeHeaderGraphs(String)[3326]" classname="io.jbotsim.io.format.graph6.Graph6TopologySerializerTest" time="0.0"/>
  <testcase name="checkDecodeEncodeChangeHeaderGraphs(String)[3327]" classname="io.jbotsim.io.format.graph6.Graph6TopologySerializerTest" time="0.0"/>
  <testcase name="checkDecodeEncodeChangeHeaderGraphs(String)[3328]" classname="io.jbotsim.io.format.graph6.Graph6TopologySerializerTest" time="0.0"/>
  <testcase name="checkDecodeEncodeChangeHeaderGraphs(String)[3329]" classname="io.jbotsim.io.format.graph6.Graph6TopologySerializerTest" time="0.0"/>
  <testcase name="checkDecodeEncodeChangeHeaderGraphs(String)[3330]" classname="io.jbotsim.io.format.graph6.Graph6TopologySerializerTest" time="0.0"/>
  <testcase name="checkDecodeEncodeChangeHeaderGraphs(String)[3331]" classname="io.jbotsim.io.format.graph6.Graph6TopologySerializerTest" time="0.0"/>
  <testcase name="checkDecodeEncodeChangeHeaderGraphs(String)[3332]" classname="io.jbotsim.io.format.graph6.Graph6TopologySerializerTest" time="0.0"/>
  <testcase name="checkDecodeEncodeChangeHeaderGraphs(String)[3333]" classname="io.jbotsim.io.format.graph6.Graph6TopologySerializerTest" time="0.001"/>
  <testcase name="checkDecodeEncodeChangeHeaderGraphs(String)[3334]" classname="io.jbotsim.io.format.graph6.Graph6TopologySerializerTest" time="0.0"/>
  <testcase name="checkDecodeEncodeChangeHeaderGraphs(String)[3335]" classname="io.jbotsim.io.format.graph6.Graph6TopologySerializerTest" time="0.0"/>
  <testcase name="checkDecodeEncodeChangeHeaderGraphs(String)[3336]" classname="io.jbotsim.io.format.graph6.Graph6TopologySerializerTest" time="0.0"/>
  <testcase name="checkDecodeEncodeChangeHeaderGraphs(String)[3337]" classname="io.jbotsim.io.format.graph6.Graph6TopologySerializerTest" time="0.0"/>
  <testcase name="checkDecodeEncodeChangeHeaderGraphs(String)[3338]" classname="io.jbotsim.io.format.graph6.Graph6TopologySerializerTest" time="0.001"/>
  <testcase name="checkDecodeEncodeChangeHeaderGraphs(String)[3339]" classname="io.jbotsim.io.format.graph6.Graph6TopologySerializerTest" time="0.0"/>
  <testcase name="checkDecodeEncodeChangeHeaderGraphs(String)[3340]" classname="io.jbotsim.io.format.graph6.Graph6TopologySerializerTest" time="0.0"/>
  <testcase name="checkDecodeEncodeChangeHeaderGraphs(String)[3341]" classname="io.jbotsim.io.format.graph6.Graph6TopologySerializerTest" time="0.0"/>
  <testcase name="checkDecodeEncodeChangeHeaderGraphs(String)[3342]" classname="io.jbotsim.io.format.graph6.Graph6TopologySerializerTest" time="0.0"/>
  <testcase name="checkDecodeEncodeChangeHeaderGraphs(String)[3343]" classname="io.jbotsim.io.format.graph6.Graph6TopologySerializerTest" time="0.0"/>
  <testcase name="checkDecodeEncodeChangeHeaderGraphs(String)[3344]" classname="io.jbotsim.io.format.graph6.Graph6TopologySerializerTest" time="0.001"/>
  <testcase name="checkDecodeEncodeChangeHeaderGraphs(String)[3345]" classname="io.jbotsim.io.format.graph6.Graph6TopologySerializerTest" time="0.001"/>
  <testcase name="checkDecodeEncodeChangeHeaderGraphs(String)[3346]" classname="io.jbotsim.io.format.graph6.Graph6TopologySerializerTest" time="0.0"/>
  <testcase name="checkDecodeEncodeChangeHeaderGraphs(String)[3347]" classname="io.jbotsim.io.format.graph6.Graph6TopologySerializerTest" time="0.0"/>
  <testcase name="checkDecodeEncodeChangeHeaderGraphs(String)[3348]" classname="io.jbotsim.io.format.graph6.Graph6TopologySerializerTest" time="0.0"/>
  <testcase name="checkDecodeEncodeChangeHeaderGraphs(String)[3349]" classname="io.jbotsim.io.format.graph6.Graph6TopologySerializerTest" time="0.001"/>
  <testcase name="checkDecodeEncodeChangeHeaderGraphs(String)[3350]" classname="io.jbotsim.io.format.graph6.Graph6TopologySerializerTest" time="0.0"/>
  <testcase name="checkDecodeEncodeChangeHeaderGraphs(String)[3351]" classname="io.jbotsim.io.format.graph6.Graph6TopologySerializerTest" time="0.0"/>
  <testcase name="checkDecodeEncodeChangeHeaderGraphs(String)[3352]" classname="io.jbotsim.io.format.graph6.Graph6TopologySerializerTest" time="0.0"/>
  <testcase name="checkDecodeEncodeChangeHeaderGraphs(String)[3353]" classname="io.jbotsim.io.format.graph6.Graph6TopologySerializerTest" time="0.001"/>
  <testcase name="checkDecodeEncodeChangeHeaderGraphs(String)[3354]" classname="io.jbotsim.io.format.graph6.Graph6TopologySerializerTest" time="0.0"/>
  <testcase name="checkDecodeEncodeChangeHeaderGraphs(String)[3355]" classname="io.jbotsim.io.format.graph6.Graph6TopologySerializerTest" time="0.001"/>
  <testcase name="checkDecodeEncodeChangeHeaderGraphs(String)[3356]" classname="io.jbotsim.io.format.graph6.Graph6TopologySerializerTest" time="0.0"/>
  <testcase name="checkDecodeEncodeChangeHeaderGraphs(String)[3357]" classname="io.jbotsim.io.format.graph6.Graph6TopologySerializerTest" time="0.001"/>
  <testcase name="checkDecodeEncodeChangeHeaderGraphs(String)[3358]" classname="io.jbotsim.io.format.graph6.Graph6TopologySerializerTest" time="0.004"/>
  <testcase name="checkDecodeEncodeChangeHeaderGraphs(String)[3359]" classname="io.jbotsim.io.format.graph6.Graph6TopologySerializerTest" time="0.0"/>
  <testcase name="checkDecodeEncodeChangeHeaderGraphs(String)[3360]" classname="io.jbotsim.io.format.graph6.Graph6TopologySerializerTest" time="0.0"/>
  <testcase name="checkDecodeEncodeChangeHeaderGraphs(String)[3361]" classname="io.jbotsim.io.format.graph6.Graph6TopologySerializerTest" time="0.0"/>
  <testcase name="checkDecodeEncodeChangeHeaderGraphs(String)[3362]" classname="io.jbotsim.io.format.graph6.Graph6TopologySerializerTest" time="0.0"/>
  <testcase name="checkDecodeEncodeChangeHeaderGraphs(String)[3363]" classname="io.jbotsim.io.format.graph6.Graph6TopologySerializerTest" time="0.0"/>
  <testcase name="checkDecodeEncodeChangeHeaderGraphs(String)[3364]" classname="io.jbotsim.io.format.graph6.Graph6TopologySerializerTest" time="0.0"/>
  <testcase name="checkDecodeEncodeChangeHeaderGraphs(String)[3365]" classname="io.jbotsim.io.format.graph6.Graph6TopologySerializerTest" time="0.0"/>
  <testcase name="checkDecodeEncodeChangeHeaderGraphs(String)[3366]" classname="io.jbotsim.io.format.graph6.Graph6TopologySerializerTest" time="0.001"/>
  <testcase name="checkDecodeEncodeChangeHeaderGraphs(String)[3367]" classname="io.jbotsim.io.format.graph6.Graph6TopologySerializerTest" time="0.0"/>
  <testcase name="checkDecodeEncodeChangeHeaderGraphs(String)[3368]" classname="io.jbotsim.io.format.graph6.Graph6TopologySerializerTest" time="0.0"/>
  <testcase name="checkDecodeEncodeChangeHeaderGraphs(String)[3369]" classname="io.jbotsim.io.format.graph6.Graph6TopologySerializerTest" time="0.003"/>
  <testcase name="checkDecodeEncodeChangeHeaderGraphs(String)[3370]" classname="io.jbotsim.io.format.graph6.Graph6TopologySerializerTest" time="0.0"/>
  <testcase name="checkDecodeEncodeChangeHeaderGraphs(String)[3371]" classname="io.jbotsim.io.format.graph6.Graph6TopologySerializerTest" time="0.0"/>
  <testcase name="checkDecodeEncodeChangeHeaderGraphs(String)[3372]" classname="io.jbotsim.io.format.graph6.Graph6TopologySerializerTest" time="0.0"/>
  <testcase name="checkDecodeEncodeChangeHeaderGraphs(String)[3373]" classname="io.jbotsim.io.format.graph6.Graph6TopologySerializerTest" time="0.0"/>
  <testcase name="checkDecodeEncodeChangeHeaderGraphs(String)[3374]" classname="io.jbotsim.io.format.graph6.Graph6TopologySerializerTest" time="0.0"/>
  <testcase name="checkDecodeEncodeChangeHeaderGraphs(String)[3375]" classname="io.jbotsim.io.format.graph6.Graph6TopologySerializerTest" time="0.0"/>
  <testcase name="checkDecodeEncodeChangeHeaderGraphs(String)[3376]" classname="io.jbotsim.io.format.graph6.Graph6TopologySerializerTest" time="0.0"/>
  <testcase name="checkDecodeEncodeChangeHeaderGraphs(String)[3377]" classname="io.jbotsim.io.format.graph6.Graph6TopologySerializerTest" time="0.0"/>
  <testcase name="checkDecodeEncodeChangeHeaderGraphs(String)[3378]" classname="io.jbotsim.io.format.graph6.Graph6TopologySerializerTest" time="0.002"/>
  <testcase name="checkDecodeEncodeChangeHeaderGraphs(String)[3379]" classname="io.jbotsim.io.format.graph6.Graph6TopologySerializerTest" time="0.0"/>
  <testcase name="checkDecodeEncodeChangeHeaderGraphs(String)[3380]" classname="io.jbotsim.io.format.graph6.Graph6TopologySerializerTest" time="0.001"/>
  <testcase name="checkDecodeEncodeChangeHeaderGraphs(String)[3381]" classname="io.jbotsim.io.format.graph6.Graph6TopologySerializerTest" time="0.0"/>
  <testcase name="checkDecodeEncodeChangeHeaderGraphs(String)[3382]" classname="io.jbotsim.io.format.graph6.Graph6TopologySerializerTest" time="0.004"/>
  <testcase name="checkDecodeEncodeChangeHeaderGraphs(String)[3383]" classname="io.jbotsim.io.format.graph6.Graph6TopologySerializerTest" time="0.0"/>
  <testcase name="checkDecodeEncodeChangeHeaderGraphs(String)[3384]" classname="io.jbotsim.io.format.graph6.Graph6TopologySerializerTest" time="0.0"/>
  <testcase name="checkDecodeEncodeChangeHeaderGraphs(String)[3385]" classname="io.jbotsim.io.format.graph6.Graph6TopologySerializerTest" time="0.003"/>
  <testcase name="checkDecodeEncodeChangeHeaderGraphs(String)[3386]" classname="io.jbotsim.io.format.graph6.Graph6TopologySerializerTest" time="0.0"/>
  <testcase name="checkDecodeEncodeChangeHeaderGraphs(String)[3387]" classname="io.jbotsim.io.format.graph6.Graph6TopologySerializerTest" time="0.0"/>
  <testcase name="checkDecodeEncodeChangeHeaderGraphs(String)[3388]" classname="io.jbotsim.io.format.graph6.Graph6TopologySerializerTest" time="0.0"/>
  <testcase name="checkDecodeEncodeChangeHeaderGraphs(String)[3389]" classname="io.jbotsim.io.format.graph6.Graph6TopologySerializerTest" time="0.0"/>
  <testcase name="checkDecodeEncodeChangeHeaderGraphs(String)[3390]" classname="io.jbotsim.io.format.graph6.Graph6TopologySerializerTest" time="0.0"/>
  <testcase name="checkDecodeEncodeChangeHeaderGraphs(String)[3391]" classname="io.jbotsim.io.format.graph6.Graph6TopologySerializerTest" time="0.003"/>
  <testcase name="checkDecodeEncodeChangeHeaderGraphs(String)[3392]" classname="io.jbotsim.io.format.graph6.Graph6TopologySerializerTest" time="0.0"/>
  <testcase name="checkDecodeEncodeChangeHeaderGraphs(String)[3393]" classname="io.jbotsim.io.format.graph6.Graph6TopologySerializerTest" time="0.0"/>
  <testcase name="checkDecodeEncodeChangeHeaderGraphs(String)[3394]" classname="io.jbotsim.io.format.graph6.Graph6TopologySerializerTest" time="0.0"/>
  <testcase name="checkDecodeEncodeChangeHeaderGraphs(String)[3395]" classname="io.jbotsim.io.format.graph6.Graph6TopologySerializerTest" time="0.0"/>
  <testcase name="checkDecodeEncodeChangeHeaderGraphs(String)[3396]" classname="io.jbotsim.io.format.graph6.Graph6TopologySerializerTest" time="0.0"/>
  <testcase name="checkDecodeEncodeChangeHeaderGraphs(String)[3397]" classname="io.jbotsim.io.format.graph6.Graph6TopologySerializerTest" time="0.001"/>
  <testcase name="checkDecodeEncodeChangeHeaderGraphs(String)[3398]" classname="io.jbotsim.io.format.graph6.Graph6TopologySerializerTest" time="0.001"/>
  <testcase name="checkDecodeEncodeChangeHeaderGraphs(String)[3399]" classname="io.jbotsim.io.format.graph6.Graph6TopologySerializerTest" time="0.001"/>
  <testcase name="checkDecodeEncodeChangeHeaderGraphs(String)[3400]" classname="io.jbotsim.io.format.graph6.Graph6TopologySerializerTest" time="0.0"/>
  <testcase name="checkDecodeEncodeChangeHeaderGraphs(String)[3401]" classname="io.jbotsim.io.format.graph6.Graph6TopologySerializerTest" time="0.001"/>
  <testcase name="checkDecodeEncodeChangeHeaderGraphs(String)[3402]" classname="io.jbotsim.io.format.graph6.Graph6TopologySerializerTest" time="0.0"/>
  <testcase name="checkDecodeEncodeChangeHeaderGraphs(String)[3403]" classname="io.jbotsim.io.format.graph6.Graph6TopologySerializerTest" time="0.0"/>
  <testcase name="checkDecodeEncodeChangeHeaderGraphs(String)[3404]" classname="io.jbotsim.io.format.graph6.Graph6TopologySerializerTest" time="0.002"/>
  <testcase name="checkDecodeEncodeChangeHeaderGraphs(String)[3405]" classname="io.jbotsim.io.format.graph6.Graph6TopologySerializerTest" time="0.0"/>
  <testcase name="checkDecodeEncodeChangeHeaderGraphs(String)[3406]" classname="io.jbotsim.io.format.graph6.Graph6TopologySerializerTest" time="0.0"/>
  <testcase name="checkDecodeEncodeChangeHeaderGraphs(String)[3407]" classname="io.jbotsim.io.format.graph6.Graph6TopologySerializerTest" time="0.0"/>
  <testcase name="checkDecodeEncodeChangeHeaderGraphs(String)[3408]" classname="io.jbotsim.io.format.graph6.Graph6TopologySerializerTest" time="0.0"/>
  <testcase name="checkDecodeEncodeChangeHeaderGraphs(String)[3409]" classname="io.jbotsim.io.format.graph6.Graph6TopologySerializerTest" time="0.004"/>
  <testcase name="checkDecodeEncodeChangeHeaderGraphs(String)[3410]" classname="io.jbotsim.io.format.graph6.Graph6TopologySerializerTest" time="0.001"/>
  <testcase name="checkDecodeEncodeChangeHeaderGraphs(String)[3411]" classname="io.jbotsim.io.format.graph6.Graph6TopologySerializerTest" time="0.003"/>
  <testcase name="checkDecodeEncodeChangeHeaderGraphs(String)[3412]" classname="io.jbotsim.io.format.graph6.Graph6TopologySerializerTest" time="0.005"/>
  <testcase name="checkDecodeEncodeChangeHeaderGraphs(String)[3413]" classname="io.jbotsim.io.format.graph6.Graph6TopologySerializerTest" time="0.001"/>
  <testcase name="checkDecodeEncodeChangeHeaderGraphs(String)[3414]" classname="io.jbotsim.io.format.graph6.Graph6TopologySerializerTest" time="0.0"/>
  <testcase name="checkDecodeEncodeChangeHeaderGraphs(String)[3415]" classname="io.jbotsim.io.format.graph6.Graph6TopologySerializerTest" time="0.001"/>
  <testcase name="checkDecodeEncodeChangeHeaderGraphs(String)[3416]" classname="io.jbotsim.io.format.graph6.Graph6TopologySerializerTest" time="0.006"/>
  <testcase name="checkDecodeEncodeChangeHeaderGraphs(String)[3417]" classname="io.jbotsim.io.format.graph6.Graph6TopologySerializerTest" time="0.003"/>
  <testcase name="checkDecodeEncodeChangeHeaderGraphs(String)[3418]" classname="io.jbotsim.io.format.graph6.Graph6TopologySerializerTest" time="0.001"/>
  <testcase name="checkDecodeEncodeChangeHeaderGraphs(String)[3419]" classname="io.jbotsim.io.format.graph6.Graph6TopologySerializerTest" time="0.0"/>
  <testcase name="checkDecodeEncodeChangeHeaderGraphs(String)[3420]" classname="io.jbotsim.io.format.graph6.Graph6TopologySerializerTest" time="0.0"/>
  <testcase name="checkDecodeEncodeChangeHeaderGraphs(String)[3421]" classname="io.jbotsim.io.format.graph6.Graph6TopologySerializerTest" time="0.0"/>
  <testcase name="checkDecodeEncodeChangeHeaderGraphs(String)[3422]" classname="io.jbotsim.io.format.graph6.Graph6TopologySerializerTest" time="0.001"/>
  <testcase name="checkDecodeEncodeChangeHeaderGraphs(String)[3423]" classname="io.jbotsim.io.format.graph6.Graph6TopologySerializerTest" time="0.004"/>
  <testcase name="checkDecodeEncodeChangeHeaderGraphs(String)[3424]" classname="io.jbotsim.io.format.graph6.Graph6TopologySerializerTest" time="0.001"/>
  <testcase name="checkDecodeEncodeChangeHeaderGraphs(String)[3425]" classname="io.jbotsim.io.format.graph6.Graph6TopologySerializerTest" time="0.0"/>
  <testcase name="checkDecodeEncodeChangeHeaderGraphs(String)[3426]" classname="io.jbotsim.io.format.graph6.Graph6TopologySerializerTest" time="0.0"/>
  <testcase name="checkDecodeEncodeChangeHeaderGraphs(String)[3427]" classname="io.jbotsim.io.format.graph6.Graph6TopologySerializerTest" time="0.0"/>
  <testcase name="checkDecodeEncodeChangeHeaderGraphs(String)[3428]" classname="io.jbotsim.io.format.graph6.Graph6TopologySerializerTest" time="0.0"/>
  <testcase name="checkDecodeEncodeChangeHeaderGraphs(String)[3429]" classname="io.jbotsim.io.format.graph6.Graph6TopologySerializerTest" time="0.0"/>
  <testcase name="checkDecodeEncodeChangeHeaderGraphs(String)[3430]" classname="io.jbotsim.io.format.graph6.Graph6TopologySerializerTest" time="0.0"/>
  <testcase name="checkDecodeEncodeChangeHeaderGraphs(String)[3431]" classname="io.jbotsim.io.format.graph6.Graph6TopologySerializerTest" time="0.001"/>
  <testcase name="checkDecodeEncodeChangeHeaderGraphs(String)[3432]" classname="io.jbotsim.io.format.graph6.Graph6TopologySerializerTest" time="0.0"/>
  <testcase name="checkDecodeEncodeChangeHeaderGraphs(String)[3433]" classname="io.jbotsim.io.format.graph6.Graph6TopologySerializerTest" time="0.001"/>
  <testcase name="checkDecodeEncodeChangeHeaderGraphs(String)[3434]" classname="io.jbotsim.io.format.graph6.Graph6TopologySerializerTest" time="0.003"/>
  <testcase name="checkDecodeEncodeChangeHeaderGraphs(String)[3435]" classname="io.jbotsim.io.format.graph6.Graph6TopologySerializerTest" time="0.0"/>
  <testcase name="checkDecodeEncodeChangeHeaderGraphs(String)[3436]" classname="io.jbotsim.io.format.graph6.Graph6TopologySerializerTest" time="0.0"/>
  <testcase name="checkDecodeEncodeChangeHeaderGraphs(String)[3437]" classname="io.jbotsim.io.format.graph6.Graph6TopologySerializerTest" time="0.001"/>
  <testcase name="checkDecodeEncodeChangeHeaderGraphs(String)[3438]" classname="io.jbotsim.io.format.graph6.Graph6TopologySerializerTest" time="0.0"/>
  <testcase name="checkDecodeEncodeChangeHeaderGraphs(String)[3439]" classname="io.jbotsim.io.format.graph6.Graph6TopologySerializerTest" time="0.001"/>
  <testcase name="checkDecodeEncodeChangeHeaderGraphs(String)[3440]" classname="io.jbotsim.io.format.graph6.Graph6TopologySerializerTest" time="0.0"/>
  <testcase name="checkDecodeEncodeChangeHeaderGraphs(String)[3441]" classname="io.jbotsim.io.format.graph6.Graph6TopologySerializerTest" time="0.001"/>
  <testcase name="checkDecodeEncodeChangeHeaderGraphs(String)[3442]" classname="io.jbotsim.io.format.graph6.Graph6TopologySerializerTest" time="0.0"/>
  <testcase name="checkDecodeEncodeChangeHeaderGraphs(String)[3443]" classname="io.jbotsim.io.format.graph6.Graph6TopologySerializerTest" time="0.0"/>
  <testcase name="checkDecodeEncodeChangeHeaderGraphs(String)[3444]" classname="io.jbotsim.io.format.graph6.Graph6TopologySerializerTest" time="0.0"/>
  <testcase name="checkDecodeEncodeChangeHeaderGraphs(String)[3445]" classname="io.jbotsim.io.format.graph6.Graph6TopologySerializerTest" time="0.001"/>
  <testcase name="checkDecodeEncodeChangeHeaderGraphs(String)[3446]" classname="io.jbotsim.io.format.graph6.Graph6TopologySerializerTest" time="0.0"/>
  <testcase name="checkDecodeEncodeChangeHeaderGraphs(String)[3447]" classname="io.jbotsim.io.format.graph6.Graph6TopologySerializerTest" time="0.003"/>
  <testcase name="checkDecodeEncodeChangeHeaderGraphs(String)[3448]" classname="io.jbotsim.io.format.graph6.Graph6TopologySerializerTest" time="0.0"/>
  <testcase name="checkDecodeEncodeChangeHeaderGraphs(String)[3449]" classname="io.jbotsim.io.format.graph6.Graph6TopologySerializerTest" time="0.0"/>
  <testcase name="checkDecodeEncodeChangeHeaderGraphs(String)[3450]" classname="io.jbotsim.io.format.graph6.Graph6TopologySerializerTest" time="0.0"/>
  <testcase name="checkDecodeEncodeChangeHeaderGraphs(String)[3451]" classname="io.jbotsim.io.format.graph6.Graph6TopologySerializerTest" time="0.0"/>
  <testcase name="checkDecodeEncodeChangeHeaderGraphs(String)[3452]" classname="io.jbotsim.io.format.graph6.Graph6TopologySerializerTest" time="0.0"/>
  <testcase name="checkDecodeEncodeChangeHeaderGraphs(String)[3453]" classname="io.jbotsim.io.format.graph6.Graph6TopologySerializerTest" time="0.0"/>
  <testcase name="checkDecodeEncodeChangeHeaderGraphs(String)[3454]" classname="io.jbotsim.io.format.graph6.Graph6TopologySerializerTest" time="0.0"/>
  <testcase name="checkDecodeEncodeChangeHeaderGraphs(String)[3455]" classname="io.jbotsim.io.format.graph6.Graph6TopologySerializerTest" time="0.0"/>
  <testcase name="checkDecodeEncodeChangeHeaderGraphs(String)[3456]" classname="io.jbotsim.io.format.graph6.Graph6TopologySerializerTest" time="0.0"/>
  <testcase name="checkDecodeEncodeChangeHeaderGraphs(String)[3457]" classname="io.jbotsim.io.format.graph6.Graph6TopologySerializerTest" time="0.0"/>
  <testcase name="checkDecodeEncodeChangeHeaderGraphs(String)[3458]" classname="io.jbotsim.io.format.graph6.Graph6TopologySerializerTest" time="0.0"/>
  <testcase name="checkDecodeEncodeChangeHeaderGraphs(String)[3459]" classname="io.jbotsim.io.format.graph6.Graph6TopologySerializerTest" time="0.0"/>
  <testcase name="checkDecodeEncodeChangeHeaderGraphs(String)[3460]" classname="io.jbotsim.io.format.graph6.Graph6TopologySerializerTest" time="0.003"/>
  <testcase name="checkDecodeEncodeChangeHeaderGraphs(String)[3461]" classname="io.jbotsim.io.format.graph6.Graph6TopologySerializerTest" time="0.0"/>
  <testcase name="checkDecodeEncodeChangeHeaderGraphs(String)[3462]" classname="io.jbotsim.io.format.graph6.Graph6TopologySerializerTest" time="0.0"/>
  <testcase name="checkDecodeEncodeChangeHeaderGraphs(String)[3463]" classname="io.jbotsim.io.format.graph6.Graph6TopologySerializerTest" time="0.001"/>
  <testcase name="checkDecodeEncodeChangeHeaderGraphs(String)[3464]" classname="io.jbotsim.io.format.graph6.Graph6TopologySerializerTest" time="0.0"/>
  <testcase name="checkDecodeEncodeChangeHeaderGraphs(String)[3465]" classname="io.jbotsim.io.format.graph6.Graph6TopologySerializerTest" time="0.0"/>
  <testcase name="checkDecodeEncodeChangeHeaderGraphs(String)[3466]" classname="io.jbotsim.io.format.graph6.Graph6TopologySerializerTest" time="0.0"/>
  <testcase name="checkDecodeEncodeChangeHeaderGraphs(String)[3467]" classname="io.jbotsim.io.format.graph6.Graph6TopologySerializerTest" time="0.0"/>
  <testcase name="checkDecodeEncodeChangeHeaderGraphs(String)[3468]" classname="io.jbotsim.io.format.graph6.Graph6TopologySerializerTest" time="0.0"/>
  <testcase name="checkDecodeEncodeChangeHeaderGraphs(String)[3469]" classname="io.jbotsim.io.format.graph6.Graph6TopologySerializerTest" time="0.0"/>
  <testcase name="checkDecodeEncodeChangeHeaderGraphs(String)[3470]" classname="io.jbotsim.io.format.graph6.Graph6TopologySerializerTest" time="0.0"/>
  <testcase name="checkDecodeEncodeChangeHeaderGraphs(String)[3471]" classname="io.jbotsim.io.format.graph6.Graph6TopologySerializerTest" time="0.0"/>
  <testcase name="checkDecodeEncodeChangeHeaderGraphs(String)[3472]" classname="io.jbotsim.io.format.graph6.Graph6TopologySerializerTest" time="0.0"/>
  <testcase name="checkDecodeEncodeChangeHeaderGraphs(String)[3473]" classname="io.jbotsim.io.format.graph6.Graph6TopologySerializerTest" time="0.0"/>
  <testcase name="checkDecodeEncodeChangeHeaderGraphs(String)[3474]" classname="io.jbotsim.io.format.graph6.Graph6TopologySerializerTest" time="0.001"/>
  <testcase name="checkDecodeEncodeChangeHeaderGraphs(String)[3475]" classname="io.jbotsim.io.format.graph6.Graph6TopologySerializerTest" time="0.0"/>
  <testcase name="checkDecodeEncodeChangeHeaderGraphs(String)[3476]" classname="io.jbotsim.io.format.graph6.Graph6TopologySerializerTest" time="0.001"/>
  <testcase name="checkDecodeEncodeChangeHeaderGraphs(String)[3477]" classname="io.jbotsim.io.format.graph6.Graph6TopologySerializerTest" time="0.0"/>
  <testcase name="checkDecodeEncodeChangeHeaderGraphs(String)[3478]" classname="io.jbotsim.io.format.graph6.Graph6TopologySerializerTest" time="0.0"/>
  <testcase name="checkDecodeEncodeChangeHeaderGraphs(String)[3479]" classname="io.jbotsim.io.format.graph6.Graph6TopologySerializerTest" time="0.0"/>
  <testcase name="checkDecodeEncodeChangeHeaderGraphs(String)[3480]" classname="io.jbotsim.io.format.graph6.Graph6TopologySerializerTest" time="0.002"/>
  <testcase name="checkDecodeEncodeChangeHeaderGraphs(String)[3481]" classname="io.jbotsim.io.format.graph6.Graph6TopologySerializerTest" time="0.0"/>
  <testcase name="checkDecodeEncodeChangeHeaderGraphs(String)[3482]" classname="io.jbotsim.io.format.graph6.Graph6TopologySerializerTest" time="0.0"/>
  <testcase name="checkDecodeEncodeChangeHeaderGraphs(String)[3483]" classname="io.jbotsim.io.format.graph6.Graph6TopologySerializerTest" time="0.001"/>
  <testcase name="checkDecodeEncodeChangeHeaderGraphs(String)[3484]" classname="io.jbotsim.io.format.graph6.Graph6TopologySerializerTest" time="0.0"/>
  <testcase name="checkDecodeEncodeChangeHeaderGraphs(String)[3485]" classname="io.jbotsim.io.format.graph6.Graph6TopologySerializerTest" time="0.001"/>
  <testcase name="checkDecodeEncodeChangeHeaderGraphs(String)[3486]" classname="io.jbotsim.io.format.graph6.Graph6TopologySerializerTest" time="0.0"/>
  <testcase name="checkDecodeEncodeChangeHeaderGraphs(String)[3487]" classname="io.jbotsim.io.format.graph6.Graph6TopologySerializerTest" time="0.001"/>
  <testcase name="checkDecodeEncodeChangeHeaderGraphs(String)[3488]" classname="io.jbotsim.io.format.graph6.Graph6TopologySerializerTest" time="0.0"/>
  <testcase name="checkDecodeEncodeChangeHeaderGraphs(String)[3489]" classname="io.jbotsim.io.format.graph6.Graph6TopologySerializerTest" time="0.001"/>
  <testcase name="checkDecodeEncodeChangeHeaderGraphs(String)[3490]" classname="io.jbotsim.io.format.graph6.Graph6TopologySerializerTest" time="0.0"/>
  <testcase name="checkDecodeEncodeChangeHeaderGraphs(String)[3491]" classname="io.jbotsim.io.format.graph6.Graph6TopologySerializerTest" time="0.0"/>
  <testcase name="checkDecodeEncodeChangeHeaderGraphs(String)[3492]" classname="io.jbotsim.io.format.graph6.Graph6TopologySerializerTest" time="0.0"/>
  <testcase name="checkDecodeEncodeChangeHeaderGraphs(String)[3493]" classname="io.jbotsim.io.format.graph6.Graph6TopologySerializerTest" time="0.0"/>
  <testcase name="checkDecodeEncodeChangeHeaderGraphs(String)[3494]" classname="io.jbotsim.io.format.graph6.Graph6TopologySerializerTest" time="0.0"/>
  <testcase name="checkDecodeEncodeChangeHeaderGraphs(String)[3495]" classname="io.jbotsim.io.format.graph6.Graph6TopologySerializerTest" time="0.0"/>
  <testcase name="checkDecodeEncodeChangeHeaderGraphs(String)[3496]" classname="io.jbotsim.io.format.graph6.Graph6TopologySerializerTest" time="0.003"/>
  <testcase name="checkDecodeEncodeChangeHeaderGraphs(String)[3497]" classname="io.jbotsim.io.format.graph6.Graph6TopologySerializerTest" time="0.0"/>
  <testcase name="checkDecodeEncodeChangeHeaderGraphs(String)[3498]" classname="io.jbotsim.io.format.graph6.Graph6TopologySerializerTest" time="0.0"/>
  <testcase name="checkDecodeEncodeChangeHeaderGraphs(String)[3499]" classname="io.jbotsim.io.format.graph6.Graph6TopologySerializerTest" time="0.0"/>
  <testcase name="checkDecodeEncodeChangeHeaderGraphs(String)[3500]" classname="io.jbotsim.io.format.graph6.Graph6TopologySerializerTest" time="0.0"/>
  <testcase name="checkDecodeEncodeChangeHeaderGraphs(String)[3501]" classname="io.jbotsim.io.format.graph6.Graph6TopologySerializerTest" time="0.0"/>
  <testcase name="checkDecodeEncodeChangeHeaderGraphs(String)[3502]" classname="io.jbotsim.io.format.graph6.Graph6TopologySerializerTest" time="0.0"/>
  <testcase name="checkDecodeEncodeChangeHeaderGraphs(String)[3503]" classname="io.jbotsim.io.format.graph6.Graph6TopologySerializerTest" time="0.001"/>
  <testcase name="checkDecodeEncodeChangeHeaderGraphs(String)[3504]" classname="io.jbotsim.io.format.graph6.Graph6TopologySerializerTest" time="0.0"/>
  <testcase name="checkDecodeEncodeChangeHeaderGraphs(String)[3505]" classname="io.jbotsim.io.format.graph6.Graph6TopologySerializerTest" time="0.002"/>
  <testcase name="checkDecodeEncodeChangeHeaderGraphs(String)[3506]" classname="io.jbotsim.io.format.graph6.Graph6TopologySerializerTest" time="0.0"/>
  <testcase name="checkDecodeEncodeChangeHeaderGraphs(String)[3507]" classname="io.jbotsim.io.format.graph6.Graph6TopologySerializerTest" time="0.0"/>
  <testcase name="checkDecodeEncodeChangeHeaderGraphs(String)[3508]" classname="io.jbotsim.io.format.graph6.Graph6TopologySerializerTest" time="0.0"/>
  <testcase name="checkDecodeEncodeChangeHeaderGraphs(String)[3509]" classname="io.jbotsim.io.format.graph6.Graph6TopologySerializerTest" time="0.0"/>
  <testcase name="checkDecodeEncodeChangeHeaderGraphs(String)[3510]" classname="io.jbotsim.io.format.graph6.Graph6TopologySerializerTest" time="0.0"/>
  <testcase name="checkDecodeEncodeChangeHeaderGraphs(String)[3511]" classname="io.jbotsim.io.format.graph6.Graph6TopologySerializerTest" time="0.004"/>
  <testcase name="checkDecodeEncodeChangeHeaderGraphs(String)[3512]" classname="io.jbotsim.io.format.graph6.Graph6TopologySerializerTest" time="0.001"/>
  <testcase name="checkDecodeEncodeChangeHeaderGraphs(String)[3513]" classname="io.jbotsim.io.format.graph6.Graph6TopologySerializerTest" time="0.0"/>
  <testcase name="checkDecodeEncodeChangeHeaderGraphs(String)[3514]" classname="io.jbotsim.io.format.graph6.Graph6TopologySerializerTest" time="0.001"/>
  <testcase name="checkDecodeEncodeChangeHeaderGraphs(String)[3515]" classname="io.jbotsim.io.format.graph6.Graph6TopologySerializerTest" time="0.0"/>
  <testcase name="checkDecodeEncodeChangeHeaderGraphs(String)[3516]" classname="io.jbotsim.io.format.graph6.Graph6TopologySerializerTest" time="0.0"/>
  <testcase name="checkDecodeEncodeChangeHeaderGraphs(String)[3517]" classname="io.jbotsim.io.format.graph6.Graph6TopologySerializerTest" time="0.0"/>
  <testcase name="checkDecodeEncodeChangeHeaderGraphs(String)[3518]" classname="io.jbotsim.io.format.graph6.Graph6TopologySerializerTest" time="0.0"/>
  <testcase name="checkDecodeEncodeChangeHeaderGraphs(String)[3519]" classname="io.jbotsim.io.format.graph6.Graph6TopologySerializerTest" time="0.0"/>
  <testcase name="checkDecodeEncodeChangeHeaderGraphs(String)[3520]" classname="io.jbotsim.io.format.graph6.Graph6TopologySerializerTest" time="0.001"/>
  <testcase name="checkDecodeEncodeChangeHeaderGraphs(String)[3521]" classname="io.jbotsim.io.format.graph6.Graph6TopologySerializerTest" time="0.003"/>
  <testcase name="checkDecodeEncodeChangeHeaderGraphs(String)[3522]" classname="io.jbotsim.io.format.graph6.Graph6TopologySerializerTest" time="0.001"/>
  <testcase name="checkDecodeEncodeChangeHeaderGraphs(String)[3523]" classname="io.jbotsim.io.format.graph6.Graph6TopologySerializerTest" time="0.0"/>
  <testcase name="checkDecodeEncodeChangeHeaderGraphs(String)[3524]" classname="io.jbotsim.io.format.graph6.Graph6TopologySerializerTest" time="0.0"/>
  <testcase name="checkDecodeEncodeChangeHeaderGraphs(String)[3525]" classname="io.jbotsim.io.format.graph6.Graph6TopologySerializerTest" time="0.0"/>
  <testcase name="checkDecodeEncodeChangeHeaderGraphs(String)[3526]" classname="io.jbotsim.io.format.graph6.Graph6TopologySerializerTest" time="0.0"/>
  <testcase name="checkDecodeEncodeChangeHeaderGraphs(String)[3527]" classname="io.jbotsim.io.format.graph6.Graph6TopologySerializerTest" time="0.0"/>
  <testcase name="checkDecodeEncodeChangeHeaderGraphs(String)[3528]" classname="io.jbotsim.io.format.graph6.Graph6TopologySerializerTest" time="0.0"/>
  <testcase name="checkDecodeEncodeChangeHeaderGraphs(String)[3529]" classname="io.jbotsim.io.format.graph6.Graph6TopologySerializerTest" time="0.007"/>
  <testcase name="checkDecodeEncodeChangeHeaderGraphs(String)[3530]" classname="io.jbotsim.io.format.graph6.Graph6TopologySerializerTest" time="0.001"/>
  <testcase name="checkDecodeEncodeChangeHeaderGraphs(String)[3531]" classname="io.jbotsim.io.format.graph6.Graph6TopologySerializerTest" time="0.0"/>
  <testcase name="checkDecodeEncodeChangeHeaderGraphs(String)[3532]" classname="io.jbotsim.io.format.graph6.Graph6TopologySerializerTest" time="0.001"/>
  <testcase name="checkDecodeEncodeChangeHeaderGraphs(String)[3533]" classname="io.jbotsim.io.format.graph6.Graph6TopologySerializerTest" time="0.0"/>
  <testcase name="checkDecodeEncodeChangeHeaderGraphs(String)[3534]" classname="io.jbotsim.io.format.graph6.Graph6TopologySerializerTest" time="0.0"/>
  <testcase name="checkDecodeEncodeChangeHeaderGraphs(String)[3535]" classname="io.jbotsim.io.format.graph6.Graph6TopologySerializerTest" time="0.0"/>
  <testcase name="checkDecodeEncodeChangeHeaderGraphs(String)[3536]" classname="io.jbotsim.io.format.graph6.Graph6TopologySerializerTest" time="0.0"/>
  <testcase name="checkDecodeEncodeChangeHeaderGraphs(String)[3537]" classname="io.jbotsim.io.format.graph6.Graph6TopologySerializerTest" time="0.0"/>
  <testcase name="checkDecodeEncodeChangeHeaderGraphs(String)[3538]" classname="io.jbotsim.io.format.graph6.Graph6TopologySerializerTest" time="0.0"/>
  <testcase name="checkDecodeEncodeChangeHeaderGraphs(String)[3539]" classname="io.jbotsim.io.format.graph6.Graph6TopologySerializerTest" time="0.001"/>
  <testcase name="checkDecodeEncodeChangeHeaderGraphs(String)[3540]" classname="io.jbotsim.io.format.graph6.Graph6TopologySerializerTest" time="0.0"/>
  <testcase name="checkDecodeEncodeChangeHeaderGraphs(String)[3541]" classname="io.jbotsim.io.format.graph6.Graph6TopologySerializerTest" time="0.001"/>
  <testcase name="checkDecodeEncodeChangeHeaderGraphs(String)[3542]" classname="io.jbotsim.io.format.graph6.Graph6TopologySerializerTest" time="0.0"/>
  <testcase name="checkDecodeEncodeChangeHeaderGraphs(String)[3543]" classname="io.jbotsim.io.format.graph6.Graph6TopologySerializerTest" time="0.0"/>
  <testcase name="checkDecodeEncodeChangeHeaderGraphs(String)[3544]" classname="io.jbotsim.io.format.graph6.Graph6TopologySerializerTest" time="0.0"/>
  <testcase name="checkDecodeEncodeChangeHeaderGraphs(String)[3545]" classname="io.jbotsim.io.format.graph6.Graph6TopologySerializerTest" time="0.0"/>
  <testcase name="checkDecodeEncodeChangeHeaderGraphs(String)[3546]" classname="io.jbotsim.io.format.graph6.Graph6TopologySerializerTest" time="0.0"/>
  <testcase name="checkDecodeEncodeChangeHeaderGraphs(String)[3547]" classname="io.jbotsim.io.format.graph6.Graph6TopologySerializerTest" time="0.0"/>
  <testcase name="checkDecodeEncodeChangeHeaderGraphs(String)[3548]" classname="io.jbotsim.io.format.graph6.Graph6TopologySerializerTest" time="0.0"/>
  <testcase name="checkDecodeEncodeChangeHeaderGraphs(String)[3549]" classname="io.jbotsim.io.format.graph6.Graph6TopologySerializerTest" time="0.001"/>
  <testcase name="checkDecodeEncodeChangeHeaderGraphs(String)[3550]" classname="io.jbotsim.io.format.graph6.Graph6TopologySerializerTest" time="0.0"/>
  <testcase name="checkDecodeEncodeChangeHeaderGraphs(String)[3551]" classname="io.jbotsim.io.format.graph6.Graph6TopologySerializerTest" time="0.0"/>
  <testcase name="checkDecodeEncodeChangeHeaderGraphs(String)[3552]" classname="io.jbotsim.io.format.graph6.Graph6TopologySerializerTest" time="0.002"/>
  <testcase name="checkDecodeEncodeChangeHeaderGraphs(String)[3553]" classname="io.jbotsim.io.format.graph6.Graph6TopologySerializerTest" time="0.0"/>
  <testcase name="checkDecodeEncodeChangeHeaderGraphs(String)[3554]" classname="io.jbotsim.io.format.graph6.Graph6TopologySerializerTest" time="0.001"/>
  <testcase name="checkDecodeEncodeChangeHeaderGraphs(String)[3555]" classname="io.jbotsim.io.format.graph6.Graph6TopologySerializerTest" time="0.0"/>
  <testcase name="checkDecodeEncodeChangeHeaderGraphs(String)[3556]" classname="io.jbotsim.io.format.graph6.Graph6TopologySerializerTest" time="0.0"/>
  <testcase name="checkDecodeEncodeChangeHeaderGraphs(String)[3557]" classname="io.jbotsim.io.format.graph6.Graph6TopologySerializerTest" time="0.0"/>
  <testcase name="checkDecodeEncodeChangeHeaderGraphs(String)[3558]" classname="io.jbotsim.io.format.graph6.Graph6TopologySerializerTest" time="0.001"/>
  <testcase name="checkDecodeEncodeChangeHeaderGraphs(String)[3559]" classname="io.jbotsim.io.format.graph6.Graph6TopologySerializerTest" time="0.004"/>
  <testcase name="checkDecodeEncodeChangeHeaderGraphs(String)[3560]" classname="io.jbotsim.io.format.graph6.Graph6TopologySerializerTest" time="0.0"/>
  <testcase name="checkDecodeEncodeChangeHeaderGraphs(String)[3561]" classname="io.jbotsim.io.format.graph6.Graph6TopologySerializerTest" time="0.0"/>
  <testcase name="checkDecodeEncodeChangeHeaderGraphs(String)[3562]" classname="io.jbotsim.io.format.graph6.Graph6TopologySerializerTest" time="0.0"/>
  <testcase name="checkDecodeEncodeChangeHeaderGraphs(String)[3563]" classname="io.jbotsim.io.format.graph6.Graph6TopologySerializerTest" time="0.0"/>
  <testcase name="checkDecodeEncodeChangeHeaderGraphs(String)[3564]" classname="io.jbotsim.io.format.graph6.Graph6TopologySerializerTest" time="0.0"/>
  <testcase name="checkDecodeEncodeChangeHeaderGraphs(String)[3565]" classname="io.jbotsim.io.format.graph6.Graph6TopologySerializerTest" time="0.0"/>
  <testcase name="checkDecodeEncodeChangeHeaderGraphs(String)[3566]" classname="io.jbotsim.io.format.graph6.Graph6TopologySerializerTest" time="0.0"/>
  <testcase name="checkDecodeEncodeChangeHeaderGraphs(String)[3567]" classname="io.jbotsim.io.format.graph6.Graph6TopologySerializerTest" time="0.0"/>
  <testcase name="checkDecodeEncodeChangeHeaderGraphs(String)[3568]" classname="io.jbotsim.io.format.graph6.Graph6TopologySerializerTest" time="0.001"/>
  <testcase name="checkDecodeEncodeChangeHeaderGraphs(String)[3569]" classname="io.jbotsim.io.format.graph6.Graph6TopologySerializerTest" time="0.0"/>
  <testcase name="checkDecodeEncodeChangeHeaderGraphs(String)[3570]" classname="io.jbotsim.io.format.graph6.Graph6TopologySerializerTest" time="0.0"/>
  <testcase name="checkDecodeEncodeChangeHeaderGraphs(String)[3571]" classname="io.jbotsim.io.format.graph6.Graph6TopologySerializerTest" time="0.0"/>
  <testcase name="checkDecodeEncodeChangeHeaderGraphs(String)[3572]" classname="io.jbotsim.io.format.graph6.Graph6TopologySerializerTest" time="0.004"/>
  <testcase name="checkDecodeEncodeChangeHeaderGraphs(String)[3573]" classname="io.jbotsim.io.format.graph6.Graph6TopologySerializerTest" time="0.0"/>
  <testcase name="checkDecodeEncodeChangeHeaderGraphs(String)[3574]" classname="io.jbotsim.io.format.graph6.Graph6TopologySerializerTest" time="0.001"/>
  <testcase name="checkDecodeEncodeChangeHeaderGraphs(String)[3575]" classname="io.jbotsim.io.format.graph6.Graph6TopologySerializerTest" time="0.0"/>
  <testcase name="checkDecodeEncodeChangeHeaderGraphs(String)[3576]" classname="io.jbotsim.io.format.graph6.Graph6TopologySerializerTest" time="0.001"/>
  <testcase name="checkDecodeEncodeChangeHeaderGraphs(String)[3577]" classname="io.jbotsim.io.format.graph6.Graph6TopologySerializerTest" time="0.0"/>
  <testcase name="checkDecodeEncodeChangeHeaderGraphs(String)[3578]" classname="io.jbotsim.io.format.graph6.Graph6TopologySerializerTest" time="0.001"/>
  <testcase name="checkDecodeEncodeChangeHeaderGraphs(String)[3579]" classname="io.jbotsim.io.format.graph6.Graph6TopologySerializerTest" time="0.0"/>
  <testcase name="checkDecodeEncodeChangeHeaderGraphs(String)[3580]" classname="io.jbotsim.io.format.graph6.Graph6TopologySerializerTest" time="0.0"/>
  <testcase name="checkDecodeEncodeChangeHeaderGraphs(String)[3581]" classname="io.jbotsim.io.format.graph6.Graph6TopologySerializerTest" time="0.0"/>
  <testcase name="checkDecodeEncodeChangeHeaderGraphs(String)[3582]" classname="io.jbotsim.io.format.graph6.Graph6TopologySerializerTest" time="0.001"/>
  <testcase name="checkDecodeEncodeChangeHeaderGraphs(String)[3583]" classname="io.jbotsim.io.format.graph6.Graph6TopologySerializerTest" time="0.004"/>
  <testcase name="checkDecodeEncodeChangeHeaderGraphs(String)[3584]" classname="io.jbotsim.io.format.graph6.Graph6TopologySerializerTest" time="0.0"/>
  <testcase name="checkDecodeEncodeChangeHeaderGraphs(String)[3585]" classname="io.jbotsim.io.format.graph6.Graph6TopologySerializerTest" time="0.0"/>
  <testcase name="checkDecodeEncodeChangeHeaderGraphs(String)[3586]" classname="io.jbotsim.io.format.graph6.Graph6TopologySerializerTest" time="0.0"/>
  <testcase name="checkDecodeEncodeChangeHeaderGraphs(String)[3587]" classname="io.jbotsim.io.format.graph6.Graph6TopologySerializerTest" time="0.0"/>
  <testcase name="checkDecodeEncodeChangeHeaderGraphs(String)[3588]" classname="io.jbotsim.io.format.graph6.Graph6TopologySerializerTest" time="0.0"/>
  <testcase name="checkDecodeEncodeChangeHeaderGraphs(String)[3589]" classname="io.jbotsim.io.format.graph6.Graph6TopologySerializerTest" time="0.0"/>
  <testcase name="checkDecodeEncodeChangeHeaderGraphs(String)[3590]" classname="io.jbotsim.io.format.graph6.Graph6TopologySerializerTest" time="0.0"/>
  <testcase name="checkDecodeEncodeChangeHeaderGraphs(String)[3591]" classname="io.jbotsim.io.format.graph6.Graph6TopologySerializerTest" time="0.0"/>
  <testcase name="checkDecodeEncodeChangeHeaderGraphs(String)[3592]" classname="io.jbotsim.io.format.graph6.Graph6TopologySerializerTest" time="0.0"/>
  <testcase name="checkDecodeEncodeChangeHeaderGraphs(String)[3593]" classname="io.jbotsim.io.format.graph6.Graph6TopologySerializerTest" time="0.0"/>
  <testcase name="checkDecodeEncodeChangeHeaderGraphs(String)[3594]" classname="io.jbotsim.io.format.graph6.Graph6TopologySerializerTest" time="0.0"/>
  <testcase name="checkDecodeEncodeChangeHeaderGraphs(String)[3595]" classname="io.jbotsim.io.format.graph6.Graph6TopologySerializerTest" time="0.004"/>
  <testcase name="checkDecodeEncodeChangeHeaderGraphs(String)[3596]" classname="io.jbotsim.io.format.graph6.Graph6TopologySerializerTest" time="0.0"/>
  <testcase name="checkDecodeEncodeChangeHeaderGraphs(String)[3597]" classname="io.jbotsim.io.format.graph6.Graph6TopologySerializerTest" time="0.0"/>
  <testcase name="checkDecodeEncodeChangeHeaderGraphs(String)[3598]" classname="io.jbotsim.io.format.graph6.Graph6TopologySerializerTest" time="0.0"/>
  <testcase name="checkDecodeEncodeChangeHeaderGraphs(String)[3599]" classname="io.jbotsim.io.format.graph6.Graph6TopologySerializerTest" time="0.0"/>
  <testcase name="checkDecodeEncodeChangeHeaderGraphs(String)[3600]" classname="io.jbotsim.io.format.graph6.Graph6TopologySerializerTest" time="0.001"/>
  <testcase name="checkDecodeEncodeChangeHeaderGraphs(String)[3601]" classname="io.jbotsim.io.format.graph6.Graph6TopologySerializerTest" time="0.0"/>
  <testcase name="checkDecodeEncodeChangeHeaderGraphs(String)[3602]" classname="io.jbotsim.io.format.graph6.Graph6TopologySerializerTest" time="0.001"/>
  <testcase name="checkDecodeEncodeChangeHeaderGraphs(String)[3603]" classname="io.jbotsim.io.format.graph6.Graph6TopologySerializerTest" time="0.0"/>
  <testcase name="checkDecodeEncodeChangeHeaderGraphs(String)[3604]" classname="io.jbotsim.io.format.graph6.Graph6TopologySerializerTest" time="0.0"/>
  <testcase name="checkDecodeEncodeChangeHeaderGraphs(String)[3605]" classname="io.jbotsim.io.format.graph6.Graph6TopologySerializerTest" time="0.0"/>
  <testcase name="checkDecodeEncodeChangeHeaderGraphs(String)[3606]" classname="io.jbotsim.io.format.graph6.Graph6TopologySerializerTest" time="0.0"/>
  <testcase name="checkDecodeEncodeChangeHeaderGraphs(String)[3607]" classname="io.jbotsim.io.format.graph6.Graph6TopologySerializerTest" time="0.002"/>
  <testcase name="checkDecodeEncodeChangeHeaderGraphs(String)[3608]" classname="io.jbotsim.io.format.graph6.Graph6TopologySerializerTest" time="0.0"/>
  <testcase name="checkDecodeEncodeChangeHeaderGraphs(String)[3609]" classname="io.jbotsim.io.format.graph6.Graph6TopologySerializerTest" time="0.0"/>
  <testcase name="checkDecodeEncodeChangeHeaderGraphs(String)[3610]" classname="io.jbotsim.io.format.graph6.Graph6TopologySerializerTest" time="0.001"/>
  <testcase name="checkDecodeEncodeChangeHeaderGraphs(String)[3611]" classname="io.jbotsim.io.format.graph6.Graph6TopologySerializerTest" time="0.001"/>
  <testcase name="checkDecodeEncodeChangeHeaderGraphs(String)[3612]" classname="io.jbotsim.io.format.graph6.Graph6TopologySerializerTest" time="0.001"/>
  <testcase name="checkDecodeEncodeChangeHeaderGraphs(String)[3613]" classname="io.jbotsim.io.format.graph6.Graph6TopologySerializerTest" time="0.001"/>
  <testcase name="checkDecodeEncodeChangeHeaderGraphs(String)[3614]" classname="io.jbotsim.io.format.graph6.Graph6TopologySerializerTest" time="0.0"/>
  <testcase name="checkDecodeEncodeChangeHeaderGraphs(String)[3615]" classname="io.jbotsim.io.format.graph6.Graph6TopologySerializerTest" time="0.001"/>
  <testcase name="checkDecodeEncodeChangeHeaderGraphs(String)[3616]" classname="io.jbotsim.io.format.graph6.Graph6TopologySerializerTest" time="0.0"/>
  <testcase name="checkDecodeEncodeChangeHeaderGraphs(String)[3617]" classname="io.jbotsim.io.format.graph6.Graph6TopologySerializerTest" time="0.001"/>
  <testcase name="checkDecodeEncodeChangeHeaderGraphs(String)[3618]" classname="io.jbotsim.io.format.graph6.Graph6TopologySerializerTest" time="0.0"/>
  <testcase name="checkDecodeEncodeChangeHeaderGraphs(String)[3619]" classname="io.jbotsim.io.format.graph6.Graph6TopologySerializerTest" time="0.003"/>
  <testcase name="checkDecodeEncodeChangeHeaderGraphs(String)[3620]" classname="io.jbotsim.io.format.graph6.Graph6TopologySerializerTest" time="0.001"/>
  <testcase name="checkDecodeEncodeChangeHeaderGraphs(String)[3621]" classname="io.jbotsim.io.format.graph6.Graph6TopologySerializerTest" time="0.0"/>
  <testcase name="checkDecodeEncodeChangeHeaderGraphs(String)[3622]" classname="io.jbotsim.io.format.graph6.Graph6TopologySerializerTest" time="0.001"/>
  <testcase name="checkDecodeEncodeChangeHeaderGraphs(String)[3623]" classname="io.jbotsim.io.format.graph6.Graph6TopologySerializerTest" time="0.0"/>
  <testcase name="checkDecodeEncodeChangeHeaderGraphs(String)[3624]" classname="io.jbotsim.io.format.graph6.Graph6TopologySerializerTest" time="0.0"/>
  <testcase name="checkDecodeEncodeChangeHeaderGraphs(String)[3625]" classname="io.jbotsim.io.format.graph6.Graph6TopologySerializerTest" time="0.0"/>
  <testcase name="checkDecodeEncodeChangeHeaderGraphs(String)[3626]" classname="io.jbotsim.io.format.graph6.Graph6TopologySerializerTest" time="0.001"/>
  <testcase name="checkDecodeEncodeChangeHeaderGraphs(String)[3627]" classname="io.jbotsim.io.format.graph6.Graph6TopologySerializerTest" time="0.001"/>
  <testcase name="checkDecodeEncodeChangeHeaderGraphs(String)[3628]" classname="io.jbotsim.io.format.graph6.Graph6TopologySerializerTest" time="0.0"/>
  <testcase name="checkDecodeEncodeChangeHeaderGraphs(String)[3629]" classname="io.jbotsim.io.format.graph6.Graph6TopologySerializerTest" time="0.001"/>
  <testcase name="checkDecodeEncodeChangeHeaderGraphs(String)[3630]" classname="io.jbotsim.io.format.graph6.Graph6TopologySerializerTest" time="0.0"/>
  <testcase name="checkDecodeEncodeChangeHeaderGraphs(String)[3631]" classname="io.jbotsim.io.format.graph6.Graph6TopologySerializerTest" time="0.001"/>
  <testcase name="checkDecodeEncodeChangeHeaderGraphs(String)[3632]" classname="io.jbotsim.io.format.graph6.Graph6TopologySerializerTest" time="0.0"/>
  <testcase name="checkDecodeEncodeChangeHeaderGraphs(String)[3633]" classname="io.jbotsim.io.format.graph6.Graph6TopologySerializerTest" time="0.003"/>
  <testcase name="checkDecodeEncodeChangeHeaderGraphs(String)[3634]" classname="io.jbotsim.io.format.graph6.Graph6TopologySerializerTest" time="0.0"/>
  <testcase name="checkDecodeEncodeChangeHeaderGraphs(String)[3635]" classname="io.jbotsim.io.format.graph6.Graph6TopologySerializerTest" time="0.0"/>
  <testcase name="checkDecodeEncodeChangeHeaderGraphs(String)[3636]" classname="io.jbotsim.io.format.graph6.Graph6TopologySerializerTest" time="0.0"/>
  <testcase name="checkDecodeEncodeChangeHeaderGraphs(String)[3637]" classname="io.jbotsim.io.format.graph6.Graph6TopologySerializerTest" time="0.0"/>
  <testcase name="checkDecodeEncodeChangeHeaderGraphs(String)[3638]" classname="io.jbotsim.io.format.graph6.Graph6TopologySerializerTest" time="0.001"/>
  <testcase name="checkDecodeEncodeChangeHeaderGraphs(String)[3639]" classname="io.jbotsim.io.format.graph6.Graph6TopologySerializerTest" time="0.0"/>
  <testcase name="checkDecodeEncodeChangeHeaderGraphs(String)[3640]" classname="io.jbotsim.io.format.graph6.Graph6TopologySerializerTest" time="0.001"/>
  <testcase name="checkDecodeEncodeChangeHeaderGraphs(String)[3641]" classname="io.jbotsim.io.format.graph6.Graph6TopologySerializerTest" time="0.0"/>
  <testcase name="checkDecodeEncodeChangeHeaderGraphs(String)[3642]" classname="io.jbotsim.io.format.graph6.Graph6TopologySerializerTest" time="0.0"/>
  <testcase name="checkDecodeEncodeChangeHeaderGraphs(String)[3643]" classname="io.jbotsim.io.format.graph6.Graph6TopologySerializerTest" time="0.0"/>
  <testcase name="checkDecodeEncodeChangeHeaderGraphs(String)[3644]" classname="io.jbotsim.io.format.graph6.Graph6TopologySerializerTest" time="0.004"/>
  <testcase name="checkDecodeEncodeChangeHeaderGraphs(String)[3645]" classname="io.jbotsim.io.format.graph6.Graph6TopologySerializerTest" time="0.0"/>
  <testcase name="checkDecodeEncodeChangeHeaderGraphs(String)[3646]" classname="io.jbotsim.io.format.graph6.Graph6TopologySerializerTest" time="0.0"/>
  <testcase name="checkDecodeEncodeChangeHeaderGraphs(String)[3647]" classname="io.jbotsim.io.format.graph6.Graph6TopologySerializerTest" time="0.0"/>
  <testcase name="checkDecodeEncodeChangeHeaderGraphs(String)[3648]" classname="io.jbotsim.io.format.graph6.Graph6TopologySerializerTest" time="0.001"/>
  <testcase name="checkDecodeEncodeChangeHeaderGraphs(String)[3649]" classname="io.jbotsim.io.format.graph6.Graph6TopologySerializerTest" time="0.0"/>
  <testcase name="checkDecodeEncodeChangeHeaderGraphs(String)[3650]" classname="io.jbotsim.io.format.graph6.Graph6TopologySerializerTest" time="0.001"/>
  <testcase name="checkDecodeEncodeChangeHeaderGraphs(String)[3651]" classname="io.jbotsim.io.format.graph6.Graph6TopologySerializerTest" time="0.0"/>
  <testcase name="checkDecodeEncodeChangeHeaderGraphs(String)[3652]" classname="io.jbotsim.io.format.graph6.Graph6TopologySerializerTest" time="0.001"/>
  <testcase name="checkDecodeEncodeChangeHeaderGraphs(String)[3653]" classname="io.jbotsim.io.format.graph6.Graph6TopologySerializerTest" time="0.0"/>
  <testcase name="checkDecodeEncodeChangeHeaderGraphs(String)[3654]" classname="io.jbotsim.io.format.graph6.Graph6TopologySerializerTest" time="0.0"/>
  <testcase name="checkDecodeEncodeChangeHeaderGraphs(String)[3655]" classname="io.jbotsim.io.format.graph6.Graph6TopologySerializerTest" time="0.003"/>
  <testcase name="checkDecodeEncodeChangeHeaderGraphs(String)[3656]" classname="io.jbotsim.io.format.graph6.Graph6TopologySerializerTest" time="0.0"/>
  <testcase name="checkDecodeEncodeChangeHeaderGraphs(String)[3657]" classname="io.jbotsim.io.format.graph6.Graph6TopologySerializerTest" time="0.0"/>
  <testcase name="checkDecodeEncodeChangeHeaderGraphs(String)[3658]" classname="io.jbotsim.io.format.graph6.Graph6TopologySerializerTest" time="0.0"/>
  <testcase name="checkDecodeEncodeChangeHeaderGraphs(String)[3659]" classname="io.jbotsim.io.format.graph6.Graph6TopologySerializerTest" time="0.001"/>
  <testcase name="checkDecodeEncodeChangeHeaderGraphs(String)[3660]" classname="io.jbotsim.io.format.graph6.Graph6TopologySerializerTest" time="0.0"/>
  <testcase name="checkDecodeEncodeChangeHeaderGraphs(String)[3661]" classname="io.jbotsim.io.format.graph6.Graph6TopologySerializerTest" time="0.0"/>
  <testcase name="checkDecodeEncodeChangeHeaderGraphs(String)[3662]" classname="io.jbotsim.io.format.graph6.Graph6TopologySerializerTest" time="0.0"/>
  <testcase name="checkDecodeEncodeChangeHeaderGraphs(String)[3663]" classname="io.jbotsim.io.format.graph6.Graph6TopologySerializerTest" time="0.0"/>
  <testcase name="checkDecodeEncodeChangeHeaderGraphs(String)[3664]" classname="io.jbotsim.io.format.graph6.Graph6TopologySerializerTest" time="0.001"/>
  <testcase name="checkDecodeEncodeChangeHeaderGraphs(String)[3665]" classname="io.jbotsim.io.format.graph6.Graph6TopologySerializerTest" time="0.0"/>
  <testcase name="checkDecodeEncodeChangeHeaderGraphs(String)[3666]" classname="io.jbotsim.io.format.graph6.Graph6TopologySerializerTest" time="0.0"/>
  <testcase name="checkDecodeEncodeChangeHeaderGraphs(String)[3667]" classname="io.jbotsim.io.format.graph6.Graph6TopologySerializerTest" time="0.002"/>
  <testcase name="checkDecodeEncodeChangeHeaderGraphs(String)[3668]" classname="io.jbotsim.io.format.graph6.Graph6TopologySerializerTest" time="0.0"/>
  <testcase name="checkDecodeEncodeChangeHeaderGraphs(String)[3669]" classname="io.jbotsim.io.format.graph6.Graph6TopologySerializerTest" time="0.001"/>
  <testcase name="checkDecodeEncodeChangeHeaderGraphs(String)[3670]" classname="io.jbotsim.io.format.graph6.Graph6TopologySerializerTest" time="0.001"/>
  <testcase name="checkDecodeEncodeChangeHeaderGraphs(String)[3671]" classname="io.jbotsim.io.format.graph6.Graph6TopologySerializerTest" time="0.001"/>
  <testcase name="checkDecodeEncodeChangeHeaderGraphs(String)[3672]" classname="io.jbotsim.io.format.graph6.Graph6TopologySerializerTest" time="0.001"/>
  <testcase name="checkDecodeEncodeChangeHeaderGraphs(String)[3673]" classname="io.jbotsim.io.format.graph6.Graph6TopologySerializerTest" time="0.004"/>
  <testcase name="checkDecodeEncodeChangeHeaderGraphs(String)[3674]" classname="io.jbotsim.io.format.graph6.Graph6TopologySerializerTest" time="0.0"/>
  <testcase name="checkDecodeEncodeChangeHeaderGraphs(String)[3675]" classname="io.jbotsim.io.format.graph6.Graph6TopologySerializerTest" time="0.001"/>
  <testcase name="checkDecodeEncodeChangeHeaderGraphs(String)[3676]" classname="io.jbotsim.io.format.graph6.Graph6TopologySerializerTest" time="0.0"/>
  <testcase name="checkDecodeEncodeChangeHeaderGraphs(String)[3677]" classname="io.jbotsim.io.format.graph6.Graph6TopologySerializerTest" time="0.0"/>
  <testcase name="checkDecodeEncodeChangeHeaderGraphs(String)[3678]" classname="io.jbotsim.io.format.graph6.Graph6TopologySerializerTest" time="0.0"/>
  <testcase name="checkDecodeEncodeChangeHeaderGraphs(String)[3679]" classname="io.jbotsim.io.format.graph6.Graph6TopologySerializerTest" time="0.0"/>
  <testcase name="checkDecodeEncodeChangeHeaderGraphs(String)[3680]" classname="io.jbotsim.io.format.graph6.Graph6TopologySerializerTest" time="0.001"/>
  <testcase name="checkDecodeEncodeChangeHeaderGraphs(String)[3681]" classname="io.jbotsim.io.format.graph6.Graph6TopologySerializerTest" time="0.0"/>
  <testcase name="checkDecodeEncodeChangeHeaderGraphs(String)[3682]" classname="io.jbotsim.io.format.graph6.Graph6TopologySerializerTest" time="0.001"/>
  <testcase name="checkDecodeEncodeChangeHeaderGraphs(String)[3683]" classname="io.jbotsim.io.format.graph6.Graph6TopologySerializerTest" time="0.0"/>
  <testcase name="checkDecodeEncodeChangeHeaderGraphs(String)[3684]" classname="io.jbotsim.io.format.graph6.Graph6TopologySerializerTest" time="0.001"/>
  <testcase name="checkDecodeEncodeChangeHeaderGraphs(String)[3685]" classname="io.jbotsim.io.format.graph6.Graph6TopologySerializerTest" time="0.0"/>
  <testcase name="checkDecodeEncodeChangeHeaderGraphs(String)[3686]" classname="io.jbotsim.io.format.graph6.Graph6TopologySerializerTest" time="0.0"/>
  <testcase name="checkDecodeEncodeChangeHeaderGraphs(String)[3687]" classname="io.jbotsim.io.format.graph6.Graph6TopologySerializerTest" time="0.001"/>
  <testcase name="checkDecodeEncodeChangeHeaderGraphs(String)[3688]" classname="io.jbotsim.io.format.graph6.Graph6TopologySerializerTest" time="0.0"/>
  <testcase name="checkDecodeEncodeChangeHeaderGraphs(String)[3689]" classname="io.jbotsim.io.format.graph6.Graph6TopologySerializerTest" time="0.0"/>
  <testcase name="checkDecodeEncodeChangeHeaderGraphs(String)[3690]" classname="io.jbotsim.io.format.graph6.Graph6TopologySerializerTest" time="0.0"/>
  <testcase name="checkDecodeEncodeChangeHeaderGraphs(String)[3691]" classname="io.jbotsim.io.format.graph6.Graph6TopologySerializerTest" time="0.001"/>
  <testcase name="checkDecodeEncodeChangeHeaderGraphs(String)[3692]" classname="io.jbotsim.io.format.graph6.Graph6TopologySerializerTest" time="0.0"/>
  <testcase name="checkDecodeEncodeChangeHeaderGraphs(String)[3693]" classname="io.jbotsim.io.format.graph6.Graph6TopologySerializerTest" time="0.0"/>
  <testcase name="checkDecodeEncodeChangeHeaderGraphs(String)[3694]" classname="io.jbotsim.io.format.graph6.Graph6TopologySerializerTest" time="0.0"/>
  <testcase name="checkDecodeEncodeChangeHeaderGraphs(String)[3695]" classname="io.jbotsim.io.format.graph6.Graph6TopologySerializerTest" time="0.001"/>
  <testcase name="checkDecodeEncodeChangeHeaderGraphs(String)[3696]" classname="io.jbotsim.io.format.graph6.Graph6TopologySerializerTest" time="0.001"/>
  <testcase name="checkDecodeEncodeChangeHeaderGraphs(String)[3697]" classname="io.jbotsim.io.format.graph6.Graph6TopologySerializerTest" time="0.0"/>
  <testcase name="checkDecodeEncodeChangeHeaderGraphs(String)[3698]" classname="io.jbotsim.io.format.graph6.Graph6TopologySerializerTest" time="0.001"/>
  <testcase name="checkDecodeEncodeChangeHeaderGraphs(String)[3699]" classname="io.jbotsim.io.format.graph6.Graph6TopologySerializerTest" time="0.001"/>
  <testcase name="checkDecodeEncodeChangeHeaderGraphs(String)[3700]" classname="io.jbotsim.io.format.graph6.Graph6TopologySerializerTest" time="0.0"/>
  <testcase name="checkDecodeEncodeChangeHeaderGraphs(String)[3701]" classname="io.jbotsim.io.format.graph6.Graph6TopologySerializerTest" time="0.001"/>
  <testcase name="checkDecodeEncodeChangeHeaderGraphs(String)[3702]" classname="io.jbotsim.io.format.graph6.Graph6TopologySerializerTest" time="0.002"/>
  <testcase name="checkDecodeEncodeChangeHeaderGraphs(String)[3703]" classname="io.jbotsim.io.format.graph6.Graph6TopologySerializerTest" time="0.0"/>
  <testcase name="checkDecodeEncodeChangeHeaderGraphs(String)[3704]" classname="io.jbotsim.io.format.graph6.Graph6TopologySerializerTest" time="0.0"/>
  <testcase name="checkDecodeEncodeChangeHeaderGraphs(String)[3705]" classname="io.jbotsim.io.format.graph6.Graph6TopologySerializerTest" time="0.0"/>
  <testcase name="checkDecodeEncodeChangeHeaderGraphs(String)[3706]" classname="io.jbotsim.io.format.graph6.Graph6TopologySerializerTest" time="0.0"/>
  <testcase name="checkDecodeEncodeChangeHeaderGraphs(String)[3707]" classname="io.jbotsim.io.format.graph6.Graph6TopologySerializerTest" time="0.001"/>
  <testcase name="checkDecodeEncodeChangeHeaderGraphs(String)[3708]" classname="io.jbotsim.io.format.graph6.Graph6TopologySerializerTest" time="0.0"/>
  <testcase name="checkDecodeEncodeChangeHeaderGraphs(String)[3709]" classname="io.jbotsim.io.format.graph6.Graph6TopologySerializerTest" time="0.001"/>
  <testcase name="checkDecodeEncodeChangeHeaderGraphs(String)[3710]" classname="io.jbotsim.io.format.graph6.Graph6TopologySerializerTest" time="0.0"/>
  <testcase name="checkDecodeEncodeChangeHeaderGraphs(String)[3711]" classname="io.jbotsim.io.format.graph6.Graph6TopologySerializerTest" time="0.002"/>
  <testcase name="checkDecodeEncodeChangeHeaderGraphs(String)[3712]" classname="io.jbotsim.io.format.graph6.Graph6TopologySerializerTest" time="0.0"/>
  <testcase name="checkDecodeEncodeChangeHeaderGraphs(String)[3713]" classname="io.jbotsim.io.format.graph6.Graph6TopologySerializerTest" time="0.0"/>
  <testcase name="checkDecodeEncodeChangeHeaderGraphs(String)[3714]" classname="io.jbotsim.io.format.graph6.Graph6TopologySerializerTest" time="0.0"/>
  <testcase name="checkDecodeEncodeChangeHeaderGraphs(String)[3715]" classname="io.jbotsim.io.format.graph6.Graph6TopologySerializerTest" time="0.0"/>
  <testcase name="checkDecodeEncodeChangeHeaderGraphs(String)[3716]" classname="io.jbotsim.io.format.graph6.Graph6TopologySerializerTest" time="0.0"/>
  <testcase name="checkDecodeEncodeChangeHeaderGraphs(String)[3717]" classname="io.jbotsim.io.format.graph6.Graph6TopologySerializerTest" time="0.0"/>
  <testcase name="checkDecodeEncodeChangeHeaderGraphs(String)[3718]" classname="io.jbotsim.io.format.graph6.Graph6TopologySerializerTest" time="0.0"/>
  <testcase name="checkDecodeEncodeChangeHeaderGraphs(String)[3719]" classname="io.jbotsim.io.format.graph6.Graph6TopologySerializerTest" time="0.001"/>
  <testcase name="checkDecodeEncodeChangeHeaderGraphs(String)[3720]" classname="io.jbotsim.io.format.graph6.Graph6TopologySerializerTest" time="0.001"/>
  <testcase name="checkDecodeEncodeChangeHeaderGraphs(String)[3721]" classname="io.jbotsim.io.format.graph6.Graph6TopologySerializerTest" time="0.0"/>
  <testcase name="checkDecodeEncodeChangeHeaderGraphs(String)[3722]" classname="io.jbotsim.io.format.graph6.Graph6TopologySerializerTest" time="0.001"/>
  <testcase name="checkDecodeEncodeChangeHeaderGraphs(String)[3723]" classname="io.jbotsim.io.format.graph6.Graph6TopologySerializerTest" time="0.001"/>
  <testcase name="checkDecodeEncodeChangeHeaderGraphs(String)[3724]" classname="io.jbotsim.io.format.graph6.Graph6TopologySerializerTest" time="0.001"/>
  <testcase name="checkDecodeEncodeChangeHeaderGraphs(String)[3725]" classname="io.jbotsim.io.format.graph6.Graph6TopologySerializerTest" time="0.0"/>
  <testcase name="checkDecodeEncodeChangeHeaderGraphs(String)[3726]" classname="io.jbotsim.io.format.graph6.Graph6TopologySerializerTest" time="0.0"/>
  <testcase name="checkDecodeEncodeChangeHeaderGraphs(String)[3727]" classname="io.jbotsim.io.format.graph6.Graph6TopologySerializerTest" time="0.0"/>
  <testcase name="checkDecodeEncodeChangeHeaderGraphs(String)[3728]" classname="io.jbotsim.io.format.graph6.Graph6TopologySerializerTest" time="0.001"/>
  <testcase name="checkDecodeEncodeChangeHeaderGraphs(String)[3729]" classname="io.jbotsim.io.format.graph6.Graph6TopologySerializerTest" time="0.001"/>
  <testcase name="checkDecodeEncodeChangeHeaderGraphs(String)[3730]" classname="io.jbotsim.io.format.graph6.Graph6TopologySerializerTest" time="0.0"/>
  <testcase name="checkDecodeEncodeChangeHeaderGraphs(String)[3731]" classname="io.jbotsim.io.format.graph6.Graph6TopologySerializerTest" time="0.0"/>
  <testcase name="checkDecodeEncodeChangeHeaderGraphs(String)[3732]" classname="io.jbotsim.io.format.graph6.Graph6TopologySerializerTest" time="0.0"/>
  <testcase name="checkDecodeEncodeChangeHeaderGraphs(String)[3733]" classname="io.jbotsim.io.format.graph6.Graph6TopologySerializerTest" time="0.001"/>
  <testcase name="checkDecodeEncodeChangeHeaderGraphs(String)[3734]" classname="io.jbotsim.io.format.graph6.Graph6TopologySerializerTest" time="0.0"/>
  <testcase name="checkDecodeEncodeChangeHeaderGraphs(String)[3735]" classname="io.jbotsim.io.format.graph6.Graph6TopologySerializerTest" time="0.001"/>
  <testcase name="checkDecodeEncodeChangeHeaderGraphs(String)[3736]" classname="io.jbotsim.io.format.graph6.Graph6TopologySerializerTest" time="0.0"/>
  <testcase name="checkDecodeEncodeChangeHeaderGraphs(String)[3737]" classname="io.jbotsim.io.format.graph6.Graph6TopologySerializerTest" time="0.0"/>
  <testcase name="checkDecodeEncodeChangeHeaderGraphs(String)[3738]" classname="io.jbotsim.io.format.graph6.Graph6TopologySerializerTest" time="0.0"/>
  <testcase name="checkDecodeEncodeChangeHeaderGraphs(String)[3739]" classname="io.jbotsim.io.format.graph6.Graph6TopologySerializerTest" time="0.0"/>
  <testcase name="checkDecodeEncodeChangeHeaderGraphs(String)[3740]" classname="io.jbotsim.io.format.graph6.Graph6TopologySerializerTest" time="0.0"/>
  <testcase name="checkDecodeEncodeChangeHeaderGraphs(String)[3741]" classname="io.jbotsim.io.format.graph6.Graph6TopologySerializerTest" time="0.001"/>
  <testcase name="checkDecodeEncodeChangeHeaderGraphs(String)[3742]" classname="io.jbotsim.io.format.graph6.Graph6TopologySerializerTest" time="0.0"/>
  <testcase name="checkDecodeEncodeChangeHeaderGraphs(String)[3743]" classname="io.jbotsim.io.format.graph6.Graph6TopologySerializerTest" time="0.001"/>
  <testcase name="checkDecodeEncodeChangeHeaderGraphs(String)[3744]" classname="io.jbotsim.io.format.graph6.Graph6TopologySerializerTest" time="0.003"/>
  <testcase name="checkDecodeEncodeChangeHeaderGraphs(String)[3745]" classname="io.jbotsim.io.format.graph6.Graph6TopologySerializerTest" time="0.001"/>
  <testcase name="checkDecodeEncodeChangeHeaderGraphs(String)[3746]" classname="io.jbotsim.io.format.graph6.Graph6TopologySerializerTest" time="0.002"/>
  <testcase name="checkDecodeEncodeChangeHeaderGraphs(String)[3747]" classname="io.jbotsim.io.format.graph6.Graph6TopologySerializerTest" time="0.006"/>
  <testcase name="checkDecodeEncodeChangeHeaderGraphs(String)[3748]" classname="io.jbotsim.io.format.graph6.Graph6TopologySerializerTest" time="0.002"/>
  <testcase name="checkDecodeEncodeChangeHeaderGraphs(String)[3749]" classname="io.jbotsim.io.format.graph6.Graph6TopologySerializerTest" time="0.002"/>
  <testcase name="checkDecodeEncodeChangeHeaderGraphs(String)[3750]" classname="io.jbotsim.io.format.graph6.Graph6TopologySerializerTest" time="0.001"/>
  <testcase name="checkDecodeEncodeChangeHeaderGraphs(String)[3751]" classname="io.jbotsim.io.format.graph6.Graph6TopologySerializerTest" time="0.002"/>
  <testcase name="checkDecodeEncodeChangeHeaderGraphs(String)[3752]" classname="io.jbotsim.io.format.graph6.Graph6TopologySerializerTest" time="0.004"/>
  <testcase name="checkDecodeEncodeChangeHeaderGraphs(String)[3753]" classname="io.jbotsim.io.format.graph6.Graph6TopologySerializerTest" time="0.001"/>
  <testcase name="checkDecodeEncodeChangeHeaderGraphs(String)[3754]" classname="io.jbotsim.io.format.graph6.Graph6TopologySerializerTest" time="0.004"/>
  <testcase name="checkDecodeEncodeChangeHeaderGraphs(String)[3755]" classname="io.jbotsim.io.format.graph6.Graph6TopologySerializerTest" time="0.001"/>
  <testcase name="checkDecodeEncodeChangeHeaderGraphs(String)[3756]" classname="io.jbotsim.io.format.graph6.Graph6TopologySerializerTest" time="0.003"/>
  <testcase name="checkDecodeEncodeChangeHeaderGraphs(String)[3757]" classname="io.jbotsim.io.format.graph6.Graph6TopologySerializerTest" time="0.001"/>
  <testcase name="checkDecodeEncodeChangeHeaderGraphs(String)[3758]" classname="io.jbotsim.io.format.graph6.Graph6TopologySerializerTest" time="0.002"/>
  <testcase name="checkDecodeEncodeChangeHeaderGraphs(String)[3759]" classname="io.jbotsim.io.format.graph6.Graph6TopologySerializerTest" time="0.002"/>
  <testcase name="checkDecodeEncodeChangeHeaderGraphs(String)[3760]" classname="io.jbotsim.io.format.graph6.Graph6TopologySerializerTest" time="0.001"/>
  <testcase name="checkDecodeEncodeChangeHeaderGraphs(String)[3761]" classname="io.jbotsim.io.format.graph6.Graph6TopologySerializerTest" time="0.002"/>
  <testcase name="checkDecodeEncodeChangeHeaderGraphs(String)[3762]" classname="io.jbotsim.io.format.graph6.Graph6TopologySerializerTest" time="0.002"/>
  <testcase name="checkDecodeEncodeChangeHeaderGraphs(String)[3763]" classname="io.jbotsim.io.format.graph6.Graph6TopologySerializerTest" time="0.001"/>
  <testcase name="checkDecodeEncodeChangeHeaderGraphs(String)[3764]" classname="io.jbotsim.io.format.graph6.Graph6TopologySerializerTest" time="0.001"/>
  <testcase name="checkDecodeEncodeChangeHeaderGraphs(String)[3765]" classname="io.jbotsim.io.format.graph6.Graph6TopologySerializerTest" time="0.003"/>
  <testcase name="checkDecodeEncodeChangeHeaderGraphs(String)[3766]" classname="io.jbotsim.io.format.graph6.Graph6TopologySerializerTest" time="0.005"/>
  <testcase name="checkDecodeEncodeChangeHeaderGraphs(String)[3767]" classname="io.jbotsim.io.format.graph6.Graph6TopologySerializerTest" time="0.001"/>
  <testcase name="checkDecodeEncodeChangeHeaderGraphs(String)[3768]" classname="io.jbotsim.io.format.graph6.Graph6TopologySerializerTest" time="0.002"/>
  <testcase name="checkDecodeEncodeChangeHeaderGraphs(String)[3769]" classname="io.jbotsim.io.format.graph6.Graph6TopologySerializerTest" time="0.005"/>
  <testcase name="checkDecodeEncodeChangeHeaderGraphs(String)[3770]" classname="io.jbotsim.io.format.graph6.Graph6TopologySerializerTest" time="0.001"/>
  <testcase name="checkDecodeEncodeChangeHeaderGraphs(String)[3771]" classname="io.jbotsim.io.format.graph6.Graph6TopologySerializerTest" time="0.004"/>
  <testcase name="checkDecodeEncodeChangeHeaderGraphs(String)[3772]" classname="io.jbotsim.io.format.graph6.Graph6TopologySerializerTest" time="0.001"/>
  <testcase name="checkDecodeEncodeChangeHeaderGraphs(String)[3773]" classname="io.jbotsim.io.format.graph6.Graph6TopologySerializerTest" time="0.001"/>
  <testcase name="checkDecodeEncodeChangeHeaderGraphs(String)[3774]" classname="io.jbotsim.io.format.graph6.Graph6TopologySerializerTest" time="0.003"/>
  <testcase name="checkDecodeEncodeChangeHeaderGraphs(String)[3775]" classname="io.jbotsim.io.format.graph6.Graph6TopologySerializerTest" time="0.001"/>
  <testcase name="checkDecodeEncodeChangeHeaderGraphs(String)[3776]" classname="io.jbotsim.io.format.graph6.Graph6TopologySerializerTest" time="0.001"/>
  <testcase name="checkDecodeEncodeChangeHeaderGraphs(String)[3777]" classname="io.jbotsim.io.format.graph6.Graph6TopologySerializerTest" time="0.001"/>
  <testcase name="checkDecodeEncodeChangeHeaderGraphs(String)[3778]" classname="io.jbotsim.io.format.graph6.Graph6TopologySerializerTest" time="0.001"/>
  <testcase name="checkDecodeEncodeChangeHeaderGraphs(String)[3779]" classname="io.jbotsim.io.format.graph6.Graph6TopologySerializerTest" time="0.001"/>
  <testcase name="checkDecodeEncodeChangeHeaderGraphs(String)[3780]" classname="io.jbotsim.io.format.graph6.Graph6TopologySerializerTest" time="0.002"/>
  <testcase name="checkDecodeEncodeChangeHeaderGraphs(String)[3781]" classname="io.jbotsim.io.format.graph6.Graph6TopologySerializerTest" time="0.002"/>
  <testcase name="checkDecodeEncodeChangeHeaderGraphs(String)[3782]" classname="io.jbotsim.io.format.graph6.Graph6TopologySerializerTest" time="0.001"/>
  <testcase name="checkDecodeEncodeChangeHeaderGraphs(String)[3783]" classname="io.jbotsim.io.format.graph6.Graph6TopologySerializerTest" time="0.001"/>
  <testcase name="checkDecodeEncodeChangeHeaderGraphs(String)[3784]" classname="io.jbotsim.io.format.graph6.Graph6TopologySerializerTest" time="0.005"/>
  <testcase name="checkDecodeEncodeChangeHeaderGraphs(String)[3785]" classname="io.jbotsim.io.format.graph6.Graph6TopologySerializerTest" time="0.001"/>
  <testcase name="checkDecodeEncodeChangeHeaderGraphs(String)[3786]" classname="io.jbotsim.io.format.graph6.Graph6TopologySerializerTest" time="0.003"/>
  <testcase name="checkDecodeEncodeChangeHeaderGraphs(String)[3787]" classname="io.jbotsim.io.format.graph6.Graph6TopologySerializerTest" time="0.001"/>
  <testcase name="checkDecodeEncodeChangeHeaderGraphs(String)[3788]" classname="io.jbotsim.io.format.graph6.Graph6TopologySerializerTest" time="0.002"/>
  <testcase name="checkDecodeEncodeChangeHeaderGraphs(String)[3789]" classname="io.jbotsim.io.format.graph6.Graph6TopologySerializerTest" time="0.0"/>
  <testcase name="checkDecodeEncodeChangeHeaderGraphs(String)[3790]" classname="io.jbotsim.io.format.graph6.Graph6TopologySerializerTest" time="0.0"/>
  <testcase name="checkDecodeEncodeGraphs(String)[1]" classname="io.jbotsim.io.format.graph6.Graph6TopologySerializerTest" time="0.005"/>
  <testcase name="checkDecodeEncodeGraphs(String)[2]" classname="io.jbotsim.io.format.graph6.Graph6TopologySerializerTest" time="0.0"/>
  <testcase name="checkDecodeEncodeGraphs(String)[3]" classname="io.jbotsim.io.format.graph6.Graph6TopologySerializerTest" time="0.0"/>
  <testcase name="checkDecodeEncodeGraphs(String)[4]" classname="io.jbotsim.io.format.graph6.Graph6TopologySerializerTest" time="0.004"/>
  <testcase name="checkDecodeEncodeGraphs(String)[5]" classname="io.jbotsim.io.format.graph6.Graph6TopologySerializerTest" time="0.001"/>
  <testcase name="checkDecodeEncodeGraphs(String)[6]" classname="io.jbotsim.io.format.graph6.Graph6TopologySerializerTest" time="0.0"/>
  <testcase name="checkDecodeEncodeGraphs(String)[7]" classname="io.jbotsim.io.format.graph6.Graph6TopologySerializerTest" time="0.001"/>
  <testcase name="checkDecodeEncodeGraphs(String)[8]" classname="io.jbotsim.io.format.graph6.Graph6TopologySerializerTest" time="0.0"/>
  <testcase name="checkDecodeEncodeGraphs(String)[9]" classname="io.jbotsim.io.format.graph6.Graph6TopologySerializerTest" time="0.001"/>
  <testcase name="checkDecodeEncodeGraphs(String)[10]" classname="io.jbotsim.io.format.graph6.Graph6TopologySerializerTest" time="0.0"/>
  <testcase name="checkDecodeEncodeGraphs(String)[11]" classname="io.jbotsim.io.format.graph6.Graph6TopologySerializerTest" time="0.001"/>
  <testcase name="checkDecodeEncodeGraphs(String)[12]" classname="io.jbotsim.io.format.graph6.Graph6TopologySerializerTest" time="0.001"/>
  <testcase name="checkDecodeEncodeGraphs(String)[13]" classname="io.jbotsim.io.format.graph6.Graph6TopologySerializerTest" time="0.002"/>
  <testcase name="checkDecodeEncodeGraphs(String)[14]" classname="io.jbotsim.io.format.graph6.Graph6TopologySerializerTest" time="0.0"/>
  <testcase name="checkDecodeEncodeGraphs(String)[15]" classname="io.jbotsim.io.format.graph6.Graph6TopologySerializerTest" time="0.0"/>
  <testcase name="checkDecodeEncodeGraphs(String)[16]" classname="io.jbotsim.io.format.graph6.Graph6TopologySerializerTest" time="0.001"/>
  <testcase name="checkDecodeEncodeGraphs(String)[17]" classname="io.jbotsim.io.format.graph6.Graph6TopologySerializerTest" time="0.001"/>
  <testcase name="checkDecodeEncodeGraphs(String)[18]" classname="io.jbotsim.io.format.graph6.Graph6TopologySerializerTest" time="0.0"/>
  <testcase name="checkDecodeEncodeGraphs(String)[19]" classname="io.jbotsim.io.format.graph6.Graph6TopologySerializerTest" time="0.001"/>
  <testcase name="checkDecodeEncodeGraphs(String)[20]" classname="io.jbotsim.io.format.graph6.Graph6TopologySerializerTest" time="0.001"/>
  <testcase name="checkDecodeEncodeGraphs(String)[21]" classname="io.jbotsim.io.format.graph6.Graph6TopologySerializerTest" time="0.0"/>
  <testcase name="checkDecodeEncodeGraphs(String)[22]" classname="io.jbotsim.io.format.graph6.Graph6TopologySerializerTest" time="0.0"/>
  <testcase name="checkDecodeEncodeGraphs(String)[23]" classname="io.jbotsim.io.format.graph6.Graph6TopologySerializerTest" time="0.0"/>
  <testcase name="checkDecodeEncodeGraphs(String)[24]" classname="io.jbotsim.io.format.graph6.Graph6TopologySerializerTest" time="0.001"/>
  <testcase name="checkDecodeEncodeGraphs(String)[25]" classname="io.jbotsim.io.format.graph6.Graph6TopologySerializerTest" time="0.0"/>
  <testcase name="checkDecodeEncodeGraphs(String)[26]" classname="io.jbotsim.io.format.graph6.Graph6TopologySerializerTest" time="0.0"/>
  <testcase name="checkDecodeEncodeGraphs(String)[27]" classname="io.jbotsim.io.format.graph6.Graph6TopologySerializerTest" time="0.0"/>
  <testcase name="checkDecodeEncodeGraphs(String)[28]" classname="io.jbotsim.io.format.graph6.Graph6TopologySerializerTest" time="0.0"/>
  <testcase name="checkDecodeEncodeGraphs(String)[29]" classname="io.jbotsim.io.format.graph6.Graph6TopologySerializerTest" time="0.0"/>
  <testcase name="checkDecodeEncodeGraphs(String)[30]" classname="io.jbotsim.io.format.graph6.Graph6TopologySerializerTest" time="0.0"/>
  <testcase name="checkDecodeEncodeGraphs(String)[31]" classname="io.jbotsim.io.format.graph6.Graph6TopologySerializerTest" time="0.0"/>
  <testcase name="checkDecodeEncodeGraphs(String)[32]" classname="io.jbotsim.io.format.graph6.Graph6TopologySerializerTest" time="0.002"/>
  <testcase name="checkDecodeEncodeGraphs(String)[33]" classname="io.jbotsim.io.format.graph6.Graph6TopologySerializerTest" time="0.0"/>
  <testcase name="checkDecodeEncodeGraphs(String)[34]" classname="io.jbotsim.io.format.graph6.Graph6TopologySerializerTest" time="0.0"/>
  <testcase name="checkDecodeEncodeGraphs(String)[35]" classname="io.jbotsim.io.format.graph6.Graph6TopologySerializerTest" time="0.0"/>
  <testcase name="checkDecodeEncodeGraphs(String)[36]" classname="io.jbotsim.io.format.graph6.Graph6TopologySerializerTest" time="0.0"/>
  <testcase name="checkDecodeEncodeGraphs(String)[37]" classname="io.jbotsim.io.format.graph6.Graph6TopologySerializerTest" time="0.004"/>
  <testcase name="checkDecodeEncodeGraphs(String)[38]" classname="io.jbotsim.io.format.graph6.Graph6TopologySerializerTest" time="0.0"/>
  <testcase name="checkDecodeEncodeGraphs(String)[39]" classname="io.jbotsim.io.format.graph6.Graph6TopologySerializerTest" time="0.0"/>
  <testcase name="checkDecodeEncodeGraphs(String)[40]" classname="io.jbotsim.io.format.graph6.Graph6TopologySerializerTest" time="0.0"/>
  <testcase name="checkDecodeEncodeGraphs(String)[41]" classname="io.jbotsim.io.format.graph6.Graph6TopologySerializerTest" time="0.001"/>
  <testcase name="checkDecodeEncodeGraphs(String)[42]" classname="io.jbotsim.io.format.graph6.Graph6TopologySerializerTest" time="0.0"/>
  <testcase name="checkDecodeEncodeGraphs(String)[43]" classname="io.jbotsim.io.format.graph6.Graph6TopologySerializerTest" time="0.001"/>
  <testcase name="checkDecodeEncodeGraphs(String)[44]" classname="io.jbotsim.io.format.graph6.Graph6TopologySerializerTest" time="0.0"/>
  <testcase name="checkDecodeEncodeGraphs(String)[45]" classname="io.jbotsim.io.format.graph6.Graph6TopologySerializerTest" time="0.001"/>
  <testcase name="checkDecodeEncodeGraphs(String)[46]" classname="io.jbotsim.io.format.graph6.Graph6TopologySerializerTest" time="0.001"/>
  <testcase name="checkDecodeEncodeGraphs(String)[47]" classname="io.jbotsim.io.format.graph6.Graph6TopologySerializerTest" time="0.002"/>
  <testcase name="checkDecodeEncodeGraphs(String)[48]" classname="io.jbotsim.io.format.graph6.Graph6TopologySerializerTest" time="0.0"/>
  <testcase name="checkDecodeEncodeGraphs(String)[49]" classname="io.jbotsim.io.format.graph6.Graph6TopologySerializerTest" time="0.001"/>
  <testcase name="checkDecodeEncodeGraphs(String)[50]" classname="io.jbotsim.io.format.graph6.Graph6TopologySerializerTest" time="0.001"/>
  <testcase name="checkDecodeEncodeGraphs(String)[51]" classname="io.jbotsim.io.format.graph6.Graph6TopologySerializerTest" time="0.0"/>
  <testcase name="checkDecodeEncodeGraphs(String)[52]" classname="io.jbotsim.io.format.graph6.Graph6TopologySerializerTest" time="0.0"/>
  <testcase name="checkDecodeEncodeGraphs(String)[53]" classname="io.jbotsim.io.format.graph6.Graph6TopologySerializerTest" time="0.0"/>
  <testcase name="checkDecodeEncodeGraphs(String)[54]" classname="io.jbotsim.io.format.graph6.Graph6TopologySerializerTest" time="0.003"/>
  <testcase name="checkDecodeEncodeGraphs(String)[55]" classname="io.jbotsim.io.format.graph6.Graph6TopologySerializerTest" time="0.0"/>
  <testcase name="checkDecodeEncodeGraphs(String)[56]" classname="io.jbotsim.io.format.graph6.Graph6TopologySerializerTest" time="0.0"/>
  <testcase name="checkDecodeEncodeGraphs(String)[57]" classname="io.jbotsim.io.format.graph6.Graph6TopologySerializerTest" time="0.001"/>
  <testcase name="checkDecodeEncodeGraphs(String)[58]" classname="io.jbotsim.io.format.graph6.Graph6TopologySerializerTest" time="0.0"/>
  <testcase name="checkDecodeEncodeGraphs(String)[59]" classname="io.jbotsim.io.format.graph6.Graph6TopologySerializerTest" time="0.002"/>
  <testcase name="checkDecodeEncodeGraphs(String)[60]" classname="io.jbotsim.io.format.graph6.Graph6TopologySerializerTest" time="0.001"/>
  <testcase name="checkDecodeEncodeGraphs(String)[61]" classname="io.jbotsim.io.format.graph6.Graph6TopologySerializerTest" time="0.0"/>
  <testcase name="checkDecodeEncodeGraphs(String)[62]" classname="io.jbotsim.io.format.graph6.Graph6TopologySerializerTest" time="0.0"/>
  <testcase name="checkDecodeEncodeGraphs(String)[63]" classname="io.jbotsim.io.format.graph6.Graph6TopologySerializerTest" time="0.001"/>
  <testcase name="checkDecodeEncodeGraphs(String)[64]" classname="io.jbotsim.io.format.graph6.Graph6TopologySerializerTest" time="0.0"/>
  <testcase name="checkDecodeEncodeGraphs(String)[65]" classname="io.jbotsim.io.format.graph6.Graph6TopologySerializerTest" time="0.001"/>
  <testcase name="checkDecodeEncodeGraphs(String)[66]" classname="io.jbotsim.io.format.graph6.Graph6TopologySerializerTest" time="0.003"/>
  <testcase name="checkDecodeEncodeGraphs(String)[67]" classname="io.jbotsim.io.format.graph6.Graph6TopologySerializerTest" time="0.0"/>
  <testcase name="checkDecodeEncodeGraphs(String)[68]" classname="io.jbotsim.io.format.graph6.Graph6TopologySerializerTest" time="0.001"/>
  <testcase name="checkDecodeEncodeGraphs(String)[69]" classname="io.jbotsim.io.format.graph6.Graph6TopologySerializerTest" time="0.0"/>
  <testcase name="checkDecodeEncodeGraphs(String)[70]" classname="io.jbotsim.io.format.graph6.Graph6TopologySerializerTest" time="0.001"/>
  <testcase name="checkDecodeEncodeGraphs(String)[71]" classname="io.jbotsim.io.format.graph6.Graph6TopologySerializerTest" time="0.0"/>
  <testcase name="checkDecodeEncodeGraphs(String)[72]" classname="io.jbotsim.io.format.graph6.Graph6TopologySerializerTest" time="0.003"/>
  <testcase name="checkDecodeEncodeGraphs(String)[73]" classname="io.jbotsim.io.format.graph6.Graph6TopologySerializerTest" time="0.0"/>
  <testcase name="checkDecodeEncodeGraphs(String)[74]" classname="io.jbotsim.io.format.graph6.Graph6TopologySerializerTest" time="0.001"/>
  <testcase name="checkDecodeEncodeGraphs(String)[75]" classname="io.jbotsim.io.format.graph6.Graph6TopologySerializerTest" time="0.0"/>
  <testcase name="checkDecodeEncodeGraphs(String)[76]" classname="io.jbotsim.io.format.graph6.Graph6TopologySerializerTest" time="0.0"/>
  <testcase name="checkDecodeEncodeGraphs(String)[77]" classname="io.jbotsim.io.format.graph6.Graph6TopologySerializerTest" time="0.003"/>
  <testcase name="checkDecodeEncodeGraphs(String)[78]" classname="io.jbotsim.io.format.graph6.Graph6TopologySerializerTest" time="0.001"/>
  <testcase name="checkDecodeEncodeGraphs(String)[79]" classname="io.jbotsim.io.format.graph6.Graph6TopologySerializerTest" time="0.0"/>
  <testcase name="checkDecodeEncodeGraphs(String)[80]" classname="io.jbotsim.io.format.graph6.Graph6TopologySerializerTest" time="0.001"/>
  <testcase name="checkDecodeEncodeGraphs(String)[81]" classname="io.jbotsim.io.format.graph6.Graph6TopologySerializerTest" time="0.0"/>
  <testcase name="checkDecodeEncodeGraphs(String)[82]" classname="io.jbotsim.io.format.graph6.Graph6TopologySerializerTest" time="0.001"/>
  <testcase name="checkDecodeEncodeGraphs(String)[83]" classname="io.jbotsim.io.format.graph6.Graph6TopologySerializerTest" time="0.0"/>
  <testcase name="checkDecodeEncodeGraphs(String)[84]" classname="io.jbotsim.io.format.graph6.Graph6TopologySerializerTest" time="0.004"/>
  <testcase name="checkDecodeEncodeGraphs(String)[85]" classname="io.jbotsim.io.format.graph6.Graph6TopologySerializerTest" time="0.0"/>
  <testcase name="checkDecodeEncodeGraphs(String)[86]" classname="io.jbotsim.io.format.graph6.Graph6TopologySerializerTest" time="0.001"/>
  <testcase name="checkDecodeEncodeGraphs(String)[87]" classname="io.jbotsim.io.format.graph6.Graph6TopologySerializerTest" time="0.0"/>
  <testcase name="checkDecodeEncodeGraphs(String)[88]" classname="io.jbotsim.io.format.graph6.Graph6TopologySerializerTest" time="0.001"/>
  <testcase name="checkDecodeEncodeGraphs(String)[89]" classname="io.jbotsim.io.format.graph6.Graph6TopologySerializerTest" time="0.0"/>
  <testcase name="checkDecodeEncodeGraphs(String)[90]" classname="io.jbotsim.io.format.graph6.Graph6TopologySerializerTest" time="0.0"/>
  <testcase name="checkDecodeEncodeGraphs(String)[91]" classname="io.jbotsim.io.format.graph6.Graph6TopologySerializerTest" time="0.0"/>
  <testcase name="checkDecodeEncodeGraphs(String)[92]" classname="io.jbotsim.io.format.graph6.Graph6TopologySerializerTest" time="0.0"/>
  <testcase name="checkDecodeEncodeGraphs(String)[93]" classname="io.jbotsim.io.format.graph6.Graph6TopologySerializerTest" time="0.001"/>
  <testcase name="checkDecodeEncodeGraphs(String)[94]" classname="io.jbotsim.io.format.graph6.Graph6TopologySerializerTest" time="0.0"/>
  <testcase name="checkDecodeEncodeGraphs(String)[95]" classname="io.jbotsim.io.format.graph6.Graph6TopologySerializerTest" time="0.004"/>
  <testcase name="checkDecodeEncodeGraphs(String)[96]" classname="io.jbotsim.io.format.graph6.Graph6TopologySerializerTest" time="0.0"/>
  <testcase name="checkDecodeEncodeGraphs(String)[97]" classname="io.jbotsim.io.format.graph6.Graph6TopologySerializerTest" time="0.001"/>
  <testcase name="checkDecodeEncodeGraphs(String)[98]" classname="io.jbotsim.io.format.graph6.Graph6TopologySerializerTest" time="0.0"/>
  <testcase name="checkDecodeEncodeGraphs(String)[99]" classname="io.jbotsim.io.format.graph6.Graph6TopologySerializerTest" time="0.001"/>
  <testcase name="checkDecodeEncodeGraphs(String)[100]" classname="io.jbotsim.io.format.graph6.Graph6TopologySerializerTest" time="0.0"/>
  <testcase name="checkDecodeEncodeGraphs(String)[101]" classname="io.jbotsim.io.format.graph6.Graph6TopologySerializerTest" time="0.001"/>
  <testcase name="checkDecodeEncodeGraphs(String)[102]" classname="io.jbotsim.io.format.graph6.Graph6TopologySerializerTest" time="0.001"/>
  <testcase name="checkDecodeEncodeGraphs(String)[103]" classname="io.jbotsim.io.format.graph6.Graph6TopologySerializerTest" time="0.0"/>
  <testcase name="checkDecodeEncodeGraphs(String)[104]" classname="io.jbotsim.io.format.graph6.Graph6TopologySerializerTest" time="0.003"/>
  <testcase name="checkDecodeEncodeGraphs(String)[105]" classname="io.jbotsim.io.format.graph6.Graph6TopologySerializerTest" time="0.0"/>
  <testcase name="checkDecodeEncodeGraphs(String)[106]" classname="io.jbotsim.io.format.graph6.Graph6TopologySerializerTest" time="0.001"/>
  <testcase name="checkDecodeEncodeGraphs(String)[107]" classname="io.jbotsim.io.format.graph6.Graph6TopologySerializerTest" time="0.0"/>
  <testcase name="checkDecodeEncodeGraphs(String)[108]" classname="io.jbotsim.io.format.graph6.Graph6TopologySerializerTest" time="0.001"/>
  <testcase name="checkDecodeEncodeGraphs(String)[109]" classname="io.jbotsim.io.format.graph6.Graph6TopologySerializerTest" time="0.0"/>
  <testcase name="checkDecodeEncodeGraphs(String)[110]" classname="io.jbotsim.io.format.graph6.Graph6TopologySerializerTest" time="0.0"/>
  <testcase name="checkDecodeEncodeGraphs(String)[111]" classname="io.jbotsim.io.format.graph6.Graph6TopologySerializerTest" time="0.001"/>
  <testcase name="checkDecodeEncodeGraphs(String)[112]" classname="io.jbotsim.io.format.graph6.Graph6TopologySerializerTest" time="0.0"/>
  <testcase name="checkDecodeEncodeGraphs(String)[113]" classname="io.jbotsim.io.format.graph6.Graph6TopologySerializerTest" time="0.0"/>
  <testcase name="checkDecodeEncodeGraphs(String)[114]" classname="io.jbotsim.io.format.graph6.Graph6TopologySerializerTest" time="0.0"/>
  <testcase name="checkDecodeEncodeGraphs(String)[115]" classname="io.jbotsim.io.format.graph6.Graph6TopologySerializerTest" time="0.002"/>
  <testcase name="checkDecodeEncodeGraphs(String)[116]" classname="io.jbotsim.io.format.graph6.Graph6TopologySerializerTest" time="0.001"/>
  <testcase name="checkDecodeEncodeGraphs(String)[117]" classname="io.jbotsim.io.format.graph6.Graph6TopologySerializerTest" time="0.0"/>
  <testcase name="checkDecodeEncodeGraphs(String)[118]" classname="io.jbotsim.io.format.graph6.Graph6TopologySerializerTest" time="0.001"/>
  <testcase name="checkDecodeEncodeGraphs(String)[119]" classname="io.jbotsim.io.format.graph6.Graph6TopologySerializerTest" time="0.0"/>
  <testcase name="checkDecodeEncodeGraphs(String)[120]" classname="io.jbotsim.io.format.graph6.Graph6TopologySerializerTest" time="0.001"/>
  <testcase name="checkDecodeEncodeGraphs(String)[121]" classname="io.jbotsim.io.format.graph6.Graph6TopologySerializerTest" time="0.0"/>
  <testcase name="checkDecodeEncodeGraphs(String)[122]" classname="io.jbotsim.io.format.graph6.Graph6TopologySerializerTest" time="0.0"/>
  <testcase name="checkDecodeEncodeGraphs(String)[123]" classname="io.jbotsim.io.format.graph6.Graph6TopologySerializerTest" time="0.0"/>
  <testcase name="checkDecodeEncodeGraphs(String)[124]" classname="io.jbotsim.io.format.graph6.Graph6TopologySerializerTest" time="0.002"/>
  <testcase name="checkDecodeEncodeGraphs(String)[125]" classname="io.jbotsim.io.format.graph6.Graph6TopologySerializerTest" time="0.001"/>
  <testcase name="checkDecodeEncodeGraphs(String)[126]" classname="io.jbotsim.io.format.graph6.Graph6TopologySerializerTest" time="0.0"/>
  <testcase name="checkDecodeEncodeGraphs(String)[127]" classname="io.jbotsim.io.format.graph6.Graph6TopologySerializerTest" time="0.001"/>
  <testcase name="checkDecodeEncodeGraphs(String)[128]" classname="io.jbotsim.io.format.graph6.Graph6TopologySerializerTest" time="0.001"/>
  <testcase name="checkDecodeEncodeGraphs(String)[129]" classname="io.jbotsim.io.format.graph6.Graph6TopologySerializerTest" time="0.001"/>
  <testcase name="checkDecodeEncodeGraphs(String)[130]" classname="io.jbotsim.io.format.graph6.Graph6TopologySerializerTest" time="0.0"/>
  <testcase name="checkDecodeEncodeGraphs(String)[131]" classname="io.jbotsim.io.format.graph6.Graph6TopologySerializerTest" time="0.001"/>
  <testcase name="checkDecodeEncodeGraphs(String)[132]" classname="io.jbotsim.io.format.graph6.Graph6TopologySerializerTest" time="0.0"/>
  <testcase name="checkDecodeEncodeGraphs(String)[133]" classname="io.jbotsim.io.format.graph6.Graph6TopologySerializerTest" time="0.001"/>
  <testcase name="checkDecodeEncodeGraphs(String)[134]" classname="io.jbotsim.io.format.graph6.Graph6TopologySerializerTest" time="0.0"/>
  <testcase name="checkDecodeEncodeGraphs(String)[135]" classname="io.jbotsim.io.format.graph6.Graph6TopologySerializerTest" time="0.001"/>
  <testcase name="checkDecodeEncodeGraphs(String)[136]" classname="io.jbotsim.io.format.graph6.Graph6TopologySerializerTest" time="0.0"/>
  <testcase name="checkDecodeEncodeGraphs(String)[137]" classname="io.jbotsim.io.format.graph6.Graph6TopologySerializerTest" time="0.003"/>
  <testcase name="checkDecodeEncodeGraphs(String)[138]" classname="io.jbotsim.io.format.graph6.Graph6TopologySerializerTest" time="0.0"/>
  <testcase name="checkDecodeEncodeGraphs(String)[139]" classname="io.jbotsim.io.format.graph6.Graph6TopologySerializerTest" time="0.0"/>
  <testcase name="checkDecodeEncodeGraphs(String)[140]" classname="io.jbotsim.io.format.graph6.Graph6TopologySerializerTest" time="0.0"/>
  <testcase name="checkDecodeEncodeGraphs(String)[141]" classname="io.jbotsim.io.format.graph6.Graph6TopologySerializerTest" time="0.0"/>
  <testcase name="checkDecodeEncodeGraphs(String)[142]" classname="io.jbotsim.io.format.graph6.Graph6TopologySerializerTest" time="0.001"/>
  <testcase name="checkDecodeEncodeGraphs(String)[143]" classname="io.jbotsim.io.format.graph6.Graph6TopologySerializerTest" time="0.002"/>
  <testcase name="checkDecodeEncodeGraphs(String)[144]" classname="io.jbotsim.io.format.graph6.Graph6TopologySerializerTest" time="0.0"/>
  <testcase name="checkDecodeEncodeGraphs(String)[145]" classname="io.jbotsim.io.format.graph6.Graph6TopologySerializerTest" time="0.001"/>
  <testcase name="checkDecodeEncodeGraphs(String)[146]" classname="io.jbotsim.io.format.graph6.Graph6TopologySerializerTest" time="0.002"/>
  <testcase name="checkDecodeEncodeGraphs(String)[147]" classname="io.jbotsim.io.format.graph6.Graph6TopologySerializerTest" time="0.001"/>
  <testcase name="checkDecodeEncodeGraphs(String)[148]" classname="io.jbotsim.io.format.graph6.Graph6TopologySerializerTest" time="0.004"/>
  <testcase name="checkDecodeEncodeGraphs(String)[149]" classname="io.jbotsim.io.format.graph6.Graph6TopologySerializerTest" time="0.0"/>
  <testcase name="checkDecodeEncodeGraphs(String)[150]" classname="io.jbotsim.io.format.graph6.Graph6TopologySerializerTest" time="0.001"/>
  <testcase name="checkDecodeEncodeGraphs(String)[151]" classname="io.jbotsim.io.format.graph6.Graph6TopologySerializerTest" time="0.0"/>
  <testcase name="checkDecodeEncodeGraphs(String)[152]" classname="io.jbotsim.io.format.graph6.Graph6TopologySerializerTest" time="0.001"/>
  <testcase name="checkDecodeEncodeGraphs(String)[153]" classname="io.jbotsim.io.format.graph6.Graph6TopologySerializerTest" time="0.0"/>
  <testcase name="checkDecodeEncodeGraphs(String)[154]" classname="io.jbotsim.io.format.graph6.Graph6TopologySerializerTest" time="0.001"/>
  <testcase name="checkDecodeEncodeGraphs(String)[155]" classname="io.jbotsim.io.format.graph6.Graph6TopologySerializerTest" time="0.0"/>
  <testcase name="checkDecodeEncodeGraphs(String)[156]" classname="io.jbotsim.io.format.graph6.Graph6TopologySerializerTest" time="0.001"/>
  <testcase name="checkDecodeEncodeGraphs(String)[157]" classname="io.jbotsim.io.format.graph6.Graph6TopologySerializerTest" time="0.0"/>
  <testcase name="checkDecodeEncodeGraphs(String)[158]" classname="io.jbotsim.io.format.graph6.Graph6TopologySerializerTest" time="0.0"/>
  <testcase name="checkDecodeEncodeGraphs(String)[159]" classname="io.jbotsim.io.format.graph6.Graph6TopologySerializerTest" time="0.003"/>
  <testcase name="checkDecodeEncodeGraphs(String)[160]" classname="io.jbotsim.io.format.graph6.Graph6TopologySerializerTest" time="0.0"/>
  <testcase name="checkDecodeEncodeGraphs(String)[161]" classname="io.jbotsim.io.format.graph6.Graph6TopologySerializerTest" time="0.001"/>
  <testcase name="checkDecodeEncodeGraphs(String)[162]" classname="io.jbotsim.io.format.graph6.Graph6TopologySerializerTest" time="0.0"/>
  <testcase name="checkDecodeEncodeGraphs(String)[163]" classname="io.jbotsim.io.format.graph6.Graph6TopologySerializerTest" time="0.001"/>
  <testcase name="checkDecodeEncodeGraphs(String)[164]" classname="io.jbotsim.io.format.graph6.Graph6TopologySerializerTest" time="0.0"/>
  <testcase name="checkDecodeEncodeGraphs(String)[165]" classname="io.jbotsim.io.format.graph6.Graph6TopologySerializerTest" time="0.001"/>
  <testcase name="checkDecodeEncodeGraphs(String)[166]" classname="io.jbotsim.io.format.graph6.Graph6TopologySerializerTest" time="0.0"/>
  <testcase name="checkDecodeEncodeGraphs(String)[167]" classname="io.jbotsim.io.format.graph6.Graph6TopologySerializerTest" time="0.001"/>
  <testcase name="checkDecodeEncodeGraphs(String)[168]" classname="io.jbotsim.io.format.graph6.Graph6TopologySerializerTest" time="0.0"/>
  <testcase name="checkDecodeEncodeGraphs(String)[169]" classname="io.jbotsim.io.format.graph6.Graph6TopologySerializerTest" time="0.0"/>
  <testcase name="checkDecodeEncodeGraphs(String)[170]" classname="io.jbotsim.io.format.graph6.Graph6TopologySerializerTest" time="0.001"/>
  <testcase name="checkDecodeEncodeGraphs(String)[171]" classname="io.jbotsim.io.format.graph6.Graph6TopologySerializerTest" time="0.0"/>
  <testcase name="checkDecodeEncodeGraphs(String)[172]" classname="io.jbotsim.io.format.graph6.Graph6TopologySerializerTest" time="0.0"/>
  <testcase name="checkDecodeEncodeGraphs(String)[173]" classname="io.jbotsim.io.format.graph6.Graph6TopologySerializerTest" time="0.0"/>
  <testcase name="checkDecodeEncodeGraphs(String)[174]" classname="io.jbotsim.io.format.graph6.Graph6TopologySerializerTest" time="0.0"/>
  <testcase name="checkDecodeEncodeGraphs(String)[175]" classname="io.jbotsim.io.format.graph6.Graph6TopologySerializerTest" time="0.0"/>
  <testcase name="checkDecodeEncodeGraphs(String)[176]" classname="io.jbotsim.io.format.graph6.Graph6TopologySerializerTest" time="0.0"/>
  <testcase name="checkDecodeEncodeGraphs(String)[177]" classname="io.jbotsim.io.format.graph6.Graph6TopologySerializerTest" time="0.0"/>
  <testcase name="checkDecodeEncodeGraphs(String)[178]" classname="io.jbotsim.io.format.graph6.Graph6TopologySerializerTest" time="0.001"/>
  <testcase name="checkDecodeEncodeGraphs(String)[179]" classname="io.jbotsim.io.format.graph6.Graph6TopologySerializerTest" time="0.0"/>
  <testcase name="checkDecodeEncodeGraphs(String)[180]" classname="io.jbotsim.io.format.graph6.Graph6TopologySerializerTest" time="0.001"/>
  <testcase name="checkDecodeEncodeGraphs(String)[181]" classname="io.jbotsim.io.format.graph6.Graph6TopologySerializerTest" time="0.0"/>
  <testcase name="checkDecodeEncodeGraphs(String)[182]" classname="io.jbotsim.io.format.graph6.Graph6TopologySerializerTest" time="0.0"/>
  <testcase name="checkDecodeEncodeGraphs(String)[183]" classname="io.jbotsim.io.format.graph6.Graph6TopologySerializerTest" time="0.0"/>
  <testcase name="checkDecodeEncodeGraphs(String)[184]" classname="io.jbotsim.io.format.graph6.Graph6TopologySerializerTest" time="0.0"/>
  <testcase name="checkDecodeEncodeGraphs(String)[185]" classname="io.jbotsim.io.format.graph6.Graph6TopologySerializerTest" time="0.0"/>
  <testcase name="checkDecodeEncodeGraphs(String)[186]" classname="io.jbotsim.io.format.graph6.Graph6TopologySerializerTest" time="0.001"/>
  <testcase name="checkDecodeEncodeGraphs(String)[187]" classname="io.jbotsim.io.format.graph6.Graph6TopologySerializerTest" time="0.0"/>
  <testcase name="checkDecodeEncodeGraphs(String)[188]" classname="io.jbotsim.io.format.graph6.Graph6TopologySerializerTest" time="0.002"/>
  <testcase name="checkDecodeEncodeGraphs(String)[189]" classname="io.jbotsim.io.format.graph6.Graph6TopologySerializerTest" time="0.0"/>
  <testcase name="checkDecodeEncodeGraphs(String)[190]" classname="io.jbotsim.io.format.graph6.Graph6TopologySerializerTest" time="0.001"/>
  <testcase name="checkDecodeEncodeGraphs(String)[191]" classname="io.jbotsim.io.format.graph6.Graph6TopologySerializerTest" time="0.0"/>
  <testcase name="checkDecodeEncodeGraphs(String)[192]" classname="io.jbotsim.io.format.graph6.Graph6TopologySerializerTest" time="0.001"/>
  <testcase name="checkDecodeEncodeGraphs(String)[193]" classname="io.jbotsim.io.format.graph6.Graph6TopologySerializerTest" time="0.001"/>
  <testcase name="checkDecodeEncodeGraphs(String)[194]" classname="io.jbotsim.io.format.graph6.Graph6TopologySerializerTest" time="0.0"/>
  <testcase name="checkDecodeEncodeGraphs(String)[195]" classname="io.jbotsim.io.format.graph6.Graph6TopologySerializerTest" time="0.001"/>
  <testcase name="checkDecodeEncodeGraphs(String)[196]" classname="io.jbotsim.io.format.graph6.Graph6TopologySerializerTest" time="0.0"/>
  <testcase name="checkDecodeEncodeGraphs(String)[197]" classname="io.jbotsim.io.format.graph6.Graph6TopologySerializerTest" time="0.001"/>
  <testcase name="checkDecodeEncodeGraphs(String)[198]" classname="io.jbotsim.io.format.graph6.Graph6TopologySerializerTest" time="0.0"/>
  <testcase name="checkDecodeEncodeGraphs(String)[199]" classname="io.jbotsim.io.format.graph6.Graph6TopologySerializerTest" time="0.0"/>
  <testcase name="checkDecodeEncodeGraphs(String)[200]" classname="io.jbotsim.io.format.graph6.Graph6TopologySerializerTest" time="0.004"/>
  <testcase name="checkDecodeEncodeGraphs(String)[201]" classname="io.jbotsim.io.format.graph6.Graph6TopologySerializerTest" time="0.0"/>
  <testcase name="checkDecodeEncodeGraphs(String)[202]" classname="io.jbotsim.io.format.graph6.Graph6TopologySerializerTest" time="0.0"/>
  <testcase name="checkDecodeEncodeGraphs(String)[203]" classname="io.jbotsim.io.format.graph6.Graph6TopologySerializerTest" time="0.0"/>
  <testcase name="checkDecodeEncodeGraphs(String)[204]" classname="io.jbotsim.io.format.graph6.Graph6TopologySerializerTest" time="0.0"/>
  <testcase name="checkDecodeEncodeGraphs(String)[205]" classname="io.jbotsim.io.format.graph6.Graph6TopologySerializerTest" time="0.0"/>
  <testcase name="checkDecodeEncodeGraphs(String)[206]" classname="io.jbotsim.io.format.graph6.Graph6TopologySerializerTest" time="0.001"/>
  <testcase name="checkDecodeEncodeGraphs(String)[207]" classname="io.jbotsim.io.format.graph6.Graph6TopologySerializerTest" time="0.0"/>
  <testcase name="checkDecodeEncodeGraphs(String)[208]" classname="io.jbotsim.io.format.graph6.Graph6TopologySerializerTest" time="0.0"/>
  <testcase name="checkDecodeEncodeGraphs(String)[209]" classname="io.jbotsim.io.format.graph6.Graph6TopologySerializerTest" time="0.0"/>
  <testcase name="checkDecodeEncodeGraphs(String)[210]" classname="io.jbotsim.io.format.graph6.Graph6TopologySerializerTest" time="0.001"/>
  <testcase name="checkDecodeEncodeGraphs(String)[211]" classname="io.jbotsim.io.format.graph6.Graph6TopologySerializerTest" time="0.001"/>
  <testcase name="checkDecodeEncodeGraphs(String)[212]" classname="io.jbotsim.io.format.graph6.Graph6TopologySerializerTest" time="0.0"/>
  <testcase name="checkDecodeEncodeGraphs(String)[213]" classname="io.jbotsim.io.format.graph6.Graph6TopologySerializerTest" time="0.004"/>
  <testcase name="checkDecodeEncodeGraphs(String)[214]" classname="io.jbotsim.io.format.graph6.Graph6TopologySerializerTest" time="0.0"/>
  <testcase name="checkDecodeEncodeGraphs(String)[215]" classname="io.jbotsim.io.format.graph6.Graph6TopologySerializerTest" time="0.0"/>
  <testcase name="checkDecodeEncodeGraphs(String)[216]" classname="io.jbotsim.io.format.graph6.Graph6TopologySerializerTest" time="0.001"/>
  <testcase name="checkDecodeEncodeGraphs(String)[217]" classname="io.jbotsim.io.format.graph6.Graph6TopologySerializerTest" time="0.0"/>
  <testcase name="checkDecodeEncodeGraphs(String)[218]" classname="io.jbotsim.io.format.graph6.Graph6TopologySerializerTest" time="0.0"/>
  <testcase name="checkDecodeEncodeGraphs(String)[219]" classname="io.jbotsim.io.format.graph6.Graph6TopologySerializerTest" time="0.0"/>
  <testcase name="checkDecodeEncodeGraphs(String)[220]" classname="io.jbotsim.io.format.graph6.Graph6TopologySerializerTest" time="0.0"/>
  <testcase name="checkDecodeEncodeGraphs(String)[221]" classname="io.jbotsim.io.format.graph6.Graph6TopologySerializerTest" time="0.004"/>
  <testcase name="checkDecodeEncodeGraphs(String)[222]" classname="io.jbotsim.io.format.graph6.Graph6TopologySerializerTest" time="0.0"/>
  <testcase name="checkDecodeEncodeGraphs(String)[223]" classname="io.jbotsim.io.format.graph6.Graph6TopologySerializerTest" time="0.001"/>
  <testcase name="checkDecodeEncodeGraphs(String)[224]" classname="io.jbotsim.io.format.graph6.Graph6TopologySerializerTest" time="0.0"/>
  <testcase name="checkDecodeEncodeGraphs(String)[225]" classname="io.jbotsim.io.format.graph6.Graph6TopologySerializerTest" time="0.001"/>
  <testcase name="checkDecodeEncodeGraphs(String)[226]" classname="io.jbotsim.io.format.graph6.Graph6TopologySerializerTest" time="0.0"/>
  <testcase name="checkDecodeEncodeGraphs(String)[227]" classname="io.jbotsim.io.format.graph6.Graph6TopologySerializerTest" time="0.0"/>
  <testcase name="checkDecodeEncodeGraphs(String)[228]" classname="io.jbotsim.io.format.graph6.Graph6TopologySerializerTest" time="0.0"/>
  <testcase name="checkDecodeEncodeGraphs(String)[229]" classname="io.jbotsim.io.format.graph6.Graph6TopologySerializerTest" time="0.0"/>
  <testcase name="checkDecodeEncodeGraphs(String)[230]" classname="io.jbotsim.io.format.graph6.Graph6TopologySerializerTest" time="0.0"/>
  <testcase name="checkDecodeEncodeGraphs(String)[231]" classname="io.jbotsim.io.format.graph6.Graph6TopologySerializerTest" time="0.001"/>
  <testcase name="checkDecodeEncodeGraphs(String)[232]" classname="io.jbotsim.io.format.graph6.Graph6TopologySerializerTest" time="0.0"/>
  <testcase name="checkDecodeEncodeGraphs(String)[233]" classname="io.jbotsim.io.format.graph6.Graph6TopologySerializerTest" time="0.0"/>
  <testcase name="checkDecodeEncodeGraphs(String)[234]" classname="io.jbotsim.io.format.graph6.Graph6TopologySerializerTest" time="0.0"/>
  <testcase name="checkDecodeEncodeGraphs(String)[235]" classname="io.jbotsim.io.format.graph6.Graph6TopologySerializerTest" time="0.0"/>
  <testcase name="checkDecodeEncodeGraphs(String)[236]" classname="io.jbotsim.io.format.graph6.Graph6TopologySerializerTest" time="0.001"/>
  <testcase name="checkDecodeEncodeGraphs(String)[237]" classname="io.jbotsim.io.format.graph6.Graph6TopologySerializerTest" time="0.0"/>
  <testcase name="checkDecodeEncodeGraphs(String)[238]" classname="io.jbotsim.io.format.graph6.Graph6TopologySerializerTest" time="0.001"/>
  <testcase name="checkDecodeEncodeGraphs(String)[239]" classname="io.jbotsim.io.format.graph6.Graph6TopologySerializerTest" time="0.0"/>
  <testcase name="checkDecodeEncodeGraphs(String)[240]" classname="io.jbotsim.io.format.graph6.Graph6TopologySerializerTest" time="0.001"/>
  <testcase name="checkDecodeEncodeGraphs(String)[241]" classname="io.jbotsim.io.format.graph6.Graph6TopologySerializerTest" time="0.0"/>
  <testcase name="checkDecodeEncodeGraphs(String)[242]" classname="io.jbotsim.io.format.graph6.Graph6TopologySerializerTest" time="0.001"/>
  <testcase name="checkDecodeEncodeGraphs(String)[243]" classname="io.jbotsim.io.format.graph6.Graph6TopologySerializerTest" time="0.0"/>
  <testcase name="checkDecodeEncodeGraphs(String)[244]" classname="io.jbotsim.io.format.graph6.Graph6TopologySerializerTest" time="0.001"/>
  <testcase name="checkDecodeEncodeGraphs(String)[245]" classname="io.jbotsim.io.format.graph6.Graph6TopologySerializerTest" time="0.0"/>
  <testcase name="checkDecodeEncodeGraphs(String)[246]" classname="io.jbotsim.io.format.graph6.Graph6TopologySerializerTest" time="0.001"/>
  <testcase name="checkDecodeEncodeGraphs(String)[247]" classname="io.jbotsim.io.format.graph6.Graph6TopologySerializerTest" time="0.004"/>
  <testcase name="checkDecodeEncodeGraphs(String)[248]" classname="io.jbotsim.io.format.graph6.Graph6TopologySerializerTest" time="0.0"/>
  <testcase name="checkDecodeEncodeGraphs(String)[249]" classname="io.jbotsim.io.format.graph6.Graph6TopologySerializerTest" time="0.001"/>
  <testcase name="checkDecodeEncodeGraphs(String)[250]" classname="io.jbotsim.io.format.graph6.Graph6TopologySerializerTest" time="0.0"/>
  <testcase name="checkDecodeEncodeGraphs(String)[251]" classname="io.jbotsim.io.format.graph6.Graph6TopologySerializerTest" time="0.0"/>
  <testcase name="checkDecodeEncodeGraphs(String)[252]" classname="io.jbotsim.io.format.graph6.Graph6TopologySerializerTest" time="0.001"/>
  <testcase name="checkDecodeEncodeGraphs(String)[253]" classname="io.jbotsim.io.format.graph6.Graph6TopologySerializerTest" time="0.0"/>
  <testcase name="checkDecodeEncodeGraphs(String)[254]" classname="io.jbotsim.io.format.graph6.Graph6TopologySerializerTest" time="0.0"/>
  <testcase name="checkDecodeEncodeGraphs(String)[255]" classname="io.jbotsim.io.format.graph6.Graph6TopologySerializerTest" time="0.0"/>
  <testcase name="checkDecodeEncodeGraphs(String)[256]" classname="io.jbotsim.io.format.graph6.Graph6TopologySerializerTest" time="0.002"/>
  <testcase name="checkDecodeEncodeGraphs(String)[257]" classname="io.jbotsim.io.format.graph6.Graph6TopologySerializerTest" time="0.0"/>
  <testcase name="checkDecodeEncodeGraphs(String)[258]" classname="io.jbotsim.io.format.graph6.Graph6TopologySerializerTest" time="0.001"/>
  <testcase name="checkDecodeEncodeGraphs(String)[259]" classname="io.jbotsim.io.format.graph6.Graph6TopologySerializerTest" time="0.001"/>
  <testcase name="checkDecodeEncodeGraphs(String)[260]" classname="io.jbotsim.io.format.graph6.Graph6TopologySerializerTest" time="0.0"/>
  <testcase name="checkDecodeEncodeGraphs(String)[261]" classname="io.jbotsim.io.format.graph6.Graph6TopologySerializerTest" time="0.0"/>
  <testcase name="checkDecodeEncodeGraphs(String)[262]" classname="io.jbotsim.io.format.graph6.Graph6TopologySerializerTest" time="0.0"/>
  <testcase name="checkDecodeEncodeGraphs(String)[263]" classname="io.jbotsim.io.format.graph6.Graph6TopologySerializerTest" time="0.0"/>
  <testcase name="checkDecodeEncodeGraphs(String)[264]" classname="io.jbotsim.io.format.graph6.Graph6TopologySerializerTest" time="0.0"/>
  <testcase name="checkDecodeEncodeGraphs(String)[265]" classname="io.jbotsim.io.format.graph6.Graph6TopologySerializerTest" time="0.0"/>
  <testcase name="checkDecodeEncodeGraphs(String)[266]" classname="io.jbotsim.io.format.graph6.Graph6TopologySerializerTest" time="0.003"/>
  <testcase name="checkDecodeEncodeGraphs(String)[267]" classname="io.jbotsim.io.format.graph6.Graph6TopologySerializerTest" time="0.0"/>
  <testcase name="checkDecodeEncodeGraphs(String)[268]" classname="io.jbotsim.io.format.graph6.Graph6TopologySerializerTest" time="0.001"/>
  <testcase name="checkDecodeEncodeGraphs(String)[269]" classname="io.jbotsim.io.format.graph6.Graph6TopologySerializerTest" time="0.0"/>
  <testcase name="checkDecodeEncodeGraphs(String)[270]" classname="io.jbotsim.io.format.graph6.Graph6TopologySerializerTest" time="0.001"/>
  <testcase name="checkDecodeEncodeGraphs(String)[271]" classname="io.jbotsim.io.format.graph6.Graph6TopologySerializerTest" time="0.0"/>
  <testcase name="checkDecodeEncodeGraphs(String)[272]" classname="io.jbotsim.io.format.graph6.Graph6TopologySerializerTest" time="0.001"/>
  <testcase name="checkDecodeEncodeGraphs(String)[273]" classname="io.jbotsim.io.format.graph6.Graph6TopologySerializerTest" time="0.004"/>
  <testcase name="checkDecodeEncodeGraphs(String)[274]" classname="io.jbotsim.io.format.graph6.Graph6TopologySerializerTest" time="0.0"/>
  <testcase name="checkDecodeEncodeGraphs(String)[275]" classname="io.jbotsim.io.format.graph6.Graph6TopologySerializerTest" time="0.001"/>
  <testcase name="checkDecodeEncodeGraphs(String)[276]" classname="io.jbotsim.io.format.graph6.Graph6TopologySerializerTest" time="0.0"/>
  <testcase name="checkDecodeEncodeGraphs(String)[277]" classname="io.jbotsim.io.format.graph6.Graph6TopologySerializerTest" time="0.001"/>
  <testcase name="checkDecodeEncodeGraphs(String)[278]" classname="io.jbotsim.io.format.graph6.Graph6TopologySerializerTest" time="0.0"/>
  <testcase name="checkDecodeEncodeGraphs(String)[279]" classname="io.jbotsim.io.format.graph6.Graph6TopologySerializerTest" time="0.0"/>
  <testcase name="checkDecodeEncodeGraphs(String)[280]" classname="io.jbotsim.io.format.graph6.Graph6TopologySerializerTest" time="0.0"/>
  <testcase name="checkDecodeEncodeGraphs(String)[281]" classname="io.jbotsim.io.format.graph6.Graph6TopologySerializerTest" time="0.004"/>
  <testcase name="checkDecodeEncodeGraphs(String)[282]" classname="io.jbotsim.io.format.graph6.Graph6TopologySerializerTest" time="0.0"/>
  <testcase name="checkDecodeEncodeGraphs(String)[283]" classname="io.jbotsim.io.format.graph6.Graph6TopologySerializerTest" time="0.001"/>
  <testcase name="checkDecodeEncodeGraphs(String)[284]" classname="io.jbotsim.io.format.graph6.Graph6TopologySerializerTest" time="0.0"/>
  <testcase name="checkDecodeEncodeGraphs(String)[285]" classname="io.jbotsim.io.format.graph6.Graph6TopologySerializerTest" time="0.001"/>
  <testcase name="checkDecodeEncodeGraphs(String)[286]" classname="io.jbotsim.io.format.graph6.Graph6TopologySerializerTest" time="0.0"/>
  <testcase name="checkDecodeEncodeGraphs(String)[287]" classname="io.jbotsim.io.format.graph6.Graph6TopologySerializerTest" time="0.001"/>
  <testcase name="checkDecodeEncodeGraphs(String)[288]" classname="io.jbotsim.io.format.graph6.Graph6TopologySerializerTest" time="0.0"/>
  <testcase name="checkDecodeEncodeGraphs(String)[289]" classname="io.jbotsim.io.format.graph6.Graph6TopologySerializerTest" time="0.0"/>
  <testcase name="checkDecodeEncodeGraphs(String)[290]" classname="io.jbotsim.io.format.graph6.Graph6TopologySerializerTest" time="0.001"/>
  <testcase name="checkDecodeEncodeGraphs(String)[291]" classname="io.jbotsim.io.format.graph6.Graph6TopologySerializerTest" time="0.001"/>
  <testcase name="checkDecodeEncodeGraphs(String)[292]" classname="io.jbotsim.io.format.graph6.Graph6TopologySerializerTest" time="0.0"/>
  <testcase name="checkDecodeEncodeGraphs(String)[293]" classname="io.jbotsim.io.format.graph6.Graph6TopologySerializerTest" time="0.0"/>
  <testcase name="checkDecodeEncodeGraphs(String)[294]" classname="io.jbotsim.io.format.graph6.Graph6TopologySerializerTest" time="0.0"/>
  <testcase name="checkDecodeEncodeGraphs(String)[295]" classname="io.jbotsim.io.format.graph6.Graph6TopologySerializerTest" time="0.0"/>
  <testcase name="checkDecodeEncodeGraphs(String)[296]" classname="io.jbotsim.io.format.graph6.Graph6TopologySerializerTest" time="0.001"/>
  <testcase name="checkDecodeEncodeGraphs(String)[297]" classname="io.jbotsim.io.format.graph6.Graph6TopologySerializerTest" time="0.0"/>
  <testcase name="checkDecodeEncodeGraphs(String)[298]" classname="io.jbotsim.io.format.graph6.Graph6TopologySerializerTest" time="0.001"/>
  <testcase name="checkDecodeEncodeGraphs(String)[299]" classname="io.jbotsim.io.format.graph6.Graph6TopologySerializerTest" time="0.001"/>
  <testcase name="checkDecodeEncodeGraphs(String)[300]" classname="io.jbotsim.io.format.graph6.Graph6TopologySerializerTest" time="0.0"/>
  <testcase name="checkDecodeEncodeGraphs(String)[301]" classname="io.jbotsim.io.format.graph6.Graph6TopologySerializerTest" time="0.001"/>
  <testcase name="checkDecodeEncodeGraphs(String)[302]" classname="io.jbotsim.io.format.graph6.Graph6TopologySerializerTest" time="0.001"/>
  <testcase name="checkDecodeEncodeGraphs(String)[303]" classname="io.jbotsim.io.format.graph6.Graph6TopologySerializerTest" time="0.001"/>
  <testcase name="checkDecodeEncodeGraphs(String)[304]" classname="io.jbotsim.io.format.graph6.Graph6TopologySerializerTest" time="0.0"/>
  <testcase name="checkDecodeEncodeGraphs(String)[305]" classname="io.jbotsim.io.format.graph6.Graph6TopologySerializerTest" time="0.001"/>
  <testcase name="checkDecodeEncodeGraphs(String)[306]" classname="io.jbotsim.io.format.graph6.Graph6TopologySerializerTest" time="0.001"/>
  <testcase name="checkDecodeEncodeGraphs(String)[307]" classname="io.jbotsim.io.format.graph6.Graph6TopologySerializerTest" time="0.0"/>
  <testcase name="checkDecodeEncodeGraphs(String)[308]" classname="io.jbotsim.io.format.graph6.Graph6TopologySerializerTest" time="0.0"/>
  <testcase name="checkDecodeEncodeGraphs(String)[309]" classname="io.jbotsim.io.format.graph6.Graph6TopologySerializerTest" time="0.001"/>
  <testcase name="checkDecodeEncodeGraphs(String)[310]" classname="io.jbotsim.io.format.graph6.Graph6TopologySerializerTest" time="0.001"/>
  <testcase name="checkDecodeEncodeGraphs(String)[311]" classname="io.jbotsim.io.format.graph6.Graph6TopologySerializerTest" time="0.0"/>
  <testcase name="checkDecodeEncodeGraphs(String)[312]" classname="io.jbotsim.io.format.graph6.Graph6TopologySerializerTest" time="0.001"/>
  <testcase name="checkDecodeEncodeGraphs(String)[313]" classname="io.jbotsim.io.format.graph6.Graph6TopologySerializerTest" time="0.0"/>
  <testcase name="checkDecodeEncodeGraphs(String)[314]" classname="io.jbotsim.io.format.graph6.Graph6TopologySerializerTest" time="0.0"/>
  <testcase name="checkDecodeEncodeGraphs(String)[315]" classname="io.jbotsim.io.format.graph6.Graph6TopologySerializerTest" time="0.001"/>
  <testcase name="checkDecodeEncodeGraphs(String)[316]" classname="io.jbotsim.io.format.graph6.Graph6TopologySerializerTest" time="0.0"/>
  <testcase name="checkDecodeEncodeGraphs(String)[317]" classname="io.jbotsim.io.format.graph6.Graph6TopologySerializerTest" time="0.003"/>
  <testcase name="checkDecodeEncodeGraphs(String)[318]" classname="io.jbotsim.io.format.graph6.Graph6TopologySerializerTest" time="0.001"/>
  <testcase name="checkDecodeEncodeGraphs(String)[319]" classname="io.jbotsim.io.format.graph6.Graph6TopologySerializerTest" time="0.001"/>
  <testcase name="checkDecodeEncodeGraphs(String)[320]" classname="io.jbotsim.io.format.graph6.Graph6TopologySerializerTest" time="0.001"/>
  <testcase name="checkDecodeEncodeGraphs(String)[321]" classname="io.jbotsim.io.format.graph6.Graph6TopologySerializerTest" time="0.002"/>
  <testcase name="checkDecodeEncodeGraphs(String)[322]" classname="io.jbotsim.io.format.graph6.Graph6TopologySerializerTest" time="0.001"/>
  <testcase name="checkDecodeEncodeGraphs(String)[323]" classname="io.jbotsim.io.format.graph6.Graph6TopologySerializerTest" time="0.0"/>
  <testcase name="checkDecodeEncodeGraphs(String)[324]" classname="io.jbotsim.io.format.graph6.Graph6TopologySerializerTest" time="0.001"/>
  <testcase name="checkDecodeEncodeGraphs(String)[325]" classname="io.jbotsim.io.format.graph6.Graph6TopologySerializerTest" time="0.0"/>
  <testcase name="checkDecodeEncodeGraphs(String)[326]" classname="io.jbotsim.io.format.graph6.Graph6TopologySerializerTest" time="0.001"/>
  <testcase name="checkDecodeEncodeGraphs(String)[327]" classname="io.jbotsim.io.format.graph6.Graph6TopologySerializerTest" time="0.001"/>
  <testcase name="checkDecodeEncodeGraphs(String)[328]" classname="io.jbotsim.io.format.graph6.Graph6TopologySerializerTest" time="0.001"/>
  <testcase name="checkDecodeEncodeGraphs(String)[329]" classname="io.jbotsim.io.format.graph6.Graph6TopologySerializerTest" time="0.001"/>
  <testcase name="checkDecodeEncodeGraphs(String)[330]" classname="io.jbotsim.io.format.graph6.Graph6TopologySerializerTest" time="0.001"/>
  <testcase name="checkDecodeEncodeGraphs(String)[331]" classname="io.jbotsim.io.format.graph6.Graph6TopologySerializerTest" time="0.0"/>
  <testcase name="checkDecodeEncodeGraphs(String)[332]" classname="io.jbotsim.io.format.graph6.Graph6TopologySerializerTest" time="0.001"/>
  <testcase name="checkDecodeEncodeGraphs(String)[333]" classname="io.jbotsim.io.format.graph6.Graph6TopologySerializerTest" time="0.001"/>
  <testcase name="checkDecodeEncodeGraphs(String)[334]" classname="io.jbotsim.io.format.graph6.Graph6TopologySerializerTest" time="0.001"/>
  <testcase name="checkDecodeEncodeGraphs(String)[335]" classname="io.jbotsim.io.format.graph6.Graph6TopologySerializerTest" time="0.004"/>
  <testcase name="checkDecodeEncodeGraphs(String)[336]" classname="io.jbotsim.io.format.graph6.Graph6TopologySerializerTest" time="0.001"/>
  <testcase name="checkDecodeEncodeGraphs(String)[337]" classname="io.jbotsim.io.format.graph6.Graph6TopologySerializerTest" time="0.001"/>
  <testcase name="checkDecodeEncodeGraphs(String)[338]" classname="io.jbotsim.io.format.graph6.Graph6TopologySerializerTest" time="0.005"/>
  <testcase name="checkDecodeEncodeGraphs(String)[339]" classname="io.jbotsim.io.format.graph6.Graph6TopologySerializerTest" time="0.0"/>
  <testcase name="checkDecodeEncodeGraphs(String)[340]" classname="io.jbotsim.io.format.graph6.Graph6TopologySerializerTest" time="0.001"/>
  <testcase name="checkDecodeEncodeGraphs(String)[341]" classname="io.jbotsim.io.format.graph6.Graph6TopologySerializerTest" time="0.001"/>
  <testcase name="checkDecodeEncodeGraphs(String)[342]" classname="io.jbotsim.io.format.graph6.Graph6TopologySerializerTest" time="0.001"/>
  <testcase name="checkDecodeEncodeGraphs(String)[343]" classname="io.jbotsim.io.format.graph6.Graph6TopologySerializerTest" time="0.004"/>
  <testcase name="checkDecodeEncodeGraphs(String)[344]" classname="io.jbotsim.io.format.graph6.Graph6TopologySerializerTest" time="0.001"/>
  <testcase name="checkDecodeEncodeGraphs(String)[345]" classname="io.jbotsim.io.format.graph6.Graph6TopologySerializerTest" time="0.001"/>
  <testcase name="checkDecodeEncodeGraphs(String)[346]" classname="io.jbotsim.io.format.graph6.Graph6TopologySerializerTest" time="0.001"/>
  <testcase name="checkDecodeEncodeGraphs(String)[347]" classname="io.jbotsim.io.format.graph6.Graph6TopologySerializerTest" time="0.001"/>
  <testcase name="checkDecodeEncodeGraphs(String)[348]" classname="io.jbotsim.io.format.graph6.Graph6TopologySerializerTest" time="0.001"/>
  <testcase name="checkDecodeEncodeGraphs(String)[349]" classname="io.jbotsim.io.format.graph6.Graph6TopologySerializerTest" time="0.001"/>
  <testcase name="checkDecodeEncodeGraphs(String)[350]" classname="io.jbotsim.io.format.graph6.Graph6TopologySerializerTest" time="0.001"/>
  <testcase name="checkDecodeEncodeGraphs(String)[351]" classname="io.jbotsim.io.format.graph6.Graph6TopologySerializerTest" time="0.0"/>
  <testcase name="checkDecodeEncodeGraphs(String)[352]" classname="io.jbotsim.io.format.graph6.Graph6TopologySerializerTest" time="0.001"/>
  <testcase name="checkDecodeEncodeGraphs(String)[353]" classname="io.jbotsim.io.format.graph6.Graph6TopologySerializerTest" time="0.001"/>
  <testcase name="checkDecodeEncodeGraphs(String)[354]" classname="io.jbotsim.io.format.graph6.Graph6TopologySerializerTest" time="0.001"/>
  <testcase name="checkDecodeEncodeGraphs(String)[355]" classname="io.jbotsim.io.format.graph6.Graph6TopologySerializerTest" time="0.0"/>
  <testcase name="checkDecodeEncodeGraphs(String)[356]" classname="io.jbotsim.io.format.graph6.Graph6TopologySerializerTest" time="0.0"/>
  <testcase name="checkDecodeEncodeGraphs(String)[357]" classname="io.jbotsim.io.format.graph6.Graph6TopologySerializerTest" time="0.001"/>
  <testcase name="checkDecodeEncodeGraphs(String)[358]" classname="io.jbotsim.io.format.graph6.Graph6TopologySerializerTest" time="0.001"/>
  <testcase name="checkDecodeEncodeGraphs(String)[359]" classname="io.jbotsim.io.format.graph6.Graph6TopologySerializerTest" time="0.0"/>
  <testcase name="checkDecodeEncodeGraphs(String)[360]" classname="io.jbotsim.io.format.graph6.Graph6TopologySerializerTest" time="0.0"/>
  <testcase name="checkDecodeEncodeGraphs(String)[361]" classname="io.jbotsim.io.format.graph6.Graph6TopologySerializerTest" time="0.003"/>
  <testcase name="checkDecodeEncodeGraphs(String)[362]" classname="io.jbotsim.io.format.graph6.Graph6TopologySerializerTest" time="0.001"/>
  <testcase name="checkDecodeEncodeGraphs(String)[363]" classname="io.jbotsim.io.format.graph6.Graph6TopologySerializerTest" time="0.001"/>
  <testcase name="checkDecodeEncodeGraphs(String)[364]" classname="io.jbotsim.io.format.graph6.Graph6TopologySerializerTest" time="0.001"/>
  <testcase name="checkDecodeEncodeGraphs(String)[365]" classname="io.jbotsim.io.format.graph6.Graph6TopologySerializerTest" time="0.001"/>
  <testcase name="checkDecodeEncodeGraphs(String)[366]" classname="io.jbotsim.io.format.graph6.Graph6TopologySerializerTest" time="0.0"/>
  <testcase name="checkDecodeEncodeGraphs(String)[367]" classname="io.jbotsim.io.format.graph6.Graph6TopologySerializerTest" time="0.001"/>
  <testcase name="checkDecodeEncodeGraphs(String)[368]" classname="io.jbotsim.io.format.graph6.Graph6TopologySerializerTest" time="0.001"/>
  <testcase name="checkDecodeEncodeGraphs(String)[369]" classname="io.jbotsim.io.format.graph6.Graph6TopologySerializerTest" time="0.0"/>
  <testcase name="checkDecodeEncodeGraphs(String)[370]" classname="io.jbotsim.io.format.graph6.Graph6TopologySerializerTest" time="0.0"/>
  <testcase name="checkDecodeEncodeGraphs(String)[371]" classname="io.jbotsim.io.format.graph6.Graph6TopologySerializerTest" time="0.0"/>
  <testcase name="checkDecodeEncodeGraphs(String)[372]" classname="io.jbotsim.io.format.graph6.Graph6TopologySerializerTest" time="0.0"/>
  <testcase name="checkDecodeEncodeGraphs(String)[373]" classname="io.jbotsim.io.format.graph6.Graph6TopologySerializerTest" time="0.001"/>
  <testcase name="checkDecodeEncodeGraphs(String)[374]" classname="io.jbotsim.io.format.graph6.Graph6TopologySerializerTest" time="0.0"/>
  <testcase name="checkDecodeEncodeGraphs(String)[375]" classname="io.jbotsim.io.format.graph6.Graph6TopologySerializerTest" time="0.0"/>
  <testcase name="checkDecodeEncodeGraphs(String)[376]" classname="io.jbotsim.io.format.graph6.Graph6TopologySerializerTest" time="0.003"/>
  <testcase name="checkDecodeEncodeGraphs(String)[377]" classname="io.jbotsim.io.format.graph6.Graph6TopologySerializerTest" time="0.001"/>
  <testcase name="checkDecodeEncodeGraphs(String)[378]" classname="io.jbotsim.io.format.graph6.Graph6TopologySerializerTest" time="0.001"/>
  <testcase name="checkDecodeEncodeGraphs(String)[379]" classname="io.jbotsim.io.format.graph6.Graph6TopologySerializerTest" time="0.001"/>
  <testcase name="checkDecodeEncodeGraphs(String)[380]" classname="io.jbotsim.io.format.graph6.Graph6TopologySerializerTest" time="0.001"/>
  <testcase name="checkDecodeEncodeGraphs(String)[381]" classname="io.jbotsim.io.format.graph6.Graph6TopologySerializerTest" time="0.001"/>
  <testcase name="checkDecodeEncodeGraphs(String)[382]" classname="io.jbotsim.io.format.graph6.Graph6TopologySerializerTest" time="0.001"/>
  <testcase name="checkDecodeEncodeGraphs(String)[383]" classname="io.jbotsim.io.format.graph6.Graph6TopologySerializerTest" time="0.0"/>
  <testcase name="checkDecodeEncodeGraphs(String)[384]" classname="io.jbotsim.io.format.graph6.Graph6TopologySerializerTest" time="0.009"/>
  <testcase name="checkDecodeEncodeGraphs(String)[385]" classname="io.jbotsim.io.format.graph6.Graph6TopologySerializerTest" time="0.001"/>
  <testcase name="checkDecodeEncodeGraphs(String)[386]" classname="io.jbotsim.io.format.graph6.Graph6TopologySerializerTest" time="0.001"/>
  <testcase name="checkDecodeEncodeGraphs(String)[387]" classname="io.jbotsim.io.format.graph6.Graph6TopologySerializerTest" time="0.001"/>
  <testcase name="checkDecodeEncodeGraphs(String)[388]" classname="io.jbotsim.io.format.graph6.Graph6TopologySerializerTest" time="0.001"/>
  <testcase name="checkDecodeEncodeGraphs(String)[389]" classname="io.jbotsim.io.format.graph6.Graph6TopologySerializerTest" time="0.004"/>
  <testcase name="checkDecodeEncodeGraphs(String)[390]" classname="io.jbotsim.io.format.graph6.Graph6TopologySerializerTest" time="0.001"/>
  <testcase name="checkDecodeEncodeGraphs(String)[391]" classname="io.jbotsim.io.format.graph6.Graph6TopologySerializerTest" time="0.001"/>
  <testcase name="checkDecodeEncodeGraphs(String)[392]" classname="io.jbotsim.io.format.graph6.Graph6TopologySerializerTest" time="0.001"/>
  <testcase name="checkDecodeEncodeGraphs(String)[393]" classname="io.jbotsim.io.format.graph6.Graph6TopologySerializerTest" time="0.002"/>
  <testcase name="checkDecodeEncodeGraphs(String)[394]" classname="io.jbotsim.io.format.graph6.Graph6TopologySerializerTest" time="0.001"/>
  <testcase name="checkDecodeEncodeGraphs(String)[395]" classname="io.jbotsim.io.format.graph6.Graph6TopologySerializerTest" time="0.001"/>
  <testcase name="checkDecodeEncodeGraphs(String)[396]" classname="io.jbotsim.io.format.graph6.Graph6TopologySerializerTest" time="0.003"/>
  <testcase name="checkDecodeEncodeGraphs(String)[397]" classname="io.jbotsim.io.format.graph6.Graph6TopologySerializerTest" time="0.001"/>
  <testcase name="checkDecodeEncodeGraphs(String)[398]" classname="io.jbotsim.io.format.graph6.Graph6TopologySerializerTest" time="0.001"/>
  <testcase name="checkDecodeEncodeGraphs(String)[399]" classname="io.jbotsim.io.format.graph6.Graph6TopologySerializerTest" time="0.001"/>
  <testcase name="checkDecodeEncodeGraphs(String)[400]" classname="io.jbotsim.io.format.graph6.Graph6TopologySerializerTest" time="0.001"/>
  <testcase name="checkDecodeEncodeGraphs(String)[401]" classname="io.jbotsim.io.format.graph6.Graph6TopologySerializerTest" time="0.005"/>
  <testcase name="checkDecodeEncodeGraphs(String)[402]" classname="io.jbotsim.io.format.graph6.Graph6TopologySerializerTest" time="0.001"/>
  <testcase name="checkDecodeEncodeGraphs(String)[403]" classname="io.jbotsim.io.format.graph6.Graph6TopologySerializerTest" time="0.0"/>
  <testcase name="checkDecodeEncodeGraphs(String)[404]" classname="io.jbotsim.io.format.graph6.Graph6TopologySerializerTest" time="0.001"/>
  <testcase name="checkDecodeEncodeGraphs(String)[405]" classname="io.jbotsim.io.format.graph6.Graph6TopologySerializerTest" time="0.001"/>
  <testcase name="checkDecodeEncodeGraphs(String)[406]" classname="io.jbotsim.io.format.graph6.Graph6TopologySerializerTest" time="0.001"/>
  <testcase name="checkDecodeEncodeGraphs(String)[407]" classname="io.jbotsim.io.format.graph6.Graph6TopologySerializerTest" time="0.001"/>
  <testcase name="checkDecodeEncodeGraphs(String)[408]" classname="io.jbotsim.io.format.graph6.Graph6TopologySerializerTest" time="0.0"/>
  <testcase name="checkDecodeEncodeGraphs(String)[409]" classname="io.jbotsim.io.format.graph6.Graph6TopologySerializerTest" time="0.0"/>
  <testcase name="checkDecodeEncodeGraphs(String)[410]" classname="io.jbotsim.io.format.graph6.Graph6TopologySerializerTest" time="0.001"/>
  <testcase name="checkDecodeEncodeGraphs(String)[411]" classname="io.jbotsim.io.format.graph6.Graph6TopologySerializerTest" time="0.001"/>
  <testcase name="checkDecodeEncodeGraphs(String)[412]" classname="io.jbotsim.io.format.graph6.Graph6TopologySerializerTest" time="0.0"/>
  <testcase name="checkDecodeEncodeGraphs(String)[413]" classname="io.jbotsim.io.format.graph6.Graph6TopologySerializerTest" time="0.001"/>
  <testcase name="checkDecodeEncodeGraphs(String)[414]" classname="io.jbotsim.io.format.graph6.Graph6TopologySerializerTest" time="0.0"/>
  <testcase name="checkDecodeEncodeGraphs(String)[415]" classname="io.jbotsim.io.format.graph6.Graph6TopologySerializerTest" time="0.001"/>
  <testcase name="checkDecodeEncodeGraphs(String)[416]" classname="io.jbotsim.io.format.graph6.Graph6TopologySerializerTest" time="0.001"/>
  <testcase name="checkDecodeEncodeGraphs(String)[417]" classname="io.jbotsim.io.format.graph6.Graph6TopologySerializerTest" time="0.0"/>
  <testcase name="checkDecodeEncodeGraphs(String)[418]" classname="io.jbotsim.io.format.graph6.Graph6TopologySerializerTest" time="0.001"/>
  <testcase name="checkDecodeEncodeGraphs(String)[419]" classname="io.jbotsim.io.format.graph6.Graph6TopologySerializerTest" time="0.0"/>
  <testcase name="checkDecodeEncodeGraphs(String)[420]" classname="io.jbotsim.io.format.graph6.Graph6TopologySerializerTest" time="0.001"/>
  <testcase name="checkDecodeEncodeGraphs(String)[421]" classname="io.jbotsim.io.format.graph6.Graph6TopologySerializerTest" time="0.0"/>
  <testcase name="checkDecodeEncodeGraphs(String)[422]" classname="io.jbotsim.io.format.graph6.Graph6TopologySerializerTest" time="0.001"/>
  <testcase name="checkDecodeEncodeGraphs(String)[423]" classname="io.jbotsim.io.format.graph6.Graph6TopologySerializerTest" time="0.004"/>
  <testcase name="checkDecodeEncodeGraphs(String)[424]" classname="io.jbotsim.io.format.graph6.Graph6TopologySerializerTest" time="0.001"/>
  <testcase name="checkDecodeEncodeGraphs(String)[425]" classname="io.jbotsim.io.format.graph6.Graph6TopologySerializerTest" time="0.002"/>
  <testcase name="checkDecodeEncodeGraphs(String)[426]" classname="io.jbotsim.io.format.graph6.Graph6TopologySerializerTest" time="0.002"/>
  <testcase name="checkDecodeEncodeGraphs(String)[427]" classname="io.jbotsim.io.format.graph6.Graph6TopologySerializerTest" time="0.001"/>
  <testcase name="checkDecodeEncodeGraphs(String)[428]" classname="io.jbotsim.io.format.graph6.Graph6TopologySerializerTest" time="0.001"/>
  <testcase name="checkDecodeEncodeGraphs(String)[429]" classname="io.jbotsim.io.format.graph6.Graph6TopologySerializerTest" time="0.001"/>
  <testcase name="checkDecodeEncodeGraphs(String)[430]" classname="io.jbotsim.io.format.graph6.Graph6TopologySerializerTest" time="0.0"/>
  <testcase name="checkDecodeEncodeGraphs(String)[431]" classname="io.jbotsim.io.format.graph6.Graph6TopologySerializerTest" time="0.003"/>
  <testcase name="checkDecodeEncodeGraphs(String)[432]" classname="io.jbotsim.io.format.graph6.Graph6TopologySerializerTest" time="0.001"/>
  <testcase name="checkDecodeEncodeGraphs(String)[433]" classname="io.jbotsim.io.format.graph6.Graph6TopologySerializerTest" time="0.001"/>
  <testcase name="checkDecodeEncodeGraphs(String)[434]" classname="io.jbotsim.io.format.graph6.Graph6TopologySerializerTest" time="0.001"/>
  <testcase name="checkDecodeEncodeGraphs(String)[435]" classname="io.jbotsim.io.format.graph6.Graph6TopologySerializerTest" time="0.001"/>
  <testcase name="checkDecodeEncodeGraphs(String)[436]" classname="io.jbotsim.io.format.graph6.Graph6TopologySerializerTest" time="0.001"/>
  <testcase name="checkDecodeEncodeGraphs(String)[437]" classname="io.jbotsim.io.format.graph6.Graph6TopologySerializerTest" time="0.001"/>
  <testcase name="checkDecodeEncodeGraphs(String)[438]" classname="io.jbotsim.io.format.graph6.Graph6TopologySerializerTest" time="0.0"/>
  <testcase name="checkDecodeEncodeGraphs(String)[439]" classname="io.jbotsim.io.format.graph6.Graph6TopologySerializerTest" time="0.001"/>
  <testcase name="checkDecodeEncodeGraphs(String)[440]" classname="io.jbotsim.io.format.graph6.Graph6TopologySerializerTest" time="0.001"/>
  <testcase name="checkDecodeEncodeGraphs(String)[441]" classname="io.jbotsim.io.format.graph6.Graph6TopologySerializerTest" time="0.0"/>
  <testcase name="checkDecodeEncodeGraphs(String)[442]" classname="io.jbotsim.io.format.graph6.Graph6TopologySerializerTest" time="0.001"/>
  <testcase name="checkDecodeEncodeGraphs(String)[443]" classname="io.jbotsim.io.format.graph6.Graph6TopologySerializerTest" time="0.001"/>
  <testcase name="checkDecodeEncodeGraphs(String)[444]" classname="io.jbotsim.io.format.graph6.Graph6TopologySerializerTest" time="0.001"/>
  <testcase name="checkDecodeEncodeGraphs(String)[445]" classname="io.jbotsim.io.format.graph6.Graph6TopologySerializerTest" time="0.001"/>
  <testcase name="checkDecodeEncodeGraphs(String)[446]" classname="io.jbotsim.io.format.graph6.Graph6TopologySerializerTest" time="0.001"/>
  <testcase name="checkDecodeEncodeGraphs(String)[447]" classname="io.jbotsim.io.format.graph6.Graph6TopologySerializerTest" time="0.005"/>
  <testcase name="checkDecodeEncodeGraphs(String)[448]" classname="io.jbotsim.io.format.graph6.Graph6TopologySerializerTest" time="0.001"/>
  <testcase name="checkDecodeEncodeGraphs(String)[449]" classname="io.jbotsim.io.format.graph6.Graph6TopologySerializerTest" time="0.001"/>
  <testcase name="checkDecodeEncodeGraphs(String)[450]" classname="io.jbotsim.io.format.graph6.Graph6TopologySerializerTest" time="0.001"/>
  <testcase name="checkDecodeEncodeGraphs(String)[451]" classname="io.jbotsim.io.format.graph6.Graph6TopologySerializerTest" time="0.001"/>
  <testcase name="checkDecodeEncodeGraphs(String)[452]" classname="io.jbotsim.io.format.graph6.Graph6TopologySerializerTest" time="0.001"/>
  <testcase name="checkDecodeEncodeGraphs(String)[453]" classname="io.jbotsim.io.format.graph6.Graph6TopologySerializerTest" time="0.001"/>
  <testcase name="checkDecodeEncodeGraphs(String)[454]" classname="io.jbotsim.io.format.graph6.Graph6TopologySerializerTest" time="0.001"/>
  <testcase name="checkDecodeEncodeGraphs(String)[455]" classname="io.jbotsim.io.format.graph6.Graph6TopologySerializerTest" time="0.005"/>
  <testcase name="checkDecodeEncodeGraphs(String)[456]" classname="io.jbotsim.io.format.graph6.Graph6TopologySerializerTest" time="0.001"/>
  <testcase name="checkDecodeEncodeGraphs(String)[457]" classname="io.jbotsim.io.format.graph6.Graph6TopologySerializerTest" time="0.007"/>
  <testcase name="checkDecodeEncodeGraphs(String)[458]" classname="io.jbotsim.io.format.graph6.Graph6TopologySerializerTest" time="0.004"/>
  <testcase name="checkDecodeEncodeGraphs(String)[459]" classname="io.jbotsim.io.format.graph6.Graph6TopologySerializerTest" time="0.003"/>
  <testcase name="checkDecodeEncodeGraphs(String)[460]" classname="io.jbotsim.io.format.graph6.Graph6TopologySerializerTest" time="0.001"/>
  <testcase name="checkDecodeEncodeGraphs(String)[461]" classname="io.jbotsim.io.format.graph6.Graph6TopologySerializerTest" time="0.001"/>
  <testcase name="checkDecodeEncodeGraphs(String)[462]" classname="io.jbotsim.io.format.graph6.Graph6TopologySerializerTest" time="0.001"/>
  <testcase name="checkDecodeEncodeGraphs(String)[463]" classname="io.jbotsim.io.format.graph6.Graph6TopologySerializerTest" time="0.007"/>
  <testcase name="checkDecodeEncodeGraphs(String)[464]" classname="io.jbotsim.io.format.graph6.Graph6TopologySerializerTest" time="0.001"/>
  <testcase name="checkDecodeEncodeGraphs(String)[465]" classname="io.jbotsim.io.format.graph6.Graph6TopologySerializerTest" time="0.001"/>
  <testcase name="checkDecodeEncodeGraphs(String)[466]" classname="io.jbotsim.io.format.graph6.Graph6TopologySerializerTest" time="0.004"/>
  <testcase name="checkDecodeEncodeGraphs(String)[467]" classname="io.jbotsim.io.format.graph6.Graph6TopologySerializerTest" time="0.001"/>
  <testcase name="checkDecodeEncodeGraphs(String)[468]" classname="io.jbotsim.io.format.graph6.Graph6TopologySerializerTest" time="0.005"/>
  <testcase name="checkDecodeEncodeGraphs(String)[469]" classname="io.jbotsim.io.format.graph6.Graph6TopologySerializerTest" time="0.003"/>
  <testcase name="checkDecodeEncodeGraphs(String)[470]" classname="io.jbotsim.io.format.graph6.Graph6TopologySerializerTest" time="0.001"/>
  <testcase name="checkDecodeEncodeGraphs(String)[471]" classname="io.jbotsim.io.format.graph6.Graph6TopologySerializerTest" time="0.003"/>
  <testcase name="checkDecodeEncodeGraphs(String)[472]" classname="io.jbotsim.io.format.graph6.Graph6TopologySerializerTest" time="0.004"/>
  <testcase name="checkDecodeEncodeGraphs(String)[473]" classname="io.jbotsim.io.format.graph6.Graph6TopologySerializerTest" time="0.001"/>
  <testcase name="checkDecodeEncodeGraphs(String)[474]" classname="io.jbotsim.io.format.graph6.Graph6TopologySerializerTest" time="0.001"/>
  <testcase name="checkDecodeEncodeGraphs(String)[475]" classname="io.jbotsim.io.format.graph6.Graph6TopologySerializerTest" time="0.002"/>
  <testcase name="checkDecodeEncodeGraphs(String)[476]" classname="io.jbotsim.io.format.graph6.Graph6TopologySerializerTest" time="0.002"/>
  <testcase name="checkDecodeEncodeGraphs(String)[477]" classname="io.jbotsim.io.format.graph6.Graph6TopologySerializerTest" time="0.001"/>
  <testcase name="checkDecodeEncodeGraphs(String)[478]" classname="io.jbotsim.io.format.graph6.Graph6TopologySerializerTest" time="0.003"/>
  <testcase name="checkDecodeEncodeGraphs(String)[479]" classname="io.jbotsim.io.format.graph6.Graph6TopologySerializerTest" time="0.006"/>
  <testcase name="checkDecodeEncodeGraphs(String)[480]" classname="io.jbotsim.io.format.graph6.Graph6TopologySerializerTest" time="0.001"/>
  <testcase name="checkDecodeEncodeGraphs(String)[481]" classname="io.jbotsim.io.format.graph6.Graph6TopologySerializerTest" time="0.001"/>
  <testcase name="checkDecodeEncodeGraphs(String)[482]" classname="io.jbotsim.io.format.graph6.Graph6TopologySerializerTest" time="0.002"/>
  <testcase name="checkDecodeEncodeGraphs(String)[483]" classname="io.jbotsim.io.format.graph6.Graph6TopologySerializerTest" time="0.004"/>
  <testcase name="checkDecodeEncodeGraphs(String)[484]" classname="io.jbotsim.io.format.graph6.Graph6TopologySerializerTest" time="0.003"/>
  <testcase name="checkDecodeEncodeGraphs(String)[485]" classname="io.jbotsim.io.format.graph6.Graph6TopologySerializerTest" time="0.004"/>
  <testcase name="checkDecodeEncodeGraphs(String)[486]" classname="io.jbotsim.io.format.graph6.Graph6TopologySerializerTest" time="0.001"/>
  <testcase name="checkDecodeEncodeGraphs(String)[487]" classname="io.jbotsim.io.format.graph6.Graph6TopologySerializerTest" time="0.001"/>
  <testcase name="checkDecodeEncodeGraphs(String)[488]" classname="io.jbotsim.io.format.graph6.Graph6TopologySerializerTest" time="0.002"/>
  <testcase name="checkDecodeEncodeGraphs(String)[489]" classname="io.jbotsim.io.format.graph6.Graph6TopologySerializerTest" time="0.001"/>
  <testcase name="checkDecodeEncodeGraphs(String)[490]" classname="io.jbotsim.io.format.graph6.Graph6TopologySerializerTest" time="0.001"/>
  <testcase name="checkDecodeEncodeGraphs(String)[491]" classname="io.jbotsim.io.format.graph6.Graph6TopologySerializerTest" time="0.004"/>
  <testcase name="checkDecodeEncodeGraphs(String)[492]" classname="io.jbotsim.io.format.graph6.Graph6TopologySerializerTest" time="0.001"/>
  <testcase name="checkDecodeEncodeGraphs(String)[493]" classname="io.jbotsim.io.format.graph6.Graph6TopologySerializerTest" time="0.001"/>
  <testcase name="checkDecodeEncodeGraphs(String)[494]" classname="io.jbotsim.io.format.graph6.Graph6TopologySerializerTest" time="0.001"/>
  <testcase name="checkDecodeEncodeGraphs(String)[495]" classname="io.jbotsim.io.format.graph6.Graph6TopologySerializerTest" time="0.001"/>
  <testcase name="checkDecodeEncodeGraphs(String)[496]" classname="io.jbotsim.io.format.graph6.Graph6TopologySerializerTest" time="0.001"/>
  <testcase name="checkDecodeEncodeGraphs(String)[497]" classname="io.jbotsim.io.format.graph6.Graph6TopologySerializerTest" time="0.001"/>
  <testcase name="checkDecodeEncodeGraphs(String)[498]" classname="io.jbotsim.io.format.graph6.Graph6TopologySerializerTest" time="0.001"/>
  <testcase name="checkDecodeEncodeGraphs(String)[499]" classname="io.jbotsim.io.format.graph6.Graph6TopologySerializerTest" time="0.001"/>
  <testcase name="checkDecodeEncodeGraphs(String)[500]" classname="io.jbotsim.io.format.graph6.Graph6TopologySerializerTest" time="0.001"/>
  <testcase name="checkDecodeEncodeGraphs(String)[501]" classname="io.jbotsim.io.format.graph6.Graph6TopologySerializerTest" time="0.002"/>
  <testcase name="checkDecodeEncodeGraphs(String)[502]" classname="io.jbotsim.io.format.graph6.Graph6TopologySerializerTest" time="0.001"/>
  <testcase name="checkDecodeEncodeGraphs(String)[503]" classname="io.jbotsim.io.format.graph6.Graph6TopologySerializerTest" time="0.001"/>
  <testcase name="checkDecodeEncodeGraphs(String)[504]" classname="io.jbotsim.io.format.graph6.Graph6TopologySerializerTest" time="0.005"/>
  <testcase name="checkDecodeEncodeGraphs(String)[505]" classname="io.jbotsim.io.format.graph6.Graph6TopologySerializerTest" time="0.0"/>
  <testcase name="checkDecodeEncodeGraphs(String)[506]" classname="io.jbotsim.io.format.graph6.Graph6TopologySerializerTest" time="0.001"/>
  <testcase name="checkDecodeEncodeGraphs(String)[507]" classname="io.jbotsim.io.format.graph6.Graph6TopologySerializerTest" time="0.001"/>
  <testcase name="checkDecodeEncodeGraphs(String)[508]" classname="io.jbotsim.io.format.graph6.Graph6TopologySerializerTest" time="0.004"/>
  <testcase name="checkDecodeEncodeGraphs(String)[509]" classname="io.jbotsim.io.format.graph6.Graph6TopologySerializerTest" time="0.001"/>
  <testcase name="checkDecodeEncodeGraphs(String)[510]" classname="io.jbotsim.io.format.graph6.Graph6TopologySerializerTest" time="0.001"/>
  <testcase name="checkDecodeEncodeGraphs(String)[511]" classname="io.jbotsim.io.format.graph6.Graph6TopologySerializerTest" time="0.004"/>
  <testcase name="checkDecodeEncodeGraphs(String)[512]" classname="io.jbotsim.io.format.graph6.Graph6TopologySerializerTest" time="0.001"/>
  <testcase name="checkDecodeEncodeGraphs(String)[513]" classname="io.jbotsim.io.format.graph6.Graph6TopologySerializerTest" time="0.001"/>
  <testcase name="checkDecodeEncodeGraphs(String)[514]" classname="io.jbotsim.io.format.graph6.Graph6TopologySerializerTest" time="0.001"/>
  <testcase name="checkDecodeEncodeGraphs(String)[515]" classname="io.jbotsim.io.format.graph6.Graph6TopologySerializerTest" time="0.0"/>
  <testcase name="checkDecodeEncodeGraphs(String)[516]" classname="io.jbotsim.io.format.graph6.Graph6TopologySerializerTest" time="0.001"/>
  <testcase name="checkDecodeEncodeGraphs(String)[517]" classname="io.jbotsim.io.format.graph6.Graph6TopologySerializerTest" time="0.001"/>
  <testcase name="checkDecodeEncodeGraphs(String)[518]" classname="io.jbotsim.io.format.graph6.Graph6TopologySerializerTest" time="0.001"/>
  <testcase name="checkDecodeEncodeGraphs(String)[519]" classname="io.jbotsim.io.format.graph6.Graph6TopologySerializerTest" time="0.001"/>
  <testcase name="checkDecodeEncodeGraphs(String)[520]" classname="io.jbotsim.io.format.graph6.Graph6TopologySerializerTest" time="0.002"/>
  <testcase name="checkDecodeEncodeGraphs(String)[521]" classname="io.jbotsim.io.format.graph6.Graph6TopologySerializerTest" time="0.0"/>
  <testcase name="checkDecodeEncodeGraphs(String)[522]" classname="io.jbotsim.io.format.graph6.Graph6TopologySerializerTest" time="0.0"/>
  <testcase name="checkDecodeEncodeGraphs(String)[523]" classname="io.jbotsim.io.format.graph6.Graph6TopologySerializerTest" time="0.0"/>
  <testcase name="checkDecodeEncodeGraphs(String)[524]" classname="io.jbotsim.io.format.graph6.Graph6TopologySerializerTest" time="0.0"/>
  <testcase name="checkDecodeEncodeGraphs(String)[525]" classname="io.jbotsim.io.format.graph6.Graph6TopologySerializerTest" time="0.0"/>
  <testcase name="checkDecodeEncodeGraphs(String)[526]" classname="io.jbotsim.io.format.graph6.Graph6TopologySerializerTest" time="0.0"/>
  <testcase name="checkDecodeEncodeGraphs(String)[527]" classname="io.jbotsim.io.format.graph6.Graph6TopologySerializerTest" time="0.002"/>
  <testcase name="checkDecodeEncodeGraphs(String)[528]" classname="io.jbotsim.io.format.graph6.Graph6TopologySerializerTest" time="0.001"/>
  <testcase name="checkDecodeEncodeGraphs(String)[529]" classname="io.jbotsim.io.format.graph6.Graph6TopologySerializerTest" time="0.0"/>
  <testcase name="checkDecodeEncodeGraphs(String)[530]" classname="io.jbotsim.io.format.graph6.Graph6TopologySerializerTest" time="0.001"/>
  <testcase name="checkDecodeEncodeGraphs(String)[531]" classname="io.jbotsim.io.format.graph6.Graph6TopologySerializerTest" time="0.001"/>
  <testcase name="checkDecodeEncodeGraphs(String)[532]" classname="io.jbotsim.io.format.graph6.Graph6TopologySerializerTest" time="0.003"/>
  <testcase name="checkDecodeEncodeGraphs(String)[533]" classname="io.jbotsim.io.format.graph6.Graph6TopologySerializerTest" time="0.0"/>
  <testcase name="checkDecodeEncodeGraphs(String)[534]" classname="io.jbotsim.io.format.graph6.Graph6TopologySerializerTest" time="0.0"/>
  <testcase name="checkDecodeEncodeGraphs(String)[535]" classname="io.jbotsim.io.format.graph6.Graph6TopologySerializerTest" time="0.001"/>
  <testcase name="checkDecodeEncodeGraphs(String)[536]" classname="io.jbotsim.io.format.graph6.Graph6TopologySerializerTest" time="0.0"/>
  <testcase name="checkDecodeEncodeGraphs(String)[537]" classname="io.jbotsim.io.format.graph6.Graph6TopologySerializerTest" time="0.001"/>
  <testcase name="checkDecodeEncodeGraphs(String)[538]" classname="io.jbotsim.io.format.graph6.Graph6TopologySerializerTest" time="0.0"/>
  <testcase name="checkDecodeEncodeGraphs(String)[539]" classname="io.jbotsim.io.format.graph6.Graph6TopologySerializerTest" time="0.001"/>
  <testcase name="checkDecodeEncodeGraphs(String)[540]" classname="io.jbotsim.io.format.graph6.Graph6TopologySerializerTest" time="0.001"/>
  <testcase name="checkDecodeEncodeGraphs(String)[541]" classname="io.jbotsim.io.format.graph6.Graph6TopologySerializerTest" time="0.0"/>
  <testcase name="checkDecodeEncodeGraphs(String)[542]" classname="io.jbotsim.io.format.graph6.Graph6TopologySerializerTest" time="0.0"/>
  <testcase name="checkDecodeEncodeGraphs(String)[543]" classname="io.jbotsim.io.format.graph6.Graph6TopologySerializerTest" time="0.0"/>
  <testcase name="checkDecodeEncodeGraphs(String)[544]" classname="io.jbotsim.io.format.graph6.Graph6TopologySerializerTest" time="0.0"/>
  <testcase name="checkDecodeEncodeGraphs(String)[545]" classname="io.jbotsim.io.format.graph6.Graph6TopologySerializerTest" time="0.001"/>
  <testcase name="checkDecodeEncodeGraphs(String)[546]" classname="io.jbotsim.io.format.graph6.Graph6TopologySerializerTest" time="0.0"/>
  <testcase name="checkDecodeEncodeGraphs(String)[547]" classname="io.jbotsim.io.format.graph6.Graph6TopologySerializerTest" time="0.0"/>
  <testcase name="checkDecodeEncodeGraphs(String)[548]" classname="io.jbotsim.io.format.graph6.Graph6TopologySerializerTest" time="0.0"/>
  <testcase name="checkDecodeEncodeGraphs(String)[549]" classname="io.jbotsim.io.format.graph6.Graph6TopologySerializerTest" time="0.004"/>
  <testcase name="checkDecodeEncodeGraphs(String)[550]" classname="io.jbotsim.io.format.graph6.Graph6TopologySerializerTest" time="0.0"/>
  <testcase name="checkDecodeEncodeGraphs(String)[551]" classname="io.jbotsim.io.format.graph6.Graph6TopologySerializerTest" time="0.0"/>
  <testcase name="checkDecodeEncodeGraphs(String)[552]" classname="io.jbotsim.io.format.graph6.Graph6TopologySerializerTest" time="0.0"/>
  <testcase name="checkDecodeEncodeGraphs(String)[553]" classname="io.jbotsim.io.format.graph6.Graph6TopologySerializerTest" time="0.001"/>
  <testcase name="checkDecodeEncodeGraphs(String)[554]" classname="io.jbotsim.io.format.graph6.Graph6TopologySerializerTest" time="0.0"/>
  <testcase name="checkDecodeEncodeGraphs(String)[555]" classname="io.jbotsim.io.format.graph6.Graph6TopologySerializerTest" time="0.001"/>
  <testcase name="checkDecodeEncodeGraphs(String)[556]" classname="io.jbotsim.io.format.graph6.Graph6TopologySerializerTest" time="0.001"/>
  <testcase name="checkDecodeEncodeGraphs(String)[557]" classname="io.jbotsim.io.format.graph6.Graph6TopologySerializerTest" time="0.004"/>
  <testcase name="checkDecodeEncodeGraphs(String)[558]" classname="io.jbotsim.io.format.graph6.Graph6TopologySerializerTest" time="0.0"/>
  <testcase name="checkDecodeEncodeGraphs(String)[559]" classname="io.jbotsim.io.format.graph6.Graph6TopologySerializerTest" time="0.0"/>
  <testcase name="checkDecodeEncodeGraphs(String)[560]" classname="io.jbotsim.io.format.graph6.Graph6TopologySerializerTest" time="0.0"/>
  <testcase name="checkDecodeEncodeGraphs(String)[561]" classname="io.jbotsim.io.format.graph6.Graph6TopologySerializerTest" time="0.0"/>
  <testcase name="checkDecodeEncodeGraphs(String)[562]" classname="io.jbotsim.io.format.graph6.Graph6TopologySerializerTest" time="0.0"/>
  <testcase name="checkDecodeEncodeGraphs(String)[563]" classname="io.jbotsim.io.format.graph6.Graph6TopologySerializerTest" time="0.0"/>
  <testcase name="checkDecodeEncodeGraphs(String)[564]" classname="io.jbotsim.io.format.graph6.Graph6TopologySerializerTest" time="0.0"/>
  <testcase name="checkDecodeEncodeGraphs(String)[565]" classname="io.jbotsim.io.format.graph6.Graph6TopologySerializerTest" time="0.0"/>
  <testcase name="checkDecodeEncodeGraphs(String)[566]" classname="io.jbotsim.io.format.graph6.Graph6TopologySerializerTest" time="0.001"/>
  <testcase name="checkDecodeEncodeGraphs(String)[567]" classname="io.jbotsim.io.format.graph6.Graph6TopologySerializerTest" time="0.0"/>
  <testcase name="checkDecodeEncodeGraphs(String)[568]" classname="io.jbotsim.io.format.graph6.Graph6TopologySerializerTest" time="0.001"/>
  <testcase name="checkDecodeEncodeGraphs(String)[569]" classname="io.jbotsim.io.format.graph6.Graph6TopologySerializerTest" time="0.002"/>
  <testcase name="checkDecodeEncodeGraphs(String)[570]" classname="io.jbotsim.io.format.graph6.Graph6TopologySerializerTest" time="0.001"/>
  <testcase name="checkDecodeEncodeGraphs(String)[571]" classname="io.jbotsim.io.format.graph6.Graph6TopologySerializerTest" time="0.001"/>
  <testcase name="checkDecodeEncodeGraphs(String)[572]" classname="io.jbotsim.io.format.graph6.Graph6TopologySerializerTest" time="0.001"/>
  <testcase name="checkDecodeEncodeGraphs(String)[573]" classname="io.jbotsim.io.format.graph6.Graph6TopologySerializerTest" time="0.0"/>
  <testcase name="checkDecodeEncodeGraphs(String)[574]" classname="io.jbotsim.io.format.graph6.Graph6TopologySerializerTest" time="0.001"/>
  <testcase name="checkDecodeEncodeGraphs(String)[575]" classname="io.jbotsim.io.format.graph6.Graph6TopologySerializerTest" time="0.0"/>
  <testcase name="checkDecodeEncodeGraphs(String)[576]" classname="io.jbotsim.io.format.graph6.Graph6TopologySerializerTest" time="0.001"/>
  <testcase name="checkDecodeEncodeGraphs(String)[577]" classname="io.jbotsim.io.format.graph6.Graph6TopologySerializerTest" time="0.0"/>
  <testcase name="checkDecodeEncodeGraphs(String)[578]" classname="io.jbotsim.io.format.graph6.Graph6TopologySerializerTest" time="0.001"/>
  <testcase name="checkDecodeEncodeGraphs(String)[579]" classname="io.jbotsim.io.format.graph6.Graph6TopologySerializerTest" time="0.003"/>
  <testcase name="checkDecodeEncodeGraphs(String)[580]" classname="io.jbotsim.io.format.graph6.Graph6TopologySerializerTest" time="0.0"/>
  <testcase name="checkDecodeEncodeGraphs(String)[581]" classname="io.jbotsim.io.format.graph6.Graph6TopologySerializerTest" time="0.0"/>
  <testcase name="checkDecodeEncodeGraphs(String)[582]" classname="io.jbotsim.io.format.graph6.Graph6TopologySerializerTest" time="0.0"/>
  <testcase name="checkDecodeEncodeGraphs(String)[583]" classname="io.jbotsim.io.format.graph6.Graph6TopologySerializerTest" time="0.0"/>
  <testcase name="checkDecodeEncodeGraphs(String)[584]" classname="io.jbotsim.io.format.graph6.Graph6TopologySerializerTest" time="0.001"/>
  <testcase name="checkDecodeEncodeGraphs(String)[585]" classname="io.jbotsim.io.format.graph6.Graph6TopologySerializerTest" time="0.005"/>
  <testcase name="checkDecodeEncodeGraphs(String)[586]" classname="io.jbotsim.io.format.graph6.Graph6TopologySerializerTest" time="0.001"/>
  <testcase name="checkDecodeEncodeGraphs(String)[587]" classname="io.jbotsim.io.format.graph6.Graph6TopologySerializerTest" time="0.001"/>
  <testcase name="checkDecodeEncodeGraphs(String)[588]" classname="io.jbotsim.io.format.graph6.Graph6TopologySerializerTest" time="0.001"/>
  <testcase name="checkDecodeEncodeGraphs(String)[589]" classname="io.jbotsim.io.format.graph6.Graph6TopologySerializerTest" time="0.001"/>
  <testcase name="checkDecodeEncodeGraphs(String)[590]" classname="io.jbotsim.io.format.graph6.Graph6TopologySerializerTest" time="0.0"/>
  <testcase name="checkDecodeEncodeGraphs(String)[591]" classname="io.jbotsim.io.format.graph6.Graph6TopologySerializerTest" time="0.001"/>
  <testcase name="checkDecodeEncodeGraphs(String)[592]" classname="io.jbotsim.io.format.graph6.Graph6TopologySerializerTest" time="0.003"/>
  <testcase name="checkDecodeEncodeGraphs(String)[593]" classname="io.jbotsim.io.format.graph6.Graph6TopologySerializerTest" time="0.0"/>
  <testcase name="checkDecodeEncodeGraphs(String)[594]" classname="io.jbotsim.io.format.graph6.Graph6TopologySerializerTest" time="0.001"/>
  <testcase name="checkDecodeEncodeGraphs(String)[595]" classname="io.jbotsim.io.format.graph6.Graph6TopologySerializerTest" time="0.0"/>
  <testcase name="checkDecodeEncodeGraphs(String)[596]" classname="io.jbotsim.io.format.graph6.Graph6TopologySerializerTest" time="0.0"/>
  <testcase name="checkDecodeEncodeGraphs(String)[597]" classname="io.jbotsim.io.format.graph6.Graph6TopologySerializerTest" time="0.0"/>
  <testcase name="checkDecodeEncodeGraphs(String)[598]" classname="io.jbotsim.io.format.graph6.Graph6TopologySerializerTest" time="0.001"/>
  <testcase name="checkDecodeEncodeGraphs(String)[599]" classname="io.jbotsim.io.format.graph6.Graph6TopologySerializerTest" time="0.001"/>
  <testcase name="checkDecodeEncodeGraphs(String)[600]" classname="io.jbotsim.io.format.graph6.Graph6TopologySerializerTest" time="0.002"/>
  <testcase name="checkDecodeEncodeGraphs(String)[601]" classname="io.jbotsim.io.format.graph6.Graph6TopologySerializerTest" time="0.0"/>
  <testcase name="checkDecodeEncodeGraphs(String)[602]" classname="io.jbotsim.io.format.graph6.Graph6TopologySerializerTest" time="0.0"/>
  <testcase name="checkDecodeEncodeGraphs(String)[603]" classname="io.jbotsim.io.format.graph6.Graph6TopologySerializerTest" time="0.003"/>
  <testcase name="checkDecodeEncodeGraphs(String)[604]" classname="io.jbotsim.io.format.graph6.Graph6TopologySerializerTest" time="0.001"/>
  <testcase name="checkDecodeEncodeGraphs(String)[605]" classname="io.jbotsim.io.format.graph6.Graph6TopologySerializerTest" time="0.0"/>
  <testcase name="checkDecodeEncodeGraphs(String)[606]" classname="io.jbotsim.io.format.graph6.Graph6TopologySerializerTest" time="0.0"/>
  <testcase name="checkDecodeEncodeGraphs(String)[607]" classname="io.jbotsim.io.format.graph6.Graph6TopologySerializerTest" time="0.003"/>
  <testcase name="checkDecodeEncodeGraphs(String)[608]" classname="io.jbotsim.io.format.graph6.Graph6TopologySerializerTest" time="0.0"/>
  <testcase name="checkDecodeEncodeGraphs(String)[609]" classname="io.jbotsim.io.format.graph6.Graph6TopologySerializerTest" time="0.0"/>
  <testcase name="checkDecodeEncodeGraphs(String)[610]" classname="io.jbotsim.io.format.graph6.Graph6TopologySerializerTest" time="0.0"/>
  <testcase name="checkDecodeEncodeGraphs(String)[611]" classname="io.jbotsim.io.format.graph6.Graph6TopologySerializerTest" time="0.0"/>
  <testcase name="checkDecodeEncodeGraphs(String)[612]" classname="io.jbotsim.io.format.graph6.Graph6TopologySerializerTest" time="0.003"/>
  <testcase name="checkDecodeEncodeGraphs(String)[613]" classname="io.jbotsim.io.format.graph6.Graph6TopologySerializerTest" time="0.003"/>
  <testcase name="checkDecodeEncodeGraphs(String)[614]" classname="io.jbotsim.io.format.graph6.Graph6TopologySerializerTest" time="0.001"/>
  <testcase name="checkDecodeEncodeGraphs(String)[615]" classname="io.jbotsim.io.format.graph6.Graph6TopologySerializerTest" time="0.0"/>
  <testcase name="checkDecodeEncodeGraphs(String)[616]" classname="io.jbotsim.io.format.graph6.Graph6TopologySerializerTest" time="0.001"/>
  <testcase name="checkDecodeEncodeGraphs(String)[617]" classname="io.jbotsim.io.format.graph6.Graph6TopologySerializerTest" time="0.0"/>
  <testcase name="checkDecodeEncodeGraphs(String)[618]" classname="io.jbotsim.io.format.graph6.Graph6TopologySerializerTest" time="0.006"/>
  <testcase name="checkDecodeEncodeGraphs(String)[619]" classname="io.jbotsim.io.format.graph6.Graph6TopologySerializerTest" time="0.001"/>
  <testcase name="checkDecodeEncodeGraphs(String)[620]" classname="io.jbotsim.io.format.graph6.Graph6TopologySerializerTest" time="0.0"/>
  <testcase name="checkDecodeEncodeGraphs(String)[621]" classname="io.jbotsim.io.format.graph6.Graph6TopologySerializerTest" time="0.001"/>
  <testcase name="checkDecodeEncodeGraphs(String)[622]" classname="io.jbotsim.io.format.graph6.Graph6TopologySerializerTest" time="0.0"/>
  <testcase name="checkDecodeEncodeGraphs(String)[623]" classname="io.jbotsim.io.format.graph6.Graph6TopologySerializerTest" time="0.001"/>
  <testcase name="checkDecodeEncodeGraphs(String)[624]" classname="io.jbotsim.io.format.graph6.Graph6TopologySerializerTest" time="0.0"/>
  <testcase name="checkDecodeEncodeGraphs(String)[625]" classname="io.jbotsim.io.format.graph6.Graph6TopologySerializerTest" time="0.0"/>
  <testcase name="checkDecodeEncodeGraphs(String)[626]" classname="io.jbotsim.io.format.graph6.Graph6TopologySerializerTest" time="0.0"/>
  <testcase name="checkDecodeEncodeGraphs(String)[627]" classname="io.jbotsim.io.format.graph6.Graph6TopologySerializerTest" time="0.003"/>
  <testcase name="checkDecodeEncodeGraphs(String)[628]" classname="io.jbotsim.io.format.graph6.Graph6TopologySerializerTest" time="0.0"/>
  <testcase name="checkDecodeEncodeGraphs(String)[629]" classname="io.jbotsim.io.format.graph6.Graph6TopologySerializerTest" time="0.0"/>
  <testcase name="checkDecodeEncodeGraphs(String)[630]" classname="io.jbotsim.io.format.graph6.Graph6TopologySerializerTest" time="0.0"/>
  <testcase name="checkDecodeEncodeGraphs(String)[631]" classname="io.jbotsim.io.format.graph6.Graph6TopologySerializerTest" time="0.0"/>
  <testcase name="checkDecodeEncodeGraphs(String)[632]" classname="io.jbotsim.io.format.graph6.Graph6TopologySerializerTest" time="0.001"/>
  <testcase name="checkDecodeEncodeGraphs(String)[633]" classname="io.jbotsim.io.format.graph6.Graph6TopologySerializerTest" time="0.0"/>
  <testcase name="checkDecodeEncodeGraphs(String)[634]" classname="io.jbotsim.io.format.graph6.Graph6TopologySerializerTest" time="0.0"/>
  <testcase name="checkDecodeEncodeGraphs(String)[635]" classname="io.jbotsim.io.format.graph6.Graph6TopologySerializerTest" time="0.003"/>
  <testcase name="checkDecodeEncodeGraphs(String)[636]" classname="io.jbotsim.io.format.graph6.Graph6TopologySerializerTest" time="0.001"/>
  <testcase name="checkDecodeEncodeGraphs(String)[637]" classname="io.jbotsim.io.format.graph6.Graph6TopologySerializerTest" time="0.0"/>
  <testcase name="checkDecodeEncodeGraphs(String)[638]" classname="io.jbotsim.io.format.graph6.Graph6TopologySerializerTest" time="0.0"/>
  <testcase name="checkDecodeEncodeGraphs(String)[639]" classname="io.jbotsim.io.format.graph6.Graph6TopologySerializerTest" time="0.002"/>
  <testcase name="checkDecodeEncodeGraphs(String)[640]" classname="io.jbotsim.io.format.graph6.Graph6TopologySerializerTest" time="0.0"/>
  <testcase name="checkDecodeEncodeGraphs(String)[641]" classname="io.jbotsim.io.format.graph6.Graph6TopologySerializerTest" time="0.003"/>
  <testcase name="checkDecodeEncodeGraphs(String)[642]" classname="io.jbotsim.io.format.graph6.Graph6TopologySerializerTest" time="0.003"/>
  <testcase name="checkDecodeEncodeGraphs(String)[643]" classname="io.jbotsim.io.format.graph6.Graph6TopologySerializerTest" time="0.0"/>
  <testcase name="checkDecodeEncodeGraphs(String)[644]" classname="io.jbotsim.io.format.graph6.Graph6TopologySerializerTest" time="0.0"/>
  <testcase name="checkDecodeEncodeGraphs(String)[645]" classname="io.jbotsim.io.format.graph6.Graph6TopologySerializerTest" time="0.0"/>
  <testcase name="checkDecodeEncodeGraphs(String)[646]" classname="io.jbotsim.io.format.graph6.Graph6TopologySerializerTest" time="0.0"/>
  <testcase name="checkDecodeEncodeGraphs(String)[647]" classname="io.jbotsim.io.format.graph6.Graph6TopologySerializerTest" time="0.001"/>
  <testcase name="checkDecodeEncodeGraphs(String)[648]" classname="io.jbotsim.io.format.graph6.Graph6TopologySerializerTest" time="0.0"/>
  <testcase name="checkDecodeEncodeGraphs(String)[649]" classname="io.jbotsim.io.format.graph6.Graph6TopologySerializerTest" time="0.0"/>
  <testcase name="checkDecodeEncodeGraphs(String)[650]" classname="io.jbotsim.io.format.graph6.Graph6TopologySerializerTest" time="0.0"/>
  <testcase name="checkDecodeEncodeGraphs(String)[651]" classname="io.jbotsim.io.format.graph6.Graph6TopologySerializerTest" time="0.003"/>
  <testcase name="checkDecodeEncodeGraphs(String)[652]" classname="io.jbotsim.io.format.graph6.Graph6TopologySerializerTest" time="0.0"/>
  <testcase name="checkDecodeEncodeGraphs(String)[653]" classname="io.jbotsim.io.format.graph6.Graph6TopologySerializerTest" time="0.0"/>
  <testcase name="checkDecodeEncodeGraphs(String)[654]" classname="io.jbotsim.io.format.graph6.Graph6TopologySerializerTest" time="0.0"/>
  <testcase name="checkDecodeEncodeGraphs(String)[655]" classname="io.jbotsim.io.format.graph6.Graph6TopologySerializerTest" time="0.003"/>
  <testcase name="checkDecodeEncodeGraphs(String)[656]" classname="io.jbotsim.io.format.graph6.Graph6TopologySerializerTest" time="0.001"/>
  <testcase name="checkDecodeEncodeGraphs(String)[657]" classname="io.jbotsim.io.format.graph6.Graph6TopologySerializerTest" time="0.0"/>
  <testcase name="checkDecodeEncodeGraphs(String)[658]" classname="io.jbotsim.io.format.graph6.Graph6TopologySerializerTest" time="0.0"/>
  <testcase name="checkDecodeEncodeGraphs(String)[659]" classname="io.jbotsim.io.format.graph6.Graph6TopologySerializerTest" time="0.0"/>
  <testcase name="checkDecodeEncodeGraphs(String)[660]" classname="io.jbotsim.io.format.graph6.Graph6TopologySerializerTest" time="0.002"/>
  <testcase name="checkDecodeEncodeGraphs(String)[661]" classname="io.jbotsim.io.format.graph6.Graph6TopologySerializerTest" time="0.0"/>
  <testcase name="checkDecodeEncodeGraphs(String)[662]" classname="io.jbotsim.io.format.graph6.Graph6TopologySerializerTest" time="0.0"/>
  <testcase name="checkDecodeEncodeGraphs(String)[663]" classname="io.jbotsim.io.format.graph6.Graph6TopologySerializerTest" time="0.0"/>
  <testcase name="checkDecodeEncodeGraphs(String)[664]" classname="io.jbotsim.io.format.graph6.Graph6TopologySerializerTest" time="0.003"/>
  <testcase name="checkDecodeEncodeGraphs(String)[665]" classname="io.jbotsim.io.format.graph6.Graph6TopologySerializerTest" time="0.001"/>
  <testcase name="checkDecodeEncodeGraphs(String)[666]" classname="io.jbotsim.io.format.graph6.Graph6TopologySerializerTest" time="0.0"/>
  <testcase name="checkDecodeEncodeGraphs(String)[667]" classname="io.jbotsim.io.format.graph6.Graph6TopologySerializerTest" time="0.0"/>
  <testcase name="checkDecodeEncodeGraphs(String)[668]" classname="io.jbotsim.io.format.graph6.Graph6TopologySerializerTest" time="0.0"/>
  <testcase name="checkDecodeEncodeGraphs(String)[669]" classname="io.jbotsim.io.format.graph6.Graph6TopologySerializerTest" time="0.003"/>
  <testcase name="checkDecodeEncodeGraphs(String)[670]" classname="io.jbotsim.io.format.graph6.Graph6TopologySerializerTest" time="0.0"/>
  <testcase name="checkDecodeEncodeGraphs(String)[671]" classname="io.jbotsim.io.format.graph6.Graph6TopologySerializerTest" time="0.001"/>
  <testcase name="checkDecodeEncodeGraphs(String)[672]" classname="io.jbotsim.io.format.graph6.Graph6TopologySerializerTest" time="0.0"/>
  <testcase name="checkDecodeEncodeGraphs(String)[673]" classname="io.jbotsim.io.format.graph6.Graph6TopologySerializerTest" time="0.001"/>
  <testcase name="checkDecodeEncodeGraphs(String)[674]" classname="io.jbotsim.io.format.graph6.Graph6TopologySerializerTest" time="0.0"/>
  <testcase name="checkDecodeEncodeGraphs(String)[675]" classname="io.jbotsim.io.format.graph6.Graph6TopologySerializerTest" time="0.0"/>
  <testcase name="checkDecodeEncodeGraphs(String)[676]" classname="io.jbotsim.io.format.graph6.Graph6TopologySerializerTest" time="0.0"/>
  <testcase name="checkDecodeEncodeGraphs(String)[677]" classname="io.jbotsim.io.format.graph6.Graph6TopologySerializerTest" time="0.0"/>
  <testcase name="checkDecodeEncodeGraphs(String)[678]" classname="io.jbotsim.io.format.graph6.Graph6TopologySerializerTest" time="0.0"/>
  <testcase name="checkDecodeEncodeGraphs(String)[679]" classname="io.jbotsim.io.format.graph6.Graph6TopologySerializerTest" time="0.0"/>
  <testcase name="checkDecodeEncodeGraphs(String)[680]" classname="io.jbotsim.io.format.graph6.Graph6TopologySerializerTest" time="0.001"/>
  <testcase name="checkDecodeEncodeGraphs(String)[681]" classname="io.jbotsim.io.format.graph6.Graph6TopologySerializerTest" time="0.0"/>
  <testcase name="checkDecodeEncodeGraphs(String)[682]" classname="io.jbotsim.io.format.graph6.Graph6TopologySerializerTest" time="0.001"/>
  <testcase name="checkDecodeEncodeGraphs(String)[683]" classname="io.jbotsim.io.format.graph6.Graph6TopologySerializerTest" time="0.003"/>
  <testcase name="checkDecodeEncodeGraphs(String)[684]" classname="io.jbotsim.io.format.graph6.Graph6TopologySerializerTest" time="0.001"/>
  <testcase name="checkDecodeEncodeGraphs(String)[685]" classname="io.jbotsim.io.format.graph6.Graph6TopologySerializerTest" time="0.0"/>
  <testcase name="checkDecodeEncodeGraphs(String)[686]" classname="io.jbotsim.io.format.graph6.Graph6TopologySerializerTest" time="0.001"/>
  <testcase name="checkDecodeEncodeGraphs(String)[687]" classname="io.jbotsim.io.format.graph6.Graph6TopologySerializerTest" time="0.0"/>
  <testcase name="checkDecodeEncodeGraphs(String)[688]" classname="io.jbotsim.io.format.graph6.Graph6TopologySerializerTest" time="0.001"/>
  <testcase name="checkDecodeEncodeGraphs(String)[689]" classname="io.jbotsim.io.format.graph6.Graph6TopologySerializerTest" time="0.0"/>
  <testcase name="checkDecodeEncodeGraphs(String)[690]" classname="io.jbotsim.io.format.graph6.Graph6TopologySerializerTest" time="0.001"/>
  <testcase name="checkDecodeEncodeGraphs(String)[691]" classname="io.jbotsim.io.format.graph6.Graph6TopologySerializerTest" time="0.0"/>
  <testcase name="checkDecodeEncodeGraphs(String)[692]" classname="io.jbotsim.io.format.graph6.Graph6TopologySerializerTest" time="0.0"/>
  <testcase name="checkDecodeEncodeGraphs(String)[693]" classname="io.jbotsim.io.format.graph6.Graph6TopologySerializerTest" time="0.0"/>
  <testcase name="checkDecodeEncodeGraphs(String)[694]" classname="io.jbotsim.io.format.graph6.Graph6TopologySerializerTest" time="0.001"/>
  <testcase name="checkDecodeEncodeGraphs(String)[695]" classname="io.jbotsim.io.format.graph6.Graph6TopologySerializerTest" time="0.0"/>
  <testcase name="checkDecodeEncodeGraphs(String)[696]" classname="io.jbotsim.io.format.graph6.Graph6TopologySerializerTest" time="0.0"/>
  <testcase name="checkDecodeEncodeGraphs(String)[697]" classname="io.jbotsim.io.format.graph6.Graph6TopologySerializerTest" time="0.0"/>
  <testcase name="checkDecodeEncodeGraphs(String)[698]" classname="io.jbotsim.io.format.graph6.Graph6TopologySerializerTest" time="0.0"/>
  <testcase name="checkDecodeEncodeGraphs(String)[699]" classname="io.jbotsim.io.format.graph6.Graph6TopologySerializerTest" time="0.0"/>
  <testcase name="checkDecodeEncodeGraphs(String)[700]" classname="io.jbotsim.io.format.graph6.Graph6TopologySerializerTest" time="0.0"/>
  <testcase name="checkDecodeEncodeGraphs(String)[701]" classname="io.jbotsim.io.format.graph6.Graph6TopologySerializerTest" time="0.0"/>
  <testcase name="checkDecodeEncodeGraphs(String)[702]" classname="io.jbotsim.io.format.graph6.Graph6TopologySerializerTest" time="0.001"/>
  <testcase name="checkDecodeEncodeGraphs(String)[703]" classname="io.jbotsim.io.format.graph6.Graph6TopologySerializerTest" time="0.0"/>
  <testcase name="checkDecodeEncodeGraphs(String)[704]" classname="io.jbotsim.io.format.graph6.Graph6TopologySerializerTest" time="0.0"/>
  <testcase name="checkDecodeEncodeGraphs(String)[705]" classname="io.jbotsim.io.format.graph6.Graph6TopologySerializerTest" time="0.0"/>
  <testcase name="checkDecodeEncodeGraphs(String)[706]" classname="io.jbotsim.io.format.graph6.Graph6TopologySerializerTest" time="0.0"/>
  <testcase name="checkDecodeEncodeGraphs(String)[707]" classname="io.jbotsim.io.format.graph6.Graph6TopologySerializerTest" time="0.001"/>
  <testcase name="checkDecodeEncodeGraphs(String)[708]" classname="io.jbotsim.io.format.graph6.Graph6TopologySerializerTest" time="0.0"/>
  <testcase name="checkDecodeEncodeGraphs(String)[709]" classname="io.jbotsim.io.format.graph6.Graph6TopologySerializerTest" time="0.002"/>
  <testcase name="checkDecodeEncodeGraphs(String)[710]" classname="io.jbotsim.io.format.graph6.Graph6TopologySerializerTest" time="0.0"/>
  <testcase name="checkDecodeEncodeGraphs(String)[711]" classname="io.jbotsim.io.format.graph6.Graph6TopologySerializerTest" time="0.001"/>
  <testcase name="checkDecodeEncodeGraphs(String)[712]" classname="io.jbotsim.io.format.graph6.Graph6TopologySerializerTest" time="0.002"/>
  <testcase name="checkDecodeEncodeGraphs(String)[713]" classname="io.jbotsim.io.format.graph6.Graph6TopologySerializerTest" time="0.005"/>
  <testcase name="checkDecodeEncodeGraphs(String)[714]" classname="io.jbotsim.io.format.graph6.Graph6TopologySerializerTest" time="0.001"/>
  <testcase name="checkDecodeEncodeGraphs(String)[715]" classname="io.jbotsim.io.format.graph6.Graph6TopologySerializerTest" time="0.001"/>
  <testcase name="checkDecodeEncodeGraphs(String)[716]" classname="io.jbotsim.io.format.graph6.Graph6TopologySerializerTest" time="0.0"/>
  <testcase name="checkDecodeEncodeGraphs(String)[717]" classname="io.jbotsim.io.format.graph6.Graph6TopologySerializerTest" time="0.0"/>
  <testcase name="checkDecodeEncodeGraphs(String)[718]" classname="io.jbotsim.io.format.graph6.Graph6TopologySerializerTest" time="0.0"/>
  <testcase name="checkDecodeEncodeGraphs(String)[719]" classname="io.jbotsim.io.format.graph6.Graph6TopologySerializerTest" time="0.0"/>
  <testcase name="checkDecodeEncodeGraphs(String)[720]" classname="io.jbotsim.io.format.graph6.Graph6TopologySerializerTest" time="0.0"/>
  <testcase name="checkDecodeEncodeGraphs(String)[721]" classname="io.jbotsim.io.format.graph6.Graph6TopologySerializerTest" time="0.001"/>
  <testcase name="checkDecodeEncodeGraphs(String)[722]" classname="io.jbotsim.io.format.graph6.Graph6TopologySerializerTest" time="0.0"/>
  <testcase name="checkDecodeEncodeGraphs(String)[723]" classname="io.jbotsim.io.format.graph6.Graph6TopologySerializerTest" time="0.001"/>
  <testcase name="checkDecodeEncodeGraphs(String)[724]" classname="io.jbotsim.io.format.graph6.Graph6TopologySerializerTest" time="0.0"/>
  <testcase name="checkDecodeEncodeGraphs(String)[725]" classname="io.jbotsim.io.format.graph6.Graph6TopologySerializerTest" time="0.004"/>
  <testcase name="checkDecodeEncodeGraphs(String)[726]" classname="io.jbotsim.io.format.graph6.Graph6TopologySerializerTest" time="0.0"/>
  <testcase name="checkDecodeEncodeGraphs(String)[727]" classname="io.jbotsim.io.format.graph6.Graph6TopologySerializerTest" time="0.001"/>
  <testcase name="checkDecodeEncodeGraphs(String)[728]" classname="io.jbotsim.io.format.graph6.Graph6TopologySerializerTest" time="0.0"/>
  <testcase name="checkDecodeEncodeGraphs(String)[729]" classname="io.jbotsim.io.format.graph6.Graph6TopologySerializerTest" time="0.0"/>
  <testcase name="checkDecodeEncodeGraphs(String)[730]" classname="io.jbotsim.io.format.graph6.Graph6TopologySerializerTest" time="0.0"/>
  <testcase name="checkDecodeEncodeGraphs(String)[731]" classname="io.jbotsim.io.format.graph6.Graph6TopologySerializerTest" time="0.003"/>
  <testcase name="checkDecodeEncodeGraphs(String)[732]" classname="io.jbotsim.io.format.graph6.Graph6TopologySerializerTest" time="0.0"/>
  <testcase name="checkDecodeEncodeGraphs(String)[733]" classname="io.jbotsim.io.format.graph6.Graph6TopologySerializerTest" time="0.0"/>
  <testcase name="checkDecodeEncodeGraphs(String)[734]" classname="io.jbotsim.io.format.graph6.Graph6TopologySerializerTest" time="0.001"/>
  <testcase name="checkDecodeEncodeGraphs(String)[735]" classname="io.jbotsim.io.format.graph6.Graph6TopologySerializerTest" time="0.0"/>
  <testcase name="checkDecodeEncodeGraphs(String)[736]" classname="io.jbotsim.io.format.graph6.Graph6TopologySerializerTest" time="0.005"/>
  <testcase name="checkDecodeEncodeGraphs(String)[737]" classname="io.jbotsim.io.format.graph6.Graph6TopologySerializerTest" time="0.0"/>
  <testcase name="checkDecodeEncodeGraphs(String)[738]" classname="io.jbotsim.io.format.graph6.Graph6TopologySerializerTest" time="0.001"/>
  <testcase name="checkDecodeEncodeGraphs(String)[739]" classname="io.jbotsim.io.format.graph6.Graph6TopologySerializerTest" time="0.001"/>
  <testcase name="checkDecodeEncodeGraphs(String)[740]" classname="io.jbotsim.io.format.graph6.Graph6TopologySerializerTest" time="0.001"/>
  <testcase name="checkDecodeEncodeGraphs(String)[741]" classname="io.jbotsim.io.format.graph6.Graph6TopologySerializerTest" time="0.001"/>
  <testcase name="checkDecodeEncodeGraphs(String)[742]" classname="io.jbotsim.io.format.graph6.Graph6TopologySerializerTest" time="0.0"/>
  <testcase name="checkDecodeEncodeGraphs(String)[743]" classname="io.jbotsim.io.format.graph6.Graph6TopologySerializerTest" time="0.002"/>
  <testcase name="checkDecodeEncodeGraphs(String)[744]" classname="io.jbotsim.io.format.graph6.Graph6TopologySerializerTest" time="0.0"/>
  <testcase name="checkDecodeEncodeGraphs(String)[745]" classname="io.jbotsim.io.format.graph6.Graph6TopologySerializerTest" time="0.0"/>
  <testcase name="checkDecodeEncodeGraphs(String)[746]" classname="io.jbotsim.io.format.graph6.Graph6TopologySerializerTest" time="0.001"/>
  <testcase name="checkDecodeEncodeGraphs(String)[747]" classname="io.jbotsim.io.format.graph6.Graph6TopologySerializerTest" time="0.0"/>
  <testcase name="checkDecodeEncodeGraphs(String)[748]" classname="io.jbotsim.io.format.graph6.Graph6TopologySerializerTest" time="0.002"/>
  <testcase name="checkDecodeEncodeGraphs(String)[749]" classname="io.jbotsim.io.format.graph6.Graph6TopologySerializerTest" time="0.0"/>
  <testcase name="checkDecodeEncodeGraphs(String)[750]" classname="io.jbotsim.io.format.graph6.Graph6TopologySerializerTest" time="0.0"/>
  <testcase name="checkDecodeEncodeGraphs(String)[751]" classname="io.jbotsim.io.format.graph6.Graph6TopologySerializerTest" time="0.001"/>
  <testcase name="checkDecodeEncodeGraphs(String)[752]" classname="io.jbotsim.io.format.graph6.Graph6TopologySerializerTest" time="0.0"/>
  <testcase name="checkDecodeEncodeGraphs(String)[753]" classname="io.jbotsim.io.format.graph6.Graph6TopologySerializerTest" time="0.0"/>
  <testcase name="checkDecodeEncodeGraphs(String)[754]" classname="io.jbotsim.io.format.graph6.Graph6TopologySerializerTest" time="0.0"/>
  <testcase name="checkDecodeEncodeGraphs(String)[755]" classname="io.jbotsim.io.format.graph6.Graph6TopologySerializerTest" time="0.001"/>
  <testcase name="checkDecodeEncodeGraphs(String)[756]" classname="io.jbotsim.io.format.graph6.Graph6TopologySerializerTest" time="0.0"/>
  <testcase name="checkDecodeEncodeGraphs(String)[757]" classname="io.jbotsim.io.format.graph6.Graph6TopologySerializerTest" time="0.0"/>
  <testcase name="checkDecodeEncodeGraphs(String)[758]" classname="io.jbotsim.io.format.graph6.Graph6TopologySerializerTest" time="0.0"/>
  <testcase name="checkDecodeEncodeGraphs(String)[759]" classname="io.jbotsim.io.format.graph6.Graph6TopologySerializerTest" time="0.001"/>
  <testcase name="checkDecodeEncodeGraphs(String)[760]" classname="io.jbotsim.io.format.graph6.Graph6TopologySerializerTest" time="0.0"/>
  <testcase name="checkDecodeEncodeGraphs(String)[761]" classname="io.jbotsim.io.format.graph6.Graph6TopologySerializerTest" time="0.001"/>
  <testcase name="checkDecodeEncodeGraphs(String)[762]" classname="io.jbotsim.io.format.graph6.Graph6TopologySerializerTest" time="0.003"/>
  <testcase name="checkDecodeEncodeGraphs(String)[763]" classname="io.jbotsim.io.format.graph6.Graph6TopologySerializerTest" time="0.0"/>
  <testcase name="checkDecodeEncodeGraphs(String)[764]" classname="io.jbotsim.io.format.graph6.Graph6TopologySerializerTest" time="0.0"/>
  <testcase name="checkDecodeEncodeGraphs(String)[765]" classname="io.jbotsim.io.format.graph6.Graph6TopologySerializerTest" time="0.0"/>
  <testcase name="checkDecodeEncodeGraphs(String)[766]" classname="io.jbotsim.io.format.graph6.Graph6TopologySerializerTest" time="0.001"/>
  <testcase name="checkDecodeEncodeGraphs(String)[767]" classname="io.jbotsim.io.format.graph6.Graph6TopologySerializerTest" time="0.0"/>
  <testcase name="checkDecodeEncodeGraphs(String)[768]" classname="io.jbotsim.io.format.graph6.Graph6TopologySerializerTest" time="0.0"/>
  <testcase name="checkDecodeEncodeGraphs(String)[769]" classname="io.jbotsim.io.format.graph6.Graph6TopologySerializerTest" time="0.0"/>
  <testcase name="checkDecodeEncodeGraphs(String)[770]" classname="io.jbotsim.io.format.graph6.Graph6TopologySerializerTest" time="0.002"/>
  <testcase name="checkDecodeEncodeGraphs(String)[771]" classname="io.jbotsim.io.format.graph6.Graph6TopologySerializerTest" time="0.001"/>
  <testcase name="checkDecodeEncodeGraphs(String)[772]" classname="io.jbotsim.io.format.graph6.Graph6TopologySerializerTest" time="0.0"/>
  <testcase name="checkDecodeEncodeGraphs(String)[773]" classname="io.jbotsim.io.format.graph6.Graph6TopologySerializerTest" time="0.0"/>
  <testcase name="checkDecodeEncodeGraphs(String)[774]" classname="io.jbotsim.io.format.graph6.Graph6TopologySerializerTest" time="0.0"/>
  <testcase name="checkDecodeEncodeGraphs(String)[775]" classname="io.jbotsim.io.format.graph6.Graph6TopologySerializerTest" time="0.0"/>
  <testcase name="checkDecodeEncodeGraphs(String)[776]" classname="io.jbotsim.io.format.graph6.Graph6TopologySerializerTest" time="0.002"/>
  <testcase name="checkDecodeEncodeGraphs(String)[777]" classname="io.jbotsim.io.format.graph6.Graph6TopologySerializerTest" time="0.0"/>
  <testcase name="checkDecodeEncodeGraphs(String)[778]" classname="io.jbotsim.io.format.graph6.Graph6TopologySerializerTest" time="0.0"/>
  <testcase name="checkDecodeEncodeGraphs(String)[779]" classname="io.jbotsim.io.format.graph6.Graph6TopologySerializerTest" time="0.0"/>
  <testcase name="checkDecodeEncodeGraphs(String)[780]" classname="io.jbotsim.io.format.graph6.Graph6TopologySerializerTest" time="0.003"/>
  <testcase name="checkDecodeEncodeGraphs(String)[781]" classname="io.jbotsim.io.format.graph6.Graph6TopologySerializerTest" time="0.001"/>
  <testcase name="checkDecodeEncodeGraphs(String)[782]" classname="io.jbotsim.io.format.graph6.Graph6TopologySerializerTest" time="0.0"/>
  <testcase name="checkDecodeEncodeGraphs(String)[783]" classname="io.jbotsim.io.format.graph6.Graph6TopologySerializerTest" time="0.002"/>
  <testcase name="checkDecodeEncodeGraphs(String)[784]" classname="io.jbotsim.io.format.graph6.Graph6TopologySerializerTest" time="0.0"/>
  <testcase name="checkDecodeEncodeGraphs(String)[785]" classname="io.jbotsim.io.format.graph6.Graph6TopologySerializerTest" time="0.0"/>
  <testcase name="checkDecodeEncodeGraphs(String)[786]" classname="io.jbotsim.io.format.graph6.Graph6TopologySerializerTest" time="0.0"/>
  <testcase name="checkDecodeEncodeGraphs(String)[787]" classname="io.jbotsim.io.format.graph6.Graph6TopologySerializerTest" time="0.0"/>
  <testcase name="checkDecodeEncodeGraphs(String)[788]" classname="io.jbotsim.io.format.graph6.Graph6TopologySerializerTest" time="0.001"/>
  <testcase name="checkDecodeEncodeGraphs(String)[789]" classname="io.jbotsim.io.format.graph6.Graph6TopologySerializerTest" time="0.001"/>
  <testcase name="checkDecodeEncodeGraphs(String)[790]" classname="io.jbotsim.io.format.graph6.Graph6TopologySerializerTest" time="0.0"/>
  <testcase name="checkDecodeEncodeGraphs(String)[791]" classname="io.jbotsim.io.format.graph6.Graph6TopologySerializerTest" time="0.003"/>
  <testcase name="checkDecodeEncodeGraphs(String)[792]" classname="io.jbotsim.io.format.graph6.Graph6TopologySerializerTest" time="0.003"/>
  <testcase name="checkDecodeEncodeGraphs(String)[793]" classname="io.jbotsim.io.format.graph6.Graph6TopologySerializerTest" time="0.001"/>
  <testcase name="checkDecodeEncodeGraphs(String)[794]" classname="io.jbotsim.io.format.graph6.Graph6TopologySerializerTest" time="0.0"/>
  <testcase name="checkDecodeEncodeGraphs(String)[795]" classname="io.jbotsim.io.format.graph6.Graph6TopologySerializerTest" time="0.001"/>
  <testcase name="checkDecodeEncodeGraphs(String)[796]" classname="io.jbotsim.io.format.graph6.Graph6TopologySerializerTest" time="0.0"/>
  <testcase name="checkDecodeEncodeGraphs(String)[797]" classname="io.jbotsim.io.format.graph6.Graph6TopologySerializerTest" time="0.005"/>
  <testcase name="checkDecodeEncodeGraphs(String)[798]" classname="io.jbotsim.io.format.graph6.Graph6TopologySerializerTest" time="0.0"/>
  <testcase name="checkDecodeEncodeGraphs(String)[799]" classname="io.jbotsim.io.format.graph6.Graph6TopologySerializerTest" time="0.001"/>
  <testcase name="checkDecodeEncodeGraphs(String)[800]" classname="io.jbotsim.io.format.graph6.Graph6TopologySerializerTest" time="0.0"/>
  <testcase name="checkDecodeEncodeGraphs(String)[801]" classname="io.jbotsim.io.format.graph6.Graph6TopologySerializerTest" time="0.001"/>
  <testcase name="checkDecodeEncodeGraphs(String)[802]" classname="io.jbotsim.io.format.graph6.Graph6TopologySerializerTest" time="0.0"/>
  <testcase name="checkDecodeEncodeGraphs(String)[803]" classname="io.jbotsim.io.format.graph6.Graph6TopologySerializerTest" time="0.002"/>
  <testcase name="checkDecodeEncodeGraphs(String)[804]" classname="io.jbotsim.io.format.graph6.Graph6TopologySerializerTest" time="0.0"/>
  <testcase name="checkDecodeEncodeGraphs(String)[805]" classname="io.jbotsim.io.format.graph6.Graph6TopologySerializerTest" time="0.003"/>
  <testcase name="checkDecodeEncodeGraphs(String)[806]" classname="io.jbotsim.io.format.graph6.Graph6TopologySerializerTest" time="0.0"/>
  <testcase name="checkDecodeEncodeGraphs(String)[807]" classname="io.jbotsim.io.format.graph6.Graph6TopologySerializerTest" time="0.0"/>
  <testcase name="checkDecodeEncodeGraphs(String)[808]" classname="io.jbotsim.io.format.graph6.Graph6TopologySerializerTest" time="0.001"/>
  <testcase name="checkDecodeEncodeGraphs(String)[809]" classname="io.jbotsim.io.format.graph6.Graph6TopologySerializerTest" time="0.0"/>
  <testcase name="checkDecodeEncodeGraphs(String)[810]" classname="io.jbotsim.io.format.graph6.Graph6TopologySerializerTest" time="0.001"/>
  <testcase name="checkDecodeEncodeGraphs(String)[811]" classname="io.jbotsim.io.format.graph6.Graph6TopologySerializerTest" time="0.0"/>
  <testcase name="checkDecodeEncodeGraphs(String)[812]" classname="io.jbotsim.io.format.graph6.Graph6TopologySerializerTest" time="0.001"/>
  <testcase name="checkDecodeEncodeGraphs(String)[813]" classname="io.jbotsim.io.format.graph6.Graph6TopologySerializerTest" time="0.001"/>
  <testcase name="checkDecodeEncodeGraphs(String)[814]" classname="io.jbotsim.io.format.graph6.Graph6TopologySerializerTest" time="0.0"/>
  <testcase name="checkDecodeEncodeGraphs(String)[815]" classname="io.jbotsim.io.format.graph6.Graph6TopologySerializerTest" time="0.003"/>
  <testcase name="checkDecodeEncodeGraphs(String)[816]" classname="io.jbotsim.io.format.graph6.Graph6TopologySerializerTest" time="0.001"/>
  <testcase name="checkDecodeEncodeGraphs(String)[817]" classname="io.jbotsim.io.format.graph6.Graph6TopologySerializerTest" time="0.0"/>
  <testcase name="checkDecodeEncodeGraphs(String)[818]" classname="io.jbotsim.io.format.graph6.Graph6TopologySerializerTest" time="0.002"/>
  <testcase name="checkDecodeEncodeGraphs(String)[819]" classname="io.jbotsim.io.format.graph6.Graph6TopologySerializerTest" time="0.0"/>
  <testcase name="checkDecodeEncodeGraphs(String)[820]" classname="io.jbotsim.io.format.graph6.Graph6TopologySerializerTest" time="0.001"/>
  <testcase name="checkDecodeEncodeGraphs(String)[821]" classname="io.jbotsim.io.format.graph6.Graph6TopologySerializerTest" time="0.0"/>
  <testcase name="checkDecodeEncodeGraphs(String)[822]" classname="io.jbotsim.io.format.graph6.Graph6TopologySerializerTest" time="0.0"/>
  <testcase name="checkDecodeEncodeGraphs(String)[823]" classname="io.jbotsim.io.format.graph6.Graph6TopologySerializerTest" time="0.0"/>
  <testcase name="checkDecodeEncodeGraphs(String)[824]" classname="io.jbotsim.io.format.graph6.Graph6TopologySerializerTest" time="0.001"/>
  <testcase name="checkDecodeEncodeGraphs(String)[825]" classname="io.jbotsim.io.format.graph6.Graph6TopologySerializerTest" time="0.0"/>
  <testcase name="checkDecodeEncodeGraphs(String)[826]" classname="io.jbotsim.io.format.graph6.Graph6TopologySerializerTest" time="0.002"/>
  <testcase name="checkDecodeEncodeGraphs(String)[827]" classname="io.jbotsim.io.format.graph6.Graph6TopologySerializerTest" time="0.0"/>
  <testcase name="checkDecodeEncodeGraphs(String)[828]" classname="io.jbotsim.io.format.graph6.Graph6TopologySerializerTest" time="0.0"/>
  <testcase name="checkDecodeEncodeGraphs(String)[829]" classname="io.jbotsim.io.format.graph6.Graph6TopologySerializerTest" time="0.003"/>
  <testcase name="checkDecodeEncodeGraphs(String)[830]" classname="io.jbotsim.io.format.graph6.Graph6TopologySerializerTest" time="0.0"/>
  <testcase name="checkDecodeEncodeGraphs(String)[831]" classname="io.jbotsim.io.format.graph6.Graph6TopologySerializerTest" time="0.0"/>
  <testcase name="checkDecodeEncodeGraphs(String)[832]" classname="io.jbotsim.io.format.graph6.Graph6TopologySerializerTest" time="0.0"/>
  <testcase name="checkDecodeEncodeGraphs(String)[833]" classname="io.jbotsim.io.format.graph6.Graph6TopologySerializerTest" time="0.0"/>
  <testcase name="checkDecodeEncodeGraphs(String)[834]" classname="io.jbotsim.io.format.graph6.Graph6TopologySerializerTest" time="0.0"/>
  <testcase name="checkDecodeEncodeGraphs(String)[835]" classname="io.jbotsim.io.format.graph6.Graph6TopologySerializerTest" time="0.0"/>
  <testcase name="checkDecodeEncodeGraphs(String)[836]" classname="io.jbotsim.io.format.graph6.Graph6TopologySerializerTest" time="0.0"/>
  <testcase name="checkDecodeEncodeGraphs(String)[837]" classname="io.jbotsim.io.format.graph6.Graph6TopologySerializerTest" time="0.0"/>
  <testcase name="checkDecodeEncodeGraphs(String)[838]" classname="io.jbotsim.io.format.graph6.Graph6TopologySerializerTest" time="0.0"/>
  <testcase name="checkDecodeEncodeGraphs(String)[839]" classname="io.jbotsim.io.format.graph6.Graph6TopologySerializerTest" time="0.0"/>
  <testcase name="checkDecodeEncodeGraphs(String)[840]" classname="io.jbotsim.io.format.graph6.Graph6TopologySerializerTest" time="0.0"/>
  <testcase name="checkDecodeEncodeGraphs(String)[841]" classname="io.jbotsim.io.format.graph6.Graph6TopologySerializerTest" time="0.001"/>
  <testcase name="checkDecodeEncodeGraphs(String)[842]" classname="io.jbotsim.io.format.graph6.Graph6TopologySerializerTest" time="0.0"/>
  <testcase name="checkDecodeEncodeGraphs(String)[843]" classname="io.jbotsim.io.format.graph6.Graph6TopologySerializerTest" time="0.0"/>
  <testcase name="checkDecodeEncodeGraphs(String)[844]" classname="io.jbotsim.io.format.graph6.Graph6TopologySerializerTest" time="0.001"/>
  <testcase name="checkDecodeEncodeGraphs(String)[845]" classname="io.jbotsim.io.format.graph6.Graph6TopologySerializerTest" time="0.0"/>
  <testcase name="checkDecodeEncodeGraphs(String)[846]" classname="io.jbotsim.io.format.graph6.Graph6TopologySerializerTest" time="0.0"/>
  <testcase name="checkDecodeEncodeGraphs(String)[847]" classname="io.jbotsim.io.format.graph6.Graph6TopologySerializerTest" time="0.0"/>
  <testcase name="checkDecodeEncodeGraphs(String)[848]" classname="io.jbotsim.io.format.graph6.Graph6TopologySerializerTest" time="0.001"/>
  <testcase name="checkDecodeEncodeGraphs(String)[849]" classname="io.jbotsim.io.format.graph6.Graph6TopologySerializerTest" time="0.0"/>
  <testcase name="checkDecodeEncodeGraphs(String)[850]" classname="io.jbotsim.io.format.graph6.Graph6TopologySerializerTest" time="0.001"/>
  <testcase name="checkDecodeEncodeGraphs(String)[851]" classname="io.jbotsim.io.format.graph6.Graph6TopologySerializerTest" time="0.001"/>
  <testcase name="checkDecodeEncodeGraphs(String)[852]" classname="io.jbotsim.io.format.graph6.Graph6TopologySerializerTest" time="0.0"/>
  <testcase name="checkDecodeEncodeGraphs(String)[853]" classname="io.jbotsim.io.format.graph6.Graph6TopologySerializerTest" time="0.001"/>
  <testcase name="checkDecodeEncodeGraphs(String)[854]" classname="io.jbotsim.io.format.graph6.Graph6TopologySerializerTest" time="0.0"/>
  <testcase name="checkDecodeEncodeGraphs(String)[855]" classname="io.jbotsim.io.format.graph6.Graph6TopologySerializerTest" time="0.002"/>
  <testcase name="checkDecodeEncodeGraphs(String)[856]" classname="io.jbotsim.io.format.graph6.Graph6TopologySerializerTest" time="0.0"/>
  <testcase name="checkDecodeEncodeGraphs(String)[857]" classname="io.jbotsim.io.format.graph6.Graph6TopologySerializerTest" time="0.0"/>
  <testcase name="checkDecodeEncodeGraphs(String)[858]" classname="io.jbotsim.io.format.graph6.Graph6TopologySerializerTest" time="0.0"/>
  <testcase name="checkDecodeEncodeGraphs(String)[859]" classname="io.jbotsim.io.format.graph6.Graph6TopologySerializerTest" time="0.0"/>
  <testcase name="checkDecodeEncodeGraphs(String)[860]" classname="io.jbotsim.io.format.graph6.Graph6TopologySerializerTest" time="0.0"/>
  <testcase name="checkDecodeEncodeGraphs(String)[861]" classname="io.jbotsim.io.format.graph6.Graph6TopologySerializerTest" time="0.001"/>
  <testcase name="checkDecodeEncodeGraphs(String)[862]" classname="io.jbotsim.io.format.graph6.Graph6TopologySerializerTest" time="0.001"/>
  <testcase name="checkDecodeEncodeGraphs(String)[863]" classname="io.jbotsim.io.format.graph6.Graph6TopologySerializerTest" time="0.0"/>
  <testcase name="checkDecodeEncodeGraphs(String)[864]" classname="io.jbotsim.io.format.graph6.Graph6TopologySerializerTest" time="0.0"/>
  <testcase name="checkDecodeEncodeGraphs(String)[865]" classname="io.jbotsim.io.format.graph6.Graph6TopologySerializerTest" time="0.001"/>
  <testcase name="checkDecodeEncodeGraphs(String)[866]" classname="io.jbotsim.io.format.graph6.Graph6TopologySerializerTest" time="0.0"/>
  <testcase name="checkDecodeEncodeGraphs(String)[867]" classname="io.jbotsim.io.format.graph6.Graph6TopologySerializerTest" time="0.001"/>
  <testcase name="checkDecodeEncodeGraphs(String)[868]" classname="io.jbotsim.io.format.graph6.Graph6TopologySerializerTest" time="0.0"/>
  <testcase name="checkDecodeEncodeGraphs(String)[869]" classname="io.jbotsim.io.format.graph6.Graph6TopologySerializerTest" time="0.0"/>
  <testcase name="checkDecodeEncodeGraphs(String)[870]" classname="io.jbotsim.io.format.graph6.Graph6TopologySerializerTest" time="0.0"/>
  <testcase name="checkDecodeEncodeGraphs(String)[871]" classname="io.jbotsim.io.format.graph6.Graph6TopologySerializerTest" time="0.001"/>
  <testcase name="checkDecodeEncodeGraphs(String)[872]" classname="io.jbotsim.io.format.graph6.Graph6TopologySerializerTest" time="0.0"/>
  <testcase name="checkDecodeEncodeGraphs(String)[873]" classname="io.jbotsim.io.format.graph6.Graph6TopologySerializerTest" time="0.0"/>
  <testcase name="checkDecodeEncodeGraphs(String)[874]" classname="io.jbotsim.io.format.graph6.Graph6TopologySerializerTest" time="0.0"/>
  <testcase name="checkDecodeEncodeGraphs(String)[875]" classname="io.jbotsim.io.format.graph6.Graph6TopologySerializerTest" time="0.004"/>
  <testcase name="checkDecodeEncodeGraphs(String)[876]" classname="io.jbotsim.io.format.graph6.Graph6TopologySerializerTest" time="0.0"/>
  <testcase name="checkDecodeEncodeGraphs(String)[877]" classname="io.jbotsim.io.format.graph6.Graph6TopologySerializerTest" time="0.0"/>
  <testcase name="checkDecodeEncodeGraphs(String)[878]" classname="io.jbotsim.io.format.graph6.Graph6TopologySerializerTest" time="0.0"/>
  <testcase name="checkDecodeEncodeGraphs(String)[879]" classname="io.jbotsim.io.format.graph6.Graph6TopologySerializerTest" time="0.0"/>
  <testcase name="checkDecodeEncodeGraphs(String)[880]" classname="io.jbotsim.io.format.graph6.Graph6TopologySerializerTest" time="0.001"/>
  <testcase name="checkDecodeEncodeGraphs(String)[881]" classname="io.jbotsim.io.format.graph6.Graph6TopologySerializerTest" time="0.0"/>
  <testcase name="checkDecodeEncodeGraphs(String)[882]" classname="io.jbotsim.io.format.graph6.Graph6TopologySerializerTest" time="0.0"/>
  <testcase name="checkDecodeEncodeGraphs(String)[883]" classname="io.jbotsim.io.format.graph6.Graph6TopologySerializerTest" time="0.0"/>
  <testcase name="checkDecodeEncodeGraphs(String)[884]" classname="io.jbotsim.io.format.graph6.Graph6TopologySerializerTest" time="0.0"/>
  <testcase name="checkDecodeEncodeGraphs(String)[885]" classname="io.jbotsim.io.format.graph6.Graph6TopologySerializerTest" time="0.0"/>
  <testcase name="checkDecodeEncodeGraphs(String)[886]" classname="io.jbotsim.io.format.graph6.Graph6TopologySerializerTest" time="0.0"/>
  <testcase name="checkDecodeEncodeGraphs(String)[887]" classname="io.jbotsim.io.format.graph6.Graph6TopologySerializerTest" time="0.0"/>
  <testcase name="checkDecodeEncodeGraphs(String)[888]" classname="io.jbotsim.io.format.graph6.Graph6TopologySerializerTest" time="0.001"/>
  <testcase name="checkDecodeEncodeGraphs(String)[889]" classname="io.jbotsim.io.format.graph6.Graph6TopologySerializerTest" time="0.001"/>
  <testcase name="checkDecodeEncodeGraphs(String)[890]" classname="io.jbotsim.io.format.graph6.Graph6TopologySerializerTest" time="0.0"/>
  <testcase name="checkDecodeEncodeGraphs(String)[891]" classname="io.jbotsim.io.format.graph6.Graph6TopologySerializerTest" time="0.001"/>
  <testcase name="checkDecodeEncodeGraphs(String)[892]" classname="io.jbotsim.io.format.graph6.Graph6TopologySerializerTest" time="0.0"/>
  <testcase name="checkDecodeEncodeGraphs(String)[893]" classname="io.jbotsim.io.format.graph6.Graph6TopologySerializerTest" time="0.0"/>
  <testcase name="checkDecodeEncodeGraphs(String)[894]" classname="io.jbotsim.io.format.graph6.Graph6TopologySerializerTest" time="0.0"/>
  <testcase name="checkDecodeEncodeGraphs(String)[895]" classname="io.jbotsim.io.format.graph6.Graph6TopologySerializerTest" time="0.0"/>
  <testcase name="checkDecodeEncodeGraphs(String)[896]" classname="io.jbotsim.io.format.graph6.Graph6TopologySerializerTest" time="0.003"/>
  <testcase name="checkDecodeEncodeGraphs(String)[897]" classname="io.jbotsim.io.format.graph6.Graph6TopologySerializerTest" time="0.0"/>
  <testcase name="checkDecodeEncodeGraphs(String)[898]" classname="io.jbotsim.io.format.graph6.Graph6TopologySerializerTest" time="0.0"/>
  <testcase name="checkDecodeEncodeGraphs(String)[899]" classname="io.jbotsim.io.format.graph6.Graph6TopologySerializerTest" time="0.0"/>
  <testcase name="checkDecodeEncodeGraphs(String)[900]" classname="io.jbotsim.io.format.graph6.Graph6TopologySerializerTest" time="0.0"/>
  <testcase name="checkDecodeEncodeGraphs(String)[901]" classname="io.jbotsim.io.format.graph6.Graph6TopologySerializerTest" time="0.0"/>
  <testcase name="checkDecodeEncodeGraphs(String)[902]" classname="io.jbotsim.io.format.graph6.Graph6TopologySerializerTest" time="0.0"/>
  <testcase name="checkDecodeEncodeGraphs(String)[903]" classname="io.jbotsim.io.format.graph6.Graph6TopologySerializerTest" time="0.001"/>
  <testcase name="checkDecodeEncodeGraphs(String)[904]" classname="io.jbotsim.io.format.graph6.Graph6TopologySerializerTest" time="0.0"/>
  <testcase name="checkDecodeEncodeGraphs(String)[905]" classname="io.jbotsim.io.format.graph6.Graph6TopologySerializerTest" time="0.0"/>
  <testcase name="checkDecodeEncodeGraphs(String)[906]" classname="io.jbotsim.io.format.graph6.Graph6TopologySerializerTest" time="0.0"/>
  <testcase name="checkDecodeEncodeGraphs(String)[907]" classname="io.jbotsim.io.format.graph6.Graph6TopologySerializerTest" time="0.002"/>
  <testcase name="checkDecodeEncodeGraphs(String)[908]" classname="io.jbotsim.io.format.graph6.Graph6TopologySerializerTest" time="0.0"/>
  <testcase name="checkDecodeEncodeGraphs(String)[909]" classname="io.jbotsim.io.format.graph6.Graph6TopologySerializerTest" time="0.0"/>
  <testcase name="checkDecodeEncodeGraphs(String)[910]" classname="io.jbotsim.io.format.graph6.Graph6TopologySerializerTest" time="0.0"/>
  <testcase name="checkDecodeEncodeGraphs(String)[911]" classname="io.jbotsim.io.format.graph6.Graph6TopologySerializerTest" time="0.0"/>
  <testcase name="checkDecodeEncodeGraphs(String)[912]" classname="io.jbotsim.io.format.graph6.Graph6TopologySerializerTest" time="0.0"/>
  <testcase name="checkDecodeEncodeGraphs(String)[913]" classname="io.jbotsim.io.format.graph6.Graph6TopologySerializerTest" time="0.0"/>
  <testcase name="checkDecodeEncodeGraphs(String)[914]" classname="io.jbotsim.io.format.graph6.Graph6TopologySerializerTest" time="0.001"/>
  <testcase name="checkDecodeEncodeGraphs(String)[915]" classname="io.jbotsim.io.format.graph6.Graph6TopologySerializerTest" time="0.003"/>
  <testcase name="checkDecodeEncodeGraphs(String)[916]" classname="io.jbotsim.io.format.graph6.Graph6TopologySerializerTest" time="0.0"/>
  <testcase name="checkDecodeEncodeGraphs(String)[917]" classname="io.jbotsim.io.format.graph6.Graph6TopologySerializerTest" time="0.0"/>
  <testcase name="checkDecodeEncodeGraphs(String)[918]" classname="io.jbotsim.io.format.graph6.Graph6TopologySerializerTest" time="0.0"/>
  <testcase name="checkDecodeEncodeGraphs(String)[919]" classname="io.jbotsim.io.format.graph6.Graph6TopologySerializerTest" time="0.0"/>
  <testcase name="checkDecodeEncodeGraphs(String)[920]" classname="io.jbotsim.io.format.graph6.Graph6TopologySerializerTest" time="0.0"/>
  <testcase name="checkDecodeEncodeGraphs(String)[921]" classname="io.jbotsim.io.format.graph6.Graph6TopologySerializerTest" time="0.001"/>
  <testcase name="checkDecodeEncodeGraphs(String)[922]" classname="io.jbotsim.io.format.graph6.Graph6TopologySerializerTest" time="0.0"/>
  <testcase name="checkDecodeEncodeGraphs(String)[923]" classname="io.jbotsim.io.format.graph6.Graph6TopologySerializerTest" time="0.0"/>
  <testcase name="checkDecodeEncodeGraphs(String)[924]" classname="io.jbotsim.io.format.graph6.Graph6TopologySerializerTest" time="0.0"/>
  <testcase name="checkDecodeEncodeGraphs(String)[925]" classname="io.jbotsim.io.format.graph6.Graph6TopologySerializerTest" time="0.0"/>
  <testcase name="checkDecodeEncodeGraphs(String)[926]" classname="io.jbotsim.io.format.graph6.Graph6TopologySerializerTest" time="0.001"/>
  <testcase name="checkDecodeEncodeGraphs(String)[927]" classname="io.jbotsim.io.format.graph6.Graph6TopologySerializerTest" time="0.0"/>
  <testcase name="checkDecodeEncodeGraphs(String)[928]" classname="io.jbotsim.io.format.graph6.Graph6TopologySerializerTest" time="0.0"/>
  <testcase name="checkDecodeEncodeGraphs(String)[929]" classname="io.jbotsim.io.format.graph6.Graph6TopologySerializerTest" time="0.0"/>
  <testcase name="checkDecodeEncodeGraphs(String)[930]" classname="io.jbotsim.io.format.graph6.Graph6TopologySerializerTest" time="0.0"/>
  <testcase name="checkDecodeEncodeGraphs(String)[931]" classname="io.jbotsim.io.format.graph6.Graph6TopologySerializerTest" time="0.0"/>
  <testcase name="checkDecodeEncodeGraphs(String)[932]" classname="io.jbotsim.io.format.graph6.Graph6TopologySerializerTest" time="0.001"/>
  <testcase name="checkDecodeEncodeGraphs(String)[933]" classname="io.jbotsim.io.format.graph6.Graph6TopologySerializerTest" time="0.0"/>
  <testcase name="checkDecodeEncodeGraphs(String)[934]" classname="io.jbotsim.io.format.graph6.Graph6TopologySerializerTest" time="0.0"/>
  <testcase name="checkDecodeEncodeGraphs(String)[935]" classname="io.jbotsim.io.format.graph6.Graph6TopologySerializerTest" time="0.0"/>
  <testcase name="checkDecodeEncodeGraphs(String)[936]" classname="io.jbotsim.io.format.graph6.Graph6TopologySerializerTest" time="0.0"/>
  <testcase name="checkDecodeEncodeGraphs(String)[937]" classname="io.jbotsim.io.format.graph6.Graph6TopologySerializerTest" time="0.0"/>
  <testcase name="checkDecodeEncodeGraphs(String)[938]" classname="io.jbotsim.io.format.graph6.Graph6TopologySerializerTest" time="0.0"/>
  <testcase name="checkDecodeEncodeGraphs(String)[939]" classname="io.jbotsim.io.format.graph6.Graph6TopologySerializerTest" time="0.0"/>
  <testcase name="checkDecodeEncodeGraphs(String)[940]" classname="io.jbotsim.io.format.graph6.Graph6TopologySerializerTest" time="0.003"/>
  <testcase name="checkDecodeEncodeGraphs(String)[941]" classname="io.jbotsim.io.format.graph6.Graph6TopologySerializerTest" time="0.0"/>
  <testcase name="checkDecodeEncodeGraphs(String)[942]" classname="io.jbotsim.io.format.graph6.Graph6TopologySerializerTest" time="0.0"/>
  <testcase name="checkDecodeEncodeGraphs(String)[943]" classname="io.jbotsim.io.format.graph6.Graph6TopologySerializerTest" time="0.0"/>
  <testcase name="checkDecodeEncodeGraphs(String)[944]" classname="io.jbotsim.io.format.graph6.Graph6TopologySerializerTest" time="0.0"/>
  <testcase name="checkDecodeEncodeGraphs(String)[945]" classname="io.jbotsim.io.format.graph6.Graph6TopologySerializerTest" time="0.0"/>
  <testcase name="checkDecodeEncodeGraphs(String)[946]" classname="io.jbotsim.io.format.graph6.Graph6TopologySerializerTest" time="0.0"/>
  <testcase name="checkDecodeEncodeGraphs(String)[947]" classname="io.jbotsim.io.format.graph6.Graph6TopologySerializerTest" time="0.0"/>
  <testcase name="checkDecodeEncodeGraphs(String)[948]" classname="io.jbotsim.io.format.graph6.Graph6TopologySerializerTest" time="0.0"/>
  <testcase name="checkDecodeEncodeGraphs(String)[949]" classname="io.jbotsim.io.format.graph6.Graph6TopologySerializerTest" time="0.001"/>
  <testcase name="checkDecodeEncodeGraphs(String)[950]" classname="io.jbotsim.io.format.graph6.Graph6TopologySerializerTest" time="0.002"/>
  <testcase name="checkDecodeEncodeGraphs(String)[951]" classname="io.jbotsim.io.format.graph6.Graph6TopologySerializerTest" time="0.0"/>
  <testcase name="checkDecodeEncodeGraphs(String)[952]" classname="io.jbotsim.io.format.graph6.Graph6TopologySerializerTest" time="0.001"/>
  <testcase name="checkDecodeEncodeGraphs(String)[953]" classname="io.jbotsim.io.format.graph6.Graph6TopologySerializerTest" time="0.0"/>
  <testcase name="checkDecodeEncodeGraphs(String)[954]" classname="io.jbotsim.io.format.graph6.Graph6TopologySerializerTest" time="0.0"/>
  <testcase name="checkDecodeEncodeGraphs(String)[955]" classname="io.jbotsim.io.format.graph6.Graph6TopologySerializerTest" time="0.0"/>
  <testcase name="checkDecodeEncodeGraphs(String)[956]" classname="io.jbotsim.io.format.graph6.Graph6TopologySerializerTest" time="0.0"/>
  <testcase name="checkDecodeEncodeGraphs(String)[957]" classname="io.jbotsim.io.format.graph6.Graph6TopologySerializerTest" time="0.0"/>
  <testcase name="checkDecodeEncodeGraphs(String)[958]" classname="io.jbotsim.io.format.graph6.Graph6TopologySerializerTest" time="0.0"/>
  <testcase name="checkDecodeEncodeGraphs(String)[959]" classname="io.jbotsim.io.format.graph6.Graph6TopologySerializerTest" time="0.0"/>
  <testcase name="checkDecodeEncodeGraphs(String)[960]" classname="io.jbotsim.io.format.graph6.Graph6TopologySerializerTest" time="0.001"/>
  <testcase name="checkDecodeEncodeGraphs(String)[961]" classname="io.jbotsim.io.format.graph6.Graph6TopologySerializerTest" time="0.0"/>
  <testcase name="checkDecodeEncodeGraphs(String)[962]" classname="io.jbotsim.io.format.graph6.Graph6TopologySerializerTest" time="0.0"/>
  <testcase name="checkDecodeEncodeGraphs(String)[963]" classname="io.jbotsim.io.format.graph6.Graph6TopologySerializerTest" time="0.001"/>
  <testcase name="checkDecodeEncodeGraphs(String)[964]" classname="io.jbotsim.io.format.graph6.Graph6TopologySerializerTest" time="0.0"/>
  <testcase name="checkDecodeEncodeGraphs(String)[965]" classname="io.jbotsim.io.format.graph6.Graph6TopologySerializerTest" time="0.0"/>
  <testcase name="checkDecodeEncodeGraphs(String)[966]" classname="io.jbotsim.io.format.graph6.Graph6TopologySerializerTest" time="0.001"/>
  <testcase name="checkDecodeEncodeGraphs(String)[967]" classname="io.jbotsim.io.format.graph6.Graph6TopologySerializerTest" time="0.001"/>
  <testcase name="checkDecodeEncodeGraphs(String)[968]" classname="io.jbotsim.io.format.graph6.Graph6TopologySerializerTest" time="0.002"/>
  <testcase name="checkDecodeEncodeGraphs(String)[969]" classname="io.jbotsim.io.format.graph6.Graph6TopologySerializerTest" time="0.001"/>
  <testcase name="checkDecodeEncodeGraphs(String)[970]" classname="io.jbotsim.io.format.graph6.Graph6TopologySerializerTest" time="0.0"/>
  <testcase name="checkDecodeEncodeGraphs(String)[971]" classname="io.jbotsim.io.format.graph6.Graph6TopologySerializerTest" time="0.001"/>
  <testcase name="checkDecodeEncodeGraphs(String)[972]" classname="io.jbotsim.io.format.graph6.Graph6TopologySerializerTest" time="0.0"/>
  <testcase name="checkDecodeEncodeGraphs(String)[973]" classname="io.jbotsim.io.format.graph6.Graph6TopologySerializerTest" time="0.0"/>
  <testcase name="checkDecodeEncodeGraphs(String)[974]" classname="io.jbotsim.io.format.graph6.Graph6TopologySerializerTest" time="0.0"/>
  <testcase name="checkDecodeEncodeGraphs(String)[975]" classname="io.jbotsim.io.format.graph6.Graph6TopologySerializerTest" time="0.001"/>
  <testcase name="checkDecodeEncodeGraphs(String)[976]" classname="io.jbotsim.io.format.graph6.Graph6TopologySerializerTest" time="0.0"/>
  <testcase name="checkDecodeEncodeGraphs(String)[977]" classname="io.jbotsim.io.format.graph6.Graph6TopologySerializerTest" time="0.0"/>
  <testcase name="checkDecodeEncodeGraphs(String)[978]" classname="io.jbotsim.io.format.graph6.Graph6TopologySerializerTest" time="0.002"/>
  <testcase name="checkDecodeEncodeGraphs(String)[979]" classname="io.jbotsim.io.format.graph6.Graph6TopologySerializerTest" time="0.0"/>
  <testcase name="checkDecodeEncodeGraphs(String)[980]" classname="io.jbotsim.io.format.graph6.Graph6TopologySerializerTest" time="0.0"/>
  <testcase name="checkDecodeEncodeGraphs(String)[981]" classname="io.jbotsim.io.format.graph6.Graph6TopologySerializerTest" time="0.001"/>
  <testcase name="checkDecodeEncodeGraphs(String)[982]" classname="io.jbotsim.io.format.graph6.Graph6TopologySerializerTest" time="0.0"/>
  <testcase name="checkDecodeEncodeGraphs(String)[983]" classname="io.jbotsim.io.format.graph6.Graph6TopologySerializerTest" time="0.0"/>
  <testcase name="checkDecodeEncodeGraphs(String)[984]" classname="io.jbotsim.io.format.graph6.Graph6TopologySerializerTest" time="0.002"/>
  <testcase name="checkDecodeEncodeGraphs(String)[985]" classname="io.jbotsim.io.format.graph6.Graph6TopologySerializerTest" time="0.0"/>
  <testcase name="checkDecodeEncodeGraphs(String)[986]" classname="io.jbotsim.io.format.graph6.Graph6TopologySerializerTest" time="0.001"/>
  <testcase name="checkDecodeEncodeGraphs(String)[987]" classname="io.jbotsim.io.format.graph6.Graph6TopologySerializerTest" time="0.0"/>
  <testcase name="checkDecodeEncodeGraphs(String)[988]" classname="io.jbotsim.io.format.graph6.Graph6TopologySerializerTest" time="0.001"/>
  <testcase name="checkDecodeEncodeGraphs(String)[989]" classname="io.jbotsim.io.format.graph6.Graph6TopologySerializerTest" time="0.001"/>
  <testcase name="checkDecodeEncodeGraphs(String)[990]" classname="io.jbotsim.io.format.graph6.Graph6TopologySerializerTest" time="0.0"/>
  <testcase name="checkDecodeEncodeGraphs(String)[991]" classname="io.jbotsim.io.format.graph6.Graph6TopologySerializerTest" time="0.001"/>
  <testcase name="checkDecodeEncodeGraphs(String)[992]" classname="io.jbotsim.io.format.graph6.Graph6TopologySerializerTest" time="0.0"/>
  <testcase name="checkDecodeEncodeGraphs(String)[993]" classname="io.jbotsim.io.format.graph6.Graph6TopologySerializerTest" time="0.001"/>
  <testcase name="checkDecodeEncodeGraphs(String)[994]" classname="io.jbotsim.io.format.graph6.Graph6TopologySerializerTest" time="0.0"/>
  <testcase name="checkDecodeEncodeGraphs(String)[995]" classname="io.jbotsim.io.format.graph6.Graph6TopologySerializerTest" time="0.0"/>
  <testcase name="checkDecodeEncodeGraphs(String)[996]" classname="io.jbotsim.io.format.graph6.Graph6TopologySerializerTest" time="0.0"/>
  <testcase name="checkDecodeEncodeGraphs(String)[997]" classname="io.jbotsim.io.format.graph6.Graph6TopologySerializerTest" time="0.0"/>
  <testcase name="checkDecodeEncodeGraphs(String)[998]" classname="io.jbotsim.io.format.graph6.Graph6TopologySerializerTest" time="0.0"/>
  <testcase name="checkDecodeEncodeGraphs(String)[999]" classname="io.jbotsim.io.format.graph6.Graph6TopologySerializerTest" time="0.0"/>
  <testcase name="checkDecodeEncodeGraphs(String)[1000]" classname="io.jbotsim.io.format.graph6.Graph6TopologySerializerTest" time="0.001"/>
  <testcase name="checkDecodeEncodeGraphs(String)[1001]" classname="io.jbotsim.io.format.graph6.Graph6TopologySerializerTest" time="0.0"/>
  <testcase name="checkDecodeEncodeGraphs(String)[1002]" classname="io.jbotsim.io.format.graph6.Graph6TopologySerializerTest" time="0.0"/>
  <testcase name="checkDecodeEncodeGraphs(String)[1003]" classname="io.jbotsim.io.format.graph6.Graph6TopologySerializerTest" time="0.0"/>
  <testcase name="checkDecodeEncodeGraphs(String)[1004]" classname="io.jbotsim.io.format.graph6.Graph6TopologySerializerTest" time="0.0"/>
  <testcase name="checkDecodeEncodeGraphs(String)[1005]" classname="io.jbotsim.io.format.graph6.Graph6TopologySerializerTest" time="0.0"/>
  <testcase name="checkDecodeEncodeGraphs(String)[1006]" classname="io.jbotsim.io.format.graph6.Graph6TopologySerializerTest" time="0.001"/>
  <testcase name="checkDecodeEncodeGraphs(String)[1007]" classname="io.jbotsim.io.format.graph6.Graph6TopologySerializerTest" time="0.0"/>
  <testcase name="checkDecodeEncodeGraphs(String)[1008]" classname="io.jbotsim.io.format.graph6.Graph6TopologySerializerTest" time="0.0"/>
  <testcase name="checkDecodeEncodeGraphs(String)[1009]" classname="io.jbotsim.io.format.graph6.Graph6TopologySerializerTest" time="0.0"/>
  <testcase name="checkDecodeEncodeGraphs(String)[1010]" classname="io.jbotsim.io.format.graph6.Graph6TopologySerializerTest" time="0.0"/>
  <testcase name="checkDecodeEncodeGraphs(String)[1011]" classname="io.jbotsim.io.format.graph6.Graph6TopologySerializerTest" time="0.001"/>
  <testcase name="checkDecodeEncodeGraphs(String)[1012]" classname="io.jbotsim.io.format.graph6.Graph6TopologySerializerTest" time="0.0"/>
  <testcase name="checkDecodeEncodeGraphs(String)[1013]" classname="io.jbotsim.io.format.graph6.Graph6TopologySerializerTest" time="0.001"/>
  <testcase name="checkDecodeEncodeGraphs(String)[1014]" classname="io.jbotsim.io.format.graph6.Graph6TopologySerializerTest" time="0.0"/>
  <testcase name="checkDecodeEncodeGraphs(String)[1015]" classname="io.jbotsim.io.format.graph6.Graph6TopologySerializerTest" time="0.001"/>
  <testcase name="checkDecodeEncodeGraphs(String)[1016]" classname="io.jbotsim.io.format.graph6.Graph6TopologySerializerTest" time="0.0"/>
  <testcase name="checkDecodeEncodeGraphs(String)[1017]" classname="io.jbotsim.io.format.graph6.Graph6TopologySerializerTest" time="0.0"/>
  <testcase name="checkDecodeEncodeGraphs(String)[1018]" classname="io.jbotsim.io.format.graph6.Graph6TopologySerializerTest" time="0.0"/>
  <testcase name="checkDecodeEncodeGraphs(String)[1019]" classname="io.jbotsim.io.format.graph6.Graph6TopologySerializerTest" time="0.0"/>
  <testcase name="checkDecodeEncodeGraphs(String)[1020]" classname="io.jbotsim.io.format.graph6.Graph6TopologySerializerTest" time="0.001"/>
  <testcase name="checkDecodeEncodeGraphs(String)[1021]" classname="io.jbotsim.io.format.graph6.Graph6TopologySerializerTest" time="0.0"/>
  <testcase name="checkDecodeEncodeGraphs(String)[1022]" classname="io.jbotsim.io.format.graph6.Graph6TopologySerializerTest" time="0.0"/>
  <testcase name="checkDecodeEncodeGraphs(String)[1023]" classname="io.jbotsim.io.format.graph6.Graph6TopologySerializerTest" time="0.0"/>
  <testcase name="checkDecodeEncodeGraphs(String)[1024]" classname="io.jbotsim.io.format.graph6.Graph6TopologySerializerTest" time="0.0"/>
  <testcase name="checkDecodeEncodeGraphs(String)[1025]" classname="io.jbotsim.io.format.graph6.Graph6TopologySerializerTest" time="0.0"/>
  <testcase name="checkDecodeEncodeGraphs(String)[1026]" classname="io.jbotsim.io.format.graph6.Graph6TopologySerializerTest" time="0.0"/>
  <testcase name="checkDecodeEncodeGraphs(String)[1027]" classname="io.jbotsim.io.format.graph6.Graph6TopologySerializerTest" time="0.004"/>
  <testcase name="checkDecodeEncodeGraphs(String)[1028]" classname="io.jbotsim.io.format.graph6.Graph6TopologySerializerTest" time="0.001"/>
  <testcase name="checkDecodeEncodeGraphs(String)[1029]" classname="io.jbotsim.io.format.graph6.Graph6TopologySerializerTest" time="0.0"/>
  <testcase name="checkDecodeEncodeGraphs(String)[1030]" classname="io.jbotsim.io.format.graph6.Graph6TopologySerializerTest" time="0.001"/>
  <testcase name="checkDecodeEncodeGraphs(String)[1031]" classname="io.jbotsim.io.format.graph6.Graph6TopologySerializerTest" time="0.0"/>
  <testcase name="checkDecodeEncodeGraphs(String)[1032]" classname="io.jbotsim.io.format.graph6.Graph6TopologySerializerTest" time="0.0"/>
  <testcase name="checkDecodeEncodeGraphs(String)[1033]" classname="io.jbotsim.io.format.graph6.Graph6TopologySerializerTest" time="0.0"/>
  <testcase name="checkDecodeEncodeGraphs(String)[1034]" classname="io.jbotsim.io.format.graph6.Graph6TopologySerializerTest" time="0.0"/>
  <testcase name="checkDecodeEncodeGraphs(String)[1035]" classname="io.jbotsim.io.format.graph6.Graph6TopologySerializerTest" time="0.0"/>
  <testcase name="checkDecodeEncodeGraphs(String)[1036]" classname="io.jbotsim.io.format.graph6.Graph6TopologySerializerTest" time="0.0"/>
  <testcase name="checkDecodeEncodeGraphs(String)[1037]" classname="io.jbotsim.io.format.graph6.Graph6TopologySerializerTest" time="0.0"/>
  <testcase name="checkDecodeEncodeGraphs(String)[1038]" classname="io.jbotsim.io.format.graph6.Graph6TopologySerializerTest" time="0.001"/>
  <testcase name="checkDecodeEncodeGraphs(String)[1039]" classname="io.jbotsim.io.format.graph6.Graph6TopologySerializerTest" time="0.0"/>
  <testcase name="checkDecodeEncodeGraphs(String)[1040]" classname="io.jbotsim.io.format.graph6.Graph6TopologySerializerTest" time="0.0"/>
  <testcase name="checkDecodeEncodeGraphs(String)[1041]" classname="io.jbotsim.io.format.graph6.Graph6TopologySerializerTest" time="0.0"/>
  <testcase name="checkDecodeEncodeGraphs(String)[1042]" classname="io.jbotsim.io.format.graph6.Graph6TopologySerializerTest" time="0.0"/>
  <testcase name="checkDecodeEncodeGraphs(String)[1043]" classname="io.jbotsim.io.format.graph6.Graph6TopologySerializerTest" time="0.001"/>
  <testcase name="checkDecodeEncodeGraphs(String)[1044]" classname="io.jbotsim.io.format.graph6.Graph6TopologySerializerTest" time="0.0"/>
  <testcase name="checkDecodeEncodeGraphs(String)[1045]" classname="io.jbotsim.io.format.graph6.Graph6TopologySerializerTest" time="0.0"/>
  <testcase name="checkDecodeEncodeGraphs(String)[1046]" classname="io.jbotsim.io.format.graph6.Graph6TopologySerializerTest" time="0.0"/>
  <testcase name="checkDecodeEncodeGraphs(String)[1047]" classname="io.jbotsim.io.format.graph6.Graph6TopologySerializerTest" time="0.0"/>
  <testcase name="checkDecodeEncodeGraphs(String)[1048]" classname="io.jbotsim.io.format.graph6.Graph6TopologySerializerTest" time="0.0"/>
  <testcase name="checkDecodeEncodeGraphs(String)[1049]" classname="io.jbotsim.io.format.graph6.Graph6TopologySerializerTest" time="0.0"/>
  <testcase name="checkDecodeEncodeGraphs(String)[1050]" classname="io.jbotsim.io.format.graph6.Graph6TopologySerializerTest" time="0.0"/>
  <testcase name="checkDecodeEncodeGraphs(String)[1051]" classname="io.jbotsim.io.format.graph6.Graph6TopologySerializerTest" time="0.001"/>
  <testcase name="checkDecodeEncodeGraphs(String)[1052]" classname="io.jbotsim.io.format.graph6.Graph6TopologySerializerTest" time="0.0"/>
  <testcase name="checkDecodeEncodeGraphs(String)[1053]" classname="io.jbotsim.io.format.graph6.Graph6TopologySerializerTest" time="0.0"/>
  <testcase name="checkDecodeEncodeGraphs(String)[1054]" classname="io.jbotsim.io.format.graph6.Graph6TopologySerializerTest" time="0.0"/>
  <testcase name="checkDecodeEncodeGraphs(String)[1055]" classname="io.jbotsim.io.format.graph6.Graph6TopologySerializerTest" time="0.0"/>
  <testcase name="checkDecodeEncodeGraphs(String)[1056]" classname="io.jbotsim.io.format.graph6.Graph6TopologySerializerTest" time="0.003"/>
  <testcase name="checkDecodeEncodeGraphs(String)[1057]" classname="io.jbotsim.io.format.graph6.Graph6TopologySerializerTest" time="0.0"/>
  <testcase name="checkDecodeEncodeGraphs(String)[1058]" classname="io.jbotsim.io.format.graph6.Graph6TopologySerializerTest" time="0.0"/>
  <testcase name="checkDecodeEncodeGraphs(String)[1059]" classname="io.jbotsim.io.format.graph6.Graph6TopologySerializerTest" time="0.001"/>
  <testcase name="checkDecodeEncodeGraphs(String)[1060]" classname="io.jbotsim.io.format.graph6.Graph6TopologySerializerTest" time="0.0"/>
  <testcase name="checkDecodeEncodeGraphs(String)[1061]" classname="io.jbotsim.io.format.graph6.Graph6TopologySerializerTest" time="0.0"/>
  <testcase name="checkDecodeEncodeGraphs(String)[1062]" classname="io.jbotsim.io.format.graph6.Graph6TopologySerializerTest" time="0.0"/>
  <testcase name="checkDecodeEncodeGraphs(String)[1063]" classname="io.jbotsim.io.format.graph6.Graph6TopologySerializerTest" time="0.0"/>
  <testcase name="checkDecodeEncodeGraphs(String)[1064]" classname="io.jbotsim.io.format.graph6.Graph6TopologySerializerTest" time="0.0"/>
  <testcase name="checkDecodeEncodeGraphs(String)[1065]" classname="io.jbotsim.io.format.graph6.Graph6TopologySerializerTest" time="0.0"/>
  <testcase name="checkDecodeEncodeGraphs(String)[1066]" classname="io.jbotsim.io.format.graph6.Graph6TopologySerializerTest" time="0.0"/>
  <testcase name="checkDecodeEncodeGraphs(String)[1067]" classname="io.jbotsim.io.format.graph6.Graph6TopologySerializerTest" time="0.0"/>
  <testcase name="checkDecodeEncodeGraphs(String)[1068]" classname="io.jbotsim.io.format.graph6.Graph6TopologySerializerTest" time="0.0"/>
  <testcase name="checkDecodeEncodeGraphs(String)[1069]" classname="io.jbotsim.io.format.graph6.Graph6TopologySerializerTest" time="0.0"/>
  <testcase name="checkDecodeEncodeGraphs(String)[1070]" classname="io.jbotsim.io.format.graph6.Graph6TopologySerializerTest" time="0.001"/>
  <testcase name="checkDecodeEncodeGraphs(String)[1071]" classname="io.jbotsim.io.format.graph6.Graph6TopologySerializerTest" time="0.0"/>
  <testcase name="checkDecodeEncodeGraphs(String)[1072]" classname="io.jbotsim.io.format.graph6.Graph6TopologySerializerTest" time="0.0"/>
  <testcase name="checkDecodeEncodeGraphs(String)[1073]" classname="io.jbotsim.io.format.graph6.Graph6TopologySerializerTest" time="0.001"/>
  <testcase name="checkDecodeEncodeGraphs(String)[1074]" classname="io.jbotsim.io.format.graph6.Graph6TopologySerializerTest" time="0.0"/>
  <testcase name="checkDecodeEncodeGraphs(String)[1075]" classname="io.jbotsim.io.format.graph6.Graph6TopologySerializerTest" time="0.001"/>
  <testcase name="checkDecodeEncodeGraphs(String)[1076]" classname="io.jbotsim.io.format.graph6.Graph6TopologySerializerTest" time="0.0"/>
  <testcase name="checkDecodeEncodeGraphs(String)[1077]" classname="io.jbotsim.io.format.graph6.Graph6TopologySerializerTest" time="0.0"/>
  <testcase name="checkDecodeEncodeGraphs(String)[1078]" classname="io.jbotsim.io.format.graph6.Graph6TopologySerializerTest" time="0.0"/>
  <testcase name="checkDecodeEncodeGraphs(String)[1079]" classname="io.jbotsim.io.format.graph6.Graph6TopologySerializerTest" time="0.0"/>
  <testcase name="checkDecodeEncodeGraphs(String)[1080]" classname="io.jbotsim.io.format.graph6.Graph6TopologySerializerTest" time="0.001"/>
  <testcase name="checkDecodeEncodeGraphs(String)[1081]" classname="io.jbotsim.io.format.graph6.Graph6TopologySerializerTest" time="0.0"/>
  <testcase name="checkDecodeEncodeGraphs(String)[1082]" classname="io.jbotsim.io.format.graph6.Graph6TopologySerializerTest" time="0.0"/>
  <testcase name="checkDecodeEncodeGraphs(String)[1083]" classname="io.jbotsim.io.format.graph6.Graph6TopologySerializerTest" time="0.0"/>
  <testcase name="checkDecodeEncodeGraphs(String)[1084]" classname="io.jbotsim.io.format.graph6.Graph6TopologySerializerTest" time="0.001"/>
  <testcase name="checkDecodeEncodeGraphs(String)[1085]" classname="io.jbotsim.io.format.graph6.Graph6TopologySerializerTest" time="0.003"/>
  <testcase name="checkDecodeEncodeGraphs(String)[1086]" classname="io.jbotsim.io.format.graph6.Graph6TopologySerializerTest" time="0.0"/>
  <testcase name="checkDecodeEncodeGraphs(String)[1087]" classname="io.jbotsim.io.format.graph6.Graph6TopologySerializerTest" time="0.0"/>
  <testcase name="checkDecodeEncodeGraphs(String)[1088]" classname="io.jbotsim.io.format.graph6.Graph6TopologySerializerTest" time="0.001"/>
  <testcase name="checkDecodeEncodeGraphs(String)[1089]" classname="io.jbotsim.io.format.graph6.Graph6TopologySerializerTest" time="0.0"/>
  <testcase name="checkDecodeEncodeGraphs(String)[1090]" classname="io.jbotsim.io.format.graph6.Graph6TopologySerializerTest" time="0.0"/>
  <testcase name="checkDecodeEncodeGraphs(String)[1091]" classname="io.jbotsim.io.format.graph6.Graph6TopologySerializerTest" time="0.0"/>
  <testcase name="checkDecodeEncodeGraphs(String)[1092]" classname="io.jbotsim.io.format.graph6.Graph6TopologySerializerTest" time="0.0"/>
  <testcase name="checkDecodeEncodeGraphs(String)[1093]" classname="io.jbotsim.io.format.graph6.Graph6TopologySerializerTest" time="0.0"/>
  <testcase name="checkDecodeEncodeGraphs(String)[1094]" classname="io.jbotsim.io.format.graph6.Graph6TopologySerializerTest" time="0.001"/>
  <testcase name="checkDecodeEncodeGraphs(String)[1095]" classname="io.jbotsim.io.format.graph6.Graph6TopologySerializerTest" time="0.0"/>
  <testcase name="checkDecodeEncodeGraphs(String)[1096]" classname="io.jbotsim.io.format.graph6.Graph6TopologySerializerTest" time="0.004"/>
  <testcase name="checkDecodeEncodeGraphs(String)[1097]" classname="io.jbotsim.io.format.graph6.Graph6TopologySerializerTest" time="0.0"/>
  <testcase name="checkDecodeEncodeGraphs(String)[1098]" classname="io.jbotsim.io.format.graph6.Graph6TopologySerializerTest" time="0.001"/>
  <testcase name="checkDecodeEncodeGraphs(String)[1099]" classname="io.jbotsim.io.format.graph6.Graph6TopologySerializerTest" time="0.0"/>
  <testcase name="checkDecodeEncodeGraphs(String)[1100]" classname="io.jbotsim.io.format.graph6.Graph6TopologySerializerTest" time="0.0"/>
  <testcase name="checkDecodeEncodeGraphs(String)[1101]" classname="io.jbotsim.io.format.graph6.Graph6TopologySerializerTest" time="0.0"/>
  <testcase name="checkDecodeEncodeGraphs(String)[1102]" classname="io.jbotsim.io.format.graph6.Graph6TopologySerializerTest" time="0.0"/>
  <testcase name="checkDecodeEncodeGraphs(String)[1103]" classname="io.jbotsim.io.format.graph6.Graph6TopologySerializerTest" time="0.0"/>
  <testcase name="checkDecodeEncodeGraphs(String)[1104]" classname="io.jbotsim.io.format.graph6.Graph6TopologySerializerTest" time="0.0"/>
  <testcase name="checkDecodeEncodeGraphs(String)[1105]" classname="io.jbotsim.io.format.graph6.Graph6TopologySerializerTest" time="0.0"/>
  <testcase name="checkDecodeEncodeGraphs(String)[1106]" classname="io.jbotsim.io.format.graph6.Graph6TopologySerializerTest" time="0.0"/>
  <testcase name="checkDecodeEncodeGraphs(String)[1107]" classname="io.jbotsim.io.format.graph6.Graph6TopologySerializerTest" time="0.0"/>
  <testcase name="checkDecodeEncodeGraphs(String)[1108]" classname="io.jbotsim.io.format.graph6.Graph6TopologySerializerTest" time="0.0"/>
  <testcase name="checkDecodeEncodeGraphs(String)[1109]" classname="io.jbotsim.io.format.graph6.Graph6TopologySerializerTest" time="0.001"/>
  <testcase name="checkDecodeEncodeGraphs(String)[1110]" classname="io.jbotsim.io.format.graph6.Graph6TopologySerializerTest" time="0.0"/>
  <testcase name="checkDecodeEncodeGraphs(String)[1111]" classname="io.jbotsim.io.format.graph6.Graph6TopologySerializerTest" time="0.0"/>
  <testcase name="checkDecodeEncodeGraphs(String)[1112]" classname="io.jbotsim.io.format.graph6.Graph6TopologySerializerTest" time="0.0"/>
  <testcase name="checkDecodeEncodeGraphs(String)[1113]" classname="io.jbotsim.io.format.graph6.Graph6TopologySerializerTest" time="0.0"/>
  <testcase name="checkDecodeEncodeGraphs(String)[1114]" classname="io.jbotsim.io.format.graph6.Graph6TopologySerializerTest" time="0.001"/>
  <testcase name="checkDecodeEncodeGraphs(String)[1115]" classname="io.jbotsim.io.format.graph6.Graph6TopologySerializerTest" time="0.0"/>
  <testcase name="checkDecodeEncodeGraphs(String)[1116]" classname="io.jbotsim.io.format.graph6.Graph6TopologySerializerTest" time="0.0"/>
  <testcase name="checkDecodeEncodeGraphs(String)[1117]" classname="io.jbotsim.io.format.graph6.Graph6TopologySerializerTest" time="0.0"/>
  <testcase name="checkDecodeEncodeGraphs(String)[1118]" classname="io.jbotsim.io.format.graph6.Graph6TopologySerializerTest" time="0.0"/>
  <testcase name="checkDecodeEncodeGraphs(String)[1119]" classname="io.jbotsim.io.format.graph6.Graph6TopologySerializerTest" time="0.0"/>
  <testcase name="checkDecodeEncodeGraphs(String)[1120]" classname="io.jbotsim.io.format.graph6.Graph6TopologySerializerTest" time="0.0"/>
  <testcase name="checkDecodeEncodeGraphs(String)[1121]" classname="io.jbotsim.io.format.graph6.Graph6TopologySerializerTest" time="0.001"/>
  <testcase name="checkDecodeEncodeGraphs(String)[1122]" classname="io.jbotsim.io.format.graph6.Graph6TopologySerializerTest" time="0.0"/>
  <testcase name="checkDecodeEncodeGraphs(String)[1123]" classname="io.jbotsim.io.format.graph6.Graph6TopologySerializerTest" time="0.001"/>
  <testcase name="checkDecodeEncodeGraphs(String)[1124]" classname="io.jbotsim.io.format.graph6.Graph6TopologySerializerTest" time="0.001"/>
  <testcase name="checkDecodeEncodeGraphs(String)[1125]" classname="io.jbotsim.io.format.graph6.Graph6TopologySerializerTest" time="0.0"/>
  <testcase name="checkDecodeEncodeGraphs(String)[1126]" classname="io.jbotsim.io.format.graph6.Graph6TopologySerializerTest" time="0.0"/>
  <testcase name="checkDecodeEncodeGraphs(String)[1127]" classname="io.jbotsim.io.format.graph6.Graph6TopologySerializerTest" time="0.0"/>
  <testcase name="checkDecodeEncodeGraphs(String)[1128]" classname="io.jbotsim.io.format.graph6.Graph6TopologySerializerTest" time="0.0"/>
  <testcase name="checkDecodeEncodeGraphs(String)[1129]" classname="io.jbotsim.io.format.graph6.Graph6TopologySerializerTest" time="0.004"/>
  <testcase name="checkDecodeEncodeGraphs(String)[1130]" classname="io.jbotsim.io.format.graph6.Graph6TopologySerializerTest" time="0.0"/>
  <testcase name="checkDecodeEncodeGraphs(String)[1131]" classname="io.jbotsim.io.format.graph6.Graph6TopologySerializerTest" time="0.0"/>
  <testcase name="checkDecodeEncodeGraphs(String)[1132]" classname="io.jbotsim.io.format.graph6.Graph6TopologySerializerTest" time="0.0"/>
  <testcase name="checkDecodeEncodeGraphs(String)[1133]" classname="io.jbotsim.io.format.graph6.Graph6TopologySerializerTest" time="0.0"/>
  <testcase name="checkDecodeEncodeGraphs(String)[1134]" classname="io.jbotsim.io.format.graph6.Graph6TopologySerializerTest" time="0.001"/>
  <testcase name="checkDecodeEncodeGraphs(String)[1135]" classname="io.jbotsim.io.format.graph6.Graph6TopologySerializerTest" time="0.0"/>
  <testcase name="checkDecodeEncodeGraphs(String)[1136]" classname="io.jbotsim.io.format.graph6.Graph6TopologySerializerTest" time="0.0"/>
  <testcase name="checkDecodeEncodeGraphs(String)[1137]" classname="io.jbotsim.io.format.graph6.Graph6TopologySerializerTest" time="0.0"/>
  <testcase name="checkDecodeEncodeGraphs(String)[1138]" classname="io.jbotsim.io.format.graph6.Graph6TopologySerializerTest" time="0.0"/>
  <testcase name="checkDecodeEncodeGraphs(String)[1139]" classname="io.jbotsim.io.format.graph6.Graph6TopologySerializerTest" time="0.0"/>
  <testcase name="checkDecodeEncodeGraphs(String)[1140]" classname="io.jbotsim.io.format.graph6.Graph6TopologySerializerTest" time="0.0"/>
  <testcase name="checkDecodeEncodeGraphs(String)[1141]" classname="io.jbotsim.io.format.graph6.Graph6TopologySerializerTest" time="0.0"/>
  <testcase name="checkDecodeEncodeGraphs(String)[1142]" classname="io.jbotsim.io.format.graph6.Graph6TopologySerializerTest" time="0.001"/>
  <testcase name="checkDecodeEncodeGraphs(String)[1143]" classname="io.jbotsim.io.format.graph6.Graph6TopologySerializerTest" time="0.0"/>
  <testcase name="checkDecodeEncodeGraphs(String)[1144]" classname="io.jbotsim.io.format.graph6.Graph6TopologySerializerTest" time="0.0"/>
  <testcase name="checkDecodeEncodeGraphs(String)[1145]" classname="io.jbotsim.io.format.graph6.Graph6TopologySerializerTest" time="0.0"/>
  <testcase name="checkDecodeEncodeGraphs(String)[1146]" classname="io.jbotsim.io.format.graph6.Graph6TopologySerializerTest" time="0.0"/>
  <testcase name="checkDecodeEncodeGraphs(String)[1147]" classname="io.jbotsim.io.format.graph6.Graph6TopologySerializerTest" time="0.0"/>
  <testcase name="checkDecodeEncodeGraphs(String)[1148]" classname="io.jbotsim.io.format.graph6.Graph6TopologySerializerTest" time="0.0"/>
  <testcase name="checkDecodeEncodeGraphs(String)[1149]" classname="io.jbotsim.io.format.graph6.Graph6TopologySerializerTest" time="0.0"/>
  <testcase name="checkDecodeEncodeGraphs(String)[1150]" classname="io.jbotsim.io.format.graph6.Graph6TopologySerializerTest" time="0.0"/>
  <testcase name="checkDecodeEncodeGraphs(String)[1151]" classname="io.jbotsim.io.format.graph6.Graph6TopologySerializerTest" time="0.0"/>
  <testcase name="checkDecodeEncodeGraphs(String)[1152]" classname="io.jbotsim.io.format.graph6.Graph6TopologySerializerTest" time="0.0"/>
  <testcase name="checkDecodeEncodeGraphs(String)[1153]" classname="io.jbotsim.io.format.graph6.Graph6TopologySerializerTest" time="0.001"/>
  <testcase name="checkDecodeEncodeGraphs(String)[1154]" classname="io.jbotsim.io.format.graph6.Graph6TopologySerializerTest" time="0.0"/>
  <testcase name="checkDecodeEncodeGraphs(String)[1155]" classname="io.jbotsim.io.format.graph6.Graph6TopologySerializerTest" time="0.001"/>
  <testcase name="checkDecodeEncodeGraphs(String)[1156]" classname="io.jbotsim.io.format.graph6.Graph6TopologySerializerTest" time="0.0"/>
  <testcase name="checkDecodeEncodeGraphs(String)[1157]" classname="io.jbotsim.io.format.graph6.Graph6TopologySerializerTest" time="0.0"/>
  <testcase name="checkDecodeEncodeGraphs(String)[1158]" classname="io.jbotsim.io.format.graph6.Graph6TopologySerializerTest" time="0.0"/>
  <testcase name="checkDecodeEncodeGraphs(String)[1159]" classname="io.jbotsim.io.format.graph6.Graph6TopologySerializerTest" time="0.0"/>
  <testcase name="checkDecodeEncodeGraphs(String)[1160]" classname="io.jbotsim.io.format.graph6.Graph6TopologySerializerTest" time="0.0"/>
  <testcase name="checkDecodeEncodeGraphs(String)[1161]" classname="io.jbotsim.io.format.graph6.Graph6TopologySerializerTest" time="0.0"/>
  <testcase name="checkDecodeEncodeGraphs(String)[1162]" classname="io.jbotsim.io.format.graph6.Graph6TopologySerializerTest" time="0.0"/>
  <testcase name="checkDecodeEncodeGraphs(String)[1163]" classname="io.jbotsim.io.format.graph6.Graph6TopologySerializerTest" time="0.001"/>
  <testcase name="checkDecodeEncodeGraphs(String)[1164]" classname="io.jbotsim.io.format.graph6.Graph6TopologySerializerTest" time="0.0"/>
  <testcase name="checkDecodeEncodeGraphs(String)[1165]" classname="io.jbotsim.io.format.graph6.Graph6TopologySerializerTest" time="0.0"/>
  <testcase name="checkDecodeEncodeGraphs(String)[1166]" classname="io.jbotsim.io.format.graph6.Graph6TopologySerializerTest" time="0.0"/>
  <testcase name="checkDecodeEncodeGraphs(String)[1167]" classname="io.jbotsim.io.format.graph6.Graph6TopologySerializerTest" time="0.0"/>
  <testcase name="checkDecodeEncodeGraphs(String)[1168]" classname="io.jbotsim.io.format.graph6.Graph6TopologySerializerTest" time="0.003"/>
  <testcase name="checkDecodeEncodeGraphs(String)[1169]" classname="io.jbotsim.io.format.graph6.Graph6TopologySerializerTest" time="0.001"/>
  <testcase name="checkDecodeEncodeGraphs(String)[1170]" classname="io.jbotsim.io.format.graph6.Graph6TopologySerializerTest" time="0.0"/>
  <testcase name="checkDecodeEncodeGraphs(String)[1171]" classname="io.jbotsim.io.format.graph6.Graph6TopologySerializerTest" time="0.0"/>
  <testcase name="checkDecodeEncodeGraphs(String)[1172]" classname="io.jbotsim.io.format.graph6.Graph6TopologySerializerTest" time="0.0"/>
  <testcase name="checkDecodeEncodeGraphs(String)[1173]" classname="io.jbotsim.io.format.graph6.Graph6TopologySerializerTest" time="0.0"/>
  <testcase name="checkDecodeEncodeGraphs(String)[1174]" classname="io.jbotsim.io.format.graph6.Graph6TopologySerializerTest" time="0.001"/>
  <testcase name="checkDecodeEncodeGraphs(String)[1175]" classname="io.jbotsim.io.format.graph6.Graph6TopologySerializerTest" time="0.0"/>
  <testcase name="checkDecodeEncodeGraphs(String)[1176]" classname="io.jbotsim.io.format.graph6.Graph6TopologySerializerTest" time="0.0"/>
  <testcase name="checkDecodeEncodeGraphs(String)[1177]" classname="io.jbotsim.io.format.graph6.Graph6TopologySerializerTest" time="0.0"/>
  <testcase name="checkDecodeEncodeGraphs(String)[1178]" classname="io.jbotsim.io.format.graph6.Graph6TopologySerializerTest" time="0.0"/>
  <testcase name="checkDecodeEncodeGraphs(String)[1179]" classname="io.jbotsim.io.format.graph6.Graph6TopologySerializerTest" time="0.001"/>
  <testcase name="checkDecodeEncodeGraphs(String)[1180]" classname="io.jbotsim.io.format.graph6.Graph6TopologySerializerTest" time="0.0"/>
  <testcase name="checkDecodeEncodeGraphs(String)[1181]" classname="io.jbotsim.io.format.graph6.Graph6TopologySerializerTest" time="0.001"/>
  <testcase name="checkDecodeEncodeGraphs(String)[1182]" classname="io.jbotsim.io.format.graph6.Graph6TopologySerializerTest" time="0.0"/>
  <testcase name="checkDecodeEncodeGraphs(String)[1183]" classname="io.jbotsim.io.format.graph6.Graph6TopologySerializerTest" time="0.0"/>
  <testcase name="checkDecodeEncodeGraphs(String)[1184]" classname="io.jbotsim.io.format.graph6.Graph6TopologySerializerTest" time="0.0"/>
  <testcase name="checkDecodeEncodeGraphs(String)[1185]" classname="io.jbotsim.io.format.graph6.Graph6TopologySerializerTest" time="0.002"/>
  <testcase name="checkDecodeEncodeGraphs(String)[1186]" classname="io.jbotsim.io.format.graph6.Graph6TopologySerializerTest" time="0.0"/>
  <testcase name="checkDecodeEncodeGraphs(String)[1187]" classname="io.jbotsim.io.format.graph6.Graph6TopologySerializerTest" time="0.001"/>
  <testcase name="checkDecodeEncodeGraphs(String)[1188]" classname="io.jbotsim.io.format.graph6.Graph6TopologySerializerTest" time="0.0"/>
  <testcase name="checkDecodeEncodeGraphs(String)[1189]" classname="io.jbotsim.io.format.graph6.Graph6TopologySerializerTest" time="0.0"/>
  <testcase name="checkDecodeEncodeGraphs(String)[1190]" classname="io.jbotsim.io.format.graph6.Graph6TopologySerializerTest" time="0.0"/>
  <testcase name="checkDecodeEncodeGraphs(String)[1191]" classname="io.jbotsim.io.format.graph6.Graph6TopologySerializerTest" time="0.002"/>
  <testcase name="checkDecodeEncodeGraphs(String)[1192]" classname="io.jbotsim.io.format.graph6.Graph6TopologySerializerTest" time="0.0"/>
  <testcase name="checkDecodeEncodeGraphs(String)[1193]" classname="io.jbotsim.io.format.graph6.Graph6TopologySerializerTest" time="0.0"/>
  <testcase name="checkDecodeEncodeGraphs(String)[1194]" classname="io.jbotsim.io.format.graph6.Graph6TopologySerializerTest" time="0.0"/>
  <testcase name="checkDecodeEncodeGraphs(String)[1195]" classname="io.jbotsim.io.format.graph6.Graph6TopologySerializerTest" time="0.003"/>
  <testcase name="checkDecodeEncodeGraphs(String)[1196]" classname="io.jbotsim.io.format.graph6.Graph6TopologySerializerTest" time="0.0"/>
  <testcase name="checkDecodeEncodeGraphs(String)[1197]" classname="io.jbotsim.io.format.graph6.Graph6TopologySerializerTest" time="0.0"/>
  <testcase name="checkDecodeEncodeGraphs(String)[1198]" classname="io.jbotsim.io.format.graph6.Graph6TopologySerializerTest" time="0.0"/>
  <testcase name="checkDecodeEncodeGraphs(String)[1199]" classname="io.jbotsim.io.format.graph6.Graph6TopologySerializerTest" time="0.001"/>
  <testcase name="checkDecodeEncodeGraphs(String)[1200]" classname="io.jbotsim.io.format.graph6.Graph6TopologySerializerTest" time="0.0"/>
  <testcase name="checkDecodeEncodeGraphs(String)[1201]" classname="io.jbotsim.io.format.graph6.Graph6TopologySerializerTest" time="0.0"/>
  <testcase name="checkDecodeEncodeGraphs(String)[1202]" classname="io.jbotsim.io.format.graph6.Graph6TopologySerializerTest" time="0.0"/>
  <testcase name="checkDecodeEncodeGraphs(String)[1203]" classname="io.jbotsim.io.format.graph6.Graph6TopologySerializerTest" time="0.003"/>
  <testcase name="checkDecodeEncodeGraphs(String)[1204]" classname="io.jbotsim.io.format.graph6.Graph6TopologySerializerTest" time="0.001"/>
  <testcase name="checkDecodeEncodeGraphs(String)[1205]" classname="io.jbotsim.io.format.graph6.Graph6TopologySerializerTest" time="0.0"/>
  <testcase name="checkDecodeEncodeGraphs(String)[1206]" classname="io.jbotsim.io.format.graph6.Graph6TopologySerializerTest" time="0.001"/>
  <testcase name="checkDecodeEncodeGraphs(String)[1207]" classname="io.jbotsim.io.format.graph6.Graph6TopologySerializerTest" time="0.0"/>
  <testcase name="checkDecodeEncodeGraphs(String)[1208]" classname="io.jbotsim.io.format.graph6.Graph6TopologySerializerTest" time="0.002"/>
  <testcase name="checkDecodeEncodeGraphs(String)[1209]" classname="io.jbotsim.io.format.graph6.Graph6TopologySerializerTest" time="0.001"/>
  <testcase name="checkDecodeEncodeGraphs(String)[1210]" classname="io.jbotsim.io.format.graph6.Graph6TopologySerializerTest" time="0.0"/>
  <testcase name="checkDecodeEncodeGraphs(String)[1211]" classname="io.jbotsim.io.format.graph6.Graph6TopologySerializerTest" time="0.001"/>
  <testcase name="checkDecodeEncodeGraphs(String)[1212]" classname="io.jbotsim.io.format.graph6.Graph6TopologySerializerTest" time="0.0"/>
  <testcase name="checkDecodeEncodeGraphs(String)[1213]" classname="io.jbotsim.io.format.graph6.Graph6TopologySerializerTest" time="0.003"/>
  <testcase name="checkDecodeEncodeGraphs(String)[1214]" classname="io.jbotsim.io.format.graph6.Graph6TopologySerializerTest" time="0.0"/>
  <testcase name="checkDecodeEncodeGraphs(String)[1215]" classname="io.jbotsim.io.format.graph6.Graph6TopologySerializerTest" time="0.0"/>
  <testcase name="checkDecodeEncodeGraphs(String)[1216]" classname="io.jbotsim.io.format.graph6.Graph6TopologySerializerTest" time="0.0"/>
  <testcase name="checkDecodeEncodeGraphs(String)[1217]" classname="io.jbotsim.io.format.graph6.Graph6TopologySerializerTest" time="0.0"/>
  <testcase name="checkDecodeEncodeGraphs(String)[1218]" classname="io.jbotsim.io.format.graph6.Graph6TopologySerializerTest" time="0.0"/>
  <testcase name="checkDecodeEncodeGraphs(String)[1219]" classname="io.jbotsim.io.format.graph6.Graph6TopologySerializerTest" time="0.0"/>
  <testcase name="checkDecodeEncodeGraphs(String)[1220]" classname="io.jbotsim.io.format.graph6.Graph6TopologySerializerTest" time="0.0"/>
  <testcase name="checkDecodeEncodeGraphs(String)[1221]" classname="io.jbotsim.io.format.graph6.Graph6TopologySerializerTest" time="0.0"/>
  <testcase name="checkDecodeEncodeGraphs(String)[1222]" classname="io.jbotsim.io.format.graph6.Graph6TopologySerializerTest" time="0.0"/>
  <testcase name="checkDecodeEncodeGraphs(String)[1223]" classname="io.jbotsim.io.format.graph6.Graph6TopologySerializerTest" time="0.0"/>
  <testcase name="checkDecodeEncodeGraphs(String)[1224]" classname="io.jbotsim.io.format.graph6.Graph6TopologySerializerTest" time="0.0"/>
  <testcase name="checkDecodeEncodeGraphs(String)[1225]" classname="io.jbotsim.io.format.graph6.Graph6TopologySerializerTest" time="0.003"/>
  <testcase name="checkDecodeEncodeGraphs(String)[1226]" classname="io.jbotsim.io.format.graph6.Graph6TopologySerializerTest" time="0.0"/>
  <testcase name="checkDecodeEncodeGraphs(String)[1227]" classname="io.jbotsim.io.format.graph6.Graph6TopologySerializerTest" time="0.0"/>
  <testcase name="checkDecodeEncodeGraphs(String)[1228]" classname="io.jbotsim.io.format.graph6.Graph6TopologySerializerTest" time="0.0"/>
  <testcase name="checkDecodeEncodeGraphs(String)[1229]" classname="io.jbotsim.io.format.graph6.Graph6TopologySerializerTest" time="0.0"/>
  <testcase name="checkDecodeEncodeGraphs(String)[1230]" classname="io.jbotsim.io.format.graph6.Graph6TopologySerializerTest" time="0.001"/>
  <testcase name="checkDecodeEncodeGraphs(String)[1231]" classname="io.jbotsim.io.format.graph6.Graph6TopologySerializerTest" time="0.0"/>
  <testcase name="checkDecodeEncodeGraphs(String)[1232]" classname="io.jbotsim.io.format.graph6.Graph6TopologySerializerTest" time="0.0"/>
  <testcase name="checkDecodeEncodeGraphs(String)[1233]" classname="io.jbotsim.io.format.graph6.Graph6TopologySerializerTest" time="0.001"/>
  <testcase name="checkDecodeEncodeGraphs(String)[1234]" classname="io.jbotsim.io.format.graph6.Graph6TopologySerializerTest" time="0.0"/>
  <testcase name="checkDecodeEncodeGraphs(String)[1235]" classname="io.jbotsim.io.format.graph6.Graph6TopologySerializerTest" time="0.0"/>
  <testcase name="checkDecodeEncodeGraphs(String)[1236]" classname="io.jbotsim.io.format.graph6.Graph6TopologySerializerTest" time="0.003"/>
  <testcase name="checkDecodeEncodeGraphs(String)[1237]" classname="io.jbotsim.io.format.graph6.Graph6TopologySerializerTest" time="0.0"/>
  <testcase name="checkDecodeEncodeGraphs(String)[1238]" classname="io.jbotsim.io.format.graph6.Graph6TopologySerializerTest" time="0.0"/>
  <testcase name="checkDecodeEncodeGraphs(String)[1239]" classname="io.jbotsim.io.format.graph6.Graph6TopologySerializerTest" time="0.0"/>
  <testcase name="checkDecodeEncodeGraphs(String)[1240]" classname="io.jbotsim.io.format.graph6.Graph6TopologySerializerTest" time="0.0"/>
  <testcase name="checkDecodeEncodeGraphs(String)[1241]" classname="io.jbotsim.io.format.graph6.Graph6TopologySerializerTest" time="0.0"/>
  <testcase name="checkDecodeEncodeGraphs(String)[1242]" classname="io.jbotsim.io.format.graph6.Graph6TopologySerializerTest" time="0.0"/>
  <testcase name="checkDecodeEncodeGraphs(String)[1243]" classname="io.jbotsim.io.format.graph6.Graph6TopologySerializerTest" time="0.001"/>
  <testcase name="checkDecodeEncodeGraphs(String)[1244]" classname="io.jbotsim.io.format.graph6.Graph6TopologySerializerTest" time="0.0"/>
  <testcase name="checkDecodeEncodeGraphs(String)[1245]" classname="io.jbotsim.io.format.graph6.Graph6TopologySerializerTest" time="0.0"/>
  <testcase name="checkDecodeEncodeGraphs(String)[1246]" classname="io.jbotsim.io.format.graph6.Graph6TopologySerializerTest" time="0.001"/>
  <testcase name="checkDecodeEncodeGraphs(String)[1247]" classname="io.jbotsim.io.format.graph6.Graph6TopologySerializerTest" time="0.0"/>
  <testcase name="checkDecodeEncodeGraphs(String)[1248]" classname="io.jbotsim.io.format.graph6.Graph6TopologySerializerTest" time="0.001"/>
  <testcase name="checkDecodeEncodeGraphs(String)[1249]" classname="io.jbotsim.io.format.graph6.Graph6TopologySerializerTest" time="0.0"/>
  <testcase name="checkDecodeEncodeGraphs(String)[1250]" classname="io.jbotsim.io.format.graph6.Graph6TopologySerializerTest" time="0.001"/>
  <testcase name="checkDecodeEncodeGraphs(String)[1251]" classname="io.jbotsim.io.format.graph6.Graph6TopologySerializerTest" time="0.0"/>
  <testcase name="checkDecodeEncodeGraphs(String)[1252]" classname="io.jbotsim.io.format.graph6.Graph6TopologySerializerTest" time="0.0"/>
  <testcase name="checkDecodeEncodeGraphs(String)[1253]" classname="io.jbotsim.io.format.graph6.Graph6TopologySerializerTest" time="0.002"/>
  <testcase name="checkDecodeEncodeGraphs(String)[1254]" classname="io.jbotsim.io.format.graph6.Graph6TopologySerializerTest" time="0.0"/>
  <testcase name="checkDecodeEncodeGraphs(String)[1255]" classname="io.jbotsim.io.format.graph6.Graph6TopologySerializerTest" time="0.001"/>
  <testcase name="checkDecodeEncodeGraphs(String)[1256]" classname="io.jbotsim.io.format.graph6.Graph6TopologySerializerTest" time="0.0"/>
  <testcase name="checkDecodeEncodeGraphs(String)[1257]" classname="io.jbotsim.io.format.graph6.Graph6TopologySerializerTest" time="0.0"/>
  <testcase name="checkDecodeEncodeGraphs(String)[1258]" classname="io.jbotsim.io.format.graph6.Graph6TopologySerializerTest" time="0.0"/>
  <testcase name="checkDecodeEncodeGraphs(String)[1259]" classname="io.jbotsim.io.format.graph6.Graph6TopologySerializerTest" time="0.001"/>
  <testcase name="checkDecodeEncodeGraphs(String)[1260]" classname="io.jbotsim.io.format.graph6.Graph6TopologySerializerTest" time="0.0"/>
  <testcase name="checkDecodeEncodeGraphs(String)[1261]" classname="io.jbotsim.io.format.graph6.Graph6TopologySerializerTest" time="0.0"/>
  <testcase name="checkDecodeEncodeGraphs(String)[1262]" classname="io.jbotsim.io.format.graph6.Graph6TopologySerializerTest" time="0.0"/>
  <testcase name="checkDecodeEncodeGraphs(String)[1263]" classname="io.jbotsim.io.format.graph6.Graph6TopologySerializerTest" time="0.001"/>
  <testcase name="checkDecodeEncodeGraphs(String)[1264]" classname="io.jbotsim.io.format.graph6.Graph6TopologySerializerTest" time="0.002"/>
  <testcase name="checkDecodeEncodeGraphs(String)[1265]" classname="io.jbotsim.io.format.graph6.Graph6TopologySerializerTest" time="0.0"/>
  <testcase name="checkDecodeEncodeGraphs(String)[1266]" classname="io.jbotsim.io.format.graph6.Graph6TopologySerializerTest" time="0.0"/>
  <testcase name="checkDecodeEncodeGraphs(String)[1267]" classname="io.jbotsim.io.format.graph6.Graph6TopologySerializerTest" time="0.0"/>
  <testcase name="checkDecodeEncodeGraphs(String)[1268]" classname="io.jbotsim.io.format.graph6.Graph6TopologySerializerTest" time="0.001"/>
  <testcase name="checkDecodeEncodeGraphs(String)[1269]" classname="io.jbotsim.io.format.graph6.Graph6TopologySerializerTest" time="0.004"/>
  <testcase name="checkDecodeEncodeGraphs(String)[1270]" classname="io.jbotsim.io.format.graph6.Graph6TopologySerializerTest" time="0.0"/>
  <testcase name="checkDecodeEncodeGraphs(String)[1271]" classname="io.jbotsim.io.format.graph6.Graph6TopologySerializerTest" time="0.0"/>
  <testcase name="checkDecodeEncodeGraphs(String)[1272]" classname="io.jbotsim.io.format.graph6.Graph6TopologySerializerTest" time="0.0"/>
  <testcase name="checkDecodeEncodeGraphs(String)[1273]" classname="io.jbotsim.io.format.graph6.Graph6TopologySerializerTest" time="0.002"/>
  <testcase name="checkDecodeEncodeGraphs(String)[1274]" classname="io.jbotsim.io.format.graph6.Graph6TopologySerializerTest" time="0.0"/>
  <testcase name="checkDecodeEncodeGraphs(String)[1275]" classname="io.jbotsim.io.format.graph6.Graph6TopologySerializerTest" time="0.0"/>
  <testcase name="checkDecodeEncodeGraphs(String)[1276]" classname="io.jbotsim.io.format.graph6.Graph6TopologySerializerTest" time="0.0"/>
  <testcase name="checkDecodeEncodeGraphs(String)[1277]" classname="io.jbotsim.io.format.graph6.Graph6TopologySerializerTest" time="0.0"/>
  <testcase name="checkDecodeEncodeGraphs(String)[1278]" classname="io.jbotsim.io.format.graph6.Graph6TopologySerializerTest" time="0.0"/>
  <testcase name="checkDecodeEncodeGraphs(String)[1279]" classname="io.jbotsim.io.format.graph6.Graph6TopologySerializerTest" time="0.0"/>
  <testcase name="checkDecodeEncodeGraphs(String)[1280]" classname="io.jbotsim.io.format.graph6.Graph6TopologySerializerTest" time="0.0"/>
  <testcase name="checkDecodeEncodeGraphs(String)[1281]" classname="io.jbotsim.io.format.graph6.Graph6TopologySerializerTest" time="0.004"/>
  <testcase name="checkDecodeEncodeGraphs(String)[1282]" classname="io.jbotsim.io.format.graph6.Graph6TopologySerializerTest" time="0.0"/>
  <testcase name="checkDecodeEncodeGraphs(String)[1283]" classname="io.jbotsim.io.format.graph6.Graph6TopologySerializerTest" time="0.001"/>
  <testcase name="checkDecodeEncodeGraphs(String)[1284]" classname="io.jbotsim.io.format.graph6.Graph6TopologySerializerTest" time="0.0"/>
  <testcase name="checkDecodeEncodeGraphs(String)[1285]" classname="io.jbotsim.io.format.graph6.Graph6TopologySerializerTest" time="0.0"/>
  <testcase name="checkDecodeEncodeGraphs(String)[1286]" classname="io.jbotsim.io.format.graph6.Graph6TopologySerializerTest" time="0.0"/>
  <testcase name="checkDecodeEncodeGraphs(String)[1287]" classname="io.jbotsim.io.format.graph6.Graph6TopologySerializerTest" time="0.0"/>
  <testcase name="checkDecodeEncodeGraphs(String)[1288]" classname="io.jbotsim.io.format.graph6.Graph6TopologySerializerTest" time="0.001"/>
  <testcase name="checkDecodeEncodeGraphs(String)[1289]" classname="io.jbotsim.io.format.graph6.Graph6TopologySerializerTest" time="0.0"/>
  <testcase name="checkDecodeEncodeGraphs(String)[1290]" classname="io.jbotsim.io.format.graph6.Graph6TopologySerializerTest" time="0.0"/>
  <testcase name="checkDecodeEncodeGraphs(String)[1291]" classname="io.jbotsim.io.format.graph6.Graph6TopologySerializerTest" time="0.0"/>
  <testcase name="checkDecodeEncodeGraphs(String)[1292]" classname="io.jbotsim.io.format.graph6.Graph6TopologySerializerTest" time="0.0"/>
  <testcase name="checkDecodeEncodeGraphs(String)[1293]" classname="io.jbotsim.io.format.graph6.Graph6TopologySerializerTest" time="0.001"/>
  <testcase name="checkDecodeEncodeGraphs(String)[1294]" classname="io.jbotsim.io.format.graph6.Graph6TopologySerializerTest" time="0.003"/>
  <testcase name="checkDecodeEncodeGraphs(String)[1295]" classname="io.jbotsim.io.format.graph6.Graph6TopologySerializerTest" time="0.0"/>
  <testcase name="checkDecodeEncodeGraphs(String)[1296]" classname="io.jbotsim.io.format.graph6.Graph6TopologySerializerTest" time="0.0"/>
  <testcase name="checkDecodeEncodeGraphs(String)[1297]" classname="io.jbotsim.io.format.graph6.Graph6TopologySerializerTest" time="0.0"/>
  <testcase name="checkDecodeEncodeGraphs(String)[1298]" classname="io.jbotsim.io.format.graph6.Graph6TopologySerializerTest" time="0.0"/>
  <testcase name="checkDecodeEncodeGraphs(String)[1299]" classname="io.jbotsim.io.format.graph6.Graph6TopologySerializerTest" time="0.0"/>
  <testcase name="checkDecodeEncodeGraphs(String)[1300]" classname="io.jbotsim.io.format.graph6.Graph6TopologySerializerTest" time="0.0"/>
  <testcase name="checkDecodeEncodeGraphs(String)[1301]" classname="io.jbotsim.io.format.graph6.Graph6TopologySerializerTest" time="0.001"/>
  <testcase name="checkDecodeEncodeGraphs(String)[1302]" classname="io.jbotsim.io.format.graph6.Graph6TopologySerializerTest" time="0.0"/>
  <testcase name="checkDecodeEncodeGraphs(String)[1303]" classname="io.jbotsim.io.format.graph6.Graph6TopologySerializerTest" time="0.0"/>
  <testcase name="checkDecodeEncodeGraphs(String)[1304]" classname="io.jbotsim.io.format.graph6.Graph6TopologySerializerTest" time="0.0"/>
  <testcase name="checkDecodeEncodeGraphs(String)[1305]" classname="io.jbotsim.io.format.graph6.Graph6TopologySerializerTest" time="0.001"/>
  <testcase name="checkDecodeEncodeGraphs(String)[1306]" classname="io.jbotsim.io.format.graph6.Graph6TopologySerializerTest" time="0.0"/>
  <testcase name="checkDecodeEncodeGraphs(String)[1307]" classname="io.jbotsim.io.format.graph6.Graph6TopologySerializerTest" time="0.0"/>
  <testcase name="checkDecodeEncodeGraphs(String)[1308]" classname="io.jbotsim.io.format.graph6.Graph6TopologySerializerTest" time="0.0"/>
  <testcase name="checkDecodeEncodeGraphs(String)[1309]" classname="io.jbotsim.io.format.graph6.Graph6TopologySerializerTest" time="0.0"/>
  <testcase name="checkDecodeEncodeGraphs(String)[1310]" classname="io.jbotsim.io.format.graph6.Graph6TopologySerializerTest" time="0.0"/>
  <testcase name="checkDecodeEncodeGraphs(String)[1311]" classname="io.jbotsim.io.format.graph6.Graph6TopologySerializerTest" time="0.0"/>
  <testcase name="checkDecodeEncodeGraphs(String)[1312]" classname="io.jbotsim.io.format.graph6.Graph6TopologySerializerTest" time="0.002"/>
  <testcase name="checkDecodeEncodeGraphs(String)[1313]" classname="io.jbotsim.io.format.graph6.Graph6TopologySerializerTest" time="0.0"/>
  <testcase name="checkDecodeEncodeGraphs(String)[1314]" classname="io.jbotsim.io.format.graph6.Graph6TopologySerializerTest" time="0.0"/>
  <testcase name="checkDecodeEncodeGraphs(String)[1315]" classname="io.jbotsim.io.format.graph6.Graph6TopologySerializerTest" time="0.0"/>
  <testcase name="checkDecodeEncodeGraphs(String)[1316]" classname="io.jbotsim.io.format.graph6.Graph6TopologySerializerTest" time="0.0"/>
  <testcase name="checkDecodeEncodeGraphs(String)[1317]" classname="io.jbotsim.io.format.graph6.Graph6TopologySerializerTest" time="0.0"/>
  <testcase name="checkDecodeEncodeGraphs(String)[1318]" classname="io.jbotsim.io.format.graph6.Graph6TopologySerializerTest" time="0.0"/>
  <testcase name="checkDecodeEncodeGraphs(String)[1319]" classname="io.jbotsim.io.format.graph6.Graph6TopologySerializerTest" time="0.0"/>
  <testcase name="checkDecodeEncodeGraphs(String)[1320]" classname="io.jbotsim.io.format.graph6.Graph6TopologySerializerTest" time="0.0"/>
  <testcase name="checkDecodeEncodeGraphs(String)[1321]" classname="io.jbotsim.io.format.graph6.Graph6TopologySerializerTest" time="0.001"/>
  <testcase name="checkDecodeEncodeGraphs(String)[1322]" classname="io.jbotsim.io.format.graph6.Graph6TopologySerializerTest" time="0.0"/>
  <testcase name="checkDecodeEncodeGraphs(String)[1323]" classname="io.jbotsim.io.format.graph6.Graph6TopologySerializerTest" time="0.0"/>
  <testcase name="checkDecodeEncodeGraphs(String)[1324]" classname="io.jbotsim.io.format.graph6.Graph6TopologySerializerTest" time="0.0"/>
  <testcase name="checkDecodeEncodeGraphs(String)[1325]" classname="io.jbotsim.io.format.graph6.Graph6TopologySerializerTest" time="0.003"/>
  <testcase name="checkDecodeEncodeGraphs(String)[1326]" classname="io.jbotsim.io.format.graph6.Graph6TopologySerializerTest" time="0.001"/>
  <testcase name="checkDecodeEncodeGraphs(String)[1327]" classname="io.jbotsim.io.format.graph6.Graph6TopologySerializerTest" time="0.0"/>
  <testcase name="checkDecodeEncodeGraphs(String)[1328]" classname="io.jbotsim.io.format.graph6.Graph6TopologySerializerTest" time="0.0"/>
  <testcase name="checkDecodeEncodeGraphs(String)[1329]" classname="io.jbotsim.io.format.graph6.Graph6TopologySerializerTest" time="0.0"/>
  <testcase name="checkDecodeEncodeGraphs(String)[1330]" classname="io.jbotsim.io.format.graph6.Graph6TopologySerializerTest" time="0.0"/>
  <testcase name="checkDecodeEncodeGraphs(String)[1331]" classname="io.jbotsim.io.format.graph6.Graph6TopologySerializerTest" time="0.001"/>
  <testcase name="checkDecodeEncodeGraphs(String)[1332]" classname="io.jbotsim.io.format.graph6.Graph6TopologySerializerTest" time="0.001"/>
  <testcase name="checkDecodeEncodeGraphs(String)[1333]" classname="io.jbotsim.io.format.graph6.Graph6TopologySerializerTest" time="0.0"/>
  <testcase name="checkDecodeEncodeGraphs(String)[1334]" classname="io.jbotsim.io.format.graph6.Graph6TopologySerializerTest" time="0.004"/>
  <testcase name="checkDecodeEncodeGraphs(String)[1335]" classname="io.jbotsim.io.format.graph6.Graph6TopologySerializerTest" time="0.0"/>
  <testcase name="checkDecodeEncodeGraphs(String)[1336]" classname="io.jbotsim.io.format.graph6.Graph6TopologySerializerTest" time="0.0"/>
  <testcase name="checkDecodeEncodeGraphs(String)[1337]" classname="io.jbotsim.io.format.graph6.Graph6TopologySerializerTest" time="0.0"/>
  <testcase name="checkDecodeEncodeGraphs(String)[1338]" classname="io.jbotsim.io.format.graph6.Graph6TopologySerializerTest" time="0.0"/>
  <testcase name="checkDecodeEncodeGraphs(String)[1339]" classname="io.jbotsim.io.format.graph6.Graph6TopologySerializerTest" time="0.001"/>
  <testcase name="checkDecodeEncodeGraphs(String)[1340]" classname="io.jbotsim.io.format.graph6.Graph6TopologySerializerTest" time="0.0"/>
  <testcase name="checkDecodeEncodeGraphs(String)[1341]" classname="io.jbotsim.io.format.graph6.Graph6TopologySerializerTest" time="0.0"/>
  <testcase name="checkDecodeEncodeGraphs(String)[1342]" classname="io.jbotsim.io.format.graph6.Graph6TopologySerializerTest" time="0.0"/>
  <testcase name="checkDecodeEncodeGraphs(String)[1343]" classname="io.jbotsim.io.format.graph6.Graph6TopologySerializerTest" time="0.0"/>
  <testcase name="checkDecodeEncodeGraphs(String)[1344]" classname="io.jbotsim.io.format.graph6.Graph6TopologySerializerTest" time="0.001"/>
  <testcase name="checkDecodeEncodeGraphs(String)[1345]" classname="io.jbotsim.io.format.graph6.Graph6TopologySerializerTest" time="0.0"/>
  <testcase name="checkDecodeEncodeGraphs(String)[1346]" classname="io.jbotsim.io.format.graph6.Graph6TopologySerializerTest" time="0.0"/>
  <testcase name="checkDecodeEncodeGraphs(String)[1347]" classname="io.jbotsim.io.format.graph6.Graph6TopologySerializerTest" time="0.001"/>
  <testcase name="checkDecodeEncodeGraphs(String)[1348]" classname="io.jbotsim.io.format.graph6.Graph6TopologySerializerTest" time="0.0"/>
  <testcase name="checkDecodeEncodeGraphs(String)[1349]" classname="io.jbotsim.io.format.graph6.Graph6TopologySerializerTest" time="0.001"/>
  <testcase name="checkDecodeEncodeGraphs(String)[1350]" classname="io.jbotsim.io.format.graph6.Graph6TopologySerializerTest" time="0.0"/>
  <testcase name="checkDecodeEncodeGraphs(String)[1351]" classname="io.jbotsim.io.format.graph6.Graph6TopologySerializerTest" time="0.001"/>
  <testcase name="checkDecodeEncodeGraphs(String)[1352]" classname="io.jbotsim.io.format.graph6.Graph6TopologySerializerTest" time="0.0"/>
  <testcase name="checkDecodeEncodeGraphs(String)[1353]" classname="io.jbotsim.io.format.graph6.Graph6TopologySerializerTest" time="0.0"/>
  <testcase name="checkDecodeEncodeGraphs(String)[1354]" classname="io.jbotsim.io.format.graph6.Graph6TopologySerializerTest" time="0.0"/>
  <testcase name="checkDecodeEncodeGraphs(String)[1355]" classname="io.jbotsim.io.format.graph6.Graph6TopologySerializerTest" time="0.0"/>
  <testcase name="checkDecodeEncodeGraphs(String)[1356]" classname="io.jbotsim.io.format.graph6.Graph6TopologySerializerTest" time="0.001"/>
  <testcase name="checkDecodeEncodeGraphs(String)[1357]" classname="io.jbotsim.io.format.graph6.Graph6TopologySerializerTest" time="0.0"/>
  <testcase name="checkDecodeEncodeGraphs(String)[1358]" classname="io.jbotsim.io.format.graph6.Graph6TopologySerializerTest" time="0.0"/>
  <testcase name="checkDecodeEncodeGraphs(String)[1359]" classname="io.jbotsim.io.format.graph6.Graph6TopologySerializerTest" time="0.0"/>
  <testcase name="checkDecodeEncodeGraphs(String)[1360]" classname="io.jbotsim.io.format.graph6.Graph6TopologySerializerTest" time="0.0"/>
  <testcase name="checkDecodeEncodeGraphs(String)[1361]" classname="io.jbotsim.io.format.graph6.Graph6TopologySerializerTest" time="0.0"/>
  <testcase name="checkDecodeEncodeGraphs(String)[1362]" classname="io.jbotsim.io.format.graph6.Graph6TopologySerializerTest" time="0.001"/>
  <testcase name="checkDecodeEncodeGraphs(String)[1363]" classname="io.jbotsim.io.format.graph6.Graph6TopologySerializerTest" time="0.001"/>
  <testcase name="checkDecodeEncodeGraphs(String)[1364]" classname="io.jbotsim.io.format.graph6.Graph6TopologySerializerTest" time="0.0"/>
  <testcase name="checkDecodeEncodeGraphs(String)[1365]" classname="io.jbotsim.io.format.graph6.Graph6TopologySerializerTest" time="0.0"/>
  <testcase name="checkDecodeEncodeGraphs(String)[1366]" classname="io.jbotsim.io.format.graph6.Graph6TopologySerializerTest" time="0.0"/>
  <testcase name="checkDecodeEncodeGraphs(String)[1367]" classname="io.jbotsim.io.format.graph6.Graph6TopologySerializerTest" time="0.0"/>
  <testcase name="checkDecodeEncodeGraphs(String)[1368]" classname="io.jbotsim.io.format.graph6.Graph6TopologySerializerTest" time="0.0"/>
  <testcase name="checkDecodeEncodeGraphs(String)[1369]" classname="io.jbotsim.io.format.graph6.Graph6TopologySerializerTest" time="0.0"/>
  <testcase name="checkDecodeEncodeGraphs(String)[1370]" classname="io.jbotsim.io.format.graph6.Graph6TopologySerializerTest" time="0.003"/>
  <testcase name="checkDecodeEncodeGraphs(String)[1371]" classname="io.jbotsim.io.format.graph6.Graph6TopologySerializerTest" time="0.0"/>
  <testcase name="checkDecodeEncodeGraphs(String)[1372]" classname="io.jbotsim.io.format.graph6.Graph6TopologySerializerTest" time="0.0"/>
  <testcase name="checkDecodeEncodeGraphs(String)[1373]" classname="io.jbotsim.io.format.graph6.Graph6TopologySerializerTest" time="0.0"/>
  <testcase name="checkDecodeEncodeGraphs(String)[1374]" classname="io.jbotsim.io.format.graph6.Graph6TopologySerializerTest" time="0.001"/>
  <testcase name="checkDecodeEncodeGraphs(String)[1375]" classname="io.jbotsim.io.format.graph6.Graph6TopologySerializerTest" time="0.0"/>
  <testcase name="checkDecodeEncodeGraphs(String)[1376]" classname="io.jbotsim.io.format.graph6.Graph6TopologySerializerTest" time="0.0"/>
  <testcase name="checkDecodeEncodeGraphs(String)[1377]" classname="io.jbotsim.io.format.graph6.Graph6TopologySerializerTest" time="0.0"/>
  <testcase name="checkDecodeEncodeGraphs(String)[1378]" classname="io.jbotsim.io.format.graph6.Graph6TopologySerializerTest" time="0.0"/>
  <testcase name="checkDecodeEncodeGraphs(String)[1379]" classname="io.jbotsim.io.format.graph6.Graph6TopologySerializerTest" time="0.0"/>
  <testcase name="checkDecodeEncodeGraphs(String)[1380]" classname="io.jbotsim.io.format.graph6.Graph6TopologySerializerTest" time="0.0"/>
  <testcase name="checkDecodeEncodeGraphs(String)[1381]" classname="io.jbotsim.io.format.graph6.Graph6TopologySerializerTest" time="0.0"/>
  <testcase name="checkDecodeEncodeGraphs(String)[1382]" classname="io.jbotsim.io.format.graph6.Graph6TopologySerializerTest" time="0.0"/>
  <testcase name="checkDecodeEncodeGraphs(String)[1383]" classname="io.jbotsim.io.format.graph6.Graph6TopologySerializerTest" time="0.0"/>
  <testcase name="checkDecodeEncodeGraphs(String)[1384]" classname="io.jbotsim.io.format.graph6.Graph6TopologySerializerTest" time="0.001"/>
  <testcase name="checkDecodeEncodeGraphs(String)[1385]" classname="io.jbotsim.io.format.graph6.Graph6TopologySerializerTest" time="0.001"/>
  <testcase name="checkDecodeEncodeGraphs(String)[1386]" classname="io.jbotsim.io.format.graph6.Graph6TopologySerializerTest" time="0.001"/>
  <testcase name="checkDecodeEncodeGraphs(String)[1387]" classname="io.jbotsim.io.format.graph6.Graph6TopologySerializerTest" time="0.0"/>
  <testcase name="checkDecodeEncodeGraphs(String)[1388]" classname="io.jbotsim.io.format.graph6.Graph6TopologySerializerTest" time="0.0"/>
  <testcase name="checkDecodeEncodeGraphs(String)[1389]" classname="io.jbotsim.io.format.graph6.Graph6TopologySerializerTest" time="0.0"/>
  <testcase name="checkDecodeEncodeGraphs(String)[1390]" classname="io.jbotsim.io.format.graph6.Graph6TopologySerializerTest" time="0.0"/>
  <testcase name="checkDecodeEncodeGraphs(String)[1391]" classname="io.jbotsim.io.format.graph6.Graph6TopologySerializerTest" time="0.001"/>
  <testcase name="checkDecodeEncodeGraphs(String)[1392]" classname="io.jbotsim.io.format.graph6.Graph6TopologySerializerTest" time="0.0"/>
  <testcase name="checkDecodeEncodeGraphs(String)[1393]" classname="io.jbotsim.io.format.graph6.Graph6TopologySerializerTest" time="0.0"/>
  <testcase name="checkDecodeEncodeGraphs(String)[1394]" classname="io.jbotsim.io.format.graph6.Graph6TopologySerializerTest" time="0.0"/>
  <testcase name="checkDecodeEncodeGraphs(String)[1395]" classname="io.jbotsim.io.format.graph6.Graph6TopologySerializerTest" time="0.0"/>
  <testcase name="checkDecodeEncodeGraphs(String)[1396]" classname="io.jbotsim.io.format.graph6.Graph6TopologySerializerTest" time="0.001"/>
  <testcase name="checkDecodeEncodeGraphs(String)[1397]" classname="io.jbotsim.io.format.graph6.Graph6TopologySerializerTest" time="0.0"/>
  <testcase name="checkDecodeEncodeGraphs(String)[1398]" classname="io.jbotsim.io.format.graph6.Graph6TopologySerializerTest" time="0.0"/>
  <testcase name="checkDecodeEncodeGraphs(String)[1399]" classname="io.jbotsim.io.format.graph6.Graph6TopologySerializerTest" time="0.0"/>
  <testcase name="checkDecodeEncodeGraphs(String)[1400]" classname="io.jbotsim.io.format.graph6.Graph6TopologySerializerTest" time="0.001"/>
  <testcase name="checkDecodeEncodeGraphs(String)[1401]" classname="io.jbotsim.io.format.graph6.Graph6TopologySerializerTest" time="0.0"/>
  <testcase name="checkDecodeEncodeGraphs(String)[1402]" classname="io.jbotsim.io.format.graph6.Graph6TopologySerializerTest" time="0.004"/>
  <testcase name="checkDecodeEncodeGraphs(String)[1403]" classname="io.jbotsim.io.format.graph6.Graph6TopologySerializerTest" time="0.0"/>
  <testcase name="checkDecodeEncodeGraphs(String)[1404]" classname="io.jbotsim.io.format.graph6.Graph6TopologySerializerTest" time="0.0"/>
  <testcase name="checkDecodeEncodeGraphs(String)[1405]" classname="io.jbotsim.io.format.graph6.Graph6TopologySerializerTest" time="0.001"/>
  <testcase name="checkDecodeEncodeGraphs(String)[1406]" classname="io.jbotsim.io.format.graph6.Graph6TopologySerializerTest" time="0.0"/>
  <testcase name="checkDecodeEncodeGraphs(String)[1407]" classname="io.jbotsim.io.format.graph6.Graph6TopologySerializerTest" time="0.001"/>
  <testcase name="checkDecodeEncodeGraphs(String)[1408]" classname="io.jbotsim.io.format.graph6.Graph6TopologySerializerTest" time="0.0"/>
  <testcase name="checkDecodeEncodeGraphs(String)[1409]" classname="io.jbotsim.io.format.graph6.Graph6TopologySerializerTest" time="0.0"/>
  <testcase name="checkDecodeEncodeGraphs(String)[1410]" classname="io.jbotsim.io.format.graph6.Graph6TopologySerializerTest" time="0.0"/>
  <testcase name="checkDecodeEncodeGraphs(String)[1411]" classname="io.jbotsim.io.format.graph6.Graph6TopologySerializerTest" time="0.0"/>
  <testcase name="checkDecodeEncodeGraphs(String)[1412]" classname="io.jbotsim.io.format.graph6.Graph6TopologySerializerTest" time="0.001"/>
  <testcase name="checkDecodeEncodeGraphs(String)[1413]" classname="io.jbotsim.io.format.graph6.Graph6TopologySerializerTest" time="0.0"/>
  <testcase name="checkDecodeEncodeGraphs(String)[1414]" classname="io.jbotsim.io.format.graph6.Graph6TopologySerializerTest" time="0.0"/>
  <testcase name="checkDecodeEncodeGraphs(String)[1415]" classname="io.jbotsim.io.format.graph6.Graph6TopologySerializerTest" time="0.0"/>
  <testcase name="checkDecodeEncodeGraphs(String)[1416]" classname="io.jbotsim.io.format.graph6.Graph6TopologySerializerTest" time="0.004"/>
  <testcase name="checkDecodeEncodeGraphs(String)[1417]" classname="io.jbotsim.io.format.graph6.Graph6TopologySerializerTest" time="0.0"/>
  <testcase name="checkDecodeEncodeGraphs(String)[1418]" classname="io.jbotsim.io.format.graph6.Graph6TopologySerializerTest" time="0.0"/>
  <testcase name="checkDecodeEncodeGraphs(String)[1419]" classname="io.jbotsim.io.format.graph6.Graph6TopologySerializerTest" time="0.0"/>
  <testcase name="checkDecodeEncodeGraphs(String)[1420]" classname="io.jbotsim.io.format.graph6.Graph6TopologySerializerTest" time="0.0"/>
  <testcase name="checkDecodeEncodeGraphs(String)[1421]" classname="io.jbotsim.io.format.graph6.Graph6TopologySerializerTest" time="0.0"/>
  <testcase name="checkDecodeEncodeGraphs(String)[1422]" classname="io.jbotsim.io.format.graph6.Graph6TopologySerializerTest" time="0.0"/>
  <testcase name="checkDecodeEncodeGraphs(String)[1423]" classname="io.jbotsim.io.format.graph6.Graph6TopologySerializerTest" time="0.0"/>
  <testcase name="checkDecodeEncodeGraphs(String)[1424]" classname="io.jbotsim.io.format.graph6.Graph6TopologySerializerTest" time="0.0"/>
  <testcase name="checkDecodeEncodeGraphs(String)[1425]" classname="io.jbotsim.io.format.graph6.Graph6TopologySerializerTest" time="0.0"/>
  <testcase name="checkDecodeEncodeGraphs(String)[1426]" classname="io.jbotsim.io.format.graph6.Graph6TopologySerializerTest" time="0.001"/>
  <testcase name="checkDecodeEncodeGraphs(String)[1427]" classname="io.jbotsim.io.format.graph6.Graph6TopologySerializerTest" time="0.0"/>
  <testcase name="checkDecodeEncodeGraphs(String)[1428]" classname="io.jbotsim.io.format.graph6.Graph6TopologySerializerTest" time="0.0"/>
  <testcase name="checkDecodeEncodeGraphs(String)[1429]" classname="io.jbotsim.io.format.graph6.Graph6TopologySerializerTest" time="0.0"/>
  <testcase name="checkDecodeEncodeGraphs(String)[1430]" classname="io.jbotsim.io.format.graph6.Graph6TopologySerializerTest" time="0.001"/>
  <testcase name="checkDecodeEncodeGraphs(String)[1431]" classname="io.jbotsim.io.format.graph6.Graph6TopologySerializerTest" time="0.0"/>
  <testcase name="checkDecodeEncodeGraphs(String)[1432]" classname="io.jbotsim.io.format.graph6.Graph6TopologySerializerTest" time="0.0"/>
  <testcase name="checkDecodeEncodeGraphs(String)[1433]" classname="io.jbotsim.io.format.graph6.Graph6TopologySerializerTest" time="0.0"/>
  <testcase name="checkDecodeEncodeGraphs(String)[1434]" classname="io.jbotsim.io.format.graph6.Graph6TopologySerializerTest" time="0.0"/>
  <testcase name="checkDecodeEncodeGraphs(String)[1435]" classname="io.jbotsim.io.format.graph6.Graph6TopologySerializerTest" time="0.0"/>
  <testcase name="checkDecodeEncodeGraphs(String)[1436]" classname="io.jbotsim.io.format.graph6.Graph6TopologySerializerTest" time="0.005"/>
  <testcase name="checkDecodeEncodeGraphs(String)[1437]" classname="io.jbotsim.io.format.graph6.Graph6TopologySerializerTest" time="0.002"/>
  <testcase name="checkDecodeEncodeGraphs(String)[1438]" classname="io.jbotsim.io.format.graph6.Graph6TopologySerializerTest" time="0.0"/>
  <testcase name="checkDecodeEncodeGraphs(String)[1439]" classname="io.jbotsim.io.format.graph6.Graph6TopologySerializerTest" time="0.001"/>
  <testcase name="checkDecodeEncodeGraphs(String)[1440]" classname="io.jbotsim.io.format.graph6.Graph6TopologySerializerTest" time="0.001"/>
  <testcase name="checkDecodeEncodeGraphs(String)[1441]" classname="io.jbotsim.io.format.graph6.Graph6TopologySerializerTest" time="0.001"/>
  <testcase name="checkDecodeEncodeGraphs(String)[1442]" classname="io.jbotsim.io.format.graph6.Graph6TopologySerializerTest" time="0.0"/>
  <testcase name="checkDecodeEncodeGraphs(String)[1443]" classname="io.jbotsim.io.format.graph6.Graph6TopologySerializerTest" time="0.0"/>
  <testcase name="checkDecodeEncodeGraphs(String)[1444]" classname="io.jbotsim.io.format.graph6.Graph6TopologySerializerTest" time="0.002"/>
  <testcase name="checkDecodeEncodeGraphs(String)[1445]" classname="io.jbotsim.io.format.graph6.Graph6TopologySerializerTest" time="0.0"/>
  <testcase name="checkDecodeEncodeGraphs(String)[1446]" classname="io.jbotsim.io.format.graph6.Graph6TopologySerializerTest" time="0.0"/>
  <testcase name="checkDecodeEncodeGraphs(String)[1447]" classname="io.jbotsim.io.format.graph6.Graph6TopologySerializerTest" time="0.0"/>
  <testcase name="checkDecodeEncodeGraphs(String)[1448]" classname="io.jbotsim.io.format.graph6.Graph6TopologySerializerTest" time="0.001"/>
  <testcase name="checkDecodeEncodeGraphs(String)[1449]" classname="io.jbotsim.io.format.graph6.Graph6TopologySerializerTest" time="0.0"/>
  <testcase name="checkDecodeEncodeGraphs(String)[1450]" classname="io.jbotsim.io.format.graph6.Graph6TopologySerializerTest" time="0.0"/>
  <testcase name="checkDecodeEncodeGraphs(String)[1451]" classname="io.jbotsim.io.format.graph6.Graph6TopologySerializerTest" time="0.0"/>
  <testcase name="checkDecodeEncodeGraphs(String)[1452]" classname="io.jbotsim.io.format.graph6.Graph6TopologySerializerTest" time="0.001"/>
  <testcase name="checkDecodeEncodeGraphs(String)[1453]" classname="io.jbotsim.io.format.graph6.Graph6TopologySerializerTest" time="0.0"/>
  <testcase name="checkDecodeEncodeGraphs(String)[1454]" classname="io.jbotsim.io.format.graph6.Graph6TopologySerializerTest" time="0.0"/>
  <testcase name="checkDecodeEncodeGraphs(String)[1455]" classname="io.jbotsim.io.format.graph6.Graph6TopologySerializerTest" time="0.001"/>
  <testcase name="checkDecodeEncodeGraphs(String)[1456]" classname="io.jbotsim.io.format.graph6.Graph6TopologySerializerTest" time="0.001"/>
  <testcase name="checkDecodeEncodeGraphs(String)[1457]" classname="io.jbotsim.io.format.graph6.Graph6TopologySerializerTest" time="0.0"/>
  <testcase name="checkDecodeEncodeGraphs(String)[1458]" classname="io.jbotsim.io.format.graph6.Graph6TopologySerializerTest" time="0.001"/>
  <testcase name="checkDecodeEncodeGraphs(String)[1459]" classname="io.jbotsim.io.format.graph6.Graph6TopologySerializerTest" time="0.001"/>
  <testcase name="checkDecodeEncodeGraphs(String)[1460]" classname="io.jbotsim.io.format.graph6.Graph6TopologySerializerTest" time="0.0"/>
  <testcase name="checkDecodeEncodeGraphs(String)[1461]" classname="io.jbotsim.io.format.graph6.Graph6TopologySerializerTest" time="0.0"/>
  <testcase name="checkDecodeEncodeGraphs(String)[1462]" classname="io.jbotsim.io.format.graph6.Graph6TopologySerializerTest" time="0.001"/>
  <testcase name="checkDecodeEncodeGraphs(String)[1463]" classname="io.jbotsim.io.format.graph6.Graph6TopologySerializerTest" time="0.0"/>
  <testcase name="checkDecodeEncodeGraphs(String)[1464]" classname="io.jbotsim.io.format.graph6.Graph6TopologySerializerTest" time="0.001"/>
  <testcase name="checkDecodeEncodeGraphs(String)[1465]" classname="io.jbotsim.io.format.graph6.Graph6TopologySerializerTest" time="0.0"/>
  <testcase name="checkDecodeEncodeGraphs(String)[1466]" classname="io.jbotsim.io.format.graph6.Graph6TopologySerializerTest" time="0.0"/>
  <testcase name="checkDecodeEncodeGraphs(String)[1467]" classname="io.jbotsim.io.format.graph6.Graph6TopologySerializerTest" time="0.0"/>
  <testcase name="checkDecodeEncodeGraphs(String)[1468]" classname="io.jbotsim.io.format.graph6.Graph6TopologySerializerTest" time="0.0"/>
  <testcase name="checkDecodeEncodeGraphs(String)[1469]" classname="io.jbotsim.io.format.graph6.Graph6TopologySerializerTest" time="0.001"/>
  <testcase name="checkDecodeEncodeGraphs(String)[1470]" classname="io.jbotsim.io.format.graph6.Graph6TopologySerializerTest" time="0.0"/>
  <testcase name="checkDecodeEncodeGraphs(String)[1471]" classname="io.jbotsim.io.format.graph6.Graph6TopologySerializerTest" time="0.0"/>
  <testcase name="checkDecodeEncodeGraphs(String)[1472]" classname="io.jbotsim.io.format.graph6.Graph6TopologySerializerTest" time="0.0"/>
  <testcase name="checkDecodeEncodeGraphs(String)[1473]" classname="io.jbotsim.io.format.graph6.Graph6TopologySerializerTest" time="0.001"/>
  <testcase name="checkDecodeEncodeGraphs(String)[1474]" classname="io.jbotsim.io.format.graph6.Graph6TopologySerializerTest" time="0.001"/>
  <testcase name="checkDecodeEncodeGraphs(String)[1475]" classname="io.jbotsim.io.format.graph6.Graph6TopologySerializerTest" time="0.0"/>
  <testcase name="checkDecodeEncodeGraphs(String)[1476]" classname="io.jbotsim.io.format.graph6.Graph6TopologySerializerTest" time="0.0"/>
  <testcase name="checkDecodeEncodeGraphs(String)[1477]" classname="io.jbotsim.io.format.graph6.Graph6TopologySerializerTest" time="0.0"/>
  <testcase name="checkDecodeEncodeGraphs(String)[1478]" classname="io.jbotsim.io.format.graph6.Graph6TopologySerializerTest" time="0.0"/>
  <testcase name="checkDecodeEncodeGraphs(String)[1479]" classname="io.jbotsim.io.format.graph6.Graph6TopologySerializerTest" time="0.0"/>
  <testcase name="checkDecodeEncodeGraphs(String)[1480]" classname="io.jbotsim.io.format.graph6.Graph6TopologySerializerTest" time="0.0"/>
  <testcase name="checkDecodeEncodeGraphs(String)[1481]" classname="io.jbotsim.io.format.graph6.Graph6TopologySerializerTest" time="0.001"/>
  <testcase name="checkDecodeEncodeGraphs(String)[1482]" classname="io.jbotsim.io.format.graph6.Graph6TopologySerializerTest" time="0.001"/>
  <testcase name="checkDecodeEncodeGraphs(String)[1483]" classname="io.jbotsim.io.format.graph6.Graph6TopologySerializerTest" time="0.001"/>
  <testcase name="checkDecodeEncodeGraphs(String)[1484]" classname="io.jbotsim.io.format.graph6.Graph6TopologySerializerTest" time="0.001"/>
  <testcase name="checkDecodeEncodeGraphs(String)[1485]" classname="io.jbotsim.io.format.graph6.Graph6TopologySerializerTest" time="0.001"/>
  <testcase name="checkDecodeEncodeGraphs(String)[1486]" classname="io.jbotsim.io.format.graph6.Graph6TopologySerializerTest" time="0.002"/>
  <testcase name="checkDecodeEncodeGraphs(String)[1487]" classname="io.jbotsim.io.format.graph6.Graph6TopologySerializerTest" time="0.001"/>
  <testcase name="checkDecodeEncodeGraphs(String)[1488]" classname="io.jbotsim.io.format.graph6.Graph6TopologySerializerTest" time="0.001"/>
  <testcase name="checkDecodeEncodeGraphs(String)[1489]" classname="io.jbotsim.io.format.graph6.Graph6TopologySerializerTest" time="0.0"/>
  <testcase name="checkDecodeEncodeGraphs(String)[1490]" classname="io.jbotsim.io.format.graph6.Graph6TopologySerializerTest" time="0.001"/>
  <testcase name="checkDecodeEncodeGraphs(String)[1491]" classname="io.jbotsim.io.format.graph6.Graph6TopologySerializerTest" time="0.001"/>
  <testcase name="checkDecodeEncodeGraphs(String)[1492]" classname="io.jbotsim.io.format.graph6.Graph6TopologySerializerTest" time="0.001"/>
  <testcase name="checkDecodeEncodeGraphs(String)[1493]" classname="io.jbotsim.io.format.graph6.Graph6TopologySerializerTest" time="0.0"/>
  <testcase name="checkDecodeEncodeGraphs(String)[1494]" classname="io.jbotsim.io.format.graph6.Graph6TopologySerializerTest" time="0.001"/>
  <testcase name="checkDecodeEncodeGraphs(String)[1495]" classname="io.jbotsim.io.format.graph6.Graph6TopologySerializerTest" time="0.0"/>
  <testcase name="checkDecodeEncodeGraphs(String)[1496]" classname="io.jbotsim.io.format.graph6.Graph6TopologySerializerTest" time="0.001"/>
  <testcase name="checkDecodeEncodeGraphs(String)[1497]" classname="io.jbotsim.io.format.graph6.Graph6TopologySerializerTest" time="0.001"/>
  <testcase name="checkDecodeEncodeGraphs(String)[1498]" classname="io.jbotsim.io.format.graph6.Graph6TopologySerializerTest" time="0.001"/>
  <testcase name="checkDecodeEncodeGraphs(String)[1499]" classname="io.jbotsim.io.format.graph6.Graph6TopologySerializerTest" time="0.001"/>
  <testcase name="checkDecodeEncodeGraphs(String)[1500]" classname="io.jbotsim.io.format.graph6.Graph6TopologySerializerTest" time="0.0"/>
  <testcase name="checkDecodeEncodeGraphs(String)[1501]" classname="io.jbotsim.io.format.graph6.Graph6TopologySerializerTest" time="0.0"/>
  <testcase name="checkDecodeEncodeGraphs(String)[1502]" classname="io.jbotsim.io.format.graph6.Graph6TopologySerializerTest" time="0.003"/>
  <testcase name="checkDecodeEncodeGraphs(String)[1503]" classname="io.jbotsim.io.format.graph6.Graph6TopologySerializerTest" time="0.0"/>
  <testcase name="checkDecodeEncodeGraphs(String)[1504]" classname="io.jbotsim.io.format.graph6.Graph6TopologySerializerTest" time="0.001"/>
  <testcase name="checkDecodeEncodeGraphs(String)[1505]" classname="io.jbotsim.io.format.graph6.Graph6TopologySerializerTest" time="0.0"/>
  <testcase name="checkDecodeEncodeGraphs(String)[1506]" classname="io.jbotsim.io.format.graph6.Graph6TopologySerializerTest" time="0.0"/>
  <testcase name="checkDecodeEncodeGraphs(String)[1507]" classname="io.jbotsim.io.format.graph6.Graph6TopologySerializerTest" time="0.0"/>
  <testcase name="checkDecodeEncodeGraphs(String)[1508]" classname="io.jbotsim.io.format.graph6.Graph6TopologySerializerTest" time="0.0"/>
  <testcase name="checkDecodeEncodeGraphs(String)[1509]" classname="io.jbotsim.io.format.graph6.Graph6TopologySerializerTest" time="0.001"/>
  <testcase name="checkDecodeEncodeGraphs(String)[1510]" classname="io.jbotsim.io.format.graph6.Graph6TopologySerializerTest" time="0.002"/>
  <testcase name="checkDecodeEncodeGraphs(String)[1511]" classname="io.jbotsim.io.format.graph6.Graph6TopologySerializerTest" time="0.003"/>
  <testcase name="checkDecodeEncodeGraphs(String)[1512]" classname="io.jbotsim.io.format.graph6.Graph6TopologySerializerTest" time="0.0"/>
  <testcase name="checkDecodeEncodeGraphs(String)[1513]" classname="io.jbotsim.io.format.graph6.Graph6TopologySerializerTest" time="0.001"/>
  <testcase name="checkDecodeEncodeGraphs(String)[1514]" classname="io.jbotsim.io.format.graph6.Graph6TopologySerializerTest" time="0.001"/>
  <testcase name="checkDecodeEncodeGraphs(String)[1515]" classname="io.jbotsim.io.format.graph6.Graph6TopologySerializerTest" time="0.001"/>
  <testcase name="checkDecodeEncodeGraphs(String)[1516]" classname="io.jbotsim.io.format.graph6.Graph6TopologySerializerTest" time="0.001"/>
  <testcase name="checkDecodeEncodeGraphs(String)[1517]" classname="io.jbotsim.io.format.graph6.Graph6TopologySerializerTest" time="0.0"/>
  <testcase name="checkDecodeEncodeGraphs(String)[1518]" classname="io.jbotsim.io.format.graph6.Graph6TopologySerializerTest" time="0.0"/>
  <testcase name="checkDecodeEncodeGraphs(String)[1519]" classname="io.jbotsim.io.format.graph6.Graph6TopologySerializerTest" time="0.001"/>
  <testcase name="checkDecodeEncodeGraphs(String)[1520]" classname="io.jbotsim.io.format.graph6.Graph6TopologySerializerTest" time="0.003"/>
  <testcase name="checkDecodeEncodeGraphs(String)[1521]" classname="io.jbotsim.io.format.graph6.Graph6TopologySerializerTest" time="0.0"/>
  <testcase name="checkDecodeEncodeGraphs(String)[1522]" classname="io.jbotsim.io.format.graph6.Graph6TopologySerializerTest" time="0.0"/>
  <testcase name="checkDecodeEncodeGraphs(String)[1523]" classname="io.jbotsim.io.format.graph6.Graph6TopologySerializerTest" time="0.0"/>
  <testcase name="checkDecodeEncodeGraphs(String)[1524]" classname="io.jbotsim.io.format.graph6.Graph6TopologySerializerTest" time="0.001"/>
  <testcase name="checkDecodeEncodeGraphs(String)[1525]" classname="io.jbotsim.io.format.graph6.Graph6TopologySerializerTest" time="0.001"/>
  <testcase name="checkDecodeEncodeGraphs(String)[1526]" classname="io.jbotsim.io.format.graph6.Graph6TopologySerializerTest" time="0.001"/>
  <testcase name="checkDecodeEncodeGraphs(String)[1527]" classname="io.jbotsim.io.format.graph6.Graph6TopologySerializerTest" time="0.001"/>
  <testcase name="checkDecodeEncodeGraphs(String)[1528]" classname="io.jbotsim.io.format.graph6.Graph6TopologySerializerTest" time="0.0"/>
  <testcase name="checkDecodeEncodeGraphs(String)[1529]" classname="io.jbotsim.io.format.graph6.Graph6TopologySerializerTest" time="0.0"/>
  <testcase name="checkDecodeEncodeGraphs(String)[1530]" classname="io.jbotsim.io.format.graph6.Graph6TopologySerializerTest" time="0.002"/>
  <testcase name="checkDecodeEncodeGraphs(String)[1531]" classname="io.jbotsim.io.format.graph6.Graph6TopologySerializerTest" time="0.001"/>
  <testcase name="checkDecodeEncodeGraphs(String)[1532]" classname="io.jbotsim.io.format.graph6.Graph6TopologySerializerTest" time="0.001"/>
  <testcase name="checkDecodeEncodeGraphs(String)[1533]" classname="io.jbotsim.io.format.graph6.Graph6TopologySerializerTest" time="0.001"/>
  <testcase name="checkDecodeEncodeGraphs(String)[1534]" classname="io.jbotsim.io.format.graph6.Graph6TopologySerializerTest" time="0.002"/>
  <testcase name="checkDecodeEncodeGraphs(String)[1535]" classname="io.jbotsim.io.format.graph6.Graph6TopologySerializerTest" time="0.001"/>
  <testcase name="checkDecodeEncodeGraphs(String)[1536]" classname="io.jbotsim.io.format.graph6.Graph6TopologySerializerTest" time="0.001"/>
  <testcase name="checkDecodeEncodeGraphs(String)[1537]" classname="io.jbotsim.io.format.graph6.Graph6TopologySerializerTest" time="0.0"/>
  <testcase name="checkDecodeEncodeGraphs(String)[1538]" classname="io.jbotsim.io.format.graph6.Graph6TopologySerializerTest" time="0.001"/>
  <testcase name="checkDecodeEncodeGraphs(String)[1539]" classname="io.jbotsim.io.format.graph6.Graph6TopologySerializerTest" time="0.0"/>
  <testcase name="checkDecodeEncodeGraphs(String)[1540]" classname="io.jbotsim.io.format.graph6.Graph6TopologySerializerTest" time="0.001"/>
  <testcase name="checkDecodeEncodeGraphs(String)[1541]" classname="io.jbotsim.io.format.graph6.Graph6TopologySerializerTest" time="0.001"/>
  <testcase name="checkDecodeEncodeGraphs(String)[1542]" classname="io.jbotsim.io.format.graph6.Graph6TopologySerializerTest" time="0.0"/>
  <testcase name="checkDecodeEncodeGraphs(String)[1543]" classname="io.jbotsim.io.format.graph6.Graph6TopologySerializerTest" time="0.0"/>
  <testcase name="checkDecodeEncodeGraphs(String)[1544]" classname="io.jbotsim.io.format.graph6.Graph6TopologySerializerTest" time="0.002"/>
  <testcase name="checkDecodeEncodeGraphs(String)[1545]" classname="io.jbotsim.io.format.graph6.Graph6TopologySerializerTest" time="0.004"/>
  <testcase name="checkDecodeEncodeGraphs(String)[1546]" classname="io.jbotsim.io.format.graph6.Graph6TopologySerializerTest" time="0.0"/>
  <testcase name="checkDecodeEncodeGraphs(String)[1547]" classname="io.jbotsim.io.format.graph6.Graph6TopologySerializerTest" time="0.0"/>
  <testcase name="checkDecodeEncodeGraphs(String)[1548]" classname="io.jbotsim.io.format.graph6.Graph6TopologySerializerTest" time="0.0"/>
  <testcase name="checkDecodeEncodeGraphs(String)[1549]" classname="io.jbotsim.io.format.graph6.Graph6TopologySerializerTest" time="0.002"/>
  <testcase name="checkDecodeEncodeGraphs(String)[1550]" classname="io.jbotsim.io.format.graph6.Graph6TopologySerializerTest" time="0.001"/>
  <testcase name="checkDecodeEncodeGraphs(String)[1551]" classname="io.jbotsim.io.format.graph6.Graph6TopologySerializerTest" time="0.001"/>
  <testcase name="checkDecodeEncodeGraphs(String)[1552]" classname="io.jbotsim.io.format.graph6.Graph6TopologySerializerTest" time="0.0"/>
  <testcase name="checkDecodeEncodeGraphs(String)[1553]" classname="io.jbotsim.io.format.graph6.Graph6TopologySerializerTest" time="0.001"/>
  <testcase name="checkDecodeEncodeGraphs(String)[1554]" classname="io.jbotsim.io.format.graph6.Graph6TopologySerializerTest" time="0.001"/>
  <testcase name="checkDecodeEncodeGraphs(String)[1555]" classname="io.jbotsim.io.format.graph6.Graph6TopologySerializerTest" time="0.0"/>
  <testcase name="checkDecodeEncodeGraphs(String)[1556]" classname="io.jbotsim.io.format.graph6.Graph6TopologySerializerTest" time="0.001"/>
  <testcase name="checkDecodeEncodeGraphs(String)[1557]" classname="io.jbotsim.io.format.graph6.Graph6TopologySerializerTest" time="0.0"/>
  <testcase name="checkDecodeEncodeGraphs(String)[1558]" classname="io.jbotsim.io.format.graph6.Graph6TopologySerializerTest" time="0.0"/>
  <testcase name="checkDecodeEncodeGraphs(String)[1559]" classname="io.jbotsim.io.format.graph6.Graph6TopologySerializerTest" time="0.001"/>
  <testcase name="checkDecodeEncodeGraphs(String)[1560]" classname="io.jbotsim.io.format.graph6.Graph6TopologySerializerTest" time="0.001"/>
  <testcase name="checkDecodeEncodeGraphs(String)[1561]" classname="io.jbotsim.io.format.graph6.Graph6TopologySerializerTest" time="0.001"/>
  <testcase name="checkDecodeEncodeGraphs(String)[1562]" classname="io.jbotsim.io.format.graph6.Graph6TopologySerializerTest" time="0.0"/>
  <testcase name="checkDecodeEncodeGraphs(String)[1563]" classname="io.jbotsim.io.format.graph6.Graph6TopologySerializerTest" time="0.0"/>
  <testcase name="checkDecodeEncodeGraphs(String)[1564]" classname="io.jbotsim.io.format.graph6.Graph6TopologySerializerTest" time="0.0"/>
  <testcase name="checkDecodeEncodeGraphs(String)[1565]" classname="io.jbotsim.io.format.graph6.Graph6TopologySerializerTest" time="0.001"/>
  <testcase name="checkDecodeEncodeGraphs(String)[1566]" classname="io.jbotsim.io.format.graph6.Graph6TopologySerializerTest" time="0.001"/>
  <testcase name="checkDecodeEncodeGraphs(String)[1567]" classname="io.jbotsim.io.format.graph6.Graph6TopologySerializerTest" time="0.0"/>
  <testcase name="checkDecodeEncodeGraphs(String)[1568]" classname="io.jbotsim.io.format.graph6.Graph6TopologySerializerTest" time="0.001"/>
  <testcase name="checkDecodeEncodeGraphs(String)[1569]" classname="io.jbotsim.io.format.graph6.Graph6TopologySerializerTest" time="0.001"/>
  <testcase name="checkDecodeEncodeGraphs(String)[1570]" classname="io.jbotsim.io.format.graph6.Graph6TopologySerializerTest" time="0.001"/>
  <testcase name="checkDecodeEncodeGraphs(String)[1571]" classname="io.jbotsim.io.format.graph6.Graph6TopologySerializerTest" time="0.001"/>
  <testcase name="checkDecodeEncodeGraphs(String)[1572]" classname="io.jbotsim.io.format.graph6.Graph6TopologySerializerTest" time="0.001"/>
  <testcase name="checkDecodeEncodeGraphs(String)[1573]" classname="io.jbotsim.io.format.graph6.Graph6TopologySerializerTest" time="0.001"/>
  <testcase name="checkDecodeEncodeGraphs(String)[1574]" classname="io.jbotsim.io.format.graph6.Graph6TopologySerializerTest" time="0.001"/>
  <testcase name="checkDecodeEncodeGraphs(String)[1575]" classname="io.jbotsim.io.format.graph6.Graph6TopologySerializerTest" time="0.001"/>
  <testcase name="checkDecodeEncodeGraphs(String)[1576]" classname="io.jbotsim.io.format.graph6.Graph6TopologySerializerTest" time="0.0"/>
  <testcase name="checkDecodeEncodeGraphs(String)[1577]" classname="io.jbotsim.io.format.graph6.Graph6TopologySerializerTest" time="0.002"/>
  <testcase name="checkDecodeEncodeGraphs(String)[1578]" classname="io.jbotsim.io.format.graph6.Graph6TopologySerializerTest" time="0.001"/>
  <testcase name="checkDecodeEncodeGraphs(String)[1579]" classname="io.jbotsim.io.format.graph6.Graph6TopologySerializerTest" time="0.0"/>
  <testcase name="checkDecodeEncodeGraphs(String)[1580]" classname="io.jbotsim.io.format.graph6.Graph6TopologySerializerTest" time="0.004"/>
  <testcase name="checkDecodeEncodeGraphs(String)[1581]" classname="io.jbotsim.io.format.graph6.Graph6TopologySerializerTest" time="0.002"/>
  <testcase name="checkDecodeEncodeGraphs(String)[1582]" classname="io.jbotsim.io.format.graph6.Graph6TopologySerializerTest" time="0.001"/>
  <testcase name="checkDecodeEncodeGraphs(String)[1583]" classname="io.jbotsim.io.format.graph6.Graph6TopologySerializerTest" time="0.002"/>
  <testcase name="checkDecodeEncodeGraphs(String)[1584]" classname="io.jbotsim.io.format.graph6.Graph6TopologySerializerTest" time="0.001"/>
  <testcase name="checkDecodeEncodeGraphs(String)[1585]" classname="io.jbotsim.io.format.graph6.Graph6TopologySerializerTest" time="0.002"/>
  <testcase name="checkDecodeEncodeGraphs(String)[1586]" classname="io.jbotsim.io.format.graph6.Graph6TopologySerializerTest" time="0.001"/>
  <testcase name="checkDecodeEncodeGraphs(String)[1587]" classname="io.jbotsim.io.format.graph6.Graph6TopologySerializerTest" time="0.0"/>
  <testcase name="checkDecodeEncodeGraphs(String)[1588]" classname="io.jbotsim.io.format.graph6.Graph6TopologySerializerTest" time="0.001"/>
  <testcase name="checkDecodeEncodeGraphs(String)[1589]" classname="io.jbotsim.io.format.graph6.Graph6TopologySerializerTest" time="0.001"/>
  <testcase name="checkDecodeEncodeGraphs(String)[1590]" classname="io.jbotsim.io.format.graph6.Graph6TopologySerializerTest" time="0.002"/>
  <testcase name="checkDecodeEncodeGraphs(String)[1591]" classname="io.jbotsim.io.format.graph6.Graph6TopologySerializerTest" time="0.003"/>
  <testcase name="checkDecodeEncodeGraphs(String)[1592]" classname="io.jbotsim.io.format.graph6.Graph6TopologySerializerTest" time="0.001"/>
  <testcase name="checkDecodeEncodeGraphs(String)[1593]" classname="io.jbotsim.io.format.graph6.Graph6TopologySerializerTest" time="0.001"/>
  <testcase name="checkDecodeEncodeGraphs(String)[1594]" classname="io.jbotsim.io.format.graph6.Graph6TopologySerializerTest" time="0.0"/>
  <testcase name="checkDecodeEncodeGraphs(String)[1595]" classname="io.jbotsim.io.format.graph6.Graph6TopologySerializerTest" time="0.004"/>
  <testcase name="checkDecodeEncodeGraphs(String)[1596]" classname="io.jbotsim.io.format.graph6.Graph6TopologySerializerTest" time="0.001"/>
  <testcase name="checkDecodeEncodeGraphs(String)[1597]" classname="io.jbotsim.io.format.graph6.Graph6TopologySerializerTest" time="0.001"/>
  <testcase name="checkDecodeEncodeGraphs(String)[1598]" classname="io.jbotsim.io.format.graph6.Graph6TopologySerializerTest" time="0.001"/>
  <testcase name="checkDecodeEncodeGraphs(String)[1599]" classname="io.jbotsim.io.format.graph6.Graph6TopologySerializerTest" time="0.003"/>
  <testcase name="checkDecodeEncodeGraphs(String)[1600]" classname="io.jbotsim.io.format.graph6.Graph6TopologySerializerTest" time="0.001"/>
  <testcase name="checkDecodeEncodeGraphs(String)[1601]" classname="io.jbotsim.io.format.graph6.Graph6TopologySerializerTest" time="0.001"/>
  <testcase name="checkDecodeEncodeGraphs(String)[1602]" classname="io.jbotsim.io.format.graph6.Graph6TopologySerializerTest" time="0.0"/>
  <testcase name="checkDecodeEncodeGraphs(String)[1603]" classname="io.jbotsim.io.format.graph6.Graph6TopologySerializerTest" time="0.0"/>
  <testcase name="checkDecodeEncodeGraphs(String)[1604]" classname="io.jbotsim.io.format.graph6.Graph6TopologySerializerTest" time="0.0"/>
  <testcase name="checkDecodeEncodeGraphs(String)[1605]" classname="io.jbotsim.io.format.graph6.Graph6TopologySerializerTest" time="0.001"/>
  <testcase name="checkDecodeEncodeGraphs(String)[1606]" classname="io.jbotsim.io.format.graph6.Graph6TopologySerializerTest" time="0.002"/>
  <testcase name="checkDecodeEncodeGraphs(String)[1607]" classname="io.jbotsim.io.format.graph6.Graph6TopologySerializerTest" time="0.002"/>
  <testcase name="checkDecodeEncodeGraphs(String)[1608]" classname="io.jbotsim.io.format.graph6.Graph6TopologySerializerTest" time="0.002"/>
  <testcase name="checkDecodeEncodeGraphs(String)[1609]" classname="io.jbotsim.io.format.graph6.Graph6TopologySerializerTest" time="0.001"/>
  <testcase name="checkDecodeEncodeGraphs(String)[1610]" classname="io.jbotsim.io.format.graph6.Graph6TopologySerializerTest" time="0.001"/>
  <testcase name="checkDecodeEncodeGraphs(String)[1611]" classname="io.jbotsim.io.format.graph6.Graph6TopologySerializerTest" time="0.0"/>
  <testcase name="checkDecodeEncodeGraphs(String)[1612]" classname="io.jbotsim.io.format.graph6.Graph6TopologySerializerTest" time="0.0"/>
  <testcase name="checkDecodeEncodeGraphs(String)[1613]" classname="io.jbotsim.io.format.graph6.Graph6TopologySerializerTest" time="0.001"/>
  <testcase name="checkDecodeEncodeGraphs(String)[1614]" classname="io.jbotsim.io.format.graph6.Graph6TopologySerializerTest" time="0.0"/>
  <testcase name="checkDecodeEncodeGraphs(String)[1615]" classname="io.jbotsim.io.format.graph6.Graph6TopologySerializerTest" time="0.0"/>
  <testcase name="checkDecodeEncodeGraphs(String)[1616]" classname="io.jbotsim.io.format.graph6.Graph6TopologySerializerTest" time="0.0"/>
  <testcase name="checkDecodeEncodeGraphs(String)[1617]" classname="io.jbotsim.io.format.graph6.Graph6TopologySerializerTest" time="0.0"/>
  <testcase name="checkDecodeEncodeGraphs(String)[1618]" classname="io.jbotsim.io.format.graph6.Graph6TopologySerializerTest" time="0.001"/>
  <testcase name="checkDecodeEncodeGraphs(String)[1619]" classname="io.jbotsim.io.format.graph6.Graph6TopologySerializerTest" time="0.001"/>
  <testcase name="checkDecodeEncodeGraphs(String)[1620]" classname="io.jbotsim.io.format.graph6.Graph6TopologySerializerTest" time="0.001"/>
  <testcase name="checkDecodeEncodeGraphs(String)[1621]" classname="io.jbotsim.io.format.graph6.Graph6TopologySerializerTest" time="0.0"/>
  <testcase name="checkDecodeEncodeGraphs(String)[1622]" classname="io.jbotsim.io.format.graph6.Graph6TopologySerializerTest" time="0.0"/>
  <testcase name="checkDecodeEncodeGraphs(String)[1623]" classname="io.jbotsim.io.format.graph6.Graph6TopologySerializerTest" time="0.001"/>
  <testcase name="checkDecodeEncodeGraphs(String)[1624]" classname="io.jbotsim.io.format.graph6.Graph6TopologySerializerTest" time="0.0"/>
  <testcase name="checkDecodeEncodeGraphs(String)[1625]" classname="io.jbotsim.io.format.graph6.Graph6TopologySerializerTest" time="0.003"/>
  <testcase name="checkDecodeEncodeGraphs(String)[1626]" classname="io.jbotsim.io.format.graph6.Graph6TopologySerializerTest" time="0.003"/>
  <testcase name="checkDecodeEncodeGraphs(String)[1627]" classname="io.jbotsim.io.format.graph6.Graph6TopologySerializerTest" time="0.0"/>
  <testcase name="checkDecodeEncodeGraphs(String)[1628]" classname="io.jbotsim.io.format.graph6.Graph6TopologySerializerTest" time="0.001"/>
  <testcase name="checkDecodeEncodeGraphs(String)[1629]" classname="io.jbotsim.io.format.graph6.Graph6TopologySerializerTest" time="0.0"/>
  <testcase name="checkDecodeEncodeGraphs(String)[1630]" classname="io.jbotsim.io.format.graph6.Graph6TopologySerializerTest" time="0.0"/>
  <testcase name="checkDecodeEncodeGraphs(String)[1631]" classname="io.jbotsim.io.format.graph6.Graph6TopologySerializerTest" time="0.001"/>
  <testcase name="checkDecodeEncodeGraphs(String)[1632]" classname="io.jbotsim.io.format.graph6.Graph6TopologySerializerTest" time="0.001"/>
  <testcase name="checkDecodeEncodeGraphs(String)[1633]" classname="io.jbotsim.io.format.graph6.Graph6TopologySerializerTest" time="0.0"/>
  <testcase name="checkDecodeEncodeGraphs(String)[1634]" classname="io.jbotsim.io.format.graph6.Graph6TopologySerializerTest" time="0.0"/>
  <testcase name="checkDecodeEncodeGraphs(String)[1635]" classname="io.jbotsim.io.format.graph6.Graph6TopologySerializerTest" time="0.0"/>
  <testcase name="checkDecodeEncodeGraphs(String)[1636]" classname="io.jbotsim.io.format.graph6.Graph6TopologySerializerTest" time="0.0"/>
  <testcase name="checkDecodeEncodeGraphs(String)[1637]" classname="io.jbotsim.io.format.graph6.Graph6TopologySerializerTest" time="0.001"/>
  <testcase name="checkDecodeEncodeGraphs(String)[1638]" classname="io.jbotsim.io.format.graph6.Graph6TopologySerializerTest" time="0.0"/>
  <testcase name="checkDecodeEncodeGraphs(String)[1639]" classname="io.jbotsim.io.format.graph6.Graph6TopologySerializerTest" time="0.003"/>
  <testcase name="checkDecodeEncodeGraphs(String)[1640]" classname="io.jbotsim.io.format.graph6.Graph6TopologySerializerTest" time="0.001"/>
  <testcase name="checkDecodeEncodeGraphs(String)[1641]" classname="io.jbotsim.io.format.graph6.Graph6TopologySerializerTest" time="0.0"/>
  <testcase name="checkDecodeEncodeGraphs(String)[1642]" classname="io.jbotsim.io.format.graph6.Graph6TopologySerializerTest" time="0.001"/>
  <testcase name="checkDecodeEncodeGraphs(String)[1643]" classname="io.jbotsim.io.format.graph6.Graph6TopologySerializerTest" time="0.0"/>
  <testcase name="checkDecodeEncodeGraphs(String)[1644]" classname="io.jbotsim.io.format.graph6.Graph6TopologySerializerTest" time="0.0"/>
  <testcase name="checkDecodeEncodeGraphs(String)[1645]" classname="io.jbotsim.io.format.graph6.Graph6TopologySerializerTest" time="0.0"/>
  <testcase name="checkDecodeEncodeGraphs(String)[1646]" classname="io.jbotsim.io.format.graph6.Graph6TopologySerializerTest" time="0.0"/>
  <testcase name="checkDecodeEncodeGraphs(String)[1647]" classname="io.jbotsim.io.format.graph6.Graph6TopologySerializerTest" time="0.0"/>
  <testcase name="checkDecodeEncodeGraphs(String)[1648]" classname="io.jbotsim.io.format.graph6.Graph6TopologySerializerTest" time="0.0"/>
  <testcase name="checkDecodeEncodeGraphs(String)[1649]" classname="io.jbotsim.io.format.graph6.Graph6TopologySerializerTest" time="0.001"/>
  <testcase name="checkDecodeEncodeGraphs(String)[1650]" classname="io.jbotsim.io.format.graph6.Graph6TopologySerializerTest" time="0.0"/>
  <testcase name="checkDecodeEncodeGraphs(String)[1651]" classname="io.jbotsim.io.format.graph6.Graph6TopologySerializerTest" time="0.001"/>
  <testcase name="checkDecodeEncodeGraphs(String)[1652]" classname="io.jbotsim.io.format.graph6.Graph6TopologySerializerTest" time="0.0"/>
  <testcase name="checkDecodeEncodeGraphs(String)[1653]" classname="io.jbotsim.io.format.graph6.Graph6TopologySerializerTest" time="0.0"/>
  <testcase name="checkDecodeEncodeGraphs(String)[1654]" classname="io.jbotsim.io.format.graph6.Graph6TopologySerializerTest" time="0.0"/>
  <testcase name="checkDecodeEncodeGraphs(String)[1655]" classname="io.jbotsim.io.format.graph6.Graph6TopologySerializerTest" time="0.0"/>
  <testcase name="checkDecodeEncodeGraphs(String)[1656]" classname="io.jbotsim.io.format.graph6.Graph6TopologySerializerTest" time="0.0"/>
  <testcase name="checkDecodeEncodeGraphs(String)[1657]" classname="io.jbotsim.io.format.graph6.Graph6TopologySerializerTest" time="0.003"/>
  <testcase name="checkDecodeEncodeGraphs(String)[1658]" classname="io.jbotsim.io.format.graph6.Graph6TopologySerializerTest" time="0.003"/>
  <testcase name="checkDecodeEncodeGraphs(String)[1659]" classname="io.jbotsim.io.format.graph6.Graph6TopologySerializerTest" time="0.0"/>
  <testcase name="checkDecodeEncodeGraphs(String)[1660]" classname="io.jbotsim.io.format.graph6.Graph6TopologySerializerTest" time="0.001"/>
  <testcase name="checkDecodeEncodeGraphs(String)[1661]" classname="io.jbotsim.io.format.graph6.Graph6TopologySerializerTest" time="0.0"/>
  <testcase name="checkDecodeEncodeGraphs(String)[1662]" classname="io.jbotsim.io.format.graph6.Graph6TopologySerializerTest" time="0.001"/>
  <testcase name="checkDecodeEncodeGraphs(String)[1663]" classname="io.jbotsim.io.format.graph6.Graph6TopologySerializerTest" time="0.003"/>
  <testcase name="checkDecodeEncodeGraphs(String)[1664]" classname="io.jbotsim.io.format.graph6.Graph6TopologySerializerTest" time="0.001"/>
  <testcase name="checkDecodeEncodeGraphs(String)[1665]" classname="io.jbotsim.io.format.graph6.Graph6TopologySerializerTest" time="0.0"/>
  <testcase name="checkDecodeEncodeGraphs(String)[1666]" classname="io.jbotsim.io.format.graph6.Graph6TopologySerializerTest" time="0.001"/>
  <testcase name="checkDecodeEncodeGraphs(String)[1667]" classname="io.jbotsim.io.format.graph6.Graph6TopologySerializerTest" time="0.001"/>
  <testcase name="checkDecodeEncodeGraphs(String)[1668]" classname="io.jbotsim.io.format.graph6.Graph6TopologySerializerTest" time="0.001"/>
  <testcase name="checkDecodeEncodeGraphs(String)[1669]" classname="io.jbotsim.io.format.graph6.Graph6TopologySerializerTest" time="0.0"/>
  <testcase name="checkDecodeEncodeGraphs(String)[1670]" classname="io.jbotsim.io.format.graph6.Graph6TopologySerializerTest" time="0.006"/>
  <testcase name="checkDecodeEncodeGraphs(String)[1671]" classname="io.jbotsim.io.format.graph6.Graph6TopologySerializerTest" time="0.0"/>
  <testcase name="checkDecodeEncodeGraphs(String)[1672]" classname="io.jbotsim.io.format.graph6.Graph6TopologySerializerTest" time="0.001"/>
  <testcase name="checkDecodeEncodeGraphs(String)[1673]" classname="io.jbotsim.io.format.graph6.Graph6TopologySerializerTest" time="0.0"/>
  <testcase name="checkDecodeEncodeGraphs(String)[1674]" classname="io.jbotsim.io.format.graph6.Graph6TopologySerializerTest" time="0.0"/>
  <testcase name="checkDecodeEncodeGraphs(String)[1675]" classname="io.jbotsim.io.format.graph6.Graph6TopologySerializerTest" time="0.0"/>
  <testcase name="checkDecodeEncodeGraphs(String)[1676]" classname="io.jbotsim.io.format.graph6.Graph6TopologySerializerTest" time="0.0"/>
  <testcase name="checkDecodeEncodeGraphs(String)[1677]" classname="io.jbotsim.io.format.graph6.Graph6TopologySerializerTest" time="0.0"/>
  <testcase name="checkDecodeEncodeGraphs(String)[1678]" classname="io.jbotsim.io.format.graph6.Graph6TopologySerializerTest" time="0.002"/>
  <testcase name="checkDecodeEncodeGraphs(String)[1679]" classname="io.jbotsim.io.format.graph6.Graph6TopologySerializerTest" time="0.001"/>
  <testcase name="checkDecodeEncodeGraphs(String)[1680]" classname="io.jbotsim.io.format.graph6.Graph6TopologySerializerTest" time="0.0"/>
  <testcase name="checkDecodeEncodeGraphs(String)[1681]" classname="io.jbotsim.io.format.graph6.Graph6TopologySerializerTest" time="0.001"/>
  <testcase name="checkDecodeEncodeGraphs(String)[1682]" classname="io.jbotsim.io.format.graph6.Graph6TopologySerializerTest" time="0.0"/>
  <testcase name="checkDecodeEncodeGraphs(String)[1683]" classname="io.jbotsim.io.format.graph6.Graph6TopologySerializerTest" time="0.001"/>
  <testcase name="checkDecodeEncodeGraphs(String)[1684]" classname="io.jbotsim.io.format.graph6.Graph6TopologySerializerTest" time="0.001"/>
  <testcase name="checkDecodeEncodeGraphs(String)[1685]" classname="io.jbotsim.io.format.graph6.Graph6TopologySerializerTest" time="0.0"/>
  <testcase name="checkDecodeEncodeGraphs(String)[1686]" classname="io.jbotsim.io.format.graph6.Graph6TopologySerializerTest" time="0.001"/>
  <testcase name="checkDecodeEncodeGraphs(String)[1687]" classname="io.jbotsim.io.format.graph6.Graph6TopologySerializerTest" time="0.0"/>
  <testcase name="checkDecodeEncodeGraphs(String)[1688]" classname="io.jbotsim.io.format.graph6.Graph6TopologySerializerTest" time="0.001"/>
  <testcase name="checkDecodeEncodeGraphs(String)[1689]" classname="io.jbotsim.io.format.graph6.Graph6TopologySerializerTest" time="0.0"/>
  <testcase name="checkDecodeEncodeGraphs(String)[1690]" classname="io.jbotsim.io.format.graph6.Graph6TopologySerializerTest" time="0.0"/>
  <testcase name="checkDecodeEncodeGraphs(String)[1691]" classname="io.jbotsim.io.format.graph6.Graph6TopologySerializerTest" time="0.0"/>
  <testcase name="checkDecodeEncodeGraphs(String)[1692]" classname="io.jbotsim.io.format.graph6.Graph6TopologySerializerTest" time="0.0"/>
  <testcase name="checkDecodeEncodeGraphs(String)[1693]" classname="io.jbotsim.io.format.graph6.Graph6TopologySerializerTest" time="0.0"/>
  <testcase name="checkDecodeEncodeGraphs(String)[1694]" classname="io.jbotsim.io.format.graph6.Graph6TopologySerializerTest" time="0.0"/>
  <testcase name="checkDecodeEncodeGraphs(String)[1695]" classname="io.jbotsim.io.format.graph6.Graph6TopologySerializerTest" time="0.001"/>
  <testcase name="checkDecodeEncodeGraphs(String)[1696]" classname="io.jbotsim.io.format.graph6.Graph6TopologySerializerTest" time="0.003"/>
  <testcase name="checkDecodeEncodeGraphs(String)[1697]" classname="io.jbotsim.io.format.graph6.Graph6TopologySerializerTest" time="0.0"/>
  <testcase name="checkDecodeEncodeGraphs(String)[1698]" classname="io.jbotsim.io.format.graph6.Graph6TopologySerializerTest" time="0.0"/>
  <testcase name="checkDecodeEncodeGraphs(String)[1699]" classname="io.jbotsim.io.format.graph6.Graph6TopologySerializerTest" time="0.001"/>
  <testcase name="checkDecodeEncodeGraphs(String)[1700]" classname="io.jbotsim.io.format.graph6.Graph6TopologySerializerTest" time="0.0"/>
  <testcase name="checkDecodeEncodeGraphs(String)[1701]" classname="io.jbotsim.io.format.graph6.Graph6TopologySerializerTest" time="0.001"/>
  <testcase name="checkDecodeEncodeGraphs(String)[1702]" classname="io.jbotsim.io.format.graph6.Graph6TopologySerializerTest" time="0.0"/>
  <testcase name="checkDecodeEncodeGraphs(String)[1703]" classname="io.jbotsim.io.format.graph6.Graph6TopologySerializerTest" time="0.001"/>
  <testcase name="checkDecodeEncodeGraphs(String)[1704]" classname="io.jbotsim.io.format.graph6.Graph6TopologySerializerTest" time="0.003"/>
  <testcase name="checkDecodeEncodeGraphs(String)[1705]" classname="io.jbotsim.io.format.graph6.Graph6TopologySerializerTest" time="0.0"/>
  <testcase name="checkDecodeEncodeGraphs(String)[1706]" classname="io.jbotsim.io.format.graph6.Graph6TopologySerializerTest" time="0.001"/>
  <testcase name="checkDecodeEncodeGraphs(String)[1707]" classname="io.jbotsim.io.format.graph6.Graph6TopologySerializerTest" time="0.0"/>
  <testcase name="checkDecodeEncodeGraphs(String)[1708]" classname="io.jbotsim.io.format.graph6.Graph6TopologySerializerTest" time="0.0"/>
  <testcase name="checkDecodeEncodeGraphs(String)[1709]" classname="io.jbotsim.io.format.graph6.Graph6TopologySerializerTest" time="0.0"/>
  <testcase name="checkDecodeEncodeGraphs(String)[1710]" classname="io.jbotsim.io.format.graph6.Graph6TopologySerializerTest" time="0.002"/>
  <testcase name="checkDecodeEncodeGraphs(String)[1711]" classname="io.jbotsim.io.format.graph6.Graph6TopologySerializerTest" time="0.0"/>
  <testcase name="checkDecodeEncodeGraphs(String)[1712]" classname="io.jbotsim.io.format.graph6.Graph6TopologySerializerTest" time="0.0"/>
  <testcase name="checkDecodeEncodeGraphs(String)[1713]" classname="io.jbotsim.io.format.graph6.Graph6TopologySerializerTest" time="0.003"/>
  <testcase name="checkDecodeEncodeGraphs(String)[1714]" classname="io.jbotsim.io.format.graph6.Graph6TopologySerializerTest" time="0.003"/>
  <testcase name="checkDecodeEncodeGraphs(String)[1715]" classname="io.jbotsim.io.format.graph6.Graph6TopologySerializerTest" time="0.0"/>
  <testcase name="checkDecodeEncodeGraphs(String)[1716]" classname="io.jbotsim.io.format.graph6.Graph6TopologySerializerTest" time="0.001"/>
  <testcase name="checkDecodeEncodeGraphs(String)[1717]" classname="io.jbotsim.io.format.graph6.Graph6TopologySerializerTest" time="0.002"/>
  <testcase name="checkDecodeEncodeGraphs(String)[1718]" classname="io.jbotsim.io.format.graph6.Graph6TopologySerializerTest" time="0.0"/>
  <testcase name="checkDecodeEncodeGraphs(String)[1719]" classname="io.jbotsim.io.format.graph6.Graph6TopologySerializerTest" time="0.0"/>
  <testcase name="checkDecodeEncodeGraphs(String)[1720]" classname="io.jbotsim.io.format.graph6.Graph6TopologySerializerTest" time="0.0"/>
  <testcase name="checkDecodeEncodeGraphs(String)[1721]" classname="io.jbotsim.io.format.graph6.Graph6TopologySerializerTest" time="0.002"/>
  <testcase name="checkDecodeEncodeGraphs(String)[1722]" classname="io.jbotsim.io.format.graph6.Graph6TopologySerializerTest" time="0.0"/>
  <testcase name="checkDecodeEncodeGraphs(String)[1723]" classname="io.jbotsim.io.format.graph6.Graph6TopologySerializerTest" time="0.001"/>
  <testcase name="checkDecodeEncodeGraphs(String)[1724]" classname="io.jbotsim.io.format.graph6.Graph6TopologySerializerTest" time="0.0"/>
  <testcase name="checkDecodeEncodeGraphs(String)[1725]" classname="io.jbotsim.io.format.graph6.Graph6TopologySerializerTest" time="0.001"/>
  <testcase name="checkDecodeEncodeGraphs(String)[1726]" classname="io.jbotsim.io.format.graph6.Graph6TopologySerializerTest" time="0.0"/>
  <testcase name="checkDecodeEncodeGraphs(String)[1727]" classname="io.jbotsim.io.format.graph6.Graph6TopologySerializerTest" time="0.001"/>
  <testcase name="checkDecodeEncodeGraphs(String)[1728]" classname="io.jbotsim.io.format.graph6.Graph6TopologySerializerTest" time="0.002"/>
  <testcase name="checkDecodeEncodeGraphs(String)[1729]" classname="io.jbotsim.io.format.graph6.Graph6TopologySerializerTest" time="0.0"/>
  <testcase name="checkDecodeEncodeGraphs(String)[1730]" classname="io.jbotsim.io.format.graph6.Graph6TopologySerializerTest" time="0.002"/>
  <testcase name="checkDecodeEncodeGraphs(String)[1731]" classname="io.jbotsim.io.format.graph6.Graph6TopologySerializerTest" time="0.0"/>
  <testcase name="checkDecodeEncodeGraphs(String)[1732]" classname="io.jbotsim.io.format.graph6.Graph6TopologySerializerTest" time="0.0"/>
  <testcase name="checkDecodeEncodeGraphs(String)[1733]" classname="io.jbotsim.io.format.graph6.Graph6TopologySerializerTest" time="0.0"/>
  <testcase name="checkDecodeEncodeGraphs(String)[1734]" classname="io.jbotsim.io.format.graph6.Graph6TopologySerializerTest" time="0.0"/>
  <testcase name="checkDecodeEncodeGraphs(String)[1735]" classname="io.jbotsim.io.format.graph6.Graph6TopologySerializerTest" time="0.001"/>
  <testcase name="checkDecodeEncodeGraphs(String)[1736]" classname="io.jbotsim.io.format.graph6.Graph6TopologySerializerTest" time="0.0"/>
  <testcase name="checkDecodeEncodeGraphs(String)[1737]" classname="io.jbotsim.io.format.graph6.Graph6TopologySerializerTest" time="0.002"/>
  <testcase name="checkDecodeEncodeGraphs(String)[1738]" classname="io.jbotsim.io.format.graph6.Graph6TopologySerializerTest" time="0.0"/>
  <testcase name="checkDecodeEncodeGraphs(String)[1739]" classname="io.jbotsim.io.format.graph6.Graph6TopologySerializerTest" time="0.0"/>
  <testcase name="checkDecodeEncodeGraphs(String)[1740]" classname="io.jbotsim.io.format.graph6.Graph6TopologySerializerTest" time="0.001"/>
  <testcase name="checkDecodeEncodeGraphs(String)[1741]" classname="io.jbotsim.io.format.graph6.Graph6TopologySerializerTest" time="0.004"/>
  <testcase name="checkDecodeEncodeGraphs(String)[1742]" classname="io.jbotsim.io.format.graph6.Graph6TopologySerializerTest" time="0.003"/>
  <testcase name="checkDecodeEncodeGraphs(String)[1743]" classname="io.jbotsim.io.format.graph6.Graph6TopologySerializerTest" time="0.0"/>
  <testcase name="checkDecodeEncodeGraphs(String)[1744]" classname="io.jbotsim.io.format.graph6.Graph6TopologySerializerTest" time="0.0"/>
  <testcase name="checkDecodeEncodeGraphs(String)[1745]" classname="io.jbotsim.io.format.graph6.Graph6TopologySerializerTest" time="0.0"/>
  <testcase name="checkDecodeEncodeGraphs(String)[1746]" classname="io.jbotsim.io.format.graph6.Graph6TopologySerializerTest" time="0.003"/>
  <testcase name="checkDecodeEncodeGraphs(String)[1747]" classname="io.jbotsim.io.format.graph6.Graph6TopologySerializerTest" time="0.001"/>
  <testcase name="checkDecodeEncodeGraphs(String)[1748]" classname="io.jbotsim.io.format.graph6.Graph6TopologySerializerTest" time="0.0"/>
  <testcase name="checkDecodeEncodeGraphs(String)[1749]" classname="io.jbotsim.io.format.graph6.Graph6TopologySerializerTest" time="0.0"/>
  <testcase name="checkDecodeEncodeGraphs(String)[1750]" classname="io.jbotsim.io.format.graph6.Graph6TopologySerializerTest" time="0.0"/>
  <testcase name="checkDecodeEncodeGraphs(String)[1751]" classname="io.jbotsim.io.format.graph6.Graph6TopologySerializerTest" time="0.001"/>
  <testcase name="checkDecodeEncodeGraphs(String)[1752]" classname="io.jbotsim.io.format.graph6.Graph6TopologySerializerTest" time="0.0"/>
  <testcase name="checkDecodeEncodeGraphs(String)[1753]" classname="io.jbotsim.io.format.graph6.Graph6TopologySerializerTest" time="0.001"/>
  <testcase name="checkDecodeEncodeGraphs(String)[1754]" classname="io.jbotsim.io.format.graph6.Graph6TopologySerializerTest" time="0.007"/>
  <testcase name="checkDecodeEncodeGraphs(String)[1755]" classname="io.jbotsim.io.format.graph6.Graph6TopologySerializerTest" time="0.0"/>
  <testcase name="checkDecodeEncodeGraphs(String)[1756]" classname="io.jbotsim.io.format.graph6.Graph6TopologySerializerTest" time="0.0"/>
  <testcase name="checkDecodeEncodeGraphs(String)[1757]" classname="io.jbotsim.io.format.graph6.Graph6TopologySerializerTest" time="0.003"/>
  <testcase name="checkDecodeEncodeGraphs(String)[1758]" classname="io.jbotsim.io.format.graph6.Graph6TopologySerializerTest" time="0.0"/>
  <testcase name="checkDecodeEncodeGraphs(String)[1759]" classname="io.jbotsim.io.format.graph6.Graph6TopologySerializerTest" time="0.0"/>
  <testcase name="checkDecodeEncodeGraphs(String)[1760]" classname="io.jbotsim.io.format.graph6.Graph6TopologySerializerTest" time="0.0"/>
  <testcase name="checkDecodeEncodeGraphs(String)[1761]" classname="io.jbotsim.io.format.graph6.Graph6TopologySerializerTest" time="0.0"/>
  <testcase name="checkDecodeEncodeGraphs(String)[1762]" classname="io.jbotsim.io.format.graph6.Graph6TopologySerializerTest" time="0.0"/>
  <testcase name="checkDecodeEncodeGraphs(String)[1763]" classname="io.jbotsim.io.format.graph6.Graph6TopologySerializerTest" time="0.0"/>
  <testcase name="checkDecodeEncodeGraphs(String)[1764]" classname="io.jbotsim.io.format.graph6.Graph6TopologySerializerTest" time="0.0"/>
  <testcase name="checkDecodeEncodeGraphs(String)[1765]" classname="io.jbotsim.io.format.graph6.Graph6TopologySerializerTest" time="0.006"/>
  <testcase name="checkDecodeEncodeGraphs(String)[1766]" classname="io.jbotsim.io.format.graph6.Graph6TopologySerializerTest" time="0.0"/>
  <testcase name="checkDecodeEncodeGraphs(String)[1767]" classname="io.jbotsim.io.format.graph6.Graph6TopologySerializerTest" time="0.0"/>
  <testcase name="checkDecodeEncodeGraphs(String)[1768]" classname="io.jbotsim.io.format.graph6.Graph6TopologySerializerTest" time="0.0"/>
  <testcase name="checkDecodeEncodeGraphs(String)[1769]" classname="io.jbotsim.io.format.graph6.Graph6TopologySerializerTest" time="0.0"/>
  <testcase name="checkDecodeEncodeGraphs(String)[1770]" classname="io.jbotsim.io.format.graph6.Graph6TopologySerializerTest" time="0.0"/>
  <testcase name="checkDecodeEncodeGraphs(String)[1771]" classname="io.jbotsim.io.format.graph6.Graph6TopologySerializerTest" time="0.0"/>
  <testcase name="checkDecodeEncodeGraphs(String)[1772]" classname="io.jbotsim.io.format.graph6.Graph6TopologySerializerTest" time="0.0"/>
  <testcase name="checkDecodeEncodeGraphs(String)[1773]" classname="io.jbotsim.io.format.graph6.Graph6TopologySerializerTest" time="0.0"/>
  <testcase name="checkDecodeEncodeGraphs(String)[1774]" classname="io.jbotsim.io.format.graph6.Graph6TopologySerializerTest" time="0.003"/>
  <testcase name="checkDecodeEncodeGraphs(String)[1775]" classname="io.jbotsim.io.format.graph6.Graph6TopologySerializerTest" time="0.002"/>
  <testcase name="checkDecodeEncodeGraphs(String)[1776]" classname="io.jbotsim.io.format.graph6.Graph6TopologySerializerTest" time="0.0"/>
  <testcase name="checkDecodeEncodeGraphs(String)[1777]" classname="io.jbotsim.io.format.graph6.Graph6TopologySerializerTest" time="0.0"/>
  <testcase name="checkDecodeEncodeGraphs(String)[1778]" classname="io.jbotsim.io.format.graph6.Graph6TopologySerializerTest" time="0.001"/>
  <testcase name="checkDecodeEncodeGraphs(String)[1779]" classname="io.jbotsim.io.format.graph6.Graph6TopologySerializerTest" time="0.0"/>
  <testcase name="checkDecodeEncodeGraphs(String)[1780]" classname="io.jbotsim.io.format.graph6.Graph6TopologySerializerTest" time="0.0"/>
  <testcase name="checkDecodeEncodeGraphs(String)[1781]" classname="io.jbotsim.io.format.graph6.Graph6TopologySerializerTest" time="0.0"/>
  <testcase name="checkDecodeEncodeGraphs(String)[1782]" classname="io.jbotsim.io.format.graph6.Graph6TopologySerializerTest" time="0.0"/>
  <testcase name="checkDecodeEncodeGraphs(String)[1783]" classname="io.jbotsim.io.format.graph6.Graph6TopologySerializerTest" time="0.003"/>
  <testcase name="checkDecodeEncodeGraphs(String)[1784]" classname="io.jbotsim.io.format.graph6.Graph6TopologySerializerTest" time="0.002"/>
  <testcase name="checkDecodeEncodeGraphs(String)[1785]" classname="io.jbotsim.io.format.graph6.Graph6TopologySerializerTest" time="0.0"/>
  <testcase name="checkDecodeEncodeGraphs(String)[1786]" classname="io.jbotsim.io.format.graph6.Graph6TopologySerializerTest" time="0.0"/>
  <testcase name="checkDecodeEncodeGraphs(String)[1787]" classname="io.jbotsim.io.format.graph6.Graph6TopologySerializerTest" time="0.001"/>
  <testcase name="checkDecodeEncodeGraphs(String)[1788]" classname="io.jbotsim.io.format.graph6.Graph6TopologySerializerTest" time="0.0"/>
  <testcase name="checkDecodeEncodeGraphs(String)[1789]" classname="io.jbotsim.io.format.graph6.Graph6TopologySerializerTest" time="0.001"/>
  <testcase name="checkDecodeEncodeGraphs(String)[1790]" classname="io.jbotsim.io.format.graph6.Graph6TopologySerializerTest" time="0.0"/>
  <testcase name="checkDecodeEncodeGraphs(String)[1791]" classname="io.jbotsim.io.format.graph6.Graph6TopologySerializerTest" time="0.0"/>
  <testcase name="checkDecodeEncodeGraphs(String)[1792]" classname="io.jbotsim.io.format.graph6.Graph6TopologySerializerTest" time="0.001"/>
  <testcase name="checkDecodeEncodeGraphs(String)[1793]" classname="io.jbotsim.io.format.graph6.Graph6TopologySerializerTest" time="0.002"/>
  <testcase name="checkDecodeEncodeGraphs(String)[1794]" classname="io.jbotsim.io.format.graph6.Graph6TopologySerializerTest" time="0.001"/>
  <testcase name="checkDecodeEncodeGraphs(String)[1795]" classname="io.jbotsim.io.format.graph6.Graph6TopologySerializerTest" time="0.0"/>
  <testcase name="checkDecodeEncodeGraphs(String)[1796]" classname="io.jbotsim.io.format.graph6.Graph6TopologySerializerTest" time="0.0"/>
  <testcase name="checkDecodeEncodeGraphs(String)[1797]" classname="io.jbotsim.io.format.graph6.Graph6TopologySerializerTest" time="0.0"/>
  <testcase name="checkDecodeEncodeGraphs(String)[1798]" classname="io.jbotsim.io.format.graph6.Graph6TopologySerializerTest" time="0.001"/>
  <testcase name="checkDecodeEncodeGraphs(String)[1799]" classname="io.jbotsim.io.format.graph6.Graph6TopologySerializerTest" time="0.0"/>
  <testcase name="checkDecodeEncodeGraphs(String)[1800]" classname="io.jbotsim.io.format.graph6.Graph6TopologySerializerTest" time="0.002"/>
  <testcase name="checkDecodeEncodeGraphs(String)[1801]" classname="io.jbotsim.io.format.graph6.Graph6TopologySerializerTest" time="0.0"/>
  <testcase name="checkDecodeEncodeGraphs(String)[1802]" classname="io.jbotsim.io.format.graph6.Graph6TopologySerializerTest" time="0.0"/>
  <testcase name="checkDecodeEncodeGraphs(String)[1803]" classname="io.jbotsim.io.format.graph6.Graph6TopologySerializerTest" time="0.001"/>
  <testcase name="checkDecodeEncodeGraphs(String)[1804]" classname="io.jbotsim.io.format.graph6.Graph6TopologySerializerTest" time="0.0"/>
  <testcase name="checkDecodeEncodeGraphs(String)[1805]" classname="io.jbotsim.io.format.graph6.Graph6TopologySerializerTest" time="0.0"/>
  <testcase name="checkDecodeEncodeGraphs(String)[1806]" classname="io.jbotsim.io.format.graph6.Graph6TopologySerializerTest" time="0.003"/>
  <testcase name="checkDecodeEncodeGraphs(String)[1807]" classname="io.jbotsim.io.format.graph6.Graph6TopologySerializerTest" time="0.001"/>
  <testcase name="checkDecodeEncodeGraphs(String)[1808]" classname="io.jbotsim.io.format.graph6.Graph6TopologySerializerTest" time="0.0"/>
  <testcase name="checkDecodeEncodeGraphs(String)[1809]" classname="io.jbotsim.io.format.graph6.Graph6TopologySerializerTest" time="0.001"/>
  <testcase name="checkDecodeEncodeGraphs(String)[1810]" classname="io.jbotsim.io.format.graph6.Graph6TopologySerializerTest" time="0.0"/>
  <testcase name="checkDecodeEncodeGraphs(String)[1811]" classname="io.jbotsim.io.format.graph6.Graph6TopologySerializerTest" time="0.0"/>
  <testcase name="checkDecodeEncodeGraphs(String)[1812]" classname="io.jbotsim.io.format.graph6.Graph6TopologySerializerTest" time="0.0"/>
  <testcase name="checkDecodeEncodeGraphs(String)[1813]" classname="io.jbotsim.io.format.graph6.Graph6TopologySerializerTest" time="0.0"/>
  <testcase name="checkDecodeEncodeGraphs(String)[1814]" classname="io.jbotsim.io.format.graph6.Graph6TopologySerializerTest" time="0.001"/>
  <testcase name="checkDecodeEncodeGraphs(String)[1815]" classname="io.jbotsim.io.format.graph6.Graph6TopologySerializerTest" time="0.0"/>
  <testcase name="checkDecodeEncodeGraphs(String)[1816]" classname="io.jbotsim.io.format.graph6.Graph6TopologySerializerTest" time="0.001"/>
  <testcase name="checkDecodeEncodeGraphs(String)[1817]" classname="io.jbotsim.io.format.graph6.Graph6TopologySerializerTest" time="0.0"/>
  <testcase name="checkDecodeEncodeGraphs(String)[1818]" classname="io.jbotsim.io.format.graph6.Graph6TopologySerializerTest" time="0.0"/>
  <testcase name="checkDecodeEncodeGraphs(String)[1819]" classname="io.jbotsim.io.format.graph6.Graph6TopologySerializerTest" time="0.0"/>
  <testcase name="checkDecodeEncodeGraphs(String)[1820]" classname="io.jbotsim.io.format.graph6.Graph6TopologySerializerTest" time="0.0"/>
  <testcase name="checkDecodeEncodeGraphs(String)[1821]" classname="io.jbotsim.io.format.graph6.Graph6TopologySerializerTest" time="0.0"/>
  <testcase name="checkDecodeEncodeGraphs(String)[1822]" classname="io.jbotsim.io.format.graph6.Graph6TopologySerializerTest" time="0.001"/>
  <testcase name="checkDecodeEncodeGraphs(String)[1823]" classname="io.jbotsim.io.format.graph6.Graph6TopologySerializerTest" time="0.0"/>
  <testcase name="checkDecodeEncodeGraphs(String)[1824]" classname="io.jbotsim.io.format.graph6.Graph6TopologySerializerTest" time="0.0"/>
  <testcase name="checkDecodeEncodeGraphs(String)[1825]" classname="io.jbotsim.io.format.graph6.Graph6TopologySerializerTest" time="0.0"/>
  <testcase name="checkDecodeEncodeGraphs(String)[1826]" classname="io.jbotsim.io.format.graph6.Graph6TopologySerializerTest" time="0.0"/>
  <testcase name="checkDecodeEncodeGraphs(String)[1827]" classname="io.jbotsim.io.format.graph6.Graph6TopologySerializerTest" time="0.0"/>
  <testcase name="checkDecodeEncodeGraphs(String)[1828]" classname="io.jbotsim.io.format.graph6.Graph6TopologySerializerTest" time="0.0"/>
  <testcase name="checkDecodeEncodeGraphs(String)[1829]" classname="io.jbotsim.io.format.graph6.Graph6TopologySerializerTest" time="0.0"/>
  <testcase name="checkDecodeEncodeGraphs(String)[1830]" classname="io.jbotsim.io.format.graph6.Graph6TopologySerializerTest" time="0.0"/>
  <testcase name="checkDecodeEncodeGraphs(String)[1831]" classname="io.jbotsim.io.format.graph6.Graph6TopologySerializerTest" time="0.003"/>
  <testcase name="checkDecodeEncodeGraphs(String)[1832]" classname="io.jbotsim.io.format.graph6.Graph6TopologySerializerTest" time="0.0"/>
  <testcase name="checkDecodeEncodeGraphs(String)[1833]" classname="io.jbotsim.io.format.graph6.Graph6TopologySerializerTest" time="0.0"/>
  <testcase name="checkDecodeEncodeGraphs(String)[1834]" classname="io.jbotsim.io.format.graph6.Graph6TopologySerializerTest" time="0.0"/>
  <testcase name="checkDecodeEncodeGraphs(String)[1835]" classname="io.jbotsim.io.format.graph6.Graph6TopologySerializerTest" time="0.0"/>
  <testcase name="checkDecodeEncodeGraphs(String)[1836]" classname="io.jbotsim.io.format.graph6.Graph6TopologySerializerTest" time="0.001"/>
  <testcase name="checkDecodeEncodeGraphs(String)[1837]" classname="io.jbotsim.io.format.graph6.Graph6TopologySerializerTest" time="0.0"/>
  <testcase name="checkDecodeEncodeGraphs(String)[1838]" classname="io.jbotsim.io.format.graph6.Graph6TopologySerializerTest" time="0.0"/>
  <testcase name="checkDecodeEncodeGraphs(String)[1839]" classname="io.jbotsim.io.format.graph6.Graph6TopologySerializerTest" time="0.0"/>
  <testcase name="checkDecodeEncodeGraphs(String)[1840]" classname="io.jbotsim.io.format.graph6.Graph6TopologySerializerTest" time="0.0"/>
  <testcase name="checkDecodeEncodeGraphs(String)[1841]" classname="io.jbotsim.io.format.graph6.Graph6TopologySerializerTest" time="0.001"/>
  <testcase name="checkDecodeEncodeGraphs(String)[1842]" classname="io.jbotsim.io.format.graph6.Graph6TopologySerializerTest" time="0.0"/>
  <testcase name="checkDecodeEncodeGraphs(String)[1843]" classname="io.jbotsim.io.format.graph6.Graph6TopologySerializerTest" time="0.0"/>
  <testcase name="checkDecodeEncodeGraphs(String)[1844]" classname="io.jbotsim.io.format.graph6.Graph6TopologySerializerTest" time="0.001"/>
  <testcase name="checkDecodeEncodeGraphs(String)[1845]" classname="io.jbotsim.io.format.graph6.Graph6TopologySerializerTest" time="0.0"/>
  <testcase name="checkDecodeEncodeGraphs(String)[1846]" classname="io.jbotsim.io.format.graph6.Graph6TopologySerializerTest" time="0.0"/>
  <testcase name="checkDecodeEncodeGraphs(String)[1847]" classname="io.jbotsim.io.format.graph6.Graph6TopologySerializerTest" time="0.0"/>
  <testcase name="checkDecodeEncodeGraphs(String)[1848]" classname="io.jbotsim.io.format.graph6.Graph6TopologySerializerTest" time="0.0"/>
  <testcase name="checkDecodeEncodeGraphs(String)[1849]" classname="io.jbotsim.io.format.graph6.Graph6TopologySerializerTest" time="0.0"/>
  <testcase name="checkDecodeEncodeGraphs(String)[1850]" classname="io.jbotsim.io.format.graph6.Graph6TopologySerializerTest" time="0.001"/>
  <testcase name="checkDecodeEncodeGraphs(String)[1851]" classname="io.jbotsim.io.format.graph6.Graph6TopologySerializerTest" time="0.0"/>
  <testcase name="checkDecodeEncodeGraphs(String)[1852]" classname="io.jbotsim.io.format.graph6.Graph6TopologySerializerTest" time="0.0"/>
  <testcase name="checkDecodeEncodeGraphs(String)[1853]" classname="io.jbotsim.io.format.graph6.Graph6TopologySerializerTest" time="0.001"/>
  <testcase name="checkDecodeEncodeGraphs(String)[1854]" classname="io.jbotsim.io.format.graph6.Graph6TopologySerializerTest" time="0.0"/>
  <testcase name="checkDecodeEncodeGraphs(String)[1855]" classname="io.jbotsim.io.format.graph6.Graph6TopologySerializerTest" time="0.001"/>
  <testcase name="checkDecodeEncodeGraphs(String)[1856]" classname="io.jbotsim.io.format.graph6.Graph6TopologySerializerTest" time="0.001"/>
  <testcase name="checkDecodeEncodeGraphs(String)[1857]" classname="io.jbotsim.io.format.graph6.Graph6TopologySerializerTest" time="0.001"/>
  <testcase name="checkDecodeEncodeGraphs(String)[1858]" classname="io.jbotsim.io.format.graph6.Graph6TopologySerializerTest" time="0.001"/>
  <testcase name="checkDecodeEncodeGraphs(String)[1859]" classname="io.jbotsim.io.format.graph6.Graph6TopologySerializerTest" time="0.001"/>
  <testcase name="checkDecodeEncodeGraphs(String)[1860]" classname="io.jbotsim.io.format.graph6.Graph6TopologySerializerTest" time="0.001"/>
  <testcase name="checkDecodeEncodeGraphs(String)[1861]" classname="io.jbotsim.io.format.graph6.Graph6TopologySerializerTest" time="0.004"/>
  <testcase name="checkDecodeEncodeGraphs(String)[1862]" classname="io.jbotsim.io.format.graph6.Graph6TopologySerializerTest" time="0.001"/>
  <testcase name="checkDecodeEncodeGraphs(String)[1863]" classname="io.jbotsim.io.format.graph6.Graph6TopologySerializerTest" time="0.001"/>
  <testcase name="checkDecodeEncodeGraphs(String)[1864]" classname="io.jbotsim.io.format.graph6.Graph6TopologySerializerTest" time="0.001"/>
  <testcase name="checkDecodeEncodeGraphs(String)[1865]" classname="io.jbotsim.io.format.graph6.Graph6TopologySerializerTest" time="0.001"/>
  <testcase name="checkDecodeEncodeGraphs(String)[1866]" classname="io.jbotsim.io.format.graph6.Graph6TopologySerializerTest" time="0.002"/>
  <testcase name="checkDecodeEncodeGraphs(String)[1867]" classname="io.jbotsim.io.format.graph6.Graph6TopologySerializerTest" time="0.005"/>
  <testcase name="checkDecodeEncodeGraphs(String)[1868]" classname="io.jbotsim.io.format.graph6.Graph6TopologySerializerTest" time="0.001"/>
  <testcase name="checkDecodeEncodeGraphs(String)[1869]" classname="io.jbotsim.io.format.graph6.Graph6TopologySerializerTest" time="0.001"/>
  <testcase name="checkDecodeEncodeGraphs(String)[1870]" classname="io.jbotsim.io.format.graph6.Graph6TopologySerializerTest" time="0.001"/>
  <testcase name="checkDecodeEncodeGraphs(String)[1871]" classname="io.jbotsim.io.format.graph6.Graph6TopologySerializerTest" time="0.007"/>
  <testcase name="checkDecodeEncodeGraphs(String)[1872]" classname="io.jbotsim.io.format.graph6.Graph6TopologySerializerTest" time="0.001"/>
  <testcase name="checkDecodeEncodeGraphs(String)[1873]" classname="io.jbotsim.io.format.graph6.Graph6TopologySerializerTest" time="0.001"/>
  <testcase name="checkDecodeEncodeGraphs(String)[1874]" classname="io.jbotsim.io.format.graph6.Graph6TopologySerializerTest" time="0.0"/>
  <testcase name="checkDecodeEncodeGraphs(String)[1875]" classname="io.jbotsim.io.format.graph6.Graph6TopologySerializerTest" time="0.001"/>
  <testcase name="checkDecodeEncodeGraphs(String)[1876]" classname="io.jbotsim.io.format.graph6.Graph6TopologySerializerTest" time="0.0"/>
  <testcase name="checkDecodeEncodeGraphs(String)[1877]" classname="io.jbotsim.io.format.graph6.Graph6TopologySerializerTest" time="0.0"/>
  <testcase name="checkDecodeEncodeGraphs(String)[1878]" classname="io.jbotsim.io.format.graph6.Graph6TopologySerializerTest" time="0.002"/>
  <testcase name="checkDecodeEncodeGraphs(String)[1879]" classname="io.jbotsim.io.format.graph6.Graph6TopologySerializerTest" time="0.001"/>
  <testcase name="checkDecodeEncodeGraphs(String)[1880]" classname="io.jbotsim.io.format.graph6.Graph6TopologySerializerTest" time="0.001"/>
  <testcase name="checkDecodeEncodeGraphs(String)[1881]" classname="io.jbotsim.io.format.graph6.Graph6TopologySerializerTest" time="0.001"/>
  <testcase name="checkDecodeEncodeGraphs(String)[1882]" classname="io.jbotsim.io.format.graph6.Graph6TopologySerializerTest" time="0.003"/>
  <testcase name="checkDecodeEncodeGraphs(String)[1883]" classname="io.jbotsim.io.format.graph6.Graph6TopologySerializerTest" time="0.001"/>
  <testcase name="checkDecodeEncodeGraphs(String)[1884]" classname="io.jbotsim.io.format.graph6.Graph6TopologySerializerTest" time="0.001"/>
  <testcase name="checkDecodeEncodeGraphs(String)[1885]" classname="io.jbotsim.io.format.graph6.Graph6TopologySerializerTest" time="0.001"/>
  <testcase name="checkDecodeEncodeGraphs(String)[1886]" classname="io.jbotsim.io.format.graph6.Graph6TopologySerializerTest" time="0.002"/>
  <testcase name="checkDecodeEncodeGraphs(String)[1887]" classname="io.jbotsim.io.format.graph6.Graph6TopologySerializerTest" time="0.001"/>
  <testcase name="checkDecodeEncodeGraphs(String)[1888]" classname="io.jbotsim.io.format.graph6.Graph6TopologySerializerTest" time="0.002"/>
  <testcase name="checkDecodeEncodeGraphs(String)[1889]" classname="io.jbotsim.io.format.graph6.Graph6TopologySerializerTest" time="0.001"/>
  <testcase name="checkDecodeEncodeGraphs(String)[1890]" classname="io.jbotsim.io.format.graph6.Graph6TopologySerializerTest" time="0.001"/>
  <testcase name="checkDecodeEncodeGraphs(String)[1891]" classname="io.jbotsim.io.format.graph6.Graph6TopologySerializerTest" time="0.001"/>
  <testcase name="checkDecodeEncodeGraphs(String)[1892]" classname="io.jbotsim.io.format.graph6.Graph6TopologySerializerTest" time="0.005"/>
  <testcase name="checkDecodeEncodeGraphs(String)[1893]" classname="io.jbotsim.io.format.graph6.Graph6TopologySerializerTest" time="0.001"/>
  <testcase name="checkDecodeEncodeGraphs(String)[1894]" classname="io.jbotsim.io.format.graph6.Graph6TopologySerializerTest" time="0.001"/>
  <testcase name="checkDecodeEncodeGraphs(String)[1895]" classname="io.jbotsim.io.format.graph6.Graph6TopologySerializerTest" time="0.0"/>
  <testcase name="checkDecodeEncodeGraphs(String)[1896]" classname="io.jbotsim.io.format.graph6.Graph6TopologySerializerTest" time="0.0"/>
  <testcase name="checkDecodeEncodeGraphs(String)[1897]" classname="io.jbotsim.io.format.graph6.Graph6TopologySerializerTest" time="0.0"/>
  <testcase name="checkDecodeEncodeGraphs(String)[1898]" classname="io.jbotsim.io.format.graph6.Graph6TopologySerializerTest" time="0.0"/>
  <testcase name="checkDecodeEncodeGraphs(String)[1899]" classname="io.jbotsim.io.format.graph6.Graph6TopologySerializerTest" time="0.0"/>
  <testcase name="checkDecodeEncodeGraphs(String)[1900]" classname="io.jbotsim.io.format.graph6.Graph6TopologySerializerTest" time="0.0"/>
  <testcase name="checkDecodeEncodeGraphs(String)[1901]" classname="io.jbotsim.io.format.graph6.Graph6TopologySerializerTest" time="0.0"/>
  <testcase name="checkDecodeEncodeGraphs(String)[1902]" classname="io.jbotsim.io.format.graph6.Graph6TopologySerializerTest" time="0.0"/>
  <testcase name="checkDecodeEncodeGraphs(String)[1903]" classname="io.jbotsim.io.format.graph6.Graph6TopologySerializerTest" time="0.0"/>
  <testcase name="checkDecodeEncodeGraphs(String)[1904]" classname="io.jbotsim.io.format.graph6.Graph6TopologySerializerTest" time="0.0"/>
  <testcase name="checkDecodeEncodeGraphs(String)[1905]" classname="io.jbotsim.io.format.graph6.Graph6TopologySerializerTest" time="0.0"/>
  <testcase name="checkDecodeEncodeGraphs(String)[1906]" classname="io.jbotsim.io.format.graph6.Graph6TopologySerializerTest" time="0.001"/>
  <testcase name="checkDecodeEncodeGraphs(String)[1907]" classname="io.jbotsim.io.format.graph6.Graph6TopologySerializerTest" time="0.0"/>
  <testcase name="checkDecodeEncodeGraphs(String)[1908]" classname="io.jbotsim.io.format.graph6.Graph6TopologySerializerTest" time="0.0"/>
  <testcase name="checkDecodeEncodeGraphs(String)[1909]" classname="io.jbotsim.io.format.graph6.Graph6TopologySerializerTest" time="0.0"/>
  <testcase name="checkDecodeEncodeGraphs(String)[1910]" classname="io.jbotsim.io.format.graph6.Graph6TopologySerializerTest" time="0.0"/>
  <testcase name="checkDecodeEncodeGraphs(String)[1911]" classname="io.jbotsim.io.format.graph6.Graph6TopologySerializerTest" time="0.0"/>
  <testcase name="checkDecodeEncodeGraphs(String)[1912]" classname="io.jbotsim.io.format.graph6.Graph6TopologySerializerTest" time="0.0"/>
  <testcase name="checkDecodeEncodeGraphs(String)[1913]" classname="io.jbotsim.io.format.graph6.Graph6TopologySerializerTest" time="0.0"/>
  <testcase name="checkDecodeEncodeGraphs(String)[1914]" classname="io.jbotsim.io.format.graph6.Graph6TopologySerializerTest" time="0.001"/>
  <testcase name="checkDecodeEncodeGraphs(String)[1915]" classname="io.jbotsim.io.format.graph6.Graph6TopologySerializerTest" time="0.001"/>
  <testcase name="checkDecodeEncodeGraphs(String)[1916]" classname="io.jbotsim.io.format.graph6.Graph6TopologySerializerTest" time="0.001"/>
  <testcase name="checkDecodeEncodeGraphs(String)[1917]" classname="io.jbotsim.io.format.graph6.Graph6TopologySerializerTest" time="0.0"/>
  <testcase name="checkDecodeEncodeGraphs(String)[1918]" classname="io.jbotsim.io.format.graph6.Graph6TopologySerializerTest" time="0.003"/>
  <testcase name="checkDecodeEncodeGraphs(String)[1919]" classname="io.jbotsim.io.format.graph6.Graph6TopologySerializerTest" time="0.0"/>
  <testcase name="checkDecodeEncodeGraphs(String)[1920]" classname="io.jbotsim.io.format.graph6.Graph6TopologySerializerTest" time="0.0"/>
  <testcase name="checkDecodeEncodeGraphs(String)[1921]" classname="io.jbotsim.io.format.graph6.Graph6TopologySerializerTest" time="0.0"/>
  <testcase name="checkDecodeEncodeGraphs(String)[1922]" classname="io.jbotsim.io.format.graph6.Graph6TopologySerializerTest" time="0.0"/>
  <testcase name="checkDecodeEncodeGraphs(String)[1923]" classname="io.jbotsim.io.format.graph6.Graph6TopologySerializerTest" time="0.0"/>
  <testcase name="checkDecodeEncodeGraphs(String)[1924]" classname="io.jbotsim.io.format.graph6.Graph6TopologySerializerTest" time="0.0"/>
  <testcase name="checkDecodeEncodeGraphs(String)[1925]" classname="io.jbotsim.io.format.graph6.Graph6TopologySerializerTest" time="0.0"/>
  <testcase name="checkDecodeEncodeGraphs(String)[1926]" classname="io.jbotsim.io.format.graph6.Graph6TopologySerializerTest" time="0.0"/>
  <testcase name="checkDecodeEncodeGraphs(String)[1927]" classname="io.jbotsim.io.format.graph6.Graph6TopologySerializerTest" time="0.0"/>
  <testcase name="checkDecodeEncodeGraphs(String)[1928]" classname="io.jbotsim.io.format.graph6.Graph6TopologySerializerTest" time="0.001"/>
  <testcase name="checkDecodeEncodeGraphs(String)[1929]" classname="io.jbotsim.io.format.graph6.Graph6TopologySerializerTest" time="0.0"/>
  <testcase name="checkDecodeEncodeGraphs(String)[1930]" classname="io.jbotsim.io.format.graph6.Graph6TopologySerializerTest" time="0.0"/>
  <testcase name="checkDecodeEncodeGraphs(String)[1931]" classname="io.jbotsim.io.format.graph6.Graph6TopologySerializerTest" time="0.0"/>
  <testcase name="checkDecodeEncodeGraphs(String)[1932]" classname="io.jbotsim.io.format.graph6.Graph6TopologySerializerTest" time="0.004"/>
  <testcase name="checkDecodeEncodeGraphs(String)[1933]" classname="io.jbotsim.io.format.graph6.Graph6TopologySerializerTest" time="0.0"/>
  <testcase name="checkDecodeEncodeGraphs(String)[1934]" classname="io.jbotsim.io.format.graph6.Graph6TopologySerializerTest" time="0.0"/>
  <testcase name="checkDecodeEncodeGraphs(String)[1935]" classname="io.jbotsim.io.format.graph6.Graph6TopologySerializerTest" time="0.001"/>
  <testcase name="checkDecodeEncodeGraphs(String)[1936]" classname="io.jbotsim.io.format.graph6.Graph6TopologySerializerTest" time="0.0"/>
  <testcase name="checkDecodeEncodeGraphs(String)[1937]" classname="io.jbotsim.io.format.graph6.Graph6TopologySerializerTest" time="0.0"/>
  <testcase name="checkDecodeEncodeGraphs(String)[1938]" classname="io.jbotsim.io.format.graph6.Graph6TopologySerializerTest" time="0.0"/>
  <testcase name="checkDecodeEncodeGraphs(String)[1939]" classname="io.jbotsim.io.format.graph6.Graph6TopologySerializerTest" time="0.0"/>
  <testcase name="checkDecodeEncodeGraphs(String)[1940]" classname="io.jbotsim.io.format.graph6.Graph6TopologySerializerTest" time="0.001"/>
  <testcase name="checkDecodeEncodeGraphs(String)[1941]" classname="io.jbotsim.io.format.graph6.Graph6TopologySerializerTest" time="0.0"/>
  <testcase name="checkDecodeEncodeGraphs(String)[1942]" classname="io.jbotsim.io.format.graph6.Graph6TopologySerializerTest" time="0.0"/>
  <testcase name="checkDecodeEncodeGraphs(String)[1943]" classname="io.jbotsim.io.format.graph6.Graph6TopologySerializerTest" time="0.0"/>
  <testcase name="checkDecodeEncodeGraphs(String)[1944]" classname="io.jbotsim.io.format.graph6.Graph6TopologySerializerTest" time="0.0"/>
  <testcase name="checkDecodeEncodeGraphs(String)[1945]" classname="io.jbotsim.io.format.graph6.Graph6TopologySerializerTest" time="0.001"/>
  <testcase name="checkDecodeEncodeGraphs(String)[1946]" classname="io.jbotsim.io.format.graph6.Graph6TopologySerializerTest" time="0.0"/>
  <testcase name="checkDecodeEncodeGraphs(String)[1947]" classname="io.jbotsim.io.format.graph6.Graph6TopologySerializerTest" time="0.0"/>
  <testcase name="checkDecodeEncodeGraphs(String)[1948]" classname="io.jbotsim.io.format.graph6.Graph6TopologySerializerTest" time="0.001"/>
  <testcase name="checkDecodeEncodeGraphs(String)[1949]" classname="io.jbotsim.io.format.graph6.Graph6TopologySerializerTest" time="0.0"/>
  <testcase name="checkDecodeEncodeGraphs(String)[1950]" classname="io.jbotsim.io.format.graph6.Graph6TopologySerializerTest" time="0.0"/>
  <testcase name="checkDecodeEncodeGraphs(String)[1951]" classname="io.jbotsim.io.format.graph6.Graph6TopologySerializerTest" time="0.0"/>
  <testcase name="checkDecodeEncodeGraphs(String)[1952]" classname="io.jbotsim.io.format.graph6.Graph6TopologySerializerTest" time="0.0"/>
  <testcase name="checkDecodeEncodeGraphs(String)[1953]" classname="io.jbotsim.io.format.graph6.Graph6TopologySerializerTest" time="0.001"/>
  <testcase name="checkDecodeEncodeGraphs(String)[1954]" classname="io.jbotsim.io.format.graph6.Graph6TopologySerializerTest" time="0.0"/>
  <testcase name="checkDecodeEncodeGraphs(String)[1955]" classname="io.jbotsim.io.format.graph6.Graph6TopologySerializerTest" time="0.0"/>
  <testcase name="checkDecodeEncodeGraphs(String)[1956]" classname="io.jbotsim.io.format.graph6.Graph6TopologySerializerTest" time="0.0"/>
  <testcase name="checkDecodeEncodeGraphs(String)[1957]" classname="io.jbotsim.io.format.graph6.Graph6TopologySerializerTest" time="0.0"/>
  <testcase name="checkDecodeEncodeGraphs(String)[1958]" classname="io.jbotsim.io.format.graph6.Graph6TopologySerializerTest" time="0.001"/>
  <testcase name="checkDecodeEncodeGraphs(String)[1959]" classname="io.jbotsim.io.format.graph6.Graph6TopologySerializerTest" time="0.0"/>
  <testcase name="checkDecodeEncodeGraphs(String)[1960]" classname="io.jbotsim.io.format.graph6.Graph6TopologySerializerTest" time="0.0"/>
  <testcase name="checkDecodeEncodeGraphs(String)[1961]" classname="io.jbotsim.io.format.graph6.Graph6TopologySerializerTest" time="0.003"/>
  <testcase name="checkDecodeEncodeGraphs(String)[1962]" classname="io.jbotsim.io.format.graph6.Graph6TopologySerializerTest" time="0.0"/>
  <testcase name="checkDecodeEncodeGraphs(String)[1963]" classname="io.jbotsim.io.format.graph6.Graph6TopologySerializerTest" time="0.0"/>
  <testcase name="checkDecodeEncodeGraphs(String)[1964]" classname="io.jbotsim.io.format.graph6.Graph6TopologySerializerTest" time="0.001"/>
  <testcase name="checkDecodeEncodeGraphs(String)[1965]" classname="io.jbotsim.io.format.graph6.Graph6TopologySerializerTest" time="0.0"/>
  <testcase name="checkDecodeEncodeGraphs(String)[1966]" classname="io.jbotsim.io.format.graph6.Graph6TopologySerializerTest" time="0.0"/>
  <testcase name="checkDecodeEncodeGraphs(String)[1967]" classname="io.jbotsim.io.format.graph6.Graph6TopologySerializerTest" time="0.0"/>
  <testcase name="checkDecodeEncodeGraphs(String)[1968]" classname="io.jbotsim.io.format.graph6.Graph6TopologySerializerTest" time="0.0"/>
  <testcase name="checkDecodeEncodeGraphs(String)[1969]" classname="io.jbotsim.io.format.graph6.Graph6TopologySerializerTest" time="0.001"/>
  <testcase name="checkDecodeEncodeGraphs(String)[1970]" classname="io.jbotsim.io.format.graph6.Graph6TopologySerializerTest" time="0.0"/>
  <testcase name="checkDecodeEncodeGraphs(String)[1971]" classname="io.jbotsim.io.format.graph6.Graph6TopologySerializerTest" time="0.0"/>
  <testcase name="checkDecodeEncodeGraphs(String)[1972]" classname="io.jbotsim.io.format.graph6.Graph6TopologySerializerTest" time="0.0"/>
  <testcase name="checkDecodeEncodeGraphs(String)[1973]" classname="io.jbotsim.io.format.graph6.Graph6TopologySerializerTest" time="0.001"/>
  <testcase name="checkDecodeEncodeGraphs(String)[1974]" classname="io.jbotsim.io.format.graph6.Graph6TopologySerializerTest" time="0.004"/>
  <testcase name="checkDecodeEncodeGraphs(String)[1975]" classname="io.jbotsim.io.format.graph6.Graph6TopologySerializerTest" time="0.0"/>
  <testcase name="checkDecodeEncodeGraphs(String)[1976]" classname="io.jbotsim.io.format.graph6.Graph6TopologySerializerTest" time="0.001"/>
  <testcase name="checkDecodeEncodeGraphs(String)[1977]" classname="io.jbotsim.io.format.graph6.Graph6TopologySerializerTest" time="0.0"/>
  <testcase name="checkDecodeEncodeGraphs(String)[1978]" classname="io.jbotsim.io.format.graph6.Graph6TopologySerializerTest" time="0.001"/>
  <testcase name="checkDecodeEncodeGraphs(String)[1979]" classname="io.jbotsim.io.format.graph6.Graph6TopologySerializerTest" time="0.0"/>
  <testcase name="checkDecodeEncodeGraphs(String)[1980]" classname="io.jbotsim.io.format.graph6.Graph6TopologySerializerTest" time="0.0"/>
  <testcase name="checkDecodeEncodeGraphs(String)[1981]" classname="io.jbotsim.io.format.graph6.Graph6TopologySerializerTest" time="0.0"/>
  <testcase name="checkDecodeEncodeGraphs(String)[1982]" classname="io.jbotsim.io.format.graph6.Graph6TopologySerializerTest" time="0.0"/>
  <testcase name="checkDecodeEncodeGraphs(String)[1983]" classname="io.jbotsim.io.format.graph6.Graph6TopologySerializerTest" time="0.001"/>
  <testcase name="checkDecodeEncodeGraphs(String)[1984]" classname="io.jbotsim.io.format.graph6.Graph6TopologySerializerTest" time="0.0"/>
  <testcase name="checkDecodeEncodeGraphs(String)[1985]" classname="io.jbotsim.io.format.graph6.Graph6TopologySerializerTest" time="0.0"/>
  <testcase name="checkDecodeEncodeGraphs(String)[1986]" classname="io.jbotsim.io.format.graph6.Graph6TopologySerializerTest" time="0.0"/>
  <testcase name="checkDecodeEncodeGraphs(String)[1987]" classname="io.jbotsim.io.format.graph6.Graph6TopologySerializerTest" time="0.0"/>
  <testcase name="checkDecodeEncodeGraphs(String)[1988]" classname="io.jbotsim.io.format.graph6.Graph6TopologySerializerTest" time="0.001"/>
  <testcase name="checkDecodeEncodeGraphs(String)[1989]" classname="io.jbotsim.io.format.graph6.Graph6TopologySerializerTest" time="0.0"/>
  <testcase name="checkDecodeEncodeGraphs(String)[1990]" classname="io.jbotsim.io.format.graph6.Graph6TopologySerializerTest" time="0.0"/>
  <testcase name="checkDecodeEncodeGraphs(String)[1991]" classname="io.jbotsim.io.format.graph6.Graph6TopologySerializerTest" time="0.0"/>
  <testcase name="checkDecodeEncodeGraphs(String)[1992]" classname="io.jbotsim.io.format.graph6.Graph6TopologySerializerTest" time="0.0"/>
  <testcase name="checkDecodeEncodeGraphs(String)[1993]" classname="io.jbotsim.io.format.graph6.Graph6TopologySerializerTest" time="0.001"/>
  <testcase name="checkDecodeEncodeGraphs(String)[1994]" classname="io.jbotsim.io.format.graph6.Graph6TopologySerializerTest" time="0.0"/>
  <testcase name="checkDecodeEncodeGraphs(String)[1995]" classname="io.jbotsim.io.format.graph6.Graph6TopologySerializerTest" time="0.003"/>
  <testcase name="checkDecodeEncodeGraphs(String)[1996]" classname="io.jbotsim.io.format.graph6.Graph6TopologySerializerTest" time="0.0"/>
  <testcase name="checkDecodeEncodeGraphs(String)[1997]" classname="io.jbotsim.io.format.graph6.Graph6TopologySerializerTest" time="0.0"/>
  <testcase name="checkDecodeEncodeGraphs(String)[1998]" classname="io.jbotsim.io.format.graph6.Graph6TopologySerializerTest" time="0.001"/>
  <testcase name="checkDecodeEncodeGraphs(String)[1999]" classname="io.jbotsim.io.format.graph6.Graph6TopologySerializerTest" time="0.0"/>
  <testcase name="checkDecodeEncodeGraphs(String)[2000]" classname="io.jbotsim.io.format.graph6.Graph6TopologySerializerTest" time="0.0"/>
  <testcase name="checkDecodeEncodeGraphs(String)[2001]" classname="io.jbotsim.io.format.graph6.Graph6TopologySerializerTest" time="0.001"/>
  <testcase name="checkDecodeEncodeGraphs(String)[2002]" classname="io.jbotsim.io.format.graph6.Graph6TopologySerializerTest" time="0.0"/>
  <testcase name="checkDecodeEncodeGraphs(String)[2003]" classname="io.jbotsim.io.format.graph6.Graph6TopologySerializerTest" time="0.0"/>
  <testcase name="checkDecodeEncodeGraphs(String)[2004]" classname="io.jbotsim.io.format.graph6.Graph6TopologySerializerTest" time="0.0"/>
  <testcase name="checkDecodeEncodeGraphs(String)[2005]" classname="io.jbotsim.io.format.graph6.Graph6TopologySerializerTest" time="0.0"/>
  <testcase name="checkDecodeEncodeGraphs(String)[2006]" classname="io.jbotsim.io.format.graph6.Graph6TopologySerializerTest" time="0.001"/>
  <testcase name="checkDecodeEncodeGraphs(String)[2007]" classname="io.jbotsim.io.format.graph6.Graph6TopologySerializerTest" time="0.0"/>
  <testcase name="checkDecodeEncodeGraphs(String)[2008]" classname="io.jbotsim.io.format.graph6.Graph6TopologySerializerTest" time="0.0"/>
  <testcase name="checkDecodeEncodeGraphs(String)[2009]" classname="io.jbotsim.io.format.graph6.Graph6TopologySerializerTest" time="0.0"/>
  <testcase name="checkDecodeEncodeGraphs(String)[2010]" classname="io.jbotsim.io.format.graph6.Graph6TopologySerializerTest" time="0.0"/>
  <testcase name="checkDecodeEncodeGraphs(String)[2011]" classname="io.jbotsim.io.format.graph6.Graph6TopologySerializerTest" time="0.001"/>
  <testcase name="checkDecodeEncodeGraphs(String)[2012]" classname="io.jbotsim.io.format.graph6.Graph6TopologySerializerTest" time="0.0"/>
  <testcase name="checkDecodeEncodeGraphs(String)[2013]" classname="io.jbotsim.io.format.graph6.Graph6TopologySerializerTest" time="0.0"/>
  <testcase name="checkDecodeEncodeGraphs(String)[2014]" classname="io.jbotsim.io.format.graph6.Graph6TopologySerializerTest" time="0.003"/>
  <testcase name="checkDecodeEncodeGraphs(String)[2015]" classname="io.jbotsim.io.format.graph6.Graph6TopologySerializerTest" time="0.001"/>
  <testcase name="checkDecodeEncodeGraphs(String)[2016]" classname="io.jbotsim.io.format.graph6.Graph6TopologySerializerTest" time="0.0"/>
  <testcase name="checkDecodeEncodeGraphs(String)[2017]" classname="io.jbotsim.io.format.graph6.Graph6TopologySerializerTest" time="0.0"/>
  <testcase name="checkDecodeEncodeGraphs(String)[2018]" classname="io.jbotsim.io.format.graph6.Graph6TopologySerializerTest" time="0.0"/>
  <testcase name="checkDecodeEncodeGraphs(String)[2019]" classname="io.jbotsim.io.format.graph6.Graph6TopologySerializerTest" time="0.0"/>
  <testcase name="checkDecodeEncodeGraphs(String)[2020]" classname="io.jbotsim.io.format.graph6.Graph6TopologySerializerTest" time="0.001"/>
  <testcase name="checkDecodeEncodeGraphs(String)[2021]" classname="io.jbotsim.io.format.graph6.Graph6TopologySerializerTest" time="0.0"/>
  <testcase name="checkDecodeEncodeGraphs(String)[2022]" classname="io.jbotsim.io.format.graph6.Graph6TopologySerializerTest" time="0.0"/>
  <testcase name="checkDecodeEncodeGraphs(String)[2023]" classname="io.jbotsim.io.format.graph6.Graph6TopologySerializerTest" time="0.0"/>
  <testcase name="checkDecodeEncodeGraphs(String)[2024]" classname="io.jbotsim.io.format.graph6.Graph6TopologySerializerTest" time="0.0"/>
  <testcase name="checkDecodeEncodeGraphs(String)[2025]" classname="io.jbotsim.io.format.graph6.Graph6TopologySerializerTest" time="0.001"/>
  <testcase name="checkDecodeEncodeGraphs(String)[2026]" classname="io.jbotsim.io.format.graph6.Graph6TopologySerializerTest" time="0.0"/>
  <testcase name="checkDecodeEncodeGraphs(String)[2027]" classname="io.jbotsim.io.format.graph6.Graph6TopologySerializerTest" time="0.004"/>
  <testcase name="checkDecodeEncodeGraphs(String)[2028]" classname="io.jbotsim.io.format.graph6.Graph6TopologySerializerTest" time="0.0"/>
  <testcase name="checkDecodeEncodeGraphs(String)[2029]" classname="io.jbotsim.io.format.graph6.Graph6TopologySerializerTest" time="0.0"/>
  <testcase name="checkDecodeEncodeGraphs(String)[2030]" classname="io.jbotsim.io.format.graph6.Graph6TopologySerializerTest" time="0.0"/>
  <testcase name="checkDecodeEncodeGraphs(String)[2031]" classname="io.jbotsim.io.format.graph6.Graph6TopologySerializerTest" time="0.0"/>
  <testcase name="checkDecodeEncodeGraphs(String)[2032]" classname="io.jbotsim.io.format.graph6.Graph6TopologySerializerTest" time="0.0"/>
  <testcase name="checkDecodeEncodeGraphs(String)[2033]" classname="io.jbotsim.io.format.graph6.Graph6TopologySerializerTest" time="0.0"/>
  <testcase name="checkDecodeEncodeGraphs(String)[2034]" classname="io.jbotsim.io.format.graph6.Graph6TopologySerializerTest" time="0.0"/>
  <testcase name="checkDecodeEncodeGraphs(String)[2035]" classname="io.jbotsim.io.format.graph6.Graph6TopologySerializerTest" time="0.001"/>
  <testcase name="checkDecodeEncodeGraphs(String)[2036]" classname="io.jbotsim.io.format.graph6.Graph6TopologySerializerTest" time="0.0"/>
  <testcase name="checkDecodeEncodeGraphs(String)[2037]" classname="io.jbotsim.io.format.graph6.Graph6TopologySerializerTest" time="0.0"/>
  <testcase name="checkDecodeEncodeGraphs(String)[2038]" classname="io.jbotsim.io.format.graph6.Graph6TopologySerializerTest" time="0.0"/>
  <testcase name="checkDecodeEncodeGraphs(String)[2039]" classname="io.jbotsim.io.format.graph6.Graph6TopologySerializerTest" time="0.0"/>
  <testcase name="checkDecodeEncodeGraphs(String)[2040]" classname="io.jbotsim.io.format.graph6.Graph6TopologySerializerTest" time="0.001"/>
  <testcase name="checkDecodeEncodeGraphs(String)[2041]" classname="io.jbotsim.io.format.graph6.Graph6TopologySerializerTest" time="0.0"/>
  <testcase name="checkDecodeEncodeGraphs(String)[2042]" classname="io.jbotsim.io.format.graph6.Graph6TopologySerializerTest" time="0.0"/>
  <testcase name="checkDecodeEncodeGraphs(String)[2043]" classname="io.jbotsim.io.format.graph6.Graph6TopologySerializerTest" time="0.0"/>
  <testcase name="checkDecodeEncodeGraphs(String)[2044]" classname="io.jbotsim.io.format.graph6.Graph6TopologySerializerTest" time="0.0"/>
  <testcase name="checkDecodeEncodeGraphs(String)[2045]" classname="io.jbotsim.io.format.graph6.Graph6TopologySerializerTest" time="0.001"/>
  <testcase name="checkDecodeEncodeGraphs(String)[2046]" classname="io.jbotsim.io.format.graph6.Graph6TopologySerializerTest" time="0.0"/>
  <testcase name="checkDecodeEncodeGraphs(String)[2047]" classname="io.jbotsim.io.format.graph6.Graph6TopologySerializerTest" time="0.0"/>
  <testcase name="checkDecodeEncodeGraphs(String)[2048]" classname="io.jbotsim.io.format.graph6.Graph6TopologySerializerTest" time="0.0"/>
  <testcase name="checkDecodeEncodeGraphs(String)[2049]" classname="io.jbotsim.io.format.graph6.Graph6TopologySerializerTest" time="0.0"/>
  <testcase name="checkDecodeEncodeGraphs(String)[2050]" classname="io.jbotsim.io.format.graph6.Graph6TopologySerializerTest" time="0.001"/>
  <testcase name="checkDecodeEncodeGraphs(String)[2051]" classname="io.jbotsim.io.format.graph6.Graph6TopologySerializerTest" time="0.0"/>
  <testcase name="checkDecodeEncodeGraphs(String)[2052]" classname="io.jbotsim.io.format.graph6.Graph6TopologySerializerTest" time="0.0"/>
  <testcase name="checkDecodeEncodeGraphs(String)[2053]" classname="io.jbotsim.io.format.graph6.Graph6TopologySerializerTest" time="0.0"/>
  <testcase name="checkDecodeEncodeGraphs(String)[2054]" classname="io.jbotsim.io.format.graph6.Graph6TopologySerializerTest" time="0.0"/>
  <testcase name="checkDecodeEncodeGraphs(String)[2055]" classname="io.jbotsim.io.format.graph6.Graph6TopologySerializerTest" time="0.0"/>
  <testcase name="checkDecodeEncodeGraphs(String)[2056]" classname="io.jbotsim.io.format.graph6.Graph6TopologySerializerTest" time="0.001"/>
  <testcase name="checkDecodeEncodeGraphs(String)[2057]" classname="io.jbotsim.io.format.graph6.Graph6TopologySerializerTest" time="0.0"/>
  <testcase name="checkDecodeEncodeGraphs(String)[2058]" classname="io.jbotsim.io.format.graph6.Graph6TopologySerializerTest" time="0.0"/>
  <testcase name="checkDecodeEncodeGraphs(String)[2059]" classname="io.jbotsim.io.format.graph6.Graph6TopologySerializerTest" time="0.0"/>
  <testcase name="checkDecodeEncodeGraphs(String)[2060]" classname="io.jbotsim.io.format.graph6.Graph6TopologySerializerTest" time="0.0"/>
  <testcase name="checkDecodeEncodeGraphs(String)[2061]" classname="io.jbotsim.io.format.graph6.Graph6TopologySerializerTest" time="0.0"/>
  <testcase name="checkDecodeEncodeGraphs(String)[2062]" classname="io.jbotsim.io.format.graph6.Graph6TopologySerializerTest" time="0.001"/>
  <testcase name="checkDecodeEncodeGraphs(String)[2063]" classname="io.jbotsim.io.format.graph6.Graph6TopologySerializerTest" time="0.0"/>
  <testcase name="checkDecodeEncodeGraphs(String)[2064]" classname="io.jbotsim.io.format.graph6.Graph6TopologySerializerTest" time="0.0"/>
  <testcase name="checkDecodeEncodeGraphs(String)[2065]" classname="io.jbotsim.io.format.graph6.Graph6TopologySerializerTest" time="0.0"/>
  <testcase name="checkDecodeEncodeGraphs(String)[2066]" classname="io.jbotsim.io.format.graph6.Graph6TopologySerializerTest" time="0.0"/>
  <testcase name="checkDecodeEncodeGraphs(String)[2067]" classname="io.jbotsim.io.format.graph6.Graph6TopologySerializerTest" time="0.001"/>
  <testcase name="checkDecodeEncodeGraphs(String)[2068]" classname="io.jbotsim.io.format.graph6.Graph6TopologySerializerTest" time="0.0"/>
  <testcase name="checkDecodeEncodeGraphs(String)[2069]" classname="io.jbotsim.io.format.graph6.Graph6TopologySerializerTest" time="0.0"/>
  <testcase name="checkDecodeEncodeGraphs(String)[2070]" classname="io.jbotsim.io.format.graph6.Graph6TopologySerializerTest" time="0.0"/>
  <testcase name="checkDecodeEncodeGraphs(String)[2071]" classname="io.jbotsim.io.format.graph6.Graph6TopologySerializerTest" time="0.0"/>
  <testcase name="checkDecodeEncodeGraphs(String)[2072]" classname="io.jbotsim.io.format.graph6.Graph6TopologySerializerTest" time="0.003"/>
  <testcase name="checkDecodeEncodeGraphs(String)[2073]" classname="io.jbotsim.io.format.graph6.Graph6TopologySerializerTest" time="0.0"/>
  <testcase name="checkDecodeEncodeGraphs(String)[2074]" classname="io.jbotsim.io.format.graph6.Graph6TopologySerializerTest" time="0.001"/>
  <testcase name="checkDecodeEncodeGraphs(String)[2075]" classname="io.jbotsim.io.format.graph6.Graph6TopologySerializerTest" time="0.0"/>
  <testcase name="checkDecodeEncodeGraphs(String)[2076]" classname="io.jbotsim.io.format.graph6.Graph6TopologySerializerTest" time="0.0"/>
  <testcase name="checkDecodeEncodeGraphs(String)[2077]" classname="io.jbotsim.io.format.graph6.Graph6TopologySerializerTest" time="0.0"/>
  <testcase name="checkDecodeEncodeGraphs(String)[2078]" classname="io.jbotsim.io.format.graph6.Graph6TopologySerializerTest" time="0.0"/>
  <testcase name="checkDecodeEncodeGraphs(String)[2079]" classname="io.jbotsim.io.format.graph6.Graph6TopologySerializerTest" time="0.0"/>
  <testcase name="checkDecodeEncodeGraphs(String)[2080]" classname="io.jbotsim.io.format.graph6.Graph6TopologySerializerTest" time="0.0"/>
  <testcase name="checkDecodeEncodeGraphs(String)[2081]" classname="io.jbotsim.io.format.graph6.Graph6TopologySerializerTest" time="0.0"/>
  <testcase name="checkDecodeEncodeGraphs(String)[2082]" classname="io.jbotsim.io.format.graph6.Graph6TopologySerializerTest" time="0.001"/>
  <testcase name="checkDecodeEncodeGraphs(String)[2083]" classname="io.jbotsim.io.format.graph6.Graph6TopologySerializerTest" time="0.0"/>
  <testcase name="checkDecodeEncodeGraphs(String)[2084]" classname="io.jbotsim.io.format.graph6.Graph6TopologySerializerTest" time="0.0"/>
  <testcase name="checkDecodeEncodeGraphs(String)[2085]" classname="io.jbotsim.io.format.graph6.Graph6TopologySerializerTest" time="0.0"/>
  <testcase name="checkDecodeEncodeGraphs(String)[2086]" classname="io.jbotsim.io.format.graph6.Graph6TopologySerializerTest" time="0.0"/>
  <testcase name="checkDecodeEncodeGraphs(String)[2087]" classname="io.jbotsim.io.format.graph6.Graph6TopologySerializerTest" time="0.001"/>
  <testcase name="checkDecodeEncodeGraphs(String)[2088]" classname="io.jbotsim.io.format.graph6.Graph6TopologySerializerTest" time="0.0"/>
  <testcase name="checkDecodeEncodeGraphs(String)[2089]" classname="io.jbotsim.io.format.graph6.Graph6TopologySerializerTest" time="0.001"/>
  <testcase name="checkDecodeEncodeGraphs(String)[2090]" classname="io.jbotsim.io.format.graph6.Graph6TopologySerializerTest" time="0.001"/>
  <testcase name="checkDecodeEncodeGraphs(String)[2091]" classname="io.jbotsim.io.format.graph6.Graph6TopologySerializerTest" time="0.0"/>
  <testcase name="checkDecodeEncodeGraphs(String)[2092]" classname="io.jbotsim.io.format.graph6.Graph6TopologySerializerTest" time="0.001"/>
  <testcase name="checkDecodeEncodeGraphs(String)[2093]" classname="io.jbotsim.io.format.graph6.Graph6TopologySerializerTest" time="0.0"/>
  <testcase name="checkDecodeEncodeGraphs(String)[2094]" classname="io.jbotsim.io.format.graph6.Graph6TopologySerializerTest" time="0.0"/>
  <testcase name="checkDecodeEncodeGraphs(String)[2095]" classname="io.jbotsim.io.format.graph6.Graph6TopologySerializerTest" time="0.0"/>
  <testcase name="checkDecodeEncodeGraphs(String)[2096]" classname="io.jbotsim.io.format.graph6.Graph6TopologySerializerTest" time="0.0"/>
  <testcase name="checkDecodeEncodeGraphs(String)[2097]" classname="io.jbotsim.io.format.graph6.Graph6TopologySerializerTest" time="0.0"/>
  <testcase name="checkDecodeEncodeGraphs(String)[2098]" classname="io.jbotsim.io.format.graph6.Graph6TopologySerializerTest" time="0.0"/>
  <testcase name="checkDecodeEncodeGraphs(String)[2099]" classname="io.jbotsim.io.format.graph6.Graph6TopologySerializerTest" time="0.0"/>
  <testcase name="checkDecodeEncodeGraphs(String)[2100]" classname="io.jbotsim.io.format.graph6.Graph6TopologySerializerTest" time="0.0"/>
  <testcase name="checkDecodeEncodeGraphs(String)[2101]" classname="io.jbotsim.io.format.graph6.Graph6TopologySerializerTest" time="0.0"/>
  <testcase name="checkDecodeEncodeGraphs(String)[2102]" classname="io.jbotsim.io.format.graph6.Graph6TopologySerializerTest" time="0.0"/>
  <testcase name="checkDecodeEncodeGraphs(String)[2103]" classname="io.jbotsim.io.format.graph6.Graph6TopologySerializerTest" time="0.003"/>
  <testcase name="checkDecodeEncodeGraphs(String)[2104]" classname="io.jbotsim.io.format.graph6.Graph6TopologySerializerTest" time="0.0"/>
  <testcase name="checkDecodeEncodeGraphs(String)[2105]" classname="io.jbotsim.io.format.graph6.Graph6TopologySerializerTest" time="0.0"/>
  <testcase name="checkDecodeEncodeGraphs(String)[2106]" classname="io.jbotsim.io.format.graph6.Graph6TopologySerializerTest" time="0.0"/>
  <testcase name="checkDecodeEncodeGraphs(String)[2107]" classname="io.jbotsim.io.format.graph6.Graph6TopologySerializerTest" time="0.0"/>
  <testcase name="checkDecodeEncodeGraphs(String)[2108]" classname="io.jbotsim.io.format.graph6.Graph6TopologySerializerTest" time="0.0"/>
  <testcase name="checkDecodeEncodeGraphs(String)[2109]" classname="io.jbotsim.io.format.graph6.Graph6TopologySerializerTest" time="0.0"/>
  <testcase name="checkDecodeEncodeGraphs(String)[2110]" classname="io.jbotsim.io.format.graph6.Graph6TopologySerializerTest" time="0.0"/>
  <testcase name="checkDecodeEncodeGraphs(String)[2111]" classname="io.jbotsim.io.format.graph6.Graph6TopologySerializerTest" time="0.0"/>
  <testcase name="checkDecodeEncodeGraphs(String)[2112]" classname="io.jbotsim.io.format.graph6.Graph6TopologySerializerTest" time="0.0"/>
  <testcase name="checkDecodeEncodeGraphs(String)[2113]" classname="io.jbotsim.io.format.graph6.Graph6TopologySerializerTest" time="0.0"/>
  <testcase name="checkDecodeEncodeGraphs(String)[2114]" classname="io.jbotsim.io.format.graph6.Graph6TopologySerializerTest" time="0.001"/>
  <testcase name="checkDecodeEncodeGraphs(String)[2115]" classname="io.jbotsim.io.format.graph6.Graph6TopologySerializerTest" time="0.0"/>
  <testcase name="checkDecodeEncodeGraphs(String)[2116]" classname="io.jbotsim.io.format.graph6.Graph6TopologySerializerTest" time="0.0"/>
  <testcase name="checkDecodeEncodeGraphs(String)[2117]" classname="io.jbotsim.io.format.graph6.Graph6TopologySerializerTest" time="0.003"/>
  <testcase name="checkDecodeEncodeGraphs(String)[2118]" classname="io.jbotsim.io.format.graph6.Graph6TopologySerializerTest" time="0.0"/>
  <testcase name="checkDecodeEncodeGraphs(String)[2119]" classname="io.jbotsim.io.format.graph6.Graph6TopologySerializerTest" time="0.0"/>
  <testcase name="checkDecodeEncodeGraphs(String)[2120]" classname="io.jbotsim.io.format.graph6.Graph6TopologySerializerTest" time="0.0"/>
  <testcase name="checkDecodeEncodeGraphs(String)[2121]" classname="io.jbotsim.io.format.graph6.Graph6TopologySerializerTest" time="0.001"/>
  <testcase name="checkDecodeEncodeGraphs(String)[2122]" classname="io.jbotsim.io.format.graph6.Graph6TopologySerializerTest" time="0.0"/>
  <testcase name="checkDecodeEncodeGraphs(String)[2123]" classname="io.jbotsim.io.format.graph6.Graph6TopologySerializerTest" time="0.0"/>
  <testcase name="checkDecodeEncodeGraphs(String)[2124]" classname="io.jbotsim.io.format.graph6.Graph6TopologySerializerTest" time="0.001"/>
  <testcase name="checkDecodeEncodeGraphs(String)[2125]" classname="io.jbotsim.io.format.graph6.Graph6TopologySerializerTest" time="0.0"/>
  <testcase name="checkDecodeEncodeGraphs(String)[2126]" classname="io.jbotsim.io.format.graph6.Graph6TopologySerializerTest" time="0.001"/>
  <testcase name="checkDecodeEncodeGraphs(String)[2127]" classname="io.jbotsim.io.format.graph6.Graph6TopologySerializerTest" time="0.0"/>
  <testcase name="checkDecodeEncodeGraphs(String)[2128]" classname="io.jbotsim.io.format.graph6.Graph6TopologySerializerTest" time="0.001"/>
  <testcase name="checkDecodeEncodeGraphs(String)[2129]" classname="io.jbotsim.io.format.graph6.Graph6TopologySerializerTest" time="0.0"/>
  <testcase name="checkDecodeEncodeGraphs(String)[2130]" classname="io.jbotsim.io.format.graph6.Graph6TopologySerializerTest" time="0.003"/>
  <testcase name="checkDecodeEncodeGraphs(String)[2131]" classname="io.jbotsim.io.format.graph6.Graph6TopologySerializerTest" time="0.0"/>
  <testcase name="checkDecodeEncodeGraphs(String)[2132]" classname="io.jbotsim.io.format.graph6.Graph6TopologySerializerTest" time="0.001"/>
  <testcase name="checkDecodeEncodeGraphs(String)[2133]" classname="io.jbotsim.io.format.graph6.Graph6TopologySerializerTest" time="0.0"/>
  <testcase name="checkDecodeEncodeGraphs(String)[2134]" classname="io.jbotsim.io.format.graph6.Graph6TopologySerializerTest" time="0.0"/>
  <testcase name="checkDecodeEncodeGraphs(String)[2135]" classname="io.jbotsim.io.format.graph6.Graph6TopologySerializerTest" time="0.0"/>
  <testcase name="checkDecodeEncodeGraphs(String)[2136]" classname="io.jbotsim.io.format.graph6.Graph6TopologySerializerTest" time="0.0"/>
  <testcase name="checkDecodeEncodeGraphs(String)[2137]" classname="io.jbotsim.io.format.graph6.Graph6TopologySerializerTest" time="0.0"/>
  <testcase name="checkDecodeEncodeGraphs(String)[2138]" classname="io.jbotsim.io.format.graph6.Graph6TopologySerializerTest" time="0.0"/>
  <testcase name="checkDecodeEncodeGraphs(String)[2139]" classname="io.jbotsim.io.format.graph6.Graph6TopologySerializerTest" time="0.0"/>
  <testcase name="checkDecodeEncodeGraphs(String)[2140]" classname="io.jbotsim.io.format.graph6.Graph6TopologySerializerTest" time="0.001"/>
  <testcase name="checkDecodeEncodeGraphs(String)[2141]" classname="io.jbotsim.io.format.graph6.Graph6TopologySerializerTest" time="0.001"/>
  <testcase name="checkDecodeEncodeGraphs(String)[2142]" classname="io.jbotsim.io.format.graph6.Graph6TopologySerializerTest" time="0.0"/>
  <testcase name="checkDecodeEncodeGraphs(String)[2143]" classname="io.jbotsim.io.format.graph6.Graph6TopologySerializerTest" time="0.001"/>
  <testcase name="checkDecodeEncodeGraphs(String)[2144]" classname="io.jbotsim.io.format.graph6.Graph6TopologySerializerTest" time="0.0"/>
  <testcase name="checkDecodeEncodeGraphs(String)[2145]" classname="io.jbotsim.io.format.graph6.Graph6TopologySerializerTest" time="0.0"/>
  <testcase name="checkDecodeEncodeGraphs(String)[2146]" classname="io.jbotsim.io.format.graph6.Graph6TopologySerializerTest" time="0.0"/>
  <testcase name="checkDecodeEncodeGraphs(String)[2147]" classname="io.jbotsim.io.format.graph6.Graph6TopologySerializerTest" time="0.001"/>
  <testcase name="checkDecodeEncodeGraphs(String)[2148]" classname="io.jbotsim.io.format.graph6.Graph6TopologySerializerTest" time="0.0"/>
  <testcase name="checkDecodeEncodeGraphs(String)[2149]" classname="io.jbotsim.io.format.graph6.Graph6TopologySerializerTest" time="0.0"/>
  <testcase name="checkDecodeEncodeGraphs(String)[2150]" classname="io.jbotsim.io.format.graph6.Graph6TopologySerializerTest" time="0.0"/>
  <testcase name="checkDecodeEncodeGraphs(String)[2151]" classname="io.jbotsim.io.format.graph6.Graph6TopologySerializerTest" time="0.003"/>
  <testcase name="checkDecodeEncodeGraphs(String)[2152]" classname="io.jbotsim.io.format.graph6.Graph6TopologySerializerTest" time="0.0"/>
  <testcase name="checkDecodeEncodeGraphs(String)[2153]" classname="io.jbotsim.io.format.graph6.Graph6TopologySerializerTest" time="0.001"/>
  <testcase name="checkDecodeEncodeGraphs(String)[2154]" classname="io.jbotsim.io.format.graph6.Graph6TopologySerializerTest" time="0.0"/>
  <testcase name="checkDecodeEncodeGraphs(String)[2155]" classname="io.jbotsim.io.format.graph6.Graph6TopologySerializerTest" time="0.0"/>
  <testcase name="checkDecodeEncodeGraphs(String)[2156]" classname="io.jbotsim.io.format.graph6.Graph6TopologySerializerTest" time="0.0"/>
  <testcase name="checkDecodeEncodeGraphs(String)[2157]" classname="io.jbotsim.io.format.graph6.Graph6TopologySerializerTest" time="0.0"/>
  <testcase name="checkDecodeEncodeGraphs(String)[2158]" classname="io.jbotsim.io.format.graph6.Graph6TopologySerializerTest" time="0.001"/>
  <testcase name="checkDecodeEncodeGraphs(String)[2159]" classname="io.jbotsim.io.format.graph6.Graph6TopologySerializerTest" time="0.0"/>
  <testcase name="checkDecodeEncodeGraphs(String)[2160]" classname="io.jbotsim.io.format.graph6.Graph6TopologySerializerTest" time="0.004"/>
  <testcase name="checkDecodeEncodeGraphs(String)[2161]" classname="io.jbotsim.io.format.graph6.Graph6TopologySerializerTest" time="0.0"/>
  <testcase name="checkDecodeEncodeGraphs(String)[2162]" classname="io.jbotsim.io.format.graph6.Graph6TopologySerializerTest" time="0.0"/>
  <testcase name="checkDecodeEncodeGraphs(String)[2163]" classname="io.jbotsim.io.format.graph6.Graph6TopologySerializerTest" time="0.0"/>
  <testcase name="checkDecodeEncodeGraphs(String)[2164]" classname="io.jbotsim.io.format.graph6.Graph6TopologySerializerTest" time="0.0"/>
  <testcase name="checkDecodeEncodeGraphs(String)[2165]" classname="io.jbotsim.io.format.graph6.Graph6TopologySerializerTest" time="0.001"/>
  <testcase name="checkDecodeEncodeGraphs(String)[2166]" classname="io.jbotsim.io.format.graph6.Graph6TopologySerializerTest" time="0.0"/>
  <testcase name="checkDecodeEncodeGraphs(String)[2167]" classname="io.jbotsim.io.format.graph6.Graph6TopologySerializerTest" time="0.001"/>
  <testcase name="checkDecodeEncodeGraphs(String)[2168]" classname="io.jbotsim.io.format.graph6.Graph6TopologySerializerTest" time="0.0"/>
  <testcase name="checkDecodeEncodeGraphs(String)[2169]" classname="io.jbotsim.io.format.graph6.Graph6TopologySerializerTest" time="0.0"/>
  <testcase name="checkDecodeEncodeGraphs(String)[2170]" classname="io.jbotsim.io.format.graph6.Graph6TopologySerializerTest" time="0.0"/>
  <testcase name="checkDecodeEncodeGraphs(String)[2171]" classname="io.jbotsim.io.format.graph6.Graph6TopologySerializerTest" time="0.0"/>
  <testcase name="checkDecodeEncodeGraphs(String)[2172]" classname="io.jbotsim.io.format.graph6.Graph6TopologySerializerTest" time="0.0"/>
  <testcase name="checkDecodeEncodeGraphs(String)[2173]" classname="io.jbotsim.io.format.graph6.Graph6TopologySerializerTest" time="0.003"/>
  <testcase name="checkDecodeEncodeGraphs(String)[2174]" classname="io.jbotsim.io.format.graph6.Graph6TopologySerializerTest" time="0.0"/>
  <testcase name="checkDecodeEncodeGraphs(String)[2175]" classname="io.jbotsim.io.format.graph6.Graph6TopologySerializerTest" time="0.0"/>
  <testcase name="checkDecodeEncodeGraphs(String)[2176]" classname="io.jbotsim.io.format.graph6.Graph6TopologySerializerTest" time="0.0"/>
  <testcase name="checkDecodeEncodeGraphs(String)[2177]" classname="io.jbotsim.io.format.graph6.Graph6TopologySerializerTest" time="0.0"/>
  <testcase name="checkDecodeEncodeGraphs(String)[2178]" classname="io.jbotsim.io.format.graph6.Graph6TopologySerializerTest" time="0.001"/>
  <testcase name="checkDecodeEncodeGraphs(String)[2179]" classname="io.jbotsim.io.format.graph6.Graph6TopologySerializerTest" time="0.0"/>
  <testcase name="checkDecodeEncodeGraphs(String)[2180]" classname="io.jbotsim.io.format.graph6.Graph6TopologySerializerTest" time="0.001"/>
  <testcase name="checkDecodeEncodeGraphs(String)[2181]" classname="io.jbotsim.io.format.graph6.Graph6TopologySerializerTest" time="0.0"/>
  <testcase name="checkDecodeEncodeGraphs(String)[2182]" classname="io.jbotsim.io.format.graph6.Graph6TopologySerializerTest" time="0.0"/>
  <testcase name="checkDecodeEncodeGraphs(String)[2183]" classname="io.jbotsim.io.format.graph6.Graph6TopologySerializerTest" time="0.0"/>
  <testcase name="checkDecodeEncodeGraphs(String)[2184]" classname="io.jbotsim.io.format.graph6.Graph6TopologySerializerTest" time="0.003"/>
  <testcase name="checkDecodeEncodeGraphs(String)[2185]" classname="io.jbotsim.io.format.graph6.Graph6TopologySerializerTest" time="0.0"/>
  <testcase name="checkDecodeEncodeGraphs(String)[2186]" classname="io.jbotsim.io.format.graph6.Graph6TopologySerializerTest" time="0.0"/>
  <testcase name="checkDecodeEncodeGraphs(String)[2187]" classname="io.jbotsim.io.format.graph6.Graph6TopologySerializerTest" time="0.001"/>
  <testcase name="checkDecodeEncodeGraphs(String)[2188]" classname="io.jbotsim.io.format.graph6.Graph6TopologySerializerTest" time="0.0"/>
  <testcase name="checkDecodeEncodeGraphs(String)[2189]" classname="io.jbotsim.io.format.graph6.Graph6TopologySerializerTest" time="0.0"/>
  <testcase name="checkDecodeEncodeGraphs(String)[2190]" classname="io.jbotsim.io.format.graph6.Graph6TopologySerializerTest" time="0.0"/>
  <testcase name="checkDecodeEncodeGraphs(String)[2191]" classname="io.jbotsim.io.format.graph6.Graph6TopologySerializerTest" time="0.0"/>
  <testcase name="checkDecodeEncodeGraphs(String)[2192]" classname="io.jbotsim.io.format.graph6.Graph6TopologySerializerTest" time="0.0"/>
  <testcase name="checkDecodeEncodeGraphs(String)[2193]" classname="io.jbotsim.io.format.graph6.Graph6TopologySerializerTest" time="0.0"/>
  <testcase name="checkDecodeEncodeGraphs(String)[2194]" classname="io.jbotsim.io.format.graph6.Graph6TopologySerializerTest" time="0.0"/>
  <testcase name="checkDecodeEncodeGraphs(String)[2195]" classname="io.jbotsim.io.format.graph6.Graph6TopologySerializerTest" time="0.001"/>
  <testcase name="checkDecodeEncodeGraphs(String)[2196]" classname="io.jbotsim.io.format.graph6.Graph6TopologySerializerTest" time="0.001"/>
  <testcase name="checkDecodeEncodeGraphs(String)[2197]" classname="io.jbotsim.io.format.graph6.Graph6TopologySerializerTest" time="0.0"/>
  <testcase name="checkDecodeEncodeGraphs(String)[2198]" classname="io.jbotsim.io.format.graph6.Graph6TopologySerializerTest" time="0.0"/>
  <testcase name="checkDecodeEncodeGraphs(String)[2199]" classname="io.jbotsim.io.format.graph6.Graph6TopologySerializerTest" time="0.001"/>
  <testcase name="checkDecodeEncodeGraphs(String)[2200]" classname="io.jbotsim.io.format.graph6.Graph6TopologySerializerTest" time="0.0"/>
  <testcase name="checkDecodeEncodeGraphs(String)[2201]" classname="io.jbotsim.io.format.graph6.Graph6TopologySerializerTest" time="0.001"/>
  <testcase name="checkDecodeEncodeGraphs(String)[2202]" classname="io.jbotsim.io.format.graph6.Graph6TopologySerializerTest" time="0.0"/>
  <testcase name="checkDecodeEncodeGraphs(String)[2203]" classname="io.jbotsim.io.format.graph6.Graph6TopologySerializerTest" time="0.001"/>
  <testcase name="checkDecodeEncodeGraphs(String)[2204]" classname="io.jbotsim.io.format.graph6.Graph6TopologySerializerTest" time="0.0"/>
  <testcase name="checkDecodeEncodeGraphs(String)[2205]" classname="io.jbotsim.io.format.graph6.Graph6TopologySerializerTest" time="0.001"/>
  <testcase name="checkDecodeEncodeGraphs(String)[2206]" classname="io.jbotsim.io.format.graph6.Graph6TopologySerializerTest" time="0.0"/>
  <testcase name="checkDecodeEncodeGraphs(String)[2207]" classname="io.jbotsim.io.format.graph6.Graph6TopologySerializerTest" time="0.002"/>
  <testcase name="checkDecodeEncodeGraphs(String)[2208]" classname="io.jbotsim.io.format.graph6.Graph6TopologySerializerTest" time="0.0"/>
  <testcase name="checkDecodeEncodeGraphs(String)[2209]" classname="io.jbotsim.io.format.graph6.Graph6TopologySerializerTest" time="0.0"/>
  <testcase name="checkDecodeEncodeGraphs(String)[2210]" classname="io.jbotsim.io.format.graph6.Graph6TopologySerializerTest" time="0.0"/>
  <testcase name="checkDecodeEncodeGraphs(String)[2211]" classname="io.jbotsim.io.format.graph6.Graph6TopologySerializerTest" time="0.0"/>
  <testcase name="checkDecodeEncodeGraphs(String)[2212]" classname="io.jbotsim.io.format.graph6.Graph6TopologySerializerTest" time="0.0"/>
  <testcase name="checkDecodeEncodeGraphs(String)[2213]" classname="io.jbotsim.io.format.graph6.Graph6TopologySerializerTest" time="0.001"/>
  <testcase name="checkDecodeEncodeGraphs(String)[2214]" classname="io.jbotsim.io.format.graph6.Graph6TopologySerializerTest" time="0.001"/>
  <testcase name="checkDecodeEncodeGraphs(String)[2215]" classname="io.jbotsim.io.format.graph6.Graph6TopologySerializerTest" time="0.0"/>
  <testcase name="checkDecodeEncodeGraphs(String)[2216]" classname="io.jbotsim.io.format.graph6.Graph6TopologySerializerTest" time="0.0"/>
  <testcase name="checkDecodeEncodeGraphs(String)[2217]" classname="io.jbotsim.io.format.graph6.Graph6TopologySerializerTest" time="0.001"/>
  <testcase name="checkDecodeEncodeGraphs(String)[2218]" classname="io.jbotsim.io.format.graph6.Graph6TopologySerializerTest" time="0.0"/>
  <testcase name="checkDecodeEncodeGraphs(String)[2219]" classname="io.jbotsim.io.format.graph6.Graph6TopologySerializerTest" time="0.001"/>
  <testcase name="checkDecodeEncodeGraphs(String)[2220]" classname="io.jbotsim.io.format.graph6.Graph6TopologySerializerTest" time="0.0"/>
  <testcase name="checkDecodeEncodeGraphs(String)[2221]" classname="io.jbotsim.io.format.graph6.Graph6TopologySerializerTest" time="0.001"/>
  <testcase name="checkDecodeEncodeGraphs(String)[2222]" classname="io.jbotsim.io.format.graph6.Graph6TopologySerializerTest" time="0.001"/>
  <testcase name="checkDecodeEncodeGraphs(String)[2223]" classname="io.jbotsim.io.format.graph6.Graph6TopologySerializerTest" time="0.0"/>
  <testcase name="checkDecodeEncodeGraphs(String)[2224]" classname="io.jbotsim.io.format.graph6.Graph6TopologySerializerTest" time="0.0"/>
  <testcase name="checkDecodeEncodeGraphs(String)[2225]" classname="io.jbotsim.io.format.graph6.Graph6TopologySerializerTest" time="0.0"/>
  <testcase name="checkDecodeEncodeGraphs(String)[2226]" classname="io.jbotsim.io.format.graph6.Graph6TopologySerializerTest" time="0.0"/>
  <testcase name="checkDecodeEncodeGraphs(String)[2227]" classname="io.jbotsim.io.format.graph6.Graph6TopologySerializerTest" time="0.001"/>
  <testcase name="checkDecodeEncodeGraphs(String)[2228]" classname="io.jbotsim.io.format.graph6.Graph6TopologySerializerTest" time="0.0"/>
  <testcase name="checkDecodeEncodeGraphs(String)[2229]" classname="io.jbotsim.io.format.graph6.Graph6TopologySerializerTest" time="0.0"/>
  <testcase name="checkDecodeEncodeGraphs(String)[2230]" classname="io.jbotsim.io.format.graph6.Graph6TopologySerializerTest" time="0.0"/>
  <testcase name="checkDecodeEncodeGraphs(String)[2231]" classname="io.jbotsim.io.format.graph6.Graph6TopologySerializerTest" time="0.0"/>
  <testcase name="checkDecodeEncodeGraphs(String)[2232]" classname="io.jbotsim.io.format.graph6.Graph6TopologySerializerTest" time="0.002"/>
  <testcase name="checkDecodeEncodeGraphs(String)[2233]" classname="io.jbotsim.io.format.graph6.Graph6TopologySerializerTest" time="0.0"/>
  <testcase name="checkDecodeEncodeGraphs(String)[2234]" classname="io.jbotsim.io.format.graph6.Graph6TopologySerializerTest" time="0.0"/>
  <testcase name="checkDecodeEncodeGraphs(String)[2235]" classname="io.jbotsim.io.format.graph6.Graph6TopologySerializerTest" time="0.0"/>
  <testcase name="checkDecodeEncodeGraphs(String)[2236]" classname="io.jbotsim.io.format.graph6.Graph6TopologySerializerTest" time="0.0"/>
  <testcase name="checkDecodeEncodeGraphs(String)[2237]" classname="io.jbotsim.io.format.graph6.Graph6TopologySerializerTest" time="0.001"/>
  <testcase name="checkDecodeEncodeGraphs(String)[2238]" classname="io.jbotsim.io.format.graph6.Graph6TopologySerializerTest" time="0.004"/>
  <testcase name="checkDecodeEncodeGraphs(String)[2239]" classname="io.jbotsim.io.format.graph6.Graph6TopologySerializerTest" time="0.0"/>
  <testcase name="checkDecodeEncodeGraphs(String)[2240]" classname="io.jbotsim.io.format.graph6.Graph6TopologySerializerTest" time="0.0"/>
  <testcase name="checkDecodeEncodeGraphs(String)[2241]" classname="io.jbotsim.io.format.graph6.Graph6TopologySerializerTest" time="0.0"/>
  <testcase name="checkDecodeEncodeGraphs(String)[2242]" classname="io.jbotsim.io.format.graph6.Graph6TopologySerializerTest" time="0.0"/>
  <testcase name="checkDecodeEncodeGraphs(String)[2243]" classname="io.jbotsim.io.format.graph6.Graph6TopologySerializerTest" time="0.0"/>
  <testcase name="checkDecodeEncodeGraphs(String)[2244]" classname="io.jbotsim.io.format.graph6.Graph6TopologySerializerTest" time="0.0"/>
  <testcase name="checkDecodeEncodeGraphs(String)[2245]" classname="io.jbotsim.io.format.graph6.Graph6TopologySerializerTest" time="0.001"/>
  <testcase name="checkDecodeEncodeGraphs(String)[2246]" classname="io.jbotsim.io.format.graph6.Graph6TopologySerializerTest" time="0.0"/>
  <testcase name="checkDecodeEncodeGraphs(String)[2247]" classname="io.jbotsim.io.format.graph6.Graph6TopologySerializerTest" time="0.001"/>
  <testcase name="checkDecodeEncodeGraphs(String)[2248]" classname="io.jbotsim.io.format.graph6.Graph6TopologySerializerTest" time="0.0"/>
  <testcase name="checkDecodeEncodeGraphs(String)[2249]" classname="io.jbotsim.io.format.graph6.Graph6TopologySerializerTest" time="0.0"/>
  <testcase name="checkDecodeEncodeGraphs(String)[2250]" classname="io.jbotsim.io.format.graph6.Graph6TopologySerializerTest" time="0.001"/>
  <testcase name="checkDecodeEncodeGraphs(String)[2251]" classname="io.jbotsim.io.format.graph6.Graph6TopologySerializerTest" time="0.0"/>
  <testcase name="checkDecodeEncodeGraphs(String)[2252]" classname="io.jbotsim.io.format.graph6.Graph6TopologySerializerTest" time="0.002"/>
  <testcase name="checkDecodeEncodeGraphs(String)[2253]" classname="io.jbotsim.io.format.graph6.Graph6TopologySerializerTest" time="0.001"/>
  <testcase name="checkDecodeEncodeGraphs(String)[2254]" classname="io.jbotsim.io.format.graph6.Graph6TopologySerializerTest" time="0.0"/>
  <testcase name="checkDecodeEncodeGraphs(String)[2255]" classname="io.jbotsim.io.format.graph6.Graph6TopologySerializerTest" time="0.001"/>
  <testcase name="checkDecodeEncodeGraphs(String)[2256]" classname="io.jbotsim.io.format.graph6.Graph6TopologySerializerTest" time="0.001"/>
  <testcase name="checkDecodeEncodeGraphs(String)[2257]" classname="io.jbotsim.io.format.graph6.Graph6TopologySerializerTest" time="0.002"/>
  <testcase name="checkDecodeEncodeGraphs(String)[2258]" classname="io.jbotsim.io.format.graph6.Graph6TopologySerializerTest" time="0.0"/>
  <testcase name="checkDecodeEncodeGraphs(String)[2259]" classname="io.jbotsim.io.format.graph6.Graph6TopologySerializerTest" time="0.001"/>
  <testcase name="checkDecodeEncodeGraphs(String)[2260]" classname="io.jbotsim.io.format.graph6.Graph6TopologySerializerTest" time="0.001"/>
  <testcase name="checkDecodeEncodeGraphs(String)[2261]" classname="io.jbotsim.io.format.graph6.Graph6TopologySerializerTest" time="0.001"/>
  <testcase name="checkDecodeEncodeGraphs(String)[2262]" classname="io.jbotsim.io.format.graph6.Graph6TopologySerializerTest" time="0.0"/>
  <testcase name="checkDecodeEncodeGraphs(String)[2263]" classname="io.jbotsim.io.format.graph6.Graph6TopologySerializerTest" time="0.001"/>
  <testcase name="checkDecodeEncodeGraphs(String)[2264]" classname="io.jbotsim.io.format.graph6.Graph6TopologySerializerTest" time="0.0"/>
  <testcase name="checkDecodeEncodeGraphs(String)[2265]" classname="io.jbotsim.io.format.graph6.Graph6TopologySerializerTest" time="0.001"/>
  <testcase name="checkDecodeEncodeGraphs(String)[2266]" classname="io.jbotsim.io.format.graph6.Graph6TopologySerializerTest" time="0.0"/>
  <testcase name="checkDecodeEncodeGraphs(String)[2267]" classname="io.jbotsim.io.format.graph6.Graph6TopologySerializerTest" time="0.0"/>
  <testcase name="checkDecodeEncodeGraphs(String)[2268]" classname="io.jbotsim.io.format.graph6.Graph6TopologySerializerTest" time="0.001"/>
  <testcase name="checkDecodeEncodeGraphs(String)[2269]" classname="io.jbotsim.io.format.graph6.Graph6TopologySerializerTest" time="0.0"/>
  <testcase name="checkDecodeEncodeGraphs(String)[2270]" classname="io.jbotsim.io.format.graph6.Graph6TopologySerializerTest" time="0.001"/>
  <testcase name="checkDecodeEncodeGraphs(String)[2271]" classname="io.jbotsim.io.format.graph6.Graph6TopologySerializerTest" time="0.0"/>
  <testcase name="checkDecodeEncodeGraphs(String)[2272]" classname="io.jbotsim.io.format.graph6.Graph6TopologySerializerTest" time="0.001"/>
  <testcase name="checkDecodeEncodeGraphs(String)[2273]" classname="io.jbotsim.io.format.graph6.Graph6TopologySerializerTest" time="0.0"/>
  <testcase name="checkDecodeEncodeGraphs(String)[2274]" classname="io.jbotsim.io.format.graph6.Graph6TopologySerializerTest" time="0.001"/>
  <testcase name="checkDecodeEncodeGraphs(String)[2275]" classname="io.jbotsim.io.format.graph6.Graph6TopologySerializerTest" time="0.0"/>
  <testcase name="checkDecodeEncodeGraphs(String)[2276]" classname="io.jbotsim.io.format.graph6.Graph6TopologySerializerTest" time="0.0"/>
  <testcase name="checkDecodeEncodeGraphs(String)[2277]" classname="io.jbotsim.io.format.graph6.Graph6TopologySerializerTest" time="0.0"/>
  <testcase name="checkDecodeEncodeGraphs(String)[2278]" classname="io.jbotsim.io.format.graph6.Graph6TopologySerializerTest" time="0.0"/>
  <testcase name="checkDecodeEncodeGraphs(String)[2279]" classname="io.jbotsim.io.format.graph6.Graph6TopologySerializerTest" time="0.0"/>
  <testcase name="checkDecodeEncodeGraphs(String)[2280]" classname="io.jbotsim.io.format.graph6.Graph6TopologySerializerTest" time="0.003"/>
  <testcase name="checkDecodeEncodeGraphs(String)[2281]" classname="io.jbotsim.io.format.graph6.Graph6TopologySerializerTest" time="0.0"/>
  <testcase name="checkDecodeEncodeGraphs(String)[2282]" classname="io.jbotsim.io.format.graph6.Graph6TopologySerializerTest" time="0.0"/>
  <testcase name="checkDecodeEncodeGraphs(String)[2283]" classname="io.jbotsim.io.format.graph6.Graph6TopologySerializerTest" time="0.0"/>
  <testcase name="checkDecodeEncodeGraphs(String)[2284]" classname="io.jbotsim.io.format.graph6.Graph6TopologySerializerTest" time="0.001"/>
  <testcase name="checkDecodeEncodeGraphs(String)[2285]" classname="io.jbotsim.io.format.graph6.Graph6TopologySerializerTest" time="0.0"/>
  <testcase name="checkDecodeEncodeGraphs(String)[2286]" classname="io.jbotsim.io.format.graph6.Graph6TopologySerializerTest" time="0.0"/>
  <testcase name="checkDecodeEncodeGraphs(String)[2287]" classname="io.jbotsim.io.format.graph6.Graph6TopologySerializerTest" time="0.0"/>
  <testcase name="checkDecodeEncodeGraphs(String)[2288]" classname="io.jbotsim.io.format.graph6.Graph6TopologySerializerTest" time="0.001"/>
  <testcase name="checkDecodeEncodeGraphs(String)[2289]" classname="io.jbotsim.io.format.graph6.Graph6TopologySerializerTest" time="0.001"/>
  <testcase name="checkDecodeEncodeGraphs(String)[2290]" classname="io.jbotsim.io.format.graph6.Graph6TopologySerializerTest" time="0.0"/>
  <testcase name="checkDecodeEncodeGraphs(String)[2291]" classname="io.jbotsim.io.format.graph6.Graph6TopologySerializerTest" time="0.001"/>
  <testcase name="checkDecodeEncodeGraphs(String)[2292]" classname="io.jbotsim.io.format.graph6.Graph6TopologySerializerTest" time="0.0"/>
  <testcase name="checkDecodeEncodeGraphs(String)[2293]" classname="io.jbotsim.io.format.graph6.Graph6TopologySerializerTest" time="0.0"/>
  <testcase name="checkDecodeEncodeGraphs(String)[2294]" classname="io.jbotsim.io.format.graph6.Graph6TopologySerializerTest" time="0.0"/>
  <testcase name="checkDecodeEncodeGraphs(String)[2295]" classname="io.jbotsim.io.format.graph6.Graph6TopologySerializerTest" time="0.001"/>
  <testcase name="checkDecodeEncodeGraphs(String)[2296]" classname="io.jbotsim.io.format.graph6.Graph6TopologySerializerTest" time="0.0"/>
  <testcase name="checkDecodeEncodeGraphs(String)[2297]" classname="io.jbotsim.io.format.graph6.Graph6TopologySerializerTest" time="0.001"/>
  <testcase name="checkDecodeEncodeGraphs(String)[2298]" classname="io.jbotsim.io.format.graph6.Graph6TopologySerializerTest" time="0.0"/>
  <testcase name="checkDecodeEncodeGraphs(String)[2299]" classname="io.jbotsim.io.format.graph6.Graph6TopologySerializerTest" time="0.0"/>
  <testcase name="checkDecodeEncodeGraphs(String)[2300]" classname="io.jbotsim.io.format.graph6.Graph6TopologySerializerTest" time="0.0"/>
  <testcase name="checkDecodeEncodeGraphs(String)[2301]" classname="io.jbotsim.io.format.graph6.Graph6TopologySerializerTest" time="0.001"/>
  <testcase name="checkDecodeEncodeGraphs(String)[2302]" classname="io.jbotsim.io.format.graph6.Graph6TopologySerializerTest" time="0.003"/>
  <testcase name="checkDecodeEncodeGraphs(String)[2303]" classname="io.jbotsim.io.format.graph6.Graph6TopologySerializerTest" time="0.001"/>
  <testcase name="checkDecodeEncodeGraphs(String)[2304]" classname="io.jbotsim.io.format.graph6.Graph6TopologySerializerTest" time="0.0"/>
  <testcase name="checkDecodeEncodeGraphs(String)[2305]" classname="io.jbotsim.io.format.graph6.Graph6TopologySerializerTest" time="0.001"/>
  <testcase name="checkDecodeEncodeGraphs(String)[2306]" classname="io.jbotsim.io.format.graph6.Graph6TopologySerializerTest" time="0.0"/>
  <testcase name="checkDecodeEncodeGraphs(String)[2307]" classname="io.jbotsim.io.format.graph6.Graph6TopologySerializerTest" time="0.001"/>
  <testcase name="checkDecodeEncodeGraphs(String)[2308]" classname="io.jbotsim.io.format.graph6.Graph6TopologySerializerTest" time="0.004"/>
  <testcase name="checkDecodeEncodeGraphs(String)[2309]" classname="io.jbotsim.io.format.graph6.Graph6TopologySerializerTest" time="0.0"/>
  <testcase name="checkDecodeEncodeGraphs(String)[2310]" classname="io.jbotsim.io.format.graph6.Graph6TopologySerializerTest" time="0.0"/>
  <testcase name="checkDecodeEncodeGraphs(String)[2311]" classname="io.jbotsim.io.format.graph6.Graph6TopologySerializerTest" time="0.0"/>
  <testcase name="checkDecodeEncodeGraphs(String)[2312]" classname="io.jbotsim.io.format.graph6.Graph6TopologySerializerTest" time="0.0"/>
  <testcase name="checkDecodeEncodeGraphs(String)[2313]" classname="io.jbotsim.io.format.graph6.Graph6TopologySerializerTest" time="0.0"/>
  <testcase name="checkDecodeEncodeGraphs(String)[2314]" classname="io.jbotsim.io.format.graph6.Graph6TopologySerializerTest" time="0.001"/>
  <testcase name="checkDecodeEncodeGraphs(String)[2315]" classname="io.jbotsim.io.format.graph6.Graph6TopologySerializerTest" time="0.0"/>
  <testcase name="checkDecodeEncodeGraphs(String)[2316]" classname="io.jbotsim.io.format.graph6.Graph6TopologySerializerTest" time="0.001"/>
  <testcase name="checkDecodeEncodeGraphs(String)[2317]" classname="io.jbotsim.io.format.graph6.Graph6TopologySerializerTest" time="0.0"/>
  <testcase name="checkDecodeEncodeGraphs(String)[2318]" classname="io.jbotsim.io.format.graph6.Graph6TopologySerializerTest" time="0.001"/>
  <testcase name="checkDecodeEncodeGraphs(String)[2319]" classname="io.jbotsim.io.format.graph6.Graph6TopologySerializerTest" time="0.0"/>
  <testcase name="checkDecodeEncodeGraphs(String)[2320]" classname="io.jbotsim.io.format.graph6.Graph6TopologySerializerTest" time="0.004"/>
  <testcase name="checkDecodeEncodeGraphs(String)[2321]" classname="io.jbotsim.io.format.graph6.Graph6TopologySerializerTest" time="0.001"/>
  <testcase name="checkDecodeEncodeGraphs(String)[2322]" classname="io.jbotsim.io.format.graph6.Graph6TopologySerializerTest" time="0.0"/>
  <testcase name="checkDecodeEncodeGraphs(String)[2323]" classname="io.jbotsim.io.format.graph6.Graph6TopologySerializerTest" time="0.001"/>
  <testcase name="checkDecodeEncodeGraphs(String)[2324]" classname="io.jbotsim.io.format.graph6.Graph6TopologySerializerTest" time="0.0"/>
  <testcase name="checkDecodeEncodeGraphs(String)[2325]" classname="io.jbotsim.io.format.graph6.Graph6TopologySerializerTest" time="0.001"/>
  <testcase name="checkDecodeEncodeGraphs(String)[2326]" classname="io.jbotsim.io.format.graph6.Graph6TopologySerializerTest" time="0.0"/>
  <testcase name="checkDecodeEncodeGraphs(String)[2327]" classname="io.jbotsim.io.format.graph6.Graph6TopologySerializerTest" time="0.0"/>
  <testcase name="checkDecodeEncodeGraphs(String)[2328]" classname="io.jbotsim.io.format.graph6.Graph6TopologySerializerTest" time="0.0"/>
  <testcase name="checkDecodeEncodeGraphs(String)[2329]" classname="io.jbotsim.io.format.graph6.Graph6TopologySerializerTest" time="0.0"/>
  <testcase name="checkDecodeEncodeGraphs(String)[2330]" classname="io.jbotsim.io.format.graph6.Graph6TopologySerializerTest" time="0.0"/>
  <testcase name="checkDecodeEncodeGraphs(String)[2331]" classname="io.jbotsim.io.format.graph6.Graph6TopologySerializerTest" time="0.004"/>
  <testcase name="checkDecodeEncodeGraphs(String)[2332]" classname="io.jbotsim.io.format.graph6.Graph6TopologySerializerTest" time="0.0"/>
  <testcase name="checkDecodeEncodeGraphs(String)[2333]" classname="io.jbotsim.io.format.graph6.Graph6TopologySerializerTest" time="0.0"/>
  <testcase name="checkDecodeEncodeGraphs(String)[2334]" classname="io.jbotsim.io.format.graph6.Graph6TopologySerializerTest" time="0.0"/>
  <testcase name="checkDecodeEncodeGraphs(String)[2335]" classname="io.jbotsim.io.format.graph6.Graph6TopologySerializerTest" time="0.0"/>
  <testcase name="checkDecodeEncodeGraphs(String)[2336]" classname="io.jbotsim.io.format.graph6.Graph6TopologySerializerTest" time="0.001"/>
  <testcase name="checkDecodeEncodeGraphs(String)[2337]" classname="io.jbotsim.io.format.graph6.Graph6TopologySerializerTest" time="0.0"/>
  <testcase name="checkDecodeEncodeGraphs(String)[2338]" classname="io.jbotsim.io.format.graph6.Graph6TopologySerializerTest" time="0.001"/>
  <testcase name="checkDecodeEncodeGraphs(String)[2339]" classname="io.jbotsim.io.format.graph6.Graph6TopologySerializerTest" time="0.0"/>
  <testcase name="checkDecodeEncodeGraphs(String)[2340]" classname="io.jbotsim.io.format.graph6.Graph6TopologySerializerTest" time="0.001"/>
  <testcase name="checkDecodeEncodeGraphs(String)[2341]" classname="io.jbotsim.io.format.graph6.Graph6TopologySerializerTest" time="0.0"/>
  <testcase name="checkDecodeEncodeGraphs(String)[2342]" classname="io.jbotsim.io.format.graph6.Graph6TopologySerializerTest" time="0.002"/>
  <testcase name="checkDecodeEncodeGraphs(String)[2343]" classname="io.jbotsim.io.format.graph6.Graph6TopologySerializerTest" time="0.0"/>
  <testcase name="checkDecodeEncodeGraphs(String)[2344]" classname="io.jbotsim.io.format.graph6.Graph6TopologySerializerTest" time="0.002"/>
  <testcase name="checkDecodeEncodeGraphs(String)[2345]" classname="io.jbotsim.io.format.graph6.Graph6TopologySerializerTest" time="0.0"/>
  <testcase name="checkDecodeEncodeGraphs(String)[2346]" classname="io.jbotsim.io.format.graph6.Graph6TopologySerializerTest" time="0.001"/>
  <testcase name="checkDecodeEncodeGraphs(String)[2347]" classname="io.jbotsim.io.format.graph6.Graph6TopologySerializerTest" time="0.0"/>
  <testcase name="checkDecodeEncodeGraphs(String)[2348]" classname="io.jbotsim.io.format.graph6.Graph6TopologySerializerTest" time="0.0"/>
  <testcase name="checkDecodeEncodeGraphs(String)[2349]" classname="io.jbotsim.io.format.graph6.Graph6TopologySerializerTest" time="0.001"/>
  <testcase name="checkDecodeEncodeGraphs(String)[2350]" classname="io.jbotsim.io.format.graph6.Graph6TopologySerializerTest" time="0.0"/>
  <testcase name="checkDecodeEncodeGraphs(String)[2351]" classname="io.jbotsim.io.format.graph6.Graph6TopologySerializerTest" time="0.0"/>
  <testcase name="checkDecodeEncodeGraphs(String)[2352]" classname="io.jbotsim.io.format.graph6.Graph6TopologySerializerTest" time="0.0"/>
  <testcase name="checkDecodeEncodeGraphs(String)[2353]" classname="io.jbotsim.io.format.graph6.Graph6TopologySerializerTest" time="0.0"/>
  <testcase name="checkDecodeEncodeGraphs(String)[2354]" classname="io.jbotsim.io.format.graph6.Graph6TopologySerializerTest" time="0.004"/>
  <testcase name="checkDecodeEncodeGraphs(String)[2355]" classname="io.jbotsim.io.format.graph6.Graph6TopologySerializerTest" time="0.0"/>
  <testcase name="checkDecodeEncodeGraphs(String)[2356]" classname="io.jbotsim.io.format.graph6.Graph6TopologySerializerTest" time="0.001"/>
  <testcase name="checkDecodeEncodeGraphs(String)[2357]" classname="io.jbotsim.io.format.graph6.Graph6TopologySerializerTest" time="0.0"/>
  <testcase name="checkDecodeEncodeGraphs(String)[2358]" classname="io.jbotsim.io.format.graph6.Graph6TopologySerializerTest" time="0.0"/>
  <testcase name="checkDecodeEncodeGraphs(String)[2359]" classname="io.jbotsim.io.format.graph6.Graph6TopologySerializerTest" time="0.0"/>
  <testcase name="checkDecodeEncodeGraphs(String)[2360]" classname="io.jbotsim.io.format.graph6.Graph6TopologySerializerTest" time="0.0"/>
  <testcase name="checkDecodeEncodeGraphs(String)[2361]" classname="io.jbotsim.io.format.graph6.Graph6TopologySerializerTest" time="0.0"/>
  <testcase name="checkDecodeEncodeGraphs(String)[2362]" classname="io.jbotsim.io.format.graph6.Graph6TopologySerializerTest" time="0.0"/>
  <testcase name="checkDecodeEncodeGraphs(String)[2363]" classname="io.jbotsim.io.format.graph6.Graph6TopologySerializerTest" time="0.001"/>
  <testcase name="checkDecodeEncodeGraphs(String)[2364]" classname="io.jbotsim.io.format.graph6.Graph6TopologySerializerTest" time="0.0"/>
  <testcase name="checkDecodeEncodeGraphs(String)[2365]" classname="io.jbotsim.io.format.graph6.Graph6TopologySerializerTest" time="0.0"/>
  <testcase name="checkDecodeEncodeGraphs(String)[2366]" classname="io.jbotsim.io.format.graph6.Graph6TopologySerializerTest" time="0.0"/>
  <testcase name="checkDecodeEncodeGraphs(String)[2367]" classname="io.jbotsim.io.format.graph6.Graph6TopologySerializerTest" time="0.0"/>
  <testcase name="checkDecodeEncodeGraphs(String)[2368]" classname="io.jbotsim.io.format.graph6.Graph6TopologySerializerTest" time="0.0"/>
  <testcase name="checkDecodeEncodeGraphs(String)[2369]" classname="io.jbotsim.io.format.graph6.Graph6TopologySerializerTest" time="0.001"/>
  <testcase name="checkDecodeEncodeGraphs(String)[2370]" classname="io.jbotsim.io.format.graph6.Graph6TopologySerializerTest" time="0.0"/>
  <testcase name="checkDecodeEncodeGraphs(String)[2371]" classname="io.jbotsim.io.format.graph6.Graph6TopologySerializerTest" time="0.001"/>
  <testcase name="checkDecodeEncodeGraphs(String)[2372]" classname="io.jbotsim.io.format.graph6.Graph6TopologySerializerTest" time="0.001"/>
  <testcase name="checkDecodeEncodeGraphs(String)[2373]" classname="io.jbotsim.io.format.graph6.Graph6TopologySerializerTest" time="0.0"/>
  <testcase name="checkDecodeEncodeGraphs(String)[2374]" classname="io.jbotsim.io.format.graph6.Graph6TopologySerializerTest" time="0.0"/>
  <testcase name="checkDecodeEncodeGraphs(String)[2375]" classname="io.jbotsim.io.format.graph6.Graph6TopologySerializerTest" time="0.0"/>
  <testcase name="checkDecodeEncodeGraphs(String)[2376]" classname="io.jbotsim.io.format.graph6.Graph6TopologySerializerTest" time="0.0"/>
  <testcase name="checkDecodeEncodeGraphs(String)[2377]" classname="io.jbotsim.io.format.graph6.Graph6TopologySerializerTest" time="0.001"/>
  <testcase name="checkDecodeEncodeGraphs(String)[2378]" classname="io.jbotsim.io.format.graph6.Graph6TopologySerializerTest" time="0.0"/>
  <testcase name="checkDecodeEncodeGraphs(String)[2379]" classname="io.jbotsim.io.format.graph6.Graph6TopologySerializerTest" time="0.003"/>
  <testcase name="checkDecodeEncodeGraphs(String)[2380]" classname="io.jbotsim.io.format.graph6.Graph6TopologySerializerTest" time="0.001"/>
  <testcase name="checkDecodeEncodeGraphs(String)[2381]" classname="io.jbotsim.io.format.graph6.Graph6TopologySerializerTest" time="0.0"/>
  <testcase name="checkDecodeEncodeGraphs(String)[2382]" classname="io.jbotsim.io.format.graph6.Graph6TopologySerializerTest" time="0.001"/>
  <testcase name="checkDecodeEncodeGraphs(String)[2383]" classname="io.jbotsim.io.format.graph6.Graph6TopologySerializerTest" time="0.0"/>
  <testcase name="checkDecodeEncodeGraphs(String)[2384]" classname="io.jbotsim.io.format.graph6.Graph6TopologySerializerTest" time="0.004"/>
  <testcase name="checkDecodeEncodeGraphs(String)[2385]" classname="io.jbotsim.io.format.graph6.Graph6TopologySerializerTest" time="0.001"/>
  <testcase name="checkDecodeEncodeGraphs(String)[2386]" classname="io.jbotsim.io.format.graph6.Graph6TopologySerializerTest" time="0.0"/>
  <testcase name="checkDecodeEncodeGraphs(String)[2387]" classname="io.jbotsim.io.format.graph6.Graph6TopologySerializerTest" time="0.0"/>
  <testcase name="checkDecodeEncodeGraphs(String)[2388]" classname="io.jbotsim.io.format.graph6.Graph6TopologySerializerTest" time="0.0"/>
  <testcase name="checkDecodeEncodeGraphs(String)[2389]" classname="io.jbotsim.io.format.graph6.Graph6TopologySerializerTest" time="0.0"/>
  <testcase name="checkDecodeEncodeGraphs(String)[2390]" classname="io.jbotsim.io.format.graph6.Graph6TopologySerializerTest" time="0.0"/>
  <testcase name="checkDecodeEncodeGraphs(String)[2391]" classname="io.jbotsim.io.format.graph6.Graph6TopologySerializerTest" time="0.0"/>
  <testcase name="checkDecodeEncodeGraphs(String)[2392]" classname="io.jbotsim.io.format.graph6.Graph6TopologySerializerTest" time="0.0"/>
  <testcase name="checkDecodeEncodeGraphs(String)[2393]" classname="io.jbotsim.io.format.graph6.Graph6TopologySerializerTest" time="0.0"/>
  <testcase name="checkDecodeEncodeGraphs(String)[2394]" classname="io.jbotsim.io.format.graph6.Graph6TopologySerializerTest" time="0.0"/>
  <testcase name="checkDecodeEncodeGraphs(String)[2395]" classname="io.jbotsim.io.format.graph6.Graph6TopologySerializerTest" time="0.002"/>
  <testcase name="checkDecodeEncodeGraphs(String)[2396]" classname="io.jbotsim.io.format.graph6.Graph6TopologySerializerTest" time="0.0"/>
  <testcase name="checkDecodeEncodeGraphs(String)[2397]" classname="io.jbotsim.io.format.graph6.Graph6TopologySerializerTest" time="0.001"/>
  <testcase name="checkDecodeEncodeGraphs(String)[2398]" classname="io.jbotsim.io.format.graph6.Graph6TopologySerializerTest" time="0.0"/>
  <testcase name="checkDecodeEncodeGraphs(String)[2399]" classname="io.jbotsim.io.format.graph6.Graph6TopologySerializerTest" time="0.001"/>
  <testcase name="checkDecodeEncodeGraphs(String)[2400]" classname="io.jbotsim.io.format.graph6.Graph6TopologySerializerTest" time="0.0"/>
  <testcase name="checkDecodeEncodeGraphs(String)[2401]" classname="io.jbotsim.io.format.graph6.Graph6TopologySerializerTest" time="0.0"/>
  <testcase name="checkDecodeEncodeGraphs(String)[2402]" classname="io.jbotsim.io.format.graph6.Graph6TopologySerializerTest" time="0.0"/>
  <testcase name="checkDecodeEncodeGraphs(String)[2403]" classname="io.jbotsim.io.format.graph6.Graph6TopologySerializerTest" time="0.0"/>
  <testcase name="checkDecodeEncodeGraphs(String)[2404]" classname="io.jbotsim.io.format.graph6.Graph6TopologySerializerTest" time="0.0"/>
  <testcase name="checkDecodeEncodeGraphs(String)[2405]" classname="io.jbotsim.io.format.graph6.Graph6TopologySerializerTest" time="0.001"/>
  <testcase name="checkDecodeEncodeGraphs(String)[2406]" classname="io.jbotsim.io.format.graph6.Graph6TopologySerializerTest" time="0.0"/>
  <testcase name="checkDecodeEncodeGraphs(String)[2407]" classname="io.jbotsim.io.format.graph6.Graph6TopologySerializerTest" time="0.001"/>
  <testcase name="checkDecodeEncodeGraphs(String)[2408]" classname="io.jbotsim.io.format.graph6.Graph6TopologySerializerTest" time="0.0"/>
  <testcase name="checkDecodeEncodeGraphs(String)[2409]" classname="io.jbotsim.io.format.graph6.Graph6TopologySerializerTest" time="0.004"/>
  <testcase name="checkDecodeEncodeGraphs(String)[2410]" classname="io.jbotsim.io.format.graph6.Graph6TopologySerializerTest" time="0.004"/>
  <testcase name="checkDecodeEncodeGraphs(String)[2411]" classname="io.jbotsim.io.format.graph6.Graph6TopologySerializerTest" time="0.001"/>
  <testcase name="checkDecodeEncodeGraphs(String)[2412]" classname="io.jbotsim.io.format.graph6.Graph6TopologySerializerTest" time="0.0"/>
  <testcase name="checkDecodeEncodeGraphs(String)[2413]" classname="io.jbotsim.io.format.graph6.Graph6TopologySerializerTest" time="0.0"/>
  <testcase name="checkDecodeEncodeGraphs(String)[2414]" classname="io.jbotsim.io.format.graph6.Graph6TopologySerializerTest" time="0.0"/>
  <testcase name="checkDecodeEncodeGraphs(String)[2415]" classname="io.jbotsim.io.format.graph6.Graph6TopologySerializerTest" time="0.0"/>
  <testcase name="checkDecodeEncodeGraphs(String)[2416]" classname="io.jbotsim.io.format.graph6.Graph6TopologySerializerTest" time="0.0"/>
  <testcase name="checkDecodeEncodeGraphs(String)[2417]" classname="io.jbotsim.io.format.graph6.Graph6TopologySerializerTest" time="0.0"/>
  <testcase name="checkDecodeEncodeGraphs(String)[2418]" classname="io.jbotsim.io.format.graph6.Graph6TopologySerializerTest" time="0.0"/>
  <testcase name="checkDecodeEncodeGraphs(String)[2419]" classname="io.jbotsim.io.format.graph6.Graph6TopologySerializerTest" time="0.0"/>
  <testcase name="checkDecodeEncodeGraphs(String)[2420]" classname="io.jbotsim.io.format.graph6.Graph6TopologySerializerTest" time="0.004"/>
  <testcase name="checkDecodeEncodeGraphs(String)[2421]" classname="io.jbotsim.io.format.graph6.Graph6TopologySerializerTest" time="0.0"/>
  <testcase name="checkDecodeEncodeGraphs(String)[2422]" classname="io.jbotsim.io.format.graph6.Graph6TopologySerializerTest" time="0.0"/>
  <testcase name="checkDecodeEncodeGraphs(String)[2423]" classname="io.jbotsim.io.format.graph6.Graph6TopologySerializerTest" time="0.0"/>
  <testcase name="checkDecodeEncodeGraphs(String)[2424]" classname="io.jbotsim.io.format.graph6.Graph6TopologySerializerTest" time="0.0"/>
  <testcase name="checkDecodeEncodeGraphs(String)[2425]" classname="io.jbotsim.io.format.graph6.Graph6TopologySerializerTest" time="0.0"/>
  <testcase name="checkDecodeEncodeGraphs(String)[2426]" classname="io.jbotsim.io.format.graph6.Graph6TopologySerializerTest" time="0.0"/>
  <testcase name="checkDecodeEncodeGraphs(String)[2427]" classname="io.jbotsim.io.format.graph6.Graph6TopologySerializerTest" time="0.001"/>
  <testcase name="checkDecodeEncodeGraphs(String)[2428]" classname="io.jbotsim.io.format.graph6.Graph6TopologySerializerTest" time="0.0"/>
  <testcase name="checkDecodeEncodeGraphs(String)[2429]" classname="io.jbotsim.io.format.graph6.Graph6TopologySerializerTest" time="0.0"/>
  <testcase name="checkDecodeEncodeGraphs(String)[2430]" classname="io.jbotsim.io.format.graph6.Graph6TopologySerializerTest" time="0.0"/>
  <testcase name="checkDecodeEncodeGraphs(String)[2431]" classname="io.jbotsim.io.format.graph6.Graph6TopologySerializerTest" time="0.0"/>
  <testcase name="checkDecodeEncodeGraphs(String)[2432]" classname="io.jbotsim.io.format.graph6.Graph6TopologySerializerTest" time="0.0"/>
  <testcase name="checkDecodeEncodeGraphs(String)[2433]" classname="io.jbotsim.io.format.graph6.Graph6TopologySerializerTest" time="0.0"/>
  <testcase name="checkDecodeEncodeGraphs(String)[2434]" classname="io.jbotsim.io.format.graph6.Graph6TopologySerializerTest" time="0.0"/>
  <testcase name="checkDecodeEncodeGraphs(String)[2435]" classname="io.jbotsim.io.format.graph6.Graph6TopologySerializerTest" time="0.001"/>
  <testcase name="checkDecodeEncodeGraphs(String)[2436]" classname="io.jbotsim.io.format.graph6.Graph6TopologySerializerTest" time="0.0"/>
  <testcase name="checkDecodeEncodeGraphs(String)[2437]" classname="io.jbotsim.io.format.graph6.Graph6TopologySerializerTest" time="0.0"/>
  <testcase name="checkDecodeEncodeGraphs(String)[2438]" classname="io.jbotsim.io.format.graph6.Graph6TopologySerializerTest" time="0.0"/>
  <testcase name="checkDecodeEncodeGraphs(String)[2439]" classname="io.jbotsim.io.format.graph6.Graph6TopologySerializerTest" time="0.0"/>
  <testcase name="checkDecodeEncodeGraphs(String)[2440]" classname="io.jbotsim.io.format.graph6.Graph6TopologySerializerTest" time="0.001"/>
  <testcase name="checkDecodeEncodeGraphs(String)[2441]" classname="io.jbotsim.io.format.graph6.Graph6TopologySerializerTest" time="0.001"/>
  <testcase name="checkDecodeEncodeGraphs(String)[2442]" classname="io.jbotsim.io.format.graph6.Graph6TopologySerializerTest" time="0.0"/>
  <testcase name="checkDecodeEncodeGraphs(String)[2443]" classname="io.jbotsim.io.format.graph6.Graph6TopologySerializerTest" time="0.0"/>
  <testcase name="checkDecodeEncodeGraphs(String)[2444]" classname="io.jbotsim.io.format.graph6.Graph6TopologySerializerTest" time="0.0"/>
  <testcase name="checkDecodeEncodeGraphs(String)[2445]" classname="io.jbotsim.io.format.graph6.Graph6TopologySerializerTest" time="0.0"/>
  <testcase name="checkDecodeEncodeGraphs(String)[2446]" classname="io.jbotsim.io.format.graph6.Graph6TopologySerializerTest" time="0.0"/>
  <testcase name="checkDecodeEncodeGraphs(String)[2447]" classname="io.jbotsim.io.format.graph6.Graph6TopologySerializerTest" time="0.004"/>
  <testcase name="checkDecodeEncodeGraphs(String)[2448]" classname="io.jbotsim.io.format.graph6.Graph6TopologySerializerTest" time="0.0"/>
  <testcase name="checkDecodeEncodeGraphs(String)[2449]" classname="io.jbotsim.io.format.graph6.Graph6TopologySerializerTest" time="0.001"/>
  <testcase name="checkDecodeEncodeGraphs(String)[2450]" classname="io.jbotsim.io.format.graph6.Graph6TopologySerializerTest" time="0.0"/>
  <testcase name="checkDecodeEncodeGraphs(String)[2451]" classname="io.jbotsim.io.format.graph6.Graph6TopologySerializerTest" time="0.0"/>
  <testcase name="checkDecodeEncodeGraphs(String)[2452]" classname="io.jbotsim.io.format.graph6.Graph6TopologySerializerTest" time="0.0"/>
  <testcase name="checkDecodeEncodeGraphs(String)[2453]" classname="io.jbotsim.io.format.graph6.Graph6TopologySerializerTest" time="0.0"/>
  <testcase name="checkDecodeEncodeGraphs(String)[2454]" classname="io.jbotsim.io.format.graph6.Graph6TopologySerializerTest" time="0.0"/>
  <testcase name="checkDecodeEncodeGraphs(String)[2455]" classname="io.jbotsim.io.format.graph6.Graph6TopologySerializerTest" time="0.0"/>
  <testcase name="checkDecodeEncodeGraphs(String)[2456]" classname="io.jbotsim.io.format.graph6.Graph6TopologySerializerTest" time="0.0"/>
  <testcase name="checkDecodeEncodeGraphs(String)[2457]" classname="io.jbotsim.io.format.graph6.Graph6TopologySerializerTest" time="0.001"/>
  <testcase name="checkDecodeEncodeGraphs(String)[2458]" classname="io.jbotsim.io.format.graph6.Graph6TopologySerializerTest" time="0.0"/>
  <testcase name="checkDecodeEncodeGraphs(String)[2459]" classname="io.jbotsim.io.format.graph6.Graph6TopologySerializerTest" time="0.0"/>
  <testcase name="checkDecodeEncodeGraphs(String)[2460]" classname="io.jbotsim.io.format.graph6.Graph6TopologySerializerTest" time="0.001"/>
  <testcase name="checkDecodeEncodeGraphs(String)[2461]" classname="io.jbotsim.io.format.graph6.Graph6TopologySerializerTest" time="0.001"/>
  <testcase name="checkDecodeEncodeGraphs(String)[2462]" classname="io.jbotsim.io.format.graph6.Graph6TopologySerializerTest" time="0.0"/>
  <testcase name="checkDecodeEncodeGraphs(String)[2463]" classname="io.jbotsim.io.format.graph6.Graph6TopologySerializerTest" time="0.001"/>
  <testcase name="checkDecodeEncodeGraphs(String)[2464]" classname="io.jbotsim.io.format.graph6.Graph6TopologySerializerTest" time="0.0"/>
  <testcase name="checkDecodeEncodeGraphs(String)[2465]" classname="io.jbotsim.io.format.graph6.Graph6TopologySerializerTest" time="0.001"/>
  <testcase name="checkDecodeEncodeGraphs(String)[2466]" classname="io.jbotsim.io.format.graph6.Graph6TopologySerializerTest" time="0.0"/>
  <testcase name="checkDecodeEncodeGraphs(String)[2467]" classname="io.jbotsim.io.format.graph6.Graph6TopologySerializerTest" time="0.001"/>
  <testcase name="checkDecodeEncodeGraphs(String)[2468]" classname="io.jbotsim.io.format.graph6.Graph6TopologySerializerTest" time="0.0"/>
  <testcase name="checkDecodeEncodeGraphs(String)[2469]" classname="io.jbotsim.io.format.graph6.Graph6TopologySerializerTest" time="0.0"/>
  <testcase name="checkDecodeEncodeGraphs(String)[2470]" classname="io.jbotsim.io.format.graph6.Graph6TopologySerializerTest" time="0.0"/>
  <testcase name="checkDecodeEncodeGraphs(String)[2471]" classname="io.jbotsim.io.format.graph6.Graph6TopologySerializerTest" time="0.0"/>
  <testcase name="checkDecodeEncodeGraphs(String)[2472]" classname="io.jbotsim.io.format.graph6.Graph6TopologySerializerTest" time="0.0"/>
  <testcase name="checkDecodeEncodeGraphs(String)[2473]" classname="io.jbotsim.io.format.graph6.Graph6TopologySerializerTest" time="0.0"/>
  <testcase name="checkDecodeEncodeGraphs(String)[2474]" classname="io.jbotsim.io.format.graph6.Graph6TopologySerializerTest" time="0.0"/>
  <testcase name="checkDecodeEncodeGraphs(String)[2475]" classname="io.jbotsim.io.format.graph6.Graph6TopologySerializerTest" time="0.0"/>
  <testcase name="checkDecodeEncodeGraphs(String)[2476]" classname="io.jbotsim.io.format.graph6.Graph6TopologySerializerTest" time="0.001"/>
  <testcase name="checkDecodeEncodeGraphs(String)[2477]" classname="io.jbotsim.io.format.graph6.Graph6TopologySerializerTest" time="0.0"/>
  <testcase name="checkDecodeEncodeGraphs(String)[2478]" classname="io.jbotsim.io.format.graph6.Graph6TopologySerializerTest" time="0.0"/>
  <testcase name="checkDecodeEncodeGraphs(String)[2479]" classname="io.jbotsim.io.format.graph6.Graph6TopologySerializerTest" time="0.0"/>
  <testcase name="checkDecodeEncodeGraphs(String)[2480]" classname="io.jbotsim.io.format.graph6.Graph6TopologySerializerTest" time="0.001"/>
  <testcase name="checkDecodeEncodeGraphs(String)[2481]" classname="io.jbotsim.io.format.graph6.Graph6TopologySerializerTest" time="0.0"/>
  <testcase name="checkDecodeEncodeGraphs(String)[2482]" classname="io.jbotsim.io.format.graph6.Graph6TopologySerializerTest" time="0.001"/>
  <testcase name="checkDecodeEncodeGraphs(String)[2483]" classname="io.jbotsim.io.format.graph6.Graph6TopologySerializerTest" time="0.003"/>
  <testcase name="checkDecodeEncodeGraphs(String)[2484]" classname="io.jbotsim.io.format.graph6.Graph6TopologySerializerTest" time="0.0"/>
  <testcase name="checkDecodeEncodeGraphs(String)[2485]" classname="io.jbotsim.io.format.graph6.Graph6TopologySerializerTest" time="0.0"/>
  <testcase name="checkDecodeEncodeGraphs(String)[2486]" classname="io.jbotsim.io.format.graph6.Graph6TopologySerializerTest" time="0.0"/>
  <testcase name="checkDecodeEncodeGraphs(String)[2487]" classname="io.jbotsim.io.format.graph6.Graph6TopologySerializerTest" time="0.0"/>
  <testcase name="checkDecodeEncodeGraphs(String)[2488]" classname="io.jbotsim.io.format.graph6.Graph6TopologySerializerTest" time="0.0"/>
  <testcase name="checkDecodeEncodeGraphs(String)[2489]" classname="io.jbotsim.io.format.graph6.Graph6TopologySerializerTest" time="0.0"/>
  <testcase name="checkDecodeEncodeGraphs(String)[2490]" classname="io.jbotsim.io.format.graph6.Graph6TopologySerializerTest" time="0.0"/>
  <testcase name="checkDecodeEncodeGraphs(String)[2491]" classname="io.jbotsim.io.format.graph6.Graph6TopologySerializerTest" time="0.001"/>
  <testcase name="checkDecodeEncodeGraphs(String)[2492]" classname="io.jbotsim.io.format.graph6.Graph6TopologySerializerTest" time="0.001"/>
  <testcase name="checkDecodeEncodeGraphs(String)[2493]" classname="io.jbotsim.io.format.graph6.Graph6TopologySerializerTest" time="0.002"/>
  <testcase name="checkDecodeEncodeGraphs(String)[2494]" classname="io.jbotsim.io.format.graph6.Graph6TopologySerializerTest" time="0.0"/>
  <testcase name="checkDecodeEncodeGraphs(String)[2495]" classname="io.jbotsim.io.format.graph6.Graph6TopologySerializerTest" time="0.0"/>
  <testcase name="checkDecodeEncodeGraphs(String)[2496]" classname="io.jbotsim.io.format.graph6.Graph6TopologySerializerTest" time="0.0"/>
  <testcase name="checkDecodeEncodeGraphs(String)[2497]" classname="io.jbotsim.io.format.graph6.Graph6TopologySerializerTest" time="0.0"/>
  <testcase name="checkDecodeEncodeGraphs(String)[2498]" classname="io.jbotsim.io.format.graph6.Graph6TopologySerializerTest" time="0.0"/>
  <testcase name="checkDecodeEncodeGraphs(String)[2499]" classname="io.jbotsim.io.format.graph6.Graph6TopologySerializerTest" time="0.0"/>
  <testcase name="checkDecodeEncodeGraphs(String)[2500]" classname="io.jbotsim.io.format.graph6.Graph6TopologySerializerTest" time="0.003"/>
  <testcase name="checkDecodeEncodeGraphs(String)[2501]" classname="io.jbotsim.io.format.graph6.Graph6TopologySerializerTest" time="0.0"/>
  <testcase name="checkDecodeEncodeGraphs(String)[2502]" classname="io.jbotsim.io.format.graph6.Graph6TopologySerializerTest" time="0.0"/>
  <testcase name="checkDecodeEncodeGraphs(String)[2503]" classname="io.jbotsim.io.format.graph6.Graph6TopologySerializerTest" time="0.0"/>
  <testcase name="checkDecodeEncodeGraphs(String)[2504]" classname="io.jbotsim.io.format.graph6.Graph6TopologySerializerTest" time="0.0"/>
  <testcase name="checkDecodeEncodeGraphs(String)[2505]" classname="io.jbotsim.io.format.graph6.Graph6TopologySerializerTest" time="0.0"/>
  <testcase name="checkDecodeEncodeGraphs(String)[2506]" classname="io.jbotsim.io.format.graph6.Graph6TopologySerializerTest" time="0.001"/>
  <testcase name="checkDecodeEncodeGraphs(String)[2507]" classname="io.jbotsim.io.format.graph6.Graph6TopologySerializerTest" time="0.0"/>
  <testcase name="checkDecodeEncodeGraphs(String)[2508]" classname="io.jbotsim.io.format.graph6.Graph6TopologySerializerTest" time="0.0"/>
  <testcase name="checkDecodeEncodeGraphs(String)[2509]" classname="io.jbotsim.io.format.graph6.Graph6TopologySerializerTest" time="0.0"/>
  <testcase name="checkDecodeEncodeGraphs(String)[2510]" classname="io.jbotsim.io.format.graph6.Graph6TopologySerializerTest" time="0.001"/>
  <testcase name="checkDecodeEncodeGraphs(String)[2511]" classname="io.jbotsim.io.format.graph6.Graph6TopologySerializerTest" time="0.0"/>
  <testcase name="checkDecodeEncodeGraphs(String)[2512]" classname="io.jbotsim.io.format.graph6.Graph6TopologySerializerTest" time="0.0"/>
  <testcase name="checkDecodeEncodeGraphs(String)[2513]" classname="io.jbotsim.io.format.graph6.Graph6TopologySerializerTest" time="0.0"/>
  <testcase name="checkDecodeEncodeGraphs(String)[2514]" classname="io.jbotsim.io.format.graph6.Graph6TopologySerializerTest" time="0.0"/>
  <testcase name="checkDecodeEncodeGraphs(String)[2515]" classname="io.jbotsim.io.format.graph6.Graph6TopologySerializerTest" time="0.0"/>
  <testcase name="checkDecodeEncodeGraphs(String)[2516]" classname="io.jbotsim.io.format.graph6.Graph6TopologySerializerTest" time="0.0"/>
  <testcase name="checkDecodeEncodeGraphs(String)[2517]" classname="io.jbotsim.io.format.graph6.Graph6TopologySerializerTest" time="0.0"/>
  <testcase name="checkDecodeEncodeGraphs(String)[2518]" classname="io.jbotsim.io.format.graph6.Graph6TopologySerializerTest" time="0.0"/>
  <testcase name="checkDecodeEncodeGraphs(String)[2519]" classname="io.jbotsim.io.format.graph6.Graph6TopologySerializerTest" time="0.0"/>
  <testcase name="checkDecodeEncodeGraphs(String)[2520]" classname="io.jbotsim.io.format.graph6.Graph6TopologySerializerTest" time="0.001"/>
  <testcase name="checkDecodeEncodeGraphs(String)[2521]" classname="io.jbotsim.io.format.graph6.Graph6TopologySerializerTest" time="0.0"/>
  <testcase name="checkDecodeEncodeGraphs(String)[2522]" classname="io.jbotsim.io.format.graph6.Graph6TopologySerializerTest" time="0.003"/>
  <testcase name="checkDecodeEncodeGraphs(String)[2523]" classname="io.jbotsim.io.format.graph6.Graph6TopologySerializerTest" time="0.001"/>
  <testcase name="checkDecodeEncodeGraphs(String)[2524]" classname="io.jbotsim.io.format.graph6.Graph6TopologySerializerTest" time="0.0"/>
  <testcase name="checkDecodeEncodeGraphs(String)[2525]" classname="io.jbotsim.io.format.graph6.Graph6TopologySerializerTest" time="0.001"/>
  <testcase name="checkDecodeEncodeGraphs(String)[2526]" classname="io.jbotsim.io.format.graph6.Graph6TopologySerializerTest" time="0.0"/>
  <testcase name="checkDecodeEncodeGraphs(String)[2527]" classname="io.jbotsim.io.format.graph6.Graph6TopologySerializerTest" time="0.0"/>
  <testcase name="checkDecodeEncodeGraphs(String)[2528]" classname="io.jbotsim.io.format.graph6.Graph6TopologySerializerTest" time="0.002"/>
  <testcase name="checkDecodeEncodeGraphs(String)[2529]" classname="io.jbotsim.io.format.graph6.Graph6TopologySerializerTest" time="0.0"/>
  <testcase name="checkDecodeEncodeGraphs(String)[2530]" classname="io.jbotsim.io.format.graph6.Graph6TopologySerializerTest" time="0.0"/>
  <testcase name="checkDecodeEncodeGraphs(String)[2531]" classname="io.jbotsim.io.format.graph6.Graph6TopologySerializerTest" time="0.0"/>
  <testcase name="checkDecodeEncodeGraphs(String)[2532]" classname="io.jbotsim.io.format.graph6.Graph6TopologySerializerTest" time="0.0"/>
  <testcase name="checkDecodeEncodeGraphs(String)[2533]" classname="io.jbotsim.io.format.graph6.Graph6TopologySerializerTest" time="0.002"/>
  <testcase name="checkDecodeEncodeGraphs(String)[2534]" classname="io.jbotsim.io.format.graph6.Graph6TopologySerializerTest" time="0.0"/>
  <testcase name="checkDecodeEncodeGraphs(String)[2535]" classname="io.jbotsim.io.format.graph6.Graph6TopologySerializerTest" time="0.0"/>
  <testcase name="checkDecodeEncodeGraphs(String)[2536]" classname="io.jbotsim.io.format.graph6.Graph6TopologySerializerTest" time="0.002"/>
  <testcase name="checkDecodeEncodeGraphs(String)[2537]" classname="io.jbotsim.io.format.graph6.Graph6TopologySerializerTest" time="0.003"/>
  <testcase name="checkDecodeEncodeGraphs(String)[2538]" classname="io.jbotsim.io.format.graph6.Graph6TopologySerializerTest" time="0.0"/>
  <testcase name="checkDecodeEncodeGraphs(String)[2539]" classname="io.jbotsim.io.format.graph6.Graph6TopologySerializerTest" time="0.001"/>
  <testcase name="checkDecodeEncodeGraphs(String)[2540]" classname="io.jbotsim.io.format.graph6.Graph6TopologySerializerTest" time="0.0"/>
  <testcase name="checkDecodeEncodeGraphs(String)[2541]" classname="io.jbotsim.io.format.graph6.Graph6TopologySerializerTest" time="0.0"/>
  <testcase name="checkDecodeEncodeGraphs(String)[2542]" classname="io.jbotsim.io.format.graph6.Graph6TopologySerializerTest" time="0.0"/>
  <testcase name="checkDecodeEncodeGraphs(String)[2543]" classname="io.jbotsim.io.format.graph6.Graph6TopologySerializerTest" time="0.001"/>
  <testcase name="checkDecodeEncodeGraphs(String)[2544]" classname="io.jbotsim.io.format.graph6.Graph6TopologySerializerTest" time="0.002"/>
  <testcase name="checkDecodeEncodeGraphs(String)[2545]" classname="io.jbotsim.io.format.graph6.Graph6TopologySerializerTest" time="0.0"/>
  <testcase name="checkDecodeEncodeGraphs(String)[2546]" classname="io.jbotsim.io.format.graph6.Graph6TopologySerializerTest" time="0.0"/>
  <testcase name="checkDecodeEncodeGraphs(String)[2547]" classname="io.jbotsim.io.format.graph6.Graph6TopologySerializerTest" time="0.0"/>
  <testcase name="checkDecodeEncodeGraphs(String)[2548]" classname="io.jbotsim.io.format.graph6.Graph6TopologySerializerTest" time="0.0"/>
  <testcase name="checkDecodeEncodeGraphs(String)[2549]" classname="io.jbotsim.io.format.graph6.Graph6TopologySerializerTest" time="0.0"/>
  <testcase name="checkDecodeEncodeGraphs(String)[2550]" classname="io.jbotsim.io.format.graph6.Graph6TopologySerializerTest" time="0.0"/>
  <testcase name="checkDecodeEncodeGraphs(String)[2551]" classname="io.jbotsim.io.format.graph6.Graph6TopologySerializerTest" time="0.002"/>
  <testcase name="checkDecodeEncodeGraphs(String)[2552]" classname="io.jbotsim.io.format.graph6.Graph6TopologySerializerTest" time="0.001"/>
  <testcase name="checkDecodeEncodeGraphs(String)[2553]" classname="io.jbotsim.io.format.graph6.Graph6TopologySerializerTest" time="0.0"/>
  <testcase name="checkDecodeEncodeGraphs(String)[2554]" classname="io.jbotsim.io.format.graph6.Graph6TopologySerializerTest" time="0.0"/>
  <testcase name="checkDecodeEncodeGraphs(String)[2555]" classname="io.jbotsim.io.format.graph6.Graph6TopologySerializerTest" time="0.0"/>
  <testcase name="checkDecodeEncodeGraphs(String)[2556]" classname="io.jbotsim.io.format.graph6.Graph6TopologySerializerTest" time="0.002"/>
  <testcase name="checkDecodeEncodeGraphs(String)[2557]" classname="io.jbotsim.io.format.graph6.Graph6TopologySerializerTest" time="0.0"/>
  <testcase name="checkDecodeEncodeGraphs(String)[2558]" classname="io.jbotsim.io.format.graph6.Graph6TopologySerializerTest" time="0.001"/>
  <testcase name="checkDecodeEncodeGraphs(String)[2559]" classname="io.jbotsim.io.format.graph6.Graph6TopologySerializerTest" time="0.0"/>
  <testcase name="checkDecodeEncodeGraphs(String)[2560]" classname="io.jbotsim.io.format.graph6.Graph6TopologySerializerTest" time="0.0"/>
  <testcase name="checkDecodeEncodeGraphs(String)[2561]" classname="io.jbotsim.io.format.graph6.Graph6TopologySerializerTest" time="0.0"/>
  <testcase name="checkDecodeEncodeGraphs(String)[2562]" classname="io.jbotsim.io.format.graph6.Graph6TopologySerializerTest" time="0.0"/>
  <testcase name="checkDecodeEncodeGraphs(String)[2563]" classname="io.jbotsim.io.format.graph6.Graph6TopologySerializerTest" time="0.003"/>
  <testcase name="checkDecodeEncodeGraphs(String)[2564]" classname="io.jbotsim.io.format.graph6.Graph6TopologySerializerTest" time="0.0"/>
  <testcase name="checkDecodeEncodeGraphs(String)[2565]" classname="io.jbotsim.io.format.graph6.Graph6TopologySerializerTest" time="0.0"/>
  <testcase name="checkDecodeEncodeGraphs(String)[2566]" classname="io.jbotsim.io.format.graph6.Graph6TopologySerializerTest" time="0.001"/>
  <testcase name="checkDecodeEncodeGraphs(String)[2567]" classname="io.jbotsim.io.format.graph6.Graph6TopologySerializerTest" time="0.0"/>
  <testcase name="checkDecodeEncodeGraphs(String)[2568]" classname="io.jbotsim.io.format.graph6.Graph6TopologySerializerTest" time="0.001"/>
  <testcase name="checkDecodeEncodeGraphs(String)[2569]" classname="io.jbotsim.io.format.graph6.Graph6TopologySerializerTest" time="0.001"/>
  <testcase name="checkDecodeEncodeGraphs(String)[2570]" classname="io.jbotsim.io.format.graph6.Graph6TopologySerializerTest" time="0.0"/>
  <testcase name="checkDecodeEncodeGraphs(String)[2571]" classname="io.jbotsim.io.format.graph6.Graph6TopologySerializerTest" time="0.0"/>
  <testcase name="checkDecodeEncodeGraphs(String)[2572]" classname="io.jbotsim.io.format.graph6.Graph6TopologySerializerTest" time="0.0"/>
  <testcase name="checkDecodeEncodeGraphs(String)[2573]" classname="io.jbotsim.io.format.graph6.Graph6TopologySerializerTest" time="0.0"/>
  <testcase name="checkDecodeEncodeGraphs(String)[2574]" classname="io.jbotsim.io.format.graph6.Graph6TopologySerializerTest" time="0.0"/>
  <testcase name="checkDecodeEncodeGraphs(String)[2575]" classname="io.jbotsim.io.format.graph6.Graph6TopologySerializerTest" time="0.0"/>
  <testcase name="checkDecodeEncodeGraphs(String)[2576]" classname="io.jbotsim.io.format.graph6.Graph6TopologySerializerTest" time="0.0"/>
  <testcase name="checkDecodeEncodeGraphs(String)[2577]" classname="io.jbotsim.io.format.graph6.Graph6TopologySerializerTest" time="0.0"/>
  <testcase name="checkDecodeEncodeGraphs(String)[2578]" classname="io.jbotsim.io.format.graph6.Graph6TopologySerializerTest" time="0.001"/>
  <testcase name="checkDecodeEncodeGraphs(String)[2579]" classname="io.jbotsim.io.format.graph6.Graph6TopologySerializerTest" time="0.0"/>
  <testcase name="checkDecodeEncodeGraphs(String)[2580]" classname="io.jbotsim.io.format.graph6.Graph6TopologySerializerTest" time="0.001"/>
  <testcase name="checkDecodeEncodeGraphs(String)[2581]" classname="io.jbotsim.io.format.graph6.Graph6TopologySerializerTest" time="0.0"/>
  <testcase name="checkDecodeEncodeGraphs(String)[2582]" classname="io.jbotsim.io.format.graph6.Graph6TopologySerializerTest" time="0.0"/>
  <testcase name="checkDecodeEncodeGraphs(String)[2583]" classname="io.jbotsim.io.format.graph6.Graph6TopologySerializerTest" time="0.0"/>
  <testcase name="checkDecodeEncodeGraphs(String)[2584]" classname="io.jbotsim.io.format.graph6.Graph6TopologySerializerTest" time="0.0"/>
  <testcase name="checkDecodeEncodeGraphs(String)[2585]" classname="io.jbotsim.io.format.graph6.Graph6TopologySerializerTest" time="0.001"/>
  <testcase name="checkDecodeEncodeGraphs(String)[2586]" classname="io.jbotsim.io.format.graph6.Graph6TopologySerializerTest" time="0.0"/>
  <testcase name="checkDecodeEncodeGraphs(String)[2587]" classname="io.jbotsim.io.format.graph6.Graph6TopologySerializerTest" time="0.0"/>
  <testcase name="checkDecodeEncodeGraphs(String)[2588]" classname="io.jbotsim.io.format.graph6.Graph6TopologySerializerTest" time="0.001"/>
  <testcase name="checkDecodeEncodeGraphs(String)[2589]" classname="io.jbotsim.io.format.graph6.Graph6TopologySerializerTest" time="0.0"/>
  <testcase name="checkDecodeEncodeGraphs(String)[2590]" classname="io.jbotsim.io.format.graph6.Graph6TopologySerializerTest" time="0.0"/>
  <testcase name="checkDecodeEncodeGraphs(String)[2591]" classname="io.jbotsim.io.format.graph6.Graph6TopologySerializerTest" time="0.0"/>
  <testcase name="checkDecodeEncodeGraphs(String)[2592]" classname="io.jbotsim.io.format.graph6.Graph6TopologySerializerTest" time="0.0"/>
  <testcase name="checkDecodeEncodeGraphs(String)[2593]" classname="io.jbotsim.io.format.graph6.Graph6TopologySerializerTest" time="0.0"/>
  <testcase name="checkDecodeEncodeGraphs(String)[2594]" classname="io.jbotsim.io.format.graph6.Graph6TopologySerializerTest" time="0.0"/>
  <testcase name="checkDecodeEncodeGraphs(String)[2595]" classname="io.jbotsim.io.format.graph6.Graph6TopologySerializerTest" time="0.0"/>
  <testcase name="checkDecodeEncodeGraphs(String)[2596]" classname="io.jbotsim.io.format.graph6.Graph6TopologySerializerTest" time="0.0"/>
  <testcase name="checkDecodeEncodeGraphs(String)[2597]" classname="io.jbotsim.io.format.graph6.Graph6TopologySerializerTest" time="0.0"/>
  <testcase name="checkDecodeEncodeGraphs(String)[2598]" classname="io.jbotsim.io.format.graph6.Graph6TopologySerializerTest" time="0.001"/>
  <testcase name="checkDecodeEncodeGraphs(String)[2599]" classname="io.jbotsim.io.format.graph6.Graph6TopologySerializerTest" time="0.001"/>
  <testcase name="checkDecodeEncodeGraphs(String)[2600]" classname="io.jbotsim.io.format.graph6.Graph6TopologySerializerTest" time="0.001"/>
  <testcase name="checkDecodeEncodeGraphs(String)[2601]" classname="io.jbotsim.io.format.graph6.Graph6TopologySerializerTest" time="0.0"/>
  <testcase name="checkDecodeEncodeGraphs(String)[2602]" classname="io.jbotsim.io.format.graph6.Graph6TopologySerializerTest" time="0.0"/>
  <testcase name="checkDecodeEncodeGraphs(String)[2603]" classname="io.jbotsim.io.format.graph6.Graph6TopologySerializerTest" time="0.0"/>
  <testcase name="checkDecodeEncodeGraphs(String)[2604]" classname="io.jbotsim.io.format.graph6.Graph6TopologySerializerTest" time="0.0"/>
  <testcase name="checkDecodeEncodeGraphs(String)[2605]" classname="io.jbotsim.io.format.graph6.Graph6TopologySerializerTest" time="0.004"/>
  <testcase name="checkDecodeEncodeGraphs(String)[2606]" classname="io.jbotsim.io.format.graph6.Graph6TopologySerializerTest" time="0.0"/>
  <testcase name="checkDecodeEncodeGraphs(String)[2607]" classname="io.jbotsim.io.format.graph6.Graph6TopologySerializerTest" time="0.0"/>
  <testcase name="checkDecodeEncodeGraphs(String)[2608]" classname="io.jbotsim.io.format.graph6.Graph6TopologySerializerTest" time="0.0"/>
  <testcase name="checkDecodeEncodeGraphs(String)[2609]" classname="io.jbotsim.io.format.graph6.Graph6TopologySerializerTest" time="0.0"/>
  <testcase name="checkDecodeEncodeGraphs(String)[2610]" classname="io.jbotsim.io.format.graph6.Graph6TopologySerializerTest" time="0.0"/>
  <testcase name="checkDecodeEncodeGraphs(String)[2611]" classname="io.jbotsim.io.format.graph6.Graph6TopologySerializerTest" time="0.0"/>
  <testcase name="checkDecodeEncodeGraphs(String)[2612]" classname="io.jbotsim.io.format.graph6.Graph6TopologySerializerTest" time="0.003"/>
  <testcase name="checkDecodeEncodeGraphs(String)[2613]" classname="io.jbotsim.io.format.graph6.Graph6TopologySerializerTest" time="0.0"/>
  <testcase name="checkDecodeEncodeGraphs(String)[2614]" classname="io.jbotsim.io.format.graph6.Graph6TopologySerializerTest" time="0.0"/>
  <testcase name="checkDecodeEncodeGraphs(String)[2615]" classname="io.jbotsim.io.format.graph6.Graph6TopologySerializerTest" time="0.0"/>
  <testcase name="checkDecodeEncodeGraphs(String)[2616]" classname="io.jbotsim.io.format.graph6.Graph6TopologySerializerTest" time="0.0"/>
  <testcase name="checkDecodeEncodeGraphs(String)[2617]" classname="io.jbotsim.io.format.graph6.Graph6TopologySerializerTest" time="0.002"/>
  <testcase name="checkDecodeEncodeGraphs(String)[2618]" classname="io.jbotsim.io.format.graph6.Graph6TopologySerializerTest" time="0.001"/>
  <testcase name="checkDecodeEncodeGraphs(String)[2619]" classname="io.jbotsim.io.format.graph6.Graph6TopologySerializerTest" time="0.0"/>
  <testcase name="checkDecodeEncodeGraphs(String)[2620]" classname="io.jbotsim.io.format.graph6.Graph6TopologySerializerTest" time="0.0"/>
  <testcase name="checkDecodeEncodeGraphs(String)[2621]" classname="io.jbotsim.io.format.graph6.Graph6TopologySerializerTest" time="0.0"/>
  <testcase name="checkDecodeEncodeGraphs(String)[2622]" classname="io.jbotsim.io.format.graph6.Graph6TopologySerializerTest" time="0.0"/>
  <testcase name="checkDecodeEncodeGraphs(String)[2623]" classname="io.jbotsim.io.format.graph6.Graph6TopologySerializerTest" time="0.003"/>
  <testcase name="checkDecodeEncodeGraphs(String)[2624]" classname="io.jbotsim.io.format.graph6.Graph6TopologySerializerTest" time="0.0"/>
  <testcase name="checkDecodeEncodeGraphs(String)[2625]" classname="io.jbotsim.io.format.graph6.Graph6TopologySerializerTest" time="0.0"/>
  <testcase name="checkDecodeEncodeGraphs(String)[2626]" classname="io.jbotsim.io.format.graph6.Graph6TopologySerializerTest" time="0.0"/>
  <testcase name="checkDecodeEncodeGraphs(String)[2627]" classname="io.jbotsim.io.format.graph6.Graph6TopologySerializerTest" time="0.0"/>
  <testcase name="checkDecodeEncodeGraphs(String)[2628]" classname="io.jbotsim.io.format.graph6.Graph6TopologySerializerTest" time="0.0"/>
  <testcase name="checkDecodeEncodeGraphs(String)[2629]" classname="io.jbotsim.io.format.graph6.Graph6TopologySerializerTest" time="0.0"/>
  <testcase name="checkDecodeEncodeGraphs(String)[2630]" classname="io.jbotsim.io.format.graph6.Graph6TopologySerializerTest" time="0.0"/>
  <testcase name="checkDecodeEncodeGraphs(String)[2631]" classname="io.jbotsim.io.format.graph6.Graph6TopologySerializerTest" time="0.001"/>
  <testcase name="checkDecodeEncodeGraphs(String)[2632]" classname="io.jbotsim.io.format.graph6.Graph6TopologySerializerTest" time="0.0"/>
  <testcase name="checkDecodeEncodeGraphs(String)[2633]" classname="io.jbotsim.io.format.graph6.Graph6TopologySerializerTest" time="0.0"/>
  <testcase name="checkDecodeEncodeGraphs(String)[2634]" classname="io.jbotsim.io.format.graph6.Graph6TopologySerializerTest" time="0.001"/>
  <testcase name="checkDecodeEncodeGraphs(String)[2635]" classname="io.jbotsim.io.format.graph6.Graph6TopologySerializerTest" time="0.0"/>
  <testcase name="checkDecodeEncodeGraphs(String)[2636]" classname="io.jbotsim.io.format.graph6.Graph6TopologySerializerTest" time="0.0"/>
  <testcase name="checkDecodeEncodeGraphs(String)[2637]" classname="io.jbotsim.io.format.graph6.Graph6TopologySerializerTest" time="0.0"/>
  <testcase name="checkDecodeEncodeGraphs(String)[2638]" classname="io.jbotsim.io.format.graph6.Graph6TopologySerializerTest" time="0.0"/>
  <testcase name="checkDecodeEncodeGraphs(String)[2639]" classname="io.jbotsim.io.format.graph6.Graph6TopologySerializerTest" time="0.001"/>
  <testcase name="checkDecodeEncodeGraphs(String)[2640]" classname="io.jbotsim.io.format.graph6.Graph6TopologySerializerTest" time="0.0"/>
  <testcase name="checkDecodeEncodeGraphs(String)[2641]" classname="io.jbotsim.io.format.graph6.Graph6TopologySerializerTest" time="0.0"/>
  <testcase name="checkDecodeEncodeGraphs(String)[2642]" classname="io.jbotsim.io.format.graph6.Graph6TopologySerializerTest" time="0.001"/>
  <testcase name="checkDecodeEncodeGraphs(String)[2643]" classname="io.jbotsim.io.format.graph6.Graph6TopologySerializerTest" time="0.0"/>
  <testcase name="checkDecodeEncodeGraphs(String)[2644]" classname="io.jbotsim.io.format.graph6.Graph6TopologySerializerTest" time="0.0"/>
  <testcase name="checkDecodeEncodeGraphs(String)[2645]" classname="io.jbotsim.io.format.graph6.Graph6TopologySerializerTest" time="0.001"/>
  <testcase name="checkDecodeEncodeGraphs(String)[2646]" classname="io.jbotsim.io.format.graph6.Graph6TopologySerializerTest" time="0.003"/>
  <testcase name="checkDecodeEncodeGraphs(String)[2647]" classname="io.jbotsim.io.format.graph6.Graph6TopologySerializerTest" time="0.0"/>
  <testcase name="checkDecodeEncodeGraphs(String)[2648]" classname="io.jbotsim.io.format.graph6.Graph6TopologySerializerTest" time="0.0"/>
  <testcase name="checkDecodeEncodeGraphs(String)[2649]" classname="io.jbotsim.io.format.graph6.Graph6TopologySerializerTest" time="0.0"/>
  <testcase name="checkDecodeEncodeGraphs(String)[2650]" classname="io.jbotsim.io.format.graph6.Graph6TopologySerializerTest" time="0.004"/>
  <testcase name="checkDecodeEncodeGraphs(String)[2651]" classname="io.jbotsim.io.format.graph6.Graph6TopologySerializerTest" time="0.003"/>
  <testcase name="checkDecodeEncodeGraphs(String)[2652]" classname="io.jbotsim.io.format.graph6.Graph6TopologySerializerTest" time="0.0"/>
  <testcase name="checkDecodeEncodeGraphs(String)[2653]" classname="io.jbotsim.io.format.graph6.Graph6TopologySerializerTest" time="0.0"/>
  <testcase name="checkDecodeEncodeGraphs(String)[2654]" classname="io.jbotsim.io.format.graph6.Graph6TopologySerializerTest" time="0.0"/>
  <testcase name="checkDecodeEncodeGraphs(String)[2655]" classname="io.jbotsim.io.format.graph6.Graph6TopologySerializerTest" time="0.0"/>
  <testcase name="checkDecodeEncodeGraphs(String)[2656]" classname="io.jbotsim.io.format.graph6.Graph6TopologySerializerTest" time="0.001"/>
  <testcase name="checkDecodeEncodeGraphs(String)[2657]" classname="io.jbotsim.io.format.graph6.Graph6TopologySerializerTest" time="0.0"/>
  <testcase name="checkDecodeEncodeGraphs(String)[2658]" classname="io.jbotsim.io.format.graph6.Graph6TopologySerializerTest" time="0.001"/>
  <testcase name="checkDecodeEncodeGraphs(String)[2659]" classname="io.jbotsim.io.format.graph6.Graph6TopologySerializerTest" time="0.004"/>
  <testcase name="checkDecodeEncodeGraphs(String)[2660]" classname="io.jbotsim.io.format.graph6.Graph6TopologySerializerTest" time="0.0"/>
  <testcase name="checkDecodeEncodeGraphs(String)[2661]" classname="io.jbotsim.io.format.graph6.Graph6TopologySerializerTest" time="0.0"/>
  <testcase name="checkDecodeEncodeGraphs(String)[2662]" classname="io.jbotsim.io.format.graph6.Graph6TopologySerializerTest" time="0.001"/>
  <testcase name="checkDecodeEncodeGraphs(String)[2663]" classname="io.jbotsim.io.format.graph6.Graph6TopologySerializerTest" time="0.0"/>
  <testcase name="checkDecodeEncodeGraphs(String)[2664]" classname="io.jbotsim.io.format.graph6.Graph6TopologySerializerTest" time="0.0"/>
  <testcase name="checkDecodeEncodeGraphs(String)[2665]" classname="io.jbotsim.io.format.graph6.Graph6TopologySerializerTest" time="0.001"/>
  <testcase name="checkDecodeEncodeGraphs(String)[2666]" classname="io.jbotsim.io.format.graph6.Graph6TopologySerializerTest" time="0.0"/>
  <testcase name="checkDecodeEncodeGraphs(String)[2667]" classname="io.jbotsim.io.format.graph6.Graph6TopologySerializerTest" time="0.0"/>
  <testcase name="checkDecodeEncodeGraphs(String)[2668]" classname="io.jbotsim.io.format.graph6.Graph6TopologySerializerTest" time="0.0"/>
  <testcase name="checkDecodeEncodeGraphs(String)[2669]" classname="io.jbotsim.io.format.graph6.Graph6TopologySerializerTest" time="0.0"/>
  <testcase name="checkDecodeEncodeGraphs(String)[2670]" classname="io.jbotsim.io.format.graph6.Graph6TopologySerializerTest" time="0.003"/>
  <testcase name="checkDecodeEncodeGraphs(String)[2671]" classname="io.jbotsim.io.format.graph6.Graph6TopologySerializerTest" time="0.0"/>
  <testcase name="checkDecodeEncodeGraphs(String)[2672]" classname="io.jbotsim.io.format.graph6.Graph6TopologySerializerTest" time="0.001"/>
  <testcase name="checkDecodeEncodeGraphs(String)[2673]" classname="io.jbotsim.io.format.graph6.Graph6TopologySerializerTest" time="0.0"/>
  <testcase name="checkDecodeEncodeGraphs(String)[2674]" classname="io.jbotsim.io.format.graph6.Graph6TopologySerializerTest" time="0.001"/>
  <testcase name="checkDecodeEncodeGraphs(String)[2675]" classname="io.jbotsim.io.format.graph6.Graph6TopologySerializerTest" time="0.001"/>
  <testcase name="checkDecodeEncodeGraphs(String)[2676]" classname="io.jbotsim.io.format.graph6.Graph6TopologySerializerTest" time="0.0"/>
  <testcase name="checkDecodeEncodeGraphs(String)[2677]" classname="io.jbotsim.io.format.graph6.Graph6TopologySerializerTest" time="0.0"/>
  <testcase name="checkDecodeEncodeGraphs(String)[2678]" classname="io.jbotsim.io.format.graph6.Graph6TopologySerializerTest" time="0.0"/>
  <testcase name="checkDecodeEncodeGraphs(String)[2679]" classname="io.jbotsim.io.format.graph6.Graph6TopologySerializerTest" time="0.0"/>
  <testcase name="checkDecodeEncodeGraphs(String)[2680]" classname="io.jbotsim.io.format.graph6.Graph6TopologySerializerTest" time="0.0"/>
  <testcase name="checkDecodeEncodeGraphs(String)[2681]" classname="io.jbotsim.io.format.graph6.Graph6TopologySerializerTest" time="0.0"/>
  <testcase name="checkDecodeEncodeGraphs(String)[2682]" classname="io.jbotsim.io.format.graph6.Graph6TopologySerializerTest" time="0.0"/>
  <testcase name="checkDecodeEncodeGraphs(String)[2683]" classname="io.jbotsim.io.format.graph6.Graph6TopologySerializerTest" time="0.001"/>
  <testcase name="checkDecodeEncodeGraphs(String)[2684]" classname="io.jbotsim.io.format.graph6.Graph6TopologySerializerTest" time="0.001"/>
  <testcase name="checkDecodeEncodeGraphs(String)[2685]" classname="io.jbotsim.io.format.graph6.Graph6TopologySerializerTest" time="0.0"/>
  <testcase name="checkDecodeEncodeGraphs(String)[2686]" classname="io.jbotsim.io.format.graph6.Graph6TopologySerializerTest" time="0.001"/>
  <testcase name="checkDecodeEncodeGraphs(String)[2687]" classname="io.jbotsim.io.format.graph6.Graph6TopologySerializerTest" time="0.0"/>
  <testcase name="checkDecodeEncodeGraphs(String)[2688]" classname="io.jbotsim.io.format.graph6.Graph6TopologySerializerTest" time="0.0"/>
  <testcase name="checkDecodeEncodeGraphs(String)[2689]" classname="io.jbotsim.io.format.graph6.Graph6TopologySerializerTest" time="0.0"/>
  <testcase name="checkDecodeEncodeGraphs(String)[2690]" classname="io.jbotsim.io.format.graph6.Graph6TopologySerializerTest" time="0.002"/>
  <testcase name="checkDecodeEncodeGraphs(String)[2691]" classname="io.jbotsim.io.format.graph6.Graph6TopologySerializerTest" time="0.0"/>
  <testcase name="checkDecodeEncodeGraphs(String)[2692]" classname="io.jbotsim.io.format.graph6.Graph6TopologySerializerTest" time="0.0"/>
  <testcase name="checkDecodeEncodeGraphs(String)[2693]" classname="io.jbotsim.io.format.graph6.Graph6TopologySerializerTest" time="0.0"/>
  <testcase name="checkDecodeEncodeGraphs(String)[2694]" classname="io.jbotsim.io.format.graph6.Graph6TopologySerializerTest" time="0.0"/>
  <testcase name="checkDecodeEncodeGraphs(String)[2695]" classname="io.jbotsim.io.format.graph6.Graph6TopologySerializerTest" time="0.0"/>
  <testcase name="checkDecodeEncodeGraphs(String)[2696]" classname="io.jbotsim.io.format.graph6.Graph6TopologySerializerTest" time="0.001"/>
  <testcase name="checkDecodeEncodeGraphs(String)[2697]" classname="io.jbotsim.io.format.graph6.Graph6TopologySerializerTest" time="0.0"/>
  <testcase name="checkDecodeEncodeGraphs(String)[2698]" classname="io.jbotsim.io.format.graph6.Graph6TopologySerializerTest" time="0.001"/>
  <testcase name="checkDecodeEncodeGraphs(String)[2699]" classname="io.jbotsim.io.format.graph6.Graph6TopologySerializerTest" time="0.001"/>
  <testcase name="checkDecodeEncodeGraphs(String)[2700]" classname="io.jbotsim.io.format.graph6.Graph6TopologySerializerTest" time="0.0"/>
  <testcase name="checkDecodeEncodeGraphs(String)[2701]" classname="io.jbotsim.io.format.graph6.Graph6TopologySerializerTest" time="0.0"/>
  <testcase name="checkDecodeEncodeGraphs(String)[2702]" classname="io.jbotsim.io.format.graph6.Graph6TopologySerializerTest" time="0.0"/>
  <testcase name="checkDecodeEncodeGraphs(String)[2703]" classname="io.jbotsim.io.format.graph6.Graph6TopologySerializerTest" time="0.0"/>
  <testcase name="checkDecodeEncodeGraphs(String)[2704]" classname="io.jbotsim.io.format.graph6.Graph6TopologySerializerTest" time="0.0"/>
  <testcase name="checkDecodeEncodeGraphs(String)[2705]" classname="io.jbotsim.io.format.graph6.Graph6TopologySerializerTest" time="0.0"/>
  <testcase name="checkDecodeEncodeGraphs(String)[2706]" classname="io.jbotsim.io.format.graph6.Graph6TopologySerializerTest" time="0.001"/>
  <testcase name="checkDecodeEncodeGraphs(String)[2707]" classname="io.jbotsim.io.format.graph6.Graph6TopologySerializerTest" time="0.0"/>
  <testcase name="checkDecodeEncodeGraphs(String)[2708]" classname="io.jbotsim.io.format.graph6.Graph6TopologySerializerTest" time="0.001"/>
  <testcase name="checkDecodeEncodeGraphs(String)[2709]" classname="io.jbotsim.io.format.graph6.Graph6TopologySerializerTest" time="0.0"/>
  <testcase name="checkDecodeEncodeGraphs(String)[2710]" classname="io.jbotsim.io.format.graph6.Graph6TopologySerializerTest" time="0.0"/>
  <testcase name="checkDecodeEncodeGraphs(String)[2711]" classname="io.jbotsim.io.format.graph6.Graph6TopologySerializerTest" time="0.001"/>
  <testcase name="checkDecodeEncodeGraphs(String)[2712]" classname="io.jbotsim.io.format.graph6.Graph6TopologySerializerTest" time="0.002"/>
  <testcase name="checkDecodeEncodeGraphs(String)[2713]" classname="io.jbotsim.io.format.graph6.Graph6TopologySerializerTest" time="0.0"/>
  <testcase name="checkDecodeEncodeGraphs(String)[2714]" classname="io.jbotsim.io.format.graph6.Graph6TopologySerializerTest" time="0.0"/>
  <testcase name="checkDecodeEncodeGraphs(String)[2715]" classname="io.jbotsim.io.format.graph6.Graph6TopologySerializerTest" time="0.001"/>
  <testcase name="checkDecodeEncodeGraphs(String)[2716]" classname="io.jbotsim.io.format.graph6.Graph6TopologySerializerTest" time="0.0"/>
  <testcase name="checkDecodeEncodeGraphs(String)[2717]" classname="io.jbotsim.io.format.graph6.Graph6TopologySerializerTest" time="0.001"/>
  <testcase name="checkDecodeEncodeGraphs(String)[2718]" classname="io.jbotsim.io.format.graph6.Graph6TopologySerializerTest" time="0.0"/>
  <testcase name="checkDecodeEncodeGraphs(String)[2719]" classname="io.jbotsim.io.format.graph6.Graph6TopologySerializerTest" time="0.0"/>
  <testcase name="checkDecodeEncodeGraphs(String)[2720]" classname="io.jbotsim.io.format.graph6.Graph6TopologySerializerTest" time="0.0"/>
  <testcase name="checkDecodeEncodeGraphs(String)[2721]" classname="io.jbotsim.io.format.graph6.Graph6TopologySerializerTest" time="0.002"/>
  <testcase name="checkDecodeEncodeGraphs(String)[2722]" classname="io.jbotsim.io.format.graph6.Graph6TopologySerializerTest" time="0.0"/>
  <testcase name="checkDecodeEncodeGraphs(String)[2723]" classname="io.jbotsim.io.format.graph6.Graph6TopologySerializerTest" time="0.0"/>
  <testcase name="checkDecodeEncodeGraphs(String)[2724]" classname="io.jbotsim.io.format.graph6.Graph6TopologySerializerTest" time="0.0"/>
  <testcase name="checkDecodeEncodeGraphs(String)[2725]" classname="io.jbotsim.io.format.graph6.Graph6TopologySerializerTest" time="0.0"/>
  <testcase name="checkDecodeEncodeGraphs(String)[2726]" classname="io.jbotsim.io.format.graph6.Graph6TopologySerializerTest" time="0.001"/>
  <testcase name="checkDecodeEncodeGraphs(String)[2727]" classname="io.jbotsim.io.format.graph6.Graph6TopologySerializerTest" time="0.0"/>
  <testcase name="checkDecodeEncodeGraphs(String)[2728]" classname="io.jbotsim.io.format.graph6.Graph6TopologySerializerTest" time="0.001"/>
  <testcase name="checkDecodeEncodeGraphs(String)[2729]" classname="io.jbotsim.io.format.graph6.Graph6TopologySerializerTest" time="0.0"/>
  <testcase name="checkDecodeEncodeGraphs(String)[2730]" classname="io.jbotsim.io.format.graph6.Graph6TopologySerializerTest" time="0.0"/>
  <testcase name="checkDecodeEncodeGraphs(String)[2731]" classname="io.jbotsim.io.format.graph6.Graph6TopologySerializerTest" time="0.0"/>
  <testcase name="checkDecodeEncodeGraphs(String)[2732]" classname="io.jbotsim.io.format.graph6.Graph6TopologySerializerTest" time="0.0"/>
  <testcase name="checkDecodeEncodeGraphs(String)[2733]" classname="io.jbotsim.io.format.graph6.Graph6TopologySerializerTest" time="0.0"/>
  <testcase name="checkDecodeEncodeGraphs(String)[2734]" classname="io.jbotsim.io.format.graph6.Graph6TopologySerializerTest" time="0.002"/>
  <testcase name="checkDecodeEncodeGraphs(String)[2735]" classname="io.jbotsim.io.format.graph6.Graph6TopologySerializerTest" time="0.0"/>
  <testcase name="checkDecodeEncodeGraphs(String)[2736]" classname="io.jbotsim.io.format.graph6.Graph6TopologySerializerTest" time="0.0"/>
  <testcase name="checkDecodeEncodeGraphs(String)[2737]" classname="io.jbotsim.io.format.graph6.Graph6TopologySerializerTest" time="0.0"/>
  <testcase name="checkDecodeEncodeGraphs(String)[2738]" classname="io.jbotsim.io.format.graph6.Graph6TopologySerializerTest" time="0.0"/>
  <testcase name="checkDecodeEncodeGraphs(String)[2739]" classname="io.jbotsim.io.format.graph6.Graph6TopologySerializerTest" time="0.0"/>
  <testcase name="checkDecodeEncodeGraphs(String)[2740]" classname="io.jbotsim.io.format.graph6.Graph6TopologySerializerTest" time="0.001"/>
  <testcase name="checkDecodeEncodeGraphs(String)[2741]" classname="io.jbotsim.io.format.graph6.Graph6TopologySerializerTest" time="0.0"/>
  <testcase name="checkDecodeEncodeGraphs(String)[2742]" classname="io.jbotsim.io.format.graph6.Graph6TopologySerializerTest" time="0.0"/>
  <testcase name="checkDecodeEncodeGraphs(String)[2743]" classname="io.jbotsim.io.format.graph6.Graph6TopologySerializerTest" time="0.0"/>
  <testcase name="checkDecodeEncodeGraphs(String)[2744]" classname="io.jbotsim.io.format.graph6.Graph6TopologySerializerTest" time="0.001"/>
  <testcase name="checkDecodeEncodeGraphs(String)[2745]" classname="io.jbotsim.io.format.graph6.Graph6TopologySerializerTest" time="0.0"/>
  <testcase name="checkDecodeEncodeGraphs(String)[2746]" classname="io.jbotsim.io.format.graph6.Graph6TopologySerializerTest" time="0.0"/>
  <testcase name="checkDecodeEncodeGraphs(String)[2747]" classname="io.jbotsim.io.format.graph6.Graph6TopologySerializerTest" time="0.002"/>
  <testcase name="checkDecodeEncodeGraphs(String)[2748]" classname="io.jbotsim.io.format.graph6.Graph6TopologySerializerTest" time="0.001"/>
  <testcase name="checkDecodeEncodeGraphs(String)[2749]" classname="io.jbotsim.io.format.graph6.Graph6TopologySerializerTest" time="0.001"/>
  <testcase name="checkDecodeEncodeGraphs(String)[2750]" classname="io.jbotsim.io.format.graph6.Graph6TopologySerializerTest" time="0.0"/>
  <testcase name="checkDecodeEncodeGraphs(String)[2751]" classname="io.jbotsim.io.format.graph6.Graph6TopologySerializerTest" time="0.0"/>
  <testcase name="checkDecodeEncodeGraphs(String)[2752]" classname="io.jbotsim.io.format.graph6.Graph6TopologySerializerTest" time="0.0"/>
  <testcase name="checkDecodeEncodeGraphs(String)[2753]" classname="io.jbotsim.io.format.graph6.Graph6TopologySerializerTest" time="0.004"/>
  <testcase name="checkDecodeEncodeGraphs(String)[2754]" classname="io.jbotsim.io.format.graph6.Graph6TopologySerializerTest" time="0.0"/>
  <testcase name="checkDecodeEncodeGraphs(String)[2755]" classname="io.jbotsim.io.format.graph6.Graph6TopologySerializerTest" time="0.001"/>
  <testcase name="checkDecodeEncodeGraphs(String)[2756]" classname="io.jbotsim.io.format.graph6.Graph6TopologySerializerTest" time="0.0"/>
  <testcase name="checkDecodeEncodeGraphs(String)[2757]" classname="io.jbotsim.io.format.graph6.Graph6TopologySerializerTest" time="0.0"/>
  <testcase name="checkDecodeEncodeGraphs(String)[2758]" classname="io.jbotsim.io.format.graph6.Graph6TopologySerializerTest" time="0.0"/>
  <testcase name="checkDecodeEncodeGraphs(String)[2759]" classname="io.jbotsim.io.format.graph6.Graph6TopologySerializerTest" time="0.0"/>
  <testcase name="checkDecodeEncodeGraphs(String)[2760]" classname="io.jbotsim.io.format.graph6.Graph6TopologySerializerTest" time="0.0"/>
  <testcase name="checkDecodeEncodeGraphs(String)[2761]" classname="io.jbotsim.io.format.graph6.Graph6TopologySerializerTest" time="0.004"/>
  <testcase name="checkDecodeEncodeGraphs(String)[2762]" classname="io.jbotsim.io.format.graph6.Graph6TopologySerializerTest" time="0.001"/>
  <testcase name="checkDecodeEncodeGraphs(String)[2763]" classname="io.jbotsim.io.format.graph6.Graph6TopologySerializerTest" time="0.0"/>
  <testcase name="checkDecodeEncodeGraphs(String)[2764]" classname="io.jbotsim.io.format.graph6.Graph6TopologySerializerTest" time="0.0"/>
  <testcase name="checkDecodeEncodeGraphs(String)[2765]" classname="io.jbotsim.io.format.graph6.Graph6TopologySerializerTest" time="0.003"/>
  <testcase name="checkDecodeEncodeGraphs(String)[2766]" classname="io.jbotsim.io.format.graph6.Graph6TopologySerializerTest" time="0.0"/>
  <testcase name="checkDecodeEncodeGraphs(String)[2767]" classname="io.jbotsim.io.format.graph6.Graph6TopologySerializerTest" time="0.0"/>
  <testcase name="checkDecodeEncodeGraphs(String)[2768]" classname="io.jbotsim.io.format.graph6.Graph6TopologySerializerTest" time="0.001"/>
  <testcase name="checkDecodeEncodeGraphs(String)[2769]" classname="io.jbotsim.io.format.graph6.Graph6TopologySerializerTest" time="0.0"/>
  <testcase name="checkDecodeEncodeGraphs(String)[2770]" classname="io.jbotsim.io.format.graph6.Graph6TopologySerializerTest" time="0.0"/>
  <testcase name="checkDecodeEncodeGraphs(String)[2771]" classname="io.jbotsim.io.format.graph6.Graph6TopologySerializerTest" time="0.001"/>
  <testcase name="checkDecodeEncodeGraphs(String)[2772]" classname="io.jbotsim.io.format.graph6.Graph6TopologySerializerTest" time="0.0"/>
  <testcase name="checkDecodeEncodeGraphs(String)[2773]" classname="io.jbotsim.io.format.graph6.Graph6TopologySerializerTest" time="0.0"/>
  <testcase name="checkDecodeEncodeGraphs(String)[2774]" classname="io.jbotsim.io.format.graph6.Graph6TopologySerializerTest" time="0.001"/>
  <testcase name="checkDecodeEncodeGraphs(String)[2775]" classname="io.jbotsim.io.format.graph6.Graph6TopologySerializerTest" time="0.001"/>
  <testcase name="checkDecodeEncodeGraphs(String)[2776]" classname="io.jbotsim.io.format.graph6.Graph6TopologySerializerTest" time="0.0"/>
  <testcase name="checkDecodeEncodeGraphs(String)[2777]" classname="io.jbotsim.io.format.graph6.Graph6TopologySerializerTest" time="0.0"/>
  <testcase name="checkDecodeEncodeGraphs(String)[2778]" classname="io.jbotsim.io.format.graph6.Graph6TopologySerializerTest" time="0.0"/>
  <testcase name="checkDecodeEncodeGraphs(String)[2779]" classname="io.jbotsim.io.format.graph6.Graph6TopologySerializerTest" time="0.003"/>
  <testcase name="checkDecodeEncodeGraphs(String)[2780]" classname="io.jbotsim.io.format.graph6.Graph6TopologySerializerTest" time="0.002"/>
  <testcase name="checkDecodeEncodeGraphs(String)[2781]" classname="io.jbotsim.io.format.graph6.Graph6TopologySerializerTest" time="0.003"/>
  <testcase name="checkDecodeEncodeGraphs(String)[2782]" classname="io.jbotsim.io.format.graph6.Graph6TopologySerializerTest" time="0.001"/>
  <testcase name="checkDecodeEncodeGraphs(String)[2783]" classname="io.jbotsim.io.format.graph6.Graph6TopologySerializerTest" time="0.0"/>
  <testcase name="checkDecodeEncodeGraphs(String)[2784]" classname="io.jbotsim.io.format.graph6.Graph6TopologySerializerTest" time="0.001"/>
  <testcase name="checkDecodeEncodeGraphs(String)[2785]" classname="io.jbotsim.io.format.graph6.Graph6TopologySerializerTest" time="0.0"/>
  <testcase name="checkDecodeEncodeGraphs(String)[2786]" classname="io.jbotsim.io.format.graph6.Graph6TopologySerializerTest" time="0.001"/>
  <testcase name="checkDecodeEncodeGraphs(String)[2787]" classname="io.jbotsim.io.format.graph6.Graph6TopologySerializerTest" time="0.0"/>
  <testcase name="checkDecodeEncodeGraphs(String)[2788]" classname="io.jbotsim.io.format.graph6.Graph6TopologySerializerTest" time="0.001"/>
  <testcase name="checkDecodeEncodeGraphs(String)[2789]" classname="io.jbotsim.io.format.graph6.Graph6TopologySerializerTest" time="0.001"/>
  <testcase name="checkDecodeEncodeGraphs(String)[2790]" classname="io.jbotsim.io.format.graph6.Graph6TopologySerializerTest" time="0.0"/>
  <testcase name="checkDecodeEncodeGraphs(String)[2791]" classname="io.jbotsim.io.format.graph6.Graph6TopologySerializerTest" time="0.001"/>
  <testcase name="checkDecodeEncodeGraphs(String)[2792]" classname="io.jbotsim.io.format.graph6.Graph6TopologySerializerTest" time="0.0"/>
  <testcase name="checkDecodeEncodeGraphs(String)[2793]" classname="io.jbotsim.io.format.graph6.Graph6TopologySerializerTest" time="0.0"/>
  <testcase name="checkDecodeEncodeGraphs(String)[2794]" classname="io.jbotsim.io.format.graph6.Graph6TopologySerializerTest" time="0.0"/>
  <testcase name="checkDecodeEncodeGraphs(String)[2795]" classname="io.jbotsim.io.format.graph6.Graph6TopologySerializerTest" time="0.0"/>
  <testcase name="checkDecodeEncodeGraphs(String)[2796]" classname="io.jbotsim.io.format.graph6.Graph6TopologySerializerTest" time="0.0"/>
  <testcase name="checkDecodeEncodeGraphs(String)[2797]" classname="io.jbotsim.io.format.graph6.Graph6TopologySerializerTest" time="0.0"/>
  <testcase name="checkDecodeEncodeGraphs(String)[2798]" classname="io.jbotsim.io.format.graph6.Graph6TopologySerializerTest" time="0.0"/>
  <testcase name="checkDecodeEncodeGraphs(String)[2799]" classname="io.jbotsim.io.format.graph6.Graph6TopologySerializerTest" time="0.0"/>
  <testcase name="checkDecodeEncodeGraphs(String)[2800]" classname="io.jbotsim.io.format.graph6.Graph6TopologySerializerTest" time="0.0"/>
  <testcase name="checkDecodeEncodeGraphs(String)[2801]" classname="io.jbotsim.io.format.graph6.Graph6TopologySerializerTest" time="0.0"/>
  <testcase name="checkDecodeEncodeGraphs(String)[2802]" classname="io.jbotsim.io.format.graph6.Graph6TopologySerializerTest" time="0.0"/>
  <testcase name="checkDecodeEncodeGraphs(String)[2803]" classname="io.jbotsim.io.format.graph6.Graph6TopologySerializerTest" time="0.0"/>
  <testcase name="checkDecodeEncodeGraphs(String)[2804]" classname="io.jbotsim.io.format.graph6.Graph6TopologySerializerTest" time="0.0"/>
  <testcase name="checkDecodeEncodeGraphs(String)[2805]" classname="io.jbotsim.io.format.graph6.Graph6TopologySerializerTest" time="0.0"/>
  <testcase name="checkDecodeEncodeGraphs(String)[2806]" classname="io.jbotsim.io.format.graph6.Graph6TopologySerializerTest" time="0.0"/>
  <testcase name="checkDecodeEncodeGraphs(String)[2807]" classname="io.jbotsim.io.format.graph6.Graph6TopologySerializerTest" time="0.0"/>
  <testcase name="checkDecodeEncodeGraphs(String)[2808]" classname="io.jbotsim.io.format.graph6.Graph6TopologySerializerTest" time="0.0"/>
  <testcase name="checkDecodeEncodeGraphs(String)[2809]" classname="io.jbotsim.io.format.graph6.Graph6TopologySerializerTest" time="0.0"/>
  <testcase name="checkDecodeEncodeGraphs(String)[2810]" classname="io.jbotsim.io.format.graph6.Graph6TopologySerializerTest" time="0.001"/>
  <testcase name="checkDecodeEncodeGraphs(String)[2811]" classname="io.jbotsim.io.format.graph6.Graph6TopologySerializerTest" time="0.0"/>
  <testcase name="checkDecodeEncodeGraphs(String)[2812]" classname="io.jbotsim.io.format.graph6.Graph6TopologySerializerTest" time="0.0"/>
  <testcase name="checkDecodeEncodeGraphs(String)[2813]" classname="io.jbotsim.io.format.graph6.Graph6TopologySerializerTest" time="0.0"/>
  <testcase name="checkDecodeEncodeGraphs(String)[2814]" classname="io.jbotsim.io.format.graph6.Graph6TopologySerializerTest" time="0.002"/>
  <testcase name="checkDecodeEncodeGraphs(String)[2815]" classname="io.jbotsim.io.format.graph6.Graph6TopologySerializerTest" time="0.0"/>
  <testcase name="checkDecodeEncodeGraphs(String)[2816]" classname="io.jbotsim.io.format.graph6.Graph6TopologySerializerTest" time="0.001"/>
  <testcase name="checkDecodeEncodeGraphs(String)[2817]" classname="io.jbotsim.io.format.graph6.Graph6TopologySerializerTest" time="0.0"/>
  <testcase name="checkDecodeEncodeGraphs(String)[2818]" classname="io.jbotsim.io.format.graph6.Graph6TopologySerializerTest" time="0.0"/>
  <testcase name="checkDecodeEncodeGraphs(String)[2819]" classname="io.jbotsim.io.format.graph6.Graph6TopologySerializerTest" time="0.001"/>
  <testcase name="checkDecodeEncodeGraphs(String)[2820]" classname="io.jbotsim.io.format.graph6.Graph6TopologySerializerTest" time="0.0"/>
  <testcase name="checkDecodeEncodeGraphs(String)[2821]" classname="io.jbotsim.io.format.graph6.Graph6TopologySerializerTest" time="0.0"/>
  <testcase name="checkDecodeEncodeGraphs(String)[2822]" classname="io.jbotsim.io.format.graph6.Graph6TopologySerializerTest" time="0.0"/>
  <testcase name="checkDecodeEncodeGraphs(String)[2823]" classname="io.jbotsim.io.format.graph6.Graph6TopologySerializerTest" time="0.0"/>
  <testcase name="checkDecodeEncodeGraphs(String)[2824]" classname="io.jbotsim.io.format.graph6.Graph6TopologySerializerTest" time="0.0"/>
  <testcase name="checkDecodeEncodeGraphs(String)[2825]" classname="io.jbotsim.io.format.graph6.Graph6TopologySerializerTest" time="0.0"/>
  <testcase name="checkDecodeEncodeGraphs(String)[2826]" classname="io.jbotsim.io.format.graph6.Graph6TopologySerializerTest" time="0.0"/>
  <testcase name="checkDecodeEncodeGraphs(String)[2827]" classname="io.jbotsim.io.format.graph6.Graph6TopologySerializerTest" time="0.0"/>
  <testcase name="checkDecodeEncodeGraphs(String)[2828]" classname="io.jbotsim.io.format.graph6.Graph6TopologySerializerTest" time="0.001"/>
  <testcase name="checkDecodeEncodeGraphs(String)[2829]" classname="io.jbotsim.io.format.graph6.Graph6TopologySerializerTest" time="0.003"/>
  <testcase name="checkDecodeEncodeGraphs(String)[2830]" classname="io.jbotsim.io.format.graph6.Graph6TopologySerializerTest" time="0.001"/>
  <testcase name="checkDecodeEncodeGraphs(String)[2831]" classname="io.jbotsim.io.format.graph6.Graph6TopologySerializerTest" time="0.0"/>
  <testcase name="checkDecodeEncodeGraphs(String)[2832]" classname="io.jbotsim.io.format.graph6.Graph6TopologySerializerTest" time="0.0"/>
  <testcase name="checkDecodeEncodeGraphs(String)[2833]" classname="io.jbotsim.io.format.graph6.Graph6TopologySerializerTest" time="0.0"/>
  <testcase name="checkDecodeEncodeGraphs(String)[2834]" classname="io.jbotsim.io.format.graph6.Graph6TopologySerializerTest" time="0.0"/>
  <testcase name="checkDecodeEncodeGraphs(String)[2835]" classname="io.jbotsim.io.format.graph6.Graph6TopologySerializerTest" time="0.0"/>
  <testcase name="checkDecodeEncodeGraphs(String)[2836]" classname="io.jbotsim.io.format.graph6.Graph6TopologySerializerTest" time="0.0"/>
  <testcase name="checkDecodeEncodeGraphs(String)[2837]" classname="io.jbotsim.io.format.graph6.Graph6TopologySerializerTest" time="0.0"/>
  <testcase name="checkDecodeEncodeGraphs(String)[2838]" classname="io.jbotsim.io.format.graph6.Graph6TopologySerializerTest" time="0.0"/>
  <testcase name="checkDecodeEncodeGraphs(String)[2839]" classname="io.jbotsim.io.format.graph6.Graph6TopologySerializerTest" time="0.0"/>
  <testcase name="checkDecodeEncodeGraphs(String)[2840]" classname="io.jbotsim.io.format.graph6.Graph6TopologySerializerTest" time="0.0"/>
  <testcase name="checkDecodeEncodeGraphs(String)[2841]" classname="io.jbotsim.io.format.graph6.Graph6TopologySerializerTest" time="0.0"/>
  <testcase name="checkDecodeEncodeGraphs(String)[2842]" classname="io.jbotsim.io.format.graph6.Graph6TopologySerializerTest" time="0.0"/>
  <testcase name="checkDecodeEncodeGraphs(String)[2843]" classname="io.jbotsim.io.format.graph6.Graph6TopologySerializerTest" time="0.001"/>
  <testcase name="checkDecodeEncodeGraphs(String)[2844]" classname="io.jbotsim.io.format.graph6.Graph6TopologySerializerTest" time="0.0"/>
  <testcase name="checkDecodeEncodeGraphs(String)[2845]" classname="io.jbotsim.io.format.graph6.Graph6TopologySerializerTest" time="0.002"/>
  <testcase name="checkDecodeEncodeGraphs(String)[2846]" classname="io.jbotsim.io.format.graph6.Graph6TopologySerializerTest" time="0.0"/>
  <testcase name="checkDecodeEncodeGraphs(String)[2847]" classname="io.jbotsim.io.format.graph6.Graph6TopologySerializerTest" time="0.0"/>
  <testcase name="checkDecodeEncodeGraphs(String)[2848]" classname="io.jbotsim.io.format.graph6.Graph6TopologySerializerTest" time="0.001"/>
  <testcase name="checkDecodeEncodeGraphs(String)[2849]" classname="io.jbotsim.io.format.graph6.Graph6TopologySerializerTest" time="0.0"/>
  <testcase name="checkDecodeEncodeGraphs(String)[2850]" classname="io.jbotsim.io.format.graph6.Graph6TopologySerializerTest" time="0.0"/>
  <testcase name="checkDecodeEncodeGraphs(String)[2851]" classname="io.jbotsim.io.format.graph6.Graph6TopologySerializerTest" time="0.001"/>
  <testcase name="checkDecodeEncodeGraphs(String)[2852]" classname="io.jbotsim.io.format.graph6.Graph6TopologySerializerTest" time="0.0"/>
  <testcase name="checkDecodeEncodeGraphs(String)[2853]" classname="io.jbotsim.io.format.graph6.Graph6TopologySerializerTest" time="0.0"/>
  <testcase name="checkDecodeEncodeGraphs(String)[2854]" classname="io.jbotsim.io.format.graph6.Graph6TopologySerializerTest" time="0.001"/>
  <testcase name="checkDecodeEncodeGraphs(String)[2855]" classname="io.jbotsim.io.format.graph6.Graph6TopologySerializerTest" time="0.0"/>
  <testcase name="checkDecodeEncodeGraphs(String)[2856]" classname="io.jbotsim.io.format.graph6.Graph6TopologySerializerTest" time="0.001"/>
  <testcase name="checkDecodeEncodeGraphs(String)[2857]" classname="io.jbotsim.io.format.graph6.Graph6TopologySerializerTest" time="0.003"/>
  <testcase name="checkDecodeEncodeGraphs(String)[2858]" classname="io.jbotsim.io.format.graph6.Graph6TopologySerializerTest" time="0.0"/>
  <testcase name="checkDecodeEncodeGraphs(String)[2859]" classname="io.jbotsim.io.format.graph6.Graph6TopologySerializerTest" time="0.0"/>
  <testcase name="checkDecodeEncodeGraphs(String)[2860]" classname="io.jbotsim.io.format.graph6.Graph6TopologySerializerTest" time="0.0"/>
  <testcase name="checkDecodeEncodeGraphs(String)[2861]" classname="io.jbotsim.io.format.graph6.Graph6TopologySerializerTest" time="0.0"/>
  <testcase name="checkDecodeEncodeGraphs(String)[2862]" classname="io.jbotsim.io.format.graph6.Graph6TopologySerializerTest" time="0.0"/>
  <testcase name="checkDecodeEncodeGraphs(String)[2863]" classname="io.jbotsim.io.format.graph6.Graph6TopologySerializerTest" time="0.0"/>
  <testcase name="checkDecodeEncodeGraphs(String)[2864]" classname="io.jbotsim.io.format.graph6.Graph6TopologySerializerTest" time="0.0"/>
  <testcase name="checkDecodeEncodeGraphs(String)[2865]" classname="io.jbotsim.io.format.graph6.Graph6TopologySerializerTest" time="0.0"/>
  <testcase name="checkDecodeEncodeGraphs(String)[2866]" classname="io.jbotsim.io.format.graph6.Graph6TopologySerializerTest" time="0.0"/>
  <testcase name="checkDecodeEncodeGraphs(String)[2867]" classname="io.jbotsim.io.format.graph6.Graph6TopologySerializerTest" time="0.001"/>
  <testcase name="checkDecodeEncodeGraphs(String)[2868]" classname="io.jbotsim.io.format.graph6.Graph6TopologySerializerTest" time="0.0"/>
  <testcase name="checkDecodeEncodeGraphs(String)[2869]" classname="io.jbotsim.io.format.graph6.Graph6TopologySerializerTest" time="0.001"/>
  <testcase name="checkDecodeEncodeGraphs(String)[2870]" classname="io.jbotsim.io.format.graph6.Graph6TopologySerializerTest" time="0.002"/>
  <testcase name="checkDecodeEncodeGraphs(String)[2871]" classname="io.jbotsim.io.format.graph6.Graph6TopologySerializerTest" time="0.001"/>
  <testcase name="checkDecodeEncodeGraphs(String)[2872]" classname="io.jbotsim.io.format.graph6.Graph6TopologySerializerTest" time="0.001"/>
  <testcase name="checkDecodeEncodeGraphs(String)[2873]" classname="io.jbotsim.io.format.graph6.Graph6TopologySerializerTest" time="0.0"/>
  <testcase name="checkDecodeEncodeGraphs(String)[2874]" classname="io.jbotsim.io.format.graph6.Graph6TopologySerializerTest" time="0.002"/>
  <testcase name="checkDecodeEncodeGraphs(String)[2875]" classname="io.jbotsim.io.format.graph6.Graph6TopologySerializerTest" time="0.0"/>
  <testcase name="checkDecodeEncodeGraphs(String)[2876]" classname="io.jbotsim.io.format.graph6.Graph6TopologySerializerTest" time="0.0"/>
  <testcase name="checkDecodeEncodeGraphs(String)[2877]" classname="io.jbotsim.io.format.graph6.Graph6TopologySerializerTest" time="0.0"/>
  <testcase name="checkDecodeEncodeGraphs(String)[2878]" classname="io.jbotsim.io.format.graph6.Graph6TopologySerializerTest" time="0.0"/>
  <testcase name="checkDecodeEncodeGraphs(String)[2879]" classname="io.jbotsim.io.format.graph6.Graph6TopologySerializerTest" time="0.0"/>
  <testcase name="checkDecodeEncodeGraphs(String)[2880]" classname="io.jbotsim.io.format.graph6.Graph6TopologySerializerTest" time="0.0"/>
  <testcase name="checkDecodeEncodeGraphs(String)[2881]" classname="io.jbotsim.io.format.graph6.Graph6TopologySerializerTest" time="0.002"/>
  <testcase name="checkDecodeEncodeGraphs(String)[2882]" classname="io.jbotsim.io.format.graph6.Graph6TopologySerializerTest" time="0.0"/>
  <testcase name="checkDecodeEncodeGraphs(String)[2883]" classname="io.jbotsim.io.format.graph6.Graph6TopologySerializerTest" time="0.0"/>
  <testcase name="checkDecodeEncodeGraphs(String)[2884]" classname="io.jbotsim.io.format.graph6.Graph6TopologySerializerTest" time="0.0"/>
  <testcase name="checkDecodeEncodeGraphs(String)[2885]" classname="io.jbotsim.io.format.graph6.Graph6TopologySerializerTest" time="0.0"/>
  <testcase name="checkDecodeEncodeGraphs(String)[2886]" classname="io.jbotsim.io.format.graph6.Graph6TopologySerializerTest" time="0.001"/>
  <testcase name="checkDecodeEncodeGraphs(String)[2887]" classname="io.jbotsim.io.format.graph6.Graph6TopologySerializerTest" time="0.0"/>
  <testcase name="checkDecodeEncodeGraphs(String)[2888]" classname="io.jbotsim.io.format.graph6.Graph6TopologySerializerTest" time="0.0"/>
  <testcase name="checkDecodeEncodeGraphs(String)[2889]" classname="io.jbotsim.io.format.graph6.Graph6TopologySerializerTest" time="0.0"/>
  <testcase name="checkDecodeEncodeGraphs(String)[2890]" classname="io.jbotsim.io.format.graph6.Graph6TopologySerializerTest" time="0.0"/>
  <testcase name="checkDecodeEncodeGraphs(String)[2891]" classname="io.jbotsim.io.format.graph6.Graph6TopologySerializerTest" time="0.001"/>
  <testcase name="checkDecodeEncodeGraphs(String)[2892]" classname="io.jbotsim.io.format.graph6.Graph6TopologySerializerTest" time="0.001"/>
  <testcase name="checkDecodeEncodeGraphs(String)[2893]" classname="io.jbotsim.io.format.graph6.Graph6TopologySerializerTest" time="0.0"/>
  <testcase name="checkDecodeEncodeGraphs(String)[2894]" classname="io.jbotsim.io.format.graph6.Graph6TopologySerializerTest" time="0.001"/>
  <testcase name="checkDecodeEncodeGraphs(String)[2895]" classname="io.jbotsim.io.format.graph6.Graph6TopologySerializerTest" time="0.0"/>
  <testcase name="checkDecodeEncodeGraphs(String)[2896]" classname="io.jbotsim.io.format.graph6.Graph6TopologySerializerTest" time="0.0"/>
  <testcase name="checkDecodeEncodeGraphs(String)[2897]" classname="io.jbotsim.io.format.graph6.Graph6TopologySerializerTest" time="0.0"/>
  <testcase name="checkDecodeEncodeGraphs(String)[2898]" classname="io.jbotsim.io.format.graph6.Graph6TopologySerializerTest" time="0.0"/>
  <testcase name="checkDecodeEncodeGraphs(String)[2899]" classname="io.jbotsim.io.format.graph6.Graph6TopologySerializerTest" time="0.0"/>
  <testcase name="checkDecodeEncodeGraphs(String)[2900]" classname="io.jbotsim.io.format.graph6.Graph6TopologySerializerTest" time="0.0"/>
  <testcase name="checkDecodeEncodeGraphs(String)[2901]" classname="io.jbotsim.io.format.graph6.Graph6TopologySerializerTest" time="0.001"/>
  <testcase name="checkDecodeEncodeGraphs(String)[2902]" classname="io.jbotsim.io.format.graph6.Graph6TopologySerializerTest" time="0.0"/>
  <testcase name="checkDecodeEncodeGraphs(String)[2903]" classname="io.jbotsim.io.format.graph6.Graph6TopologySerializerTest" time="0.001"/>
  <testcase name="checkDecodeEncodeGraphs(String)[2904]" classname="io.jbotsim.io.format.graph6.Graph6TopologySerializerTest" time="0.0"/>
  <testcase name="checkDecodeEncodeGraphs(String)[2905]" classname="io.jbotsim.io.format.graph6.Graph6TopologySerializerTest" time="0.0"/>
  <testcase name="checkDecodeEncodeGraphs(String)[2906]" classname="io.jbotsim.io.format.graph6.Graph6TopologySerializerTest" time="0.0"/>
  <testcase name="checkDecodeEncodeGraphs(String)[2907]" classname="io.jbotsim.io.format.graph6.Graph6TopologySerializerTest" time="0.0"/>
  <testcase name="checkDecodeEncodeGraphs(String)[2908]" classname="io.jbotsim.io.format.graph6.Graph6TopologySerializerTest" time="0.0"/>
  <testcase name="checkDecodeEncodeGraphs(String)[2909]" classname="io.jbotsim.io.format.graph6.Graph6TopologySerializerTest" time="0.0"/>
  <testcase name="checkDecodeEncodeGraphs(String)[2910]" classname="io.jbotsim.io.format.graph6.Graph6TopologySerializerTest" time="0.0"/>
  <testcase name="checkDecodeEncodeGraphs(String)[2911]" classname="io.jbotsim.io.format.graph6.Graph6TopologySerializerTest" time="0.0"/>
  <testcase name="checkDecodeEncodeGraphs(String)[2912]" classname="io.jbotsim.io.format.graph6.Graph6TopologySerializerTest" time="0.001"/>
  <testcase name="checkDecodeEncodeGraphs(String)[2913]" classname="io.jbotsim.io.format.graph6.Graph6TopologySerializerTest" time="0.0"/>
  <testcase name="checkDecodeEncodeGraphs(String)[2914]" classname="io.jbotsim.io.format.graph6.Graph6TopologySerializerTest" time="0.0"/>
  <testcase name="checkDecodeEncodeGraphs(String)[2915]" classname="io.jbotsim.io.format.graph6.Graph6TopologySerializerTest" time="0.002"/>
  <testcase name="checkDecodeEncodeGraphs(String)[2916]" classname="io.jbotsim.io.format.graph6.Graph6TopologySerializerTest" time="0.001"/>
  <testcase name="checkDecodeEncodeGraphs(String)[2917]" classname="io.jbotsim.io.format.graph6.Graph6TopologySerializerTest" time="0.0"/>
  <testcase name="checkDecodeEncodeGraphs(String)[2918]" classname="io.jbotsim.io.format.graph6.Graph6TopologySerializerTest" time="0.0"/>
  <testcase name="checkDecodeEncodeGraphs(String)[2919]" classname="io.jbotsim.io.format.graph6.Graph6TopologySerializerTest" time="0.0"/>
  <testcase name="checkDecodeEncodeGraphs(String)[2920]" classname="io.jbotsim.io.format.graph6.Graph6TopologySerializerTest" time="0.0"/>
  <testcase name="checkDecodeEncodeGraphs(String)[2921]" classname="io.jbotsim.io.format.graph6.Graph6TopologySerializerTest" time="0.0"/>
  <testcase name="checkDecodeEncodeGraphs(String)[2922]" classname="io.jbotsim.io.format.graph6.Graph6TopologySerializerTest" time="0.0"/>
  <testcase name="checkDecodeEncodeGraphs(String)[2923]" classname="io.jbotsim.io.format.graph6.Graph6TopologySerializerTest" time="0.0"/>
  <testcase name="checkDecodeEncodeGraphs(String)[2924]" classname="io.jbotsim.io.format.graph6.Graph6TopologySerializerTest" time="0.001"/>
  <testcase name="checkDecodeEncodeGraphs(String)[2925]" classname="io.jbotsim.io.format.graph6.Graph6TopologySerializerTest" time="0.0"/>
  <testcase name="checkDecodeEncodeGraphs(String)[2926]" classname="io.jbotsim.io.format.graph6.Graph6TopologySerializerTest" time="0.0"/>
  <testcase name="checkDecodeEncodeGraphs(String)[2927]" classname="io.jbotsim.io.format.graph6.Graph6TopologySerializerTest" time="0.001"/>
  <testcase name="checkDecodeEncodeGraphs(String)[2928]" classname="io.jbotsim.io.format.graph6.Graph6TopologySerializerTest" time="0.001"/>
  <testcase name="checkDecodeEncodeGraphs(String)[2929]" classname="io.jbotsim.io.format.graph6.Graph6TopologySerializerTest" time="0.0"/>
  <testcase name="checkDecodeEncodeGraphs(String)[2930]" classname="io.jbotsim.io.format.graph6.Graph6TopologySerializerTest" time="0.0"/>
  <testcase name="checkDecodeEncodeGraphs(String)[2931]" classname="io.jbotsim.io.format.graph6.Graph6TopologySerializerTest" time="0.0"/>
  <testcase name="checkDecodeEncodeGraphs(String)[2932]" classname="io.jbotsim.io.format.graph6.Graph6TopologySerializerTest" time="0.0"/>
  <testcase name="checkDecodeEncodeGraphs(String)[2933]" classname="io.jbotsim.io.format.graph6.Graph6TopologySerializerTest" time="0.0"/>
  <testcase name="checkDecodeEncodeGraphs(String)[2934]" classname="io.jbotsim.io.format.graph6.Graph6TopologySerializerTest" time="0.001"/>
  <testcase name="checkDecodeEncodeGraphs(String)[2935]" classname="io.jbotsim.io.format.graph6.Graph6TopologySerializerTest" time="0.0"/>
  <testcase name="checkDecodeEncodeGraphs(String)[2936]" classname="io.jbotsim.io.format.graph6.Graph6TopologySerializerTest" time="0.001"/>
  <testcase name="checkDecodeEncodeGraphs(String)[2937]" classname="io.jbotsim.io.format.graph6.Graph6TopologySerializerTest" time="0.0"/>
  <testcase name="checkDecodeEncodeGraphs(String)[2938]" classname="io.jbotsim.io.format.graph6.Graph6TopologySerializerTest" time="0.0"/>
  <testcase name="checkDecodeEncodeGraphs(String)[2939]" classname="io.jbotsim.io.format.graph6.Graph6TopologySerializerTest" time="0.0"/>
  <testcase name="checkDecodeEncodeGraphs(String)[2940]" classname="io.jbotsim.io.format.graph6.Graph6TopologySerializerTest" time="0.0"/>
  <testcase name="checkDecodeEncodeGraphs(String)[2941]" classname="io.jbotsim.io.format.graph6.Graph6TopologySerializerTest" time="0.001"/>
  <testcase name="checkDecodeEncodeGraphs(String)[2942]" classname="io.jbotsim.io.format.graph6.Graph6TopologySerializerTest" time="0.0"/>
  <testcase name="checkDecodeEncodeGraphs(String)[2943]" classname="io.jbotsim.io.format.graph6.Graph6TopologySerializerTest" time="0.0"/>
  <testcase name="checkDecodeEncodeGraphs(String)[2944]" classname="io.jbotsim.io.format.graph6.Graph6TopologySerializerTest" time="0.0"/>
  <testcase name="checkDecodeEncodeGraphs(String)[2945]" classname="io.jbotsim.io.format.graph6.Graph6TopologySerializerTest" time="0.0"/>
  <testcase name="checkDecodeEncodeGraphs(String)[2946]" classname="io.jbotsim.io.format.graph6.Graph6TopologySerializerTest" time="0.001"/>
  <testcase name="checkDecodeEncodeGraphs(String)[2947]" classname="io.jbotsim.io.format.graph6.Graph6TopologySerializerTest" time="0.0"/>
  <testcase name="checkDecodeEncodeGraphs(String)[2948]" classname="io.jbotsim.io.format.graph6.Graph6TopologySerializerTest" time="0.001"/>
  <testcase name="checkDecodeEncodeGraphs(String)[2949]" classname="io.jbotsim.io.format.graph6.Graph6TopologySerializerTest" time="0.0"/>
  <testcase name="checkDecodeEncodeGraphs(String)[2950]" classname="io.jbotsim.io.format.graph6.Graph6TopologySerializerTest" time="0.0"/>
  <testcase name="checkDecodeEncodeGraphs(String)[2951]" classname="io.jbotsim.io.format.graph6.Graph6TopologySerializerTest" time="0.001"/>
  <testcase name="checkDecodeEncodeGraphs(String)[2952]" classname="io.jbotsim.io.format.graph6.Graph6TopologySerializerTest" time="0.0"/>
  <testcase name="checkDecodeEncodeGraphs(String)[2953]" classname="io.jbotsim.io.format.graph6.Graph6TopologySerializerTest" time="0.0"/>
  <testcase name="checkDecodeEncodeGraphs(String)[2954]" classname="io.jbotsim.io.format.graph6.Graph6TopologySerializerTest" time="0.0"/>
  <testcase name="checkDecodeEncodeGraphs(String)[2955]" classname="io.jbotsim.io.format.graph6.Graph6TopologySerializerTest" time="0.0"/>
  <testcase name="checkDecodeEncodeGraphs(String)[2956]" classname="io.jbotsim.io.format.graph6.Graph6TopologySerializerTest" time="0.002"/>
  <testcase name="checkDecodeEncodeGraphs(String)[2957]" classname="io.jbotsim.io.format.graph6.Graph6TopologySerializerTest" time="0.0"/>
  <testcase name="checkDecodeEncodeGraphs(String)[2958]" classname="io.jbotsim.io.format.graph6.Graph6TopologySerializerTest" time="0.0"/>
  <testcase name="checkDecodeEncodeGraphs(String)[2959]" classname="io.jbotsim.io.format.graph6.Graph6TopologySerializerTest" time="0.001"/>
  <testcase name="checkDecodeEncodeGraphs(String)[2960]" classname="io.jbotsim.io.format.graph6.Graph6TopologySerializerTest" time="0.0"/>
  <testcase name="checkDecodeEncodeGraphs(String)[2961]" classname="io.jbotsim.io.format.graph6.Graph6TopologySerializerTest" time="0.001"/>
  <testcase name="checkDecodeEncodeGraphs(String)[2962]" classname="io.jbotsim.io.format.graph6.Graph6TopologySerializerTest" time="0.0"/>
  <testcase name="checkDecodeEncodeGraphs(String)[2963]" classname="io.jbotsim.io.format.graph6.Graph6TopologySerializerTest" time="0.0"/>
  <testcase name="checkDecodeEncodeGraphs(String)[2964]" classname="io.jbotsim.io.format.graph6.Graph6TopologySerializerTest" time="0.0"/>
  <testcase name="checkDecodeEncodeGraphs(String)[2965]" classname="io.jbotsim.io.format.graph6.Graph6TopologySerializerTest" time="0.0"/>
  <testcase name="checkDecodeEncodeGraphs(String)[2966]" classname="io.jbotsim.io.format.graph6.Graph6TopologySerializerTest" time="0.001"/>
  <testcase name="checkDecodeEncodeGraphs(String)[2967]" classname="io.jbotsim.io.format.graph6.Graph6TopologySerializerTest" time="0.0"/>
  <testcase name="checkDecodeEncodeGraphs(String)[2968]" classname="io.jbotsim.io.format.graph6.Graph6TopologySerializerTest" time="0.001"/>
  <testcase name="checkDecodeEncodeGraphs(String)[2969]" classname="io.jbotsim.io.format.graph6.Graph6TopologySerializerTest" time="0.0"/>
  <testcase name="checkDecodeEncodeGraphs(String)[2970]" classname="io.jbotsim.io.format.graph6.Graph6TopologySerializerTest" time="0.0"/>
  <testcase name="checkDecodeEncodeGraphs(String)[2971]" classname="io.jbotsim.io.format.graph6.Graph6TopologySerializerTest" time="0.0"/>
  <testcase name="checkDecodeEncodeGraphs(String)[2972]" classname="io.jbotsim.io.format.graph6.Graph6TopologySerializerTest" time="0.0"/>
  <testcase name="checkDecodeEncodeGraphs(String)[2973]" classname="io.jbotsim.io.format.graph6.Graph6TopologySerializerTest" time="0.0"/>
  <testcase name="checkDecodeEncodeGraphs(String)[2974]" classname="io.jbotsim.io.format.graph6.Graph6TopologySerializerTest" time="0.0"/>
  <testcase name="checkDecodeEncodeGraphs(String)[2975]" classname="io.jbotsim.io.format.graph6.Graph6TopologySerializerTest" time="0.0"/>
  <testcase name="checkDecodeEncodeGraphs(String)[2976]" classname="io.jbotsim.io.format.graph6.Graph6TopologySerializerTest" time="0.0"/>
  <testcase name="checkDecodeEncodeGraphs(String)[2977]" classname="io.jbotsim.io.format.graph6.Graph6TopologySerializerTest" time="0.0"/>
  <testcase name="checkDecodeEncodeGraphs(String)[2978]" classname="io.jbotsim.io.format.graph6.Graph6TopologySerializerTest" time="0.0"/>
  <testcase name="checkDecodeEncodeGraphs(String)[2979]" classname="io.jbotsim.io.format.graph6.Graph6TopologySerializerTest" time="0.0"/>
  <testcase name="checkDecodeEncodeGraphs(String)[2980]" classname="io.jbotsim.io.format.graph6.Graph6TopologySerializerTest" time="0.0"/>
  <testcase name="checkDecodeEncodeGraphs(String)[2981]" classname="io.jbotsim.io.format.graph6.Graph6TopologySerializerTest" time="0.0"/>
  <testcase name="checkDecodeEncodeGraphs(String)[2982]" classname="io.jbotsim.io.format.graph6.Graph6TopologySerializerTest" time="0.001"/>
  <testcase name="checkDecodeEncodeGraphs(String)[2983]" classname="io.jbotsim.io.format.graph6.Graph6TopologySerializerTest" time="0.0"/>
  <testcase name="checkDecodeEncodeGraphs(String)[2984]" classname="io.jbotsim.io.format.graph6.Graph6TopologySerializerTest" time="0.0"/>
  <testcase name="checkDecodeEncodeGraphs(String)[2985]" classname="io.jbotsim.io.format.graph6.Graph6TopologySerializerTest" time="0.0"/>
  <testcase name="checkDecodeEncodeGraphs(String)[2986]" classname="io.jbotsim.io.format.graph6.Graph6TopologySerializerTest" time="0.0"/>
  <testcase name="checkDecodeEncodeGraphs(String)[2987]" classname="io.jbotsim.io.format.graph6.Graph6TopologySerializerTest" time="0.001"/>
  <testcase name="checkDecodeEncodeGraphs(String)[2988]" classname="io.jbotsim.io.format.graph6.Graph6TopologySerializerTest" time="0.0"/>
  <testcase name="checkDecodeEncodeGraphs(String)[2989]" classname="io.jbotsim.io.format.graph6.Graph6TopologySerializerTest" time="0.0"/>
  <testcase name="checkDecodeEncodeGraphs(String)[2990]" classname="io.jbotsim.io.format.graph6.Graph6TopologySerializerTest" time="0.0"/>
  <testcase name="checkDecodeEncodeGraphs(String)[2991]" classname="io.jbotsim.io.format.graph6.Graph6TopologySerializerTest" time="0.0"/>
  <testcase name="checkDecodeEncodeGraphs(String)[2992]" classname="io.jbotsim.io.format.graph6.Graph6TopologySerializerTest" time="0.0"/>
  <testcase name="checkDecodeEncodeGraphs(String)[2993]" classname="io.jbotsim.io.format.graph6.Graph6TopologySerializerTest" time="0.0"/>
  <testcase name="checkDecodeEncodeGraphs(String)[2994]" classname="io.jbotsim.io.format.graph6.Graph6TopologySerializerTest" time="0.0"/>
  <testcase name="checkDecodeEncodeGraphs(String)[2995]" classname="io.jbotsim.io.format.graph6.Graph6TopologySerializerTest" time="0.0"/>
  <testcase name="checkDecodeEncodeGraphs(String)[2996]" classname="io.jbotsim.io.format.graph6.Graph6TopologySerializerTest" time="0.0"/>
  <testcase name="checkDecodeEncodeGraphs(String)[2997]" classname="io.jbotsim.io.format.graph6.Graph6TopologySerializerTest" time="0.0"/>
  <testcase name="checkDecodeEncodeGraphs(String)[2998]" classname="io.jbotsim.io.format.graph6.Graph6TopologySerializerTest" time="0.0"/>
  <testcase name="checkDecodeEncodeGraphs(String)[2999]" classname="io.jbotsim.io.format.graph6.Graph6TopologySerializerTest" time="0.0"/>
  <testcase name="checkDecodeEncodeGraphs(String)[3000]" classname="io.jbotsim.io.format.graph6.Graph6TopologySerializerTest" time="0.0"/>
  <testcase name="checkDecodeEncodeGraphs(String)[3001]" classname="io.jbotsim.io.format.graph6.Graph6TopologySerializerTest" time="0.0"/>
  <testcase name="checkDecodeEncodeGraphs(String)[3002]" classname="io.jbotsim.io.format.graph6.Graph6TopologySerializerTest" time="0.0"/>
  <testcase name="checkDecodeEncodeGraphs(String)[3003]" classname="io.jbotsim.io.format.graph6.Graph6TopologySerializerTest" time="0.0"/>
  <testcase name="checkDecodeEncodeGraphs(String)[3004]" classname="io.jbotsim.io.format.graph6.Graph6TopologySerializerTest" time="0.001"/>
  <testcase name="checkDecodeEncodeGraphs(String)[3005]" classname="io.jbotsim.io.format.graph6.Graph6TopologySerializerTest" time="0.0"/>
  <testcase name="checkDecodeEncodeGraphs(String)[3006]" classname="io.jbotsim.io.format.graph6.Graph6TopologySerializerTest" time="0.0"/>
  <testcase name="checkDecodeEncodeGraphs(String)[3007]" classname="io.jbotsim.io.format.graph6.Graph6TopologySerializerTest" time="0.001"/>
  <testcase name="checkDecodeEncodeGraphs(String)[3008]" classname="io.jbotsim.io.format.graph6.Graph6TopologySerializerTest" time="0.0"/>
  <testcase name="checkDecodeEncodeGraphs(String)[3009]" classname="io.jbotsim.io.format.graph6.Graph6TopologySerializerTest" time="0.0"/>
  <testcase name="checkDecodeEncodeGraphs(String)[3010]" classname="io.jbotsim.io.format.graph6.Graph6TopologySerializerTest" time="0.0"/>
  <testcase name="checkDecodeEncodeGraphs(String)[3011]" classname="io.jbotsim.io.format.graph6.Graph6TopologySerializerTest" time="0.0"/>
  <testcase name="checkDecodeEncodeGraphs(String)[3012]" classname="io.jbotsim.io.format.graph6.Graph6TopologySerializerTest" time="0.001"/>
  <testcase name="checkDecodeEncodeGraphs(String)[3013]" classname="io.jbotsim.io.format.graph6.Graph6TopologySerializerTest" time="0.0"/>
  <testcase name="checkDecodeEncodeGraphs(String)[3014]" classname="io.jbotsim.io.format.graph6.Graph6TopologySerializerTest" time="0.0"/>
  <testcase name="checkDecodeEncodeGraphs(String)[3015]" classname="io.jbotsim.io.format.graph6.Graph6TopologySerializerTest" time="0.0"/>
  <testcase name="checkDecodeEncodeGraphs(String)[3016]" classname="io.jbotsim.io.format.graph6.Graph6TopologySerializerTest" time="0.0"/>
  <testcase name="checkDecodeEncodeGraphs(String)[3017]" classname="io.jbotsim.io.format.graph6.Graph6TopologySerializerTest" time="0.0"/>
  <testcase name="checkDecodeEncodeGraphs(String)[3018]" classname="io.jbotsim.io.format.graph6.Graph6TopologySerializerTest" time="0.0"/>
  <testcase name="checkDecodeEncodeGraphs(String)[3019]" classname="io.jbotsim.io.format.graph6.Graph6TopologySerializerTest" time="0.0"/>
  <testcase name="checkDecodeEncodeGraphs(String)[3020]" classname="io.jbotsim.io.format.graph6.Graph6TopologySerializerTest" time="0.0"/>
  <testcase name="checkDecodeEncodeGraphs(String)[3021]" classname="io.jbotsim.io.format.graph6.Graph6TopologySerializerTest" time="0.0"/>
  <testcase name="checkDecodeEncodeGraphs(String)[3022]" classname="io.jbotsim.io.format.graph6.Graph6TopologySerializerTest" time="0.0"/>
  <testcase name="checkDecodeEncodeGraphs(String)[3023]" classname="io.jbotsim.io.format.graph6.Graph6TopologySerializerTest" time="0.001"/>
  <testcase name="checkDecodeEncodeGraphs(String)[3024]" classname="io.jbotsim.io.format.graph6.Graph6TopologySerializerTest" time="0.0"/>
  <testcase name="checkDecodeEncodeGraphs(String)[3025]" classname="io.jbotsim.io.format.graph6.Graph6TopologySerializerTest" time="0.0"/>
  <testcase name="checkDecodeEncodeGraphs(String)[3026]" classname="io.jbotsim.io.format.graph6.Graph6TopologySerializerTest" time="0.0"/>
  <testcase name="checkDecodeEncodeGraphs(String)[3027]" classname="io.jbotsim.io.format.graph6.Graph6TopologySerializerTest" time="0.0"/>
  <testcase name="checkDecodeEncodeGraphs(String)[3028]" classname="io.jbotsim.io.format.graph6.Graph6TopologySerializerTest" time="0.001"/>
  <testcase name="checkDecodeEncodeGraphs(String)[3029]" classname="io.jbotsim.io.format.graph6.Graph6TopologySerializerTest" time="0.0"/>
  <testcase name="checkDecodeEncodeGraphs(String)[3030]" classname="io.jbotsim.io.format.graph6.Graph6TopologySerializerTest" time="0.0"/>
  <testcase name="checkDecodeEncodeGraphs(String)[3031]" classname="io.jbotsim.io.format.graph6.Graph6TopologySerializerTest" time="0.0"/>
  <testcase name="checkDecodeEncodeGraphs(String)[3032]" classname="io.jbotsim.io.format.graph6.Graph6TopologySerializerTest" time="0.006"/>
  <testcase name="checkDecodeEncodeGraphs(String)[3033]" classname="io.jbotsim.io.format.graph6.Graph6TopologySerializerTest" time="0.0"/>
  <testcase name="checkDecodeEncodeGraphs(String)[3034]" classname="io.jbotsim.io.format.graph6.Graph6TopologySerializerTest" time="0.001"/>
  <testcase name="checkDecodeEncodeGraphs(String)[3035]" classname="io.jbotsim.io.format.graph6.Graph6TopologySerializerTest" time="0.0"/>
  <testcase name="checkDecodeEncodeGraphs(String)[3036]" classname="io.jbotsim.io.format.graph6.Graph6TopologySerializerTest" time="0.0"/>
  <testcase name="checkDecodeEncodeGraphs(String)[3037]" classname="io.jbotsim.io.format.graph6.Graph6TopologySerializerTest" time="0.007"/>
  <testcase name="checkDecodeEncodeGraphs(String)[3038]" classname="io.jbotsim.io.format.graph6.Graph6TopologySerializerTest" time="0.001"/>
  <testcase name="checkDecodeEncodeGraphs(String)[3039]" classname="io.jbotsim.io.format.graph6.Graph6TopologySerializerTest" time="0.0"/>
  <testcase name="checkDecodeEncodeGraphs(String)[3040]" classname="io.jbotsim.io.format.graph6.Graph6TopologySerializerTest" time="0.0"/>
  <testcase name="checkDecodeEncodeGraphs(String)[3041]" classname="io.jbotsim.io.format.graph6.Graph6TopologySerializerTest" time="0.0"/>
  <testcase name="checkDecodeEncodeGraphs(String)[3042]" classname="io.jbotsim.io.format.graph6.Graph6TopologySerializerTest" time="0.0"/>
  <testcase name="checkDecodeEncodeGraphs(String)[3043]" classname="io.jbotsim.io.format.graph6.Graph6TopologySerializerTest" time="0.001"/>
  <testcase name="checkDecodeEncodeGraphs(String)[3044]" classname="io.jbotsim.io.format.graph6.Graph6TopologySerializerTest" time="0.0"/>
  <testcase name="checkDecodeEncodeGraphs(String)[3045]" classname="io.jbotsim.io.format.graph6.Graph6TopologySerializerTest" time="0.0"/>
  <testcase name="checkDecodeEncodeGraphs(String)[3046]" classname="io.jbotsim.io.format.graph6.Graph6TopologySerializerTest" time="0.001"/>
  <testcase name="checkDecodeEncodeGraphs(String)[3047]" classname="io.jbotsim.io.format.graph6.Graph6TopologySerializerTest" time="0.0"/>
  <testcase name="checkDecodeEncodeGraphs(String)[3048]" classname="io.jbotsim.io.format.graph6.Graph6TopologySerializerTest" time="0.001"/>
  <testcase name="checkDecodeEncodeGraphs(String)[3049]" classname="io.jbotsim.io.format.graph6.Graph6TopologySerializerTest" time="0.002"/>
  <testcase name="checkDecodeEncodeGraphs(String)[3050]" classname="io.jbotsim.io.format.graph6.Graph6TopologySerializerTest" time="0.0"/>
  <testcase name="checkDecodeEncodeGraphs(String)[3051]" classname="io.jbotsim.io.format.graph6.Graph6TopologySerializerTest" time="0.0"/>
  <testcase name="checkDecodeEncodeGraphs(String)[3052]" classname="io.jbotsim.io.format.graph6.Graph6TopologySerializerTest" time="0.0"/>
  <testcase name="checkDecodeEncodeGraphs(String)[3053]" classname="io.jbotsim.io.format.graph6.Graph6TopologySerializerTest" time="0.0"/>
  <testcase name="checkDecodeEncodeGraphs(String)[3054]" classname="io.jbotsim.io.format.graph6.Graph6TopologySerializerTest" time="0.001"/>
  <testcase name="checkDecodeEncodeGraphs(String)[3055]" classname="io.jbotsim.io.format.graph6.Graph6TopologySerializerTest" time="0.0"/>
  <testcase name="checkDecodeEncodeGraphs(String)[3056]" classname="io.jbotsim.io.format.graph6.Graph6TopologySerializerTest" time="0.0"/>
  <testcase name="checkDecodeEncodeGraphs(String)[3057]" classname="io.jbotsim.io.format.graph6.Graph6TopologySerializerTest" time="0.0"/>
  <testcase name="checkDecodeEncodeGraphs(String)[3058]" classname="io.jbotsim.io.format.graph6.Graph6TopologySerializerTest" time="0.004"/>
  <testcase name="checkDecodeEncodeGraphs(String)[3059]" classname="io.jbotsim.io.format.graph6.Graph6TopologySerializerTest" time="0.0"/>
  <testcase name="checkDecodeEncodeGraphs(String)[3060]" classname="io.jbotsim.io.format.graph6.Graph6TopologySerializerTest" time="0.0"/>
  <testcase name="checkDecodeEncodeGraphs(String)[3061]" classname="io.jbotsim.io.format.graph6.Graph6TopologySerializerTest" time="0.001"/>
  <testcase name="checkDecodeEncodeGraphs(String)[3062]" classname="io.jbotsim.io.format.graph6.Graph6TopologySerializerTest" time="0.0"/>
  <testcase name="checkDecodeEncodeGraphs(String)[3063]" classname="io.jbotsim.io.format.graph6.Graph6TopologySerializerTest" time="0.0"/>
  <testcase name="checkDecodeEncodeGraphs(String)[3064]" classname="io.jbotsim.io.format.graph6.Graph6TopologySerializerTest" time="0.0"/>
  <testcase name="checkDecodeEncodeGraphs(String)[3065]" classname="io.jbotsim.io.format.graph6.Graph6TopologySerializerTest" time="0.0"/>
  <testcase name="checkDecodeEncodeGraphs(String)[3066]" classname="io.jbotsim.io.format.graph6.Graph6TopologySerializerTest" time="0.0"/>
  <testcase name="checkDecodeEncodeGraphs(String)[3067]" classname="io.jbotsim.io.format.graph6.Graph6TopologySerializerTest" time="0.0"/>
  <testcase name="checkDecodeEncodeGraphs(String)[3068]" classname="io.jbotsim.io.format.graph6.Graph6TopologySerializerTest" time="0.0"/>
  <testcase name="checkDecodeEncodeGraphs(String)[3069]" classname="io.jbotsim.io.format.graph6.Graph6TopologySerializerTest" time="0.001"/>
  <testcase name="checkDecodeEncodeGraphs(String)[3070]" classname="io.jbotsim.io.format.graph6.Graph6TopologySerializerTest" time="0.0"/>
  <testcase name="checkDecodeEncodeGraphs(String)[3071]" classname="io.jbotsim.io.format.graph6.Graph6TopologySerializerTest" time="0.0"/>
  <testcase name="checkDecodeEncodeGraphs(String)[3072]" classname="io.jbotsim.io.format.graph6.Graph6TopologySerializerTest" time="0.0"/>
  <testcase name="checkDecodeEncodeGraphs(String)[3073]" classname="io.jbotsim.io.format.graph6.Graph6TopologySerializerTest" time="0.004"/>
  <testcase name="checkDecodeEncodeGraphs(String)[3074]" classname="io.jbotsim.io.format.graph6.Graph6TopologySerializerTest" time="0.001"/>
  <testcase name="checkDecodeEncodeGraphs(String)[3075]" classname="io.jbotsim.io.format.graph6.Graph6TopologySerializerTest" time="0.0"/>
  <testcase name="checkDecodeEncodeGraphs(String)[3076]" classname="io.jbotsim.io.format.graph6.Graph6TopologySerializerTest" time="0.0"/>
  <testcase name="checkDecodeEncodeGraphs(String)[3077]" classname="io.jbotsim.io.format.graph6.Graph6TopologySerializerTest" time="0.0"/>
  <testcase name="checkDecodeEncodeGraphs(String)[3078]" classname="io.jbotsim.io.format.graph6.Graph6TopologySerializerTest" time="0.0"/>
  <testcase name="checkDecodeEncodeGraphs(String)[3079]" classname="io.jbotsim.io.format.graph6.Graph6TopologySerializerTest" time="0.0"/>
  <testcase name="checkDecodeEncodeGraphs(String)[3080]" classname="io.jbotsim.io.format.graph6.Graph6TopologySerializerTest" time="0.0"/>
  <testcase name="checkDecodeEncodeGraphs(String)[3081]" classname="io.jbotsim.io.format.graph6.Graph6TopologySerializerTest" time="0.0"/>
  <testcase name="checkDecodeEncodeGraphs(String)[3082]" classname="io.jbotsim.io.format.graph6.Graph6TopologySerializerTest" time="0.0"/>
  <testcase name="checkDecodeEncodeGraphs(String)[3083]" classname="io.jbotsim.io.format.graph6.Graph6TopologySerializerTest" time="0.0"/>
  <testcase name="checkDecodeEncodeGraphs(String)[3084]" classname="io.jbotsim.io.format.graph6.Graph6TopologySerializerTest" time="0.0"/>
  <testcase name="checkDecodeEncodeGraphs(String)[3085]" classname="io.jbotsim.io.format.graph6.Graph6TopologySerializerTest" time="0.0"/>
  <testcase name="checkDecodeEncodeGraphs(String)[3086]" classname="io.jbotsim.io.format.graph6.Graph6TopologySerializerTest" time="0.001"/>
  <testcase name="checkDecodeEncodeGraphs(String)[3087]" classname="io.jbotsim.io.format.graph6.Graph6TopologySerializerTest" time="0.0"/>
  <testcase name="checkDecodeEncodeGraphs(String)[3088]" classname="io.jbotsim.io.format.graph6.Graph6TopologySerializerTest" time="0.0"/>
  <testcase name="checkDecodeEncodeGraphs(String)[3089]" classname="io.jbotsim.io.format.graph6.Graph6TopologySerializerTest" time="0.001"/>
  <testcase name="checkDecodeEncodeGraphs(String)[3090]" classname="io.jbotsim.io.format.graph6.Graph6TopologySerializerTest" time="0.001"/>
  <testcase name="checkDecodeEncodeGraphs(String)[3091]" classname="io.jbotsim.io.format.graph6.Graph6TopologySerializerTest" time="0.001"/>
  <testcase name="checkDecodeEncodeGraphs(String)[3092]" classname="io.jbotsim.io.format.graph6.Graph6TopologySerializerTest" time="0.0"/>
  <testcase name="checkDecodeEncodeGraphs(String)[3093]" classname="io.jbotsim.io.format.graph6.Graph6TopologySerializerTest" time="0.0"/>
  <testcase name="checkDecodeEncodeGraphs(String)[3094]" classname="io.jbotsim.io.format.graph6.Graph6TopologySerializerTest" time="0.0"/>
  <testcase name="checkDecodeEncodeGraphs(String)[3095]" classname="io.jbotsim.io.format.graph6.Graph6TopologySerializerTest" time="0.0"/>
  <testcase name="checkDecodeEncodeGraphs(String)[3096]" classname="io.jbotsim.io.format.graph6.Graph6TopologySerializerTest" time="0.001"/>
  <testcase name="checkDecodeEncodeGraphs(String)[3097]" classname="io.jbotsim.io.format.graph6.Graph6TopologySerializerTest" time="0.0"/>
  <testcase name="checkDecodeEncodeGraphs(String)[3098]" classname="io.jbotsim.io.format.graph6.Graph6TopologySerializerTest" time="0.002"/>
  <testcase name="checkDecodeEncodeGraphs(String)[3099]" classname="io.jbotsim.io.format.graph6.Graph6TopologySerializerTest" time="0.0"/>
  <testcase name="checkDecodeEncodeGraphs(String)[3100]" classname="io.jbotsim.io.format.graph6.Graph6TopologySerializerTest" time="0.001"/>
  <testcase name="checkDecodeEncodeGraphs(String)[3101]" classname="io.jbotsim.io.format.graph6.Graph6TopologySerializerTest" time="0.0"/>
  <testcase name="checkDecodeEncodeGraphs(String)[3102]" classname="io.jbotsim.io.format.graph6.Graph6TopologySerializerTest" time="0.0"/>
  <testcase name="checkDecodeEncodeGraphs(String)[3103]" classname="io.jbotsim.io.format.graph6.Graph6TopologySerializerTest" time="0.0"/>
  <testcase name="checkDecodeEncodeGraphs(String)[3104]" classname="io.jbotsim.io.format.graph6.Graph6TopologySerializerTest" time="0.0"/>
  <testcase name="checkDecodeEncodeGraphs(String)[3105]" classname="io.jbotsim.io.format.graph6.Graph6TopologySerializerTest" time="0.001"/>
  <testcase name="checkDecodeEncodeGraphs(String)[3106]" classname="io.jbotsim.io.format.graph6.Graph6TopologySerializerTest" time="0.001"/>
  <testcase name="checkDecodeEncodeGraphs(String)[3107]" classname="io.jbotsim.io.format.graph6.Graph6TopologySerializerTest" time="0.004"/>
  <testcase name="checkDecodeEncodeGraphs(String)[3108]" classname="io.jbotsim.io.format.graph6.Graph6TopologySerializerTest" time="0.0"/>
  <testcase name="checkDecodeEncodeGraphs(String)[3109]" classname="io.jbotsim.io.format.graph6.Graph6TopologySerializerTest" time="0.0"/>
  <testcase name="checkDecodeEncodeGraphs(String)[3110]" classname="io.jbotsim.io.format.graph6.Graph6TopologySerializerTest" time="0.0"/>
  <testcase name="checkDecodeEncodeGraphs(String)[3111]" classname="io.jbotsim.io.format.graph6.Graph6TopologySerializerTest" time="0.0"/>
  <testcase name="checkDecodeEncodeGraphs(String)[3112]" classname="io.jbotsim.io.format.graph6.Graph6TopologySerializerTest" time="0.0"/>
  <testcase name="checkDecodeEncodeGraphs(String)[3113]" classname="io.jbotsim.io.format.graph6.Graph6TopologySerializerTest" time="0.0"/>
  <testcase name="checkDecodeEncodeGraphs(String)[3114]" classname="io.jbotsim.io.format.graph6.Graph6TopologySerializerTest" time="0.001"/>
  <testcase name="checkDecodeEncodeGraphs(String)[3115]" classname="io.jbotsim.io.format.graph6.Graph6TopologySerializerTest" time="0.0"/>
  <testcase name="checkDecodeEncodeGraphs(String)[3116]" classname="io.jbotsim.io.format.graph6.Graph6TopologySerializerTest" time="0.0"/>
  <testcase name="checkDecodeEncodeGraphs(String)[3117]" classname="io.jbotsim.io.format.graph6.Graph6TopologySerializerTest" time="0.0"/>
  <testcase name="checkDecodeEncodeGraphs(String)[3118]" classname="io.jbotsim.io.format.graph6.Graph6TopologySerializerTest" time="0.0"/>
  <testcase name="checkDecodeEncodeGraphs(String)[3119]" classname="io.jbotsim.io.format.graph6.Graph6TopologySerializerTest" time="0.001"/>
  <testcase name="checkDecodeEncodeGraphs(String)[3120]" classname="io.jbotsim.io.format.graph6.Graph6TopologySerializerTest" time="0.0"/>
  <testcase name="checkDecodeEncodeGraphs(String)[3121]" classname="io.jbotsim.io.format.graph6.Graph6TopologySerializerTest" time="0.0"/>
  <testcase name="checkDecodeEncodeGraphs(String)[3122]" classname="io.jbotsim.io.format.graph6.Graph6TopologySerializerTest" time="0.0"/>
  <testcase name="checkDecodeEncodeGraphs(String)[3123]" classname="io.jbotsim.io.format.graph6.Graph6TopologySerializerTest" time="0.001"/>
  <testcase name="checkDecodeEncodeGraphs(String)[3124]" classname="io.jbotsim.io.format.graph6.Graph6TopologySerializerTest" time="0.0"/>
  <testcase name="checkDecodeEncodeGraphs(String)[3125]" classname="io.jbotsim.io.format.graph6.Graph6TopologySerializerTest" time="0.001"/>
  <testcase name="checkDecodeEncodeGraphs(String)[3126]" classname="io.jbotsim.io.format.graph6.Graph6TopologySerializerTest" time="0.0"/>
  <testcase name="checkDecodeEncodeGraphs(String)[3127]" classname="io.jbotsim.io.format.graph6.Graph6TopologySerializerTest" time="0.0"/>
  <testcase name="checkDecodeEncodeGraphs(String)[3128]" classname="io.jbotsim.io.format.graph6.Graph6TopologySerializerTest" time="0.0"/>
  <testcase name="checkDecodeEncodeGraphs(String)[3129]" classname="io.jbotsim.io.format.graph6.Graph6TopologySerializerTest" time="0.0"/>
  <testcase name="checkDecodeEncodeGraphs(String)[3130]" classname="io.jbotsim.io.format.graph6.Graph6TopologySerializerTest" time="0.001"/>
  <testcase name="checkDecodeEncodeGraphs(String)[3131]" classname="io.jbotsim.io.format.graph6.Graph6TopologySerializerTest" time="0.0"/>
  <testcase name="checkDecodeEncodeGraphs(String)[3132]" classname="io.jbotsim.io.format.graph6.Graph6TopologySerializerTest" time="0.0"/>
  <testcase name="checkDecodeEncodeGraphs(String)[3133]" classname="io.jbotsim.io.format.graph6.Graph6TopologySerializerTest" time="0.0"/>
  <testcase name="checkDecodeEncodeGraphs(String)[3134]" classname="io.jbotsim.io.format.graph6.Graph6TopologySerializerTest" time="0.0"/>
  <testcase name="checkDecodeEncodeGraphs(String)[3135]" classname="io.jbotsim.io.format.graph6.Graph6TopologySerializerTest" time="0.001"/>
  <testcase name="checkDecodeEncodeGraphs(String)[3136]" classname="io.jbotsim.io.format.graph6.Graph6TopologySerializerTest" time="0.0"/>
  <testcase name="checkDecodeEncodeGraphs(String)[3137]" classname="io.jbotsim.io.format.graph6.Graph6TopologySerializerTest" time="0.0"/>
  <testcase name="checkDecodeEncodeGraphs(String)[3138]" classname="io.jbotsim.io.format.graph6.Graph6TopologySerializerTest" time="0.0"/>
  <testcase name="checkDecodeEncodeGraphs(String)[3139]" classname="io.jbotsim.io.format.graph6.Graph6TopologySerializerTest" time="0.0"/>
  <testcase name="checkDecodeEncodeGraphs(String)[3140]" classname="io.jbotsim.io.format.graph6.Graph6TopologySerializerTest" time="0.0"/>
  <testcase name="checkDecodeEncodeGraphs(String)[3141]" classname="io.jbotsim.io.format.graph6.Graph6TopologySerializerTest" time="0.0"/>
  <testcase name="checkDecodeEncodeGraphs(String)[3142]" classname="io.jbotsim.io.format.graph6.Graph6TopologySerializerTest" time="0.0"/>
  <testcase name="checkDecodeEncodeGraphs(String)[3143]" classname="io.jbotsim.io.format.graph6.Graph6TopologySerializerTest" time="0.0"/>
  <testcase name="checkDecodeEncodeGraphs(String)[3144]" classname="io.jbotsim.io.format.graph6.Graph6TopologySerializerTest" time="0.0"/>
  <testcase name="checkDecodeEncodeGraphs(String)[3145]" classname="io.jbotsim.io.format.graph6.Graph6TopologySerializerTest" time="0.0"/>
  <testcase name="checkDecodeEncodeGraphs(String)[3146]" classname="io.jbotsim.io.format.graph6.Graph6TopologySerializerTest" time="0.0"/>
  <testcase name="checkDecodeEncodeGraphs(String)[3147]" classname="io.jbotsim.io.format.graph6.Graph6TopologySerializerTest" time="0.0"/>
  <testcase name="checkDecodeEncodeGraphs(String)[3148]" classname="io.jbotsim.io.format.graph6.Graph6TopologySerializerTest" time="0.0"/>
  <testcase name="checkDecodeEncodeGraphs(String)[3149]" classname="io.jbotsim.io.format.graph6.Graph6TopologySerializerTest" time="0.001"/>
  <testcase name="checkDecodeEncodeGraphs(String)[3150]" classname="io.jbotsim.io.format.graph6.Graph6TopologySerializerTest" time="0.0"/>
  <testcase name="checkDecodeEncodeGraphs(String)[3151]" classname="io.jbotsim.io.format.graph6.Graph6TopologySerializerTest" time="0.0"/>
  <testcase name="checkDecodeEncodeGraphs(String)[3152]" classname="io.jbotsim.io.format.graph6.Graph6TopologySerializerTest" time="0.0"/>
  <testcase name="checkDecodeEncodeGraphs(String)[3153]" classname="io.jbotsim.io.format.graph6.Graph6TopologySerializerTest" time="0.0"/>
  <testcase name="checkDecodeEncodeGraphs(String)[3154]" classname="io.jbotsim.io.format.graph6.Graph6TopologySerializerTest" time="0.0"/>
  <testcase name="checkDecodeEncodeGraphs(String)[3155]" classname="io.jbotsim.io.format.graph6.Graph6TopologySerializerTest" time="0.003"/>
  <testcase name="checkDecodeEncodeGraphs(String)[3156]" classname="io.jbotsim.io.format.graph6.Graph6TopologySerializerTest" time="0.001"/>
  <testcase name="checkDecodeEncodeGraphs(String)[3157]" classname="io.jbotsim.io.format.graph6.Graph6TopologySerializerTest" time="0.0"/>
  <testcase name="checkDecodeEncodeGraphs(String)[3158]" classname="io.jbotsim.io.format.graph6.Graph6TopologySerializerTest" time="0.0"/>
  <testcase name="checkDecodeEncodeGraphs(String)[3159]" classname="io.jbotsim.io.format.graph6.Graph6TopologySerializerTest" time="0.0"/>
  <testcase name="checkDecodeEncodeGraphs(String)[3160]" classname="io.jbotsim.io.format.graph6.Graph6TopologySerializerTest" time="0.0"/>
  <testcase name="checkDecodeEncodeGraphs(String)[3161]" classname="io.jbotsim.io.format.graph6.Graph6TopologySerializerTest" time="0.0"/>
  <testcase name="checkDecodeEncodeGraphs(String)[3162]" classname="io.jbotsim.io.format.graph6.Graph6TopologySerializerTest" time="0.0"/>
  <testcase name="checkDecodeEncodeGraphs(String)[3163]" classname="io.jbotsim.io.format.graph6.Graph6TopologySerializerTest" time="0.0"/>
  <testcase name="checkDecodeEncodeGraphs(String)[3164]" classname="io.jbotsim.io.format.graph6.Graph6TopologySerializerTest" time="0.0"/>
  <testcase name="checkDecodeEncodeGraphs(String)[3165]" classname="io.jbotsim.io.format.graph6.Graph6TopologySerializerTest" time="0.0"/>
  <testcase name="checkDecodeEncodeGraphs(String)[3166]" classname="io.jbotsim.io.format.graph6.Graph6TopologySerializerTest" time="0.001"/>
  <testcase name="checkDecodeEncodeGraphs(String)[3167]" classname="io.jbotsim.io.format.graph6.Graph6TopologySerializerTest" time="0.001"/>
  <testcase name="checkDecodeEncodeGraphs(String)[3168]" classname="io.jbotsim.io.format.graph6.Graph6TopologySerializerTest" time="0.001"/>
  <testcase name="checkDecodeEncodeGraphs(String)[3169]" classname="io.jbotsim.io.format.graph6.Graph6TopologySerializerTest" time="0.0"/>
  <testcase name="checkDecodeEncodeGraphs(String)[3170]" classname="io.jbotsim.io.format.graph6.Graph6TopologySerializerTest" time="0.0"/>
  <testcase name="checkDecodeEncodeGraphs(String)[3171]" classname="io.jbotsim.io.format.graph6.Graph6TopologySerializerTest" time="0.0"/>
  <testcase name="checkDecodeEncodeGraphs(String)[3172]" classname="io.jbotsim.io.format.graph6.Graph6TopologySerializerTest" time="0.0"/>
  <testcase name="checkDecodeEncodeGraphs(String)[3173]" classname="io.jbotsim.io.format.graph6.Graph6TopologySerializerTest" time="0.0"/>
  <testcase name="checkDecodeEncodeGraphs(String)[3174]" classname="io.jbotsim.io.format.graph6.Graph6TopologySerializerTest" time="0.0"/>
  <testcase name="checkDecodeEncodeGraphs(String)[3175]" classname="io.jbotsim.io.format.graph6.Graph6TopologySerializerTest" time="0.0"/>
  <testcase name="checkDecodeEncodeGraphs(String)[3176]" classname="io.jbotsim.io.format.graph6.Graph6TopologySerializerTest" time="0.0"/>
  <testcase name="checkDecodeEncodeGraphs(String)[3177]" classname="io.jbotsim.io.format.graph6.Graph6TopologySerializerTest" time="0.0"/>
  <testcase name="checkDecodeEncodeGraphs(String)[3178]" classname="io.jbotsim.io.format.graph6.Graph6TopologySerializerTest" time="0.0"/>
  <testcase name="checkDecodeEncodeGraphs(String)[3179]" classname="io.jbotsim.io.format.graph6.Graph6TopologySerializerTest" time="0.0"/>
  <testcase name="checkDecodeEncodeGraphs(String)[3180]" classname="io.jbotsim.io.format.graph6.Graph6TopologySerializerTest" time="0.0"/>
  <testcase name="checkDecodeEncodeGraphs(String)[3181]" classname="io.jbotsim.io.format.graph6.Graph6TopologySerializerTest" time="0.0"/>
  <testcase name="checkDecodeEncodeGraphs(String)[3182]" classname="io.jbotsim.io.format.graph6.Graph6TopologySerializerTest" time="0.0"/>
  <testcase name="checkDecodeEncodeGraphs(String)[3183]" classname="io.jbotsim.io.format.graph6.Graph6TopologySerializerTest" time="0.002"/>
  <testcase name="checkDecodeEncodeGraphs(String)[3184]" classname="io.jbotsim.io.format.graph6.Graph6TopologySerializerTest" time="0.0"/>
  <testcase name="checkDecodeEncodeGraphs(String)[3185]" classname="io.jbotsim.io.format.graph6.Graph6TopologySerializerTest" time="0.0"/>
  <testcase name="checkDecodeEncodeGraphs(String)[3186]" classname="io.jbotsim.io.format.graph6.Graph6TopologySerializerTest" time="0.0"/>
  <testcase name="checkDecodeEncodeGraphs(String)[3187]" classname="io.jbotsim.io.format.graph6.Graph6TopologySerializerTest" time="0.0"/>
  <testcase name="checkDecodeEncodeGraphs(String)[3188]" classname="io.jbotsim.io.format.graph6.Graph6TopologySerializerTest" time="0.001"/>
  <testcase name="checkDecodeEncodeGraphs(String)[3189]" classname="io.jbotsim.io.format.graph6.Graph6TopologySerializerTest" time="0.0"/>
  <testcase name="checkDecodeEncodeGraphs(String)[3190]" classname="io.jbotsim.io.format.graph6.Graph6TopologySerializerTest" time="0.001"/>
  <testcase name="checkDecodeEncodeGraphs(String)[3191]" classname="io.jbotsim.io.format.graph6.Graph6TopologySerializerTest" time="0.0"/>
  <testcase name="checkDecodeEncodeGraphs(String)[3192]" classname="io.jbotsim.io.format.graph6.Graph6TopologySerializerTest" time="0.0"/>
  <testcase name="checkDecodeEncodeGraphs(String)[3193]" classname="io.jbotsim.io.format.graph6.Graph6TopologySerializerTest" time="0.0"/>
  <testcase name="checkDecodeEncodeGraphs(String)[3194]" classname="io.jbotsim.io.format.graph6.Graph6TopologySerializerTest" time="0.0"/>
  <testcase name="checkDecodeEncodeGraphs(String)[3195]" classname="io.jbotsim.io.format.graph6.Graph6TopologySerializerTest" time="0.0"/>
  <testcase name="checkDecodeEncodeGraphs(String)[3196]" classname="io.jbotsim.io.format.graph6.Graph6TopologySerializerTest" time="0.0"/>
  <testcase name="checkDecodeEncodeGraphs(String)[3197]" classname="io.jbotsim.io.format.graph6.Graph6TopologySerializerTest" time="0.0"/>
  <testcase name="checkDecodeEncodeGraphs(String)[3198]" classname="io.jbotsim.io.format.graph6.Graph6TopologySerializerTest" time="0.001"/>
  <testcase name="checkDecodeEncodeGraphs(String)[3199]" classname="io.jbotsim.io.format.graph6.Graph6TopologySerializerTest" time="0.001"/>
  <testcase name="checkDecodeEncodeGraphs(String)[3200]" classname="io.jbotsim.io.format.graph6.Graph6TopologySerializerTest" time="0.0"/>
  <testcase name="checkDecodeEncodeGraphs(String)[3201]" classname="io.jbotsim.io.format.graph6.Graph6TopologySerializerTest" time="0.002"/>
  <testcase name="checkDecodeEncodeGraphs(String)[3202]" classname="io.jbotsim.io.format.graph6.Graph6TopologySerializerTest" time="0.0"/>
  <testcase name="checkDecodeEncodeGraphs(String)[3203]" classname="io.jbotsim.io.format.graph6.Graph6TopologySerializerTest" time="0.0"/>
  <testcase name="checkDecodeEncodeGraphs(String)[3204]" classname="io.jbotsim.io.format.graph6.Graph6TopologySerializerTest" time="0.001"/>
  <testcase name="checkDecodeEncodeGraphs(String)[3205]" classname="io.jbotsim.io.format.graph6.Graph6TopologySerializerTest" time="0.0"/>
  <testcase name="checkDecodeEncodeGraphs(String)[3206]" classname="io.jbotsim.io.format.graph6.Graph6TopologySerializerTest" time="0.0"/>
  <testcase name="checkDecodeEncodeGraphs(String)[3207]" classname="io.jbotsim.io.format.graph6.Graph6TopologySerializerTest" time="0.001"/>
  <testcase name="checkDecodeEncodeGraphs(String)[3208]" classname="io.jbotsim.io.format.graph6.Graph6TopologySerializerTest" time="0.0"/>
  <testcase name="checkDecodeEncodeGraphs(String)[3209]" classname="io.jbotsim.io.format.graph6.Graph6TopologySerializerTest" time="0.004"/>
  <testcase name="checkDecodeEncodeGraphs(String)[3210]" classname="io.jbotsim.io.format.graph6.Graph6TopologySerializerTest" time="0.0"/>
  <testcase name="checkDecodeEncodeGraphs(String)[3211]" classname="io.jbotsim.io.format.graph6.Graph6TopologySerializerTest" time="0.0"/>
  <testcase name="checkDecodeEncodeGraphs(String)[3212]" classname="io.jbotsim.io.format.graph6.Graph6TopologySerializerTest" time="0.0"/>
  <testcase name="checkDecodeEncodeGraphs(String)[3213]" classname="io.jbotsim.io.format.graph6.Graph6TopologySerializerTest" time="0.0"/>
  <testcase name="checkDecodeEncodeGraphs(String)[3214]" classname="io.jbotsim.io.format.graph6.Graph6TopologySerializerTest" time="0.0"/>
  <testcase name="checkDecodeEncodeGraphs(String)[3215]" classname="io.jbotsim.io.format.graph6.Graph6TopologySerializerTest" time="0.0"/>
  <testcase name="checkDecodeEncodeGraphs(String)[3216]" classname="io.jbotsim.io.format.graph6.Graph6TopologySerializerTest" time="0.004"/>
  <testcase name="checkDecodeEncodeGraphs(String)[3217]" classname="io.jbotsim.io.format.graph6.Graph6TopologySerializerTest" time="0.0"/>
  <testcase name="checkDecodeEncodeGraphs(String)[3218]" classname="io.jbotsim.io.format.graph6.Graph6TopologySerializerTest" time="0.0"/>
  <testcase name="checkDecodeEncodeGraphs(String)[3219]" classname="io.jbotsim.io.format.graph6.Graph6TopologySerializerTest" time="0.0"/>
  <testcase name="checkDecodeEncodeGraphs(String)[3220]" classname="io.jbotsim.io.format.graph6.Graph6TopologySerializerTest" time="0.001"/>
  <testcase name="checkDecodeEncodeGraphs(String)[3221]" classname="io.jbotsim.io.format.graph6.Graph6TopologySerializerTest" time="0.0"/>
  <testcase name="checkDecodeEncodeGraphs(String)[3222]" classname="io.jbotsim.io.format.graph6.Graph6TopologySerializerTest" time="0.001"/>
  <testcase name="checkDecodeEncodeGraphs(String)[3223]" classname="io.jbotsim.io.format.graph6.Graph6TopologySerializerTest" time="0.0"/>
  <testcase name="checkDecodeEncodeGraphs(String)[3224]" classname="io.jbotsim.io.format.graph6.Graph6TopologySerializerTest" time="0.0"/>
  <testcase name="checkDecodeEncodeGraphs(String)[3225]" classname="io.jbotsim.io.format.graph6.Graph6TopologySerializerTest" time="0.001"/>
  <testcase name="checkDecodeEncodeGraphs(String)[3226]" classname="io.jbotsim.io.format.graph6.Graph6TopologySerializerTest" time="0.0"/>
  <testcase name="checkDecodeEncodeGraphs(String)[3227]" classname="io.jbotsim.io.format.graph6.Graph6TopologySerializerTest" time="0.0"/>
  <testcase name="checkDecodeEncodeGraphs(String)[3228]" classname="io.jbotsim.io.format.graph6.Graph6TopologySerializerTest" time="0.0"/>
  <testcase name="checkDecodeEncodeGraphs(String)[3229]" classname="io.jbotsim.io.format.graph6.Graph6TopologySerializerTest" time="0.0"/>
  <testcase name="checkDecodeEncodeGraphs(String)[3230]" classname="io.jbotsim.io.format.graph6.Graph6TopologySerializerTest" time="0.004"/>
  <testcase name="checkDecodeEncodeGraphs(String)[3231]" classname="io.jbotsim.io.format.graph6.Graph6TopologySerializerTest" time="0.0"/>
  <testcase name="checkDecodeEncodeGraphs(String)[3232]" classname="io.jbotsim.io.format.graph6.Graph6TopologySerializerTest" time="0.0"/>
  <testcase name="checkDecodeEncodeGraphs(String)[3233]" classname="io.jbotsim.io.format.graph6.Graph6TopologySerializerTest" time="0.0"/>
  <testcase name="checkDecodeEncodeGraphs(String)[3234]" classname="io.jbotsim.io.format.graph6.Graph6TopologySerializerTest" time="0.001"/>
  <testcase name="checkDecodeEncodeGraphs(String)[3235]" classname="io.jbotsim.io.format.graph6.Graph6TopologySerializerTest" time="0.0"/>
  <testcase name="checkDecodeEncodeGraphs(String)[3236]" classname="io.jbotsim.io.format.graph6.Graph6TopologySerializerTest" time="0.0"/>
  <testcase name="checkDecodeEncodeGraphs(String)[3237]" classname="io.jbotsim.io.format.graph6.Graph6TopologySerializerTest" time="0.0"/>
  <testcase name="checkDecodeEncodeGraphs(String)[3238]" classname="io.jbotsim.io.format.graph6.Graph6TopologySerializerTest" time="0.0"/>
  <testcase name="checkDecodeEncodeGraphs(String)[3239]" classname="io.jbotsim.io.format.graph6.Graph6TopologySerializerTest" time="0.0"/>
  <testcase name="checkDecodeEncodeGraphs(String)[3240]" classname="io.jbotsim.io.format.graph6.Graph6TopologySerializerTest" time="0.0"/>
  <testcase name="checkDecodeEncodeGraphs(String)[3241]" classname="io.jbotsim.io.format.graph6.Graph6TopologySerializerTest" time="0.004"/>
  <testcase name="checkDecodeEncodeGraphs(String)[3242]" classname="io.jbotsim.io.format.graph6.Graph6TopologySerializerTest" time="0.0"/>
  <testcase name="checkDecodeEncodeGraphs(String)[3243]" classname="io.jbotsim.io.format.graph6.Graph6TopologySerializerTest" time="0.001"/>
  <testcase name="checkDecodeEncodeGraphs(String)[3244]" classname="io.jbotsim.io.format.graph6.Graph6TopologySerializerTest" time="0.0"/>
  <testcase name="checkDecodeEncodeGraphs(String)[3245]" classname="io.jbotsim.io.format.graph6.Graph6TopologySerializerTest" time="0.0"/>
  <testcase name="checkDecodeEncodeGraphs(String)[3246]" classname="io.jbotsim.io.format.graph6.Graph6TopologySerializerTest" time="0.001"/>
  <testcase name="checkDecodeEncodeGraphs(String)[3247]" classname="io.jbotsim.io.format.graph6.Graph6TopologySerializerTest" time="0.0"/>
  <testcase name="checkDecodeEncodeGraphs(String)[3248]" classname="io.jbotsim.io.format.graph6.Graph6TopologySerializerTest" time="0.0"/>
  <testcase name="checkDecodeEncodeGraphs(String)[3249]" classname="io.jbotsim.io.format.graph6.Graph6TopologySerializerTest" time="0.0"/>
  <testcase name="checkDecodeEncodeGraphs(String)[3250]" classname="io.jbotsim.io.format.graph6.Graph6TopologySerializerTest" time="0.0"/>
  <testcase name="checkDecodeEncodeGraphs(String)[3251]" classname="io.jbotsim.io.format.graph6.Graph6TopologySerializerTest" time="0.0"/>
  <testcase name="checkDecodeEncodeGraphs(String)[3252]" classname="io.jbotsim.io.format.graph6.Graph6TopologySerializerTest" time="0.0"/>
  <testcase name="checkDecodeEncodeGraphs(String)[3253]" classname="io.jbotsim.io.format.graph6.Graph6TopologySerializerTest" time="0.001"/>
  <testcase name="checkDecodeEncodeGraphs(String)[3254]" classname="io.jbotsim.io.format.graph6.Graph6TopologySerializerTest" time="0.0"/>
  <testcase name="checkDecodeEncodeGraphs(String)[3255]" classname="io.jbotsim.io.format.graph6.Graph6TopologySerializerTest" time="0.0"/>
  <testcase name="checkDecodeEncodeGraphs(String)[3256]" classname="io.jbotsim.io.format.graph6.Graph6TopologySerializerTest" time="0.003"/>
  <testcase name="checkDecodeEncodeGraphs(String)[3257]" classname="io.jbotsim.io.format.graph6.Graph6TopologySerializerTest" time="0.0"/>
  <testcase name="checkDecodeEncodeGraphs(String)[3258]" classname="io.jbotsim.io.format.graph6.Graph6TopologySerializerTest" time="0.0"/>
  <testcase name="checkDecodeEncodeGraphs(String)[3259]" classname="io.jbotsim.io.format.graph6.Graph6TopologySerializerTest" time="0.001"/>
  <testcase name="checkDecodeEncodeGraphs(String)[3260]" classname="io.jbotsim.io.format.graph6.Graph6TopologySerializerTest" time="0.0"/>
  <testcase name="checkDecodeEncodeGraphs(String)[3261]" classname="io.jbotsim.io.format.graph6.Graph6TopologySerializerTest" time="0.0"/>
  <testcase name="checkDecodeEncodeGraphs(String)[3262]" classname="io.jbotsim.io.format.graph6.Graph6TopologySerializerTest" time="0.0"/>
  <testcase name="checkDecodeEncodeGraphs(String)[3263]" classname="io.jbotsim.io.format.graph6.Graph6TopologySerializerTest" time="0.001"/>
  <testcase name="checkDecodeEncodeGraphs(String)[3264]" classname="io.jbotsim.io.format.graph6.Graph6TopologySerializerTest" time="0.0"/>
  <testcase name="checkDecodeEncodeGraphs(String)[3265]" classname="io.jbotsim.io.format.graph6.Graph6TopologySerializerTest" time="0.0"/>
  <testcase name="checkDecodeEncodeGraphs(String)[3266]" classname="io.jbotsim.io.format.graph6.Graph6TopologySerializerTest" time="0.0"/>
  <testcase name="checkDecodeEncodeGraphs(String)[3267]" classname="io.jbotsim.io.format.graph6.Graph6TopologySerializerTest" time="0.0"/>
  <testcase name="checkDecodeEncodeGraphs(String)[3268]" classname="io.jbotsim.io.format.graph6.Graph6TopologySerializerTest" time="0.004"/>
  <testcase name="checkDecodeEncodeGraphs(String)[3269]" classname="io.jbotsim.io.format.graph6.Graph6TopologySerializerTest" time="0.0"/>
  <testcase name="checkDecodeEncodeGraphs(String)[3270]" classname="io.jbotsim.io.format.graph6.Graph6TopologySerializerTest" time="0.0"/>
  <testcase name="checkDecodeEncodeGraphs(String)[3271]" classname="io.jbotsim.io.format.graph6.Graph6TopologySerializerTest" time="0.0"/>
  <testcase name="checkDecodeEncodeGraphs(String)[3272]" classname="io.jbotsim.io.format.graph6.Graph6TopologySerializerTest" time="0.0"/>
  <testcase name="checkDecodeEncodeGraphs(String)[3273]" classname="io.jbotsim.io.format.graph6.Graph6TopologySerializerTest" time="0.0"/>
  <testcase name="checkDecodeEncodeGraphs(String)[3274]" classname="io.jbotsim.io.format.graph6.Graph6TopologySerializerTest" time="0.0"/>
  <testcase name="checkDecodeEncodeGraphs(String)[3275]" classname="io.jbotsim.io.format.graph6.Graph6TopologySerializerTest" time="0.0"/>
  <testcase name="checkDecodeEncodeGraphs(String)[3276]" classname="io.jbotsim.io.format.graph6.Graph6TopologySerializerTest" time="0.0"/>
  <testcase name="checkDecodeEncodeGraphs(String)[3277]" classname="io.jbotsim.io.format.graph6.Graph6TopologySerializerTest" time="0.001"/>
  <testcase name="checkDecodeEncodeGraphs(String)[3278]" classname="io.jbotsim.io.format.graph6.Graph6TopologySerializerTest" time="0.005"/>
  <testcase name="checkDecodeEncodeGraphs(String)[3279]" classname="io.jbotsim.io.format.graph6.Graph6TopologySerializerTest" time="0.0"/>
  <testcase name="checkDecodeEncodeGraphs(String)[3280]" classname="io.jbotsim.io.format.graph6.Graph6TopologySerializerTest" time="0.0"/>
  <testcase name="checkDecodeEncodeGraphs(String)[3281]" classname="io.jbotsim.io.format.graph6.Graph6TopologySerializerTest" time="0.0"/>
  <testcase name="checkDecodeEncodeGraphs(String)[3282]" classname="io.jbotsim.io.format.graph6.Graph6TopologySerializerTest" time="0.0"/>
  <testcase name="checkDecodeEncodeGraphs(String)[3283]" classname="io.jbotsim.io.format.graph6.Graph6TopologySerializerTest" time="0.0"/>
  <testcase name="checkDecodeEncodeGraphs(String)[3284]" classname="io.jbotsim.io.format.graph6.Graph6TopologySerializerTest" time="0.001"/>
  <testcase name="checkDecodeEncodeGraphs(String)[3285]" classname="io.jbotsim.io.format.graph6.Graph6TopologySerializerTest" time="0.0"/>
  <testcase name="checkDecodeEncodeGraphs(String)[3286]" classname="io.jbotsim.io.format.graph6.Graph6TopologySerializerTest" time="0.0"/>
  <testcase name="checkDecodeEncodeGraphs(String)[3287]" classname="io.jbotsim.io.format.graph6.Graph6TopologySerializerTest" time="0.0"/>
  <testcase name="checkDecodeEncodeGraphs(String)[3288]" classname="io.jbotsim.io.format.graph6.Graph6TopologySerializerTest" time="0.0"/>
  <testcase name="checkDecodeEncodeGraphs(String)[3289]" classname="io.jbotsim.io.format.graph6.Graph6TopologySerializerTest" time="0.0"/>
  <testcase name="checkDecodeEncodeGraphs(String)[3290]" classname="io.jbotsim.io.format.graph6.Graph6TopologySerializerTest" time="0.0"/>
  <testcase name="checkDecodeEncodeGraphs(String)[3291]" classname="io.jbotsim.io.format.graph6.Graph6TopologySerializerTest" time="0.001"/>
  <testcase name="checkDecodeEncodeGraphs(String)[3292]" classname="io.jbotsim.io.format.graph6.Graph6TopologySerializerTest" time="0.0"/>
  <testcase name="checkDecodeEncodeGraphs(String)[3293]" classname="io.jbotsim.io.format.graph6.Graph6TopologySerializerTest" time="0.002"/>
  <testcase name="checkDecodeEncodeGraphs(String)[3294]" classname="io.jbotsim.io.format.graph6.Graph6TopologySerializerTest" time="0.0"/>
  <testcase name="checkDecodeEncodeGraphs(String)[3295]" classname="io.jbotsim.io.format.graph6.Graph6TopologySerializerTest" time="0.0"/>
  <testcase name="checkDecodeEncodeGraphs(String)[3296]" classname="io.jbotsim.io.format.graph6.Graph6TopologySerializerTest" time="0.001"/>
  <testcase name="checkDecodeEncodeGraphs(String)[3297]" classname="io.jbotsim.io.format.graph6.Graph6TopologySerializerTest" time="0.0"/>
  <testcase name="checkDecodeEncodeGraphs(String)[3298]" classname="io.jbotsim.io.format.graph6.Graph6TopologySerializerTest" time="0.001"/>
  <testcase name="checkDecodeEncodeGraphs(String)[3299]" classname="io.jbotsim.io.format.graph6.Graph6TopologySerializerTest" time="0.003"/>
  <testcase name="checkDecodeEncodeGraphs(String)[3300]" classname="io.jbotsim.io.format.graph6.Graph6TopologySerializerTest" time="0.001"/>
  <testcase name="checkDecodeEncodeGraphs(String)[3301]" classname="io.jbotsim.io.format.graph6.Graph6TopologySerializerTest" time="0.0"/>
  <testcase name="checkDecodeEncodeGraphs(String)[3302]" classname="io.jbotsim.io.format.graph6.Graph6TopologySerializerTest" time="0.0"/>
  <testcase name="checkDecodeEncodeGraphs(String)[3303]" classname="io.jbotsim.io.format.graph6.Graph6TopologySerializerTest" time="0.0"/>
  <testcase name="checkDecodeEncodeGraphs(String)[3304]" classname="io.jbotsim.io.format.graph6.Graph6TopologySerializerTest" time="0.0"/>
  <testcase name="checkDecodeEncodeGraphs(String)[3305]" classname="io.jbotsim.io.format.graph6.Graph6TopologySerializerTest" time="0.001"/>
  <testcase name="checkDecodeEncodeGraphs(String)[3306]" classname="io.jbotsim.io.format.graph6.Graph6TopologySerializerTest" time="0.0"/>
  <testcase name="checkDecodeEncodeGraphs(String)[3307]" classname="io.jbotsim.io.format.graph6.Graph6TopologySerializerTest" time="0.0"/>
  <testcase name="checkDecodeEncodeGraphs(String)[3308]" classname="io.jbotsim.io.format.graph6.Graph6TopologySerializerTest" time="0.0"/>
  <testcase name="checkDecodeEncodeGraphs(String)[3309]" classname="io.jbotsim.io.format.graph6.Graph6TopologySerializerTest" time="0.0"/>
  <testcase name="checkDecodeEncodeGraphs(String)[3310]" classname="io.jbotsim.io.format.graph6.Graph6TopologySerializerTest" time="0.0"/>
  <testcase name="checkDecodeEncodeGraphs(String)[3311]" classname="io.jbotsim.io.format.graph6.Graph6TopologySerializerTest" time="0.0"/>
  <testcase name="checkDecodeEncodeGraphs(String)[3312]" classname="io.jbotsim.io.format.graph6.Graph6TopologySerializerTest" time="0.0"/>
  <testcase name="checkDecodeEncodeGraphs(String)[3313]" classname="io.jbotsim.io.format.graph6.Graph6TopologySerializerTest" time="0.001"/>
  <testcase name="checkDecodeEncodeGraphs(String)[3314]" classname="io.jbotsim.io.format.graph6.Graph6TopologySerializerTest" time="0.0"/>
  <testcase name="checkDecodeEncodeGraphs(String)[3315]" classname="io.jbotsim.io.format.graph6.Graph6TopologySerializerTest" time="0.0"/>
  <testcase name="checkDecodeEncodeGraphs(String)[3316]" classname="io.jbotsim.io.format.graph6.Graph6TopologySerializerTest" time="0.0"/>
  <testcase name="checkDecodeEncodeGraphs(String)[3317]" classname="io.jbotsim.io.format.graph6.Graph6TopologySerializerTest" time="0.001"/>
  <testcase name="checkDecodeEncodeGraphs(String)[3318]" classname="io.jbotsim.io.format.graph6.Graph6TopologySerializerTest" time="0.0"/>
  <testcase name="checkDecodeEncodeGraphs(String)[3319]" classname="io.jbotsim.io.format.graph6.Graph6TopologySerializerTest" time="0.002"/>
  <testcase name="checkDecodeEncodeGraphs(String)[3320]" classname="io.jbotsim.io.format.graph6.Graph6TopologySerializerTest" time="0.0"/>
  <testcase name="checkDecodeEncodeGraphs(String)[3321]" classname="io.jbotsim.io.format.graph6.Graph6TopologySerializerTest" time="0.0"/>
  <testcase name="checkDecodeEncodeGraphs(String)[3322]" classname="io.jbotsim.io.format.graph6.Graph6TopologySerializerTest" time="0.001"/>
  <testcase name="checkDecodeEncodeGraphs(String)[3323]" classname="io.jbotsim.io.format.graph6.Graph6TopologySerializerTest" time="0.0"/>
  <testcase name="checkDecodeEncodeGraphs(String)[3324]" classname="io.jbotsim.io.format.graph6.Graph6TopologySerializerTest" time="0.0"/>
  <testcase name="checkDecodeEncodeGraphs(String)[3325]" classname="io.jbotsim.io.format.graph6.Graph6TopologySerializerTest" time="0.001"/>
  <testcase name="checkDecodeEncodeGraphs(String)[3326]" classname="io.jbotsim.io.format.graph6.Graph6TopologySerializerTest" time="0.0"/>
  <testcase name="checkDecodeEncodeGraphs(String)[3327]" classname="io.jbotsim.io.format.graph6.Graph6TopologySerializerTest" time="0.001"/>
  <testcase name="checkDecodeEncodeGraphs(String)[3328]" classname="io.jbotsim.io.format.graph6.Graph6TopologySerializerTest" time="0.004"/>
  <testcase name="checkDecodeEncodeGraphs(String)[3329]" classname="io.jbotsim.io.format.graph6.Graph6TopologySerializerTest" time="0.0"/>
  <testcase name="checkDecodeEncodeGraphs(String)[3330]" classname="io.jbotsim.io.format.graph6.Graph6TopologySerializerTest" time="0.0"/>
  <testcase name="checkDecodeEncodeGraphs(String)[3331]" classname="io.jbotsim.io.format.graph6.Graph6TopologySerializerTest" time="0.001"/>
  <testcase name="checkDecodeEncodeGraphs(String)[3332]" classname="io.jbotsim.io.format.graph6.Graph6TopologySerializerTest" time="0.0"/>
  <testcase name="checkDecodeEncodeGraphs(String)[3333]" classname="io.jbotsim.io.format.graph6.Graph6TopologySerializerTest" time="0.0"/>
  <testcase name="checkDecodeEncodeGraphs(String)[3334]" classname="io.jbotsim.io.format.graph6.Graph6TopologySerializerTest" time="0.0"/>
  <testcase name="checkDecodeEncodeGraphs(String)[3335]" classname="io.jbotsim.io.format.graph6.Graph6TopologySerializerTest" time="0.0"/>
  <testcase name="checkDecodeEncodeGraphs(String)[3336]" classname="io.jbotsim.io.format.graph6.Graph6TopologySerializerTest" time="0.001"/>
  <testcase name="checkDecodeEncodeGraphs(String)[3337]" classname="io.jbotsim.io.format.graph6.Graph6TopologySerializerTest" time="0.0"/>
  <testcase name="checkDecodeEncodeGraphs(String)[3338]" classname="io.jbotsim.io.format.graph6.Graph6TopologySerializerTest" time="0.001"/>
  <testcase name="checkDecodeEncodeGraphs(String)[3339]" classname="io.jbotsim.io.format.graph6.Graph6TopologySerializerTest" time="0.0"/>
  <testcase name="checkDecodeEncodeGraphs(String)[3340]" classname="io.jbotsim.io.format.graph6.Graph6TopologySerializerTest" time="0.0"/>
  <testcase name="checkDecodeEncodeGraphs(String)[3341]" classname="io.jbotsim.io.format.graph6.Graph6TopologySerializerTest" time="0.003"/>
  <testcase name="checkDecodeEncodeGraphs(String)[3342]" classname="io.jbotsim.io.format.graph6.Graph6TopologySerializerTest" time="0.0"/>
  <testcase name="checkDecodeEncodeGraphs(String)[3343]" classname="io.jbotsim.io.format.graph6.Graph6TopologySerializerTest" time="0.0"/>
  <testcase name="checkDecodeEncodeGraphs(String)[3344]" classname="io.jbotsim.io.format.graph6.Graph6TopologySerializerTest" time="0.0"/>
  <testcase name="checkDecodeEncodeGraphs(String)[3345]" classname="io.jbotsim.io.format.graph6.Graph6TopologySerializerTest" time="0.0"/>
  <testcase name="checkDecodeEncodeGraphs(String)[3346]" classname="io.jbotsim.io.format.graph6.Graph6TopologySerializerTest" time="0.0"/>
  <testcase name="checkDecodeEncodeGraphs(String)[3347]" classname="io.jbotsim.io.format.graph6.Graph6TopologySerializerTest" time="0.0"/>
  <testcase name="checkDecodeEncodeGraphs(String)[3348]" classname="io.jbotsim.io.format.graph6.Graph6TopologySerializerTest" time="0.0"/>
  <testcase name="checkDecodeEncodeGraphs(String)[3349]" classname="io.jbotsim.io.format.graph6.Graph6TopologySerializerTest" time="0.0"/>
  <testcase name="checkDecodeEncodeGraphs(String)[3350]" classname="io.jbotsim.io.format.graph6.Graph6TopologySerializerTest" time="0.0"/>
  <testcase name="checkDecodeEncodeGraphs(String)[3351]" classname="io.jbotsim.io.format.graph6.Graph6TopologySerializerTest" time="0.003"/>
  <testcase name="checkDecodeEncodeGraphs(String)[3352]" classname="io.jbotsim.io.format.graph6.Graph6TopologySerializerTest" time="0.0"/>
  <testcase name="checkDecodeEncodeGraphs(String)[3353]" classname="io.jbotsim.io.format.graph6.Graph6TopologySerializerTest" time="0.0"/>
  <testcase name="checkDecodeEncodeGraphs(String)[3354]" classname="io.jbotsim.io.format.graph6.Graph6TopologySerializerTest" time="0.0"/>
  <testcase name="checkDecodeEncodeGraphs(String)[3355]" classname="io.jbotsim.io.format.graph6.Graph6TopologySerializerTest" time="0.0"/>
  <testcase name="checkDecodeEncodeGraphs(String)[3356]" classname="io.jbotsim.io.format.graph6.Graph6TopologySerializerTest" time="0.001"/>
  <testcase name="checkDecodeEncodeGraphs(String)[3357]" classname="io.jbotsim.io.format.graph6.Graph6TopologySerializerTest" time="0.0"/>
  <testcase name="checkDecodeEncodeGraphs(String)[3358]" classname="io.jbotsim.io.format.graph6.Graph6TopologySerializerTest" time="0.001"/>
  <testcase name="checkDecodeEncodeGraphs(String)[3359]" classname="io.jbotsim.io.format.graph6.Graph6TopologySerializerTest" time="0.0"/>
  <testcase name="checkDecodeEncodeGraphs(String)[3360]" classname="io.jbotsim.io.format.graph6.Graph6TopologySerializerTest" time="0.0"/>
  <testcase name="checkDecodeEncodeGraphs(String)[3361]" classname="io.jbotsim.io.format.graph6.Graph6TopologySerializerTest" time="0.004"/>
  <testcase name="checkDecodeEncodeGraphs(String)[3362]" classname="io.jbotsim.io.format.graph6.Graph6TopologySerializerTest" time="0.0"/>
  <testcase name="checkDecodeEncodeGraphs(String)[3363]" classname="io.jbotsim.io.format.graph6.Graph6TopologySerializerTest" time="0.001"/>
  <testcase name="checkDecodeEncodeGraphs(String)[3364]" classname="io.jbotsim.io.format.graph6.Graph6TopologySerializerTest" time="0.0"/>
  <testcase name="checkDecodeEncodeGraphs(String)[3365]" classname="io.jbotsim.io.format.graph6.Graph6TopologySerializerTest" time="0.0"/>
  <testcase name="checkDecodeEncodeGraphs(String)[3366]" classname="io.jbotsim.io.format.graph6.Graph6TopologySerializerTest" time="0.001"/>
  <testcase name="checkDecodeEncodeGraphs(String)[3367]" classname="io.jbotsim.io.format.graph6.Graph6TopologySerializerTest" time="0.001"/>
  <testcase name="checkDecodeEncodeGraphs(String)[3368]" classname="io.jbotsim.io.format.graph6.Graph6TopologySerializerTest" time="0.0"/>
  <testcase name="checkDecodeEncodeGraphs(String)[3369]" classname="io.jbotsim.io.format.graph6.Graph6TopologySerializerTest" time="0.0"/>
  <testcase name="checkDecodeEncodeGraphs(String)[3370]" classname="io.jbotsim.io.format.graph6.Graph6TopologySerializerTest" time="0.0"/>
  <testcase name="checkDecodeEncodeGraphs(String)[3371]" classname="io.jbotsim.io.format.graph6.Graph6TopologySerializerTest" time="0.001"/>
  <testcase name="checkDecodeEncodeGraphs(String)[3372]" classname="io.jbotsim.io.format.graph6.Graph6TopologySerializerTest" time="0.0"/>
  <testcase name="checkDecodeEncodeGraphs(String)[3373]" classname="io.jbotsim.io.format.graph6.Graph6TopologySerializerTest" time="0.001"/>
  <testcase name="checkDecodeEncodeGraphs(String)[3374]" classname="io.jbotsim.io.format.graph6.Graph6TopologySerializerTest" time="0.003"/>
  <testcase name="checkDecodeEncodeGraphs(String)[3375]" classname="io.jbotsim.io.format.graph6.Graph6TopologySerializerTest" time="0.001"/>
  <testcase name="checkDecodeEncodeGraphs(String)[3376]" classname="io.jbotsim.io.format.graph6.Graph6TopologySerializerTest" time="0.001"/>
  <testcase name="checkDecodeEncodeGraphs(String)[3377]" classname="io.jbotsim.io.format.graph6.Graph6TopologySerializerTest" time="0.002"/>
  <testcase name="checkDecodeEncodeGraphs(String)[3378]" classname="io.jbotsim.io.format.graph6.Graph6TopologySerializerTest" time="0.003"/>
  <testcase name="checkDecodeEncodeGraphs(String)[3379]" classname="io.jbotsim.io.format.graph6.Graph6TopologySerializerTest" time="0.0"/>
  <testcase name="checkDecodeEncodeGraphs(String)[3380]" classname="io.jbotsim.io.format.graph6.Graph6TopologySerializerTest" time="0.001"/>
  <testcase name="checkDecodeEncodeGraphs(String)[3381]" classname="io.jbotsim.io.format.graph6.Graph6TopologySerializerTest" time="0.0"/>
  <testcase name="checkDecodeEncodeGraphs(String)[3382]" classname="io.jbotsim.io.format.graph6.Graph6TopologySerializerTest" time="0.001"/>
  <testcase name="checkDecodeEncodeGraphs(String)[3383]" classname="io.jbotsim.io.format.graph6.Graph6TopologySerializerTest" time="0.0"/>
  <testcase name="checkDecodeEncodeGraphs(String)[3384]" classname="io.jbotsim.io.format.graph6.Graph6TopologySerializerTest" time="0.0"/>
  <testcase name="checkDecodeEncodeGraphs(String)[3385]" classname="io.jbotsim.io.format.graph6.Graph6TopologySerializerTest" time="0.001"/>
  <testcase name="checkDecodeEncodeGraphs(String)[3386]" classname="io.jbotsim.io.format.graph6.Graph6TopologySerializerTest" time="0.0"/>
  <testcase name="checkDecodeEncodeGraphs(String)[3387]" classname="io.jbotsim.io.format.graph6.Graph6TopologySerializerTest" time="0.0"/>
  <testcase name="checkDecodeEncodeGraphs(String)[3388]" classname="io.jbotsim.io.format.graph6.Graph6TopologySerializerTest" time="0.002"/>
  <testcase name="checkDecodeEncodeGraphs(String)[3389]" classname="io.jbotsim.io.format.graph6.Graph6TopologySerializerTest" time="0.001"/>
  <testcase name="checkDecodeEncodeGraphs(String)[3390]" classname="io.jbotsim.io.format.graph6.Graph6TopologySerializerTest" time="0.0"/>
  <testcase name="checkDecodeEncodeGraphs(String)[3391]" classname="io.jbotsim.io.format.graph6.Graph6TopologySerializerTest" time="0.0"/>
  <testcase name="checkDecodeEncodeGraphs(String)[3392]" classname="io.jbotsim.io.format.graph6.Graph6TopologySerializerTest" time="0.0"/>
  <testcase name="checkDecodeEncodeGraphs(String)[3393]" classname="io.jbotsim.io.format.graph6.Graph6TopologySerializerTest" time="0.0"/>
  <testcase name="checkDecodeEncodeGraphs(String)[3394]" classname="io.jbotsim.io.format.graph6.Graph6TopologySerializerTest" time="0.0"/>
  <testcase name="checkDecodeEncodeGraphs(String)[3395]" classname="io.jbotsim.io.format.graph6.Graph6TopologySerializerTest" time="0.002"/>
  <testcase name="checkDecodeEncodeGraphs(String)[3396]" classname="io.jbotsim.io.format.graph6.Graph6TopologySerializerTest" time="0.0"/>
  <testcase name="checkDecodeEncodeGraphs(String)[3397]" classname="io.jbotsim.io.format.graph6.Graph6TopologySerializerTest" time="0.001"/>
  <testcase name="checkDecodeEncodeGraphs(String)[3398]" classname="io.jbotsim.io.format.graph6.Graph6TopologySerializerTest" time="0.003"/>
  <testcase name="checkDecodeEncodeGraphs(String)[3399]" classname="io.jbotsim.io.format.graph6.Graph6TopologySerializerTest" time="0.0"/>
  <testcase name="checkDecodeEncodeGraphs(String)[3400]" classname="io.jbotsim.io.format.graph6.Graph6TopologySerializerTest" time="0.001"/>
  <testcase name="checkDecodeEncodeGraphs(String)[3401]" classname="io.jbotsim.io.format.graph6.Graph6TopologySerializerTest" time="0.003"/>
  <testcase name="checkDecodeEncodeGraphs(String)[3402]" classname="io.jbotsim.io.format.graph6.Graph6TopologySerializerTest" time="0.0"/>
  <testcase name="checkDecodeEncodeGraphs(String)[3403]" classname="io.jbotsim.io.format.graph6.Graph6TopologySerializerTest" time="0.001"/>
  <testcase name="checkDecodeEncodeGraphs(String)[3404]" classname="io.jbotsim.io.format.graph6.Graph6TopologySerializerTest" time="0.0"/>
  <testcase name="checkDecodeEncodeGraphs(String)[3405]" classname="io.jbotsim.io.format.graph6.Graph6TopologySerializerTest" time="0.001"/>
  <testcase name="checkDecodeEncodeGraphs(String)[3406]" classname="io.jbotsim.io.format.graph6.Graph6TopologySerializerTest" time="0.0"/>
  <testcase name="checkDecodeEncodeGraphs(String)[3407]" classname="io.jbotsim.io.format.graph6.Graph6TopologySerializerTest" time="0.0"/>
  <testcase name="checkDecodeEncodeGraphs(String)[3408]" classname="io.jbotsim.io.format.graph6.Graph6TopologySerializerTest" time="0.0"/>
  <testcase name="checkDecodeEncodeGraphs(String)[3409]" classname="io.jbotsim.io.format.graph6.Graph6TopologySerializerTest" time="0.0"/>
  <testcase name="checkDecodeEncodeGraphs(String)[3410]" classname="io.jbotsim.io.format.graph6.Graph6TopologySerializerTest" time="0.001"/>
  <testcase name="checkDecodeEncodeGraphs(String)[3411]" classname="io.jbotsim.io.format.graph6.Graph6TopologySerializerTest" time="0.001"/>
  <testcase name="checkDecodeEncodeGraphs(String)[3412]" classname="io.jbotsim.io.format.graph6.Graph6TopologySerializerTest" time="0.001"/>
  <testcase name="checkDecodeEncodeGraphs(String)[3413]" classname="io.jbotsim.io.format.graph6.Graph6TopologySerializerTest" time="0.002"/>
  <testcase name="checkDecodeEncodeGraphs(String)[3414]" classname="io.jbotsim.io.format.graph6.Graph6TopologySerializerTest" time="0.001"/>
  <testcase name="checkDecodeEncodeGraphs(String)[3415]" classname="io.jbotsim.io.format.graph6.Graph6TopologySerializerTest" time="0.0"/>
  <testcase name="checkDecodeEncodeGraphs(String)[3416]" classname="io.jbotsim.io.format.graph6.Graph6TopologySerializerTest" time="0.001"/>
  <testcase name="checkDecodeEncodeGraphs(String)[3417]" classname="io.jbotsim.io.format.graph6.Graph6TopologySerializerTest" time="0.0"/>
  <testcase name="checkDecodeEncodeGraphs(String)[3418]" classname="io.jbotsim.io.format.graph6.Graph6TopologySerializerTest" time="0.0"/>
  <testcase name="checkDecodeEncodeGraphs(String)[3419]" classname="io.jbotsim.io.format.graph6.Graph6TopologySerializerTest" time="0.001"/>
  <testcase name="checkDecodeEncodeGraphs(String)[3420]" classname="io.jbotsim.io.format.graph6.Graph6TopologySerializerTest" time="0.0"/>
  <testcase name="checkDecodeEncodeGraphs(String)[3421]" classname="io.jbotsim.io.format.graph6.Graph6TopologySerializerTest" time="0.003"/>
  <testcase name="checkDecodeEncodeGraphs(String)[3422]" classname="io.jbotsim.io.format.graph6.Graph6TopologySerializerTest" time="0.0"/>
  <testcase name="checkDecodeEncodeGraphs(String)[3423]" classname="io.jbotsim.io.format.graph6.Graph6TopologySerializerTest" time="0.0"/>
  <testcase name="checkDecodeEncodeGraphs(String)[3424]" classname="io.jbotsim.io.format.graph6.Graph6TopologySerializerTest" time="0.0"/>
  <testcase name="checkDecodeEncodeGraphs(String)[3425]" classname="io.jbotsim.io.format.graph6.Graph6TopologySerializerTest" time="0.0"/>
  <testcase name="checkDecodeEncodeGraphs(String)[3426]" classname="io.jbotsim.io.format.graph6.Graph6TopologySerializerTest" time="0.001"/>
  <testcase name="checkDecodeEncodeGraphs(String)[3427]" classname="io.jbotsim.io.format.graph6.Graph6TopologySerializerTest" time="0.0"/>
  <testcase name="checkDecodeEncodeGraphs(String)[3428]" classname="io.jbotsim.io.format.graph6.Graph6TopologySerializerTest" time="0.001"/>
  <testcase name="checkDecodeEncodeGraphs(String)[3429]" classname="io.jbotsim.io.format.graph6.Graph6TopologySerializerTest" time="0.0"/>
  <testcase name="checkDecodeEncodeGraphs(String)[3430]" classname="io.jbotsim.io.format.graph6.Graph6TopologySerializerTest" time="0.0"/>
  <testcase name="checkDecodeEncodeGraphs(String)[3431]" classname="io.jbotsim.io.format.graph6.Graph6TopologySerializerTest" time="0.0"/>
  <testcase name="checkDecodeEncodeGraphs(String)[3432]" classname="io.jbotsim.io.format.graph6.Graph6TopologySerializerTest" time="0.0"/>
  <testcase name="checkDecodeEncodeGraphs(String)[3433]" classname="io.jbotsim.io.format.graph6.Graph6TopologySerializerTest" time="0.001"/>
  <testcase name="checkDecodeEncodeGraphs(String)[3434]" classname="io.jbotsim.io.format.graph6.Graph6TopologySerializerTest" time="0.0"/>
  <testcase name="checkDecodeEncodeGraphs(String)[3435]" classname="io.jbotsim.io.format.graph6.Graph6TopologySerializerTest" time="0.0"/>
  <testcase name="checkDecodeEncodeGraphs(String)[3436]" classname="io.jbotsim.io.format.graph6.Graph6TopologySerializerTest" time="0.0"/>
  <testcase name="checkDecodeEncodeGraphs(String)[3437]" classname="io.jbotsim.io.format.graph6.Graph6TopologySerializerTest" time="0.0"/>
  <testcase name="checkDecodeEncodeGraphs(String)[3438]" classname="io.jbotsim.io.format.graph6.Graph6TopologySerializerTest" time="0.0"/>
  <testcase name="checkDecodeEncodeGraphs(String)[3439]" classname="io.jbotsim.io.format.graph6.Graph6TopologySerializerTest" time="0.0"/>
  <testcase name="checkDecodeEncodeGraphs(String)[3440]" classname="io.jbotsim.io.format.graph6.Graph6TopologySerializerTest" time="0.0"/>
  <testcase name="checkDecodeEncodeGraphs(String)[3441]" classname="io.jbotsim.io.format.graph6.Graph6TopologySerializerTest" time="0.0"/>
  <testcase name="checkDecodeEncodeGraphs(String)[3442]" classname="io.jbotsim.io.format.graph6.Graph6TopologySerializerTest" time="0.001"/>
  <testcase name="checkDecodeEncodeGraphs(String)[3443]" classname="io.jbotsim.io.format.graph6.Graph6TopologySerializerTest" time="0.0"/>
  <testcase name="checkDecodeEncodeGraphs(String)[3444]" classname="io.jbotsim.io.format.graph6.Graph6TopologySerializerTest" time="0.0"/>
  <testcase name="checkDecodeEncodeGraphs(String)[3445]" classname="io.jbotsim.io.format.graph6.Graph6TopologySerializerTest" time="0.0"/>
  <testcase name="checkDecodeEncodeGraphs(String)[3446]" classname="io.jbotsim.io.format.graph6.Graph6TopologySerializerTest" time="0.0"/>
  <testcase name="checkDecodeEncodeGraphs(String)[3447]" classname="io.jbotsim.io.format.graph6.Graph6TopologySerializerTest" time="0.0"/>
  <testcase name="checkDecodeEncodeGraphs(String)[3448]" classname="io.jbotsim.io.format.graph6.Graph6TopologySerializerTest" time="0.003"/>
  <testcase name="checkDecodeEncodeGraphs(String)[3449]" classname="io.jbotsim.io.format.graph6.Graph6TopologySerializerTest" time="0.0"/>
  <testcase name="checkDecodeEncodeGraphs(String)[3450]" classname="io.jbotsim.io.format.graph6.Graph6TopologySerializerTest" time="0.0"/>
  <testcase name="checkDecodeEncodeGraphs(String)[3451]" classname="io.jbotsim.io.format.graph6.Graph6TopologySerializerTest" time="0.0"/>
  <testcase name="checkDecodeEncodeGraphs(String)[3452]" classname="io.jbotsim.io.format.graph6.Graph6TopologySerializerTest" time="0.0"/>
  <testcase name="checkDecodeEncodeGraphs(String)[3453]" classname="io.jbotsim.io.format.graph6.Graph6TopologySerializerTest" time="0.001"/>
  <testcase name="checkDecodeEncodeGraphs(String)[3454]" classname="io.jbotsim.io.format.graph6.Graph6TopologySerializerTest" time="0.0"/>
  <testcase name="checkDecodeEncodeGraphs(String)[3455]" classname="io.jbotsim.io.format.graph6.Graph6TopologySerializerTest" time="0.0"/>
  <testcase name="checkDecodeEncodeGraphs(String)[3456]" classname="io.jbotsim.io.format.graph6.Graph6TopologySerializerTest" time="0.0"/>
  <testcase name="checkDecodeEncodeGraphs(String)[3457]" classname="io.jbotsim.io.format.graph6.Graph6TopologySerializerTest" time="0.0"/>
  <testcase name="checkDecodeEncodeGraphs(String)[3458]" classname="io.jbotsim.io.format.graph6.Graph6TopologySerializerTest" time="0.001"/>
  <testcase name="checkDecodeEncodeGraphs(String)[3459]" classname="io.jbotsim.io.format.graph6.Graph6TopologySerializerTest" time="0.0"/>
  <testcase name="checkDecodeEncodeGraphs(String)[3460]" classname="io.jbotsim.io.format.graph6.Graph6TopologySerializerTest" time="0.001"/>
  <testcase name="checkDecodeEncodeGraphs(String)[3461]" classname="io.jbotsim.io.format.graph6.Graph6TopologySerializerTest" time="0.0"/>
  <testcase name="checkDecodeEncodeGraphs(String)[3462]" classname="io.jbotsim.io.format.graph6.Graph6TopologySerializerTest" time="0.0"/>
  <testcase name="checkDecodeEncodeGraphs(String)[3463]" classname="io.jbotsim.io.format.graph6.Graph6TopologySerializerTest" time="0.0"/>
  <testcase name="checkDecodeEncodeGraphs(String)[3464]" classname="io.jbotsim.io.format.graph6.Graph6TopologySerializerTest" time="0.0"/>
  <testcase name="checkDecodeEncodeGraphs(String)[3465]" classname="io.jbotsim.io.format.graph6.Graph6TopologySerializerTest" time="0.001"/>
  <testcase name="checkDecodeEncodeGraphs(String)[3466]" classname="io.jbotsim.io.format.graph6.Graph6TopologySerializerTest" time="0.0"/>
  <testcase name="checkDecodeEncodeGraphs(String)[3467]" classname="io.jbotsim.io.format.graph6.Graph6TopologySerializerTest" time="0.0"/>
  <testcase name="checkDecodeEncodeGraphs(String)[3468]" classname="io.jbotsim.io.format.graph6.Graph6TopologySerializerTest" time="0.0"/>
  <testcase name="checkDecodeEncodeGraphs(String)[3469]" classname="io.jbotsim.io.format.graph6.Graph6TopologySerializerTest" time="0.0"/>
  <testcase name="checkDecodeEncodeGraphs(String)[3470]" classname="io.jbotsim.io.format.graph6.Graph6TopologySerializerTest" time="0.001"/>
  <testcase name="checkDecodeEncodeGraphs(String)[3471]" classname="io.jbotsim.io.format.graph6.Graph6TopologySerializerTest" time="0.004"/>
  <testcase name="checkDecodeEncodeGraphs(String)[3472]" classname="io.jbotsim.io.format.graph6.Graph6TopologySerializerTest" time="0.002"/>
  <testcase name="checkDecodeEncodeGraphs(String)[3473]" classname="io.jbotsim.io.format.graph6.Graph6TopologySerializerTest" time="0.0"/>
  <testcase name="checkDecodeEncodeGraphs(String)[3474]" classname="io.jbotsim.io.format.graph6.Graph6TopologySerializerTest" time="0.001"/>
  <testcase name="checkDecodeEncodeGraphs(String)[3475]" classname="io.jbotsim.io.format.graph6.Graph6TopologySerializerTest" time="0.0"/>
  <testcase name="checkDecodeEncodeGraphs(String)[3476]" classname="io.jbotsim.io.format.graph6.Graph6TopologySerializerTest" time="0.0"/>
  <testcase name="checkDecodeEncodeGraphs(String)[3477]" classname="io.jbotsim.io.format.graph6.Graph6TopologySerializerTest" time="0.001"/>
  <testcase name="checkDecodeEncodeGraphs(String)[3478]" classname="io.jbotsim.io.format.graph6.Graph6TopologySerializerTest" time="0.003"/>
  <testcase name="checkDecodeEncodeGraphs(String)[3479]" classname="io.jbotsim.io.format.graph6.Graph6TopologySerializerTest" time="0.001"/>
  <testcase name="checkDecodeEncodeGraphs(String)[3480]" classname="io.jbotsim.io.format.graph6.Graph6TopologySerializerTest" time="0.0"/>
  <testcase name="checkDecodeEncodeGraphs(String)[3481]" classname="io.jbotsim.io.format.graph6.Graph6TopologySerializerTest" time="0.001"/>
  <testcase name="checkDecodeEncodeGraphs(String)[3482]" classname="io.jbotsim.io.format.graph6.Graph6TopologySerializerTest" time="0.001"/>
  <testcase name="checkDecodeEncodeGraphs(String)[3483]" classname="io.jbotsim.io.format.graph6.Graph6TopologySerializerTest" time="0.0"/>
  <testcase name="checkDecodeEncodeGraphs(String)[3484]" classname="io.jbotsim.io.format.graph6.Graph6TopologySerializerTest" time="0.0"/>
  <testcase name="checkDecodeEncodeGraphs(String)[3485]" classname="io.jbotsim.io.format.graph6.Graph6TopologySerializerTest" time="0.0"/>
  <testcase name="checkDecodeEncodeGraphs(String)[3486]" classname="io.jbotsim.io.format.graph6.Graph6TopologySerializerTest" time="0.0"/>
  <testcase name="checkDecodeEncodeGraphs(String)[3487]" classname="io.jbotsim.io.format.graph6.Graph6TopologySerializerTest" time="0.001"/>
  <testcase name="checkDecodeEncodeGraphs(String)[3488]" classname="io.jbotsim.io.format.graph6.Graph6TopologySerializerTest" time="0.0"/>
  <testcase name="checkDecodeEncodeGraphs(String)[3489]" classname="io.jbotsim.io.format.graph6.Graph6TopologySerializerTest" time="0.0"/>
  <testcase name="checkDecodeEncodeGraphs(String)[3490]" classname="io.jbotsim.io.format.graph6.Graph6TopologySerializerTest" time="0.0"/>
  <testcase name="checkDecodeEncodeGraphs(String)[3491]" classname="io.jbotsim.io.format.graph6.Graph6TopologySerializerTest" time="0.0"/>
  <testcase name="checkDecodeEncodeGraphs(String)[3492]" classname="io.jbotsim.io.format.graph6.Graph6TopologySerializerTest" time="0.0"/>
  <testcase name="checkDecodeEncodeGraphs(String)[3493]" classname="io.jbotsim.io.format.graph6.Graph6TopologySerializerTest" time="0.001"/>
  <testcase name="checkDecodeEncodeGraphs(String)[3494]" classname="io.jbotsim.io.format.graph6.Graph6TopologySerializerTest" time="0.0"/>
  <testcase name="checkDecodeEncodeGraphs(String)[3495]" classname="io.jbotsim.io.format.graph6.Graph6TopologySerializerTest" time="0.001"/>
  <testcase name="checkDecodeEncodeGraphs(String)[3496]" classname="io.jbotsim.io.format.graph6.Graph6TopologySerializerTest" time="0.0"/>
  <testcase name="checkDecodeEncodeGraphs(String)[3497]" classname="io.jbotsim.io.format.graph6.Graph6TopologySerializerTest" time="0.0"/>
  <testcase name="checkDecodeEncodeGraphs(String)[3498]" classname="io.jbotsim.io.format.graph6.Graph6TopologySerializerTest" time="0.001"/>
  <testcase name="checkDecodeEncodeGraphs(String)[3499]" classname="io.jbotsim.io.format.graph6.Graph6TopologySerializerTest" time="0.0"/>
  <testcase name="checkDecodeEncodeGraphs(String)[3500]" classname="io.jbotsim.io.format.graph6.Graph6TopologySerializerTest" time="0.0"/>
  <testcase name="checkDecodeEncodeGraphs(String)[3501]" classname="io.jbotsim.io.format.graph6.Graph6TopologySerializerTest" time="0.0"/>
  <testcase name="checkDecodeEncodeGraphs(String)[3502]" classname="io.jbotsim.io.format.graph6.Graph6TopologySerializerTest" time="0.0"/>
  <testcase name="checkDecodeEncodeGraphs(String)[3503]" classname="io.jbotsim.io.format.graph6.Graph6TopologySerializerTest" time="0.0"/>
  <testcase name="checkDecodeEncodeGraphs(String)[3504]" classname="io.jbotsim.io.format.graph6.Graph6TopologySerializerTest" time="0.0"/>
  <testcase name="checkDecodeEncodeGraphs(String)[3505]" classname="io.jbotsim.io.format.graph6.Graph6TopologySerializerTest" time="0.0"/>
  <testcase name="checkDecodeEncodeGraphs(String)[3506]" classname="io.jbotsim.io.format.graph6.Graph6TopologySerializerTest" time="0.001"/>
  <testcase name="checkDecodeEncodeGraphs(String)[3507]" classname="io.jbotsim.io.format.graph6.Graph6TopologySerializerTest" time="0.0"/>
  <testcase name="checkDecodeEncodeGraphs(String)[3508]" classname="io.jbotsim.io.format.graph6.Graph6TopologySerializerTest" time="0.001"/>
  <testcase name="checkDecodeEncodeGraphs(String)[3509]" classname="io.jbotsim.io.format.graph6.Graph6TopologySerializerTest" time="0.0"/>
  <testcase name="checkDecodeEncodeGraphs(String)[3510]" classname="io.jbotsim.io.format.graph6.Graph6TopologySerializerTest" time="0.002"/>
  <testcase name="checkDecodeEncodeGraphs(String)[3511]" classname="io.jbotsim.io.format.graph6.Graph6TopologySerializerTest" time="0.0"/>
  <testcase name="checkDecodeEncodeGraphs(String)[3512]" classname="io.jbotsim.io.format.graph6.Graph6TopologySerializerTest" time="0.0"/>
  <testcase name="checkDecodeEncodeGraphs(String)[3513]" classname="io.jbotsim.io.format.graph6.Graph6TopologySerializerTest" time="0.0"/>
  <testcase name="checkDecodeEncodeGraphs(String)[3514]" classname="io.jbotsim.io.format.graph6.Graph6TopologySerializerTest" time="0.0"/>
  <testcase name="checkDecodeEncodeGraphs(String)[3515]" classname="io.jbotsim.io.format.graph6.Graph6TopologySerializerTest" time="0.0"/>
  <testcase name="checkDecodeEncodeGraphs(String)[3516]" classname="io.jbotsim.io.format.graph6.Graph6TopologySerializerTest" time="0.001"/>
  <testcase name="checkDecodeEncodeGraphs(String)[3517]" classname="io.jbotsim.io.format.graph6.Graph6TopologySerializerTest" time="0.001"/>
  <testcase name="checkDecodeEncodeGraphs(String)[3518]" classname="io.jbotsim.io.format.graph6.Graph6TopologySerializerTest" time="0.0"/>
  <testcase name="checkDecodeEncodeGraphs(String)[3519]" classname="io.jbotsim.io.format.graph6.Graph6TopologySerializerTest" time="0.001"/>
  <testcase name="checkDecodeEncodeGraphs(String)[3520]" classname="io.jbotsim.io.format.graph6.Graph6TopologySerializerTest" time="0.0"/>
  <testcase name="checkDecodeEncodeGraphs(String)[3521]" classname="io.jbotsim.io.format.graph6.Graph6TopologySerializerTest" time="0.001"/>
  <testcase name="checkDecodeEncodeGraphs(String)[3522]" classname="io.jbotsim.io.format.graph6.Graph6TopologySerializerTest" time="0.0"/>
  <testcase name="checkDecodeEncodeGraphs(String)[3523]" classname="io.jbotsim.io.format.graph6.Graph6TopologySerializerTest" time="0.001"/>
  <testcase name="checkDecodeEncodeGraphs(String)[3524]" classname="io.jbotsim.io.format.graph6.Graph6TopologySerializerTest" time="0.001"/>
  <testcase name="checkDecodeEncodeGraphs(String)[3525]" classname="io.jbotsim.io.format.graph6.Graph6TopologySerializerTest" time="0.0"/>
  <testcase name="checkDecodeEncodeGraphs(String)[3526]" classname="io.jbotsim.io.format.graph6.Graph6TopologySerializerTest" time="0.0"/>
  <testcase name="checkDecodeEncodeGraphs(String)[3527]" classname="io.jbotsim.io.format.graph6.Graph6TopologySerializerTest" time="0.002"/>
  <testcase name="checkDecodeEncodeGraphs(String)[3528]" classname="io.jbotsim.io.format.graph6.Graph6TopologySerializerTest" time="0.0"/>
  <testcase name="checkDecodeEncodeGraphs(String)[3529]" classname="io.jbotsim.io.format.graph6.Graph6TopologySerializerTest" time="0.0"/>
  <testcase name="checkDecodeEncodeGraphs(String)[3530]" classname="io.jbotsim.io.format.graph6.Graph6TopologySerializerTest" time="0.0"/>
  <testcase name="checkDecodeEncodeGraphs(String)[3531]" classname="io.jbotsim.io.format.graph6.Graph6TopologySerializerTest" time="0.0"/>
  <testcase name="checkDecodeEncodeGraphs(String)[3532]" classname="io.jbotsim.io.format.graph6.Graph6TopologySerializerTest" time="0.001"/>
  <testcase name="checkDecodeEncodeGraphs(String)[3533]" classname="io.jbotsim.io.format.graph6.Graph6TopologySerializerTest" time="0.0"/>
  <testcase name="checkDecodeEncodeGraphs(String)[3534]" classname="io.jbotsim.io.format.graph6.Graph6TopologySerializerTest" time="0.0"/>
  <testcase name="checkDecodeEncodeGraphs(String)[3535]" classname="io.jbotsim.io.format.graph6.Graph6TopologySerializerTest" time="0.002"/>
  <testcase name="checkDecodeEncodeGraphs(String)[3536]" classname="io.jbotsim.io.format.graph6.Graph6TopologySerializerTest" time="0.0"/>
  <testcase name="checkDecodeEncodeGraphs(String)[3537]" classname="io.jbotsim.io.format.graph6.Graph6TopologySerializerTest" time="0.0"/>
  <testcase name="checkDecodeEncodeGraphs(String)[3538]" classname="io.jbotsim.io.format.graph6.Graph6TopologySerializerTest" time="0.0"/>
  <testcase name="checkDecodeEncodeGraphs(String)[3539]" classname="io.jbotsim.io.format.graph6.Graph6TopologySerializerTest" time="0.0"/>
  <testcase name="checkDecodeEncodeGraphs(String)[3540]" classname="io.jbotsim.io.format.graph6.Graph6TopologySerializerTest" time="0.001"/>
  <testcase name="checkDecodeEncodeGraphs(String)[3541]" classname="io.jbotsim.io.format.graph6.Graph6TopologySerializerTest" time="0.0"/>
  <testcase name="checkDecodeEncodeGraphs(String)[3542]" classname="io.jbotsim.io.format.graph6.Graph6TopologySerializerTest" time="0.0"/>
  <testcase name="checkDecodeEncodeGraphs(String)[3543]" classname="io.jbotsim.io.format.graph6.Graph6TopologySerializerTest" time="0.001"/>
  <testcase name="checkDecodeEncodeGraphs(String)[3544]" classname="io.jbotsim.io.format.graph6.Graph6TopologySerializerTest" time="0.0"/>
  <testcase name="checkDecodeEncodeGraphs(String)[3545]" classname="io.jbotsim.io.format.graph6.Graph6TopologySerializerTest" time="0.0"/>
  <testcase name="checkDecodeEncodeGraphs(String)[3546]" classname="io.jbotsim.io.format.graph6.Graph6TopologySerializerTest" time="0.001"/>
  <testcase name="checkDecodeEncodeGraphs(String)[3547]" classname="io.jbotsim.io.format.graph6.Graph6TopologySerializerTest" time="0.003"/>
  <testcase name="checkDecodeEncodeGraphs(String)[3548]" classname="io.jbotsim.io.format.graph6.Graph6TopologySerializerTest" time="0.0"/>
  <testcase name="checkDecodeEncodeGraphs(String)[3549]" classname="io.jbotsim.io.format.graph6.Graph6TopologySerializerTest" time="0.0"/>
  <testcase name="checkDecodeEncodeGraphs(String)[3550]" classname="io.jbotsim.io.format.graph6.Graph6TopologySerializerTest" time="0.0"/>
  <testcase name="checkDecodeEncodeGraphs(String)[3551]" classname="io.jbotsim.io.format.graph6.Graph6TopologySerializerTest" time="0.0"/>
  <testcase name="checkDecodeEncodeGraphs(String)[3552]" classname="io.jbotsim.io.format.graph6.Graph6TopologySerializerTest" time="0.002"/>
  <testcase name="checkDecodeEncodeGraphs(String)[3553]" classname="io.jbotsim.io.format.graph6.Graph6TopologySerializerTest" time="0.001"/>
  <testcase name="checkDecodeEncodeGraphs(String)[3554]" classname="io.jbotsim.io.format.graph6.Graph6TopologySerializerTest" time="0.0"/>
  <testcase name="checkDecodeEncodeGraphs(String)[3555]" classname="io.jbotsim.io.format.graph6.Graph6TopologySerializerTest" time="0.0"/>
  <testcase name="checkDecodeEncodeGraphs(String)[3556]" classname="io.jbotsim.io.format.graph6.Graph6TopologySerializerTest" time="0.003"/>
  <testcase name="checkDecodeEncodeGraphs(String)[3557]" classname="io.jbotsim.io.format.graph6.Graph6TopologySerializerTest" time="0.0"/>
  <testcase name="checkDecodeEncodeGraphs(String)[3558]" classname="io.jbotsim.io.format.graph6.Graph6TopologySerializerTest" time="0.0"/>
  <testcase name="checkDecodeEncodeGraphs(String)[3559]" classname="io.jbotsim.io.format.graph6.Graph6TopologySerializerTest" time="0.0"/>
  <testcase name="checkDecodeEncodeGraphs(String)[3560]" classname="io.jbotsim.io.format.graph6.Graph6TopologySerializerTest" time="0.001"/>
  <testcase name="checkDecodeEncodeGraphs(String)[3561]" classname="io.jbotsim.io.format.graph6.Graph6TopologySerializerTest" time="0.0"/>
  <testcase name="checkDecodeEncodeGraphs(String)[3562]" classname="io.jbotsim.io.format.graph6.Graph6TopologySerializerTest" time="0.003"/>
  <testcase name="checkDecodeEncodeGraphs(String)[3563]" classname="io.jbotsim.io.format.graph6.Graph6TopologySerializerTest" time="0.0"/>
  <testcase name="checkDecodeEncodeGraphs(String)[3564]" classname="io.jbotsim.io.format.graph6.Graph6TopologySerializerTest" time="0.0"/>
  <testcase name="checkDecodeEncodeGraphs(String)[3565]" classname="io.jbotsim.io.format.graph6.Graph6TopologySerializerTest" time="0.001"/>
  <testcase name="checkDecodeEncodeGraphs(String)[3566]" classname="io.jbotsim.io.format.graph6.Graph6TopologySerializerTest" time="0.001"/>
  <testcase name="checkDecodeEncodeGraphs(String)[3567]" classname="io.jbotsim.io.format.graph6.Graph6TopologySerializerTest" time="0.0"/>
  <testcase name="checkDecodeEncodeGraphs(String)[3568]" classname="io.jbotsim.io.format.graph6.Graph6TopologySerializerTest" time="0.0"/>
  <testcase name="checkDecodeEncodeGraphs(String)[3569]" classname="io.jbotsim.io.format.graph6.Graph6TopologySerializerTest" time="0.002"/>
  <testcase name="checkDecodeEncodeGraphs(String)[3570]" classname="io.jbotsim.io.format.graph6.Graph6TopologySerializerTest" time="0.004"/>
  <testcase name="checkDecodeEncodeGraphs(String)[3571]" classname="io.jbotsim.io.format.graph6.Graph6TopologySerializerTest" time="0.003"/>
  <testcase name="checkDecodeEncodeGraphs(String)[3572]" classname="io.jbotsim.io.format.graph6.Graph6TopologySerializerTest" time="0.002"/>
  <testcase name="checkDecodeEncodeGraphs(String)[3573]" classname="io.jbotsim.io.format.graph6.Graph6TopologySerializerTest" time="0.002"/>
  <testcase name="checkDecodeEncodeGraphs(String)[3574]" classname="io.jbotsim.io.format.graph6.Graph6TopologySerializerTest" time="0.0"/>
  <testcase name="checkDecodeEncodeGraphs(String)[3575]" classname="io.jbotsim.io.format.graph6.Graph6TopologySerializerTest" time="0.001"/>
  <testcase name="checkDecodeEncodeGraphs(String)[3576]" classname="io.jbotsim.io.format.graph6.Graph6TopologySerializerTest" time="0.0"/>
  <testcase name="checkDecodeEncodeGraphs(String)[3577]" classname="io.jbotsim.io.format.graph6.Graph6TopologySerializerTest" time="0.001"/>
  <testcase name="checkDecodeEncodeGraphs(String)[3578]" classname="io.jbotsim.io.format.graph6.Graph6TopologySerializerTest" time="0.0"/>
  <testcase name="checkDecodeEncodeGraphs(String)[3579]" classname="io.jbotsim.io.format.graph6.Graph6TopologySerializerTest" time="0.001"/>
  <testcase name="checkDecodeEncodeGraphs(String)[3580]" classname="io.jbotsim.io.format.graph6.Graph6TopologySerializerTest" time="0.0"/>
  <testcase name="checkDecodeEncodeGraphs(String)[3581]" classname="io.jbotsim.io.format.graph6.Graph6TopologySerializerTest" time="0.001"/>
  <testcase name="checkDecodeEncodeGraphs(String)[3582]" classname="io.jbotsim.io.format.graph6.Graph6TopologySerializerTest" time="0.001"/>
  <testcase name="checkDecodeEncodeGraphs(String)[3583]" classname="io.jbotsim.io.format.graph6.Graph6TopologySerializerTest" time="0.0"/>
  <testcase name="checkDecodeEncodeGraphs(String)[3584]" classname="io.jbotsim.io.format.graph6.Graph6TopologySerializerTest" time="0.0"/>
  <testcase name="checkDecodeEncodeGraphs(String)[3585]" classname="io.jbotsim.io.format.graph6.Graph6TopologySerializerTest" time="0.0"/>
  <testcase name="checkDecodeEncodeGraphs(String)[3586]" classname="io.jbotsim.io.format.graph6.Graph6TopologySerializerTest" time="0.0"/>
  <testcase name="checkDecodeEncodeGraphs(String)[3587]" classname="io.jbotsim.io.format.graph6.Graph6TopologySerializerTest" time="0.004"/>
  <testcase name="checkDecodeEncodeGraphs(String)[3588]" classname="io.jbotsim.io.format.graph6.Graph6TopologySerializerTest" time="0.0"/>
  <testcase name="checkDecodeEncodeGraphs(String)[3589]" classname="io.jbotsim.io.format.graph6.Graph6TopologySerializerTest" time="0.0"/>
  <testcase name="checkDecodeEncodeGraphs(String)[3590]" classname="io.jbotsim.io.format.graph6.Graph6TopologySerializerTest" time="0.001"/>
  <testcase name="checkDecodeEncodeGraphs(String)[3591]" classname="io.jbotsim.io.format.graph6.Graph6TopologySerializerTest" time="0.0"/>
  <testcase name="checkDecodeEncodeGraphs(String)[3592]" classname="io.jbotsim.io.format.graph6.Graph6TopologySerializerTest" time="0.001"/>
  <testcase name="checkDecodeEncodeGraphs(String)[3593]" classname="io.jbotsim.io.format.graph6.Graph6TopologySerializerTest" time="0.0"/>
  <testcase name="checkDecodeEncodeGraphs(String)[3594]" classname="io.jbotsim.io.format.graph6.Graph6TopologySerializerTest" time="0.0"/>
  <testcase name="checkDecodeEncodeGraphs(String)[3595]" classname="io.jbotsim.io.format.graph6.Graph6TopologySerializerTest" time="0.0"/>
  <testcase name="checkDecodeEncodeGraphs(String)[3596]" classname="io.jbotsim.io.format.graph6.Graph6TopologySerializerTest" time="0.0"/>
  <testcase name="checkDecodeEncodeGraphs(String)[3597]" classname="io.jbotsim.io.format.graph6.Graph6TopologySerializerTest" time="0.0"/>
  <testcase name="checkDecodeEncodeGraphs(String)[3598]" classname="io.jbotsim.io.format.graph6.Graph6TopologySerializerTest" time="0.0"/>
  <testcase name="checkDecodeEncodeGraphs(String)[3599]" classname="io.jbotsim.io.format.graph6.Graph6TopologySerializerTest" time="0.001"/>
  <testcase name="checkDecodeEncodeGraphs(String)[3600]" classname="io.jbotsim.io.format.graph6.Graph6TopologySerializerTest" time="0.001"/>
  <testcase name="checkDecodeEncodeGraphs(String)[3601]" classname="io.jbotsim.io.format.graph6.Graph6TopologySerializerTest" time="0.001"/>
  <testcase name="checkDecodeEncodeGraphs(String)[3602]" classname="io.jbotsim.io.format.graph6.Graph6TopologySerializerTest" time="0.001"/>
  <testcase name="checkDecodeEncodeGraphs(String)[3603]" classname="io.jbotsim.io.format.graph6.Graph6TopologySerializerTest" time="0.0"/>
  <testcase name="checkDecodeEncodeGraphs(String)[3604]" classname="io.jbotsim.io.format.graph6.Graph6TopologySerializerTest" time="0.0"/>
  <testcase name="checkDecodeEncodeGraphs(String)[3605]" classname="io.jbotsim.io.format.graph6.Graph6TopologySerializerTest" time="0.001"/>
  <testcase name="checkDecodeEncodeGraphs(String)[3606]" classname="io.jbotsim.io.format.graph6.Graph6TopologySerializerTest" time="0.0"/>
  <testcase name="checkDecodeEncodeGraphs(String)[3607]" classname="io.jbotsim.io.format.graph6.Graph6TopologySerializerTest" time="0.0"/>
  <testcase name="checkDecodeEncodeGraphs(String)[3608]" classname="io.jbotsim.io.format.graph6.Graph6TopologySerializerTest" time="0.0"/>
  <testcase name="checkDecodeEncodeGraphs(String)[3609]" classname="io.jbotsim.io.format.graph6.Graph6TopologySerializerTest" time="0.0"/>
  <testcase name="checkDecodeEncodeGraphs(String)[3610]" classname="io.jbotsim.io.format.graph6.Graph6TopologySerializerTest" time="0.001"/>
  <testcase name="checkDecodeEncodeGraphs(String)[3611]" classname="io.jbotsim.io.format.graph6.Graph6TopologySerializerTest" time="0.0"/>
  <testcase name="checkDecodeEncodeGraphs(String)[3612]" classname="io.jbotsim.io.format.graph6.Graph6TopologySerializerTest" time="0.0"/>
  <testcase name="checkDecodeEncodeGraphs(String)[3613]" classname="io.jbotsim.io.format.graph6.Graph6TopologySerializerTest" time="0.0"/>
  <testcase name="checkDecodeEncodeGraphs(String)[3614]" classname="io.jbotsim.io.format.graph6.Graph6TopologySerializerTest" time="0.0"/>
  <testcase name="checkDecodeEncodeGraphs(String)[3615]" classname="io.jbotsim.io.format.graph6.Graph6TopologySerializerTest" time="0.003"/>
  <testcase name="checkDecodeEncodeGraphs(String)[3616]" classname="io.jbotsim.io.format.graph6.Graph6TopologySerializerTest" time="0.0"/>
  <testcase name="checkDecodeEncodeGraphs(String)[3617]" classname="io.jbotsim.io.format.graph6.Graph6TopologySerializerTest" time="0.0"/>
  <testcase name="checkDecodeEncodeGraphs(String)[3618]" classname="io.jbotsim.io.format.graph6.Graph6TopologySerializerTest" time="0.0"/>
  <testcase name="checkDecodeEncodeGraphs(String)[3619]" classname="io.jbotsim.io.format.graph6.Graph6TopologySerializerTest" time="0.0"/>
  <testcase name="checkDecodeEncodeGraphs(String)[3620]" classname="io.jbotsim.io.format.graph6.Graph6TopologySerializerTest" time="0.0"/>
  <testcase name="checkDecodeEncodeGraphs(String)[3621]" classname="io.jbotsim.io.format.graph6.Graph6TopologySerializerTest" time="0.001"/>
  <testcase name="checkDecodeEncodeGraphs(String)[3622]" classname="io.jbotsim.io.format.graph6.Graph6TopologySerializerTest" time="0.004"/>
  <testcase name="checkDecodeEncodeGraphs(String)[3623]" classname="io.jbotsim.io.format.graph6.Graph6TopologySerializerTest" time="0.0"/>
  <testcase name="checkDecodeEncodeGraphs(String)[3624]" classname="io.jbotsim.io.format.graph6.Graph6TopologySerializerTest" time="0.0"/>
  <testcase name="checkDecodeEncodeGraphs(String)[3625]" classname="io.jbotsim.io.format.graph6.Graph6TopologySerializerTest" time="0.0"/>
  <testcase name="checkDecodeEncodeGraphs(String)[3626]" classname="io.jbotsim.io.format.graph6.Graph6TopologySerializerTest" time="0.0"/>
  <testcase name="checkDecodeEncodeGraphs(String)[3627]" classname="io.jbotsim.io.format.graph6.Graph6TopologySerializerTest" time="0.003"/>
  <testcase name="checkDecodeEncodeGraphs(String)[3628]" classname="io.jbotsim.io.format.graph6.Graph6TopologySerializerTest" time="0.0"/>
  <testcase name="checkDecodeEncodeGraphs(String)[3629]" classname="io.jbotsim.io.format.graph6.Graph6TopologySerializerTest" time="0.0"/>
  <testcase name="checkDecodeEncodeGraphs(String)[3630]" classname="io.jbotsim.io.format.graph6.Graph6TopologySerializerTest" time="0.001"/>
  <testcase name="checkDecodeEncodeGraphs(String)[3631]" classname="io.jbotsim.io.format.graph6.Graph6TopologySerializerTest" time="0.0"/>
  <testcase name="checkDecodeEncodeGraphs(String)[3632]" classname="io.jbotsim.io.format.graph6.Graph6TopologySerializerTest" time="0.0"/>
  <testcase name="checkDecodeEncodeGraphs(String)[3633]" classname="io.jbotsim.io.format.graph6.Graph6TopologySerializerTest" time="0.0"/>
  <testcase name="checkDecodeEncodeGraphs(String)[3634]" classname="io.jbotsim.io.format.graph6.Graph6TopologySerializerTest" time="0.002"/>
  <testcase name="checkDecodeEncodeGraphs(String)[3635]" classname="io.jbotsim.io.format.graph6.Graph6TopologySerializerTest" time="0.0"/>
  <testcase name="checkDecodeEncodeGraphs(String)[3636]" classname="io.jbotsim.io.format.graph6.Graph6TopologySerializerTest" time="0.001"/>
  <testcase name="checkDecodeEncodeGraphs(String)[3637]" classname="io.jbotsim.io.format.graph6.Graph6TopologySerializerTest" time="0.001"/>
  <testcase name="checkDecodeEncodeGraphs(String)[3638]" classname="io.jbotsim.io.format.graph6.Graph6TopologySerializerTest" time="0.003"/>
  <testcase name="checkDecodeEncodeGraphs(String)[3639]" classname="io.jbotsim.io.format.graph6.Graph6TopologySerializerTest" time="0.0"/>
  <testcase name="checkDecodeEncodeGraphs(String)[3640]" classname="io.jbotsim.io.format.graph6.Graph6TopologySerializerTest" time="0.0"/>
  <testcase name="checkDecodeEncodeGraphs(String)[3641]" classname="io.jbotsim.io.format.graph6.Graph6TopologySerializerTest" time="0.0"/>
  <testcase name="checkDecodeEncodeGraphs(String)[3642]" classname="io.jbotsim.io.format.graph6.Graph6TopologySerializerTest" time="0.0"/>
  <testcase name="checkDecodeEncodeGraphs(String)[3643]" classname="io.jbotsim.io.format.graph6.Graph6TopologySerializerTest" time="0.001"/>
  <testcase name="checkDecodeEncodeGraphs(String)[3644]" classname="io.jbotsim.io.format.graph6.Graph6TopologySerializerTest" time="0.0"/>
  <testcase name="checkDecodeEncodeGraphs(String)[3645]" classname="io.jbotsim.io.format.graph6.Graph6TopologySerializerTest" time="0.0"/>
  <testcase name="checkDecodeEncodeGraphs(String)[3646]" classname="io.jbotsim.io.format.graph6.Graph6TopologySerializerTest" time="0.0"/>
  <testcase name="checkDecodeEncodeGraphs(String)[3647]" classname="io.jbotsim.io.format.graph6.Graph6TopologySerializerTest" time="0.004"/>
  <testcase name="checkDecodeEncodeGraphs(String)[3648]" classname="io.jbotsim.io.format.graph6.Graph6TopologySerializerTest" time="0.0"/>
  <testcase name="checkDecodeEncodeGraphs(String)[3649]" classname="io.jbotsim.io.format.graph6.Graph6TopologySerializerTest" time="0.001"/>
  <testcase name="checkDecodeEncodeGraphs(String)[3650]" classname="io.jbotsim.io.format.graph6.Graph6TopologySerializerTest" time="0.0"/>
  <testcase name="checkDecodeEncodeGraphs(String)[3651]" classname="io.jbotsim.io.format.graph6.Graph6TopologySerializerTest" time="0.0"/>
  <testcase name="checkDecodeEncodeGraphs(String)[3652]" classname="io.jbotsim.io.format.graph6.Graph6TopologySerializerTest" time="0.0"/>
  <testcase name="checkDecodeEncodeGraphs(String)[3653]" classname="io.jbotsim.io.format.graph6.Graph6TopologySerializerTest" time="0.0"/>
  <testcase name="checkDecodeEncodeGraphs(String)[3654]" classname="io.jbotsim.io.format.graph6.Graph6TopologySerializerTest" time="0.0"/>
  <testcase name="checkDecodeEncodeGraphs(String)[3655]" classname="io.jbotsim.io.format.graph6.Graph6TopologySerializerTest" time="0.0"/>
  <testcase name="checkDecodeEncodeGraphs(String)[3656]" classname="io.jbotsim.io.format.graph6.Graph6TopologySerializerTest" time="0.001"/>
  <testcase name="checkDecodeEncodeGraphs(String)[3657]" classname="io.jbotsim.io.format.graph6.Graph6TopologySerializerTest" time="0.0"/>
  <testcase name="checkDecodeEncodeGraphs(String)[3658]" classname="io.jbotsim.io.format.graph6.Graph6TopologySerializerTest" time="0.0"/>
  <testcase name="checkDecodeEncodeGraphs(String)[3659]" classname="io.jbotsim.io.format.graph6.Graph6TopologySerializerTest" time="0.0"/>
  <testcase name="checkDecodeEncodeGraphs(String)[3660]" classname="io.jbotsim.io.format.graph6.Graph6TopologySerializerTest" time="0.004"/>
  <testcase name="checkDecodeEncodeGraphs(String)[3661]" classname="io.jbotsim.io.format.graph6.Graph6TopologySerializerTest" time="0.0"/>
  <testcase name="checkDecodeEncodeGraphs(String)[3662]" classname="io.jbotsim.io.format.graph6.Graph6TopologySerializerTest" time="0.0"/>
  <testcase name="checkDecodeEncodeGraphs(String)[3663]" classname="io.jbotsim.io.format.graph6.Graph6TopologySerializerTest" time="0.0"/>
  <testcase name="checkDecodeEncodeGraphs(String)[3664]" classname="io.jbotsim.io.format.graph6.Graph6TopologySerializerTest" time="0.0"/>
  <testcase name="checkDecodeEncodeGraphs(String)[3665]" classname="io.jbotsim.io.format.graph6.Graph6TopologySerializerTest" time="0.0"/>
  <testcase name="checkDecodeEncodeGraphs(String)[3666]" classname="io.jbotsim.io.format.graph6.Graph6TopologySerializerTest" time="0.0"/>
  <testcase name="checkDecodeEncodeGraphs(String)[3667]" classname="io.jbotsim.io.format.graph6.Graph6TopologySerializerTest" time="0.0"/>
  <testcase name="checkDecodeEncodeGraphs(String)[3668]" classname="io.jbotsim.io.format.graph6.Graph6TopologySerializerTest" time="0.001"/>
  <testcase name="checkDecodeEncodeGraphs(String)[3669]" classname="io.jbotsim.io.format.graph6.Graph6TopologySerializerTest" time="0.0"/>
  <testcase name="checkDecodeEncodeGraphs(String)[3670]" classname="io.jbotsim.io.format.graph6.Graph6TopologySerializerTest" time="0.001"/>
  <testcase name="checkDecodeEncodeGraphs(String)[3671]" classname="io.jbotsim.io.format.graph6.Graph6TopologySerializerTest" time="0.0"/>
  <testcase name="checkDecodeEncodeGraphs(String)[3672]" classname="io.jbotsim.io.format.graph6.Graph6TopologySerializerTest" time="0.0"/>
  <testcase name="checkDecodeEncodeGraphs(String)[3673]" classname="io.jbotsim.io.format.graph6.Graph6TopologySerializerTest" time="0.003"/>
  <testcase name="checkDecodeEncodeGraphs(String)[3674]" classname="io.jbotsim.io.format.graph6.Graph6TopologySerializerTest" time="0.0"/>
  <testcase name="checkDecodeEncodeGraphs(String)[3675]" classname="io.jbotsim.io.format.graph6.Graph6TopologySerializerTest" time="0.001"/>
  <testcase name="checkDecodeEncodeGraphs(String)[3676]" classname="io.jbotsim.io.format.graph6.Graph6TopologySerializerTest" time="0.0"/>
  <testcase name="checkDecodeEncodeGraphs(String)[3677]" classname="io.jbotsim.io.format.graph6.Graph6TopologySerializerTest" time="0.001"/>
  <testcase name="checkDecodeEncodeGraphs(String)[3678]" classname="io.jbotsim.io.format.graph6.Graph6TopologySerializerTest" time="0.001"/>
  <testcase name="checkDecodeEncodeGraphs(String)[3679]" classname="io.jbotsim.io.format.graph6.Graph6TopologySerializerTest" time="0.0"/>
  <testcase name="checkDecodeEncodeGraphs(String)[3680]" classname="io.jbotsim.io.format.graph6.Graph6TopologySerializerTest" time="0.0"/>
  <testcase name="checkDecodeEncodeGraphs(String)[3681]" classname="io.jbotsim.io.format.graph6.Graph6TopologySerializerTest" time="0.001"/>
  <testcase name="checkDecodeEncodeGraphs(String)[3682]" classname="io.jbotsim.io.format.graph6.Graph6TopologySerializerTest" time="0.0"/>
  <testcase name="checkDecodeEncodeGraphs(String)[3683]" classname="io.jbotsim.io.format.graph6.Graph6TopologySerializerTest" time="0.002"/>
  <testcase name="checkDecodeEncodeGraphs(String)[3684]" classname="io.jbotsim.io.format.graph6.Graph6TopologySerializerTest" time="0.001"/>
  <testcase name="checkDecodeEncodeGraphs(String)[3685]" classname="io.jbotsim.io.format.graph6.Graph6TopologySerializerTest" time="0.0"/>
  <testcase name="checkDecodeEncodeGraphs(String)[3686]" classname="io.jbotsim.io.format.graph6.Graph6TopologySerializerTest" time="0.0"/>
  <testcase name="checkDecodeEncodeGraphs(String)[3687]" classname="io.jbotsim.io.format.graph6.Graph6TopologySerializerTest" time="0.0"/>
  <testcase name="checkDecodeEncodeGraphs(String)[3688]" classname="io.jbotsim.io.format.graph6.Graph6TopologySerializerTest" time="0.0"/>
  <testcase name="checkDecodeEncodeGraphs(String)[3689]" classname="io.jbotsim.io.format.graph6.Graph6TopologySerializerTest" time="0.001"/>
  <testcase name="checkDecodeEncodeGraphs(String)[3690]" classname="io.jbotsim.io.format.graph6.Graph6TopologySerializerTest" time="0.003"/>
  <testcase name="checkDecodeEncodeGraphs(String)[3691]" classname="io.jbotsim.io.format.graph6.Graph6TopologySerializerTest" time="0.0"/>
  <testcase name="checkDecodeEncodeGraphs(String)[3692]" classname="io.jbotsim.io.format.graph6.Graph6TopologySerializerTest" time="0.0"/>
  <testcase name="checkDecodeEncodeGraphs(String)[3693]" classname="io.jbotsim.io.format.graph6.Graph6TopologySerializerTest" time="0.0"/>
  <testcase name="checkDecodeEncodeGraphs(String)[3694]" classname="io.jbotsim.io.format.graph6.Graph6TopologySerializerTest" time="0.0"/>
  <testcase name="checkDecodeEncodeGraphs(String)[3695]" classname="io.jbotsim.io.format.graph6.Graph6TopologySerializerTest" time="0.0"/>
  <testcase name="checkDecodeEncodeGraphs(String)[3696]" classname="io.jbotsim.io.format.graph6.Graph6TopologySerializerTest" time="0.0"/>
  <testcase name="checkDecodeEncodeGraphs(String)[3697]" classname="io.jbotsim.io.format.graph6.Graph6TopologySerializerTest" time="0.001"/>
  <testcase name="checkDecodeEncodeGraphs(String)[3698]" classname="io.jbotsim.io.format.graph6.Graph6TopologySerializerTest" time="0.0"/>
  <testcase name="checkDecodeEncodeGraphs(String)[3699]" classname="io.jbotsim.io.format.graph6.Graph6TopologySerializerTest" time="0.0"/>
  <testcase name="checkDecodeEncodeGraphs(String)[3700]" classname="io.jbotsim.io.format.graph6.Graph6TopologySerializerTest" time="0.004"/>
  <testcase name="checkDecodeEncodeGraphs(String)[3701]" classname="io.jbotsim.io.format.graph6.Graph6TopologySerializerTest" time="0.0"/>
  <testcase name="checkDecodeEncodeGraphs(String)[3702]" classname="io.jbotsim.io.format.graph6.Graph6TopologySerializerTest" time="0.001"/>
  <testcase name="checkDecodeEncodeGraphs(String)[3703]" classname="io.jbotsim.io.format.graph6.Graph6TopologySerializerTest" time="0.0"/>
  <testcase name="checkDecodeEncodeGraphs(String)[3704]" classname="io.jbotsim.io.format.graph6.Graph6TopologySerializerTest" time="0.001"/>
  <testcase name="checkDecodeEncodeGraphs(String)[3705]" classname="io.jbotsim.io.format.graph6.Graph6TopologySerializerTest" time="0.0"/>
  <testcase name="checkDecodeEncodeGraphs(String)[3706]" classname="io.jbotsim.io.format.graph6.Graph6TopologySerializerTest" time="0.0"/>
  <testcase name="checkDecodeEncodeGraphs(String)[3707]" classname="io.jbotsim.io.format.graph6.Graph6TopologySerializerTest" time="0.0"/>
  <testcase name="checkDecodeEncodeGraphs(String)[3708]" classname="io.jbotsim.io.format.graph6.Graph6TopologySerializerTest" time="0.0"/>
  <testcase name="checkDecodeEncodeGraphs(String)[3709]" classname="io.jbotsim.io.format.graph6.Graph6TopologySerializerTest" time="0.001"/>
  <testcase name="checkDecodeEncodeGraphs(String)[3710]" classname="io.jbotsim.io.format.graph6.Graph6TopologySerializerTest" time="0.0"/>
  <testcase name="checkDecodeEncodeGraphs(String)[3711]" classname="io.jbotsim.io.format.graph6.Graph6TopologySerializerTest" time="0.0"/>
  <testcase name="checkDecodeEncodeGraphs(String)[3712]" classname="io.jbotsim.io.format.graph6.Graph6TopologySerializerTest" time="0.003"/>
  <testcase name="checkDecodeEncodeGraphs(String)[3713]" classname="io.jbotsim.io.format.graph6.Graph6TopologySerializerTest" time="0.0"/>
  <testcase name="checkDecodeEncodeGraphs(String)[3714]" classname="io.jbotsim.io.format.graph6.Graph6TopologySerializerTest" time="0.0"/>
  <testcase name="checkDecodeEncodeGraphs(String)[3715]" classname="io.jbotsim.io.format.graph6.Graph6TopologySerializerTest" time="0.0"/>
  <testcase name="checkDecodeEncodeGraphs(String)[3716]" classname="io.jbotsim.io.format.graph6.Graph6TopologySerializerTest" time="0.0"/>
  <testcase name="checkDecodeEncodeGraphs(String)[3717]" classname="io.jbotsim.io.format.graph6.Graph6TopologySerializerTest" time="0.001"/>
  <testcase name="checkDecodeEncodeGraphs(String)[3718]" classname="io.jbotsim.io.format.graph6.Graph6TopologySerializerTest" time="0.0"/>
  <testcase name="checkDecodeEncodeGraphs(String)[3719]" classname="io.jbotsim.io.format.graph6.Graph6TopologySerializerTest" time="0.001"/>
  <testcase name="checkDecodeEncodeGraphs(String)[3720]" classname="io.jbotsim.io.format.graph6.Graph6TopologySerializerTest" time="0.0"/>
  <testcase name="checkDecodeEncodeGraphs(String)[3721]" classname="io.jbotsim.io.format.graph6.Graph6TopologySerializerTest" time="0.001"/>
  <testcase name="checkDecodeEncodeGraphs(String)[3722]" classname="io.jbotsim.io.format.graph6.Graph6TopologySerializerTest" time="0.0"/>
  <testcase name="checkDecodeEncodeGraphs(String)[3723]" classname="io.jbotsim.io.format.graph6.Graph6TopologySerializerTest" time="0.0"/>
  <testcase name="checkDecodeEncodeGraphs(String)[3724]" classname="io.jbotsim.io.format.graph6.Graph6TopologySerializerTest" time="0.0"/>
  <testcase name="checkDecodeEncodeGraphs(String)[3725]" classname="io.jbotsim.io.format.graph6.Graph6TopologySerializerTest" time="0.003"/>
  <testcase name="checkDecodeEncodeGraphs(String)[3726]" classname="io.jbotsim.io.format.graph6.Graph6TopologySerializerTest" time="0.0"/>
  <testcase name="checkDecodeEncodeGraphs(String)[3727]" classname="io.jbotsim.io.format.graph6.Graph6TopologySerializerTest" time="0.0"/>
  <testcase name="checkDecodeEncodeGraphs(String)[3728]" classname="io.jbotsim.io.format.graph6.Graph6TopologySerializerTest" time="0.0"/>
  <testcase name="checkDecodeEncodeGraphs(String)[3729]" classname="io.jbotsim.io.format.graph6.Graph6TopologySerializerTest" time="0.0"/>
  <testcase name="checkDecodeEncodeGraphs(String)[3730]" classname="io.jbotsim.io.format.graph6.Graph6TopologySerializerTest" time="0.001"/>
  <testcase name="checkDecodeEncodeGraphs(String)[3731]" classname="io.jbotsim.io.format.graph6.Graph6TopologySerializerTest" time="0.0"/>
  <testcase name="checkDecodeEncodeGraphs(String)[3732]" classname="io.jbotsim.io.format.graph6.Graph6TopologySerializerTest" time="0.001"/>
  <testcase name="checkDecodeEncodeGraphs(String)[3733]" classname="io.jbotsim.io.format.graph6.Graph6TopologySerializerTest" time="0.0"/>
  <testcase name="checkDecodeEncodeGraphs(String)[3734]" classname="io.jbotsim.io.format.graph6.Graph6TopologySerializerTest" time="0.0"/>
  <testcase name="checkDecodeEncodeGraphs(String)[3735]" classname="io.jbotsim.io.format.graph6.Graph6TopologySerializerTest" time="0.0"/>
  <testcase name="checkDecodeEncodeGraphs(String)[3736]" classname="io.jbotsim.io.format.graph6.Graph6TopologySerializerTest" time="0.001"/>
  <testcase name="checkDecodeEncodeGraphs(String)[3737]" classname="io.jbotsim.io.format.graph6.Graph6TopologySerializerTest" time="0.0"/>
  <testcase name="checkDecodeEncodeGraphs(String)[3738]" classname="io.jbotsim.io.format.graph6.Graph6TopologySerializerTest" time="0.0"/>
  <testcase name="checkDecodeEncodeGraphs(String)[3739]" classname="io.jbotsim.io.format.graph6.Graph6TopologySerializerTest" time="0.003"/>
  <testcase name="checkDecodeEncodeGraphs(String)[3740]" classname="io.jbotsim.io.format.graph6.Graph6TopologySerializerTest" time="0.0"/>
  <testcase name="checkDecodeEncodeGraphs(String)[3741]" classname="io.jbotsim.io.format.graph6.Graph6TopologySerializerTest" time="0.0"/>
  <testcase name="checkDecodeEncodeGraphs(String)[3742]" classname="io.jbotsim.io.format.graph6.Graph6TopologySerializerTest" time="0.001"/>
  <testcase name="checkDecodeEncodeGraphs(String)[3743]" classname="io.jbotsim.io.format.graph6.Graph6TopologySerializerTest" time="0.0"/>
  <testcase name="checkDecodeEncodeGraphs(String)[3744]" classname="io.jbotsim.io.format.graph6.Graph6TopologySerializerTest" time="0.001"/>
  <testcase name="checkDecodeEncodeGraphs(String)[3745]" classname="io.jbotsim.io.format.graph6.Graph6TopologySerializerTest" time="0.0"/>
  <testcase name="checkDecodeEncodeGraphs(String)[3746]" classname="io.jbotsim.io.format.graph6.Graph6TopologySerializerTest" time="0.004"/>
  <testcase name="checkDecodeEncodeGraphs(String)[3747]" classname="io.jbotsim.io.format.graph6.Graph6TopologySerializerTest" time="0.001"/>
  <testcase name="checkDecodeEncodeGraphs(String)[3748]" classname="io.jbotsim.io.format.graph6.Graph6TopologySerializerTest" time="0.001"/>
  <testcase name="checkDecodeEncodeGraphs(String)[3749]" classname="io.jbotsim.io.format.graph6.Graph6TopologySerializerTest" time="0.001"/>
  <testcase name="checkDecodeEncodeGraphs(String)[3750]" classname="io.jbotsim.io.format.graph6.Graph6TopologySerializerTest" time="0.001"/>
  <testcase name="checkDecodeEncodeGraphs(String)[3751]" classname="io.jbotsim.io.format.graph6.Graph6TopologySerializerTest" time="0.001"/>
  <testcase name="checkDecodeEncodeGraphs(String)[3752]" classname="io.jbotsim.io.format.graph6.Graph6TopologySerializerTest" time="0.002"/>
  <testcase name="checkDecodeEncodeGraphs(String)[3753]" classname="io.jbotsim.io.format.graph6.Graph6TopologySerializerTest" time="0.001"/>
  <testcase name="checkDecodeEncodeGraphs(String)[3754]" classname="io.jbotsim.io.format.graph6.Graph6TopologySerializerTest" time="0.005"/>
  <testcase name="checkDecodeEncodeGraphs(String)[3755]" classname="io.jbotsim.io.format.graph6.Graph6TopologySerializerTest" time="0.001"/>
  <testcase name="checkDecodeEncodeGraphs(String)[3756]" classname="io.jbotsim.io.format.graph6.Graph6TopologySerializerTest" time="0.001"/>
  <testcase name="checkDecodeEncodeGraphs(String)[3757]" classname="io.jbotsim.io.format.graph6.Graph6TopologySerializerTest" time="0.0"/>
  <testcase name="checkDecodeEncodeGraphs(String)[3758]" classname="io.jbotsim.io.format.graph6.Graph6TopologySerializerTest" time="0.003"/>
  <testcase name="checkDecodeEncodeGraphs(String)[3759]" classname="io.jbotsim.io.format.graph6.Graph6TopologySerializerTest" time="0.0"/>
  <testcase name="checkDecodeEncodeGraphs(String)[3760]" classname="io.jbotsim.io.format.graph6.Graph6TopologySerializerTest" time="0.001"/>
  <testcase name="checkDecodeEncodeGraphs(String)[3761]" classname="io.jbotsim.io.format.graph6.Graph6TopologySerializerTest" time="0.001"/>
  <testcase name="checkDecodeEncodeGraphs(String)[3762]" classname="io.jbotsim.io.format.graph6.Graph6TopologySerializerTest" time="0.0"/>
  <testcase name="checkDecodeEncodeGraphs(String)[3763]" classname="io.jbotsim.io.format.graph6.Graph6TopologySerializerTest" time="0.001"/>
  <testcase name="checkDecodeEncodeGraphs(String)[3764]" classname="io.jbotsim.io.format.graph6.Graph6TopologySerializerTest" time="0.001"/>
  <testcase name="checkDecodeEncodeGraphs(String)[3765]" classname="io.jbotsim.io.format.graph6.Graph6TopologySerializerTest" time="0.001"/>
  <testcase name="checkDecodeEncodeGraphs(String)[3766]" classname="io.jbotsim.io.format.graph6.Graph6TopologySerializerTest" time="0.001"/>
  <testcase name="checkDecodeEncodeGraphs(String)[3767]" classname="io.jbotsim.io.format.graph6.Graph6TopologySerializerTest" time="0.001"/>
  <testcase name="checkDecodeEncodeGraphs(String)[3768]" classname="io.jbotsim.io.format.graph6.Graph6TopologySerializerTest" time="0.001"/>
  <testcase name="checkDecodeEncodeGraphs(String)[3769]" classname="io.jbotsim.io.format.graph6.Graph6TopologySerializerTest" time="0.001"/>
  <testcase name="checkDecodeEncodeGraphs(String)[3770]" classname="io.jbotsim.io.format.graph6.Graph6TopologySerializerTest" time="0.001"/>
  <testcase name="checkDecodeEncodeGraphs(String)[3771]" classname="io.jbotsim.io.format.graph6.Graph6TopologySerializerTest" time="0.001"/>
  <testcase name="checkDecodeEncodeGraphs(String)[3772]" classname="io.jbotsim.io.format.graph6.Graph6TopologySerializerTest" time="0.001"/>
  <testcase name="checkDecodeEncodeGraphs(String)[3773]" classname="io.jbotsim.io.format.graph6.Graph6TopologySerializerTest" time="0.001"/>
  <testcase name="checkDecodeEncodeGraphs(String)[3774]" classname="io.jbotsim.io.format.graph6.Graph6TopologySerializerTest" time="0.001"/>
  <testcase name="checkDecodeEncodeGraphs(String)[3775]" classname="io.jbotsim.io.format.graph6.Graph6TopologySerializerTest" time="0.001"/>
  <testcase name="checkDecodeEncodeGraphs(String)[3776]" classname="io.jbotsim.io.format.graph6.Graph6TopologySerializerTest" time="0.001"/>
  <testcase name="checkDecodeEncodeGraphs(String)[3777]" classname="io.jbotsim.io.format.graph6.Graph6TopologySerializerTest" time="0.001"/>
  <testcase name="checkDecodeEncodeGraphs(String)[3778]" classname="io.jbotsim.io.format.graph6.Graph6TopologySerializerTest" time="0.002"/>
  <testcase name="checkDecodeEncodeGraphs(String)[3779]" classname="io.jbotsim.io.format.graph6.Graph6TopologySerializerTest" time="0.001"/>
  <testcase name="checkDecodeEncodeGraphs(String)[3780]" classname="io.jbotsim.io.format.graph6.Graph6TopologySerializerTest" time="0.001"/>
  <testcase name="checkDecodeEncodeGraphs(String)[3781]" classname="io.jbotsim.io.format.graph6.Graph6TopologySerializerTest" time="0.001"/>
  <testcase name="checkDecodeEncodeGraphs(String)[3782]" classname="io.jbotsim.io.format.graph6.Graph6TopologySerializerTest" time="0.001"/>
  <testcase name="checkDecodeEncodeGraphs(String)[3783]" classname="io.jbotsim.io.format.graph6.Graph6TopologySerializerTest" time="0.001"/>
  <testcase name="checkDecodeEncodeGraphs(String)[3784]" classname="io.jbotsim.io.format.graph6.Graph6TopologySerializerTest" time="0.001"/>
  <testcase name="checkDecodeEncodeGraphs(String)[3785]" classname="io.jbotsim.io.format.graph6.Graph6TopologySerializerTest" time="0.001"/>
  <testcase name="checkDecodeEncodeGraphs(String)[3786]" classname="io.jbotsim.io.format.graph6.Graph6TopologySerializerTest" time="0.001"/>
  <testcase name="checkDecodeEncodeGraphs(String)[3787]" classname="io.jbotsim.io.format.graph6.Graph6TopologySerializerTest" time="0.001"/>
  <testcase name="checkDecodeEncodeGraphs(String)[3788]" classname="io.jbotsim.io.format.graph6.Graph6TopologySerializerTest" time="0.001"/>
  <testcase name="checkDecodeEncodeGraphs(String)[3789]" classname="io.jbotsim.io.format.graph6.Graph6TopologySerializerTest" time="0.0"/>
  <testcase name="checkDecodeEncodeGraphs(String)[3790]" classname="io.jbotsim.io.format.graph6.Graph6TopologySerializerTest" time="0.0"/>
  <system-out><![CDATA[]]></system-out>
  <system-err><![CDATA[]]></system-err>
</testsuite>
<?xml version="1.0" encoding="UTF-8"?>
<testsuite name="io.jbotsim.io.format.tikz.TikzTopologySerializerTest" tests="17" skipped="0" failures="0" errors="0" timestamp="2020-06-16T15:10:25" hostname="runner-72989761-project-19412425-concurrent-0" time="13.628">
  <properties/>
  <testcase name="exportToString(String)[1]" classname="io.jbotsim.io.format.tikz.TikzTopologySerializerTest" time="0.261"/>
  <testcase name="exportToString(String)[2]" classname="io.jbotsim.io.format.tikz.TikzTopologySerializerTest" time="0.124"/>
  <testcase name="exportToString(String)[3]" classname="io.jbotsim.io.format.tikz.TikzTopologySerializerTest" time="0.014"/>
  <testcase name="exportToString(String)[4]" classname="io.jbotsim.io.format.tikz.TikzTopologySerializerTest" time="0.024"/>
  <testcase name="exportToString(String)[5]" classname="io.jbotsim.io.format.tikz.TikzTopologySerializerTest" time="0.015"/>
  <testcase name="exportToString(String)[6]" classname="io.jbotsim.io.format.tikz.TikzTopologySerializerTest" time="0.011"/>
  <testcase name="exportToString(String)[7]" classname="io.jbotsim.io.format.tikz.TikzTopologySerializerTest" time="0.031"/>
  <testcase name="exportToString(String)[8]" classname="io.jbotsim.io.format.tikz.TikzTopologySerializerTest" time="0.008"/>
  <testcase name="exportToString(String)[9]" classname="io.jbotsim.io.format.tikz.TikzTopologySerializerTest" time="0.09"/>
  <testcase name="exportToString(String)[10]" classname="io.jbotsim.io.format.tikz.TikzTopologySerializerTest" time="0.016"/>
  <testcase name="exportToString(String)[11]" classname="io.jbotsim.io.format.tikz.TikzTopologySerializerTest" time="0.018"/>
  <testcase name="exportToString(String)[12]" classname="io.jbotsim.io.format.tikz.TikzTopologySerializerTest" time="0.02"/>
  <testcase name="exportToString(String)[13]" classname="io.jbotsim.io.format.tikz.TikzTopologySerializerTest" time="0.023"/>
  <testcase name="exportToString(String)[14]" classname="io.jbotsim.io.format.tikz.TikzTopologySerializerTest" time="0.005"/>
  <testcase name="exportToString(String)[15]" classname="io.jbotsim.io.format.tikz.TikzTopologySerializerTest" time="0.016"/>
  <testcase name="exportToString(String)[16]" classname="io.jbotsim.io.format.tikz.TikzTopologySerializerTest" time="0.024"/>
  <testcase name="orientedCaseTest" classname="io.jbotsim.io.format.tikz.TikzTopologySerializerTest" time="0.001"/>
  <system-out><![CDATA[]]></system-out>
  <system-err><![CDATA[]]></system-err>
</testsuite>
<?xml version="1.0" encoding="UTF-8"?>
<testsuite name="io.jbotsim.io.format.xml.BuilderParserTest" tests="3" skipped="0" failures="0" errors="0" timestamp="2020-06-16T15:10:54" hostname="runner-72989761-project-19412425-concurrent-0" time="0.143">
  <properties/>
  <testcase name="builderParserTest[0: io.jbotsim.io.format.xml.BuilderParserTest$$Lambda$175/638216429@15dc114b]" classname="io.jbotsim.io.format.xml.BuilderParserTest" time="0.048"/>
  <testcase name="builderParserTest[1: io.jbotsim.io.format.xml.BuilderParserTest$$Lambda$176/735736922@60645e1d]" classname="io.jbotsim.io.format.xml.BuilderParserTest" time="0.026"/>
  <testcase name="builderParserTest[2: io.jbotsim.io.format.xml.BuilderParserTest$$Lambda$177/1751675768@18e49eef]" classname="io.jbotsim.io.format.xml.BuilderParserTest" time="0.067"/>
  <system-out><![CDATA[]]></system-out>
  <system-err><![CDATA[]]></system-err>
</testsuite>
<?xml version="1.0" encoding="UTF-8"?>
<testsuite name="io.jbotsim.io.format.xml.XMLParserTest" tests="22" skipped="0" failures="0" errors="0" timestamp="2020-06-16T15:10:53" hostname="runner-72989761-project-19412425-concurrent-0" time="0.739">
  <properties/>
  <testcase name="badSrcNodeTest" classname="io.jbotsim.io.format.xml.XMLParserTest" time="0.2"/>
  <testcase name="badDstNodeTest" classname="io.jbotsim.io.format.xml.XMLParserTest" time="0.043"/>
  <testcase name="invalidMessageEngineClassTest" classname="io.jbotsim.io.format.xml.XMLParserTest" time="0.037"/>
  <testcase name="missingXMLVersionNumber" classname="io.jbotsim.io.format.xml.XMLParserTest" time="0.037"/>
  <testcase name="noDefaultConstructorTest" classname="io.jbotsim.io.format.xml.XMLParserTest" time="0.032"/>
  <testcase name="invalidNodeClassTest" classname="io.jbotsim.io.format.xml.XMLParserTest" time="0.023"/>
  <testcase name="invalidSchedulerClassTest" classname="io.jbotsim.io.format.xml.XMLParserTest" time="0.028"/>
  <testcase name="nodeRedeclaredTest" classname="io.jbotsim.io.format.xml.XMLParserTest" time="0.022"/>
  <testcase name="invalidClockClassTest" classname="io.jbotsim.io.format.xml.XMLParserTest" time="0.022"/>
  <testcase name="missingDstTest" classname="io.jbotsim.io.format.xml.XMLParserTest" time="0.016"/>
  <testcase name="missingSrcTest" classname="io.jbotsim.io.format.xml.XMLParserTest" time="0.027"/>
  <testcase name="missingClassesTest" classname="io.jbotsim.io.format.xml.XMLParserTest" time="0.017"/>
  <testcase name="missingGraphTest" classname="io.jbotsim.io.format.xml.XMLParserTest" time="0.018"/>
  <testcase name="emptyFileTest" classname="io.jbotsim.io.format.xml.XMLParserTest" time="0.017"/>
  <testcase name="emptyGraphTest" classname="io.jbotsim.io.format.xml.XMLParserTest" time="0.013"/>
  <testcase name="invalidLinkResolverClassTest" classname="io.jbotsim.io.format.xml.XMLParserTest" time="0.018"/>
  <testcase name="namedNodeModelTest" classname="io.jbotsim.io.format.xml.XMLParserTest" time="0.022"/>
  <testcase name="unknownModelClass" classname="io.jbotsim.io.format.xml.XMLParserTest" time="0.012"/>
  <testcase name="twonodes" classname="io.jbotsim.io.format.xml.XMLParserTest" time="0.019"/>
  <testcase name="incompleteModelClass1Test" classname="io.jbotsim.io.format.xml.XMLParserTest" time="0.016"/>
  <testcase name="incompleteModelClass2Test" classname="io.jbotsim.io.format.xml.XMLParserTest" time="0.015"/>
  <testcase name="incompleteModelClass3Test" classname="io.jbotsim.io.format.xml.XMLParserTest" time="0.02"/>
  <system-out><![CDATA[]]></system-out>
  <system-err><![CDATA[[Fatal Error] :22:1: Premature end of file.
]]></system-err>
</testsuite>
