<?xml version="1.0" encoding="UTF-8"?>
<testsuite name="de.schroepf.demoapp.ExampleUnitTest" tests="1" skipped="0" failures="0" errors="0" timestamp="2020-06-17T13:08:49" hostname="runner-0277ea0f-project-19432693-concurrent-0" time="0.001">
  <properties/>
  <testcase name="addition_isCorrect" classname="de.schroepf.demoapp.ExampleUnitTest" time="0.001"/>
  <system-out><![CDATA[]]></system-out>
  <system-err><![CDATA[]]></system-err>
</testsuite>
